[2023-10-01T13:21:54.826+0000] {processor.py:157} INFO - Started process (PID=9244) to work on /opt/airflow/dags/subdags/subdag_downloads.py
[2023-10-01T13:21:54.827+0000] {processor.py:826} INFO - Processing file /opt/airflow/dags/subdags/subdag_downloads.py for tasks to queue
[2023-10-01T13:21:54.828+0000] {logging_mixin.py:150} INFO - [2023-10-01T13:21:54.828+0000] {dagbag.py:541} INFO - Filling up the DagBag from /opt/airflow/dags/subdags/subdag_downloads.py
[2023-10-01T13:21:54.832+0000] {processor.py:838} WARNING - No viable dags retrieved from /opt/airflow/dags/subdags/subdag_downloads.py
[2023-10-01T13:21:54.956+0000] {processor.py:179} INFO - Processing /opt/airflow/dags/subdags/subdag_downloads.py took 0.154 seconds
[2023-10-01T13:22:25.462+0000] {processor.py:157} INFO - Started process (PID=9287) to work on /opt/airflow/dags/subdags/subdag_downloads.py
[2023-10-01T13:22:25.463+0000] {processor.py:826} INFO - Processing file /opt/airflow/dags/subdags/subdag_downloads.py for tasks to queue
[2023-10-01T13:22:25.464+0000] {logging_mixin.py:150} INFO - [2023-10-01T13:22:25.464+0000] {dagbag.py:541} INFO - Filling up the DagBag from /opt/airflow/dags/subdags/subdag_downloads.py
[2023-10-01T13:22:25.467+0000] {processor.py:838} WARNING - No viable dags retrieved from /opt/airflow/dags/subdags/subdag_downloads.py
[2023-10-01T13:22:25.496+0000] {processor.py:179} INFO - Processing /opt/airflow/dags/subdags/subdag_downloads.py took 0.040 seconds
[2023-10-01T13:22:55.524+0000] {processor.py:157} INFO - Started process (PID=9313) to work on /opt/airflow/dags/subdags/subdag_downloads.py
[2023-10-01T13:22:55.526+0000] {processor.py:826} INFO - Processing file /opt/airflow/dags/subdags/subdag_downloads.py for tasks to queue
[2023-10-01T13:22:55.527+0000] {logging_mixin.py:150} INFO - [2023-10-01T13:22:55.527+0000] {dagbag.py:541} INFO - Filling up the DagBag from /opt/airflow/dags/subdags/subdag_downloads.py
[2023-10-01T13:22:55.529+0000] {processor.py:838} WARNING - No viable dags retrieved from /opt/airflow/dags/subdags/subdag_downloads.py
[2023-10-01T13:22:55.544+0000] {processor.py:179} INFO - Processing /opt/airflow/dags/subdags/subdag_downloads.py took 0.023 seconds
[2023-10-01T13:23:26.277+0000] {processor.py:157} INFO - Started process (PID=9336) to work on /opt/airflow/dags/subdags/subdag_downloads.py
[2023-10-01T13:23:26.277+0000] {processor.py:826} INFO - Processing file /opt/airflow/dags/subdags/subdag_downloads.py for tasks to queue
[2023-10-01T13:23:26.278+0000] {logging_mixin.py:150} INFO - [2023-10-01T13:23:26.278+0000] {dagbag.py:541} INFO - Filling up the DagBag from /opt/airflow/dags/subdags/subdag_downloads.py
[2023-10-01T13:23:26.281+0000] {processor.py:838} WARNING - No viable dags retrieved from /opt/airflow/dags/subdags/subdag_downloads.py
[2023-10-01T13:23:26.301+0000] {processor.py:179} INFO - Processing /opt/airflow/dags/subdags/subdag_downloads.py took 0.028 seconds
[2023-10-01T13:23:56.442+0000] {processor.py:157} INFO - Started process (PID=9363) to work on /opt/airflow/dags/subdags/subdag_downloads.py
[2023-10-01T13:23:56.444+0000] {processor.py:826} INFO - Processing file /opt/airflow/dags/subdags/subdag_downloads.py for tasks to queue
[2023-10-01T13:23:56.444+0000] {logging_mixin.py:150} INFO - [2023-10-01T13:23:56.444+0000] {dagbag.py:541} INFO - Filling up the DagBag from /opt/airflow/dags/subdags/subdag_downloads.py
[2023-10-01T13:23:56.447+0000] {processor.py:838} WARNING - No viable dags retrieved from /opt/airflow/dags/subdags/subdag_downloads.py
[2023-10-01T13:23:56.468+0000] {processor.py:179} INFO - Processing /opt/airflow/dags/subdags/subdag_downloads.py took 0.030 seconds
[2023-10-01T13:24:26.649+0000] {processor.py:157} INFO - Started process (PID=9390) to work on /opt/airflow/dags/subdags/subdag_downloads.py
[2023-10-01T13:24:26.651+0000] {processor.py:826} INFO - Processing file /opt/airflow/dags/subdags/subdag_downloads.py for tasks to queue
[2023-10-01T13:24:26.652+0000] {logging_mixin.py:150} INFO - [2023-10-01T13:24:26.651+0000] {dagbag.py:541} INFO - Filling up the DagBag from /opt/airflow/dags/subdags/subdag_downloads.py
[2023-10-01T13:24:26.654+0000] {processor.py:838} WARNING - No viable dags retrieved from /opt/airflow/dags/subdags/subdag_downloads.py
[2023-10-01T13:24:26.672+0000] {processor.py:179} INFO - Processing /opt/airflow/dags/subdags/subdag_downloads.py took 0.027 seconds
[2023-10-01T13:24:56.805+0000] {processor.py:157} INFO - Started process (PID=9417) to work on /opt/airflow/dags/subdags/subdag_downloads.py
[2023-10-01T13:24:56.807+0000] {processor.py:826} INFO - Processing file /opt/airflow/dags/subdags/subdag_downloads.py for tasks to queue
[2023-10-01T13:24:56.809+0000] {logging_mixin.py:150} INFO - [2023-10-01T13:24:56.808+0000] {dagbag.py:541} INFO - Filling up the DagBag from /opt/airflow/dags/subdags/subdag_downloads.py
[2023-10-01T13:24:56.813+0000] {processor.py:838} WARNING - No viable dags retrieved from /opt/airflow/dags/subdags/subdag_downloads.py
[2023-10-01T13:24:56.844+0000] {processor.py:179} INFO - Processing /opt/airflow/dags/subdags/subdag_downloads.py took 0.045 seconds
[2023-10-01T13:25:27.099+0000] {processor.py:157} INFO - Started process (PID=9444) to work on /opt/airflow/dags/subdags/subdag_downloads.py
[2023-10-01T13:25:27.101+0000] {processor.py:826} INFO - Processing file /opt/airflow/dags/subdags/subdag_downloads.py for tasks to queue
[2023-10-01T13:25:27.102+0000] {logging_mixin.py:150} INFO - [2023-10-01T13:25:27.102+0000] {dagbag.py:541} INFO - Filling up the DagBag from /opt/airflow/dags/subdags/subdag_downloads.py
[2023-10-01T13:25:27.104+0000] {processor.py:838} WARNING - No viable dags retrieved from /opt/airflow/dags/subdags/subdag_downloads.py
[2023-10-01T13:25:27.122+0000] {processor.py:179} INFO - Processing /opt/airflow/dags/subdags/subdag_downloads.py took 0.028 seconds
[2023-10-01T13:25:57.258+0000] {processor.py:157} INFO - Started process (PID=9470) to work on /opt/airflow/dags/subdags/subdag_downloads.py
[2023-10-01T13:25:57.259+0000] {processor.py:826} INFO - Processing file /opt/airflow/dags/subdags/subdag_downloads.py for tasks to queue
[2023-10-01T13:25:57.259+0000] {logging_mixin.py:150} INFO - [2023-10-01T13:25:57.259+0000] {dagbag.py:541} INFO - Filling up the DagBag from /opt/airflow/dags/subdags/subdag_downloads.py
[2023-10-01T13:25:57.262+0000] {processor.py:838} WARNING - No viable dags retrieved from /opt/airflow/dags/subdags/subdag_downloads.py
[2023-10-01T13:25:57.281+0000] {processor.py:179} INFO - Processing /opt/airflow/dags/subdags/subdag_downloads.py took 0.028 seconds
[2023-10-01T13:26:27.450+0000] {processor.py:157} INFO - Started process (PID=9497) to work on /opt/airflow/dags/subdags/subdag_downloads.py
[2023-10-01T13:26:27.451+0000] {processor.py:826} INFO - Processing file /opt/airflow/dags/subdags/subdag_downloads.py for tasks to queue
[2023-10-01T13:26:27.452+0000] {logging_mixin.py:150} INFO - [2023-10-01T13:26:27.452+0000] {dagbag.py:541} INFO - Filling up the DagBag from /opt/airflow/dags/subdags/subdag_downloads.py
[2023-10-01T13:26:27.454+0000] {processor.py:838} WARNING - No viable dags retrieved from /opt/airflow/dags/subdags/subdag_downloads.py
[2023-10-01T13:26:27.473+0000] {processor.py:179} INFO - Processing /opt/airflow/dags/subdags/subdag_downloads.py took 0.026 seconds
[2023-10-01T13:26:57.759+0000] {processor.py:157} INFO - Started process (PID=9523) to work on /opt/airflow/dags/subdags/subdag_downloads.py
[2023-10-01T13:26:57.760+0000] {processor.py:826} INFO - Processing file /opt/airflow/dags/subdags/subdag_downloads.py for tasks to queue
[2023-10-01T13:26:57.761+0000] {logging_mixin.py:150} INFO - [2023-10-01T13:26:57.761+0000] {dagbag.py:541} INFO - Filling up the DagBag from /opt/airflow/dags/subdags/subdag_downloads.py
[2023-10-01T13:26:57.763+0000] {processor.py:838} WARNING - No viable dags retrieved from /opt/airflow/dags/subdags/subdag_downloads.py
[2023-10-01T13:26:57.781+0000] {processor.py:179} INFO - Processing /opt/airflow/dags/subdags/subdag_downloads.py took 0.026 seconds
[2023-10-01T13:27:28.036+0000] {processor.py:157} INFO - Started process (PID=9550) to work on /opt/airflow/dags/subdags/subdag_downloads.py
[2023-10-01T13:27:28.037+0000] {processor.py:826} INFO - Processing file /opt/airflow/dags/subdags/subdag_downloads.py for tasks to queue
[2023-10-01T13:27:28.038+0000] {logging_mixin.py:150} INFO - [2023-10-01T13:27:28.038+0000] {dagbag.py:541} INFO - Filling up the DagBag from /opt/airflow/dags/subdags/subdag_downloads.py
[2023-10-01T13:27:28.039+0000] {processor.py:838} WARNING - No viable dags retrieved from /opt/airflow/dags/subdags/subdag_downloads.py
[2023-10-01T13:27:28.053+0000] {processor.py:179} INFO - Processing /opt/airflow/dags/subdags/subdag_downloads.py took 0.022 seconds
[2023-10-01T13:27:58.239+0000] {processor.py:157} INFO - Started process (PID=9577) to work on /opt/airflow/dags/subdags/subdag_downloads.py
[2023-10-01T13:27:58.241+0000] {processor.py:826} INFO - Processing file /opt/airflow/dags/subdags/subdag_downloads.py for tasks to queue
[2023-10-01T13:27:58.242+0000] {logging_mixin.py:150} INFO - [2023-10-01T13:27:58.241+0000] {dagbag.py:541} INFO - Filling up the DagBag from /opt/airflow/dags/subdags/subdag_downloads.py
[2023-10-01T13:27:58.244+0000] {processor.py:838} WARNING - No viable dags retrieved from /opt/airflow/dags/subdags/subdag_downloads.py
[2023-10-01T13:27:58.264+0000] {processor.py:179} INFO - Processing /opt/airflow/dags/subdags/subdag_downloads.py took 0.029 seconds
[2023-10-01T13:28:28.834+0000] {processor.py:157} INFO - Started process (PID=9605) to work on /opt/airflow/dags/subdags/subdag_downloads.py
[2023-10-01T13:28:28.836+0000] {processor.py:826} INFO - Processing file /opt/airflow/dags/subdags/subdag_downloads.py for tasks to queue
[2023-10-01T13:28:28.837+0000] {logging_mixin.py:150} INFO - [2023-10-01T13:28:28.837+0000] {dagbag.py:541} INFO - Filling up the DagBag from /opt/airflow/dags/subdags/subdag_downloads.py
[2023-10-01T13:28:28.839+0000] {processor.py:838} WARNING - No viable dags retrieved from /opt/airflow/dags/subdags/subdag_downloads.py
[2023-10-01T13:28:28.860+0000] {processor.py:179} INFO - Processing /opt/airflow/dags/subdags/subdag_downloads.py took 0.030 seconds
[2023-10-01T13:28:59.468+0000] {processor.py:157} INFO - Started process (PID=9632) to work on /opt/airflow/dags/subdags/subdag_downloads.py
[2023-10-01T13:28:59.469+0000] {processor.py:826} INFO - Processing file /opt/airflow/dags/subdags/subdag_downloads.py for tasks to queue
[2023-10-01T13:28:59.470+0000] {logging_mixin.py:150} INFO - [2023-10-01T13:28:59.470+0000] {dagbag.py:541} INFO - Filling up the DagBag from /opt/airflow/dags/subdags/subdag_downloads.py
[2023-10-01T13:28:59.471+0000] {processor.py:838} WARNING - No viable dags retrieved from /opt/airflow/dags/subdags/subdag_downloads.py
[2023-10-01T13:28:59.492+0000] {processor.py:179} INFO - Processing /opt/airflow/dags/subdags/subdag_downloads.py took 0.029 seconds
[2023-10-01T13:29:30.007+0000] {processor.py:157} INFO - Started process (PID=9659) to work on /opt/airflow/dags/subdags/subdag_downloads.py
[2023-10-01T13:29:30.008+0000] {processor.py:826} INFO - Processing file /opt/airflow/dags/subdags/subdag_downloads.py for tasks to queue
[2023-10-01T13:29:30.008+0000] {logging_mixin.py:150} INFO - [2023-10-01T13:29:30.008+0000] {dagbag.py:541} INFO - Filling up the DagBag from /opt/airflow/dags/subdags/subdag_downloads.py
[2023-10-01T13:29:30.011+0000] {processor.py:838} WARNING - No viable dags retrieved from /opt/airflow/dags/subdags/subdag_downloads.py
[2023-10-01T13:29:30.027+0000] {processor.py:179} INFO - Processing /opt/airflow/dags/subdags/subdag_downloads.py took 0.025 seconds
[2023-10-01T13:30:00.598+0000] {processor.py:157} INFO - Started process (PID=9687) to work on /opt/airflow/dags/subdags/subdag_downloads.py
[2023-10-01T13:30:00.600+0000] {processor.py:826} INFO - Processing file /opt/airflow/dags/subdags/subdag_downloads.py for tasks to queue
[2023-10-01T13:30:00.600+0000] {logging_mixin.py:150} INFO - [2023-10-01T13:30:00.600+0000] {dagbag.py:541} INFO - Filling up the DagBag from /opt/airflow/dags/subdags/subdag_downloads.py
[2023-10-01T13:30:00.603+0000] {processor.py:838} WARNING - No viable dags retrieved from /opt/airflow/dags/subdags/subdag_downloads.py
[2023-10-01T13:30:00.623+0000] {processor.py:179} INFO - Processing /opt/airflow/dags/subdags/subdag_downloads.py took 0.031 seconds
[2023-10-01T13:30:30.837+0000] {processor.py:157} INFO - Started process (PID=9714) to work on /opt/airflow/dags/subdags/subdag_downloads.py
[2023-10-01T13:30:30.839+0000] {processor.py:826} INFO - Processing file /opt/airflow/dags/subdags/subdag_downloads.py for tasks to queue
[2023-10-01T13:30:30.839+0000] {logging_mixin.py:150} INFO - [2023-10-01T13:30:30.839+0000] {dagbag.py:541} INFO - Filling up the DagBag from /opt/airflow/dags/subdags/subdag_downloads.py
[2023-10-01T13:30:30.842+0000] {processor.py:838} WARNING - No viable dags retrieved from /opt/airflow/dags/subdags/subdag_downloads.py
[2023-10-01T13:30:30.863+0000] {processor.py:179} INFO - Processing /opt/airflow/dags/subdags/subdag_downloads.py took 0.035 seconds
[2023-10-01T13:31:01.112+0000] {processor.py:157} INFO - Started process (PID=9741) to work on /opt/airflow/dags/subdags/subdag_downloads.py
[2023-10-01T13:31:01.113+0000] {processor.py:826} INFO - Processing file /opt/airflow/dags/subdags/subdag_downloads.py for tasks to queue
[2023-10-01T13:31:01.116+0000] {logging_mixin.py:150} INFO - [2023-10-01T13:31:01.114+0000] {dagbag.py:541} INFO - Filling up the DagBag from /opt/airflow/dags/subdags/subdag_downloads.py
[2023-10-01T13:31:01.119+0000] {processor.py:838} WARNING - No viable dags retrieved from /opt/airflow/dags/subdags/subdag_downloads.py
[2023-10-01T13:31:01.137+0000] {processor.py:179} INFO - Processing /opt/airflow/dags/subdags/subdag_downloads.py took 0.027 seconds
[2023-10-01T13:31:31.709+0000] {processor.py:157} INFO - Started process (PID=9769) to work on /opt/airflow/dags/subdags/subdag_downloads.py
[2023-10-01T13:31:31.710+0000] {processor.py:826} INFO - Processing file /opt/airflow/dags/subdags/subdag_downloads.py for tasks to queue
[2023-10-01T13:31:31.711+0000] {logging_mixin.py:150} INFO - [2023-10-01T13:31:31.711+0000] {dagbag.py:541} INFO - Filling up the DagBag from /opt/airflow/dags/subdags/subdag_downloads.py
[2023-10-01T13:31:31.713+0000] {processor.py:838} WARNING - No viable dags retrieved from /opt/airflow/dags/subdags/subdag_downloads.py
[2023-10-01T13:31:31.737+0000] {processor.py:179} INFO - Processing /opt/airflow/dags/subdags/subdag_downloads.py took 0.033 seconds
[2023-10-01T13:32:01.937+0000] {processor.py:157} INFO - Started process (PID=9796) to work on /opt/airflow/dags/subdags/subdag_downloads.py
[2023-10-01T13:32:01.938+0000] {processor.py:826} INFO - Processing file /opt/airflow/dags/subdags/subdag_downloads.py for tasks to queue
[2023-10-01T13:32:01.939+0000] {logging_mixin.py:150} INFO - [2023-10-01T13:32:01.938+0000] {dagbag.py:541} INFO - Filling up the DagBag from /opt/airflow/dags/subdags/subdag_downloads.py
[2023-10-01T13:32:01.940+0000] {processor.py:838} WARNING - No viable dags retrieved from /opt/airflow/dags/subdags/subdag_downloads.py
[2023-10-01T13:32:01.959+0000] {processor.py:179} INFO - Processing /opt/airflow/dags/subdags/subdag_downloads.py took 0.028 seconds
[2023-10-01T13:32:32.350+0000] {processor.py:157} INFO - Started process (PID=9823) to work on /opt/airflow/dags/subdags/subdag_downloads.py
[2023-10-01T13:32:32.352+0000] {processor.py:826} INFO - Processing file /opt/airflow/dags/subdags/subdag_downloads.py for tasks to queue
[2023-10-01T13:32:32.353+0000] {logging_mixin.py:150} INFO - [2023-10-01T13:32:32.352+0000] {dagbag.py:541} INFO - Filling up the DagBag from /opt/airflow/dags/subdags/subdag_downloads.py
[2023-10-01T13:32:32.358+0000] {processor.py:838} WARNING - No viable dags retrieved from /opt/airflow/dags/subdags/subdag_downloads.py
[2023-10-01T13:32:32.389+0000] {processor.py:179} INFO - Processing /opt/airflow/dags/subdags/subdag_downloads.py took 0.042 seconds
[2023-10-01T13:33:03.198+0000] {processor.py:157} INFO - Started process (PID=9850) to work on /opt/airflow/dags/subdags/subdag_downloads.py
[2023-10-01T13:33:03.199+0000] {processor.py:826} INFO - Processing file /opt/airflow/dags/subdags/subdag_downloads.py for tasks to queue
[2023-10-01T13:33:03.203+0000] {logging_mixin.py:150} INFO - [2023-10-01T13:33:03.203+0000] {dagbag.py:541} INFO - Filling up the DagBag from /opt/airflow/dags/subdags/subdag_downloads.py
[2023-10-01T13:33:03.211+0000] {processor.py:838} WARNING - No viable dags retrieved from /opt/airflow/dags/subdags/subdag_downloads.py
[2023-10-01T13:33:03.239+0000] {processor.py:179} INFO - Processing /opt/airflow/dags/subdags/subdag_downloads.py took 0.050 seconds
[2023-10-01T13:33:33.881+0000] {processor.py:157} INFO - Started process (PID=9877) to work on /opt/airflow/dags/subdags/subdag_downloads.py
[2023-10-01T13:33:33.882+0000] {processor.py:826} INFO - Processing file /opt/airflow/dags/subdags/subdag_downloads.py for tasks to queue
[2023-10-01T13:33:33.883+0000] {logging_mixin.py:150} INFO - [2023-10-01T13:33:33.883+0000] {dagbag.py:541} INFO - Filling up the DagBag from /opt/airflow/dags/subdags/subdag_downloads.py
[2023-10-01T13:33:33.888+0000] {processor.py:838} WARNING - No viable dags retrieved from /opt/airflow/dags/subdags/subdag_downloads.py
[2023-10-01T13:33:33.909+0000] {processor.py:179} INFO - Processing /opt/airflow/dags/subdags/subdag_downloads.py took 0.032 seconds
[2023-10-01T13:34:04.317+0000] {processor.py:157} INFO - Started process (PID=9904) to work on /opt/airflow/dags/subdags/subdag_downloads.py
[2023-10-01T13:34:04.319+0000] {processor.py:826} INFO - Processing file /opt/airflow/dags/subdags/subdag_downloads.py for tasks to queue
[2023-10-01T13:34:04.320+0000] {logging_mixin.py:150} INFO - [2023-10-01T13:34:04.319+0000] {dagbag.py:541} INFO - Filling up the DagBag from /opt/airflow/dags/subdags/subdag_downloads.py
[2023-10-01T13:34:04.322+0000] {processor.py:838} WARNING - No viable dags retrieved from /opt/airflow/dags/subdags/subdag_downloads.py
[2023-10-01T13:34:04.347+0000] {processor.py:179} INFO - Processing /opt/airflow/dags/subdags/subdag_downloads.py took 0.036 seconds
[2023-10-01T13:34:34.791+0000] {processor.py:157} INFO - Started process (PID=9931) to work on /opt/airflow/dags/subdags/subdag_downloads.py
[2023-10-01T13:34:34.797+0000] {processor.py:826} INFO - Processing file /opt/airflow/dags/subdags/subdag_downloads.py for tasks to queue
[2023-10-01T13:34:34.798+0000] {logging_mixin.py:150} INFO - [2023-10-01T13:34:34.797+0000] {dagbag.py:541} INFO - Filling up the DagBag from /opt/airflow/dags/subdags/subdag_downloads.py
[2023-10-01T13:34:34.799+0000] {processor.py:838} WARNING - No viable dags retrieved from /opt/airflow/dags/subdags/subdag_downloads.py
[2023-10-01T13:34:34.827+0000] {processor.py:179} INFO - Processing /opt/airflow/dags/subdags/subdag_downloads.py took 0.039 seconds
[2023-10-01T13:35:05.272+0000] {processor.py:157} INFO - Started process (PID=9959) to work on /opt/airflow/dags/subdags/subdag_downloads.py
[2023-10-01T13:35:05.273+0000] {processor.py:826} INFO - Processing file /opt/airflow/dags/subdags/subdag_downloads.py for tasks to queue
[2023-10-01T13:35:05.277+0000] {logging_mixin.py:150} INFO - [2023-10-01T13:35:05.276+0000] {dagbag.py:541} INFO - Filling up the DagBag from /opt/airflow/dags/subdags/subdag_downloads.py
[2023-10-01T13:35:05.279+0000] {processor.py:838} WARNING - No viable dags retrieved from /opt/airflow/dags/subdags/subdag_downloads.py
[2023-10-01T13:35:05.302+0000] {processor.py:179} INFO - Processing /opt/airflow/dags/subdags/subdag_downloads.py took 0.032 seconds
[2023-10-01T13:35:35.750+0000] {processor.py:157} INFO - Started process (PID=9985) to work on /opt/airflow/dags/subdags/subdag_downloads.py
[2023-10-01T13:35:35.752+0000] {processor.py:826} INFO - Processing file /opt/airflow/dags/subdags/subdag_downloads.py for tasks to queue
[2023-10-01T13:35:35.752+0000] {logging_mixin.py:150} INFO - [2023-10-01T13:35:35.752+0000] {dagbag.py:541} INFO - Filling up the DagBag from /opt/airflow/dags/subdags/subdag_downloads.py
[2023-10-01T13:35:35.757+0000] {processor.py:838} WARNING - No viable dags retrieved from /opt/airflow/dags/subdags/subdag_downloads.py
[2023-10-01T13:35:35.782+0000] {processor.py:179} INFO - Processing /opt/airflow/dags/subdags/subdag_downloads.py took 0.036 seconds
[2023-10-01T13:36:06.120+0000] {processor.py:157} INFO - Started process (PID=10012) to work on /opt/airflow/dags/subdags/subdag_downloads.py
[2023-10-01T13:36:06.120+0000] {processor.py:826} INFO - Processing file /opt/airflow/dags/subdags/subdag_downloads.py for tasks to queue
[2023-10-01T13:36:06.121+0000] {logging_mixin.py:150} INFO - [2023-10-01T13:36:06.121+0000] {dagbag.py:541} INFO - Filling up the DagBag from /opt/airflow/dags/subdags/subdag_downloads.py
[2023-10-01T13:36:06.126+0000] {processor.py:838} WARNING - No viable dags retrieved from /opt/airflow/dags/subdags/subdag_downloads.py
[2023-10-01T13:36:06.151+0000] {processor.py:179} INFO - Processing /opt/airflow/dags/subdags/subdag_downloads.py took 0.034 seconds
[2023-10-01T13:36:36.561+0000] {processor.py:157} INFO - Started process (PID=10039) to work on /opt/airflow/dags/subdags/subdag_downloads.py
[2023-10-01T13:36:36.566+0000] {processor.py:826} INFO - Processing file /opt/airflow/dags/subdags/subdag_downloads.py for tasks to queue
[2023-10-01T13:36:36.567+0000] {logging_mixin.py:150} INFO - [2023-10-01T13:36:36.567+0000] {dagbag.py:541} INFO - Filling up the DagBag from /opt/airflow/dags/subdags/subdag_downloads.py
[2023-10-01T13:36:36.570+0000] {processor.py:838} WARNING - No viable dags retrieved from /opt/airflow/dags/subdags/subdag_downloads.py
[2023-10-01T13:36:36.599+0000] {processor.py:179} INFO - Processing /opt/airflow/dags/subdags/subdag_downloads.py took 0.042 seconds
[2023-10-01T13:37:07.052+0000] {processor.py:157} INFO - Started process (PID=10066) to work on /opt/airflow/dags/subdags/subdag_downloads.py
[2023-10-01T13:37:07.056+0000] {processor.py:826} INFO - Processing file /opt/airflow/dags/subdags/subdag_downloads.py for tasks to queue
[2023-10-01T13:37:07.057+0000] {logging_mixin.py:150} INFO - [2023-10-01T13:37:07.057+0000] {dagbag.py:541} INFO - Filling up the DagBag from /opt/airflow/dags/subdags/subdag_downloads.py
[2023-10-01T13:37:07.059+0000] {processor.py:838} WARNING - No viable dags retrieved from /opt/airflow/dags/subdags/subdag_downloads.py
[2023-10-01T13:37:07.082+0000] {processor.py:179} INFO - Processing /opt/airflow/dags/subdags/subdag_downloads.py took 0.034 seconds
[2023-10-01T13:37:37.501+0000] {processor.py:157} INFO - Started process (PID=10093) to work on /opt/airflow/dags/subdags/subdag_downloads.py
[2023-10-01T13:37:37.502+0000] {processor.py:826} INFO - Processing file /opt/airflow/dags/subdags/subdag_downloads.py for tasks to queue
[2023-10-01T13:37:37.506+0000] {logging_mixin.py:150} INFO - [2023-10-01T13:37:37.506+0000] {dagbag.py:541} INFO - Filling up the DagBag from /opt/airflow/dags/subdags/subdag_downloads.py
[2023-10-01T13:37:37.511+0000] {processor.py:838} WARNING - No viable dags retrieved from /opt/airflow/dags/subdags/subdag_downloads.py
[2023-10-01T13:37:37.539+0000] {processor.py:179} INFO - Processing /opt/airflow/dags/subdags/subdag_downloads.py took 0.042 seconds
[2023-10-01T13:38:08.021+0000] {processor.py:157} INFO - Started process (PID=10121) to work on /opt/airflow/dags/subdags/subdag_downloads.py
[2023-10-01T13:38:08.022+0000] {processor.py:826} INFO - Processing file /opt/airflow/dags/subdags/subdag_downloads.py for tasks to queue
[2023-10-01T13:38:08.027+0000] {logging_mixin.py:150} INFO - [2023-10-01T13:38:08.026+0000] {dagbag.py:541} INFO - Filling up the DagBag from /opt/airflow/dags/subdags/subdag_downloads.py
[2023-10-01T13:38:08.028+0000] {processor.py:838} WARNING - No viable dags retrieved from /opt/airflow/dags/subdags/subdag_downloads.py
[2023-10-01T13:38:08.056+0000] {processor.py:179} INFO - Processing /opt/airflow/dags/subdags/subdag_downloads.py took 0.034 seconds
[2023-10-01T13:38:38.491+0000] {processor.py:157} INFO - Started process (PID=10148) to work on /opt/airflow/dags/subdags/subdag_downloads.py
[2023-10-01T13:38:38.492+0000] {processor.py:826} INFO - Processing file /opt/airflow/dags/subdags/subdag_downloads.py for tasks to queue
[2023-10-01T13:38:38.497+0000] {logging_mixin.py:150} INFO - [2023-10-01T13:38:38.496+0000] {dagbag.py:541} INFO - Filling up the DagBag from /opt/airflow/dags/subdags/subdag_downloads.py
[2023-10-01T13:38:38.499+0000] {processor.py:838} WARNING - No viable dags retrieved from /opt/airflow/dags/subdags/subdag_downloads.py
[2023-10-01T13:38:38.527+0000] {processor.py:179} INFO - Processing /opt/airflow/dags/subdags/subdag_downloads.py took 0.041 seconds
[2023-10-01T13:39:08.988+0000] {processor.py:157} INFO - Started process (PID=10175) to work on /opt/airflow/dags/subdags/subdag_downloads.py
[2023-10-01T13:39:08.990+0000] {processor.py:826} INFO - Processing file /opt/airflow/dags/subdags/subdag_downloads.py for tasks to queue
[2023-10-01T13:39:08.990+0000] {logging_mixin.py:150} INFO - [2023-10-01T13:39:08.990+0000] {dagbag.py:541} INFO - Filling up the DagBag from /opt/airflow/dags/subdags/subdag_downloads.py
[2023-10-01T13:39:08.996+0000] {processor.py:838} WARNING - No viable dags retrieved from /opt/airflow/dags/subdags/subdag_downloads.py
[2023-10-01T13:39:09.021+0000] {processor.py:179} INFO - Processing /opt/airflow/dags/subdags/subdag_downloads.py took 0.039 seconds
[2023-10-01T13:39:39.671+0000] {processor.py:157} INFO - Started process (PID=10202) to work on /opt/airflow/dags/subdags/subdag_downloads.py
[2023-10-01T13:39:39.677+0000] {processor.py:826} INFO - Processing file /opt/airflow/dags/subdags/subdag_downloads.py for tasks to queue
[2023-10-01T13:39:39.678+0000] {logging_mixin.py:150} INFO - [2023-10-01T13:39:39.678+0000] {dagbag.py:541} INFO - Filling up the DagBag from /opt/airflow/dags/subdags/subdag_downloads.py
[2023-10-01T13:39:39.681+0000] {processor.py:838} WARNING - No viable dags retrieved from /opt/airflow/dags/subdags/subdag_downloads.py
[2023-10-01T13:39:39.718+0000] {processor.py:179} INFO - Processing /opt/airflow/dags/subdags/subdag_downloads.py took 0.050 seconds
[2023-10-01T13:40:10.328+0000] {processor.py:157} INFO - Started process (PID=10230) to work on /opt/airflow/dags/subdags/subdag_downloads.py
[2023-10-01T13:40:10.329+0000] {processor.py:826} INFO - Processing file /opt/airflow/dags/subdags/subdag_downloads.py for tasks to queue
[2023-10-01T13:40:10.330+0000] {logging_mixin.py:150} INFO - [2023-10-01T13:40:10.329+0000] {dagbag.py:541} INFO - Filling up the DagBag from /opt/airflow/dags/subdags/subdag_downloads.py
[2023-10-01T13:40:10.332+0000] {processor.py:838} WARNING - No viable dags retrieved from /opt/airflow/dags/subdags/subdag_downloads.py
[2023-10-01T13:40:10.367+0000] {processor.py:179} INFO - Processing /opt/airflow/dags/subdags/subdag_downloads.py took 0.049 seconds
[2023-10-01T13:40:41.292+0000] {processor.py:157} INFO - Started process (PID=10257) to work on /opt/airflow/dags/subdags/subdag_downloads.py
[2023-10-01T13:40:41.298+0000] {processor.py:826} INFO - Processing file /opt/airflow/dags/subdags/subdag_downloads.py for tasks to queue
[2023-10-01T13:40:41.299+0000] {logging_mixin.py:150} INFO - [2023-10-01T13:40:41.299+0000] {dagbag.py:541} INFO - Filling up the DagBag from /opt/airflow/dags/subdags/subdag_downloads.py
[2023-10-01T13:40:41.301+0000] {processor.py:838} WARNING - No viable dags retrieved from /opt/airflow/dags/subdags/subdag_downloads.py
[2023-10-01T13:40:41.347+0000] {processor.py:179} INFO - Processing /opt/airflow/dags/subdags/subdag_downloads.py took 0.059 seconds
[2023-10-01T13:41:11.480+0000] {processor.py:157} INFO - Started process (PID=10284) to work on /opt/airflow/dags/subdags/subdag_downloads.py
[2023-10-01T13:41:11.486+0000] {processor.py:826} INFO - Processing file /opt/airflow/dags/subdags/subdag_downloads.py for tasks to queue
[2023-10-01T13:41:11.487+0000] {logging_mixin.py:150} INFO - [2023-10-01T13:41:11.487+0000] {dagbag.py:541} INFO - Filling up the DagBag from /opt/airflow/dags/subdags/subdag_downloads.py
[2023-10-01T13:41:11.489+0000] {processor.py:838} WARNING - No viable dags retrieved from /opt/airflow/dags/subdags/subdag_downloads.py
[2023-10-01T13:41:11.519+0000] {processor.py:179} INFO - Processing /opt/airflow/dags/subdags/subdag_downloads.py took 0.043 seconds
[2023-10-01T13:41:41.831+0000] {processor.py:157} INFO - Started process (PID=10311) to work on /opt/airflow/dags/subdags/subdag_downloads.py
[2023-10-01T13:41:41.837+0000] {processor.py:826} INFO - Processing file /opt/airflow/dags/subdags/subdag_downloads.py for tasks to queue
[2023-10-01T13:41:41.838+0000] {logging_mixin.py:150} INFO - [2023-10-01T13:41:41.838+0000] {dagbag.py:541} INFO - Filling up the DagBag from /opt/airflow/dags/subdags/subdag_downloads.py
[2023-10-01T13:41:41.841+0000] {processor.py:838} WARNING - No viable dags retrieved from /opt/airflow/dags/subdags/subdag_downloads.py
[2023-10-01T13:41:41.880+0000] {processor.py:179} INFO - Processing /opt/airflow/dags/subdags/subdag_downloads.py took 0.052 seconds
[2023-10-01T13:42:11.947+0000] {processor.py:157} INFO - Started process (PID=10329) to work on /opt/airflow/dags/subdags/subdag_downloads.py
[2023-10-01T13:42:11.948+0000] {processor.py:826} INFO - Processing file /opt/airflow/dags/subdags/subdag_downloads.py for tasks to queue
[2023-10-01T13:42:11.950+0000] {logging_mixin.py:150} INFO - [2023-10-01T13:42:11.949+0000] {dagbag.py:541} INFO - Filling up the DagBag from /opt/airflow/dags/subdags/subdag_downloads.py
[2023-10-01T13:42:11.951+0000] {processor.py:838} WARNING - No viable dags retrieved from /opt/airflow/dags/subdags/subdag_downloads.py
[2023-10-01T13:42:11.979+0000] {processor.py:179} INFO - Processing /opt/airflow/dags/subdags/subdag_downloads.py took 0.041 seconds
[2023-10-01T13:42:42.047+0000] {processor.py:157} INFO - Started process (PID=10357) to work on /opt/airflow/dags/subdags/subdag_downloads.py
[2023-10-01T13:42:42.048+0000] {processor.py:826} INFO - Processing file /opt/airflow/dags/subdags/subdag_downloads.py for tasks to queue
[2023-10-01T13:42:42.049+0000] {logging_mixin.py:150} INFO - [2023-10-01T13:42:42.049+0000] {dagbag.py:541} INFO - Filling up the DagBag from /opt/airflow/dags/subdags/subdag_downloads.py
[2023-10-01T13:42:42.051+0000] {processor.py:838} WARNING - No viable dags retrieved from /opt/airflow/dags/subdags/subdag_downloads.py
[2023-10-01T13:42:42.096+0000] {processor.py:179} INFO - Processing /opt/airflow/dags/subdags/subdag_downloads.py took 0.053 seconds
[2023-10-01T13:43:12.329+0000] {processor.py:157} INFO - Started process (PID=10383) to work on /opt/airflow/dags/subdags/subdag_downloads.py
[2023-10-01T13:43:12.331+0000] {processor.py:826} INFO - Processing file /opt/airflow/dags/subdags/subdag_downloads.py for tasks to queue
[2023-10-01T13:43:12.337+0000] {logging_mixin.py:150} INFO - [2023-10-01T13:43:12.337+0000] {dagbag.py:541} INFO - Filling up the DagBag from /opt/airflow/dags/subdags/subdag_downloads.py
[2023-10-01T13:43:12.346+0000] {processor.py:838} WARNING - No viable dags retrieved from /opt/airflow/dags/subdags/subdag_downloads.py
[2023-10-01T13:43:12.396+0000] {processor.py:179} INFO - Processing /opt/airflow/dags/subdags/subdag_downloads.py took 0.077 seconds
[2023-10-01T13:43:42.980+0000] {processor.py:157} INFO - Started process (PID=10410) to work on /opt/airflow/dags/subdags/subdag_downloads.py
[2023-10-01T13:43:42.981+0000] {processor.py:826} INFO - Processing file /opt/airflow/dags/subdags/subdag_downloads.py for tasks to queue
[2023-10-01T13:43:42.987+0000] {logging_mixin.py:150} INFO - [2023-10-01T13:43:42.986+0000] {dagbag.py:541} INFO - Filling up the DagBag from /opt/airflow/dags/subdags/subdag_downloads.py
[2023-10-01T13:43:42.989+0000] {processor.py:838} WARNING - No viable dags retrieved from /opt/airflow/dags/subdags/subdag_downloads.py
[2023-10-01T13:43:43.046+0000] {processor.py:179} INFO - Processing /opt/airflow/dags/subdags/subdag_downloads.py took 0.075 seconds
[2023-10-01T13:44:13.500+0000] {processor.py:157} INFO - Started process (PID=10437) to work on /opt/airflow/dags/subdags/subdag_downloads.py
[2023-10-01T13:44:13.507+0000] {processor.py:826} INFO - Processing file /opt/airflow/dags/subdags/subdag_downloads.py for tasks to queue
[2023-10-01T13:44:13.508+0000] {logging_mixin.py:150} INFO - [2023-10-01T13:44:13.507+0000] {dagbag.py:541} INFO - Filling up the DagBag from /opt/airflow/dags/subdags/subdag_downloads.py
[2023-10-01T13:44:13.510+0000] {processor.py:838} WARNING - No viable dags retrieved from /opt/airflow/dags/subdags/subdag_downloads.py
[2023-10-01T13:44:13.560+0000] {processor.py:179} INFO - Processing /opt/airflow/dags/subdags/subdag_downloads.py took 0.069 seconds
[2023-10-01T13:44:44.016+0000] {processor.py:157} INFO - Started process (PID=10464) to work on /opt/airflow/dags/subdags/subdag_downloads.py
[2023-10-01T13:44:44.018+0000] {processor.py:826} INFO - Processing file /opt/airflow/dags/subdags/subdag_downloads.py for tasks to queue
[2023-10-01T13:44:44.019+0000] {logging_mixin.py:150} INFO - [2023-10-01T13:44:44.018+0000] {dagbag.py:541} INFO - Filling up the DagBag from /opt/airflow/dags/subdags/subdag_downloads.py
[2023-10-01T13:44:44.027+0000] {processor.py:838} WARNING - No viable dags retrieved from /opt/airflow/dags/subdags/subdag_downloads.py
[2023-10-01T13:44:44.070+0000] {processor.py:179} INFO - Processing /opt/airflow/dags/subdags/subdag_downloads.py took 0.064 seconds
[2023-10-01T13:45:14.578+0000] {processor.py:157} INFO - Started process (PID=10492) to work on /opt/airflow/dags/subdags/subdag_downloads.py
[2023-10-01T13:45:14.579+0000] {processor.py:826} INFO - Processing file /opt/airflow/dags/subdags/subdag_downloads.py for tasks to queue
[2023-10-01T13:45:14.580+0000] {logging_mixin.py:150} INFO - [2023-10-01T13:45:14.580+0000] {dagbag.py:541} INFO - Filling up the DagBag from /opt/airflow/dags/subdags/subdag_downloads.py
[2023-10-01T13:45:14.588+0000] {processor.py:838} WARNING - No viable dags retrieved from /opt/airflow/dags/subdags/subdag_downloads.py
[2023-10-01T13:45:14.638+0000] {processor.py:179} INFO - Processing /opt/airflow/dags/subdags/subdag_downloads.py took 0.071 seconds
[2023-10-01T13:45:44.947+0000] {processor.py:157} INFO - Started process (PID=10518) to work on /opt/airflow/dags/subdags/subdag_downloads.py
[2023-10-01T13:45:44.948+0000] {processor.py:826} INFO - Processing file /opt/airflow/dags/subdags/subdag_downloads.py for tasks to queue
[2023-10-01T13:45:44.949+0000] {logging_mixin.py:150} INFO - [2023-10-01T13:45:44.949+0000] {dagbag.py:541} INFO - Filling up the DagBag from /opt/airflow/dags/subdags/subdag_downloads.py
[2023-10-01T13:45:44.957+0000] {processor.py:838} WARNING - No viable dags retrieved from /opt/airflow/dags/subdags/subdag_downloads.py
[2023-10-01T13:45:45.010+0000] {processor.py:179} INFO - Processing /opt/airflow/dags/subdags/subdag_downloads.py took 0.073 seconds
[2023-10-01T13:46:15.770+0000] {processor.py:157} INFO - Started process (PID=10545) to work on /opt/airflow/dags/subdags/subdag_downloads.py
[2023-10-01T13:46:15.786+0000] {processor.py:826} INFO - Processing file /opt/airflow/dags/subdags/subdag_downloads.py for tasks to queue
[2023-10-01T13:46:15.788+0000] {logging_mixin.py:150} INFO - [2023-10-01T13:46:15.787+0000] {dagbag.py:541} INFO - Filling up the DagBag from /opt/airflow/dags/subdags/subdag_downloads.py
[2023-10-01T13:46:15.790+0000] {processor.py:838} WARNING - No viable dags retrieved from /opt/airflow/dags/subdags/subdag_downloads.py
[2023-10-01T13:46:15.898+0000] {processor.py:179} INFO - Processing /opt/airflow/dags/subdags/subdag_downloads.py took 0.149 seconds
[2023-10-01T13:46:46.078+0000] {processor.py:157} INFO - Started process (PID=10571) to work on /opt/airflow/dags/subdags/subdag_downloads.py
[2023-10-01T13:46:46.086+0000] {processor.py:826} INFO - Processing file /opt/airflow/dags/subdags/subdag_downloads.py for tasks to queue
[2023-10-01T13:46:46.088+0000] {logging_mixin.py:150} INFO - [2023-10-01T13:46:46.087+0000] {dagbag.py:541} INFO - Filling up the DagBag from /opt/airflow/dags/subdags/subdag_downloads.py
[2023-10-01T13:46:46.096+0000] {processor.py:838} WARNING - No viable dags retrieved from /opt/airflow/dags/subdags/subdag_downloads.py
[2023-10-01T13:46:46.188+0000] {processor.py:179} INFO - Processing /opt/airflow/dags/subdags/subdag_downloads.py took 0.129 seconds
[2023-10-01T13:47:17.148+0000] {processor.py:157} INFO - Started process (PID=10599) to work on /opt/airflow/dags/subdags/subdag_downloads.py
[2023-10-01T13:47:17.150+0000] {processor.py:826} INFO - Processing file /opt/airflow/dags/subdags/subdag_downloads.py for tasks to queue
[2023-10-01T13:47:17.157+0000] {logging_mixin.py:150} INFO - [2023-10-01T13:47:17.157+0000] {dagbag.py:541} INFO - Filling up the DagBag from /opt/airflow/dags/subdags/subdag_downloads.py
[2023-10-01T13:47:17.160+0000] {processor.py:838} WARNING - No viable dags retrieved from /opt/airflow/dags/subdags/subdag_downloads.py
[2023-10-01T13:47:17.268+0000] {processor.py:179} INFO - Processing /opt/airflow/dags/subdags/subdag_downloads.py took 0.130 seconds
[2023-10-01T13:47:47.427+0000] {processor.py:157} INFO - Started process (PID=10625) to work on /opt/airflow/dags/subdags/subdag_downloads.py
[2023-10-01T13:47:47.430+0000] {processor.py:826} INFO - Processing file /opt/airflow/dags/subdags/subdag_downloads.py for tasks to queue
[2023-10-01T13:47:47.448+0000] {logging_mixin.py:150} INFO - [2023-10-01T13:47:47.447+0000] {dagbag.py:541} INFO - Filling up the DagBag from /opt/airflow/dags/subdags/subdag_downloads.py
[2023-10-01T13:47:47.467+0000] {processor.py:838} WARNING - No viable dags retrieved from /opt/airflow/dags/subdags/subdag_downloads.py
[2023-10-01T13:47:47.549+0000] {processor.py:179} INFO - Processing /opt/airflow/dags/subdags/subdag_downloads.py took 0.171 seconds
[2023-10-01T13:48:17.847+0000] {processor.py:157} INFO - Started process (PID=10652) to work on /opt/airflow/dags/subdags/subdag_downloads.py
[2023-10-01T13:48:17.848+0000] {processor.py:826} INFO - Processing file /opt/airflow/dags/subdags/subdag_downloads.py for tasks to queue
[2023-10-01T13:48:17.848+0000] {logging_mixin.py:150} INFO - [2023-10-01T13:48:17.848+0000] {dagbag.py:541} INFO - Filling up the DagBag from /opt/airflow/dags/subdags/subdag_downloads.py
[2023-10-01T13:48:17.856+0000] {processor.py:838} WARNING - No viable dags retrieved from /opt/airflow/dags/subdags/subdag_downloads.py
[2023-10-01T13:48:17.889+0000] {processor.py:179} INFO - Processing /opt/airflow/dags/subdags/subdag_downloads.py took 0.052 seconds
[2023-10-01T13:48:48.078+0000] {processor.py:157} INFO - Started process (PID=10679) to work on /opt/airflow/dags/subdags/subdag_downloads.py
[2023-10-01T13:48:48.086+0000] {processor.py:826} INFO - Processing file /opt/airflow/dags/subdags/subdag_downloads.py for tasks to queue
[2023-10-01T13:48:48.089+0000] {logging_mixin.py:150} INFO - [2023-10-01T13:48:48.088+0000] {dagbag.py:541} INFO - Filling up the DagBag from /opt/airflow/dags/subdags/subdag_downloads.py
[2023-10-01T13:48:48.099+0000] {processor.py:838} WARNING - No viable dags retrieved from /opt/airflow/dags/subdags/subdag_downloads.py
[2023-10-01T13:48:48.167+0000] {processor.py:179} INFO - Processing /opt/airflow/dags/subdags/subdag_downloads.py took 0.109 seconds
[2023-10-01T13:49:18.308+0000] {processor.py:157} INFO - Started process (PID=10707) to work on /opt/airflow/dags/subdags/subdag_downloads.py
[2023-10-01T13:49:18.316+0000] {processor.py:826} INFO - Processing file /opt/airflow/dags/subdags/subdag_downloads.py for tasks to queue
[2023-10-01T13:49:18.318+0000] {logging_mixin.py:150} INFO - [2023-10-01T13:49:18.318+0000] {dagbag.py:541} INFO - Filling up the DagBag from /opt/airflow/dags/subdags/subdag_downloads.py
[2023-10-01T13:49:18.329+0000] {processor.py:838} WARNING - No viable dags retrieved from /opt/airflow/dags/subdags/subdag_downloads.py
[2023-10-01T13:49:18.389+0000] {processor.py:179} INFO - Processing /opt/airflow/dags/subdags/subdag_downloads.py took 0.100 seconds
[2023-10-01T13:49:48.510+0000] {processor.py:157} INFO - Started process (PID=10733) to work on /opt/airflow/dags/subdags/subdag_downloads.py
[2023-10-01T13:49:48.517+0000] {processor.py:826} INFO - Processing file /opt/airflow/dags/subdags/subdag_downloads.py for tasks to queue
[2023-10-01T13:49:48.519+0000] {logging_mixin.py:150} INFO - [2023-10-01T13:49:48.518+0000] {dagbag.py:541} INFO - Filling up the DagBag from /opt/airflow/dags/subdags/subdag_downloads.py
[2023-10-01T13:49:48.528+0000] {processor.py:838} WARNING - No viable dags retrieved from /opt/airflow/dags/subdags/subdag_downloads.py
[2023-10-01T13:49:48.577+0000] {processor.py:179} INFO - Processing /opt/airflow/dags/subdags/subdag_downloads.py took 0.079 seconds
[2023-10-01T13:50:19.139+0000] {processor.py:157} INFO - Started process (PID=10761) to work on /opt/airflow/dags/subdags/subdag_downloads.py
[2023-10-01T13:50:19.148+0000] {processor.py:826} INFO - Processing file /opt/airflow/dags/subdags/subdag_downloads.py for tasks to queue
[2023-10-01T13:50:19.149+0000] {logging_mixin.py:150} INFO - [2023-10-01T13:50:19.149+0000] {dagbag.py:541} INFO - Filling up the DagBag from /opt/airflow/dags/subdags/subdag_downloads.py
[2023-10-01T13:50:19.158+0000] {processor.py:838} WARNING - No viable dags retrieved from /opt/airflow/dags/subdags/subdag_downloads.py
[2023-10-01T13:50:19.207+0000] {processor.py:179} INFO - Processing /opt/airflow/dags/subdags/subdag_downloads.py took 0.080 seconds
[2023-10-01T13:50:49.766+0000] {processor.py:157} INFO - Started process (PID=10789) to work on /opt/airflow/dags/subdags/subdag_downloads.py
[2023-10-01T13:50:49.768+0000] {processor.py:826} INFO - Processing file /opt/airflow/dags/subdags/subdag_downloads.py for tasks to queue
[2023-10-01T13:50:49.769+0000] {logging_mixin.py:150} INFO - [2023-10-01T13:50:49.769+0000] {dagbag.py:541} INFO - Filling up the DagBag from /opt/airflow/dags/subdags/subdag_downloads.py
[2023-10-01T13:50:49.778+0000] {processor.py:838} WARNING - No viable dags retrieved from /opt/airflow/dags/subdags/subdag_downloads.py
[2023-10-01T13:50:49.829+0000] {processor.py:179} INFO - Processing /opt/airflow/dags/subdags/subdag_downloads.py took 0.079 seconds
[2023-10-01T13:51:20.639+0000] {processor.py:157} INFO - Started process (PID=10816) to work on /opt/airflow/dags/subdags/subdag_downloads.py
[2023-10-01T13:51:20.648+0000] {processor.py:826} INFO - Processing file /opt/airflow/dags/subdags/subdag_downloads.py for tasks to queue
[2023-10-01T13:51:20.667+0000] {logging_mixin.py:150} INFO - [2023-10-01T13:51:20.649+0000] {dagbag.py:541} INFO - Filling up the DagBag from /opt/airflow/dags/subdags/subdag_downloads.py
[2023-10-01T13:51:20.677+0000] {processor.py:838} WARNING - No viable dags retrieved from /opt/airflow/dags/subdags/subdag_downloads.py
[2023-10-01T13:51:20.776+0000] {processor.py:179} INFO - Processing /opt/airflow/dags/subdags/subdag_downloads.py took 0.160 seconds
[2023-10-01T13:51:51.107+0000] {processor.py:157} INFO - Started process (PID=10842) to work on /opt/airflow/dags/subdags/subdag_downloads.py
[2023-10-01T13:51:51.109+0000] {processor.py:826} INFO - Processing file /opt/airflow/dags/subdags/subdag_downloads.py for tasks to queue
[2023-10-01T13:51:51.117+0000] {logging_mixin.py:150} INFO - [2023-10-01T13:51:51.117+0000] {dagbag.py:541} INFO - Filling up the DagBag from /opt/airflow/dags/subdags/subdag_downloads.py
[2023-10-01T13:51:51.127+0000] {processor.py:838} WARNING - No viable dags retrieved from /opt/airflow/dags/subdags/subdag_downloads.py
[2023-10-01T13:51:51.206+0000] {processor.py:179} INFO - Processing /opt/airflow/dags/subdags/subdag_downloads.py took 0.119 seconds
[2023-10-01T13:52:21.716+0000] {processor.py:157} INFO - Started process (PID=10861) to work on /opt/airflow/dags/subdags/subdag_downloads.py
[2023-10-01T13:52:21.717+0000] {processor.py:826} INFO - Processing file /opt/airflow/dags/subdags/subdag_downloads.py for tasks to queue
[2023-10-01T13:52:21.718+0000] {logging_mixin.py:150} INFO - [2023-10-01T13:52:21.718+0000] {dagbag.py:541} INFO - Filling up the DagBag from /opt/airflow/dags/subdags/subdag_downloads.py
[2023-10-01T13:52:21.727+0000] {processor.py:838} WARNING - No viable dags retrieved from /opt/airflow/dags/subdags/subdag_downloads.py
[2023-10-01T13:52:21.798+0000] {processor.py:179} INFO - Processing /opt/airflow/dags/subdags/subdag_downloads.py took 0.099 seconds
[2023-10-01T13:52:51.949+0000] {processor.py:157} INFO - Started process (PID=10888) to work on /opt/airflow/dags/subdags/subdag_downloads.py
[2023-10-01T13:52:51.958+0000] {processor.py:826} INFO - Processing file /opt/airflow/dags/subdags/subdag_downloads.py for tasks to queue
[2023-10-01T13:52:51.959+0000] {logging_mixin.py:150} INFO - [2023-10-01T13:52:51.959+0000] {dagbag.py:541} INFO - Filling up the DagBag from /opt/airflow/dags/subdags/subdag_downloads.py
[2023-10-01T13:52:51.977+0000] {processor.py:838} WARNING - No viable dags retrieved from /opt/airflow/dags/subdags/subdag_downloads.py
[2023-10-01T13:52:52.066+0000] {processor.py:179} INFO - Processing /opt/airflow/dags/subdags/subdag_downloads.py took 0.122 seconds
[2023-10-01T13:53:22.688+0000] {processor.py:157} INFO - Started process (PID=10915) to work on /opt/airflow/dags/subdags/subdag_downloads.py
[2023-10-01T13:53:22.689+0000] {processor.py:826} INFO - Processing file /opt/airflow/dags/subdags/subdag_downloads.py for tasks to queue
[2023-10-01T13:53:22.697+0000] {logging_mixin.py:150} INFO - [2023-10-01T13:53:22.697+0000] {dagbag.py:541} INFO - Filling up the DagBag from /opt/airflow/dags/subdags/subdag_downloads.py
[2023-10-01T13:53:22.707+0000] {processor.py:838} WARNING - No viable dags retrieved from /opt/airflow/dags/subdags/subdag_downloads.py
[2023-10-01T13:53:22.777+0000] {processor.py:179} INFO - Processing /opt/airflow/dags/subdags/subdag_downloads.py took 0.100 seconds
[2023-10-01T13:53:52.878+0000] {processor.py:157} INFO - Started process (PID=10942) to work on /opt/airflow/dags/subdags/subdag_downloads.py
[2023-10-01T13:53:52.886+0000] {processor.py:826} INFO - Processing file /opt/airflow/dags/subdags/subdag_downloads.py for tasks to queue
[2023-10-01T13:53:52.887+0000] {logging_mixin.py:150} INFO - [2023-10-01T13:53:52.887+0000] {dagbag.py:541} INFO - Filling up the DagBag from /opt/airflow/dags/subdags/subdag_downloads.py
[2023-10-01T13:53:52.899+0000] {processor.py:838} WARNING - No viable dags retrieved from /opt/airflow/dags/subdags/subdag_downloads.py
[2023-10-01T13:53:52.988+0000] {processor.py:179} INFO - Processing /opt/airflow/dags/subdags/subdag_downloads.py took 0.121 seconds
[2023-10-01T13:54:23.247+0000] {processor.py:157} INFO - Started process (PID=10968) to work on /opt/airflow/dags/subdags/subdag_downloads.py
[2023-10-01T13:54:23.249+0000] {processor.py:826} INFO - Processing file /opt/airflow/dags/subdags/subdag_downloads.py for tasks to queue
[2023-10-01T13:54:23.258+0000] {logging_mixin.py:150} INFO - [2023-10-01T13:54:23.258+0000] {dagbag.py:541} INFO - Filling up the DagBag from /opt/airflow/dags/subdags/subdag_downloads.py
[2023-10-01T13:54:23.277+0000] {processor.py:838} WARNING - No viable dags retrieved from /opt/airflow/dags/subdags/subdag_downloads.py
[2023-10-01T13:54:23.437+0000] {processor.py:179} INFO - Processing /opt/airflow/dags/subdags/subdag_downloads.py took 0.210 seconds
[2023-10-01T13:54:53.966+0000] {processor.py:157} INFO - Started process (PID=10995) to work on /opt/airflow/dags/subdags/subdag_downloads.py
[2023-10-01T13:54:53.968+0000] {processor.py:826} INFO - Processing file /opt/airflow/dags/subdags/subdag_downloads.py for tasks to queue
[2023-10-01T13:54:53.977+0000] {logging_mixin.py:150} INFO - [2023-10-01T13:54:53.977+0000] {dagbag.py:541} INFO - Filling up the DagBag from /opt/airflow/dags/subdags/subdag_downloads.py
[2023-10-01T13:54:53.997+0000] {processor.py:838} WARNING - No viable dags retrieved from /opt/airflow/dags/subdags/subdag_downloads.py
[2023-10-01T13:54:54.117+0000] {processor.py:179} INFO - Processing /opt/airflow/dags/subdags/subdag_downloads.py took 0.171 seconds
[2023-10-01T13:55:24.317+0000] {processor.py:157} INFO - Started process (PID=11022) to work on /opt/airflow/dags/subdags/subdag_downloads.py
[2023-10-01T13:55:24.326+0000] {processor.py:826} INFO - Processing file /opt/airflow/dags/subdags/subdag_downloads.py for tasks to queue
[2023-10-01T13:55:24.328+0000] {logging_mixin.py:150} INFO - [2023-10-01T13:55:24.327+0000] {dagbag.py:541} INFO - Filling up the DagBag from /opt/airflow/dags/subdags/subdag_downloads.py
[2023-10-01T13:55:24.347+0000] {processor.py:838} WARNING - No viable dags retrieved from /opt/airflow/dags/subdags/subdag_downloads.py
[2023-10-01T13:55:24.498+0000] {processor.py:179} INFO - Processing /opt/airflow/dags/subdags/subdag_downloads.py took 0.211 seconds
[2023-10-01T13:55:54.816+0000] {processor.py:157} INFO - Started process (PID=11049) to work on /opt/airflow/dags/subdags/subdag_downloads.py
[2023-10-01T13:55:54.828+0000] {processor.py:826} INFO - Processing file /opt/airflow/dags/subdags/subdag_downloads.py for tasks to queue
[2023-10-01T13:55:54.837+0000] {logging_mixin.py:150} INFO - [2023-10-01T13:55:54.836+0000] {dagbag.py:541} INFO - Filling up the DagBag from /opt/airflow/dags/subdags/subdag_downloads.py
[2023-10-01T13:55:54.848+0000] {processor.py:838} WARNING - No viable dags retrieved from /opt/airflow/dags/subdags/subdag_downloads.py
[2023-10-01T13:55:54.968+0000] {processor.py:179} INFO - Processing /opt/airflow/dags/subdags/subdag_downloads.py took 0.181 seconds
[2023-10-01T13:56:25.778+0000] {processor.py:157} INFO - Started process (PID=11077) to work on /opt/airflow/dags/subdags/subdag_downloads.py
[2023-10-01T13:56:25.797+0000] {processor.py:826} INFO - Processing file /opt/airflow/dags/subdags/subdag_downloads.py for tasks to queue
[2023-10-01T13:56:25.807+0000] {logging_mixin.py:150} INFO - [2023-10-01T13:56:25.798+0000] {dagbag.py:541} INFO - Filling up the DagBag from /opt/airflow/dags/subdags/subdag_downloads.py
[2023-10-01T13:56:25.827+0000] {processor.py:838} WARNING - No viable dags retrieved from /opt/airflow/dags/subdags/subdag_downloads.py
[2023-10-01T13:56:26.007+0000] {processor.py:179} INFO - Processing /opt/airflow/dags/subdags/subdag_downloads.py took 0.259 seconds
[2023-10-01T13:56:56.607+0000] {processor.py:157} INFO - Started process (PID=11104) to work on /opt/airflow/dags/subdags/subdag_downloads.py
[2023-10-01T13:56:56.617+0000] {processor.py:826} INFO - Processing file /opt/airflow/dags/subdags/subdag_downloads.py for tasks to queue
[2023-10-01T13:56:56.627+0000] {logging_mixin.py:150} INFO - [2023-10-01T13:56:56.618+0000] {dagbag.py:541} INFO - Filling up the DagBag from /opt/airflow/dags/subdags/subdag_downloads.py
[2023-10-01T13:56:56.647+0000] {processor.py:838} WARNING - No viable dags retrieved from /opt/airflow/dags/subdags/subdag_downloads.py
[2023-10-01T13:56:56.777+0000] {processor.py:179} INFO - Processing /opt/airflow/dags/subdags/subdag_downloads.py took 0.200 seconds
[2023-10-01T13:57:27.087+0000] {processor.py:157} INFO - Started process (PID=11122) to work on /opt/airflow/dags/subdags/subdag_downloads.py
[2023-10-01T13:57:27.097+0000] {processor.py:826} INFO - Processing file /opt/airflow/dags/subdags/subdag_downloads.py for tasks to queue
[2023-10-01T13:57:27.106+0000] {logging_mixin.py:150} INFO - [2023-10-01T13:57:27.098+0000] {dagbag.py:541} INFO - Filling up the DagBag from /opt/airflow/dags/subdags/subdag_downloads.py
[2023-10-01T13:57:27.117+0000] {processor.py:838} WARNING - No viable dags retrieved from /opt/airflow/dags/subdags/subdag_downloads.py
[2023-10-01T13:57:27.228+0000] {processor.py:179} INFO - Processing /opt/airflow/dags/subdags/subdag_downloads.py took 0.170 seconds
[2023-10-01T13:57:57.497+0000] {processor.py:157} INFO - Started process (PID=11149) to work on /opt/airflow/dags/subdags/subdag_downloads.py
[2023-10-01T13:57:57.507+0000] {processor.py:826} INFO - Processing file /opt/airflow/dags/subdags/subdag_downloads.py for tasks to queue
[2023-10-01T13:57:57.518+0000] {logging_mixin.py:150} INFO - [2023-10-01T13:57:57.517+0000] {dagbag.py:541} INFO - Filling up the DagBag from /opt/airflow/dags/subdags/subdag_downloads.py
[2023-10-01T13:57:57.557+0000] {processor.py:838} WARNING - No viable dags retrieved from /opt/airflow/dags/subdags/subdag_downloads.py
[2023-10-01T13:57:57.727+0000] {processor.py:179} INFO - Processing /opt/airflow/dags/subdags/subdag_downloads.py took 0.269 seconds
[2023-10-01T13:58:28.006+0000] {processor.py:157} INFO - Started process (PID=11177) to work on /opt/airflow/dags/subdags/subdag_downloads.py
[2023-10-01T13:58:28.008+0000] {processor.py:826} INFO - Processing file /opt/airflow/dags/subdags/subdag_downloads.py for tasks to queue
[2023-10-01T13:58:28.018+0000] {logging_mixin.py:150} INFO - [2023-10-01T13:58:28.017+0000] {dagbag.py:541} INFO - Filling up the DagBag from /opt/airflow/dags/subdags/subdag_downloads.py
[2023-10-01T13:58:28.046+0000] {processor.py:838} WARNING - No viable dags retrieved from /opt/airflow/dags/subdags/subdag_downloads.py
[2023-10-01T13:58:28.247+0000] {processor.py:179} INFO - Processing /opt/airflow/dags/subdags/subdag_downloads.py took 0.290 seconds
[2023-10-01T13:58:58.627+0000] {processor.py:157} INFO - Started process (PID=11204) to work on /opt/airflow/dags/subdags/subdag_downloads.py
[2023-10-01T13:58:58.646+0000] {processor.py:826} INFO - Processing file /opt/airflow/dags/subdags/subdag_downloads.py for tasks to queue
[2023-10-01T13:58:58.657+0000] {logging_mixin.py:150} INFO - [2023-10-01T13:58:58.648+0000] {dagbag.py:541} INFO - Filling up the DagBag from /opt/airflow/dags/subdags/subdag_downloads.py
[2023-10-01T13:58:58.677+0000] {processor.py:838} WARNING - No viable dags retrieved from /opt/airflow/dags/subdags/subdag_downloads.py
[2023-10-01T13:58:58.837+0000] {processor.py:179} INFO - Processing /opt/airflow/dags/subdags/subdag_downloads.py took 0.241 seconds
[2023-10-01T13:59:29.687+0000] {processor.py:157} INFO - Started process (PID=11231) to work on /opt/airflow/dags/subdags/subdag_downloads.py
[2023-10-01T13:59:29.726+0000] {processor.py:826} INFO - Processing file /opt/airflow/dags/subdags/subdag_downloads.py for tasks to queue
[2023-10-01T13:59:29.736+0000] {logging_mixin.py:150} INFO - [2023-10-01T13:59:29.727+0000] {dagbag.py:541} INFO - Filling up the DagBag from /opt/airflow/dags/subdags/subdag_downloads.py
[2023-10-01T13:59:29.797+0000] {processor.py:838} WARNING - No viable dags retrieved from /opt/airflow/dags/subdags/subdag_downloads.py
[2023-10-01T13:59:30.207+0000] {processor.py:179} INFO - Processing /opt/airflow/dags/subdags/subdag_downloads.py took 0.580 seconds
[2023-10-01T14:00:01.426+0000] {processor.py:157} INFO - Started process (PID=11259) to work on /opt/airflow/dags/subdags/subdag_downloads.py
[2023-10-01T14:00:01.447+0000] {processor.py:826} INFO - Processing file /opt/airflow/dags/subdags/subdag_downloads.py for tasks to queue
[2023-10-01T14:00:01.466+0000] {logging_mixin.py:150} INFO - [2023-10-01T14:00:01.457+0000] {dagbag.py:541} INFO - Filling up the DagBag from /opt/airflow/dags/subdags/subdag_downloads.py
[2023-10-01T14:00:01.517+0000] {processor.py:838} WARNING - No viable dags retrieved from /opt/airflow/dags/subdags/subdag_downloads.py
[2023-10-01T14:00:01.897+0000] {processor.py:179} INFO - Processing /opt/airflow/dags/subdags/subdag_downloads.py took 0.540 seconds
[2023-10-01T14:00:32.696+0000] {processor.py:157} INFO - Started process (PID=11278) to work on /opt/airflow/dags/subdags/subdag_downloads.py
[2023-10-01T14:00:32.716+0000] {processor.py:826} INFO - Processing file /opt/airflow/dags/subdags/subdag_downloads.py for tasks to queue
[2023-10-01T14:00:32.747+0000] {logging_mixin.py:150} INFO - [2023-10-01T14:00:32.737+0000] {dagbag.py:541} INFO - Filling up the DagBag from /opt/airflow/dags/subdags/subdag_downloads.py
[2023-10-01T14:00:32.847+0000] {processor.py:838} WARNING - No viable dags retrieved from /opt/airflow/dags/subdags/subdag_downloads.py
[2023-10-01T14:00:33.207+0000] {processor.py:179} INFO - Processing /opt/airflow/dags/subdags/subdag_downloads.py took 0.631 seconds
[2023-10-01T14:01:04.147+0000] {processor.py:157} INFO - Started process (PID=11306) to work on /opt/airflow/dags/subdags/subdag_downloads.py
[2023-10-01T14:01:04.177+0000] {processor.py:826} INFO - Processing file /opt/airflow/dags/subdags/subdag_downloads.py for tasks to queue
[2023-10-01T14:01:04.207+0000] {logging_mixin.py:150} INFO - [2023-10-01T14:01:04.197+0000] {dagbag.py:541} INFO - Filling up the DagBag from /opt/airflow/dags/subdags/subdag_downloads.py
[2023-10-01T14:01:04.276+0000] {processor.py:838} WARNING - No viable dags retrieved from /opt/airflow/dags/subdags/subdag_downloads.py
[2023-10-01T14:01:04.657+0000] {processor.py:179} INFO - Processing /opt/airflow/dags/subdags/subdag_downloads.py took 0.601 seconds
[2023-10-01T14:01:48.087+0000] {processor.py:157} INFO - Started process (PID=11334) to work on /opt/airflow/dags/subdags/subdag_downloads.py
[2023-10-01T14:01:48.317+0000] {processor.py:826} INFO - Processing file /opt/airflow/dags/subdags/subdag_downloads.py for tasks to queue
[2023-10-01T14:01:48.457+0000] {logging_mixin.py:150} INFO - [2023-10-01T14:01:48.407+0000] {dagbag.py:541} INFO - Filling up the DagBag from /opt/airflow/dags/subdags/subdag_downloads.py
[2023-10-01T14:01:48.766+0000] {processor.py:838} WARNING - No viable dags retrieved from /opt/airflow/dags/subdags/subdag_downloads.py
[2023-10-01T14:01:49.487+0000] {processor.py:179} INFO - Processing /opt/airflow/dags/subdags/subdag_downloads.py took 1.890 seconds
[2023-10-01T14:02:27.397+0000] {processor.py:157} INFO - Started process (PID=11360) to work on /opt/airflow/dags/subdags/subdag_downloads.py
[2023-10-01T14:02:27.466+0000] {processor.py:826} INFO - Processing file /opt/airflow/dags/subdags/subdag_downloads.py for tasks to queue
[2023-10-01T14:02:27.517+0000] {logging_mixin.py:150} INFO - [2023-10-01T14:02:27.516+0000] {dagbag.py:541} INFO - Filling up the DagBag from /opt/airflow/dags/subdags/subdag_downloads.py
[2023-10-01T14:02:27.577+0000] {processor.py:838} WARNING - No viable dags retrieved from /opt/airflow/dags/subdags/subdag_downloads.py
[2023-10-01T14:02:28.747+0000] {processor.py:179} INFO - Processing /opt/airflow/dags/subdags/subdag_downloads.py took 1.600 seconds
[2023-10-01T14:03:02.966+0000] {processor.py:157} INFO - Started process (PID=11384) to work on /opt/airflow/dags/subdags/subdag_downloads.py
[2023-10-01T14:03:03.146+0000] {processor.py:826} INFO - Processing file /opt/airflow/dags/subdags/subdag_downloads.py for tasks to queue
[2023-10-01T14:03:03.267+0000] {logging_mixin.py:150} INFO - [2023-10-01T14:03:03.236+0000] {dagbag.py:541} INFO - Filling up the DagBag from /opt/airflow/dags/subdags/subdag_downloads.py
[2023-10-01T14:03:03.647+0000] {processor.py:838} WARNING - No viable dags retrieved from /opt/airflow/dags/subdags/subdag_downloads.py
[2023-10-01T14:03:05.427+0000] {processor.py:179} INFO - Processing /opt/airflow/dags/subdags/subdag_downloads.py took 2.760 seconds
[2023-10-01T14:04:15.976+0000] {processor.py:157} INFO - Started process (PID=11416) to work on /opt/airflow/dags/subdags/subdag_downloads.py
[2023-10-01T14:04:16.066+0000] {processor.py:826} INFO - Processing file /opt/airflow/dags/subdags/subdag_downloads.py for tasks to queue
[2023-10-01T14:04:16.196+0000] {logging_mixin.py:150} INFO - [2023-10-01T14:04:16.096+0000] {dagbag.py:541} INFO - Filling up the DagBag from /opt/airflow/dags/subdags/subdag_downloads.py
[2023-10-01T14:04:16.616+0000] {processor.py:838} WARNING - No viable dags retrieved from /opt/airflow/dags/subdags/subdag_downloads.py
[2023-10-01T14:04:19.516+0000] {processor.py:179} INFO - Processing /opt/airflow/dags/subdags/subdag_downloads.py took 4.080 seconds
