[2023-10-01T13:21:54.423+0000] {processor.py:157} INFO - Started process (PID=9243) to work on /opt/airflow/dags/subdags/subdag_transforms.py
[2023-10-01T13:21:54.424+0000] {processor.py:826} INFO - Processing file /opt/airflow/dags/subdags/subdag_transforms.py for tasks to queue
[2023-10-01T13:21:54.453+0000] {logging_mixin.py:150} INFO - [2023-10-01T13:21:54.452+0000] {dagbag.py:541} INFO - Filling up the DagBag from /opt/airflow/dags/subdags/subdag_transforms.py
[2023-10-01T13:21:54.488+0000] {processor.py:838} WARNING - No viable dags retrieved from /opt/airflow/dags/subdags/subdag_transforms.py
[2023-10-01T13:21:54.620+0000] {processor.py:179} INFO - Processing /opt/airflow/dags/subdags/subdag_transforms.py took 0.202 seconds
[2023-10-01T13:22:25.398+0000] {processor.py:157} INFO - Started process (PID=9286) to work on /opt/airflow/dags/subdags/subdag_transforms.py
[2023-10-01T13:22:25.401+0000] {processor.py:826} INFO - Processing file /opt/airflow/dags/subdags/subdag_transforms.py for tasks to queue
[2023-10-01T13:22:25.402+0000] {logging_mixin.py:150} INFO - [2023-10-01T13:22:25.402+0000] {dagbag.py:541} INFO - Filling up the DagBag from /opt/airflow/dags/subdags/subdag_transforms.py
[2023-10-01T13:22:25.406+0000] {processor.py:838} WARNING - No viable dags retrieved from /opt/airflow/dags/subdags/subdag_transforms.py
[2023-10-01T13:22:25.428+0000] {processor.py:179} INFO - Processing /opt/airflow/dags/subdags/subdag_transforms.py took 0.036 seconds
[2023-10-01T13:22:55.517+0000] {processor.py:157} INFO - Started process (PID=9312) to work on /opt/airflow/dags/subdags/subdag_transforms.py
[2023-10-01T13:22:55.519+0000] {processor.py:826} INFO - Processing file /opt/airflow/dags/subdags/subdag_transforms.py for tasks to queue
[2023-10-01T13:22:55.519+0000] {logging_mixin.py:150} INFO - [2023-10-01T13:22:55.519+0000] {dagbag.py:541} INFO - Filling up the DagBag from /opt/airflow/dags/subdags/subdag_transforms.py
[2023-10-01T13:22:55.521+0000] {processor.py:838} WARNING - No viable dags retrieved from /opt/airflow/dags/subdags/subdag_transforms.py
[2023-10-01T13:22:55.536+0000] {processor.py:179} INFO - Processing /opt/airflow/dags/subdags/subdag_transforms.py took 0.023 seconds
[2023-10-01T13:23:26.271+0000] {processor.py:157} INFO - Started process (PID=9335) to work on /opt/airflow/dags/subdags/subdag_transforms.py
[2023-10-01T13:23:26.271+0000] {processor.py:826} INFO - Processing file /opt/airflow/dags/subdags/subdag_transforms.py for tasks to queue
[2023-10-01T13:23:26.272+0000] {logging_mixin.py:150} INFO - [2023-10-01T13:23:26.272+0000] {dagbag.py:541} INFO - Filling up the DagBag from /opt/airflow/dags/subdags/subdag_transforms.py
[2023-10-01T13:23:26.274+0000] {processor.py:838} WARNING - No viable dags retrieved from /opt/airflow/dags/subdags/subdag_transforms.py
[2023-10-01T13:23:26.293+0000] {processor.py:179} INFO - Processing /opt/airflow/dags/subdags/subdag_transforms.py took 0.027 seconds
[2023-10-01T13:23:56.435+0000] {processor.py:157} INFO - Started process (PID=9362) to work on /opt/airflow/dags/subdags/subdag_transforms.py
[2023-10-01T13:23:56.440+0000] {processor.py:826} INFO - Processing file /opt/airflow/dags/subdags/subdag_transforms.py for tasks to queue
[2023-10-01T13:23:56.441+0000] {logging_mixin.py:150} INFO - [2023-10-01T13:23:56.441+0000] {dagbag.py:541} INFO - Filling up the DagBag from /opt/airflow/dags/subdags/subdag_transforms.py
[2023-10-01T13:23:56.443+0000] {processor.py:838} WARNING - No viable dags retrieved from /opt/airflow/dags/subdags/subdag_transforms.py
[2023-10-01T13:23:56.462+0000] {processor.py:179} INFO - Processing /opt/airflow/dags/subdags/subdag_transforms.py took 0.031 seconds
[2023-10-01T13:24:26.642+0000] {processor.py:157} INFO - Started process (PID=9389) to work on /opt/airflow/dags/subdags/subdag_transforms.py
[2023-10-01T13:24:26.644+0000] {processor.py:826} INFO - Processing file /opt/airflow/dags/subdags/subdag_transforms.py for tasks to queue
[2023-10-01T13:24:26.644+0000] {logging_mixin.py:150} INFO - [2023-10-01T13:24:26.644+0000] {dagbag.py:541} INFO - Filling up the DagBag from /opt/airflow/dags/subdags/subdag_transforms.py
[2023-10-01T13:24:26.647+0000] {processor.py:838} WARNING - No viable dags retrieved from /opt/airflow/dags/subdags/subdag_transforms.py
[2023-10-01T13:24:26.664+0000] {processor.py:179} INFO - Processing /opt/airflow/dags/subdags/subdag_transforms.py took 0.025 seconds
[2023-10-01T13:24:56.798+0000] {processor.py:157} INFO - Started process (PID=9416) to work on /opt/airflow/dags/subdags/subdag_transforms.py
[2023-10-01T13:24:56.800+0000] {processor.py:826} INFO - Processing file /opt/airflow/dags/subdags/subdag_transforms.py for tasks to queue
[2023-10-01T13:24:56.802+0000] {logging_mixin.py:150} INFO - [2023-10-01T13:24:56.801+0000] {dagbag.py:541} INFO - Filling up the DagBag from /opt/airflow/dags/subdags/subdag_transforms.py
[2023-10-01T13:24:56.805+0000] {processor.py:838} WARNING - No viable dags retrieved from /opt/airflow/dags/subdags/subdag_transforms.py
[2023-10-01T13:24:56.830+0000] {processor.py:179} INFO - Processing /opt/airflow/dags/subdags/subdag_transforms.py took 0.040 seconds
[2023-10-01T13:25:27.091+0000] {processor.py:157} INFO - Started process (PID=9443) to work on /opt/airflow/dags/subdags/subdag_transforms.py
[2023-10-01T13:25:27.093+0000] {processor.py:826} INFO - Processing file /opt/airflow/dags/subdags/subdag_transforms.py for tasks to queue
[2023-10-01T13:25:27.094+0000] {logging_mixin.py:150} INFO - [2023-10-01T13:25:27.093+0000] {dagbag.py:541} INFO - Filling up the DagBag from /opt/airflow/dags/subdags/subdag_transforms.py
[2023-10-01T13:25:27.097+0000] {processor.py:838} WARNING - No viable dags retrieved from /opt/airflow/dags/subdags/subdag_transforms.py
[2023-10-01T13:25:27.115+0000] {processor.py:179} INFO - Processing /opt/airflow/dags/subdags/subdag_transforms.py took 0.028 seconds
[2023-10-01T13:25:57.251+0000] {processor.py:157} INFO - Started process (PID=9469) to work on /opt/airflow/dags/subdags/subdag_transforms.py
[2023-10-01T13:25:57.253+0000] {processor.py:826} INFO - Processing file /opt/airflow/dags/subdags/subdag_transforms.py for tasks to queue
[2023-10-01T13:25:57.254+0000] {logging_mixin.py:150} INFO - [2023-10-01T13:25:57.253+0000] {dagbag.py:541} INFO - Filling up the DagBag from /opt/airflow/dags/subdags/subdag_transforms.py
[2023-10-01T13:25:57.257+0000] {processor.py:838} WARNING - No viable dags retrieved from /opt/airflow/dags/subdags/subdag_transforms.py
[2023-10-01T13:25:57.274+0000] {processor.py:179} INFO - Processing /opt/airflow/dags/subdags/subdag_transforms.py took 0.029 seconds
[2023-10-01T13:26:27.443+0000] {processor.py:157} INFO - Started process (PID=9496) to work on /opt/airflow/dags/subdags/subdag_transforms.py
[2023-10-01T13:26:27.447+0000] {processor.py:826} INFO - Processing file /opt/airflow/dags/subdags/subdag_transforms.py for tasks to queue
[2023-10-01T13:26:27.448+0000] {logging_mixin.py:150} INFO - [2023-10-01T13:26:27.448+0000] {dagbag.py:541} INFO - Filling up the DagBag from /opt/airflow/dags/subdags/subdag_transforms.py
[2023-10-01T13:26:27.450+0000] {processor.py:838} WARNING - No viable dags retrieved from /opt/airflow/dags/subdags/subdag_transforms.py
[2023-10-01T13:26:27.468+0000] {processor.py:179} INFO - Processing /opt/airflow/dags/subdags/subdag_transforms.py took 0.028 seconds
[2023-10-01T13:26:57.753+0000] {processor.py:157} INFO - Started process (PID=9522) to work on /opt/airflow/dags/subdags/subdag_transforms.py
[2023-10-01T13:26:57.754+0000] {processor.py:826} INFO - Processing file /opt/airflow/dags/subdags/subdag_transforms.py for tasks to queue
[2023-10-01T13:26:57.754+0000] {logging_mixin.py:150} INFO - [2023-10-01T13:26:57.754+0000] {dagbag.py:541} INFO - Filling up the DagBag from /opt/airflow/dags/subdags/subdag_transforms.py
[2023-10-01T13:26:57.757+0000] {processor.py:838} WARNING - No viable dags retrieved from /opt/airflow/dags/subdags/subdag_transforms.py
[2023-10-01T13:26:57.773+0000] {processor.py:179} INFO - Processing /opt/airflow/dags/subdags/subdag_transforms.py took 0.025 seconds
[2023-10-01T13:27:28.030+0000] {processor.py:157} INFO - Started process (PID=9549) to work on /opt/airflow/dags/subdags/subdag_transforms.py
[2023-10-01T13:27:28.034+0000] {processor.py:826} INFO - Processing file /opt/airflow/dags/subdags/subdag_transforms.py for tasks to queue
[2023-10-01T13:27:28.034+0000] {logging_mixin.py:150} INFO - [2023-10-01T13:27:28.034+0000] {dagbag.py:541} INFO - Filling up the DagBag from /opt/airflow/dags/subdags/subdag_transforms.py
[2023-10-01T13:27:28.037+0000] {processor.py:838} WARNING - No viable dags retrieved from /opt/airflow/dags/subdags/subdag_transforms.py
[2023-10-01T13:27:28.052+0000] {processor.py:179} INFO - Processing /opt/airflow/dags/subdags/subdag_transforms.py took 0.026 seconds
[2023-10-01T13:27:58.231+0000] {processor.py:157} INFO - Started process (PID=9576) to work on /opt/airflow/dags/subdags/subdag_transforms.py
[2023-10-01T13:27:58.233+0000] {processor.py:826} INFO - Processing file /opt/airflow/dags/subdags/subdag_transforms.py for tasks to queue
[2023-10-01T13:27:58.234+0000] {logging_mixin.py:150} INFO - [2023-10-01T13:27:58.233+0000] {dagbag.py:541} INFO - Filling up the DagBag from /opt/airflow/dags/subdags/subdag_transforms.py
[2023-10-01T13:27:58.237+0000] {processor.py:838} WARNING - No viable dags retrieved from /opt/airflow/dags/subdags/subdag_transforms.py
[2023-10-01T13:27:58.257+0000] {processor.py:179} INFO - Processing /opt/airflow/dags/subdags/subdag_transforms.py took 0.029 seconds
[2023-10-01T13:28:28.829+0000] {processor.py:157} INFO - Started process (PID=9604) to work on /opt/airflow/dags/subdags/subdag_transforms.py
[2023-10-01T13:28:28.829+0000] {processor.py:826} INFO - Processing file /opt/airflow/dags/subdags/subdag_transforms.py for tasks to queue
[2023-10-01T13:28:28.830+0000] {logging_mixin.py:150} INFO - [2023-10-01T13:28:28.830+0000] {dagbag.py:541} INFO - Filling up the DagBag from /opt/airflow/dags/subdags/subdag_transforms.py
[2023-10-01T13:28:28.832+0000] {processor.py:838} WARNING - No viable dags retrieved from /opt/airflow/dags/subdags/subdag_transforms.py
[2023-10-01T13:28:28.852+0000] {processor.py:179} INFO - Processing /opt/airflow/dags/subdags/subdag_transforms.py took 0.028 seconds
[2023-10-01T13:28:59.461+0000] {processor.py:157} INFO - Started process (PID=9631) to work on /opt/airflow/dags/subdags/subdag_transforms.py
[2023-10-01T13:28:59.467+0000] {processor.py:826} INFO - Processing file /opt/airflow/dags/subdags/subdag_transforms.py for tasks to queue
[2023-10-01T13:28:59.468+0000] {logging_mixin.py:150} INFO - [2023-10-01T13:28:59.467+0000] {dagbag.py:541} INFO - Filling up the DagBag from /opt/airflow/dags/subdags/subdag_transforms.py
[2023-10-01T13:28:59.470+0000] {processor.py:838} WARNING - No viable dags retrieved from /opt/airflow/dags/subdags/subdag_transforms.py
[2023-10-01T13:28:59.490+0000] {processor.py:179} INFO - Processing /opt/airflow/dags/subdags/subdag_transforms.py took 0.032 seconds
[2023-10-01T13:29:29.999+0000] {processor.py:157} INFO - Started process (PID=9658) to work on /opt/airflow/dags/subdags/subdag_transforms.py
[2023-10-01T13:29:30.006+0000] {processor.py:826} INFO - Processing file /opt/airflow/dags/subdags/subdag_transforms.py for tasks to queue
[2023-10-01T13:29:30.007+0000] {logging_mixin.py:150} INFO - [2023-10-01T13:29:30.007+0000] {dagbag.py:541} INFO - Filling up the DagBag from /opt/airflow/dags/subdags/subdag_transforms.py
[2023-10-01T13:29:30.009+0000] {processor.py:838} WARNING - No viable dags retrieved from /opt/airflow/dags/subdags/subdag_transforms.py
[2023-10-01T13:29:30.027+0000] {processor.py:179} INFO - Processing /opt/airflow/dags/subdags/subdag_transforms.py took 0.030 seconds
[2023-10-01T13:30:00.590+0000] {processor.py:157} INFO - Started process (PID=9686) to work on /opt/airflow/dags/subdags/subdag_transforms.py
[2023-10-01T13:30:00.591+0000] {processor.py:826} INFO - Processing file /opt/airflow/dags/subdags/subdag_transforms.py for tasks to queue
[2023-10-01T13:30:00.591+0000] {logging_mixin.py:150} INFO - [2023-10-01T13:30:00.591+0000] {dagbag.py:541} INFO - Filling up the DagBag from /opt/airflow/dags/subdags/subdag_transforms.py
[2023-10-01T13:30:00.593+0000] {processor.py:838} WARNING - No viable dags retrieved from /opt/airflow/dags/subdags/subdag_transforms.py
[2023-10-01T13:30:00.612+0000] {processor.py:179} INFO - Processing /opt/airflow/dags/subdags/subdag_transforms.py took 0.026 seconds
[2023-10-01T13:30:30.823+0000] {processor.py:157} INFO - Started process (PID=9713) to work on /opt/airflow/dags/subdags/subdag_transforms.py
[2023-10-01T13:30:30.827+0000] {processor.py:826} INFO - Processing file /opt/airflow/dags/subdags/subdag_transforms.py for tasks to queue
[2023-10-01T13:30:30.828+0000] {logging_mixin.py:150} INFO - [2023-10-01T13:30:30.828+0000] {dagbag.py:541} INFO - Filling up the DagBag from /opt/airflow/dags/subdags/subdag_transforms.py
[2023-10-01T13:30:30.830+0000] {processor.py:838} WARNING - No viable dags retrieved from /opt/airflow/dags/subdags/subdag_transforms.py
[2023-10-01T13:30:30.851+0000] {processor.py:179} INFO - Processing /opt/airflow/dags/subdags/subdag_transforms.py took 0.032 seconds
[2023-10-01T13:31:01.107+0000] {processor.py:157} INFO - Started process (PID=9740) to work on /opt/airflow/dags/subdags/subdag_transforms.py
[2023-10-01T13:31:01.111+0000] {processor.py:826} INFO - Processing file /opt/airflow/dags/subdags/subdag_transforms.py for tasks to queue
[2023-10-01T13:31:01.111+0000] {logging_mixin.py:150} INFO - [2023-10-01T13:31:01.111+0000] {dagbag.py:541} INFO - Filling up the DagBag from /opt/airflow/dags/subdags/subdag_transforms.py
[2023-10-01T13:31:01.113+0000] {processor.py:838} WARNING - No viable dags retrieved from /opt/airflow/dags/subdags/subdag_transforms.py
[2023-10-01T13:31:01.132+0000] {processor.py:179} INFO - Processing /opt/airflow/dags/subdags/subdag_transforms.py took 0.030 seconds
[2023-10-01T13:31:31.706+0000] {processor.py:157} INFO - Started process (PID=9768) to work on /opt/airflow/dags/subdags/subdag_transforms.py
[2023-10-01T13:31:31.708+0000] {processor.py:826} INFO - Processing file /opt/airflow/dags/subdags/subdag_transforms.py for tasks to queue
[2023-10-01T13:31:31.708+0000] {logging_mixin.py:150} INFO - [2023-10-01T13:31:31.708+0000] {dagbag.py:541} INFO - Filling up the DagBag from /opt/airflow/dags/subdags/subdag_transforms.py
[2023-10-01T13:31:31.710+0000] {processor.py:838} WARNING - No viable dags retrieved from /opt/airflow/dags/subdags/subdag_transforms.py
[2023-10-01T13:31:31.731+0000] {processor.py:179} INFO - Processing /opt/airflow/dags/subdags/subdag_transforms.py took 0.030 seconds
[2023-10-01T13:32:01.930+0000] {processor.py:157} INFO - Started process (PID=9795) to work on /opt/airflow/dags/subdags/subdag_transforms.py
[2023-10-01T13:32:01.931+0000] {processor.py:826} INFO - Processing file /opt/airflow/dags/subdags/subdag_transforms.py for tasks to queue
[2023-10-01T13:32:01.932+0000] {logging_mixin.py:150} INFO - [2023-10-01T13:32:01.931+0000] {dagbag.py:541} INFO - Filling up the DagBag from /opt/airflow/dags/subdags/subdag_transforms.py
[2023-10-01T13:32:01.933+0000] {processor.py:838} WARNING - No viable dags retrieved from /opt/airflow/dags/subdags/subdag_transforms.py
[2023-10-01T13:32:01.951+0000] {processor.py:179} INFO - Processing /opt/airflow/dags/subdags/subdag_transforms.py took 0.027 seconds
[2023-10-01T13:32:32.343+0000] {processor.py:157} INFO - Started process (PID=9822) to work on /opt/airflow/dags/subdags/subdag_transforms.py
[2023-10-01T13:32:32.346+0000] {processor.py:826} INFO - Processing file /opt/airflow/dags/subdags/subdag_transforms.py for tasks to queue
[2023-10-01T13:32:32.347+0000] {logging_mixin.py:150} INFO - [2023-10-01T13:32:32.347+0000] {dagbag.py:541} INFO - Filling up the DagBag from /opt/airflow/dags/subdags/subdag_transforms.py
[2023-10-01T13:32:32.349+0000] {processor.py:838} WARNING - No viable dags retrieved from /opt/airflow/dags/subdags/subdag_transforms.py
[2023-10-01T13:32:32.377+0000] {processor.py:179} INFO - Processing /opt/airflow/dags/subdags/subdag_transforms.py took 0.040 seconds
[2023-10-01T13:33:03.183+0000] {processor.py:157} INFO - Started process (PID=9849) to work on /opt/airflow/dags/subdags/subdag_transforms.py
[2023-10-01T13:33:03.188+0000] {processor.py:826} INFO - Processing file /opt/airflow/dags/subdags/subdag_transforms.py for tasks to queue
[2023-10-01T13:33:03.190+0000] {logging_mixin.py:150} INFO - [2023-10-01T13:33:03.189+0000] {dagbag.py:541} INFO - Filling up the DagBag from /opt/airflow/dags/subdags/subdag_transforms.py
[2023-10-01T13:33:03.193+0000] {processor.py:838} WARNING - No viable dags retrieved from /opt/airflow/dags/subdags/subdag_transforms.py
[2023-10-01T13:33:03.229+0000] {processor.py:179} INFO - Processing /opt/airflow/dags/subdags/subdag_transforms.py took 0.051 seconds
[2023-10-01T13:33:33.863+0000] {processor.py:157} INFO - Started process (PID=9876) to work on /opt/airflow/dags/subdags/subdag_transforms.py
[2023-10-01T13:33:33.867+0000] {processor.py:826} INFO - Processing file /opt/airflow/dags/subdags/subdag_transforms.py for tasks to queue
[2023-10-01T13:33:33.868+0000] {logging_mixin.py:150} INFO - [2023-10-01T13:33:33.868+0000] {dagbag.py:541} INFO - Filling up the DagBag from /opt/airflow/dags/subdags/subdag_transforms.py
[2023-10-01T13:33:33.870+0000] {processor.py:838} WARNING - No viable dags retrieved from /opt/airflow/dags/subdags/subdag_transforms.py
[2023-10-01T13:33:33.892+0000] {processor.py:179} INFO - Processing /opt/airflow/dags/subdags/subdag_transforms.py took 0.032 seconds
[2023-10-01T13:34:04.307+0000] {processor.py:157} INFO - Started process (PID=9903) to work on /opt/airflow/dags/subdags/subdag_transforms.py
[2023-10-01T13:34:04.309+0000] {processor.py:826} INFO - Processing file /opt/airflow/dags/subdags/subdag_transforms.py for tasks to queue
[2023-10-01T13:34:04.309+0000] {logging_mixin.py:150} INFO - [2023-10-01T13:34:04.309+0000] {dagbag.py:541} INFO - Filling up the DagBag from /opt/airflow/dags/subdags/subdag_transforms.py
[2023-10-01T13:34:04.312+0000] {processor.py:838} WARNING - No viable dags retrieved from /opt/airflow/dags/subdags/subdag_transforms.py
[2023-10-01T13:34:04.341+0000] {processor.py:179} INFO - Processing /opt/airflow/dags/subdags/subdag_transforms.py took 0.040 seconds
[2023-10-01T13:34:34.786+0000] {processor.py:157} INFO - Started process (PID=9930) to work on /opt/airflow/dags/subdags/subdag_transforms.py
[2023-10-01T13:34:34.797+0000] {processor.py:826} INFO - Processing file /opt/airflow/dags/subdags/subdag_transforms.py for tasks to queue
[2023-10-01T13:34:34.797+0000] {logging_mixin.py:150} INFO - [2023-10-01T13:34:34.797+0000] {dagbag.py:541} INFO - Filling up the DagBag from /opt/airflow/dags/subdags/subdag_transforms.py
[2023-10-01T13:34:34.799+0000] {processor.py:838} WARNING - No viable dags retrieved from /opt/airflow/dags/subdags/subdag_transforms.py
[2023-10-01T13:34:34.822+0000] {processor.py:179} INFO - Processing /opt/airflow/dags/subdags/subdag_transforms.py took 0.042 seconds
[2023-10-01T13:35:05.267+0000] {processor.py:157} INFO - Started process (PID=9958) to work on /opt/airflow/dags/subdags/subdag_transforms.py
[2023-10-01T13:35:05.268+0000] {processor.py:826} INFO - Processing file /opt/airflow/dags/subdags/subdag_transforms.py for tasks to queue
[2023-10-01T13:35:05.269+0000] {logging_mixin.py:150} INFO - [2023-10-01T13:35:05.269+0000] {dagbag.py:541} INFO - Filling up the DagBag from /opt/airflow/dags/subdags/subdag_transforms.py
[2023-10-01T13:35:05.271+0000] {processor.py:838} WARNING - No viable dags retrieved from /opt/airflow/dags/subdags/subdag_transforms.py
[2023-10-01T13:35:05.292+0000] {processor.py:179} INFO - Processing /opt/airflow/dags/subdags/subdag_transforms.py took 0.031 seconds
[2023-10-01T13:35:35.740+0000] {processor.py:157} INFO - Started process (PID=9984) to work on /opt/airflow/dags/subdags/subdag_transforms.py
[2023-10-01T13:35:35.747+0000] {processor.py:826} INFO - Processing file /opt/airflow/dags/subdags/subdag_transforms.py for tasks to queue
[2023-10-01T13:35:35.748+0000] {logging_mixin.py:150} INFO - [2023-10-01T13:35:35.747+0000] {dagbag.py:541} INFO - Filling up the DagBag from /opt/airflow/dags/subdags/subdag_transforms.py
[2023-10-01T13:35:35.750+0000] {processor.py:838} WARNING - No viable dags retrieved from /opt/airflow/dags/subdags/subdag_transforms.py
[2023-10-01T13:35:35.781+0000] {processor.py:179} INFO - Processing /opt/airflow/dags/subdags/subdag_transforms.py took 0.049 seconds
[2023-10-01T13:36:06.108+0000] {processor.py:157} INFO - Started process (PID=10011) to work on /opt/airflow/dags/subdags/subdag_transforms.py
[2023-10-01T13:36:06.109+0000] {processor.py:826} INFO - Processing file /opt/airflow/dags/subdags/subdag_transforms.py for tasks to queue
[2023-10-01T13:36:06.110+0000] {logging_mixin.py:150} INFO - [2023-10-01T13:36:06.109+0000] {dagbag.py:541} INFO - Filling up the DagBag from /opt/airflow/dags/subdags/subdag_transforms.py
[2023-10-01T13:36:06.112+0000] {processor.py:838} WARNING - No viable dags retrieved from /opt/airflow/dags/subdags/subdag_transforms.py
[2023-10-01T13:36:06.138+0000] {processor.py:179} INFO - Processing /opt/airflow/dags/subdags/subdag_transforms.py took 0.038 seconds
[2023-10-01T13:36:36.547+0000] {processor.py:157} INFO - Started process (PID=10038) to work on /opt/airflow/dags/subdags/subdag_transforms.py
[2023-10-01T13:36:36.549+0000] {processor.py:826} INFO - Processing file /opt/airflow/dags/subdags/subdag_transforms.py for tasks to queue
[2023-10-01T13:36:36.550+0000] {logging_mixin.py:150} INFO - [2023-10-01T13:36:36.550+0000] {dagbag.py:541} INFO - Filling up the DagBag from /opt/airflow/dags/subdags/subdag_transforms.py
[2023-10-01T13:36:36.552+0000] {processor.py:838} WARNING - No viable dags retrieved from /opt/airflow/dags/subdags/subdag_transforms.py
[2023-10-01T13:36:36.578+0000] {processor.py:179} INFO - Processing /opt/airflow/dags/subdags/subdag_transforms.py took 0.041 seconds
[2023-10-01T13:37:07.041+0000] {processor.py:157} INFO - Started process (PID=10065) to work on /opt/airflow/dags/subdags/subdag_transforms.py
[2023-10-01T13:37:07.042+0000] {processor.py:826} INFO - Processing file /opt/airflow/dags/subdags/subdag_transforms.py for tasks to queue
[2023-10-01T13:37:07.046+0000] {logging_mixin.py:150} INFO - [2023-10-01T13:37:07.042+0000] {dagbag.py:541} INFO - Filling up the DagBag from /opt/airflow/dags/subdags/subdag_transforms.py
[2023-10-01T13:37:07.048+0000] {processor.py:838} WARNING - No viable dags retrieved from /opt/airflow/dags/subdags/subdag_transforms.py
[2023-10-01T13:37:07.078+0000] {processor.py:179} INFO - Processing /opt/airflow/dags/subdags/subdag_transforms.py took 0.040 seconds
[2023-10-01T13:37:37.491+0000] {processor.py:157} INFO - Started process (PID=10092) to work on /opt/airflow/dags/subdags/subdag_transforms.py
[2023-10-01T13:37:37.492+0000] {processor.py:826} INFO - Processing file /opt/airflow/dags/subdags/subdag_transforms.py for tasks to queue
[2023-10-01T13:37:37.500+0000] {logging_mixin.py:150} INFO - [2023-10-01T13:37:37.492+0000] {dagbag.py:541} INFO - Filling up the DagBag from /opt/airflow/dags/subdags/subdag_transforms.py
[2023-10-01T13:37:37.502+0000] {processor.py:838} WARNING - No viable dags retrieved from /opt/airflow/dags/subdags/subdag_transforms.py
[2023-10-01T13:37:37.528+0000] {processor.py:179} INFO - Processing /opt/airflow/dags/subdags/subdag_transforms.py took 0.040 seconds
[2023-10-01T13:38:08.011+0000] {processor.py:157} INFO - Started process (PID=10120) to work on /opt/airflow/dags/subdags/subdag_transforms.py
[2023-10-01T13:38:08.016+0000] {processor.py:826} INFO - Processing file /opt/airflow/dags/subdags/subdag_transforms.py for tasks to queue
[2023-10-01T13:38:08.017+0000] {logging_mixin.py:150} INFO - [2023-10-01T13:38:08.017+0000] {dagbag.py:541} INFO - Filling up the DagBag from /opt/airflow/dags/subdags/subdag_transforms.py
[2023-10-01T13:38:08.019+0000] {processor.py:838} WARNING - No viable dags retrieved from /opt/airflow/dags/subdags/subdag_transforms.py
[2023-10-01T13:38:08.042+0000] {processor.py:179} INFO - Processing /opt/airflow/dags/subdags/subdag_transforms.py took 0.034 seconds
[2023-10-01T13:38:38.488+0000] {processor.py:157} INFO - Started process (PID=10147) to work on /opt/airflow/dags/subdags/subdag_transforms.py
[2023-10-01T13:38:38.490+0000] {processor.py:826} INFO - Processing file /opt/airflow/dags/subdags/subdag_transforms.py for tasks to queue
[2023-10-01T13:38:38.490+0000] {logging_mixin.py:150} INFO - [2023-10-01T13:38:38.490+0000] {dagbag.py:541} INFO - Filling up the DagBag from /opt/airflow/dags/subdags/subdag_transforms.py
[2023-10-01T13:38:38.492+0000] {processor.py:838} WARNING - No viable dags retrieved from /opt/airflow/dags/subdags/subdag_transforms.py
[2023-10-01T13:38:38.518+0000] {processor.py:179} INFO - Processing /opt/airflow/dags/subdags/subdag_transforms.py took 0.041 seconds
[2023-10-01T13:39:08.980+0000] {processor.py:157} INFO - Started process (PID=10174) to work on /opt/airflow/dags/subdags/subdag_transforms.py
[2023-10-01T13:39:08.982+0000] {processor.py:826} INFO - Processing file /opt/airflow/dags/subdags/subdag_transforms.py for tasks to queue
[2023-10-01T13:39:08.986+0000] {logging_mixin.py:150} INFO - [2023-10-01T13:39:08.986+0000] {dagbag.py:541} INFO - Filling up the DagBag from /opt/airflow/dags/subdags/subdag_transforms.py
[2023-10-01T13:39:08.988+0000] {processor.py:838} WARNING - No viable dags retrieved from /opt/airflow/dags/subdags/subdag_transforms.py
[2023-10-01T13:39:09.020+0000] {processor.py:179} INFO - Processing /opt/airflow/dags/subdags/subdag_transforms.py took 0.043 seconds
[2023-10-01T13:39:39.661+0000] {processor.py:157} INFO - Started process (PID=10201) to work on /opt/airflow/dags/subdags/subdag_transforms.py
[2023-10-01T13:39:39.666+0000] {processor.py:826} INFO - Processing file /opt/airflow/dags/subdags/subdag_transforms.py for tasks to queue
[2023-10-01T13:39:39.667+0000] {logging_mixin.py:150} INFO - [2023-10-01T13:39:39.667+0000] {dagbag.py:541} INFO - Filling up the DagBag from /opt/airflow/dags/subdags/subdag_transforms.py
[2023-10-01T13:39:39.669+0000] {processor.py:838} WARNING - No viable dags retrieved from /opt/airflow/dags/subdags/subdag_transforms.py
[2023-10-01T13:39:39.699+0000] {processor.py:179} INFO - Processing /opt/airflow/dags/subdags/subdag_transforms.py took 0.041 seconds
[2023-10-01T13:40:10.310+0000] {processor.py:157} INFO - Started process (PID=10229) to work on /opt/airflow/dags/subdags/subdag_transforms.py
[2023-10-01T13:40:10.312+0000] {processor.py:826} INFO - Processing file /opt/airflow/dags/subdags/subdag_transforms.py for tasks to queue
[2023-10-01T13:40:10.317+0000] {logging_mixin.py:150} INFO - [2023-10-01T13:40:10.317+0000] {dagbag.py:541} INFO - Filling up the DagBag from /opt/airflow/dags/subdags/subdag_transforms.py
[2023-10-01T13:40:10.320+0000] {processor.py:838} WARNING - No viable dags retrieved from /opt/airflow/dags/subdags/subdag_transforms.py
[2023-10-01T13:40:10.350+0000] {processor.py:179} INFO - Processing /opt/airflow/dags/subdags/subdag_transforms.py took 0.048 seconds
[2023-10-01T13:40:41.277+0000] {processor.py:157} INFO - Started process (PID=10256) to work on /opt/airflow/dags/subdags/subdag_transforms.py
[2023-10-01T13:40:41.280+0000] {processor.py:826} INFO - Processing file /opt/airflow/dags/subdags/subdag_transforms.py for tasks to queue
[2023-10-01T13:40:41.281+0000] {logging_mixin.py:150} INFO - [2023-10-01T13:40:41.281+0000] {dagbag.py:541} INFO - Filling up the DagBag from /opt/airflow/dags/subdags/subdag_transforms.py
[2023-10-01T13:40:41.287+0000] {processor.py:838} WARNING - No viable dags retrieved from /opt/airflow/dags/subdags/subdag_transforms.py
[2023-10-01T13:40:41.319+0000] {processor.py:179} INFO - Processing /opt/airflow/dags/subdags/subdag_transforms.py took 0.050 seconds
[2023-10-01T13:41:11.470+0000] {processor.py:157} INFO - Started process (PID=10283) to work on /opt/airflow/dags/subdags/subdag_transforms.py
[2023-10-01T13:41:11.471+0000] {processor.py:826} INFO - Processing file /opt/airflow/dags/subdags/subdag_transforms.py for tasks to queue
[2023-10-01T13:41:11.477+0000] {logging_mixin.py:150} INFO - [2023-10-01T13:41:11.476+0000] {dagbag.py:541} INFO - Filling up the DagBag from /opt/airflow/dags/subdags/subdag_transforms.py
[2023-10-01T13:41:11.479+0000] {processor.py:838} WARNING - No viable dags retrieved from /opt/airflow/dags/subdags/subdag_transforms.py
[2023-10-01T13:41:11.511+0000] {processor.py:179} INFO - Processing /opt/airflow/dags/subdags/subdag_transforms.py took 0.049 seconds
[2023-10-01T13:41:41.730+0000] {processor.py:157} INFO - Started process (PID=10310) to work on /opt/airflow/dags/subdags/subdag_transforms.py
[2023-10-01T13:41:41.731+0000] {processor.py:826} INFO - Processing file /opt/airflow/dags/subdags/subdag_transforms.py for tasks to queue
[2023-10-01T13:41:41.736+0000] {logging_mixin.py:150} INFO - [2023-10-01T13:41:41.732+0000] {dagbag.py:541} INFO - Filling up the DagBag from /opt/airflow/dags/subdags/subdag_transforms.py
[2023-10-01T13:41:41.739+0000] {processor.py:838} WARNING - No viable dags retrieved from /opt/airflow/dags/subdags/subdag_transforms.py
[2023-10-01T13:41:41.780+0000] {processor.py:179} INFO - Processing /opt/airflow/dags/subdags/subdag_transforms.py took 0.059 seconds
[2023-10-01T13:42:11.851+0000] {processor.py:157} INFO - Started process (PID=10328) to work on /opt/airflow/dags/subdags/subdag_transforms.py
[2023-10-01T13:42:11.857+0000] {processor.py:826} INFO - Processing file /opt/airflow/dags/subdags/subdag_transforms.py for tasks to queue
[2023-10-01T13:42:11.858+0000] {logging_mixin.py:150} INFO - [2023-10-01T13:42:11.858+0000] {dagbag.py:541} INFO - Filling up the DagBag from /opt/airflow/dags/subdags/subdag_transforms.py
[2023-10-01T13:42:11.860+0000] {processor.py:838} WARNING - No viable dags retrieved from /opt/airflow/dags/subdags/subdag_transforms.py
[2023-10-01T13:42:11.891+0000] {processor.py:179} INFO - Processing /opt/airflow/dags/subdags/subdag_transforms.py took 0.044 seconds
[2023-10-01T13:42:42.030+0000] {processor.py:157} INFO - Started process (PID=10356) to work on /opt/airflow/dags/subdags/subdag_transforms.py
[2023-10-01T13:42:42.031+0000] {processor.py:826} INFO - Processing file /opt/airflow/dags/subdags/subdag_transforms.py for tasks to queue
[2023-10-01T13:42:42.037+0000] {logging_mixin.py:150} INFO - [2023-10-01T13:42:42.037+0000] {dagbag.py:541} INFO - Filling up the DagBag from /opt/airflow/dags/subdags/subdag_transforms.py
[2023-10-01T13:42:42.040+0000] {processor.py:838} WARNING - No viable dags retrieved from /opt/airflow/dags/subdags/subdag_transforms.py
[2023-10-01T13:42:42.078+0000] {processor.py:179} INFO - Processing /opt/airflow/dags/subdags/subdag_transforms.py took 0.058 seconds
[2023-10-01T13:43:12.231+0000] {processor.py:157} INFO - Started process (PID=10382) to work on /opt/airflow/dags/subdags/subdag_transforms.py
[2023-10-01T13:43:12.237+0000] {processor.py:826} INFO - Processing file /opt/airflow/dags/subdags/subdag_transforms.py for tasks to queue
[2023-10-01T13:43:12.238+0000] {logging_mixin.py:150} INFO - [2023-10-01T13:43:12.238+0000] {dagbag.py:541} INFO - Filling up the DagBag from /opt/airflow/dags/subdags/subdag_transforms.py
[2023-10-01T13:43:12.240+0000] {processor.py:838} WARNING - No viable dags retrieved from /opt/airflow/dags/subdags/subdag_transforms.py
[2023-10-01T13:43:12.277+0000] {processor.py:179} INFO - Processing /opt/airflow/dags/subdags/subdag_transforms.py took 0.051 seconds
[2023-10-01T13:43:42.889+0000] {processor.py:157} INFO - Started process (PID=10409) to work on /opt/airflow/dags/subdags/subdag_transforms.py
[2023-10-01T13:43:42.889+0000] {processor.py:826} INFO - Processing file /opt/airflow/dags/subdags/subdag_transforms.py for tasks to queue
[2023-10-01T13:43:42.890+0000] {logging_mixin.py:150} INFO - [2023-10-01T13:43:42.890+0000] {dagbag.py:541} INFO - Filling up the DagBag from /opt/airflow/dags/subdags/subdag_transforms.py
[2023-10-01T13:43:42.897+0000] {processor.py:838} WARNING - No viable dags retrieved from /opt/airflow/dags/subdags/subdag_transforms.py
[2023-10-01T13:43:42.927+0000] {processor.py:179} INFO - Processing /opt/airflow/dags/subdags/subdag_transforms.py took 0.047 seconds
[2023-10-01T13:44:13.370+0000] {processor.py:157} INFO - Started process (PID=10436) to work on /opt/airflow/dags/subdags/subdag_transforms.py
[2023-10-01T13:44:13.377+0000] {processor.py:826} INFO - Processing file /opt/airflow/dags/subdags/subdag_transforms.py for tasks to queue
[2023-10-01T13:44:13.378+0000] {logging_mixin.py:150} INFO - [2023-10-01T13:44:13.378+0000] {dagbag.py:541} INFO - Filling up the DagBag from /opt/airflow/dags/subdags/subdag_transforms.py
[2023-10-01T13:44:13.388+0000] {processor.py:838} WARNING - No viable dags retrieved from /opt/airflow/dags/subdags/subdag_transforms.py
[2023-10-01T13:44:13.438+0000] {processor.py:179} INFO - Processing /opt/airflow/dags/subdags/subdag_transforms.py took 0.080 seconds
[2023-10-01T13:44:43.880+0000] {processor.py:157} INFO - Started process (PID=10463) to work on /opt/airflow/dags/subdags/subdag_transforms.py
[2023-10-01T13:44:43.887+0000] {processor.py:826} INFO - Processing file /opt/airflow/dags/subdags/subdag_transforms.py for tasks to queue
[2023-10-01T13:44:43.888+0000] {logging_mixin.py:150} INFO - [2023-10-01T13:44:43.888+0000] {dagbag.py:541} INFO - Filling up the DagBag from /opt/airflow/dags/subdags/subdag_transforms.py
[2023-10-01T13:44:43.897+0000] {processor.py:838} WARNING - No viable dags retrieved from /opt/airflow/dags/subdags/subdag_transforms.py
[2023-10-01T13:44:43.939+0000] {processor.py:179} INFO - Processing /opt/airflow/dags/subdags/subdag_transforms.py took 0.069 seconds
[2023-10-01T13:45:14.419+0000] {processor.py:157} INFO - Started process (PID=10491) to work on /opt/airflow/dags/subdags/subdag_transforms.py
[2023-10-01T13:45:14.420+0000] {processor.py:826} INFO - Processing file /opt/airflow/dags/subdags/subdag_transforms.py for tasks to queue
[2023-10-01T13:45:14.427+0000] {logging_mixin.py:150} INFO - [2023-10-01T13:45:14.421+0000] {dagbag.py:541} INFO - Filling up the DagBag from /opt/airflow/dags/subdags/subdag_transforms.py
[2023-10-01T13:45:14.430+0000] {processor.py:838} WARNING - No viable dags retrieved from /opt/airflow/dags/subdags/subdag_transforms.py
[2023-10-01T13:45:14.489+0000] {processor.py:179} INFO - Processing /opt/airflow/dags/subdags/subdag_transforms.py took 0.082 seconds
[2023-10-01T13:45:44.819+0000] {processor.py:157} INFO - Started process (PID=10517) to work on /opt/airflow/dags/subdags/subdag_transforms.py
[2023-10-01T13:45:44.829+0000] {processor.py:826} INFO - Processing file /opt/airflow/dags/subdags/subdag_transforms.py for tasks to queue
[2023-10-01T13:45:44.830+0000] {logging_mixin.py:150} INFO - [2023-10-01T13:45:44.830+0000] {dagbag.py:541} INFO - Filling up the DagBag from /opt/airflow/dags/subdags/subdag_transforms.py
[2023-10-01T13:45:44.838+0000] {processor.py:838} WARNING - No viable dags retrieved from /opt/airflow/dags/subdags/subdag_transforms.py
[2023-10-01T13:45:44.880+0000] {processor.py:179} INFO - Processing /opt/airflow/dags/subdags/subdag_transforms.py took 0.071 seconds
[2023-10-01T13:46:15.328+0000] {processor.py:157} INFO - Started process (PID=10544) to work on /opt/airflow/dags/subdags/subdag_transforms.py
[2023-10-01T13:46:15.337+0000] {processor.py:826} INFO - Processing file /opt/airflow/dags/subdags/subdag_transforms.py for tasks to queue
[2023-10-01T13:46:15.340+0000] {logging_mixin.py:150} INFO - [2023-10-01T13:46:15.339+0000] {dagbag.py:541} INFO - Filling up the DagBag from /opt/airflow/dags/subdags/subdag_transforms.py
[2023-10-01T13:46:15.349+0000] {processor.py:838} WARNING - No viable dags retrieved from /opt/airflow/dags/subdags/subdag_transforms.py
[2023-10-01T13:46:15.488+0000] {processor.py:179} INFO - Processing /opt/airflow/dags/subdags/subdag_transforms.py took 0.199 seconds
[2023-10-01T13:46:45.827+0000] {processor.py:157} INFO - Started process (PID=10570) to work on /opt/airflow/dags/subdags/subdag_transforms.py
[2023-10-01T13:46:45.837+0000] {processor.py:826} INFO - Processing file /opt/airflow/dags/subdags/subdag_transforms.py for tasks to queue
[2023-10-01T13:46:45.847+0000] {logging_mixin.py:150} INFO - [2023-10-01T13:46:45.838+0000] {dagbag.py:541} INFO - Filling up the DagBag from /opt/airflow/dags/subdags/subdag_transforms.py
[2023-10-01T13:46:45.857+0000] {processor.py:838} WARNING - No viable dags retrieved from /opt/airflow/dags/subdags/subdag_transforms.py
[2023-10-01T13:46:45.978+0000] {processor.py:179} INFO - Processing /opt/airflow/dags/subdags/subdag_transforms.py took 0.161 seconds
[2023-10-01T13:47:16.058+0000] {processor.py:157} INFO - Started process (PID=10597) to work on /opt/airflow/dags/subdags/subdag_transforms.py
[2023-10-01T13:47:16.058+0000] {processor.py:826} INFO - Processing file /opt/airflow/dags/subdags/subdag_transforms.py for tasks to queue
[2023-10-01T13:47:16.059+0000] {logging_mixin.py:150} INFO - [2023-10-01T13:47:16.059+0000] {dagbag.py:541} INFO - Filling up the DagBag from /opt/airflow/dags/subdags/subdag_transforms.py
[2023-10-01T13:47:16.068+0000] {processor.py:838} WARNING - No viable dags retrieved from /opt/airflow/dags/subdags/subdag_transforms.py
[2023-10-01T13:47:16.136+0000] {processor.py:179} INFO - Processing /opt/airflow/dags/subdags/subdag_transforms.py took 0.083 seconds
[2023-10-01T13:47:46.319+0000] {processor.py:157} INFO - Started process (PID=10624) to work on /opt/airflow/dags/subdags/subdag_transforms.py
[2023-10-01T13:47:46.326+0000] {processor.py:826} INFO - Processing file /opt/airflow/dags/subdags/subdag_transforms.py for tasks to queue
[2023-10-01T13:47:46.328+0000] {logging_mixin.py:150} INFO - [2023-10-01T13:47:46.327+0000] {dagbag.py:541} INFO - Filling up the DagBag from /opt/airflow/dags/subdags/subdag_transforms.py
[2023-10-01T13:47:46.330+0000] {processor.py:838} WARNING - No viable dags retrieved from /opt/airflow/dags/subdags/subdag_transforms.py
[2023-10-01T13:47:46.398+0000] {processor.py:179} INFO - Processing /opt/airflow/dags/subdags/subdag_transforms.py took 0.098 seconds
[2023-10-01T13:48:16.787+0000] {processor.py:157} INFO - Started process (PID=10651) to work on /opt/airflow/dags/subdags/subdag_transforms.py
[2023-10-01T13:48:16.788+0000] {processor.py:826} INFO - Processing file /opt/airflow/dags/subdags/subdag_transforms.py for tasks to queue
[2023-10-01T13:48:16.789+0000] {logging_mixin.py:150} INFO - [2023-10-01T13:48:16.789+0000] {dagbag.py:541} INFO - Filling up the DagBag from /opt/airflow/dags/subdags/subdag_transforms.py
[2023-10-01T13:48:16.797+0000] {processor.py:838} WARNING - No viable dags retrieved from /opt/airflow/dags/subdags/subdag_transforms.py
[2023-10-01T13:48:16.828+0000] {processor.py:179} INFO - Processing /opt/airflow/dags/subdags/subdag_transforms.py took 0.051 seconds
[2023-10-01T13:48:46.956+0000] {processor.py:157} INFO - Started process (PID=10678) to work on /opt/airflow/dags/subdags/subdag_transforms.py
[2023-10-01T13:48:46.959+0000] {processor.py:826} INFO - Processing file /opt/airflow/dags/subdags/subdag_transforms.py for tasks to queue
[2023-10-01T13:48:46.970+0000] {logging_mixin.py:150} INFO - [2023-10-01T13:48:46.969+0000] {dagbag.py:541} INFO - Filling up the DagBag from /opt/airflow/dags/subdags/subdag_transforms.py
[2023-10-01T13:48:46.986+0000] {processor.py:838} WARNING - No viable dags retrieved from /opt/airflow/dags/subdags/subdag_transforms.py
[2023-10-01T13:48:47.088+0000] {processor.py:179} INFO - Processing /opt/airflow/dags/subdags/subdag_transforms.py took 0.158 seconds
[2023-10-01T13:49:17.568+0000] {processor.py:157} INFO - Started process (PID=10704) to work on /opt/airflow/dags/subdags/subdag_transforms.py
[2023-10-01T13:49:17.587+0000] {processor.py:826} INFO - Processing file /opt/airflow/dags/subdags/subdag_transforms.py for tasks to queue
[2023-10-01T13:49:17.588+0000] {logging_mixin.py:150} INFO - [2023-10-01T13:49:17.588+0000] {dagbag.py:541} INFO - Filling up the DagBag from /opt/airflow/dags/subdags/subdag_transforms.py
[2023-10-01T13:49:17.620+0000] {processor.py:838} WARNING - No viable dags retrieved from /opt/airflow/dags/subdags/subdag_transforms.py
[2023-10-01T13:49:17.700+0000] {processor.py:179} INFO - Processing /opt/airflow/dags/subdags/subdag_transforms.py took 0.150 seconds
[2023-10-01T13:49:48.049+0000] {processor.py:157} INFO - Started process (PID=10731) to work on /opt/airflow/dags/subdags/subdag_transforms.py
[2023-10-01T13:49:48.057+0000] {processor.py:826} INFO - Processing file /opt/airflow/dags/subdags/subdag_transforms.py for tasks to queue
[2023-10-01T13:49:48.058+0000] {logging_mixin.py:150} INFO - [2023-10-01T13:49:48.058+0000] {dagbag.py:541} INFO - Filling up the DagBag from /opt/airflow/dags/subdags/subdag_transforms.py
[2023-10-01T13:49:48.068+0000] {processor.py:838} WARNING - No viable dags retrieved from /opt/airflow/dags/subdags/subdag_transforms.py
[2023-10-01T13:49:48.128+0000] {processor.py:179} INFO - Processing /opt/airflow/dags/subdags/subdag_transforms.py took 0.089 seconds
[2023-10-01T13:50:18.967+0000] {processor.py:157} INFO - Started process (PID=10759) to work on /opt/airflow/dags/subdags/subdag_transforms.py
[2023-10-01T13:50:18.968+0000] {processor.py:826} INFO - Processing file /opt/airflow/dags/subdags/subdag_transforms.py for tasks to queue
[2023-10-01T13:50:18.969+0000] {logging_mixin.py:150} INFO - [2023-10-01T13:50:18.969+0000] {dagbag.py:541} INFO - Filling up the DagBag from /opt/airflow/dags/subdags/subdag_transforms.py
[2023-10-01T13:50:18.978+0000] {processor.py:838} WARNING - No viable dags retrieved from /opt/airflow/dags/subdags/subdag_transforms.py
[2023-10-01T13:50:19.058+0000] {processor.py:179} INFO - Processing /opt/airflow/dags/subdags/subdag_transforms.py took 0.109 seconds
[2023-10-01T13:50:49.629+0000] {processor.py:157} INFO - Started process (PID=10787) to work on /opt/airflow/dags/subdags/subdag_transforms.py
[2023-10-01T13:50:49.637+0000] {processor.py:826} INFO - Processing file /opt/airflow/dags/subdags/subdag_transforms.py for tasks to queue
[2023-10-01T13:50:49.638+0000] {logging_mixin.py:150} INFO - [2023-10-01T13:50:49.637+0000] {dagbag.py:541} INFO - Filling up the DagBag from /opt/airflow/dags/subdags/subdag_transforms.py
[2023-10-01T13:50:49.646+0000] {processor.py:838} WARNING - No viable dags retrieved from /opt/airflow/dags/subdags/subdag_transforms.py
[2023-10-01T13:50:49.698+0000] {processor.py:179} INFO - Processing /opt/airflow/dags/subdags/subdag_transforms.py took 0.081 seconds
[2023-10-01T13:51:20.399+0000] {processor.py:157} INFO - Started process (PID=10814) to work on /opt/airflow/dags/subdags/subdag_transforms.py
[2023-10-01T13:51:20.417+0000] {processor.py:826} INFO - Processing file /opt/airflow/dags/subdags/subdag_transforms.py for tasks to queue
[2023-10-01T13:51:20.419+0000] {logging_mixin.py:150} INFO - [2023-10-01T13:51:20.418+0000] {dagbag.py:541} INFO - Filling up the DagBag from /opt/airflow/dags/subdags/subdag_transforms.py
[2023-10-01T13:51:20.429+0000] {processor.py:838} WARNING - No viable dags retrieved from /opt/airflow/dags/subdags/subdag_transforms.py
[2023-10-01T13:51:20.526+0000] {processor.py:179} INFO - Processing /opt/airflow/dags/subdags/subdag_transforms.py took 0.149 seconds
[2023-10-01T13:51:50.877+0000] {processor.py:157} INFO - Started process (PID=10841) to work on /opt/airflow/dags/subdags/subdag_transforms.py
[2023-10-01T13:51:50.879+0000] {processor.py:826} INFO - Processing file /opt/airflow/dags/subdags/subdag_transforms.py for tasks to queue
[2023-10-01T13:51:50.887+0000] {logging_mixin.py:150} INFO - [2023-10-01T13:51:50.887+0000] {dagbag.py:541} INFO - Filling up the DagBag from /opt/airflow/dags/subdags/subdag_transforms.py
[2023-10-01T13:51:50.898+0000] {processor.py:838} WARNING - No viable dags retrieved from /opt/airflow/dags/subdags/subdag_transforms.py
[2023-10-01T13:51:50.989+0000] {processor.py:179} INFO - Processing /opt/airflow/dags/subdags/subdag_transforms.py took 0.140 seconds
[2023-10-01T13:52:21.696+0000] {processor.py:157} INFO - Started process (PID=10860) to work on /opt/airflow/dags/subdags/subdag_transforms.py
[2023-10-01T13:52:21.698+0000] {processor.py:826} INFO - Processing file /opt/airflow/dags/subdags/subdag_transforms.py for tasks to queue
[2023-10-01T13:52:21.699+0000] {logging_mixin.py:150} INFO - [2023-10-01T13:52:21.699+0000] {dagbag.py:541} INFO - Filling up the DagBag from /opt/airflow/dags/subdags/subdag_transforms.py
[2023-10-01T13:52:21.708+0000] {processor.py:838} WARNING - No viable dags retrieved from /opt/airflow/dags/subdags/subdag_transforms.py
[2023-10-01T13:52:21.768+0000] {processor.py:179} INFO - Processing /opt/airflow/dags/subdags/subdag_transforms.py took 0.090 seconds
[2023-10-01T13:52:51.946+0000] {processor.py:157} INFO - Started process (PID=10887) to work on /opt/airflow/dags/subdags/subdag_transforms.py
[2023-10-01T13:52:51.948+0000] {processor.py:826} INFO - Processing file /opt/airflow/dags/subdags/subdag_transforms.py for tasks to queue
[2023-10-01T13:52:51.949+0000] {logging_mixin.py:150} INFO - [2023-10-01T13:52:51.949+0000] {dagbag.py:541} INFO - Filling up the DagBag from /opt/airflow/dags/subdags/subdag_transforms.py
[2023-10-01T13:52:51.959+0000] {processor.py:838} WARNING - No viable dags retrieved from /opt/airflow/dags/subdags/subdag_transforms.py
[2023-10-01T13:52:52.047+0000] {processor.py:179} INFO - Processing /opt/airflow/dags/subdags/subdag_transforms.py took 0.120 seconds
[2023-10-01T13:53:22.658+0000] {processor.py:157} INFO - Started process (PID=10914) to work on /opt/airflow/dags/subdags/subdag_transforms.py
[2023-10-01T13:53:22.667+0000] {processor.py:826} INFO - Processing file /opt/airflow/dags/subdags/subdag_transforms.py for tasks to queue
[2023-10-01T13:53:22.668+0000] {logging_mixin.py:150} INFO - [2023-10-01T13:53:22.667+0000] {dagbag.py:541} INFO - Filling up the DagBag from /opt/airflow/dags/subdags/subdag_transforms.py
[2023-10-01T13:53:22.678+0000] {processor.py:838} WARNING - No viable dags retrieved from /opt/airflow/dags/subdags/subdag_transforms.py
[2023-10-01T13:53:22.747+0000] {processor.py:179} INFO - Processing /opt/airflow/dags/subdags/subdag_transforms.py took 0.100 seconds
[2023-10-01T13:53:52.858+0000] {processor.py:157} INFO - Started process (PID=10941) to work on /opt/airflow/dags/subdags/subdag_transforms.py
[2023-10-01T13:53:52.866+0000] {processor.py:826} INFO - Processing file /opt/airflow/dags/subdags/subdag_transforms.py for tasks to queue
[2023-10-01T13:53:52.868+0000] {logging_mixin.py:150} INFO - [2023-10-01T13:53:52.867+0000] {dagbag.py:541} INFO - Filling up the DagBag from /opt/airflow/dags/subdags/subdag_transforms.py
[2023-10-01T13:53:52.878+0000] {processor.py:838} WARNING - No viable dags retrieved from /opt/airflow/dags/subdags/subdag_transforms.py
[2023-10-01T13:53:52.958+0000] {processor.py:179} INFO - Processing /opt/airflow/dags/subdags/subdag_transforms.py took 0.120 seconds
[2023-10-01T13:54:23.226+0000] {processor.py:157} INFO - Started process (PID=10967) to work on /opt/airflow/dags/subdags/subdag_transforms.py
[2023-10-01T13:54:23.228+0000] {processor.py:826} INFO - Processing file /opt/airflow/dags/subdags/subdag_transforms.py for tasks to queue
[2023-10-01T13:54:23.237+0000] {logging_mixin.py:150} INFO - [2023-10-01T13:54:23.237+0000] {dagbag.py:541} INFO - Filling up the DagBag from /opt/airflow/dags/subdags/subdag_transforms.py
[2023-10-01T13:54:23.248+0000] {processor.py:838} WARNING - No viable dags retrieved from /opt/airflow/dags/subdags/subdag_transforms.py
[2023-10-01T13:54:23.378+0000] {processor.py:179} INFO - Processing /opt/airflow/dags/subdags/subdag_transforms.py took 0.189 seconds
[2023-10-01T13:54:53.918+0000] {processor.py:157} INFO - Started process (PID=10994) to work on /opt/airflow/dags/subdags/subdag_transforms.py
[2023-10-01T13:54:53.927+0000] {processor.py:826} INFO - Processing file /opt/airflow/dags/subdags/subdag_transforms.py for tasks to queue
[2023-10-01T13:54:53.928+0000] {logging_mixin.py:150} INFO - [2023-10-01T13:54:53.928+0000] {dagbag.py:541} INFO - Filling up the DagBag from /opt/airflow/dags/subdags/subdag_transforms.py
[2023-10-01T13:54:53.938+0000] {processor.py:838} WARNING - No viable dags retrieved from /opt/airflow/dags/subdags/subdag_transforms.py
[2023-10-01T13:54:54.076+0000] {processor.py:179} INFO - Processing /opt/airflow/dags/subdags/subdag_transforms.py took 0.170 seconds
[2023-10-01T13:55:24.248+0000] {processor.py:157} INFO - Started process (PID=11021) to work on /opt/airflow/dags/subdags/subdag_transforms.py
[2023-10-01T13:55:24.258+0000] {processor.py:826} INFO - Processing file /opt/airflow/dags/subdags/subdag_transforms.py for tasks to queue
[2023-10-01T13:55:24.268+0000] {logging_mixin.py:150} INFO - [2023-10-01T13:55:24.267+0000] {dagbag.py:541} INFO - Filling up the DagBag from /opt/airflow/dags/subdags/subdag_transforms.py
[2023-10-01T13:55:24.278+0000] {processor.py:838} WARNING - No viable dags retrieved from /opt/airflow/dags/subdags/subdag_transforms.py
[2023-10-01T13:55:24.426+0000] {processor.py:179} INFO - Processing /opt/airflow/dags/subdags/subdag_transforms.py took 0.198 seconds
[2023-10-01T13:55:54.768+0000] {processor.py:157} INFO - Started process (PID=11048) to work on /opt/airflow/dags/subdags/subdag_transforms.py
[2023-10-01T13:55:54.788+0000] {processor.py:826} INFO - Processing file /opt/airflow/dags/subdags/subdag_transforms.py for tasks to queue
[2023-10-01T13:55:54.807+0000] {logging_mixin.py:150} INFO - [2023-10-01T13:55:54.806+0000] {dagbag.py:541} INFO - Filling up the DagBag from /opt/airflow/dags/subdags/subdag_transforms.py
[2023-10-01T13:55:54.827+0000] {processor.py:838} WARNING - No viable dags retrieved from /opt/airflow/dags/subdags/subdag_transforms.py
[2023-10-01T13:55:54.966+0000] {processor.py:179} INFO - Processing /opt/airflow/dags/subdags/subdag_transforms.py took 0.230 seconds
[2023-10-01T13:56:25.738+0000] {processor.py:157} INFO - Started process (PID=11076) to work on /opt/airflow/dags/subdags/subdag_transforms.py
[2023-10-01T13:56:25.756+0000] {processor.py:826} INFO - Processing file /opt/airflow/dags/subdags/subdag_transforms.py for tasks to queue
[2023-10-01T13:56:25.758+0000] {logging_mixin.py:150} INFO - [2023-10-01T13:56:25.757+0000] {dagbag.py:541} INFO - Filling up the DagBag from /opt/airflow/dags/subdags/subdag_transforms.py
[2023-10-01T13:56:25.777+0000] {processor.py:838} WARNING - No viable dags retrieved from /opt/airflow/dags/subdags/subdag_transforms.py
[2023-10-01T13:56:25.968+0000] {processor.py:179} INFO - Processing /opt/airflow/dags/subdags/subdag_transforms.py took 0.261 seconds
[2023-10-01T13:56:56.287+0000] {processor.py:157} INFO - Started process (PID=11103) to work on /opt/airflow/dags/subdags/subdag_transforms.py
[2023-10-01T13:56:56.288+0000] {processor.py:826} INFO - Processing file /opt/airflow/dags/subdags/subdag_transforms.py for tasks to queue
[2023-10-01T13:56:56.297+0000] {logging_mixin.py:150} INFO - [2023-10-01T13:56:56.297+0000] {dagbag.py:541} INFO - Filling up the DagBag from /opt/airflow/dags/subdags/subdag_transforms.py
[2023-10-01T13:56:56.316+0000] {processor.py:838} WARNING - No viable dags retrieved from /opt/airflow/dags/subdags/subdag_transforms.py
[2023-10-01T13:56:56.437+0000] {processor.py:179} INFO - Processing /opt/airflow/dags/subdags/subdag_transforms.py took 0.189 seconds
[2023-10-01T13:57:26.767+0000] {processor.py:157} INFO - Started process (PID=11121) to work on /opt/airflow/dags/subdags/subdag_transforms.py
[2023-10-01T13:57:26.777+0000] {processor.py:826} INFO - Processing file /opt/airflow/dags/subdags/subdag_transforms.py for tasks to queue
[2023-10-01T13:57:26.787+0000] {logging_mixin.py:150} INFO - [2023-10-01T13:57:26.787+0000] {dagbag.py:541} INFO - Filling up the DagBag from /opt/airflow/dags/subdags/subdag_transforms.py
[2023-10-01T13:57:26.798+0000] {processor.py:838} WARNING - No viable dags retrieved from /opt/airflow/dags/subdags/subdag_transforms.py
[2023-10-01T13:57:26.918+0000] {processor.py:179} INFO - Processing /opt/airflow/dags/subdags/subdag_transforms.py took 0.171 seconds
[2023-10-01T13:57:57.438+0000] {processor.py:157} INFO - Started process (PID=11148) to work on /opt/airflow/dags/subdags/subdag_transforms.py
[2023-10-01T13:57:57.457+0000] {processor.py:826} INFO - Processing file /opt/airflow/dags/subdags/subdag_transforms.py for tasks to queue
[2023-10-01T13:57:57.477+0000] {logging_mixin.py:150} INFO - [2023-10-01T13:57:57.477+0000] {dagbag.py:541} INFO - Filling up the DagBag from /opt/airflow/dags/subdags/subdag_transforms.py
[2023-10-01T13:57:57.497+0000] {processor.py:838} WARNING - No viable dags retrieved from /opt/airflow/dags/subdags/subdag_transforms.py
[2023-10-01T13:57:57.667+0000] {processor.py:179} INFO - Processing /opt/airflow/dags/subdags/subdag_transforms.py took 0.269 seconds
[2023-10-01T13:58:27.876+0000] {processor.py:157} INFO - Started process (PID=11176) to work on /opt/airflow/dags/subdags/subdag_transforms.py
[2023-10-01T13:58:27.878+0000] {processor.py:826} INFO - Processing file /opt/airflow/dags/subdags/subdag_transforms.py for tasks to queue
[2023-10-01T13:58:27.887+0000] {logging_mixin.py:150} INFO - [2023-10-01T13:58:27.887+0000] {dagbag.py:541} INFO - Filling up the DagBag from /opt/airflow/dags/subdags/subdag_transforms.py
[2023-10-01T13:58:27.907+0000] {processor.py:838} WARNING - No viable dags retrieved from /opt/airflow/dags/subdags/subdag_transforms.py
[2023-10-01T13:58:28.057+0000] {processor.py:179} INFO - Processing /opt/airflow/dags/subdags/subdag_transforms.py took 0.220 seconds
[2023-10-01T13:58:58.287+0000] {processor.py:157} INFO - Started process (PID=11203) to work on /opt/airflow/dags/subdags/subdag_transforms.py
[2023-10-01T13:58:58.307+0000] {processor.py:826} INFO - Processing file /opt/airflow/dags/subdags/subdag_transforms.py for tasks to queue
[2023-10-01T13:58:58.317+0000] {logging_mixin.py:150} INFO - [2023-10-01T13:58:58.316+0000] {dagbag.py:541} INFO - Filling up the DagBag from /opt/airflow/dags/subdags/subdag_transforms.py
[2023-10-01T13:58:58.337+0000] {processor.py:838} WARNING - No viable dags retrieved from /opt/airflow/dags/subdags/subdag_transforms.py
[2023-10-01T13:58:58.607+0000] {processor.py:179} INFO - Processing /opt/airflow/dags/subdags/subdag_transforms.py took 0.359 seconds
[2023-10-01T13:59:28.976+0000] {processor.py:157} INFO - Started process (PID=11230) to work on /opt/airflow/dags/subdags/subdag_transforms.py
[2023-10-01T13:59:28.987+0000] {processor.py:826} INFO - Processing file /opt/airflow/dags/subdags/subdag_transforms.py for tasks to queue
[2023-10-01T13:59:28.998+0000] {logging_mixin.py:150} INFO - [2023-10-01T13:59:28.997+0000] {dagbag.py:541} INFO - Filling up the DagBag from /opt/airflow/dags/subdags/subdag_transforms.py
[2023-10-01T13:59:29.037+0000] {processor.py:838} WARNING - No viable dags retrieved from /opt/airflow/dags/subdags/subdag_transforms.py
[2023-10-01T13:59:29.416+0000] {processor.py:179} INFO - Processing /opt/airflow/dags/subdags/subdag_transforms.py took 0.509 seconds
[2023-10-01T14:00:00.657+0000] {processor.py:157} INFO - Started process (PID=11257) to work on /opt/airflow/dags/subdags/subdag_transforms.py
[2023-10-01T14:00:00.677+0000] {processor.py:826} INFO - Processing file /opt/airflow/dags/subdags/subdag_transforms.py for tasks to queue
[2023-10-01T14:00:00.687+0000] {logging_mixin.py:150} INFO - [2023-10-01T14:00:00.686+0000] {dagbag.py:541} INFO - Filling up the DagBag from /opt/airflow/dags/subdags/subdag_transforms.py
[2023-10-01T14:00:00.717+0000] {processor.py:838} WARNING - No viable dags retrieved from /opt/airflow/dags/subdags/subdag_transforms.py
[2023-10-01T14:00:01.047+0000] {processor.py:179} INFO - Processing /opt/airflow/dags/subdags/subdag_transforms.py took 0.450 seconds
[2023-10-01T14:00:31.747+0000] {processor.py:157} INFO - Started process (PID=11277) to work on /opt/airflow/dags/subdags/subdag_transforms.py
[2023-10-01T14:00:31.766+0000] {processor.py:826} INFO - Processing file /opt/airflow/dags/subdags/subdag_transforms.py for tasks to queue
[2023-10-01T14:00:31.777+0000] {logging_mixin.py:150} INFO - [2023-10-01T14:00:31.767+0000] {dagbag.py:541} INFO - Filling up the DagBag from /opt/airflow/dags/subdags/subdag_transforms.py
[2023-10-01T14:00:31.826+0000] {processor.py:838} WARNING - No viable dags retrieved from /opt/airflow/dags/subdags/subdag_transforms.py
[2023-10-01T14:00:32.166+0000] {processor.py:179} INFO - Processing /opt/airflow/dags/subdags/subdag_transforms.py took 0.461 seconds
[2023-10-01T14:01:02.956+0000] {processor.py:157} INFO - Started process (PID=11304) to work on /opt/airflow/dags/subdags/subdag_transforms.py
[2023-10-01T14:01:02.977+0000] {processor.py:826} INFO - Processing file /opt/airflow/dags/subdags/subdag_transforms.py for tasks to queue
[2023-10-01T14:01:02.997+0000] {logging_mixin.py:150} INFO - [2023-10-01T14:01:02.996+0000] {dagbag.py:541} INFO - Filling up the DagBag from /opt/airflow/dags/subdags/subdag_transforms.py
[2023-10-01T14:01:03.046+0000] {processor.py:838} WARNING - No viable dags retrieved from /opt/airflow/dags/subdags/subdag_transforms.py
[2023-10-01T14:01:03.547+0000] {processor.py:179} INFO - Processing /opt/airflow/dags/subdags/subdag_transforms.py took 0.659 seconds
[2023-10-01T14:01:45.047+0000] {processor.py:157} INFO - Started process (PID=11333) to work on /opt/airflow/dags/subdags/subdag_transforms.py
[2023-10-01T14:01:45.116+0000] {processor.py:826} INFO - Processing file /opt/airflow/dags/subdags/subdag_transforms.py for tasks to queue
[2023-10-01T14:01:45.146+0000] {logging_mixin.py:150} INFO - [2023-10-01T14:01:45.137+0000] {dagbag.py:541} INFO - Filling up the DagBag from /opt/airflow/dags/subdags/subdag_transforms.py
[2023-10-01T14:01:45.187+0000] {processor.py:838} WARNING - No viable dags retrieved from /opt/airflow/dags/subdags/subdag_transforms.py
[2023-10-01T14:01:46.106+0000] {processor.py:179} INFO - Processing /opt/airflow/dags/subdags/subdag_transforms.py took 1.299 seconds
[2023-10-01T14:02:25.077+0000] {processor.py:157} INFO - Started process (PID=11359) to work on /opt/airflow/dags/subdags/subdag_transforms.py
[2023-10-01T14:02:25.187+0000] {processor.py:826} INFO - Processing file /opt/airflow/dags/subdags/subdag_transforms.py for tasks to queue
[2023-10-01T14:02:25.236+0000] {logging_mixin.py:150} INFO - [2023-10-01T14:02:25.216+0000] {dagbag.py:541} INFO - Filling up the DagBag from /opt/airflow/dags/subdags/subdag_transforms.py
[2023-10-01T14:02:25.356+0000] {processor.py:838} WARNING - No viable dags retrieved from /opt/airflow/dags/subdags/subdag_transforms.py
[2023-10-01T14:02:26.016+0000] {processor.py:179} INFO - Processing /opt/airflow/dags/subdags/subdag_transforms.py took 1.070 seconds
[2023-10-01T14:02:59.247+0000] {processor.py:157} INFO - Started process (PID=11377) to work on /opt/airflow/dags/subdags/subdag_transforms.py
[2023-10-01T14:02:59.446+0000] {processor.py:826} INFO - Processing file /opt/airflow/dags/subdags/subdag_transforms.py for tasks to queue
[2023-10-01T14:02:59.516+0000] {logging_mixin.py:150} INFO - [2023-10-01T14:02:59.466+0000] {dagbag.py:541} INFO - Filling up the DagBag from /opt/airflow/dags/subdags/subdag_transforms.py
[2023-10-01T14:02:59.626+0000] {processor.py:838} WARNING - No viable dags retrieved from /opt/airflow/dags/subdags/subdag_transforms.py
[2023-10-01T14:03:01.197+0000] {processor.py:179} INFO - Processing /opt/airflow/dags/subdags/subdag_transforms.py took 2.221 seconds
[2023-10-01T14:04:12.236+0000] {processor.py:157} INFO - Started process (PID=11409) to work on /opt/airflow/dags/subdags/subdag_transforms.py
[2023-10-01T14:04:12.366+0000] {processor.py:826} INFO - Processing file /opt/airflow/dags/subdags/subdag_transforms.py for tasks to queue
[2023-10-01T14:04:12.686+0000] {logging_mixin.py:150} INFO - [2023-10-01T14:04:12.626+0000] {dagbag.py:541} INFO - Filling up the DagBag from /opt/airflow/dags/subdags/subdag_transforms.py
[2023-10-01T14:04:13.226+0000] {processor.py:838} WARNING - No viable dags retrieved from /opt/airflow/dags/subdags/subdag_transforms.py
[2023-10-01T14:04:14.646+0000] {processor.py:179} INFO - Processing /opt/airflow/dags/subdags/subdag_transforms.py took 2.990 seconds
