[2023-10-17T00:00:05.782+0000] {processor.py:157} INFO - Started process (PID=3741) to work on /opt/airflow/dags/consumer.py
[2023-10-17T00:00:05.784+0000] {processor.py:826} INFO - Processing file /opt/airflow/dags/consumer.py for tasks to queue
[2023-10-17T00:00:05.785+0000] {logging_mixin.py:150} INFO - [2023-10-17T00:00:05.785+0000] {dagbag.py:541} INFO - Filling up the DagBag from /opt/airflow/dags/consumer.py
[2023-10-17T00:00:05.802+0000] {processor.py:836} INFO - DAG(s) dict_keys(['consumer']) retrieved from /opt/airflow/dags/consumer.py
[2023-10-17T00:00:05.896+0000] {logging_mixin.py:150} INFO - [2023-10-17T00:00:05.895+0000] {dag.py:2742} INFO - Sync 1 DAGs
[2023-10-17T00:00:05.997+0000] {logging_mixin.py:150} INFO - [2023-10-17T00:00:05.997+0000] {dag.py:3504} INFO - Setting next_dagrun for consumer to None, run_after=None
[2023-10-17T00:00:06.160+0000] {processor.py:179} INFO - Processing /opt/airflow/dags/consumer.py took 0.388 seconds
[2023-10-17T00:00:36.681+0000] {processor.py:157} INFO - Started process (PID=3785) to work on /opt/airflow/dags/consumer.py
[2023-10-17T00:00:36.686+0000] {processor.py:826} INFO - Processing file /opt/airflow/dags/consumer.py for tasks to queue
[2023-10-17T00:00:36.689+0000] {logging_mixin.py:150} INFO - [2023-10-17T00:00:36.688+0000] {dagbag.py:541} INFO - Filling up the DagBag from /opt/airflow/dags/consumer.py
[2023-10-17T00:00:36.704+0000] {processor.py:836} INFO - DAG(s) dict_keys(['consumer']) retrieved from /opt/airflow/dags/consumer.py
[2023-10-17T00:00:36.771+0000] {logging_mixin.py:150} INFO - [2023-10-17T00:00:36.771+0000] {dag.py:2742} INFO - Sync 1 DAGs
[2023-10-17T00:00:36.841+0000] {logging_mixin.py:150} INFO - [2023-10-17T00:00:36.840+0000] {dag.py:3504} INFO - Setting next_dagrun for consumer to None, run_after=None
[2023-10-17T00:00:36.930+0000] {processor.py:179} INFO - Processing /opt/airflow/dags/consumer.py took 0.260 seconds
[2023-10-17T00:01:07.034+0000] {processor.py:157} INFO - Started process (PID=3806) to work on /opt/airflow/dags/consumer.py
[2023-10-17T00:01:07.036+0000] {processor.py:826} INFO - Processing file /opt/airflow/dags/consumer.py for tasks to queue
[2023-10-17T00:01:07.038+0000] {logging_mixin.py:150} INFO - [2023-10-17T00:01:07.037+0000] {dagbag.py:541} INFO - Filling up the DagBag from /opt/airflow/dags/consumer.py
[2023-10-17T00:01:07.051+0000] {processor.py:836} INFO - DAG(s) dict_keys(['consumer']) retrieved from /opt/airflow/dags/consumer.py
[2023-10-17T00:01:07.090+0000] {logging_mixin.py:150} INFO - [2023-10-17T00:01:07.090+0000] {dag.py:2742} INFO - Sync 1 DAGs
[2023-10-17T00:01:07.123+0000] {logging_mixin.py:150} INFO - [2023-10-17T00:01:07.123+0000] {dag.py:3504} INFO - Setting next_dagrun for consumer to None, run_after=None
[2023-10-17T00:01:07.157+0000] {processor.py:179} INFO - Processing /opt/airflow/dags/consumer.py took 0.131 seconds
[2023-10-17T00:01:37.253+0000] {processor.py:157} INFO - Started process (PID=3832) to work on /opt/airflow/dags/consumer.py
[2023-10-17T00:01:37.255+0000] {processor.py:826} INFO - Processing file /opt/airflow/dags/consumer.py for tasks to queue
[2023-10-17T00:01:37.257+0000] {logging_mixin.py:150} INFO - [2023-10-17T00:01:37.256+0000] {dagbag.py:541} INFO - Filling up the DagBag from /opt/airflow/dags/consumer.py
[2023-10-17T00:01:37.265+0000] {processor.py:836} INFO - DAG(s) dict_keys(['consumer']) retrieved from /opt/airflow/dags/consumer.py
[2023-10-17T00:01:37.315+0000] {logging_mixin.py:150} INFO - [2023-10-17T00:01:37.313+0000] {dag.py:2742} INFO - Sync 1 DAGs
[2023-10-17T00:01:37.354+0000] {logging_mixin.py:150} INFO - [2023-10-17T00:01:37.354+0000] {dag.py:3504} INFO - Setting next_dagrun for consumer to None, run_after=None
[2023-10-17T00:01:37.399+0000] {processor.py:179} INFO - Processing /opt/airflow/dags/consumer.py took 0.154 seconds
[2023-10-17T00:02:08.267+0000] {processor.py:157} INFO - Started process (PID=3853) to work on /opt/airflow/dags/consumer.py
[2023-10-17T00:02:08.269+0000] {processor.py:826} INFO - Processing file /opt/airflow/dags/consumer.py for tasks to queue
[2023-10-17T00:02:08.271+0000] {logging_mixin.py:150} INFO - [2023-10-17T00:02:08.270+0000] {dagbag.py:541} INFO - Filling up the DagBag from /opt/airflow/dags/consumer.py
[2023-10-17T00:02:08.279+0000] {processor.py:836} INFO - DAG(s) dict_keys(['consumer']) retrieved from /opt/airflow/dags/consumer.py
[2023-10-17T00:02:08.324+0000] {logging_mixin.py:150} INFO - [2023-10-17T00:02:08.324+0000] {dag.py:2742} INFO - Sync 1 DAGs
[2023-10-17T00:02:08.361+0000] {logging_mixin.py:150} INFO - [2023-10-17T00:02:08.360+0000] {dag.py:3504} INFO - Setting next_dagrun for consumer to None, run_after=None
[2023-10-17T00:02:08.442+0000] {processor.py:179} INFO - Processing /opt/airflow/dags/consumer.py took 0.181 seconds
[2023-10-17T00:02:38.580+0000] {processor.py:157} INFO - Started process (PID=3874) to work on /opt/airflow/dags/consumer.py
[2023-10-17T00:02:38.581+0000] {processor.py:826} INFO - Processing file /opt/airflow/dags/consumer.py for tasks to queue
[2023-10-17T00:02:38.583+0000] {logging_mixin.py:150} INFO - [2023-10-17T00:02:38.582+0000] {dagbag.py:541} INFO - Filling up the DagBag from /opt/airflow/dags/consumer.py
[2023-10-17T00:02:38.591+0000] {processor.py:836} INFO - DAG(s) dict_keys(['consumer']) retrieved from /opt/airflow/dags/consumer.py
[2023-10-17T00:02:38.633+0000] {logging_mixin.py:150} INFO - [2023-10-17T00:02:38.633+0000] {dag.py:2742} INFO - Sync 1 DAGs
[2023-10-17T00:02:38.673+0000] {logging_mixin.py:150} INFO - [2023-10-17T00:02:38.672+0000] {dag.py:3504} INFO - Setting next_dagrun for consumer to None, run_after=None
[2023-10-17T00:02:38.726+0000] {processor.py:179} INFO - Processing /opt/airflow/dags/consumer.py took 0.151 seconds
[2023-10-17T00:03:08.917+0000] {processor.py:157} INFO - Started process (PID=3895) to work on /opt/airflow/dags/consumer.py
[2023-10-17T00:03:08.920+0000] {processor.py:826} INFO - Processing file /opt/airflow/dags/consumer.py for tasks to queue
[2023-10-17T00:03:08.923+0000] {logging_mixin.py:150} INFO - [2023-10-17T00:03:08.922+0000] {dagbag.py:541} INFO - Filling up the DagBag from /opt/airflow/dags/consumer.py
[2023-10-17T00:03:08.931+0000] {processor.py:836} INFO - DAG(s) dict_keys(['consumer']) retrieved from /opt/airflow/dags/consumer.py
[2023-10-17T00:03:08.973+0000] {logging_mixin.py:150} INFO - [2023-10-17T00:03:08.972+0000] {dag.py:2742} INFO - Sync 1 DAGs
[2023-10-17T00:03:09.008+0000] {logging_mixin.py:150} INFO - [2023-10-17T00:03:09.008+0000] {dag.py:3504} INFO - Setting next_dagrun for consumer to None, run_after=None
[2023-10-17T00:03:09.048+0000] {processor.py:179} INFO - Processing /opt/airflow/dags/consumer.py took 0.136 seconds
[2023-10-17T00:03:39.871+0000] {processor.py:157} INFO - Started process (PID=3916) to work on /opt/airflow/dags/consumer.py
[2023-10-17T00:03:39.874+0000] {processor.py:826} INFO - Processing file /opt/airflow/dags/consumer.py for tasks to queue
[2023-10-17T00:03:39.876+0000] {logging_mixin.py:150} INFO - [2023-10-17T00:03:39.875+0000] {dagbag.py:541} INFO - Filling up the DagBag from /opt/airflow/dags/consumer.py
[2023-10-17T00:03:39.882+0000] {processor.py:836} INFO - DAG(s) dict_keys(['consumer']) retrieved from /opt/airflow/dags/consumer.py
[2023-10-17T00:03:39.946+0000] {logging_mixin.py:150} INFO - [2023-10-17T00:03:39.946+0000] {dag.py:2742} INFO - Sync 1 DAGs
[2023-10-17T00:03:39.982+0000] {logging_mixin.py:150} INFO - [2023-10-17T00:03:39.982+0000] {dag.py:3504} INFO - Setting next_dagrun for consumer to None, run_after=None
[2023-10-17T00:03:40.028+0000] {processor.py:179} INFO - Processing /opt/airflow/dags/consumer.py took 0.173 seconds
[2023-10-17T00:04:10.255+0000] {processor.py:157} INFO - Started process (PID=3937) to work on /opt/airflow/dags/consumer.py
[2023-10-17T00:04:10.258+0000] {processor.py:826} INFO - Processing file /opt/airflow/dags/consumer.py for tasks to queue
[2023-10-17T00:04:10.261+0000] {logging_mixin.py:150} INFO - [2023-10-17T00:04:10.260+0000] {dagbag.py:541} INFO - Filling up the DagBag from /opt/airflow/dags/consumer.py
[2023-10-17T00:04:10.273+0000] {processor.py:836} INFO - DAG(s) dict_keys(['consumer']) retrieved from /opt/airflow/dags/consumer.py
[2023-10-17T00:04:10.315+0000] {logging_mixin.py:150} INFO - [2023-10-17T00:04:10.315+0000] {dag.py:2742} INFO - Sync 1 DAGs
[2023-10-17T00:04:10.362+0000] {logging_mixin.py:150} INFO - [2023-10-17T00:04:10.361+0000] {dag.py:3504} INFO - Setting next_dagrun for consumer to None, run_after=None
[2023-10-17T00:04:10.399+0000] {processor.py:179} INFO - Processing /opt/airflow/dags/consumer.py took 0.150 seconds
[2023-10-17T00:04:40.554+0000] {processor.py:157} INFO - Started process (PID=3958) to work on /opt/airflow/dags/consumer.py
[2023-10-17T00:04:40.556+0000] {processor.py:826} INFO - Processing file /opt/airflow/dags/consumer.py for tasks to queue
[2023-10-17T00:04:40.559+0000] {logging_mixin.py:150} INFO - [2023-10-17T00:04:40.558+0000] {dagbag.py:541} INFO - Filling up the DagBag from /opt/airflow/dags/consumer.py
[2023-10-17T00:04:40.567+0000] {processor.py:836} INFO - DAG(s) dict_keys(['consumer']) retrieved from /opt/airflow/dags/consumer.py
[2023-10-17T00:04:40.632+0000] {logging_mixin.py:150} INFO - [2023-10-17T00:04:40.632+0000] {dag.py:2742} INFO - Sync 1 DAGs
[2023-10-17T00:04:40.705+0000] {logging_mixin.py:150} INFO - [2023-10-17T00:04:40.705+0000] {dag.py:3504} INFO - Setting next_dagrun for consumer to None, run_after=None
[2023-10-17T00:04:40.795+0000] {processor.py:179} INFO - Processing /opt/airflow/dags/consumer.py took 0.244 seconds
[2023-10-17T00:05:10.881+0000] {processor.py:157} INFO - Started process (PID=3978) to work on /opt/airflow/dags/consumer.py
[2023-10-17T00:05:10.883+0000] {processor.py:826} INFO - Processing file /opt/airflow/dags/consumer.py for tasks to queue
[2023-10-17T00:05:10.885+0000] {logging_mixin.py:150} INFO - [2023-10-17T00:05:10.884+0000] {dagbag.py:541} INFO - Filling up the DagBag from /opt/airflow/dags/consumer.py
[2023-10-17T00:05:10.892+0000] {processor.py:836} INFO - DAG(s) dict_keys(['consumer']) retrieved from /opt/airflow/dags/consumer.py
[2023-10-17T00:05:10.942+0000] {logging_mixin.py:150} INFO - [2023-10-17T00:05:10.941+0000] {dag.py:2742} INFO - Sync 1 DAGs
[2023-10-17T00:05:10.991+0000] {logging_mixin.py:150} INFO - [2023-10-17T00:05:10.990+0000] {dag.py:3504} INFO - Setting next_dagrun for consumer to None, run_after=None
[2023-10-17T00:05:11.040+0000] {processor.py:179} INFO - Processing /opt/airflow/dags/consumer.py took 0.169 seconds
[2023-10-17T00:05:41.123+0000] {processor.py:157} INFO - Started process (PID=3999) to work on /opt/airflow/dags/consumer.py
[2023-10-17T00:05:41.129+0000] {processor.py:826} INFO - Processing file /opt/airflow/dags/consumer.py for tasks to queue
[2023-10-17T00:05:41.132+0000] {logging_mixin.py:150} INFO - [2023-10-17T00:05:41.132+0000] {dagbag.py:541} INFO - Filling up the DagBag from /opt/airflow/dags/consumer.py
[2023-10-17T00:05:41.140+0000] {processor.py:836} INFO - DAG(s) dict_keys(['consumer']) retrieved from /opt/airflow/dags/consumer.py
[2023-10-17T00:05:41.187+0000] {logging_mixin.py:150} INFO - [2023-10-17T00:05:41.186+0000] {dag.py:2742} INFO - Sync 1 DAGs
[2023-10-17T00:05:41.231+0000] {logging_mixin.py:150} INFO - [2023-10-17T00:05:41.230+0000] {dag.py:3504} INFO - Setting next_dagrun for consumer to None, run_after=None
[2023-10-17T00:05:41.275+0000] {processor.py:179} INFO - Processing /opt/airflow/dags/consumer.py took 0.155 seconds
[2023-10-17T00:06:11.487+0000] {processor.py:157} INFO - Started process (PID=4021) to work on /opt/airflow/dags/consumer.py
[2023-10-17T00:06:11.494+0000] {processor.py:826} INFO - Processing file /opt/airflow/dags/consumer.py for tasks to queue
[2023-10-17T00:06:11.500+0000] {logging_mixin.py:150} INFO - [2023-10-17T00:06:11.499+0000] {dagbag.py:541} INFO - Filling up the DagBag from /opt/airflow/dags/consumer.py
[2023-10-17T00:06:11.511+0000] {processor.py:836} INFO - DAG(s) dict_keys(['consumer']) retrieved from /opt/airflow/dags/consumer.py
[2023-10-17T00:06:11.582+0000] {logging_mixin.py:150} INFO - [2023-10-17T00:06:11.582+0000] {dag.py:2742} INFO - Sync 1 DAGs
[2023-10-17T00:06:11.614+0000] {logging_mixin.py:150} INFO - [2023-10-17T00:06:11.613+0000] {dag.py:3504} INFO - Setting next_dagrun for consumer to None, run_after=None
[2023-10-17T00:06:11.657+0000] {processor.py:179} INFO - Processing /opt/airflow/dags/consumer.py took 0.175 seconds
[2023-10-17T00:06:42.438+0000] {processor.py:157} INFO - Started process (PID=4042) to work on /opt/airflow/dags/consumer.py
[2023-10-17T00:06:42.439+0000] {processor.py:826} INFO - Processing file /opt/airflow/dags/consumer.py for tasks to queue
[2023-10-17T00:06:42.440+0000] {logging_mixin.py:150} INFO - [2023-10-17T00:06:42.440+0000] {dagbag.py:541} INFO - Filling up the DagBag from /opt/airflow/dags/consumer.py
[2023-10-17T00:06:42.447+0000] {processor.py:836} INFO - DAG(s) dict_keys(['consumer']) retrieved from /opt/airflow/dags/consumer.py
[2023-10-17T00:06:42.484+0000] {logging_mixin.py:150} INFO - [2023-10-17T00:06:42.484+0000] {dag.py:2742} INFO - Sync 1 DAGs
[2023-10-17T00:06:42.516+0000] {logging_mixin.py:150} INFO - [2023-10-17T00:06:42.515+0000] {dag.py:3504} INFO - Setting next_dagrun for consumer to None, run_after=None
[2023-10-17T00:06:42.557+0000] {processor.py:179} INFO - Processing /opt/airflow/dags/consumer.py took 0.122 seconds
[2023-10-17T00:07:13.203+0000] {processor.py:157} INFO - Started process (PID=4062) to work on /opt/airflow/dags/consumer.py
[2023-10-17T00:07:15.849+0000] {processor.py:826} INFO - Processing file /opt/airflow/dags/consumer.py for tasks to queue
[2023-10-17T00:07:15.851+0000] {logging_mixin.py:150} INFO - [2023-10-17T00:07:15.850+0000] {dagbag.py:541} INFO - Filling up the DagBag from /opt/airflow/dags/consumer.py
[2023-10-17T00:07:15.867+0000] {processor.py:836} INFO - DAG(s) dict_keys(['consumer']) retrieved from /opt/airflow/dags/consumer.py
[2023-10-17T00:07:16.007+0000] {logging_mixin.py:150} INFO - [2023-10-17T00:07:16.006+0000] {dag.py:2742} INFO - Sync 1 DAGs
[2023-10-17T00:07:16.110+0000] {logging_mixin.py:150} INFO - [2023-10-17T00:07:16.098+0000] {dag.py:3504} INFO - Setting next_dagrun for consumer to None, run_after=None
[2023-10-17T00:07:16.336+0000] {processor.py:179} INFO - Processing /opt/airflow/dags/consumer.py took 3.136 seconds
[2023-10-17T00:07:46.728+0000] {processor.py:157} INFO - Started process (PID=4090) to work on /opt/airflow/dags/consumer.py
[2023-10-17T00:07:46.729+0000] {processor.py:826} INFO - Processing file /opt/airflow/dags/consumer.py for tasks to queue
[2023-10-17T00:07:46.731+0000] {logging_mixin.py:150} INFO - [2023-10-17T00:07:46.730+0000] {dagbag.py:541} INFO - Filling up the DagBag from /opt/airflow/dags/consumer.py
[2023-10-17T00:07:46.743+0000] {processor.py:836} INFO - DAG(s) dict_keys(['consumer']) retrieved from /opt/airflow/dags/consumer.py
[2023-10-17T00:07:46.805+0000] {logging_mixin.py:150} INFO - [2023-10-17T00:07:46.804+0000] {dag.py:2742} INFO - Sync 1 DAGs
[2023-10-17T00:07:46.864+0000] {logging_mixin.py:150} INFO - [2023-10-17T00:07:46.863+0000] {dag.py:3504} INFO - Setting next_dagrun for consumer to None, run_after=None
[2023-10-17T00:07:47.001+0000] {processor.py:179} INFO - Processing /opt/airflow/dags/consumer.py took 0.280 seconds
[2023-10-17T00:08:17.653+0000] {processor.py:157} INFO - Started process (PID=4111) to work on /opt/airflow/dags/consumer.py
[2023-10-17T00:08:17.655+0000] {processor.py:826} INFO - Processing file /opt/airflow/dags/consumer.py for tasks to queue
[2023-10-17T00:08:17.655+0000] {logging_mixin.py:150} INFO - [2023-10-17T00:08:17.655+0000] {dagbag.py:541} INFO - Filling up the DagBag from /opt/airflow/dags/consumer.py
[2023-10-17T00:08:17.660+0000] {processor.py:836} INFO - DAG(s) dict_keys(['consumer']) retrieved from /opt/airflow/dags/consumer.py
[2023-10-17T00:08:17.691+0000] {logging_mixin.py:150} INFO - [2023-10-17T00:08:17.691+0000] {dag.py:2742} INFO - Sync 1 DAGs
[2023-10-17T00:08:17.723+0000] {logging_mixin.py:150} INFO - [2023-10-17T00:08:17.722+0000] {dag.py:3504} INFO - Setting next_dagrun for consumer to None, run_after=None
[2023-10-17T00:08:17.762+0000] {processor.py:179} INFO - Processing /opt/airflow/dags/consumer.py took 0.113 seconds
[2023-10-17T00:08:48.535+0000] {processor.py:157} INFO - Started process (PID=4132) to work on /opt/airflow/dags/consumer.py
[2023-10-17T00:08:48.537+0000] {processor.py:826} INFO - Processing file /opt/airflow/dags/consumer.py for tasks to queue
[2023-10-17T00:08:48.537+0000] {logging_mixin.py:150} INFO - [2023-10-17T00:08:48.537+0000] {dagbag.py:541} INFO - Filling up the DagBag from /opt/airflow/dags/consumer.py
[2023-10-17T00:08:48.542+0000] {processor.py:836} INFO - DAG(s) dict_keys(['consumer']) retrieved from /opt/airflow/dags/consumer.py
[2023-10-17T00:08:48.574+0000] {logging_mixin.py:150} INFO - [2023-10-17T00:08:48.574+0000] {dag.py:2742} INFO - Sync 1 DAGs
[2023-10-17T00:08:48.603+0000] {logging_mixin.py:150} INFO - [2023-10-17T00:08:48.602+0000] {dag.py:3504} INFO - Setting next_dagrun for consumer to None, run_after=None
[2023-10-17T00:08:48.643+0000] {processor.py:179} INFO - Processing /opt/airflow/dags/consumer.py took 0.112 seconds
[2023-10-17T00:09:19.629+0000] {processor.py:157} INFO - Started process (PID=4153) to work on /opt/airflow/dags/consumer.py
[2023-10-17T00:09:19.630+0000] {processor.py:826} INFO - Processing file /opt/airflow/dags/consumer.py for tasks to queue
[2023-10-17T00:09:19.631+0000] {logging_mixin.py:150} INFO - [2023-10-17T00:09:19.631+0000] {dagbag.py:541} INFO - Filling up the DagBag from /opt/airflow/dags/consumer.py
[2023-10-17T00:09:19.636+0000] {processor.py:836} INFO - DAG(s) dict_keys(['consumer']) retrieved from /opt/airflow/dags/consumer.py
[2023-10-17T00:09:19.678+0000] {logging_mixin.py:150} INFO - [2023-10-17T00:09:19.678+0000] {dag.py:2742} INFO - Sync 1 DAGs
[2023-10-17T00:09:19.711+0000] {logging_mixin.py:150} INFO - [2023-10-17T00:09:19.710+0000] {dag.py:3504} INFO - Setting next_dagrun for consumer to None, run_after=None
[2023-10-17T00:09:19.753+0000] {processor.py:179} INFO - Processing /opt/airflow/dags/consumer.py took 0.131 seconds
[2023-10-17T00:09:49.893+0000] {processor.py:157} INFO - Started process (PID=4174) to work on /opt/airflow/dags/consumer.py
[2023-10-17T00:09:49.895+0000] {processor.py:826} INFO - Processing file /opt/airflow/dags/consumer.py for tasks to queue
[2023-10-17T00:09:49.896+0000] {logging_mixin.py:150} INFO - [2023-10-17T00:09:49.896+0000] {dagbag.py:541} INFO - Filling up the DagBag from /opt/airflow/dags/consumer.py
[2023-10-17T00:09:49.902+0000] {processor.py:836} INFO - DAG(s) dict_keys(['consumer']) retrieved from /opt/airflow/dags/consumer.py
[2023-10-17T00:09:49.938+0000] {logging_mixin.py:150} INFO - [2023-10-17T00:09:49.938+0000] {dag.py:2742} INFO - Sync 1 DAGs
[2023-10-17T00:09:49.974+0000] {logging_mixin.py:150} INFO - [2023-10-17T00:09:49.973+0000] {dag.py:3504} INFO - Setting next_dagrun for consumer to None, run_after=None
[2023-10-17T00:09:50.018+0000] {processor.py:179} INFO - Processing /opt/airflow/dags/consumer.py took 0.130 seconds
[2023-10-17T00:10:20.251+0000] {processor.py:157} INFO - Started process (PID=4196) to work on /opt/airflow/dags/consumer.py
[2023-10-17T00:10:20.254+0000] {processor.py:826} INFO - Processing file /opt/airflow/dags/consumer.py for tasks to queue
[2023-10-17T00:10:20.257+0000] {logging_mixin.py:150} INFO - [2023-10-17T00:10:20.257+0000] {dagbag.py:541} INFO - Filling up the DagBag from /opt/airflow/dags/consumer.py
[2023-10-17T00:10:20.273+0000] {processor.py:836} INFO - DAG(s) dict_keys(['consumer']) retrieved from /opt/airflow/dags/consumer.py
[2023-10-17T00:10:20.320+0000] {logging_mixin.py:150} INFO - [2023-10-17T00:10:20.319+0000] {dag.py:2742} INFO - Sync 1 DAGs
[2023-10-17T00:10:20.356+0000] {logging_mixin.py:150} INFO - [2023-10-17T00:10:20.355+0000] {dag.py:3504} INFO - Setting next_dagrun for consumer to None, run_after=None
[2023-10-17T00:10:20.395+0000] {processor.py:179} INFO - Processing /opt/airflow/dags/consumer.py took 0.153 seconds
[2023-10-17T00:10:50.504+0000] {processor.py:157} INFO - Started process (PID=4217) to work on /opt/airflow/dags/consumer.py
[2023-10-17T00:10:50.506+0000] {processor.py:826} INFO - Processing file /opt/airflow/dags/consumer.py for tasks to queue
[2023-10-17T00:10:50.507+0000] {logging_mixin.py:150} INFO - [2023-10-17T00:10:50.507+0000] {dagbag.py:541} INFO - Filling up the DagBag from /opt/airflow/dags/consumer.py
[2023-10-17T00:10:50.515+0000] {processor.py:836} INFO - DAG(s) dict_keys(['consumer']) retrieved from /opt/airflow/dags/consumer.py
[2023-10-17T00:10:50.550+0000] {logging_mixin.py:150} INFO - [2023-10-17T00:10:50.550+0000] {dag.py:2742} INFO - Sync 1 DAGs
[2023-10-17T00:10:50.590+0000] {logging_mixin.py:150} INFO - [2023-10-17T00:10:50.590+0000] {dag.py:3504} INFO - Setting next_dagrun for consumer to None, run_after=None
[2023-10-17T00:10:50.633+0000] {processor.py:179} INFO - Processing /opt/airflow/dags/consumer.py took 0.133 seconds
[2023-10-17T00:11:20.906+0000] {processor.py:157} INFO - Started process (PID=4238) to work on /opt/airflow/dags/consumer.py
[2023-10-17T00:11:20.908+0000] {processor.py:826} INFO - Processing file /opt/airflow/dags/consumer.py for tasks to queue
[2023-10-17T00:11:20.909+0000] {logging_mixin.py:150} INFO - [2023-10-17T00:11:20.909+0000] {dagbag.py:541} INFO - Filling up the DagBag from /opt/airflow/dags/consumer.py
[2023-10-17T00:11:20.916+0000] {processor.py:836} INFO - DAG(s) dict_keys(['consumer']) retrieved from /opt/airflow/dags/consumer.py
[2023-10-17T00:11:20.956+0000] {logging_mixin.py:150} INFO - [2023-10-17T00:11:20.956+0000] {dag.py:2742} INFO - Sync 1 DAGs
[2023-10-17T00:11:20.988+0000] {logging_mixin.py:150} INFO - [2023-10-17T00:11:20.988+0000] {dag.py:3504} INFO - Setting next_dagrun for consumer to None, run_after=None
[2023-10-17T00:11:21.028+0000] {processor.py:179} INFO - Processing /opt/airflow/dags/consumer.py took 0.126 seconds
[2023-10-17T00:11:51.190+0000] {processor.py:157} INFO - Started process (PID=4259) to work on /opt/airflow/dags/consumer.py
[2023-10-17T00:11:51.192+0000] {processor.py:826} INFO - Processing file /opt/airflow/dags/consumer.py for tasks to queue
[2023-10-17T00:11:51.193+0000] {logging_mixin.py:150} INFO - [2023-10-17T00:11:51.193+0000] {dagbag.py:541} INFO - Filling up the DagBag from /opt/airflow/dags/consumer.py
[2023-10-17T00:11:51.202+0000] {processor.py:836} INFO - DAG(s) dict_keys(['consumer']) retrieved from /opt/airflow/dags/consumer.py
[2023-10-17T00:11:51.238+0000] {logging_mixin.py:150} INFO - [2023-10-17T00:11:51.238+0000] {dag.py:2742} INFO - Sync 1 DAGs
[2023-10-17T00:11:51.268+0000] {logging_mixin.py:150} INFO - [2023-10-17T00:11:51.268+0000] {dag.py:3504} INFO - Setting next_dagrun for consumer to None, run_after=None
[2023-10-17T00:11:51.312+0000] {processor.py:179} INFO - Processing /opt/airflow/dags/consumer.py took 0.126 seconds
[2023-10-17T00:12:21.350+0000] {processor.py:157} INFO - Started process (PID=4280) to work on /opt/airflow/dags/consumer.py
[2023-10-17T00:12:21.352+0000] {processor.py:826} INFO - Processing file /opt/airflow/dags/consumer.py for tasks to queue
[2023-10-17T00:12:21.354+0000] {logging_mixin.py:150} INFO - [2023-10-17T00:12:21.354+0000] {dagbag.py:541} INFO - Filling up the DagBag from /opt/airflow/dags/consumer.py
[2023-10-17T00:12:21.360+0000] {processor.py:836} INFO - DAG(s) dict_keys(['consumer']) retrieved from /opt/airflow/dags/consumer.py
[2023-10-17T00:12:21.396+0000] {logging_mixin.py:150} INFO - [2023-10-17T00:12:21.396+0000] {dag.py:2742} INFO - Sync 1 DAGs
[2023-10-17T00:12:21.429+0000] {logging_mixin.py:150} INFO - [2023-10-17T00:12:21.429+0000] {dag.py:3504} INFO - Setting next_dagrun for consumer to None, run_after=None
[2023-10-17T00:12:21.476+0000] {processor.py:179} INFO - Processing /opt/airflow/dags/consumer.py took 0.130 seconds
[2023-10-17T00:12:51.604+0000] {processor.py:157} INFO - Started process (PID=4301) to work on /opt/airflow/dags/consumer.py
[2023-10-17T00:12:51.607+0000] {processor.py:826} INFO - Processing file /opt/airflow/dags/consumer.py for tasks to queue
[2023-10-17T00:12:51.608+0000] {logging_mixin.py:150} INFO - [2023-10-17T00:12:51.608+0000] {dagbag.py:541} INFO - Filling up the DagBag from /opt/airflow/dags/consumer.py
[2023-10-17T00:12:51.615+0000] {processor.py:836} INFO - DAG(s) dict_keys(['consumer']) retrieved from /opt/airflow/dags/consumer.py
[2023-10-17T00:12:51.658+0000] {logging_mixin.py:150} INFO - [2023-10-17T00:12:51.657+0000] {dag.py:2742} INFO - Sync 1 DAGs
[2023-10-17T00:12:51.689+0000] {logging_mixin.py:150} INFO - [2023-10-17T00:12:51.689+0000] {dag.py:3504} INFO - Setting next_dagrun for consumer to None, run_after=None
[2023-10-17T00:12:51.732+0000] {processor.py:179} INFO - Processing /opt/airflow/dags/consumer.py took 0.134 seconds
[2023-10-17T00:13:21.890+0000] {processor.py:157} INFO - Started process (PID=4322) to work on /opt/airflow/dags/consumer.py
[2023-10-17T00:13:21.892+0000] {processor.py:826} INFO - Processing file /opt/airflow/dags/consumer.py for tasks to queue
[2023-10-17T00:13:21.893+0000] {logging_mixin.py:150} INFO - [2023-10-17T00:13:21.893+0000] {dagbag.py:541} INFO - Filling up the DagBag from /opt/airflow/dags/consumer.py
[2023-10-17T00:13:21.903+0000] {processor.py:836} INFO - DAG(s) dict_keys(['consumer']) retrieved from /opt/airflow/dags/consumer.py
[2023-10-17T00:13:21.939+0000] {logging_mixin.py:150} INFO - [2023-10-17T00:13:21.939+0000] {dag.py:2742} INFO - Sync 1 DAGs
[2023-10-17T00:13:21.974+0000] {logging_mixin.py:150} INFO - [2023-10-17T00:13:21.974+0000] {dag.py:3504} INFO - Setting next_dagrun for consumer to None, run_after=None
[2023-10-17T00:13:22.015+0000] {processor.py:179} INFO - Processing /opt/airflow/dags/consumer.py took 0.131 seconds
[2023-10-17T00:13:52.961+0000] {processor.py:157} INFO - Started process (PID=4343) to work on /opt/airflow/dags/consumer.py
[2023-10-17T00:13:52.962+0000] {processor.py:826} INFO - Processing file /opt/airflow/dags/consumer.py for tasks to queue
[2023-10-17T00:13:52.963+0000] {logging_mixin.py:150} INFO - [2023-10-17T00:13:52.963+0000] {dagbag.py:541} INFO - Filling up the DagBag from /opt/airflow/dags/consumer.py
[2023-10-17T00:13:52.969+0000] {processor.py:836} INFO - DAG(s) dict_keys(['consumer']) retrieved from /opt/airflow/dags/consumer.py
[2023-10-17T00:13:53.006+0000] {logging_mixin.py:150} INFO - [2023-10-17T00:13:53.005+0000] {dag.py:2742} INFO - Sync 1 DAGs
[2023-10-17T00:13:53.046+0000] {logging_mixin.py:150} INFO - [2023-10-17T00:13:53.046+0000] {dag.py:3504} INFO - Setting next_dagrun for consumer to None, run_after=None
[2023-10-17T00:13:53.087+0000] {processor.py:179} INFO - Processing /opt/airflow/dags/consumer.py took 0.134 seconds
[2023-10-17T00:14:23.238+0000] {processor.py:157} INFO - Started process (PID=4364) to work on /opt/airflow/dags/consumer.py
[2023-10-17T00:14:23.243+0000] {processor.py:826} INFO - Processing file /opt/airflow/dags/consumer.py for tasks to queue
[2023-10-17T00:14:23.245+0000] {logging_mixin.py:150} INFO - [2023-10-17T00:14:23.245+0000] {dagbag.py:541} INFO - Filling up the DagBag from /opt/airflow/dags/consumer.py
[2023-10-17T00:14:23.252+0000] {processor.py:836} INFO - DAG(s) dict_keys(['consumer']) retrieved from /opt/airflow/dags/consumer.py
[2023-10-17T00:14:23.288+0000] {logging_mixin.py:150} INFO - [2023-10-17T00:14:23.288+0000] {dag.py:2742} INFO - Sync 1 DAGs
[2023-10-17T00:14:23.321+0000] {logging_mixin.py:150} INFO - [2023-10-17T00:14:23.320+0000] {dag.py:3504} INFO - Setting next_dagrun for consumer to None, run_after=None
[2023-10-17T00:14:23.368+0000] {processor.py:179} INFO - Processing /opt/airflow/dags/consumer.py took 0.134 seconds
[2023-10-17T00:14:53.514+0000] {processor.py:157} INFO - Started process (PID=4385) to work on /opt/airflow/dags/consumer.py
[2023-10-17T00:14:53.515+0000] {processor.py:826} INFO - Processing file /opt/airflow/dags/consumer.py for tasks to queue
[2023-10-17T00:14:53.516+0000] {logging_mixin.py:150} INFO - [2023-10-17T00:14:53.516+0000] {dagbag.py:541} INFO - Filling up the DagBag from /opt/airflow/dags/consumer.py
[2023-10-17T00:14:53.522+0000] {processor.py:836} INFO - DAG(s) dict_keys(['consumer']) retrieved from /opt/airflow/dags/consumer.py
[2023-10-17T00:14:53.565+0000] {logging_mixin.py:150} INFO - [2023-10-17T00:14:53.564+0000] {dag.py:2742} INFO - Sync 1 DAGs
[2023-10-17T00:14:53.603+0000] {logging_mixin.py:150} INFO - [2023-10-17T00:14:53.603+0000] {dag.py:3504} INFO - Setting next_dagrun for consumer to None, run_after=None
[2023-10-17T00:14:53.650+0000] {processor.py:179} INFO - Processing /opt/airflow/dags/consumer.py took 0.143 seconds
[2023-10-17T00:15:23.807+0000] {processor.py:157} INFO - Started process (PID=4406) to work on /opt/airflow/dags/consumer.py
[2023-10-17T00:15:24.558+0000] {processor.py:826} INFO - Processing file /opt/airflow/dags/consumer.py for tasks to queue
[2023-10-17T00:15:24.562+0000] {logging_mixin.py:150} INFO - [2023-10-17T00:15:24.560+0000] {dagbag.py:541} INFO - Filling up the DagBag from /opt/airflow/dags/consumer.py
[2023-10-17T00:15:24.582+0000] {processor.py:836} INFO - DAG(s) dict_keys(['consumer']) retrieved from /opt/airflow/dags/consumer.py
[2023-10-17T00:15:24.755+0000] {logging_mixin.py:150} INFO - [2023-10-17T00:15:24.755+0000] {dag.py:2742} INFO - Sync 1 DAGs
[2023-10-17T00:15:24.890+0000] {logging_mixin.py:150} INFO - [2023-10-17T00:15:24.890+0000] {dag.py:3504} INFO - Setting next_dagrun for consumer to None, run_after=None
[2023-10-17T00:15:25.046+0000] {processor.py:179} INFO - Processing /opt/airflow/dags/consumer.py took 1.243 seconds
[2023-10-17T00:15:55.749+0000] {processor.py:157} INFO - Started process (PID=4427) to work on /opt/airflow/dags/consumer.py
[2023-10-17T00:15:55.787+0000] {processor.py:826} INFO - Processing file /opt/airflow/dags/consumer.py for tasks to queue
[2023-10-17T00:15:55.788+0000] {logging_mixin.py:150} INFO - [2023-10-17T00:15:55.788+0000] {dagbag.py:541} INFO - Filling up the DagBag from /opt/airflow/dags/consumer.py
[2023-10-17T00:15:55.795+0000] {processor.py:836} INFO - DAG(s) dict_keys(['consumer']) retrieved from /opt/airflow/dags/consumer.py
[2023-10-17T00:15:55.838+0000] {logging_mixin.py:150} INFO - [2023-10-17T00:15:55.838+0000] {dag.py:2742} INFO - Sync 1 DAGs
[2023-10-17T00:15:55.873+0000] {logging_mixin.py:150} INFO - [2023-10-17T00:15:55.873+0000] {dag.py:3504} INFO - Setting next_dagrun for consumer to None, run_after=None
[2023-10-17T00:15:55.925+0000] {processor.py:179} INFO - Processing /opt/airflow/dags/consumer.py took 0.182 seconds
[2023-10-17T00:16:25.968+0000] {processor.py:157} INFO - Started process (PID=4447) to work on /opt/airflow/dags/consumer.py
[2023-10-17T00:16:25.973+0000] {processor.py:826} INFO - Processing file /opt/airflow/dags/consumer.py for tasks to queue
[2023-10-17T00:16:25.975+0000] {logging_mixin.py:150} INFO - [2023-10-17T00:16:25.974+0000] {dagbag.py:541} INFO - Filling up the DagBag from /opt/airflow/dags/consumer.py
[2023-10-17T00:16:25.980+0000] {processor.py:836} INFO - DAG(s) dict_keys(['consumer']) retrieved from /opt/airflow/dags/consumer.py
[2023-10-17T00:16:26.022+0000] {logging_mixin.py:150} INFO - [2023-10-17T00:16:26.021+0000] {dag.py:2742} INFO - Sync 1 DAGs
[2023-10-17T00:16:26.058+0000] {logging_mixin.py:150} INFO - [2023-10-17T00:16:26.058+0000] {dag.py:3504} INFO - Setting next_dagrun for consumer to None, run_after=None
[2023-10-17T00:16:26.120+0000] {processor.py:179} INFO - Processing /opt/airflow/dags/consumer.py took 0.159 seconds
[2023-10-17T00:16:56.247+0000] {processor.py:157} INFO - Started process (PID=4468) to work on /opt/airflow/dags/consumer.py
[2023-10-17T00:16:56.251+0000] {processor.py:826} INFO - Processing file /opt/airflow/dags/consumer.py for tasks to queue
[2023-10-17T00:16:56.254+0000] {logging_mixin.py:150} INFO - [2023-10-17T00:16:56.253+0000] {dagbag.py:541} INFO - Filling up the DagBag from /opt/airflow/dags/consumer.py
[2023-10-17T00:16:56.262+0000] {processor.py:836} INFO - DAG(s) dict_keys(['consumer']) retrieved from /opt/airflow/dags/consumer.py
[2023-10-17T00:16:56.305+0000] {logging_mixin.py:150} INFO - [2023-10-17T00:16:56.304+0000] {dag.py:2742} INFO - Sync 1 DAGs
[2023-10-17T00:16:56.347+0000] {logging_mixin.py:150} INFO - [2023-10-17T00:16:56.346+0000] {dag.py:3504} INFO - Setting next_dagrun for consumer to None, run_after=None
[2023-10-17T00:16:56.390+0000] {processor.py:179} INFO - Processing /opt/airflow/dags/consumer.py took 0.149 seconds
[2023-10-17T00:17:26.465+0000] {processor.py:157} INFO - Started process (PID=4489) to work on /opt/airflow/dags/consumer.py
[2023-10-17T00:17:26.466+0000] {processor.py:826} INFO - Processing file /opt/airflow/dags/consumer.py for tasks to queue
[2023-10-17T00:17:26.469+0000] {logging_mixin.py:150} INFO - [2023-10-17T00:17:26.468+0000] {dagbag.py:541} INFO - Filling up the DagBag from /opt/airflow/dags/consumer.py
[2023-10-17T00:17:26.477+0000] {processor.py:836} INFO - DAG(s) dict_keys(['consumer']) retrieved from /opt/airflow/dags/consumer.py
[2023-10-17T00:17:26.514+0000] {logging_mixin.py:150} INFO - [2023-10-17T00:17:26.514+0000] {dag.py:2742} INFO - Sync 1 DAGs
[2023-10-17T00:17:26.554+0000] {logging_mixin.py:150} INFO - [2023-10-17T00:17:26.554+0000] {dag.py:3504} INFO - Setting next_dagrun for consumer to None, run_after=None
[2023-10-17T00:17:26.597+0000] {processor.py:179} INFO - Processing /opt/airflow/dags/consumer.py took 0.137 seconds
[2023-10-17T00:17:56.829+0000] {processor.py:157} INFO - Started process (PID=4511) to work on /opt/airflow/dags/consumer.py
[2023-10-17T00:17:56.831+0000] {processor.py:826} INFO - Processing file /opt/airflow/dags/consumer.py for tasks to queue
[2023-10-17T00:17:56.832+0000] {logging_mixin.py:150} INFO - [2023-10-17T00:17:56.831+0000] {dagbag.py:541} INFO - Filling up the DagBag from /opt/airflow/dags/consumer.py
[2023-10-17T00:17:56.846+0000] {processor.py:836} INFO - DAG(s) dict_keys(['consumer']) retrieved from /opt/airflow/dags/consumer.py
[2023-10-17T00:17:56.895+0000] {logging_mixin.py:150} INFO - [2023-10-17T00:17:56.895+0000] {dag.py:2742} INFO - Sync 1 DAGs
[2023-10-17T00:17:56.951+0000] {logging_mixin.py:150} INFO - [2023-10-17T00:17:56.950+0000] {dag.py:3504} INFO - Setting next_dagrun for consumer to None, run_after=None
[2023-10-17T00:17:57.013+0000] {processor.py:179} INFO - Processing /opt/airflow/dags/consumer.py took 0.191 seconds
[2023-10-17T00:18:27.179+0000] {processor.py:157} INFO - Started process (PID=4532) to work on /opt/airflow/dags/consumer.py
[2023-10-17T00:18:27.226+0000] {processor.py:826} INFO - Processing file /opt/airflow/dags/consumer.py for tasks to queue
[2023-10-17T00:18:27.228+0000] {logging_mixin.py:150} INFO - [2023-10-17T00:18:27.228+0000] {dagbag.py:541} INFO - Filling up the DagBag from /opt/airflow/dags/consumer.py
[2023-10-17T00:18:27.241+0000] {processor.py:836} INFO - DAG(s) dict_keys(['consumer']) retrieved from /opt/airflow/dags/consumer.py
[2023-10-17T00:18:27.293+0000] {logging_mixin.py:150} INFO - [2023-10-17T00:18:27.293+0000] {dag.py:2742} INFO - Sync 1 DAGs
[2023-10-17T00:18:27.334+0000] {logging_mixin.py:150} INFO - [2023-10-17T00:18:27.334+0000] {dag.py:3504} INFO - Setting next_dagrun for consumer to None, run_after=None
[2023-10-17T00:18:27.374+0000] {processor.py:179} INFO - Processing /opt/airflow/dags/consumer.py took 0.203 seconds
[2023-10-17T00:18:57.437+0000] {processor.py:157} INFO - Started process (PID=4553) to work on /opt/airflow/dags/consumer.py
[2023-10-17T00:18:57.439+0000] {processor.py:826} INFO - Processing file /opt/airflow/dags/consumer.py for tasks to queue
[2023-10-17T00:18:57.442+0000] {logging_mixin.py:150} INFO - [2023-10-17T00:18:57.441+0000] {dagbag.py:541} INFO - Filling up the DagBag from /opt/airflow/dags/consumer.py
[2023-10-17T00:18:57.448+0000] {processor.py:836} INFO - DAG(s) dict_keys(['consumer']) retrieved from /opt/airflow/dags/consumer.py
[2023-10-17T00:18:57.489+0000] {logging_mixin.py:150} INFO - [2023-10-17T00:18:57.488+0000] {dag.py:2742} INFO - Sync 1 DAGs
[2023-10-17T00:18:57.536+0000] {logging_mixin.py:150} INFO - [2023-10-17T00:18:57.535+0000] {dag.py:3504} INFO - Setting next_dagrun for consumer to None, run_after=None
[2023-10-17T00:18:57.581+0000] {processor.py:179} INFO - Processing /opt/airflow/dags/consumer.py took 0.147 seconds
[2023-10-17T00:19:27.678+0000] {processor.py:157} INFO - Started process (PID=4574) to work on /opt/airflow/dags/consumer.py
[2023-10-17T00:19:27.680+0000] {processor.py:826} INFO - Processing file /opt/airflow/dags/consumer.py for tasks to queue
[2023-10-17T00:19:27.681+0000] {logging_mixin.py:150} INFO - [2023-10-17T00:19:27.681+0000] {dagbag.py:541} INFO - Filling up the DagBag from /opt/airflow/dags/consumer.py
[2023-10-17T00:19:27.686+0000] {processor.py:836} INFO - DAG(s) dict_keys(['consumer']) retrieved from /opt/airflow/dags/consumer.py
[2023-10-17T00:19:27.728+0000] {logging_mixin.py:150} INFO - [2023-10-17T00:19:27.728+0000] {dag.py:2742} INFO - Sync 1 DAGs
[2023-10-17T00:19:27.766+0000] {logging_mixin.py:150} INFO - [2023-10-17T00:19:27.766+0000] {dag.py:3504} INFO - Setting next_dagrun for consumer to None, run_after=None
[2023-10-17T00:19:27.810+0000] {processor.py:179} INFO - Processing /opt/airflow/dags/consumer.py took 0.137 seconds
[2023-10-17T00:19:57.850+0000] {processor.py:157} INFO - Started process (PID=4595) to work on /opt/airflow/dags/consumer.py
[2023-10-17T00:19:57.852+0000] {processor.py:826} INFO - Processing file /opt/airflow/dags/consumer.py for tasks to queue
[2023-10-17T00:19:57.853+0000] {logging_mixin.py:150} INFO - [2023-10-17T00:19:57.853+0000] {dagbag.py:541} INFO - Filling up the DagBag from /opt/airflow/dags/consumer.py
[2023-10-17T00:19:57.858+0000] {processor.py:836} INFO - DAG(s) dict_keys(['consumer']) retrieved from /opt/airflow/dags/consumer.py
[2023-10-17T00:19:57.900+0000] {logging_mixin.py:150} INFO - [2023-10-17T00:19:57.900+0000] {dag.py:2742} INFO - Sync 1 DAGs
[2023-10-17T00:19:57.940+0000] {logging_mixin.py:150} INFO - [2023-10-17T00:19:57.940+0000] {dag.py:3504} INFO - Setting next_dagrun for consumer to None, run_after=None
[2023-10-17T00:19:57.988+0000] {processor.py:179} INFO - Processing /opt/airflow/dags/consumer.py took 0.142 seconds
[2023-10-17T00:20:28.070+0000] {processor.py:157} INFO - Started process (PID=4616) to work on /opt/airflow/dags/consumer.py
[2023-10-17T00:20:28.072+0000] {processor.py:826} INFO - Processing file /opt/airflow/dags/consumer.py for tasks to queue
[2023-10-17T00:20:28.073+0000] {logging_mixin.py:150} INFO - [2023-10-17T00:20:28.073+0000] {dagbag.py:541} INFO - Filling up the DagBag from /opt/airflow/dags/consumer.py
[2023-10-17T00:20:28.081+0000] {processor.py:836} INFO - DAG(s) dict_keys(['consumer']) retrieved from /opt/airflow/dags/consumer.py
[2023-10-17T00:20:28.116+0000] {logging_mixin.py:150} INFO - [2023-10-17T00:20:28.116+0000] {dag.py:2742} INFO - Sync 1 DAGs
[2023-10-17T00:20:28.147+0000] {logging_mixin.py:150} INFO - [2023-10-17T00:20:28.146+0000] {dag.py:3504} INFO - Setting next_dagrun for consumer to None, run_after=None
[2023-10-17T00:20:28.185+0000] {processor.py:179} INFO - Processing /opt/airflow/dags/consumer.py took 0.119 seconds
[2023-10-17T00:20:58.273+0000] {processor.py:157} INFO - Started process (PID=4637) to work on /opt/airflow/dags/consumer.py
[2023-10-17T00:20:58.274+0000] {processor.py:826} INFO - Processing file /opt/airflow/dags/consumer.py for tasks to queue
[2023-10-17T00:20:58.275+0000] {logging_mixin.py:150} INFO - [2023-10-17T00:20:58.275+0000] {dagbag.py:541} INFO - Filling up the DagBag from /opt/airflow/dags/consumer.py
[2023-10-17T00:20:58.284+0000] {processor.py:836} INFO - DAG(s) dict_keys(['consumer']) retrieved from /opt/airflow/dags/consumer.py
[2023-10-17T00:20:58.328+0000] {logging_mixin.py:150} INFO - [2023-10-17T00:20:58.328+0000] {dag.py:2742} INFO - Sync 1 DAGs
[2023-10-17T00:20:58.372+0000] {logging_mixin.py:150} INFO - [2023-10-17T00:20:58.372+0000] {dag.py:3504} INFO - Setting next_dagrun for consumer to None, run_after=None
[2023-10-17T00:20:58.428+0000] {processor.py:179} INFO - Processing /opt/airflow/dags/consumer.py took 0.163 seconds
[2023-10-17T00:21:28.601+0000] {processor.py:157} INFO - Started process (PID=4658) to work on /opt/airflow/dags/consumer.py
[2023-10-17T00:21:28.602+0000] {processor.py:826} INFO - Processing file /opt/airflow/dags/consumer.py for tasks to queue
[2023-10-17T00:21:28.603+0000] {logging_mixin.py:150} INFO - [2023-10-17T00:21:28.603+0000] {dagbag.py:541} INFO - Filling up the DagBag from /opt/airflow/dags/consumer.py
[2023-10-17T00:21:28.608+0000] {processor.py:836} INFO - DAG(s) dict_keys(['consumer']) retrieved from /opt/airflow/dags/consumer.py
[2023-10-17T00:21:28.656+0000] {logging_mixin.py:150} INFO - [2023-10-17T00:21:28.655+0000] {dag.py:2742} INFO - Sync 1 DAGs
[2023-10-17T00:21:28.701+0000] {logging_mixin.py:150} INFO - [2023-10-17T00:21:28.701+0000] {dag.py:3504} INFO - Setting next_dagrun for consumer to None, run_after=None
[2023-10-17T00:21:28.758+0000] {processor.py:179} INFO - Processing /opt/airflow/dags/consumer.py took 0.165 seconds
[2023-10-17T00:21:58.960+0000] {processor.py:157} INFO - Started process (PID=4679) to work on /opt/airflow/dags/consumer.py
[2023-10-17T00:21:58.961+0000] {processor.py:826} INFO - Processing file /opt/airflow/dags/consumer.py for tasks to queue
[2023-10-17T00:21:58.963+0000] {logging_mixin.py:150} INFO - [2023-10-17T00:21:58.962+0000] {dagbag.py:541} INFO - Filling up the DagBag from /opt/airflow/dags/consumer.py
[2023-10-17T00:21:58.971+0000] {processor.py:836} INFO - DAG(s) dict_keys(['consumer']) retrieved from /opt/airflow/dags/consumer.py
[2023-10-17T00:21:59.011+0000] {logging_mixin.py:150} INFO - [2023-10-17T00:21:59.011+0000] {dag.py:2742} INFO - Sync 1 DAGs
[2023-10-17T00:21:59.054+0000] {logging_mixin.py:150} INFO - [2023-10-17T00:21:59.054+0000] {dag.py:3504} INFO - Setting next_dagrun for consumer to None, run_after=None
[2023-10-17T00:21:59.098+0000] {processor.py:179} INFO - Processing /opt/airflow/dags/consumer.py took 0.143 seconds
[2023-10-17T00:22:30.101+0000] {processor.py:157} INFO - Started process (PID=4700) to work on /opt/airflow/dags/consumer.py
[2023-10-17T00:22:30.104+0000] {processor.py:826} INFO - Processing file /opt/airflow/dags/consumer.py for tasks to queue
[2023-10-17T00:22:30.105+0000] {logging_mixin.py:150} INFO - [2023-10-17T00:22:30.104+0000] {dagbag.py:541} INFO - Filling up the DagBag from /opt/airflow/dags/consumer.py
[2023-10-17T00:22:30.110+0000] {processor.py:836} INFO - DAG(s) dict_keys(['consumer']) retrieved from /opt/airflow/dags/consumer.py
[2023-10-17T00:22:30.146+0000] {logging_mixin.py:150} INFO - [2023-10-17T00:22:30.146+0000] {dag.py:2742} INFO - Sync 1 DAGs
[2023-10-17T00:22:30.180+0000] {logging_mixin.py:150} INFO - [2023-10-17T00:22:30.180+0000] {dag.py:3504} INFO - Setting next_dagrun for consumer to None, run_after=None
[2023-10-17T00:22:30.224+0000] {processor.py:179} INFO - Processing /opt/airflow/dags/consumer.py took 0.128 seconds
[2023-10-17T00:23:00.348+0000] {processor.py:157} INFO - Started process (PID=4721) to work on /opt/airflow/dags/consumer.py
[2023-10-17T00:23:00.350+0000] {processor.py:826} INFO - Processing file /opt/airflow/dags/consumer.py for tasks to queue
[2023-10-17T00:23:00.351+0000] {logging_mixin.py:150} INFO - [2023-10-17T00:23:00.350+0000] {dagbag.py:541} INFO - Filling up the DagBag from /opt/airflow/dags/consumer.py
[2023-10-17T00:23:00.358+0000] {processor.py:836} INFO - DAG(s) dict_keys(['consumer']) retrieved from /opt/airflow/dags/consumer.py
[2023-10-17T00:23:00.391+0000] {logging_mixin.py:150} INFO - [2023-10-17T00:23:00.390+0000] {dag.py:2742} INFO - Sync 1 DAGs
[2023-10-17T00:23:00.417+0000] {logging_mixin.py:150} INFO - [2023-10-17T00:23:00.416+0000] {dag.py:3504} INFO - Setting next_dagrun for consumer to None, run_after=None
[2023-10-17T00:23:00.455+0000] {processor.py:179} INFO - Processing /opt/airflow/dags/consumer.py took 0.110 seconds
[2023-10-17T00:23:30.587+0000] {processor.py:157} INFO - Started process (PID=4742) to work on /opt/airflow/dags/consumer.py
[2023-10-17T00:23:30.590+0000] {processor.py:826} INFO - Processing file /opt/airflow/dags/consumer.py for tasks to queue
[2023-10-17T00:23:30.592+0000] {logging_mixin.py:150} INFO - [2023-10-17T00:23:30.591+0000] {dagbag.py:541} INFO - Filling up the DagBag from /opt/airflow/dags/consumer.py
[2023-10-17T00:23:30.597+0000] {processor.py:836} INFO - DAG(s) dict_keys(['consumer']) retrieved from /opt/airflow/dags/consumer.py
[2023-10-17T00:23:30.636+0000] {logging_mixin.py:150} INFO - [2023-10-17T00:23:30.636+0000] {dag.py:2742} INFO - Sync 1 DAGs
[2023-10-17T00:23:30.671+0000] {logging_mixin.py:150} INFO - [2023-10-17T00:23:30.670+0000] {dag.py:3504} INFO - Setting next_dagrun for consumer to None, run_after=None
[2023-10-17T00:23:30.702+0000] {processor.py:179} INFO - Processing /opt/airflow/dags/consumer.py took 0.120 seconds
[2023-10-17T00:24:00.795+0000] {processor.py:157} INFO - Started process (PID=4763) to work on /opt/airflow/dags/consumer.py
[2023-10-17T00:24:00.797+0000] {processor.py:826} INFO - Processing file /opt/airflow/dags/consumer.py for tasks to queue
[2023-10-17T00:24:00.799+0000] {logging_mixin.py:150} INFO - [2023-10-17T00:24:00.798+0000] {dagbag.py:541} INFO - Filling up the DagBag from /opt/airflow/dags/consumer.py
[2023-10-17T00:24:00.808+0000] {processor.py:836} INFO - DAG(s) dict_keys(['consumer']) retrieved from /opt/airflow/dags/consumer.py
[2023-10-17T00:24:00.845+0000] {logging_mixin.py:150} INFO - [2023-10-17T00:24:00.845+0000] {dag.py:2742} INFO - Sync 1 DAGs
[2023-10-17T00:24:00.878+0000] {logging_mixin.py:150} INFO - [2023-10-17T00:24:00.877+0000] {dag.py:3504} INFO - Setting next_dagrun for consumer to None, run_after=None
[2023-10-17T00:24:00.913+0000] {processor.py:179} INFO - Processing /opt/airflow/dags/consumer.py took 0.128 seconds
[2023-10-17T00:24:31.784+0000] {processor.py:157} INFO - Started process (PID=4784) to work on /opt/airflow/dags/consumer.py
[2023-10-17T00:24:32.001+0000] {processor.py:826} INFO - Processing file /opt/airflow/dags/consumer.py for tasks to queue
[2023-10-17T00:24:32.003+0000] {logging_mixin.py:150} INFO - [2023-10-17T00:24:32.002+0000] {dagbag.py:541} INFO - Filling up the DagBag from /opt/airflow/dags/consumer.py
[2023-10-17T00:24:32.013+0000] {processor.py:836} INFO - DAG(s) dict_keys(['consumer']) retrieved from /opt/airflow/dags/consumer.py
[2023-10-17T00:24:32.066+0000] {logging_mixin.py:150} INFO - [2023-10-17T00:24:32.066+0000] {dag.py:2742} INFO - Sync 1 DAGs
[2023-10-17T00:24:32.101+0000] {logging_mixin.py:150} INFO - [2023-10-17T00:24:32.101+0000] {dag.py:3504} INFO - Setting next_dagrun for consumer to None, run_after=None
[2023-10-17T00:24:35.972+0000] {processor.py:179} INFO - Processing /opt/airflow/dags/consumer.py took 4.191 seconds
