[2023-10-17T00:00:14.723+0000] {processor.py:157} INFO - Started process (PID=3760) to work on /opt/airflow/dags/elastic_dag.py
[2023-10-17T00:00:14.727+0000] {processor.py:826} INFO - Processing file /opt/airflow/dags/elastic_dag.py for tasks to queue
[2023-10-17T00:00:14.729+0000] {logging_mixin.py:150} INFO - [2023-10-17T00:00:14.728+0000] {dagbag.py:541} INFO - Filling up the DagBag from /opt/airflow/dags/elastic_dag.py
[2023-10-17T00:00:14.770+0000] {processor.py:836} INFO - DAG(s) dict_keys(['elastic_dag']) retrieved from /opt/airflow/dags/elastic_dag.py
[2023-10-17T00:00:14.899+0000] {logging_mixin.py:150} INFO - [2023-10-17T00:00:14.899+0000] {dag.py:2742} INFO - Sync 1 DAGs
[2023-10-17T00:00:15.063+0000] {logging_mixin.py:150} INFO - [2023-10-17T00:00:15.063+0000] {dag.py:3504} INFO - Setting next_dagrun for elastic_dag to 2023-10-17T00:00:00+00:00, run_after=2023-10-18T00:00:00+00:00
[2023-10-17T00:00:15.184+0000] {processor.py:179} INFO - Processing /opt/airflow/dags/elastic_dag.py took 0.485 seconds
[2023-10-17T00:00:46.005+0000] {processor.py:157} INFO - Started process (PID=3796) to work on /opt/airflow/dags/elastic_dag.py
[2023-10-17T00:00:46.007+0000] {processor.py:826} INFO - Processing file /opt/airflow/dags/elastic_dag.py for tasks to queue
[2023-10-17T00:00:46.008+0000] {logging_mixin.py:150} INFO - [2023-10-17T00:00:46.008+0000] {dagbag.py:541} INFO - Filling up the DagBag from /opt/airflow/dags/elastic_dag.py
[2023-10-17T00:00:46.027+0000] {processor.py:836} INFO - DAG(s) dict_keys(['elastic_dag']) retrieved from /opt/airflow/dags/elastic_dag.py
[2023-10-17T00:00:46.071+0000] {logging_mixin.py:150} INFO - [2023-10-17T00:00:46.071+0000] {dag.py:2742} INFO - Sync 1 DAGs
[2023-10-17T00:00:46.121+0000] {logging_mixin.py:150} INFO - [2023-10-17T00:00:46.120+0000] {dag.py:3504} INFO - Setting next_dagrun for elastic_dag to 2023-10-17T00:00:00+00:00, run_after=2023-10-18T00:00:00+00:00
[2023-10-17T00:00:46.154+0000] {processor.py:179} INFO - Processing /opt/airflow/dags/elastic_dag.py took 0.154 seconds
[2023-10-17T00:01:16.259+0000] {processor.py:157} INFO - Started process (PID=3817) to work on /opt/airflow/dags/elastic_dag.py
[2023-10-17T00:01:16.260+0000] {processor.py:826} INFO - Processing file /opt/airflow/dags/elastic_dag.py for tasks to queue
[2023-10-17T00:01:16.261+0000] {logging_mixin.py:150} INFO - [2023-10-17T00:01:16.260+0000] {dagbag.py:541} INFO - Filling up the DagBag from /opt/airflow/dags/elastic_dag.py
[2023-10-17T00:01:16.280+0000] {processor.py:836} INFO - DAG(s) dict_keys(['elastic_dag']) retrieved from /opt/airflow/dags/elastic_dag.py
[2023-10-17T00:01:16.378+0000] {logging_mixin.py:150} INFO - [2023-10-17T00:01:16.378+0000] {dag.py:2742} INFO - Sync 1 DAGs
[2023-10-17T00:01:16.425+0000] {logging_mixin.py:150} INFO - [2023-10-17T00:01:16.425+0000] {dag.py:3504} INFO - Setting next_dagrun for elastic_dag to 2023-10-17T00:00:00+00:00, run_after=2023-10-18T00:00:00+00:00
[2023-10-17T00:01:16.459+0000] {processor.py:179} INFO - Processing /opt/airflow/dags/elastic_dag.py took 0.205 seconds
[2023-10-17T00:01:46.553+0000] {processor.py:157} INFO - Started process (PID=3843) to work on /opt/airflow/dags/elastic_dag.py
[2023-10-17T00:01:46.554+0000] {processor.py:826} INFO - Processing file /opt/airflow/dags/elastic_dag.py for tasks to queue
[2023-10-17T00:01:46.555+0000] {logging_mixin.py:150} INFO - [2023-10-17T00:01:46.555+0000] {dagbag.py:541} INFO - Filling up the DagBag from /opt/airflow/dags/elastic_dag.py
[2023-10-17T00:01:46.570+0000] {processor.py:836} INFO - DAG(s) dict_keys(['elastic_dag']) retrieved from /opt/airflow/dags/elastic_dag.py
[2023-10-17T00:01:46.610+0000] {logging_mixin.py:150} INFO - [2023-10-17T00:01:46.610+0000] {dag.py:2742} INFO - Sync 1 DAGs
[2023-10-17T00:01:46.654+0000] {logging_mixin.py:150} INFO - [2023-10-17T00:01:46.653+0000] {dag.py:3504} INFO - Setting next_dagrun for elastic_dag to 2023-10-17T00:00:00+00:00, run_after=2023-10-18T00:00:00+00:00
[2023-10-17T00:01:46.692+0000] {processor.py:179} INFO - Processing /opt/airflow/dags/elastic_dag.py took 0.146 seconds
[2023-10-17T00:02:16.754+0000] {processor.py:157} INFO - Started process (PID=3864) to work on /opt/airflow/dags/elastic_dag.py
[2023-10-17T00:02:16.756+0000] {processor.py:826} INFO - Processing file /opt/airflow/dags/elastic_dag.py for tasks to queue
[2023-10-17T00:02:16.756+0000] {logging_mixin.py:150} INFO - [2023-10-17T00:02:16.756+0000] {dagbag.py:541} INFO - Filling up the DagBag from /opt/airflow/dags/elastic_dag.py
[2023-10-17T00:02:16.772+0000] {processor.py:836} INFO - DAG(s) dict_keys(['elastic_dag']) retrieved from /opt/airflow/dags/elastic_dag.py
[2023-10-17T00:02:16.809+0000] {logging_mixin.py:150} INFO - [2023-10-17T00:02:16.809+0000] {dag.py:2742} INFO - Sync 1 DAGs
[2023-10-17T00:02:16.853+0000] {logging_mixin.py:150} INFO - [2023-10-17T00:02:16.853+0000] {dag.py:3504} INFO - Setting next_dagrun for elastic_dag to 2023-10-17T00:00:00+00:00, run_after=2023-10-18T00:00:00+00:00
[2023-10-17T00:02:16.887+0000] {processor.py:179} INFO - Processing /opt/airflow/dags/elastic_dag.py took 0.140 seconds
[2023-10-17T00:02:47.023+0000] {processor.py:157} INFO - Started process (PID=3885) to work on /opt/airflow/dags/elastic_dag.py
[2023-10-17T00:02:47.031+0000] {processor.py:826} INFO - Processing file /opt/airflow/dags/elastic_dag.py for tasks to queue
[2023-10-17T00:02:47.044+0000] {logging_mixin.py:150} INFO - [2023-10-17T00:02:47.043+0000] {dagbag.py:541} INFO - Filling up the DagBag from /opt/airflow/dags/elastic_dag.py
[2023-10-17T00:02:47.099+0000] {processor.py:836} INFO - DAG(s) dict_keys(['elastic_dag']) retrieved from /opt/airflow/dags/elastic_dag.py
[2023-10-17T00:02:47.220+0000] {logging_mixin.py:150} INFO - [2023-10-17T00:02:47.219+0000] {dag.py:2742} INFO - Sync 1 DAGs
[2023-10-17T00:02:47.361+0000] {logging_mixin.py:150} INFO - [2023-10-17T00:02:47.360+0000] {dag.py:3504} INFO - Setting next_dagrun for elastic_dag to 2023-10-17T00:00:00+00:00, run_after=2023-10-18T00:00:00+00:00
[2023-10-17T00:02:47.479+0000] {processor.py:179} INFO - Processing /opt/airflow/dags/elastic_dag.py took 0.484 seconds
[2023-10-17T00:03:18.197+0000] {processor.py:157} INFO - Started process (PID=3906) to work on /opt/airflow/dags/elastic_dag.py
[2023-10-17T00:03:18.199+0000] {processor.py:826} INFO - Processing file /opt/airflow/dags/elastic_dag.py for tasks to queue
[2023-10-17T00:03:18.200+0000] {logging_mixin.py:150} INFO - [2023-10-17T00:03:18.200+0000] {dagbag.py:541} INFO - Filling up the DagBag from /opt/airflow/dags/elastic_dag.py
[2023-10-17T00:03:18.217+0000] {processor.py:836} INFO - DAG(s) dict_keys(['elastic_dag']) retrieved from /opt/airflow/dags/elastic_dag.py
[2023-10-17T00:03:18.260+0000] {logging_mixin.py:150} INFO - [2023-10-17T00:03:18.259+0000] {dag.py:2742} INFO - Sync 1 DAGs
[2023-10-17T00:03:18.300+0000] {logging_mixin.py:150} INFO - [2023-10-17T00:03:18.300+0000] {dag.py:3504} INFO - Setting next_dagrun for elastic_dag to 2023-10-17T00:00:00+00:00, run_after=2023-10-18T00:00:00+00:00
[2023-10-17T00:03:18.341+0000] {processor.py:179} INFO - Processing /opt/airflow/dags/elastic_dag.py took 0.149 seconds
[2023-10-17T00:03:49.323+0000] {processor.py:157} INFO - Started process (PID=3927) to work on /opt/airflow/dags/elastic_dag.py
[2023-10-17T00:03:49.326+0000] {processor.py:826} INFO - Processing file /opt/airflow/dags/elastic_dag.py for tasks to queue
[2023-10-17T00:03:49.328+0000] {logging_mixin.py:150} INFO - [2023-10-17T00:03:49.327+0000] {dagbag.py:541} INFO - Filling up the DagBag from /opt/airflow/dags/elastic_dag.py
[2023-10-17T00:03:49.345+0000] {processor.py:836} INFO - DAG(s) dict_keys(['elastic_dag']) retrieved from /opt/airflow/dags/elastic_dag.py
[2023-10-17T00:03:49.386+0000] {logging_mixin.py:150} INFO - [2023-10-17T00:03:49.385+0000] {dag.py:2742} INFO - Sync 1 DAGs
[2023-10-17T00:03:49.449+0000] {logging_mixin.py:150} INFO - [2023-10-17T00:03:49.448+0000] {dag.py:3504} INFO - Setting next_dagrun for elastic_dag to 2023-10-17T00:00:00+00:00, run_after=2023-10-18T00:00:00+00:00
[2023-10-17T00:03:49.497+0000] {processor.py:179} INFO - Processing /opt/airflow/dags/elastic_dag.py took 0.183 seconds
[2023-10-17T00:04:19.595+0000] {processor.py:157} INFO - Started process (PID=3948) to work on /opt/airflow/dags/elastic_dag.py
[2023-10-17T00:04:19.597+0000] {processor.py:826} INFO - Processing file /opt/airflow/dags/elastic_dag.py for tasks to queue
[2023-10-17T00:04:19.599+0000] {logging_mixin.py:150} INFO - [2023-10-17T00:04:19.598+0000] {dagbag.py:541} INFO - Filling up the DagBag from /opt/airflow/dags/elastic_dag.py
[2023-10-17T00:04:19.632+0000] {processor.py:836} INFO - DAG(s) dict_keys(['elastic_dag']) retrieved from /opt/airflow/dags/elastic_dag.py
[2023-10-17T00:04:19.684+0000] {logging_mixin.py:150} INFO - [2023-10-17T00:04:19.684+0000] {dag.py:2742} INFO - Sync 1 DAGs
[2023-10-17T00:04:19.735+0000] {logging_mixin.py:150} INFO - [2023-10-17T00:04:19.734+0000] {dag.py:3504} INFO - Setting next_dagrun for elastic_dag to 2023-10-17T00:00:00+00:00, run_after=2023-10-18T00:00:00+00:00
[2023-10-17T00:04:19.777+0000] {processor.py:179} INFO - Processing /opt/airflow/dags/elastic_dag.py took 0.193 seconds
[2023-10-17T00:04:50.051+0000] {processor.py:157} INFO - Started process (PID=3969) to work on /opt/airflow/dags/elastic_dag.py
[2023-10-17T00:04:50.053+0000] {processor.py:826} INFO - Processing file /opt/airflow/dags/elastic_dag.py for tasks to queue
[2023-10-17T00:04:50.054+0000] {logging_mixin.py:150} INFO - [2023-10-17T00:04:50.054+0000] {dagbag.py:541} INFO - Filling up the DagBag from /opt/airflow/dags/elastic_dag.py
[2023-10-17T00:04:50.078+0000] {processor.py:836} INFO - DAG(s) dict_keys(['elastic_dag']) retrieved from /opt/airflow/dags/elastic_dag.py
[2023-10-17T00:04:50.111+0000] {logging_mixin.py:150} INFO - [2023-10-17T00:04:50.111+0000] {dag.py:2742} INFO - Sync 1 DAGs
[2023-10-17T00:04:50.148+0000] {logging_mixin.py:150} INFO - [2023-10-17T00:04:50.147+0000] {dag.py:3504} INFO - Setting next_dagrun for elastic_dag to 2023-10-17T00:00:00+00:00, run_after=2023-10-18T00:00:00+00:00
[2023-10-17T00:04:50.185+0000] {processor.py:179} INFO - Processing /opt/airflow/dags/elastic_dag.py took 0.145 seconds
[2023-10-17T00:05:20.348+0000] {processor.py:157} INFO - Started process (PID=3990) to work on /opt/airflow/dags/elastic_dag.py
[2023-10-17T00:05:20.350+0000] {processor.py:826} INFO - Processing file /opt/airflow/dags/elastic_dag.py for tasks to queue
[2023-10-17T00:05:20.352+0000] {logging_mixin.py:150} INFO - [2023-10-17T00:05:20.351+0000] {dagbag.py:541} INFO - Filling up the DagBag from /opt/airflow/dags/elastic_dag.py
[2023-10-17T00:05:20.368+0000] {processor.py:836} INFO - DAG(s) dict_keys(['elastic_dag']) retrieved from /opt/airflow/dags/elastic_dag.py
[2023-10-17T00:05:20.405+0000] {logging_mixin.py:150} INFO - [2023-10-17T00:05:20.404+0000] {dag.py:2742} INFO - Sync 1 DAGs
[2023-10-17T00:05:20.440+0000] {logging_mixin.py:150} INFO - [2023-10-17T00:05:20.440+0000] {dag.py:3504} INFO - Setting next_dagrun for elastic_dag to 2023-10-17T00:00:00+00:00, run_after=2023-10-18T00:00:00+00:00
[2023-10-17T00:05:20.474+0000] {processor.py:179} INFO - Processing /opt/airflow/dags/elastic_dag.py took 0.133 seconds
[2023-10-17T00:05:50.557+0000] {processor.py:157} INFO - Started process (PID=4012) to work on /opt/airflow/dags/elastic_dag.py
[2023-10-17T00:05:50.558+0000] {processor.py:826} INFO - Processing file /opt/airflow/dags/elastic_dag.py for tasks to queue
[2023-10-17T00:05:50.560+0000] {logging_mixin.py:150} INFO - [2023-10-17T00:05:50.559+0000] {dagbag.py:541} INFO - Filling up the DagBag from /opt/airflow/dags/elastic_dag.py
[2023-10-17T00:05:50.582+0000] {processor.py:836} INFO - DAG(s) dict_keys(['elastic_dag']) retrieved from /opt/airflow/dags/elastic_dag.py
[2023-10-17T00:05:50.626+0000] {logging_mixin.py:150} INFO - [2023-10-17T00:05:50.625+0000] {dag.py:2742} INFO - Sync 1 DAGs
[2023-10-17T00:05:50.671+0000] {logging_mixin.py:150} INFO - [2023-10-17T00:05:50.671+0000] {dag.py:3504} INFO - Setting next_dagrun for elastic_dag to 2023-10-17T00:00:00+00:00, run_after=2023-10-18T00:00:00+00:00
[2023-10-17T00:05:50.706+0000] {processor.py:179} INFO - Processing /opt/airflow/dags/elastic_dag.py took 0.154 seconds
[2023-10-17T00:06:20.880+0000] {processor.py:157} INFO - Started process (PID=4033) to work on /opt/airflow/dags/elastic_dag.py
[2023-10-17T00:06:20.883+0000] {processor.py:826} INFO - Processing file /opt/airflow/dags/elastic_dag.py for tasks to queue
[2023-10-17T00:06:20.884+0000] {logging_mixin.py:150} INFO - [2023-10-17T00:06:20.884+0000] {dagbag.py:541} INFO - Filling up the DagBag from /opt/airflow/dags/elastic_dag.py
[2023-10-17T00:06:20.922+0000] {processor.py:836} INFO - DAG(s) dict_keys(['elastic_dag']) retrieved from /opt/airflow/dags/elastic_dag.py
[2023-10-17T00:06:21.028+0000] {logging_mixin.py:150} INFO - [2023-10-17T00:06:21.028+0000] {dag.py:2742} INFO - Sync 1 DAGs
[2023-10-17T00:06:21.141+0000] {logging_mixin.py:150} INFO - [2023-10-17T00:06:21.141+0000] {dag.py:3504} INFO - Setting next_dagrun for elastic_dag to 2023-10-17T00:00:00+00:00, run_after=2023-10-18T00:00:00+00:00
[2023-10-17T00:06:21.285+0000] {processor.py:179} INFO - Processing /opt/airflow/dags/elastic_dag.py took 0.411 seconds
[2023-10-17T00:06:51.656+0000] {processor.py:157} INFO - Started process (PID=4053) to work on /opt/airflow/dags/elastic_dag.py
[2023-10-17T00:06:51.658+0000] {processor.py:826} INFO - Processing file /opt/airflow/dags/elastic_dag.py for tasks to queue
[2023-10-17T00:06:51.753+0000] {logging_mixin.py:150} INFO - [2023-10-17T00:06:51.752+0000] {dagbag.py:541} INFO - Filling up the DagBag from /opt/airflow/dags/elastic_dag.py
[2023-10-17T00:06:51.828+0000] {processor.py:836} INFO - DAG(s) dict_keys(['elastic_dag']) retrieved from /opt/airflow/dags/elastic_dag.py
[2023-10-17T00:06:51.942+0000] {logging_mixin.py:150} INFO - [2023-10-17T00:06:51.932+0000] {dag.py:2742} INFO - Sync 1 DAGs
[2023-10-17T00:06:52.115+0000] {logging_mixin.py:150} INFO - [2023-10-17T00:06:52.114+0000] {dag.py:3504} INFO - Setting next_dagrun for elastic_dag to 2023-10-17T00:00:00+00:00, run_after=2023-10-18T00:00:00+00:00
[2023-10-17T00:06:52.231+0000] {processor.py:179} INFO - Processing /opt/airflow/dags/elastic_dag.py took 0.664 seconds
[2023-10-17T00:07:22.565+0000] {processor.py:157} INFO - Started process (PID=4075) to work on /opt/airflow/dags/elastic_dag.py
[2023-10-17T00:07:22.567+0000] {processor.py:826} INFO - Processing file /opt/airflow/dags/elastic_dag.py for tasks to queue
[2023-10-17T00:07:22.568+0000] {logging_mixin.py:150} INFO - [2023-10-17T00:07:22.568+0000] {dagbag.py:541} INFO - Filling up the DagBag from /opt/airflow/dags/elastic_dag.py
[2023-10-17T00:07:22.581+0000] {processor.py:836} INFO - DAG(s) dict_keys(['elastic_dag']) retrieved from /opt/airflow/dags/elastic_dag.py
[2023-10-17T00:07:22.607+0000] {logging_mixin.py:150} INFO - [2023-10-17T00:07:22.607+0000] {dag.py:2742} INFO - Sync 1 DAGs
[2023-10-17T00:07:22.637+0000] {logging_mixin.py:150} INFO - [2023-10-17T00:07:22.637+0000] {dag.py:3504} INFO - Setting next_dagrun for elastic_dag to 2023-10-17T00:00:00+00:00, run_after=2023-10-18T00:00:00+00:00
[2023-10-17T00:07:22.668+0000] {processor.py:179} INFO - Processing /opt/airflow/dags/elastic_dag.py took 0.107 seconds
[2023-10-17T00:07:53.107+0000] {processor.py:157} INFO - Started process (PID=4095) to work on /opt/airflow/dags/elastic_dag.py
[2023-10-17T00:07:53.109+0000] {processor.py:826} INFO - Processing file /opt/airflow/dags/elastic_dag.py for tasks to queue
[2023-10-17T00:07:53.109+0000] {logging_mixin.py:150} INFO - [2023-10-17T00:07:53.109+0000] {dagbag.py:541} INFO - Filling up the DagBag from /opt/airflow/dags/elastic_dag.py
[2023-10-17T00:07:53.125+0000] {processor.py:836} INFO - DAG(s) dict_keys(['elastic_dag']) retrieved from /opt/airflow/dags/elastic_dag.py
[2023-10-17T00:07:53.155+0000] {logging_mixin.py:150} INFO - [2023-10-17T00:07:53.155+0000] {dag.py:2742} INFO - Sync 1 DAGs
[2023-10-17T00:07:53.187+0000] {logging_mixin.py:150} INFO - [2023-10-17T00:07:53.187+0000] {dag.py:3504} INFO - Setting next_dagrun for elastic_dag to 2023-10-17T00:00:00+00:00, run_after=2023-10-18T00:00:00+00:00
[2023-10-17T00:07:53.219+0000] {processor.py:179} INFO - Processing /opt/airflow/dags/elastic_dag.py took 0.116 seconds
[2023-10-17T00:08:23.992+0000] {processor.py:157} INFO - Started process (PID=4116) to work on /opt/airflow/dags/elastic_dag.py
[2023-10-17T00:08:23.994+0000] {processor.py:826} INFO - Processing file /opt/airflow/dags/elastic_dag.py for tasks to queue
[2023-10-17T00:08:23.995+0000] {logging_mixin.py:150} INFO - [2023-10-17T00:08:23.995+0000] {dagbag.py:541} INFO - Filling up the DagBag from /opt/airflow/dags/elastic_dag.py
[2023-10-17T00:08:24.011+0000] {processor.py:836} INFO - DAG(s) dict_keys(['elastic_dag']) retrieved from /opt/airflow/dags/elastic_dag.py
[2023-10-17T00:08:24.045+0000] {logging_mixin.py:150} INFO - [2023-10-17T00:08:24.044+0000] {dag.py:2742} INFO - Sync 1 DAGs
[2023-10-17T00:08:24.081+0000] {logging_mixin.py:150} INFO - [2023-10-17T00:08:24.080+0000] {dag.py:3504} INFO - Setting next_dagrun for elastic_dag to 2023-10-17T00:00:00+00:00, run_after=2023-10-18T00:00:00+00:00
[2023-10-17T00:08:24.111+0000] {processor.py:179} INFO - Processing /opt/airflow/dags/elastic_dag.py took 0.127 seconds
[2023-10-17T00:08:54.936+0000] {processor.py:157} INFO - Started process (PID=4137) to work on /opt/airflow/dags/elastic_dag.py
[2023-10-17T00:08:54.938+0000] {processor.py:826} INFO - Processing file /opt/airflow/dags/elastic_dag.py for tasks to queue
[2023-10-17T00:08:54.941+0000] {logging_mixin.py:150} INFO - [2023-10-17T00:08:54.940+0000] {dagbag.py:541} INFO - Filling up the DagBag from /opt/airflow/dags/elastic_dag.py
[2023-10-17T00:08:54.956+0000] {processor.py:836} INFO - DAG(s) dict_keys(['elastic_dag']) retrieved from /opt/airflow/dags/elastic_dag.py
[2023-10-17T00:08:54.988+0000] {logging_mixin.py:150} INFO - [2023-10-17T00:08:54.987+0000] {dag.py:2742} INFO - Sync 1 DAGs
[2023-10-17T00:08:55.032+0000] {logging_mixin.py:150} INFO - [2023-10-17T00:08:55.032+0000] {dag.py:3504} INFO - Setting next_dagrun for elastic_dag to 2023-10-17T00:00:00+00:00, run_after=2023-10-18T00:00:00+00:00
[2023-10-17T00:08:55.064+0000] {processor.py:179} INFO - Processing /opt/airflow/dags/elastic_dag.py took 0.132 seconds
[2023-10-17T00:09:25.185+0000] {processor.py:157} INFO - Started process (PID=4158) to work on /opt/airflow/dags/elastic_dag.py
[2023-10-17T00:09:25.186+0000] {processor.py:826} INFO - Processing file /opt/airflow/dags/elastic_dag.py for tasks to queue
[2023-10-17T00:09:25.187+0000] {logging_mixin.py:150} INFO - [2023-10-17T00:09:25.187+0000] {dagbag.py:541} INFO - Filling up the DagBag from /opt/airflow/dags/elastic_dag.py
[2023-10-17T00:09:25.203+0000] {processor.py:836} INFO - DAG(s) dict_keys(['elastic_dag']) retrieved from /opt/airflow/dags/elastic_dag.py
[2023-10-17T00:09:25.241+0000] {logging_mixin.py:150} INFO - [2023-10-17T00:09:25.240+0000] {dag.py:2742} INFO - Sync 1 DAGs
[2023-10-17T00:09:25.287+0000] {logging_mixin.py:150} INFO - [2023-10-17T00:09:25.286+0000] {dag.py:3504} INFO - Setting next_dagrun for elastic_dag to 2023-10-17T00:00:00+00:00, run_after=2023-10-18T00:00:00+00:00
[2023-10-17T00:09:25.349+0000] {processor.py:179} INFO - Processing /opt/airflow/dags/elastic_dag.py took 0.169 seconds
[2023-10-17T00:09:55.473+0000] {processor.py:157} INFO - Started process (PID=4179) to work on /opt/airflow/dags/elastic_dag.py
[2023-10-17T00:09:55.479+0000] {processor.py:826} INFO - Processing file /opt/airflow/dags/elastic_dag.py for tasks to queue
[2023-10-17T00:09:55.480+0000] {logging_mixin.py:150} INFO - [2023-10-17T00:09:55.480+0000] {dagbag.py:541} INFO - Filling up the DagBag from /opt/airflow/dags/elastic_dag.py
[2023-10-17T00:09:55.499+0000] {processor.py:836} INFO - DAG(s) dict_keys(['elastic_dag']) retrieved from /opt/airflow/dags/elastic_dag.py
[2023-10-17T00:09:55.536+0000] {logging_mixin.py:150} INFO - [2023-10-17T00:09:55.535+0000] {dag.py:2742} INFO - Sync 1 DAGs
[2023-10-17T00:09:55.572+0000] {logging_mixin.py:150} INFO - [2023-10-17T00:09:55.571+0000] {dag.py:3504} INFO - Setting next_dagrun for elastic_dag to 2023-10-17T00:00:00+00:00, run_after=2023-10-18T00:00:00+00:00
[2023-10-17T00:09:55.604+0000] {processor.py:179} INFO - Processing /opt/airflow/dags/elastic_dag.py took 0.135 seconds
[2023-10-17T00:10:25.667+0000] {processor.py:157} INFO - Started process (PID=4201) to work on /opt/airflow/dags/elastic_dag.py
[2023-10-17T00:10:25.668+0000] {processor.py:826} INFO - Processing file /opt/airflow/dags/elastic_dag.py for tasks to queue
[2023-10-17T00:10:25.670+0000] {logging_mixin.py:150} INFO - [2023-10-17T00:10:25.669+0000] {dagbag.py:541} INFO - Filling up the DagBag from /opt/airflow/dags/elastic_dag.py
[2023-10-17T00:10:25.688+0000] {processor.py:836} INFO - DAG(s) dict_keys(['elastic_dag']) retrieved from /opt/airflow/dags/elastic_dag.py
[2023-10-17T00:10:25.724+0000] {logging_mixin.py:150} INFO - [2023-10-17T00:10:25.724+0000] {dag.py:2742} INFO - Sync 1 DAGs
[2023-10-17T00:10:25.759+0000] {logging_mixin.py:150} INFO - [2023-10-17T00:10:25.759+0000] {dag.py:3504} INFO - Setting next_dagrun for elastic_dag to 2023-10-17T00:00:00+00:00, run_after=2023-10-18T00:00:00+00:00
[2023-10-17T00:10:25.795+0000] {processor.py:179} INFO - Processing /opt/airflow/dags/elastic_dag.py took 0.136 seconds
[2023-10-17T00:10:56.096+0000] {processor.py:157} INFO - Started process (PID=4222) to work on /opt/airflow/dags/elastic_dag.py
[2023-10-17T00:10:56.099+0000] {processor.py:826} INFO - Processing file /opt/airflow/dags/elastic_dag.py for tasks to queue
[2023-10-17T00:10:56.100+0000] {logging_mixin.py:150} INFO - [2023-10-17T00:10:56.099+0000] {dagbag.py:541} INFO - Filling up the DagBag from /opt/airflow/dags/elastic_dag.py
[2023-10-17T00:10:56.111+0000] {processor.py:836} INFO - DAG(s) dict_keys(['elastic_dag']) retrieved from /opt/airflow/dags/elastic_dag.py
[2023-10-17T00:10:56.149+0000] {logging_mixin.py:150} INFO - [2023-10-17T00:10:56.148+0000] {dag.py:2742} INFO - Sync 1 DAGs
[2023-10-17T00:10:56.185+0000] {logging_mixin.py:150} INFO - [2023-10-17T00:10:56.185+0000] {dag.py:3504} INFO - Setting next_dagrun for elastic_dag to 2023-10-17T00:00:00+00:00, run_after=2023-10-18T00:00:00+00:00
[2023-10-17T00:10:56.267+0000] {processor.py:179} INFO - Processing /opt/airflow/dags/elastic_dag.py took 0.176 seconds
[2023-10-17T00:11:26.492+0000] {processor.py:157} INFO - Started process (PID=4243) to work on /opt/airflow/dags/elastic_dag.py
[2023-10-17T00:11:26.493+0000] {processor.py:826} INFO - Processing file /opt/airflow/dags/elastic_dag.py for tasks to queue
[2023-10-17T00:11:26.494+0000] {logging_mixin.py:150} INFO - [2023-10-17T00:11:26.494+0000] {dagbag.py:541} INFO - Filling up the DagBag from /opt/airflow/dags/elastic_dag.py
[2023-10-17T00:11:26.513+0000] {processor.py:836} INFO - DAG(s) dict_keys(['elastic_dag']) retrieved from /opt/airflow/dags/elastic_dag.py
[2023-10-17T00:11:26.545+0000] {logging_mixin.py:150} INFO - [2023-10-17T00:11:26.544+0000] {dag.py:2742} INFO - Sync 1 DAGs
[2023-10-17T00:11:26.580+0000] {logging_mixin.py:150} INFO - [2023-10-17T00:11:26.579+0000] {dag.py:3504} INFO - Setting next_dagrun for elastic_dag to 2023-10-17T00:00:00+00:00, run_after=2023-10-18T00:00:00+00:00
[2023-10-17T00:11:26.609+0000] {processor.py:179} INFO - Processing /opt/airflow/dags/elastic_dag.py took 0.123 seconds
[2023-10-17T00:11:56.690+0000] {processor.py:157} INFO - Started process (PID=4265) to work on /opt/airflow/dags/elastic_dag.py
[2023-10-17T00:11:56.691+0000] {processor.py:826} INFO - Processing file /opt/airflow/dags/elastic_dag.py for tasks to queue
[2023-10-17T00:11:56.693+0000] {logging_mixin.py:150} INFO - [2023-10-17T00:11:56.692+0000] {dagbag.py:541} INFO - Filling up the DagBag from /opt/airflow/dags/elastic_dag.py
[2023-10-17T00:11:56.706+0000] {processor.py:836} INFO - DAG(s) dict_keys(['elastic_dag']) retrieved from /opt/airflow/dags/elastic_dag.py
[2023-10-17T00:11:56.742+0000] {logging_mixin.py:150} INFO - [2023-10-17T00:11:56.741+0000] {dag.py:2742} INFO - Sync 1 DAGs
[2023-10-17T00:11:56.779+0000] {logging_mixin.py:150} INFO - [2023-10-17T00:11:56.778+0000] {dag.py:3504} INFO - Setting next_dagrun for elastic_dag to 2023-10-17T00:00:00+00:00, run_after=2023-10-18T00:00:00+00:00
[2023-10-17T00:11:56.809+0000] {processor.py:179} INFO - Processing /opt/airflow/dags/elastic_dag.py took 0.124 seconds
[2023-10-17T00:12:26.913+0000] {processor.py:157} INFO - Started process (PID=4286) to work on /opt/airflow/dags/elastic_dag.py
[2023-10-17T00:12:26.914+0000] {processor.py:826} INFO - Processing file /opt/airflow/dags/elastic_dag.py for tasks to queue
[2023-10-17T00:12:26.916+0000] {logging_mixin.py:150} INFO - [2023-10-17T00:12:26.915+0000] {dagbag.py:541} INFO - Filling up the DagBag from /opt/airflow/dags/elastic_dag.py
[2023-10-17T00:12:26.940+0000] {processor.py:836} INFO - DAG(s) dict_keys(['elastic_dag']) retrieved from /opt/airflow/dags/elastic_dag.py
[2023-10-17T00:12:26.994+0000] {logging_mixin.py:150} INFO - [2023-10-17T00:12:26.993+0000] {dag.py:2742} INFO - Sync 1 DAGs
[2023-10-17T00:12:27.046+0000] {logging_mixin.py:150} INFO - [2023-10-17T00:12:27.045+0000] {dag.py:3504} INFO - Setting next_dagrun for elastic_dag to 2023-10-17T00:00:00+00:00, run_after=2023-10-18T00:00:00+00:00
[2023-10-17T00:12:27.093+0000] {processor.py:179} INFO - Processing /opt/airflow/dags/elastic_dag.py took 0.185 seconds
[2023-10-17T00:12:58.011+0000] {processor.py:157} INFO - Started process (PID=4307) to work on /opt/airflow/dags/elastic_dag.py
[2023-10-17T00:12:58.012+0000] {processor.py:826} INFO - Processing file /opt/airflow/dags/elastic_dag.py for tasks to queue
[2023-10-17T00:12:58.014+0000] {logging_mixin.py:150} INFO - [2023-10-17T00:12:58.013+0000] {dagbag.py:541} INFO - Filling up the DagBag from /opt/airflow/dags/elastic_dag.py
[2023-10-17T00:12:58.031+0000] {processor.py:836} INFO - DAG(s) dict_keys(['elastic_dag']) retrieved from /opt/airflow/dags/elastic_dag.py
[2023-10-17T00:12:58.067+0000] {logging_mixin.py:150} INFO - [2023-10-17T00:12:58.067+0000] {dag.py:2742} INFO - Sync 1 DAGs
[2023-10-17T00:12:58.106+0000] {logging_mixin.py:150} INFO - [2023-10-17T00:12:58.105+0000] {dag.py:3504} INFO - Setting next_dagrun for elastic_dag to 2023-10-17T00:00:00+00:00, run_after=2023-10-18T00:00:00+00:00
[2023-10-17T00:12:58.133+0000] {processor.py:179} INFO - Processing /opt/airflow/dags/elastic_dag.py took 0.128 seconds
[2023-10-17T00:13:28.328+0000] {processor.py:157} INFO - Started process (PID=4328) to work on /opt/airflow/dags/elastic_dag.py
[2023-10-17T00:13:28.330+0000] {processor.py:826} INFO - Processing file /opt/airflow/dags/elastic_dag.py for tasks to queue
[2023-10-17T00:13:28.331+0000] {logging_mixin.py:150} INFO - [2023-10-17T00:13:28.331+0000] {dagbag.py:541} INFO - Filling up the DagBag from /opt/airflow/dags/elastic_dag.py
[2023-10-17T00:13:28.350+0000] {processor.py:836} INFO - DAG(s) dict_keys(['elastic_dag']) retrieved from /opt/airflow/dags/elastic_dag.py
[2023-10-17T00:13:28.409+0000] {logging_mixin.py:150} INFO - [2023-10-17T00:13:28.408+0000] {dag.py:2742} INFO - Sync 1 DAGs
[2023-10-17T00:13:28.527+0000] {logging_mixin.py:150} INFO - [2023-10-17T00:13:28.526+0000] {dag.py:3504} INFO - Setting next_dagrun for elastic_dag to 2023-10-17T00:00:00+00:00, run_after=2023-10-18T00:00:00+00:00
[2023-10-17T00:13:28.573+0000] {processor.py:179} INFO - Processing /opt/airflow/dags/elastic_dag.py took 0.254 seconds
[2023-10-17T00:13:59.546+0000] {processor.py:157} INFO - Started process (PID=4349) to work on /opt/airflow/dags/elastic_dag.py
[2023-10-17T00:13:59.547+0000] {processor.py:826} INFO - Processing file /opt/airflow/dags/elastic_dag.py for tasks to queue
[2023-10-17T00:13:59.548+0000] {logging_mixin.py:150} INFO - [2023-10-17T00:13:59.548+0000] {dagbag.py:541} INFO - Filling up the DagBag from /opt/airflow/dags/elastic_dag.py
[2023-10-17T00:13:59.561+0000] {processor.py:836} INFO - DAG(s) dict_keys(['elastic_dag']) retrieved from /opt/airflow/dags/elastic_dag.py
[2023-10-17T00:13:59.602+0000] {logging_mixin.py:150} INFO - [2023-10-17T00:13:59.602+0000] {dag.py:2742} INFO - Sync 1 DAGs
[2023-10-17T00:13:59.644+0000] {logging_mixin.py:150} INFO - [2023-10-17T00:13:59.644+0000] {dag.py:3504} INFO - Setting next_dagrun for elastic_dag to 2023-10-17T00:00:00+00:00, run_after=2023-10-18T00:00:00+00:00
[2023-10-17T00:13:59.669+0000] {processor.py:179} INFO - Processing /opt/airflow/dags/elastic_dag.py took 0.131 seconds
[2023-10-17T00:14:29.861+0000] {processor.py:157} INFO - Started process (PID=4370) to work on /opt/airflow/dags/elastic_dag.py
[2023-10-17T00:14:29.863+0000] {processor.py:826} INFO - Processing file /opt/airflow/dags/elastic_dag.py for tasks to queue
[2023-10-17T00:14:29.864+0000] {logging_mixin.py:150} INFO - [2023-10-17T00:14:29.864+0000] {dagbag.py:541} INFO - Filling up the DagBag from /opt/airflow/dags/elastic_dag.py
[2023-10-17T00:14:29.879+0000] {processor.py:836} INFO - DAG(s) dict_keys(['elastic_dag']) retrieved from /opt/airflow/dags/elastic_dag.py
[2023-10-17T00:14:29.920+0000] {logging_mixin.py:150} INFO - [2023-10-17T00:14:29.919+0000] {dag.py:2742} INFO - Sync 1 DAGs
[2023-10-17T00:14:29.956+0000] {logging_mixin.py:150} INFO - [2023-10-17T00:14:29.956+0000] {dag.py:3504} INFO - Setting next_dagrun for elastic_dag to 2023-10-17T00:00:00+00:00, run_after=2023-10-18T00:00:00+00:00
[2023-10-17T00:14:29.988+0000] {processor.py:179} INFO - Processing /opt/airflow/dags/elastic_dag.py took 0.134 seconds
[2023-10-17T00:15:00.082+0000] {processor.py:157} INFO - Started process (PID=4392) to work on /opt/airflow/dags/elastic_dag.py
[2023-10-17T00:15:00.083+0000] {processor.py:826} INFO - Processing file /opt/airflow/dags/elastic_dag.py for tasks to queue
[2023-10-17T00:15:00.084+0000] {logging_mixin.py:150} INFO - [2023-10-17T00:15:00.084+0000] {dagbag.py:541} INFO - Filling up the DagBag from /opt/airflow/dags/elastic_dag.py
[2023-10-17T00:15:00.099+0000] {processor.py:836} INFO - DAG(s) dict_keys(['elastic_dag']) retrieved from /opt/airflow/dags/elastic_dag.py
[2023-10-17T00:15:00.137+0000] {logging_mixin.py:150} INFO - [2023-10-17T00:15:00.137+0000] {dag.py:2742} INFO - Sync 1 DAGs
[2023-10-17T00:15:00.173+0000] {logging_mixin.py:150} INFO - [2023-10-17T00:15:00.172+0000] {dag.py:3504} INFO - Setting next_dagrun for elastic_dag to 2023-10-17T00:00:00+00:00, run_after=2023-10-18T00:00:00+00:00
[2023-10-17T00:15:00.204+0000] {processor.py:179} INFO - Processing /opt/airflow/dags/elastic_dag.py took 0.130 seconds
[2023-10-17T00:15:30.677+0000] {processor.py:157} INFO - Started process (PID=4412) to work on /opt/airflow/dags/elastic_dag.py
[2023-10-17T00:15:30.688+0000] {processor.py:826} INFO - Processing file /opt/airflow/dags/elastic_dag.py for tasks to queue
[2023-10-17T00:15:30.692+0000] {logging_mixin.py:150} INFO - [2023-10-17T00:15:30.692+0000] {dagbag.py:541} INFO - Filling up the DagBag from /opt/airflow/dags/elastic_dag.py
[2023-10-17T00:15:30.736+0000] {processor.py:836} INFO - DAG(s) dict_keys(['elastic_dag']) retrieved from /opt/airflow/dags/elastic_dag.py
[2023-10-17T00:15:30.818+0000] {logging_mixin.py:150} INFO - [2023-10-17T00:15:30.817+0000] {dag.py:2742} INFO - Sync 1 DAGs
[2023-10-17T00:15:30.901+0000] {logging_mixin.py:150} INFO - [2023-10-17T00:15:30.899+0000] {dag.py:3504} INFO - Setting next_dagrun for elastic_dag to 2023-10-17T00:00:00+00:00, run_after=2023-10-18T00:00:00+00:00
[2023-10-17T00:15:30.967+0000] {processor.py:179} INFO - Processing /opt/airflow/dags/elastic_dag.py took 0.307 seconds
[2023-10-17T00:16:01.225+0000] {processor.py:157} INFO - Started process (PID=4433) to work on /opt/airflow/dags/elastic_dag.py
[2023-10-17T00:16:01.227+0000] {processor.py:826} INFO - Processing file /opt/airflow/dags/elastic_dag.py for tasks to queue
[2023-10-17T00:16:01.228+0000] {logging_mixin.py:150} INFO - [2023-10-17T00:16:01.227+0000] {dagbag.py:541} INFO - Filling up the DagBag from /opt/airflow/dags/elastic_dag.py
[2023-10-17T00:16:01.244+0000] {processor.py:836} INFO - DAG(s) dict_keys(['elastic_dag']) retrieved from /opt/airflow/dags/elastic_dag.py
[2023-10-17T00:16:01.284+0000] {logging_mixin.py:150} INFO - [2023-10-17T00:16:01.284+0000] {dag.py:2742} INFO - Sync 1 DAGs
[2023-10-17T00:16:01.324+0000] {logging_mixin.py:150} INFO - [2023-10-17T00:16:01.323+0000] {dag.py:3504} INFO - Setting next_dagrun for elastic_dag to 2023-10-17T00:00:00+00:00, run_after=2023-10-18T00:00:00+00:00
[2023-10-17T00:16:01.358+0000] {processor.py:179} INFO - Processing /opt/airflow/dags/elastic_dag.py took 0.137 seconds
[2023-10-17T00:16:31.606+0000] {processor.py:157} INFO - Started process (PID=4454) to work on /opt/airflow/dags/elastic_dag.py
[2023-10-17T00:16:31.607+0000] {processor.py:826} INFO - Processing file /opt/airflow/dags/elastic_dag.py for tasks to queue
[2023-10-17T00:16:31.609+0000] {logging_mixin.py:150} INFO - [2023-10-17T00:16:31.608+0000] {dagbag.py:541} INFO - Filling up the DagBag from /opt/airflow/dags/elastic_dag.py
[2023-10-17T00:16:31.625+0000] {processor.py:836} INFO - DAG(s) dict_keys(['elastic_dag']) retrieved from /opt/airflow/dags/elastic_dag.py
[2023-10-17T00:16:31.662+0000] {logging_mixin.py:150} INFO - [2023-10-17T00:16:31.661+0000] {dag.py:2742} INFO - Sync 1 DAGs
[2023-10-17T00:16:31.705+0000] {logging_mixin.py:150} INFO - [2023-10-17T00:16:31.704+0000] {dag.py:3504} INFO - Setting next_dagrun for elastic_dag to 2023-10-17T00:00:00+00:00, run_after=2023-10-18T00:00:00+00:00
[2023-10-17T00:16:31.739+0000] {processor.py:179} INFO - Processing /opt/airflow/dags/elastic_dag.py took 0.139 seconds
[2023-10-17T00:17:01.819+0000] {processor.py:157} INFO - Started process (PID=4475) to work on /opt/airflow/dags/elastic_dag.py
[2023-10-17T00:17:01.821+0000] {processor.py:826} INFO - Processing file /opt/airflow/dags/elastic_dag.py for tasks to queue
[2023-10-17T00:17:01.823+0000] {logging_mixin.py:150} INFO - [2023-10-17T00:17:01.823+0000] {dagbag.py:541} INFO - Filling up the DagBag from /opt/airflow/dags/elastic_dag.py
[2023-10-17T00:17:01.839+0000] {processor.py:836} INFO - DAG(s) dict_keys(['elastic_dag']) retrieved from /opt/airflow/dags/elastic_dag.py
[2023-10-17T00:17:01.876+0000] {logging_mixin.py:150} INFO - [2023-10-17T00:17:01.876+0000] {dag.py:2742} INFO - Sync 1 DAGs
[2023-10-17T00:17:01.923+0000] {logging_mixin.py:150} INFO - [2023-10-17T00:17:01.922+0000] {dag.py:3504} INFO - Setting next_dagrun for elastic_dag to 2023-10-17T00:00:00+00:00, run_after=2023-10-18T00:00:00+00:00
[2023-10-17T00:17:01.958+0000] {processor.py:179} INFO - Processing /opt/airflow/dags/elastic_dag.py took 0.145 seconds
[2023-10-17T00:17:32.122+0000] {processor.py:157} INFO - Started process (PID=4496) to work on /opt/airflow/dags/elastic_dag.py
[2023-10-17T00:17:32.124+0000] {processor.py:826} INFO - Processing file /opt/airflow/dags/elastic_dag.py for tasks to queue
[2023-10-17T00:17:32.125+0000] {logging_mixin.py:150} INFO - [2023-10-17T00:17:32.124+0000] {dagbag.py:541} INFO - Filling up the DagBag from /opt/airflow/dags/elastic_dag.py
[2023-10-17T00:17:32.139+0000] {processor.py:836} INFO - DAG(s) dict_keys(['elastic_dag']) retrieved from /opt/airflow/dags/elastic_dag.py
[2023-10-17T00:17:32.175+0000] {logging_mixin.py:150} INFO - [2023-10-17T00:17:32.174+0000] {dag.py:2742} INFO - Sync 1 DAGs
[2023-10-17T00:17:32.216+0000] {logging_mixin.py:150} INFO - [2023-10-17T00:17:32.215+0000] {dag.py:3504} INFO - Setting next_dagrun for elastic_dag to 2023-10-17T00:00:00+00:00, run_after=2023-10-18T00:00:00+00:00
[2023-10-17T00:17:32.250+0000] {processor.py:179} INFO - Processing /opt/airflow/dags/elastic_dag.py took 0.134 seconds
[2023-10-17T00:18:02.321+0000] {processor.py:157} INFO - Started process (PID=4516) to work on /opt/airflow/dags/elastic_dag.py
[2023-10-17T00:18:02.324+0000] {processor.py:826} INFO - Processing file /opt/airflow/dags/elastic_dag.py for tasks to queue
[2023-10-17T00:18:02.326+0000] {logging_mixin.py:150} INFO - [2023-10-17T00:18:02.326+0000] {dagbag.py:541} INFO - Filling up the DagBag from /opt/airflow/dags/elastic_dag.py
[2023-10-17T00:18:02.345+0000] {processor.py:836} INFO - DAG(s) dict_keys(['elastic_dag']) retrieved from /opt/airflow/dags/elastic_dag.py
[2023-10-17T00:18:02.392+0000] {logging_mixin.py:150} INFO - [2023-10-17T00:18:02.391+0000] {dag.py:2742} INFO - Sync 1 DAGs
[2023-10-17T00:18:02.505+0000] {logging_mixin.py:150} INFO - [2023-10-17T00:18:02.501+0000] {dag.py:3504} INFO - Setting next_dagrun for elastic_dag to 2023-10-17T00:00:00+00:00, run_after=2023-10-18T00:00:00+00:00
[2023-10-17T00:18:02.567+0000] {processor.py:179} INFO - Processing /opt/airflow/dags/elastic_dag.py took 0.253 seconds
[2023-10-17T00:18:32.699+0000] {processor.py:157} INFO - Started process (PID=4537) to work on /opt/airflow/dags/elastic_dag.py
[2023-10-17T00:18:32.701+0000] {processor.py:826} INFO - Processing file /opt/airflow/dags/elastic_dag.py for tasks to queue
[2023-10-17T00:18:32.702+0000] {logging_mixin.py:150} INFO - [2023-10-17T00:18:32.702+0000] {dagbag.py:541} INFO - Filling up the DagBag from /opt/airflow/dags/elastic_dag.py
[2023-10-17T00:18:32.717+0000] {processor.py:836} INFO - DAG(s) dict_keys(['elastic_dag']) retrieved from /opt/airflow/dags/elastic_dag.py
[2023-10-17T00:18:32.754+0000] {logging_mixin.py:150} INFO - [2023-10-17T00:18:32.753+0000] {dag.py:2742} INFO - Sync 1 DAGs
[2023-10-17T00:18:32.793+0000] {logging_mixin.py:150} INFO - [2023-10-17T00:18:32.793+0000] {dag.py:3504} INFO - Setting next_dagrun for elastic_dag to 2023-10-17T00:00:00+00:00, run_after=2023-10-18T00:00:00+00:00
[2023-10-17T00:18:32.824+0000] {processor.py:179} INFO - Processing /opt/airflow/dags/elastic_dag.py took 0.128 seconds
[2023-10-17T00:19:02.873+0000] {processor.py:157} INFO - Started process (PID=4558) to work on /opt/airflow/dags/elastic_dag.py
[2023-10-17T00:19:02.877+0000] {processor.py:826} INFO - Processing file /opt/airflow/dags/elastic_dag.py for tasks to queue
[2023-10-17T00:19:02.880+0000] {logging_mixin.py:150} INFO - [2023-10-17T00:19:02.879+0000] {dagbag.py:541} INFO - Filling up the DagBag from /opt/airflow/dags/elastic_dag.py
[2023-10-17T00:19:02.900+0000] {processor.py:836} INFO - DAG(s) dict_keys(['elastic_dag']) retrieved from /opt/airflow/dags/elastic_dag.py
[2023-10-17T00:19:02.936+0000] {logging_mixin.py:150} INFO - [2023-10-17T00:19:02.935+0000] {dag.py:2742} INFO - Sync 1 DAGs
[2023-10-17T00:19:02.978+0000] {logging_mixin.py:150} INFO - [2023-10-17T00:19:02.978+0000] {dag.py:3504} INFO - Setting next_dagrun for elastic_dag to 2023-10-17T00:00:00+00:00, run_after=2023-10-18T00:00:00+00:00
[2023-10-17T00:19:03.004+0000] {processor.py:179} INFO - Processing /opt/airflow/dags/elastic_dag.py took 0.145 seconds
[2023-10-17T00:19:33.094+0000] {processor.py:157} INFO - Started process (PID=4579) to work on /opt/airflow/dags/elastic_dag.py
[2023-10-17T00:19:33.097+0000] {processor.py:826} INFO - Processing file /opt/airflow/dags/elastic_dag.py for tasks to queue
[2023-10-17T00:19:33.099+0000] {logging_mixin.py:150} INFO - [2023-10-17T00:19:33.098+0000] {dagbag.py:541} INFO - Filling up the DagBag from /opt/airflow/dags/elastic_dag.py
[2023-10-17T00:19:33.118+0000] {processor.py:836} INFO - DAG(s) dict_keys(['elastic_dag']) retrieved from /opt/airflow/dags/elastic_dag.py
[2023-10-17T00:19:33.169+0000] {logging_mixin.py:150} INFO - [2023-10-17T00:19:33.169+0000] {dag.py:2742} INFO - Sync 1 DAGs
[2023-10-17T00:19:33.219+0000] {logging_mixin.py:150} INFO - [2023-10-17T00:19:33.219+0000] {dag.py:3504} INFO - Setting next_dagrun for elastic_dag to 2023-10-17T00:00:00+00:00, run_after=2023-10-18T00:00:00+00:00
[2023-10-17T00:19:33.256+0000] {processor.py:179} INFO - Processing /opt/airflow/dags/elastic_dag.py took 0.170 seconds
[2023-10-17T00:20:03.314+0000] {processor.py:157} INFO - Started process (PID=4600) to work on /opt/airflow/dags/elastic_dag.py
[2023-10-17T00:20:03.319+0000] {processor.py:826} INFO - Processing file /opt/airflow/dags/elastic_dag.py for tasks to queue
[2023-10-17T00:20:03.320+0000] {logging_mixin.py:150} INFO - [2023-10-17T00:20:03.320+0000] {dagbag.py:541} INFO - Filling up the DagBag from /opt/airflow/dags/elastic_dag.py
[2023-10-17T00:20:03.337+0000] {processor.py:836} INFO - DAG(s) dict_keys(['elastic_dag']) retrieved from /opt/airflow/dags/elastic_dag.py
[2023-10-17T00:20:03.375+0000] {logging_mixin.py:150} INFO - [2023-10-17T00:20:03.375+0000] {dag.py:2742} INFO - Sync 1 DAGs
[2023-10-17T00:20:03.415+0000] {logging_mixin.py:150} INFO - [2023-10-17T00:20:03.415+0000] {dag.py:3504} INFO - Setting next_dagrun for elastic_dag to 2023-10-17T00:00:00+00:00, run_after=2023-10-18T00:00:00+00:00
[2023-10-17T00:20:03.440+0000] {processor.py:179} INFO - Processing /opt/airflow/dags/elastic_dag.py took 0.133 seconds
[2023-10-17T00:20:33.486+0000] {processor.py:157} INFO - Started process (PID=4621) to work on /opt/airflow/dags/elastic_dag.py
[2023-10-17T00:20:33.488+0000] {processor.py:826} INFO - Processing file /opt/airflow/dags/elastic_dag.py for tasks to queue
[2023-10-17T00:20:33.489+0000] {logging_mixin.py:150} INFO - [2023-10-17T00:20:33.489+0000] {dagbag.py:541} INFO - Filling up the DagBag from /opt/airflow/dags/elastic_dag.py
[2023-10-17T00:20:33.505+0000] {processor.py:836} INFO - DAG(s) dict_keys(['elastic_dag']) retrieved from /opt/airflow/dags/elastic_dag.py
[2023-10-17T00:20:33.552+0000] {logging_mixin.py:150} INFO - [2023-10-17T00:20:33.551+0000] {dag.py:2742} INFO - Sync 1 DAGs
[2023-10-17T00:20:33.590+0000] {logging_mixin.py:150} INFO - [2023-10-17T00:20:33.590+0000] {dag.py:3504} INFO - Setting next_dagrun for elastic_dag to 2023-10-17T00:00:00+00:00, run_after=2023-10-18T00:00:00+00:00
[2023-10-17T00:20:33.620+0000] {processor.py:179} INFO - Processing /opt/airflow/dags/elastic_dag.py took 0.139 seconds
[2023-10-17T00:21:03.862+0000] {processor.py:157} INFO - Started process (PID=4643) to work on /opt/airflow/dags/elastic_dag.py
[2023-10-17T00:21:03.864+0000] {processor.py:826} INFO - Processing file /opt/airflow/dags/elastic_dag.py for tasks to queue
[2023-10-17T00:21:03.866+0000] {logging_mixin.py:150} INFO - [2023-10-17T00:21:03.865+0000] {dagbag.py:541} INFO - Filling up the DagBag from /opt/airflow/dags/elastic_dag.py
[2023-10-17T00:21:03.885+0000] {processor.py:836} INFO - DAG(s) dict_keys(['elastic_dag']) retrieved from /opt/airflow/dags/elastic_dag.py
[2023-10-17T00:21:03.944+0000] {logging_mixin.py:150} INFO - [2023-10-17T00:21:03.944+0000] {dag.py:2742} INFO - Sync 1 DAGs
[2023-10-17T00:21:03.989+0000] {logging_mixin.py:150} INFO - [2023-10-17T00:21:03.989+0000] {dag.py:3504} INFO - Setting next_dagrun for elastic_dag to 2023-10-17T00:00:00+00:00, run_after=2023-10-18T00:00:00+00:00
[2023-10-17T00:21:04.015+0000] {processor.py:179} INFO - Processing /opt/airflow/dags/elastic_dag.py took 0.158 seconds
[2023-10-17T00:21:34.145+0000] {processor.py:157} INFO - Started process (PID=4664) to work on /opt/airflow/dags/elastic_dag.py
[2023-10-17T00:21:34.146+0000] {processor.py:826} INFO - Processing file /opt/airflow/dags/elastic_dag.py for tasks to queue
[2023-10-17T00:21:34.148+0000] {logging_mixin.py:150} INFO - [2023-10-17T00:21:34.147+0000] {dagbag.py:541} INFO - Filling up the DagBag from /opt/airflow/dags/elastic_dag.py
[2023-10-17T00:21:34.162+0000] {processor.py:836} INFO - DAG(s) dict_keys(['elastic_dag']) retrieved from /opt/airflow/dags/elastic_dag.py
[2023-10-17T00:21:34.222+0000] {logging_mixin.py:150} INFO - [2023-10-17T00:21:34.222+0000] {dag.py:2742} INFO - Sync 1 DAGs
[2023-10-17T00:21:34.275+0000] {logging_mixin.py:150} INFO - [2023-10-17T00:21:34.274+0000] {dag.py:3504} INFO - Setting next_dagrun for elastic_dag to 2023-10-17T00:00:00+00:00, run_after=2023-10-18T00:00:00+00:00
[2023-10-17T00:21:34.307+0000] {processor.py:179} INFO - Processing /opt/airflow/dags/elastic_dag.py took 0.168 seconds
[2023-10-17T00:22:04.424+0000] {processor.py:157} INFO - Started process (PID=4685) to work on /opt/airflow/dags/elastic_dag.py
[2023-10-17T00:22:04.426+0000] {processor.py:826} INFO - Processing file /opt/airflow/dags/elastic_dag.py for tasks to queue
[2023-10-17T00:22:04.427+0000] {logging_mixin.py:150} INFO - [2023-10-17T00:22:04.427+0000] {dagbag.py:541} INFO - Filling up the DagBag from /opt/airflow/dags/elastic_dag.py
[2023-10-17T00:22:04.443+0000] {processor.py:836} INFO - DAG(s) dict_keys(['elastic_dag']) retrieved from /opt/airflow/dags/elastic_dag.py
[2023-10-17T00:22:04.478+0000] {logging_mixin.py:150} INFO - [2023-10-17T00:22:04.478+0000] {dag.py:2742} INFO - Sync 1 DAGs
[2023-10-17T00:22:04.523+0000] {logging_mixin.py:150} INFO - [2023-10-17T00:22:04.522+0000] {dag.py:3504} INFO - Setting next_dagrun for elastic_dag to 2023-10-17T00:00:00+00:00, run_after=2023-10-18T00:00:00+00:00
[2023-10-17T00:22:04.561+0000] {processor.py:179} INFO - Processing /opt/airflow/dags/elastic_dag.py took 0.141 seconds
[2023-10-17T00:22:34.599+0000] {processor.py:157} INFO - Started process (PID=4706) to work on /opt/airflow/dags/elastic_dag.py
[2023-10-17T00:22:34.602+0000] {processor.py:826} INFO - Processing file /opt/airflow/dags/elastic_dag.py for tasks to queue
[2023-10-17T00:22:34.603+0000] {logging_mixin.py:150} INFO - [2023-10-17T00:22:34.603+0000] {dagbag.py:541} INFO - Filling up the DagBag from /opt/airflow/dags/elastic_dag.py
[2023-10-17T00:22:34.615+0000] {processor.py:836} INFO - DAG(s) dict_keys(['elastic_dag']) retrieved from /opt/airflow/dags/elastic_dag.py
[2023-10-17T00:22:34.653+0000] {logging_mixin.py:150} INFO - [2023-10-17T00:22:34.653+0000] {dag.py:2742} INFO - Sync 1 DAGs
[2023-10-17T00:22:34.690+0000] {logging_mixin.py:150} INFO - [2023-10-17T00:22:34.690+0000] {dag.py:3504} INFO - Setting next_dagrun for elastic_dag to 2023-10-17T00:00:00+00:00, run_after=2023-10-18T00:00:00+00:00
[2023-10-17T00:22:34.723+0000] {processor.py:179} INFO - Processing /opt/airflow/dags/elastic_dag.py took 0.130 seconds
[2023-10-17T00:23:04.902+0000] {processor.py:157} INFO - Started process (PID=4727) to work on /opt/airflow/dags/elastic_dag.py
[2023-10-17T00:23:04.904+0000] {processor.py:826} INFO - Processing file /opt/airflow/dags/elastic_dag.py for tasks to queue
[2023-10-17T00:23:04.906+0000] {logging_mixin.py:150} INFO - [2023-10-17T00:23:04.906+0000] {dagbag.py:541} INFO - Filling up the DagBag from /opt/airflow/dags/elastic_dag.py
[2023-10-17T00:23:04.925+0000] {processor.py:836} INFO - DAG(s) dict_keys(['elastic_dag']) retrieved from /opt/airflow/dags/elastic_dag.py
[2023-10-17T00:23:04.962+0000] {logging_mixin.py:150} INFO - [2023-10-17T00:23:04.962+0000] {dag.py:2742} INFO - Sync 1 DAGs
[2023-10-17T00:23:04.995+0000] {logging_mixin.py:150} INFO - [2023-10-17T00:23:04.995+0000] {dag.py:3504} INFO - Setting next_dagrun for elastic_dag to 2023-10-17T00:00:00+00:00, run_after=2023-10-18T00:00:00+00:00
[2023-10-17T00:23:05.026+0000] {processor.py:179} INFO - Processing /opt/airflow/dags/elastic_dag.py took 0.129 seconds
[2023-10-17T00:23:35.098+0000] {processor.py:157} INFO - Started process (PID=4748) to work on /opt/airflow/dags/elastic_dag.py
[2023-10-17T00:23:35.100+0000] {processor.py:826} INFO - Processing file /opt/airflow/dags/elastic_dag.py for tasks to queue
[2023-10-17T00:23:35.101+0000] {logging_mixin.py:150} INFO - [2023-10-17T00:23:35.101+0000] {dagbag.py:541} INFO - Filling up the DagBag from /opt/airflow/dags/elastic_dag.py
[2023-10-17T00:23:35.116+0000] {processor.py:836} INFO - DAG(s) dict_keys(['elastic_dag']) retrieved from /opt/airflow/dags/elastic_dag.py
[2023-10-17T00:23:35.153+0000] {logging_mixin.py:150} INFO - [2023-10-17T00:23:35.152+0000] {dag.py:2742} INFO - Sync 1 DAGs
[2023-10-17T00:23:35.196+0000] {logging_mixin.py:150} INFO - [2023-10-17T00:23:35.195+0000] {dag.py:3504} INFO - Setting next_dagrun for elastic_dag to 2023-10-17T00:00:00+00:00, run_after=2023-10-18T00:00:00+00:00
[2023-10-17T00:23:35.227+0000] {processor.py:179} INFO - Processing /opt/airflow/dags/elastic_dag.py took 0.134 seconds
[2023-10-17T00:24:05.276+0000] {processor.py:157} INFO - Started process (PID=4769) to work on /opt/airflow/dags/elastic_dag.py
[2023-10-17T00:24:05.277+0000] {processor.py:826} INFO - Processing file /opt/airflow/dags/elastic_dag.py for tasks to queue
[2023-10-17T00:24:05.278+0000] {logging_mixin.py:150} INFO - [2023-10-17T00:24:05.278+0000] {dagbag.py:541} INFO - Filling up the DagBag from /opt/airflow/dags/elastic_dag.py
[2023-10-17T00:24:05.291+0000] {processor.py:836} INFO - DAG(s) dict_keys(['elastic_dag']) retrieved from /opt/airflow/dags/elastic_dag.py
[2023-10-17T00:24:05.332+0000] {logging_mixin.py:150} INFO - [2023-10-17T00:24:05.332+0000] {dag.py:2742} INFO - Sync 1 DAGs
[2023-10-17T00:24:05.380+0000] {logging_mixin.py:150} INFO - [2023-10-17T00:24:05.379+0000] {dag.py:3504} INFO - Setting next_dagrun for elastic_dag to 2023-10-17T00:00:00+00:00, run_after=2023-10-18T00:00:00+00:00
[2023-10-17T00:24:05.413+0000] {processor.py:179} INFO - Processing /opt/airflow/dags/elastic_dag.py took 0.145 seconds
[2023-10-17T00:24:36.273+0000] {processor.py:157} INFO - Started process (PID=4787) to work on /opt/airflow/dags/elastic_dag.py
[2023-10-17T00:24:36.278+0000] {processor.py:826} INFO - Processing file /opt/airflow/dags/elastic_dag.py for tasks to queue
[2023-10-17T00:24:36.281+0000] {logging_mixin.py:150} INFO - [2023-10-17T00:24:36.279+0000] {dagbag.py:541} INFO - Filling up the DagBag from /opt/airflow/dags/elastic_dag.py
[2023-10-17T00:24:36.305+0000] {processor.py:836} INFO - DAG(s) dict_keys(['elastic_dag']) retrieved from /opt/airflow/dags/elastic_dag.py
[2023-10-17T00:24:36.433+0000] {logging_mixin.py:150} INFO - [2023-10-17T00:24:36.432+0000] {dag.py:2742} INFO - Sync 1 DAGs
[2023-10-17T00:24:36.528+0000] {logging_mixin.py:150} INFO - [2023-10-17T00:24:36.527+0000] {dag.py:3504} INFO - Setting next_dagrun for elastic_dag to 2023-10-17T00:00:00+00:00, run_after=2023-10-18T00:00:00+00:00
[2023-10-17T00:24:36.614+0000] {processor.py:179} INFO - Processing /opt/airflow/dags/elastic_dag.py took 0.348 seconds
