[2023-10-17T00:00:17.862+0000] {processor.py:157} INFO - Started process (PID=3769) to work on /opt/airflow/dags/group_dag_no_subdags.py
[2023-10-17T00:00:17.864+0000] {processor.py:826} INFO - Processing file /opt/airflow/dags/group_dag_no_subdags.py for tasks to queue
[2023-10-17T00:00:17.868+0000] {logging_mixin.py:150} INFO - [2023-10-17T00:00:17.865+0000] {dagbag.py:541} INFO - Filling up the DagBag from /opt/airflow/dags/group_dag_no_subdags.py
[2023-10-17T00:00:17.898+0000] {processor.py:836} INFO - DAG(s) dict_keys(['group_dag_no_subdags']) retrieved from /opt/airflow/dags/group_dag_no_subdags.py
[2023-10-17T00:00:17.988+0000] {logging_mixin.py:150} INFO - [2023-10-17T00:00:17.988+0000] {dag.py:2742} INFO - Sync 1 DAGs
[2023-10-17T00:00:18.086+0000] {logging_mixin.py:150} INFO - [2023-10-17T00:00:18.085+0000] {dag.py:3504} INFO - Setting next_dagrun for group_dag_no_subdags to 2023-10-17T00:00:00+00:00, run_after=2023-10-18T00:00:00+00:00
[2023-10-17T00:00:18.156+0000] {processor.py:179} INFO - Processing /opt/airflow/dags/group_dag_no_subdags.py took 0.304 seconds
[2023-10-17T00:00:48.425+0000] {processor.py:157} INFO - Started process (PID=3801) to work on /opt/airflow/dags/group_dag_no_subdags.py
[2023-10-17T00:00:48.428+0000] {processor.py:826} INFO - Processing file /opt/airflow/dags/group_dag_no_subdags.py for tasks to queue
[2023-10-17T00:00:48.431+0000] {logging_mixin.py:150} INFO - [2023-10-17T00:00:48.430+0000] {dagbag.py:541} INFO - Filling up the DagBag from /opt/airflow/dags/group_dag_no_subdags.py
[2023-10-17T00:00:48.454+0000] {processor.py:836} INFO - DAG(s) dict_keys(['group_dag_no_subdags']) retrieved from /opt/airflow/dags/group_dag_no_subdags.py
[2023-10-17T00:00:48.524+0000] {logging_mixin.py:150} INFO - [2023-10-17T00:00:48.523+0000] {dag.py:2742} INFO - Sync 1 DAGs
[2023-10-17T00:00:48.572+0000] {logging_mixin.py:150} INFO - [2023-10-17T00:00:48.572+0000] {dag.py:3504} INFO - Setting next_dagrun for group_dag_no_subdags to 2023-10-17T00:00:00+00:00, run_after=2023-10-18T00:00:00+00:00
[2023-10-17T00:00:48.618+0000] {processor.py:179} INFO - Processing /opt/airflow/dags/group_dag_no_subdags.py took 0.199 seconds
[2023-10-17T00:01:18.669+0000] {processor.py:157} INFO - Started process (PID=3822) to work on /opt/airflow/dags/group_dag_no_subdags.py
[2023-10-17T00:01:18.670+0000] {processor.py:826} INFO - Processing file /opt/airflow/dags/group_dag_no_subdags.py for tasks to queue
[2023-10-17T00:01:18.671+0000] {logging_mixin.py:150} INFO - [2023-10-17T00:01:18.671+0000] {dagbag.py:541} INFO - Filling up the DagBag from /opt/airflow/dags/group_dag_no_subdags.py
[2023-10-17T00:01:18.688+0000] {processor.py:836} INFO - DAG(s) dict_keys(['group_dag_no_subdags']) retrieved from /opt/airflow/dags/group_dag_no_subdags.py
[2023-10-17T00:01:18.726+0000] {logging_mixin.py:150} INFO - [2023-10-17T00:01:18.726+0000] {dag.py:2742} INFO - Sync 1 DAGs
[2023-10-17T00:01:18.760+0000] {logging_mixin.py:150} INFO - [2023-10-17T00:01:18.760+0000] {dag.py:3504} INFO - Setting next_dagrun for group_dag_no_subdags to 2023-10-17T00:00:00+00:00, run_after=2023-10-18T00:00:00+00:00
[2023-10-17T00:01:18.841+0000] {processor.py:179} INFO - Processing /opt/airflow/dags/group_dag_no_subdags.py took 0.179 seconds
[2023-10-17T00:01:48.910+0000] {processor.py:157} INFO - Started process (PID=3849) to work on /opt/airflow/dags/group_dag_no_subdags.py
[2023-10-17T00:01:48.911+0000] {processor.py:826} INFO - Processing file /opt/airflow/dags/group_dag_no_subdags.py for tasks to queue
[2023-10-17T00:01:48.913+0000] {logging_mixin.py:150} INFO - [2023-10-17T00:01:48.912+0000] {dagbag.py:541} INFO - Filling up the DagBag from /opt/airflow/dags/group_dag_no_subdags.py
[2023-10-17T00:01:48.930+0000] {processor.py:836} INFO - DAG(s) dict_keys(['group_dag_no_subdags']) retrieved from /opt/airflow/dags/group_dag_no_subdags.py
[2023-10-17T00:01:48.987+0000] {logging_mixin.py:150} INFO - [2023-10-17T00:01:48.987+0000] {dag.py:2742} INFO - Sync 1 DAGs
[2023-10-17T00:01:49.029+0000] {logging_mixin.py:150} INFO - [2023-10-17T00:01:49.029+0000] {dag.py:3504} INFO - Setting next_dagrun for group_dag_no_subdags to 2023-10-17T00:00:00+00:00, run_after=2023-10-18T00:00:00+00:00
[2023-10-17T00:01:49.078+0000] {processor.py:179} INFO - Processing /opt/airflow/dags/group_dag_no_subdags.py took 0.172 seconds
[2023-10-17T00:02:19.196+0000] {processor.py:157} INFO - Started process (PID=3869) to work on /opt/airflow/dags/group_dag_no_subdags.py
[2023-10-17T00:02:19.201+0000] {processor.py:826} INFO - Processing file /opt/airflow/dags/group_dag_no_subdags.py for tasks to queue
[2023-10-17T00:02:19.202+0000] {logging_mixin.py:150} INFO - [2023-10-17T00:02:19.202+0000] {dagbag.py:541} INFO - Filling up the DagBag from /opt/airflow/dags/group_dag_no_subdags.py
[2023-10-17T00:02:19.220+0000] {processor.py:836} INFO - DAG(s) dict_keys(['group_dag_no_subdags']) retrieved from /opt/airflow/dags/group_dag_no_subdags.py
[2023-10-17T00:02:19.257+0000] {logging_mixin.py:150} INFO - [2023-10-17T00:02:19.257+0000] {dag.py:2742} INFO - Sync 1 DAGs
[2023-10-17T00:02:19.295+0000] {logging_mixin.py:150} INFO - [2023-10-17T00:02:19.295+0000] {dag.py:3504} INFO - Setting next_dagrun for group_dag_no_subdags to 2023-10-17T00:00:00+00:00, run_after=2023-10-18T00:00:00+00:00
[2023-10-17T00:02:19.329+0000] {processor.py:179} INFO - Processing /opt/airflow/dags/group_dag_no_subdags.py took 0.138 seconds
[2023-10-17T00:02:50.278+0000] {processor.py:157} INFO - Started process (PID=3890) to work on /opt/airflow/dags/group_dag_no_subdags.py
[2023-10-17T00:02:50.279+0000] {processor.py:826} INFO - Processing file /opt/airflow/dags/group_dag_no_subdags.py for tasks to queue
[2023-10-17T00:02:50.281+0000] {logging_mixin.py:150} INFO - [2023-10-17T00:02:50.280+0000] {dagbag.py:541} INFO - Filling up the DagBag from /opt/airflow/dags/group_dag_no_subdags.py
[2023-10-17T00:02:50.308+0000] {processor.py:836} INFO - DAG(s) dict_keys(['group_dag_no_subdags']) retrieved from /opt/airflow/dags/group_dag_no_subdags.py
[2023-10-17T00:02:50.358+0000] {logging_mixin.py:150} INFO - [2023-10-17T00:02:50.357+0000] {dag.py:2742} INFO - Sync 1 DAGs
[2023-10-17T00:02:50.413+0000] {logging_mixin.py:150} INFO - [2023-10-17T00:02:50.413+0000] {dag.py:3504} INFO - Setting next_dagrun for group_dag_no_subdags to 2023-10-17T00:00:00+00:00, run_after=2023-10-18T00:00:00+00:00
[2023-10-17T00:02:50.464+0000] {processor.py:179} INFO - Processing /opt/airflow/dags/group_dag_no_subdags.py took 0.193 seconds
[2023-10-17T00:03:20.516+0000] {processor.py:157} INFO - Started process (PID=3911) to work on /opt/airflow/dags/group_dag_no_subdags.py
[2023-10-17T00:03:20.519+0000] {processor.py:826} INFO - Processing file /opt/airflow/dags/group_dag_no_subdags.py for tasks to queue
[2023-10-17T00:03:20.522+0000] {logging_mixin.py:150} INFO - [2023-10-17T00:03:20.521+0000] {dagbag.py:541} INFO - Filling up the DagBag from /opt/airflow/dags/group_dag_no_subdags.py
[2023-10-17T00:03:20.538+0000] {processor.py:836} INFO - DAG(s) dict_keys(['group_dag_no_subdags']) retrieved from /opt/airflow/dags/group_dag_no_subdags.py
[2023-10-17T00:03:20.579+0000] {logging_mixin.py:150} INFO - [2023-10-17T00:03:20.579+0000] {dag.py:2742} INFO - Sync 1 DAGs
[2023-10-17T00:03:20.615+0000] {logging_mixin.py:150} INFO - [2023-10-17T00:03:20.615+0000] {dag.py:3504} INFO - Setting next_dagrun for group_dag_no_subdags to 2023-10-17T00:00:00+00:00, run_after=2023-10-18T00:00:00+00:00
[2023-10-17T00:03:20.646+0000] {processor.py:179} INFO - Processing /opt/airflow/dags/group_dag_no_subdags.py took 0.134 seconds
[2023-10-17T00:03:50.718+0000] {processor.py:157} INFO - Started process (PID=3933) to work on /opt/airflow/dags/group_dag_no_subdags.py
[2023-10-17T00:03:50.720+0000] {processor.py:826} INFO - Processing file /opt/airflow/dags/group_dag_no_subdags.py for tasks to queue
[2023-10-17T00:03:50.724+0000] {logging_mixin.py:150} INFO - [2023-10-17T00:03:50.723+0000] {dagbag.py:541} INFO - Filling up the DagBag from /opt/airflow/dags/group_dag_no_subdags.py
[2023-10-17T00:03:50.742+0000] {processor.py:836} INFO - DAG(s) dict_keys(['group_dag_no_subdags']) retrieved from /opt/airflow/dags/group_dag_no_subdags.py
[2023-10-17T00:03:50.784+0000] {logging_mixin.py:150} INFO - [2023-10-17T00:03:50.784+0000] {dag.py:2742} INFO - Sync 1 DAGs
[2023-10-17T00:03:50.826+0000] {logging_mixin.py:150} INFO - [2023-10-17T00:03:50.825+0000] {dag.py:3504} INFO - Setting next_dagrun for group_dag_no_subdags to 2023-10-17T00:00:00+00:00, run_after=2023-10-18T00:00:00+00:00
[2023-10-17T00:03:50.861+0000] {processor.py:179} INFO - Processing /opt/airflow/dags/group_dag_no_subdags.py took 0.146 seconds
[2023-10-17T00:04:21.019+0000] {processor.py:157} INFO - Started process (PID=3953) to work on /opt/airflow/dags/group_dag_no_subdags.py
[2023-10-17T00:04:21.020+0000] {processor.py:826} INFO - Processing file /opt/airflow/dags/group_dag_no_subdags.py for tasks to queue
[2023-10-17T00:04:21.022+0000] {logging_mixin.py:150} INFO - [2023-10-17T00:04:21.021+0000] {dagbag.py:541} INFO - Filling up the DagBag from /opt/airflow/dags/group_dag_no_subdags.py
[2023-10-17T00:04:21.047+0000] {processor.py:836} INFO - DAG(s) dict_keys(['group_dag_no_subdags']) retrieved from /opt/airflow/dags/group_dag_no_subdags.py
[2023-10-17T00:04:21.095+0000] {logging_mixin.py:150} INFO - [2023-10-17T00:04:21.094+0000] {dag.py:2742} INFO - Sync 1 DAGs
[2023-10-17T00:04:21.147+0000] {logging_mixin.py:150} INFO - [2023-10-17T00:04:21.146+0000] {dag.py:3504} INFO - Setting next_dagrun for group_dag_no_subdags to 2023-10-17T00:00:00+00:00, run_after=2023-10-18T00:00:00+00:00
[2023-10-17T00:04:21.196+0000] {processor.py:179} INFO - Processing /opt/airflow/dags/group_dag_no_subdags.py took 0.181 seconds
[2023-10-17T00:04:51.366+0000] {processor.py:157} INFO - Started process (PID=3974) to work on /opt/airflow/dags/group_dag_no_subdags.py
[2023-10-17T00:04:51.368+0000] {processor.py:826} INFO - Processing file /opt/airflow/dags/group_dag_no_subdags.py for tasks to queue
[2023-10-17T00:04:51.369+0000] {logging_mixin.py:150} INFO - [2023-10-17T00:04:51.369+0000] {dagbag.py:541} INFO - Filling up the DagBag from /opt/airflow/dags/group_dag_no_subdags.py
[2023-10-17T00:04:51.387+0000] {processor.py:836} INFO - DAG(s) dict_keys(['group_dag_no_subdags']) retrieved from /opt/airflow/dags/group_dag_no_subdags.py
[2023-10-17T00:04:51.427+0000] {logging_mixin.py:150} INFO - [2023-10-17T00:04:51.426+0000] {dag.py:2742} INFO - Sync 1 DAGs
[2023-10-17T00:04:51.468+0000] {logging_mixin.py:150} INFO - [2023-10-17T00:04:51.468+0000] {dag.py:3504} INFO - Setting next_dagrun for group_dag_no_subdags to 2023-10-17T00:00:00+00:00, run_after=2023-10-18T00:00:00+00:00
[2023-10-17T00:04:51.502+0000] {processor.py:179} INFO - Processing /opt/airflow/dags/group_dag_no_subdags.py took 0.145 seconds
[2023-10-17T00:05:21.653+0000] {processor.py:157} INFO - Started process (PID=3995) to work on /opt/airflow/dags/group_dag_no_subdags.py
[2023-10-17T00:05:21.659+0000] {processor.py:826} INFO - Processing file /opt/airflow/dags/group_dag_no_subdags.py for tasks to queue
[2023-10-17T00:05:21.663+0000] {logging_mixin.py:150} INFO - [2023-10-17T00:05:21.662+0000] {dagbag.py:541} INFO - Filling up the DagBag from /opt/airflow/dags/group_dag_no_subdags.py
[2023-10-17T00:05:21.697+0000] {processor.py:836} INFO - DAG(s) dict_keys(['group_dag_no_subdags']) retrieved from /opt/airflow/dags/group_dag_no_subdags.py
[2023-10-17T00:05:21.734+0000] {logging_mixin.py:150} INFO - [2023-10-17T00:05:21.734+0000] {dag.py:2742} INFO - Sync 1 DAGs
[2023-10-17T00:05:21.768+0000] {logging_mixin.py:150} INFO - [2023-10-17T00:05:21.768+0000] {dag.py:3504} INFO - Setting next_dagrun for group_dag_no_subdags to 2023-10-17T00:00:00+00:00, run_after=2023-10-18T00:00:00+00:00
[2023-10-17T00:05:21.798+0000] {processor.py:179} INFO - Processing /opt/airflow/dags/group_dag_no_subdags.py took 0.149 seconds
[2023-10-17T00:05:51.941+0000] {processor.py:157} INFO - Started process (PID=4017) to work on /opt/airflow/dags/group_dag_no_subdags.py
[2023-10-17T00:05:51.944+0000] {processor.py:826} INFO - Processing file /opt/airflow/dags/group_dag_no_subdags.py for tasks to queue
[2023-10-17T00:05:51.946+0000] {logging_mixin.py:150} INFO - [2023-10-17T00:05:51.945+0000] {dagbag.py:541} INFO - Filling up the DagBag from /opt/airflow/dags/group_dag_no_subdags.py
[2023-10-17T00:05:51.962+0000] {processor.py:836} INFO - DAG(s) dict_keys(['group_dag_no_subdags']) retrieved from /opt/airflow/dags/group_dag_no_subdags.py
[2023-10-17T00:05:52.002+0000] {logging_mixin.py:150} INFO - [2023-10-17T00:05:52.001+0000] {dag.py:2742} INFO - Sync 1 DAGs
[2023-10-17T00:05:52.046+0000] {logging_mixin.py:150} INFO - [2023-10-17T00:05:52.046+0000] {dag.py:3504} INFO - Setting next_dagrun for group_dag_no_subdags to 2023-10-17T00:00:00+00:00, run_after=2023-10-18T00:00:00+00:00
[2023-10-17T00:05:52.076+0000] {processor.py:179} INFO - Processing /opt/airflow/dags/group_dag_no_subdags.py took 0.139 seconds
[2023-10-17T00:06:22.846+0000] {processor.py:157} INFO - Started process (PID=4038) to work on /opt/airflow/dags/group_dag_no_subdags.py
[2023-10-17T00:06:22.850+0000] {processor.py:826} INFO - Processing file /opt/airflow/dags/group_dag_no_subdags.py for tasks to queue
[2023-10-17T00:06:22.852+0000] {logging_mixin.py:150} INFO - [2023-10-17T00:06:22.851+0000] {dagbag.py:541} INFO - Filling up the DagBag from /opt/airflow/dags/group_dag_no_subdags.py
[2023-10-17T00:06:22.917+0000] {processor.py:836} INFO - DAG(s) dict_keys(['group_dag_no_subdags']) retrieved from /opt/airflow/dags/group_dag_no_subdags.py
[2023-10-17T00:06:23.012+0000] {logging_mixin.py:150} INFO - [2023-10-17T00:06:23.011+0000] {dag.py:2742} INFO - Sync 1 DAGs
[2023-10-17T00:06:23.079+0000] {logging_mixin.py:150} INFO - [2023-10-17T00:06:23.078+0000] {dag.py:3504} INFO - Setting next_dagrun for group_dag_no_subdags to 2023-10-17T00:00:00+00:00, run_after=2023-10-18T00:00:00+00:00
[2023-10-17T00:06:23.139+0000] {processor.py:179} INFO - Processing /opt/airflow/dags/group_dag_no_subdags.py took 0.311 seconds
[2023-10-17T00:06:53.884+0000] {processor.py:157} INFO - Started process (PID=4059) to work on /opt/airflow/dags/group_dag_no_subdags.py
[2023-10-17T00:06:53.907+0000] {processor.py:826} INFO - Processing file /opt/airflow/dags/group_dag_no_subdags.py for tasks to queue
[2023-10-17T00:06:53.909+0000] {logging_mixin.py:150} INFO - [2023-10-17T00:06:53.909+0000] {dagbag.py:541} INFO - Filling up the DagBag from /opt/airflow/dags/group_dag_no_subdags.py
[2023-10-17T00:06:53.980+0000] {processor.py:836} INFO - DAG(s) dict_keys(['group_dag_no_subdags']) retrieved from /opt/airflow/dags/group_dag_no_subdags.py
[2023-10-17T00:06:54.120+0000] {logging_mixin.py:150} INFO - [2023-10-17T00:06:54.119+0000] {dag.py:2742} INFO - Sync 1 DAGs
[2023-10-17T00:06:54.238+0000] {logging_mixin.py:150} INFO - [2023-10-17T00:06:54.237+0000] {dag.py:3504} INFO - Setting next_dagrun for group_dag_no_subdags to 2023-10-17T00:00:00+00:00, run_after=2023-10-18T00:00:00+00:00
[2023-10-17T00:06:54.345+0000] {processor.py:179} INFO - Processing /opt/airflow/dags/group_dag_no_subdags.py took 0.480 seconds
[2023-10-17T00:07:24.586+0000] {processor.py:157} INFO - Started process (PID=4082) to work on /opt/airflow/dags/group_dag_no_subdags.py
[2023-10-17T00:07:24.591+0000] {processor.py:826} INFO - Processing file /opt/airflow/dags/group_dag_no_subdags.py for tasks to queue
[2023-10-17T00:07:24.594+0000] {logging_mixin.py:150} INFO - [2023-10-17T00:07:24.593+0000] {dagbag.py:541} INFO - Filling up the DagBag from /opt/airflow/dags/group_dag_no_subdags.py
[2023-10-17T00:07:24.684+0000] {processor.py:836} INFO - DAG(s) dict_keys(['group_dag_no_subdags']) retrieved from /opt/airflow/dags/group_dag_no_subdags.py
[2023-10-17T00:07:24.798+0000] {logging_mixin.py:150} INFO - [2023-10-17T00:07:24.798+0000] {dag.py:2742} INFO - Sync 1 DAGs
[2023-10-17T00:07:24.973+0000] {logging_mixin.py:150} INFO - [2023-10-17T00:07:24.973+0000] {dag.py:3504} INFO - Setting next_dagrun for group_dag_no_subdags to 2023-10-17T00:00:00+00:00, run_after=2023-10-18T00:00:00+00:00
[2023-10-17T00:07:25.038+0000] {processor.py:179} INFO - Processing /opt/airflow/dags/group_dag_no_subdags.py took 0.499 seconds
[2023-10-17T00:07:55.372+0000] {processor.py:157} INFO - Started process (PID=4100) to work on /opt/airflow/dags/group_dag_no_subdags.py
[2023-10-17T00:07:55.374+0000] {processor.py:826} INFO - Processing file /opt/airflow/dags/group_dag_no_subdags.py for tasks to queue
[2023-10-17T00:07:55.375+0000] {logging_mixin.py:150} INFO - [2023-10-17T00:07:55.375+0000] {dagbag.py:541} INFO - Filling up the DagBag from /opt/airflow/dags/group_dag_no_subdags.py
[2023-10-17T00:07:55.388+0000] {processor.py:836} INFO - DAG(s) dict_keys(['group_dag_no_subdags']) retrieved from /opt/airflow/dags/group_dag_no_subdags.py
[2023-10-17T00:07:55.421+0000] {logging_mixin.py:150} INFO - [2023-10-17T00:07:55.421+0000] {dag.py:2742} INFO - Sync 1 DAGs
[2023-10-17T00:07:55.449+0000] {logging_mixin.py:150} INFO - [2023-10-17T00:07:55.449+0000] {dag.py:3504} INFO - Setting next_dagrun for group_dag_no_subdags to 2023-10-17T00:00:00+00:00, run_after=2023-10-18T00:00:00+00:00
[2023-10-17T00:07:55.476+0000] {processor.py:179} INFO - Processing /opt/airflow/dags/group_dag_no_subdags.py took 0.107 seconds
[2023-10-17T00:08:26.256+0000] {processor.py:157} INFO - Started process (PID=4121) to work on /opt/airflow/dags/group_dag_no_subdags.py
[2023-10-17T00:08:26.258+0000] {processor.py:826} INFO - Processing file /opt/airflow/dags/group_dag_no_subdags.py for tasks to queue
[2023-10-17T00:08:26.259+0000] {logging_mixin.py:150} INFO - [2023-10-17T00:08:26.259+0000] {dagbag.py:541} INFO - Filling up the DagBag from /opt/airflow/dags/group_dag_no_subdags.py
[2023-10-17T00:08:26.274+0000] {processor.py:836} INFO - DAG(s) dict_keys(['group_dag_no_subdags']) retrieved from /opt/airflow/dags/group_dag_no_subdags.py
[2023-10-17T00:08:26.304+0000] {logging_mixin.py:150} INFO - [2023-10-17T00:08:26.304+0000] {dag.py:2742} INFO - Sync 1 DAGs
[2023-10-17T00:08:26.329+0000] {logging_mixin.py:150} INFO - [2023-10-17T00:08:26.329+0000] {dag.py:3504} INFO - Setting next_dagrun for group_dag_no_subdags to 2023-10-17T00:00:00+00:00, run_after=2023-10-18T00:00:00+00:00
[2023-10-17T00:08:26.353+0000] {processor.py:179} INFO - Processing /opt/airflow/dags/group_dag_no_subdags.py took 0.103 seconds
[2023-10-17T00:08:57.245+0000] {processor.py:157} INFO - Started process (PID=4142) to work on /opt/airflow/dags/group_dag_no_subdags.py
[2023-10-17T00:08:57.248+0000] {processor.py:826} INFO - Processing file /opt/airflow/dags/group_dag_no_subdags.py for tasks to queue
[2023-10-17T00:08:57.249+0000] {logging_mixin.py:150} INFO - [2023-10-17T00:08:57.249+0000] {dagbag.py:541} INFO - Filling up the DagBag from /opt/airflow/dags/group_dag_no_subdags.py
[2023-10-17T00:08:57.266+0000] {processor.py:836} INFO - DAG(s) dict_keys(['group_dag_no_subdags']) retrieved from /opt/airflow/dags/group_dag_no_subdags.py
[2023-10-17T00:08:57.312+0000] {logging_mixin.py:150} INFO - [2023-10-17T00:08:57.312+0000] {dag.py:2742} INFO - Sync 1 DAGs
[2023-10-17T00:08:57.351+0000] {logging_mixin.py:150} INFO - [2023-10-17T00:08:57.350+0000] {dag.py:3504} INFO - Setting next_dagrun for group_dag_no_subdags to 2023-10-17T00:00:00+00:00, run_after=2023-10-18T00:00:00+00:00
[2023-10-17T00:08:57.420+0000] {processor.py:179} INFO - Processing /opt/airflow/dags/group_dag_no_subdags.py took 0.183 seconds
[2023-10-17T00:09:27.563+0000] {processor.py:157} INFO - Started process (PID=4163) to work on /opt/airflow/dags/group_dag_no_subdags.py
[2023-10-17T00:09:27.568+0000] {processor.py:826} INFO - Processing file /opt/airflow/dags/group_dag_no_subdags.py for tasks to queue
[2023-10-17T00:09:27.569+0000] {logging_mixin.py:150} INFO - [2023-10-17T00:09:27.569+0000] {dagbag.py:541} INFO - Filling up the DagBag from /opt/airflow/dags/group_dag_no_subdags.py
[2023-10-17T00:09:27.585+0000] {processor.py:836} INFO - DAG(s) dict_keys(['group_dag_no_subdags']) retrieved from /opt/airflow/dags/group_dag_no_subdags.py
[2023-10-17T00:09:27.622+0000] {logging_mixin.py:150} INFO - [2023-10-17T00:09:27.622+0000] {dag.py:2742} INFO - Sync 1 DAGs
[2023-10-17T00:09:27.661+0000] {logging_mixin.py:150} INFO - [2023-10-17T00:09:27.661+0000] {dag.py:3504} INFO - Setting next_dagrun for group_dag_no_subdags to 2023-10-17T00:00:00+00:00, run_after=2023-10-18T00:00:00+00:00
[2023-10-17T00:09:27.688+0000] {processor.py:179} INFO - Processing /opt/airflow/dags/group_dag_no_subdags.py took 0.133 seconds
[2023-10-17T00:09:57.890+0000] {processor.py:157} INFO - Started process (PID=4184) to work on /opt/airflow/dags/group_dag_no_subdags.py
[2023-10-17T00:09:57.893+0000] {processor.py:826} INFO - Processing file /opt/airflow/dags/group_dag_no_subdags.py for tasks to queue
[2023-10-17T00:09:57.895+0000] {logging_mixin.py:150} INFO - [2023-10-17T00:09:57.894+0000] {dagbag.py:541} INFO - Filling up the DagBag from /opt/airflow/dags/group_dag_no_subdags.py
[2023-10-17T00:09:57.916+0000] {processor.py:836} INFO - DAG(s) dict_keys(['group_dag_no_subdags']) retrieved from /opt/airflow/dags/group_dag_no_subdags.py
[2023-10-17T00:09:57.952+0000] {logging_mixin.py:150} INFO - [2023-10-17T00:09:57.952+0000] {dag.py:2742} INFO - Sync 1 DAGs
[2023-10-17T00:09:57.992+0000] {logging_mixin.py:150} INFO - [2023-10-17T00:09:57.991+0000] {dag.py:3504} INFO - Setting next_dagrun for group_dag_no_subdags to 2023-10-17T00:00:00+00:00, run_after=2023-10-18T00:00:00+00:00
[2023-10-17T00:09:58.022+0000] {processor.py:179} INFO - Processing /opt/airflow/dags/group_dag_no_subdags.py took 0.139 seconds
[2023-10-17T00:10:28.182+0000] {processor.py:157} INFO - Started process (PID=4206) to work on /opt/airflow/dags/group_dag_no_subdags.py
[2023-10-17T00:10:28.184+0000] {processor.py:826} INFO - Processing file /opt/airflow/dags/group_dag_no_subdags.py for tasks to queue
[2023-10-17T00:10:28.186+0000] {logging_mixin.py:150} INFO - [2023-10-17T00:10:28.185+0000] {dagbag.py:541} INFO - Filling up the DagBag from /opt/airflow/dags/group_dag_no_subdags.py
[2023-10-17T00:10:28.203+0000] {processor.py:836} INFO - DAG(s) dict_keys(['group_dag_no_subdags']) retrieved from /opt/airflow/dags/group_dag_no_subdags.py
[2023-10-17T00:10:28.242+0000] {logging_mixin.py:150} INFO - [2023-10-17T00:10:28.242+0000] {dag.py:2742} INFO - Sync 1 DAGs
[2023-10-17T00:10:28.281+0000] {logging_mixin.py:150} INFO - [2023-10-17T00:10:28.281+0000] {dag.py:3504} INFO - Setting next_dagrun for group_dag_no_subdags to 2023-10-17T00:00:00+00:00, run_after=2023-10-18T00:00:00+00:00
[2023-10-17T00:10:28.316+0000] {processor.py:179} INFO - Processing /opt/airflow/dags/group_dag_no_subdags.py took 0.138 seconds
[2023-10-17T00:10:58.562+0000] {processor.py:157} INFO - Started process (PID=4227) to work on /opt/airflow/dags/group_dag_no_subdags.py
[2023-10-17T00:10:58.564+0000] {processor.py:826} INFO - Processing file /opt/airflow/dags/group_dag_no_subdags.py for tasks to queue
[2023-10-17T00:10:58.566+0000] {logging_mixin.py:150} INFO - [2023-10-17T00:10:58.565+0000] {dagbag.py:541} INFO - Filling up the DagBag from /opt/airflow/dags/group_dag_no_subdags.py
[2023-10-17T00:10:58.582+0000] {processor.py:836} INFO - DAG(s) dict_keys(['group_dag_no_subdags']) retrieved from /opt/airflow/dags/group_dag_no_subdags.py
[2023-10-17T00:10:58.622+0000] {logging_mixin.py:150} INFO - [2023-10-17T00:10:58.622+0000] {dag.py:2742} INFO - Sync 1 DAGs
[2023-10-17T00:10:58.664+0000] {logging_mixin.py:150} INFO - [2023-10-17T00:10:58.664+0000] {dag.py:3504} INFO - Setting next_dagrun for group_dag_no_subdags to 2023-10-17T00:00:00+00:00, run_after=2023-10-18T00:00:00+00:00
[2023-10-17T00:10:58.702+0000] {processor.py:179} INFO - Processing /opt/airflow/dags/group_dag_no_subdags.py took 0.145 seconds
[2023-10-17T00:11:28.852+0000] {processor.py:157} INFO - Started process (PID=4248) to work on /opt/airflow/dags/group_dag_no_subdags.py
[2023-10-17T00:11:28.855+0000] {processor.py:826} INFO - Processing file /opt/airflow/dags/group_dag_no_subdags.py for tasks to queue
[2023-10-17T00:11:28.856+0000] {logging_mixin.py:150} INFO - [2023-10-17T00:11:28.856+0000] {dagbag.py:541} INFO - Filling up the DagBag from /opt/airflow/dags/group_dag_no_subdags.py
[2023-10-17T00:11:28.875+0000] {processor.py:836} INFO - DAG(s) dict_keys(['group_dag_no_subdags']) retrieved from /opt/airflow/dags/group_dag_no_subdags.py
[2023-10-17T00:11:28.911+0000] {logging_mixin.py:150} INFO - [2023-10-17T00:11:28.910+0000] {dag.py:2742} INFO - Sync 1 DAGs
[2023-10-17T00:11:28.947+0000] {logging_mixin.py:150} INFO - [2023-10-17T00:11:28.946+0000] {dag.py:3504} INFO - Setting next_dagrun for group_dag_no_subdags to 2023-10-17T00:00:00+00:00, run_after=2023-10-18T00:00:00+00:00
[2023-10-17T00:11:28.977+0000] {processor.py:179} INFO - Processing /opt/airflow/dags/group_dag_no_subdags.py took 0.135 seconds
[2023-10-17T00:11:59.030+0000] {processor.py:157} INFO - Started process (PID=4269) to work on /opt/airflow/dags/group_dag_no_subdags.py
[2023-10-17T00:11:59.033+0000] {processor.py:826} INFO - Processing file /opt/airflow/dags/group_dag_no_subdags.py for tasks to queue
[2023-10-17T00:11:59.035+0000] {logging_mixin.py:150} INFO - [2023-10-17T00:11:59.035+0000] {dagbag.py:541} INFO - Filling up the DagBag from /opt/airflow/dags/group_dag_no_subdags.py
[2023-10-17T00:11:59.049+0000] {processor.py:836} INFO - DAG(s) dict_keys(['group_dag_no_subdags']) retrieved from /opt/airflow/dags/group_dag_no_subdags.py
[2023-10-17T00:11:59.087+0000] {logging_mixin.py:150} INFO - [2023-10-17T00:11:59.087+0000] {dag.py:2742} INFO - Sync 1 DAGs
[2023-10-17T00:11:59.124+0000] {logging_mixin.py:150} INFO - [2023-10-17T00:11:59.124+0000] {dag.py:3504} INFO - Setting next_dagrun for group_dag_no_subdags to 2023-10-17T00:00:00+00:00, run_after=2023-10-18T00:00:00+00:00
[2023-10-17T00:11:59.156+0000] {processor.py:179} INFO - Processing /opt/airflow/dags/group_dag_no_subdags.py took 0.132 seconds
[2023-10-17T00:12:29.272+0000] {processor.py:157} INFO - Started process (PID=4290) to work on /opt/airflow/dags/group_dag_no_subdags.py
[2023-10-17T00:12:29.274+0000] {processor.py:826} INFO - Processing file /opt/airflow/dags/group_dag_no_subdags.py for tasks to queue
[2023-10-17T00:12:29.275+0000] {logging_mixin.py:150} INFO - [2023-10-17T00:12:29.275+0000] {dagbag.py:541} INFO - Filling up the DagBag from /opt/airflow/dags/group_dag_no_subdags.py
[2023-10-17T00:12:29.293+0000] {processor.py:836} INFO - DAG(s) dict_keys(['group_dag_no_subdags']) retrieved from /opt/airflow/dags/group_dag_no_subdags.py
[2023-10-17T00:12:29.335+0000] {logging_mixin.py:150} INFO - [2023-10-17T00:12:29.333+0000] {dag.py:2742} INFO - Sync 1 DAGs
[2023-10-17T00:12:29.373+0000] {logging_mixin.py:150} INFO - [2023-10-17T00:12:29.373+0000] {dag.py:3504} INFO - Setting next_dagrun for group_dag_no_subdags to 2023-10-17T00:00:00+00:00, run_after=2023-10-18T00:00:00+00:00
[2023-10-17T00:12:29.400+0000] {processor.py:179} INFO - Processing /opt/airflow/dags/group_dag_no_subdags.py took 0.137 seconds
[2023-10-17T00:13:00.302+0000] {processor.py:157} INFO - Started process (PID=4311) to work on /opt/airflow/dags/group_dag_no_subdags.py
[2023-10-17T00:13:00.307+0000] {processor.py:826} INFO - Processing file /opt/airflow/dags/group_dag_no_subdags.py for tasks to queue
[2023-10-17T00:13:00.309+0000] {logging_mixin.py:150} INFO - [2023-10-17T00:13:00.309+0000] {dagbag.py:541} INFO - Filling up the DagBag from /opt/airflow/dags/group_dag_no_subdags.py
[2023-10-17T00:13:00.330+0000] {processor.py:836} INFO - DAG(s) dict_keys(['group_dag_no_subdags']) retrieved from /opt/airflow/dags/group_dag_no_subdags.py
[2023-10-17T00:13:00.388+0000] {logging_mixin.py:150} INFO - [2023-10-17T00:13:00.387+0000] {dag.py:2742} INFO - Sync 1 DAGs
[2023-10-17T00:13:00.497+0000] {logging_mixin.py:150} INFO - [2023-10-17T00:13:00.488+0000] {dag.py:3504} INFO - Setting next_dagrun for group_dag_no_subdags to 2023-10-17T00:00:00+00:00, run_after=2023-10-18T00:00:00+00:00
[2023-10-17T00:13:00.614+0000] {processor.py:179} INFO - Processing /opt/airflow/dags/group_dag_no_subdags.py took 0.317 seconds
[2023-10-17T00:13:31.574+0000] {processor.py:157} INFO - Started process (PID=4332) to work on /opt/airflow/dags/group_dag_no_subdags.py
[2023-10-17T00:13:31.583+0000] {processor.py:826} INFO - Processing file /opt/airflow/dags/group_dag_no_subdags.py for tasks to queue
[2023-10-17T00:13:31.585+0000] {logging_mixin.py:150} INFO - [2023-10-17T00:13:31.584+0000] {dagbag.py:541} INFO - Filling up the DagBag from /opt/airflow/dags/group_dag_no_subdags.py
[2023-10-17T00:13:31.618+0000] {processor.py:836} INFO - DAG(s) dict_keys(['group_dag_no_subdags']) retrieved from /opt/airflow/dags/group_dag_no_subdags.py
[2023-10-17T00:13:31.683+0000] {logging_mixin.py:150} INFO - [2023-10-17T00:13:31.682+0000] {dag.py:2742} INFO - Sync 1 DAGs
[2023-10-17T00:13:31.745+0000] {logging_mixin.py:150} INFO - [2023-10-17T00:13:31.745+0000] {dag.py:3504} INFO - Setting next_dagrun for group_dag_no_subdags to 2023-10-17T00:00:00+00:00, run_after=2023-10-18T00:00:00+00:00
[2023-10-17T00:13:31.779+0000] {processor.py:179} INFO - Processing /opt/airflow/dags/group_dag_no_subdags.py took 0.216 seconds
[2023-10-17T00:14:01.847+0000] {processor.py:157} INFO - Started process (PID=4353) to work on /opt/airflow/dags/group_dag_no_subdags.py
[2023-10-17T00:14:01.848+0000] {processor.py:826} INFO - Processing file /opt/airflow/dags/group_dag_no_subdags.py for tasks to queue
[2023-10-17T00:14:01.851+0000] {logging_mixin.py:150} INFO - [2023-10-17T00:14:01.850+0000] {dagbag.py:541} INFO - Filling up the DagBag from /opt/airflow/dags/group_dag_no_subdags.py
[2023-10-17T00:14:01.866+0000] {processor.py:836} INFO - DAG(s) dict_keys(['group_dag_no_subdags']) retrieved from /opt/airflow/dags/group_dag_no_subdags.py
[2023-10-17T00:14:01.923+0000] {logging_mixin.py:150} INFO - [2023-10-17T00:14:01.922+0000] {dag.py:2742} INFO - Sync 1 DAGs
[2023-10-17T00:14:01.980+0000] {logging_mixin.py:150} INFO - [2023-10-17T00:14:01.979+0000] {dag.py:3504} INFO - Setting next_dagrun for group_dag_no_subdags to 2023-10-17T00:00:00+00:00, run_after=2023-10-18T00:00:00+00:00
[2023-10-17T00:14:02.030+0000] {processor.py:179} INFO - Processing /opt/airflow/dags/group_dag_no_subdags.py took 0.192 seconds
[2023-10-17T00:14:32.167+0000] {processor.py:157} INFO - Started process (PID=4374) to work on /opt/airflow/dags/group_dag_no_subdags.py
[2023-10-17T00:14:32.168+0000] {processor.py:826} INFO - Processing file /opt/airflow/dags/group_dag_no_subdags.py for tasks to queue
[2023-10-17T00:14:32.169+0000] {logging_mixin.py:150} INFO - [2023-10-17T00:14:32.169+0000] {dagbag.py:541} INFO - Filling up the DagBag from /opt/airflow/dags/group_dag_no_subdags.py
[2023-10-17T00:14:32.187+0000] {processor.py:836} INFO - DAG(s) dict_keys(['group_dag_no_subdags']) retrieved from /opt/airflow/dags/group_dag_no_subdags.py
[2023-10-17T00:14:32.231+0000] {logging_mixin.py:150} INFO - [2023-10-17T00:14:32.231+0000] {dag.py:2742} INFO - Sync 1 DAGs
[2023-10-17T00:14:32.288+0000] {logging_mixin.py:150} INFO - [2023-10-17T00:14:32.288+0000] {dag.py:3504} INFO - Setting next_dagrun for group_dag_no_subdags to 2023-10-17T00:00:00+00:00, run_after=2023-10-18T00:00:00+00:00
[2023-10-17T00:14:32.327+0000] {processor.py:179} INFO - Processing /opt/airflow/dags/group_dag_no_subdags.py took 0.171 seconds
[2023-10-17T00:15:02.408+0000] {processor.py:157} INFO - Started process (PID=4395) to work on /opt/airflow/dags/group_dag_no_subdags.py
[2023-10-17T00:15:02.414+0000] {processor.py:826} INFO - Processing file /opt/airflow/dags/group_dag_no_subdags.py for tasks to queue
[2023-10-17T00:15:02.416+0000] {logging_mixin.py:150} INFO - [2023-10-17T00:15:02.416+0000] {dagbag.py:541} INFO - Filling up the DagBag from /opt/airflow/dags/group_dag_no_subdags.py
[2023-10-17T00:15:02.435+0000] {processor.py:836} INFO - DAG(s) dict_keys(['group_dag_no_subdags']) retrieved from /opt/airflow/dags/group_dag_no_subdags.py
[2023-10-17T00:15:02.480+0000] {logging_mixin.py:150} INFO - [2023-10-17T00:15:02.478+0000] {dag.py:2742} INFO - Sync 1 DAGs
[2023-10-17T00:15:02.521+0000] {logging_mixin.py:150} INFO - [2023-10-17T00:15:02.521+0000] {dag.py:3504} INFO - Setting next_dagrun for group_dag_no_subdags to 2023-10-17T00:00:00+00:00, run_after=2023-10-18T00:00:00+00:00
[2023-10-17T00:15:02.556+0000] {processor.py:179} INFO - Processing /opt/airflow/dags/group_dag_no_subdags.py took 0.156 seconds
[2023-10-17T00:15:33.237+0000] {processor.py:157} INFO - Started process (PID=4416) to work on /opt/airflow/dags/group_dag_no_subdags.py
[2023-10-17T00:15:35.697+0000] {processor.py:826} INFO - Processing file /opt/airflow/dags/group_dag_no_subdags.py for tasks to queue
[2023-10-17T00:15:35.699+0000] {logging_mixin.py:150} INFO - [2023-10-17T00:15:35.699+0000] {dagbag.py:541} INFO - Filling up the DagBag from /opt/airflow/dags/group_dag_no_subdags.py
[2023-10-17T00:15:35.717+0000] {processor.py:836} INFO - DAG(s) dict_keys(['group_dag_no_subdags']) retrieved from /opt/airflow/dags/group_dag_no_subdags.py
[2023-10-17T00:15:35.757+0000] {logging_mixin.py:150} INFO - [2023-10-17T00:15:35.757+0000] {dag.py:2742} INFO - Sync 1 DAGs
[2023-10-17T00:15:35.795+0000] {logging_mixin.py:150} INFO - [2023-10-17T00:15:35.795+0000] {dag.py:3504} INFO - Setting next_dagrun for group_dag_no_subdags to 2023-10-17T00:00:00+00:00, run_after=2023-10-18T00:00:00+00:00
[2023-10-17T00:15:36.555+0000] {processor.py:179} INFO - Processing /opt/airflow/dags/group_dag_no_subdags.py took 3.324 seconds
[2023-10-17T00:16:06.625+0000] {processor.py:157} INFO - Started process (PID=4437) to work on /opt/airflow/dags/group_dag_no_subdags.py
[2023-10-17T00:16:06.627+0000] {processor.py:826} INFO - Processing file /opt/airflow/dags/group_dag_no_subdags.py for tasks to queue
[2023-10-17T00:16:06.630+0000] {logging_mixin.py:150} INFO - [2023-10-17T00:16:06.628+0000] {dagbag.py:541} INFO - Filling up the DagBag from /opt/airflow/dags/group_dag_no_subdags.py
[2023-10-17T00:16:06.659+0000] {processor.py:836} INFO - DAG(s) dict_keys(['group_dag_no_subdags']) retrieved from /opt/airflow/dags/group_dag_no_subdags.py
[2023-10-17T00:16:06.700+0000] {logging_mixin.py:150} INFO - [2023-10-17T00:16:06.700+0000] {dag.py:2742} INFO - Sync 1 DAGs
[2023-10-17T00:16:06.734+0000] {logging_mixin.py:150} INFO - [2023-10-17T00:16:06.734+0000] {dag.py:3504} INFO - Setting next_dagrun for group_dag_no_subdags to 2023-10-17T00:00:00+00:00, run_after=2023-10-18T00:00:00+00:00
[2023-10-17T00:16:06.768+0000] {processor.py:179} INFO - Processing /opt/airflow/dags/group_dag_no_subdags.py took 0.149 seconds
[2023-10-17T00:16:36.930+0000] {processor.py:157} INFO - Started process (PID=4458) to work on /opt/airflow/dags/group_dag_no_subdags.py
[2023-10-17T00:16:36.935+0000] {processor.py:826} INFO - Processing file /opt/airflow/dags/group_dag_no_subdags.py for tasks to queue
[2023-10-17T00:16:36.937+0000] {logging_mixin.py:150} INFO - [2023-10-17T00:16:36.936+0000] {dagbag.py:541} INFO - Filling up the DagBag from /opt/airflow/dags/group_dag_no_subdags.py
[2023-10-17T00:16:36.958+0000] {processor.py:836} INFO - DAG(s) dict_keys(['group_dag_no_subdags']) retrieved from /opt/airflow/dags/group_dag_no_subdags.py
[2023-10-17T00:16:37.004+0000] {logging_mixin.py:150} INFO - [2023-10-17T00:16:37.004+0000] {dag.py:2742} INFO - Sync 1 DAGs
[2023-10-17T00:16:37.045+0000] {logging_mixin.py:150} INFO - [2023-10-17T00:16:37.045+0000] {dag.py:3504} INFO - Setting next_dagrun for group_dag_no_subdags to 2023-10-17T00:00:00+00:00, run_after=2023-10-18T00:00:00+00:00
[2023-10-17T00:16:37.078+0000] {processor.py:179} INFO - Processing /opt/airflow/dags/group_dag_no_subdags.py took 0.154 seconds
[2023-10-17T00:17:07.138+0000] {processor.py:157} INFO - Started process (PID=4479) to work on /opt/airflow/dags/group_dag_no_subdags.py
[2023-10-17T00:17:07.140+0000] {processor.py:826} INFO - Processing file /opt/airflow/dags/group_dag_no_subdags.py for tasks to queue
[2023-10-17T00:17:07.141+0000] {logging_mixin.py:150} INFO - [2023-10-17T00:17:07.141+0000] {dagbag.py:541} INFO - Filling up the DagBag from /opt/airflow/dags/group_dag_no_subdags.py
[2023-10-17T00:17:07.159+0000] {processor.py:836} INFO - DAG(s) dict_keys(['group_dag_no_subdags']) retrieved from /opt/airflow/dags/group_dag_no_subdags.py
[2023-10-17T00:17:07.203+0000] {logging_mixin.py:150} INFO - [2023-10-17T00:17:07.203+0000] {dag.py:2742} INFO - Sync 1 DAGs
[2023-10-17T00:17:07.240+0000] {logging_mixin.py:150} INFO - [2023-10-17T00:17:07.239+0000] {dag.py:3504} INFO - Setting next_dagrun for group_dag_no_subdags to 2023-10-17T00:00:00+00:00, run_after=2023-10-18T00:00:00+00:00
[2023-10-17T00:17:07.272+0000] {processor.py:179} INFO - Processing /opt/airflow/dags/group_dag_no_subdags.py took 0.140 seconds
[2023-10-17T00:17:37.491+0000] {processor.py:157} INFO - Started process (PID=4500) to work on /opt/airflow/dags/group_dag_no_subdags.py
[2023-10-17T00:17:37.492+0000] {processor.py:826} INFO - Processing file /opt/airflow/dags/group_dag_no_subdags.py for tasks to queue
[2023-10-17T00:17:37.493+0000] {logging_mixin.py:150} INFO - [2023-10-17T00:17:37.493+0000] {dagbag.py:541} INFO - Filling up the DagBag from /opt/airflow/dags/group_dag_no_subdags.py
[2023-10-17T00:17:37.512+0000] {processor.py:836} INFO - DAG(s) dict_keys(['group_dag_no_subdags']) retrieved from /opt/airflow/dags/group_dag_no_subdags.py
[2023-10-17T00:17:37.554+0000] {logging_mixin.py:150} INFO - [2023-10-17T00:17:37.553+0000] {dag.py:2742} INFO - Sync 1 DAGs
[2023-10-17T00:17:37.594+0000] {logging_mixin.py:150} INFO - [2023-10-17T00:17:37.594+0000] {dag.py:3504} INFO - Setting next_dagrun for group_dag_no_subdags to 2023-10-17T00:00:00+00:00, run_after=2023-10-18T00:00:00+00:00
[2023-10-17T00:17:37.625+0000] {processor.py:179} INFO - Processing /opt/airflow/dags/group_dag_no_subdags.py took 0.141 seconds
[2023-10-17T00:18:07.831+0000] {processor.py:157} INFO - Started process (PID=4521) to work on /opt/airflow/dags/group_dag_no_subdags.py
[2023-10-17T00:18:07.832+0000] {processor.py:826} INFO - Processing file /opt/airflow/dags/group_dag_no_subdags.py for tasks to queue
[2023-10-17T00:18:07.834+0000] {logging_mixin.py:150} INFO - [2023-10-17T00:18:07.833+0000] {dagbag.py:541} INFO - Filling up the DagBag from /opt/airflow/dags/group_dag_no_subdags.py
[2023-10-17T00:18:07.858+0000] {processor.py:836} INFO - DAG(s) dict_keys(['group_dag_no_subdags']) retrieved from /opt/airflow/dags/group_dag_no_subdags.py
[2023-10-17T00:18:07.898+0000] {logging_mixin.py:150} INFO - [2023-10-17T00:18:07.898+0000] {dag.py:2742} INFO - Sync 1 DAGs
[2023-10-17T00:18:07.935+0000] {logging_mixin.py:150} INFO - [2023-10-17T00:18:07.935+0000] {dag.py:3504} INFO - Setting next_dagrun for group_dag_no_subdags to 2023-10-17T00:00:00+00:00, run_after=2023-10-18T00:00:00+00:00
[2023-10-17T00:18:07.964+0000] {processor.py:179} INFO - Processing /opt/airflow/dags/group_dag_no_subdags.py took 0.139 seconds
[2023-10-17T00:18:38.103+0000] {processor.py:157} INFO - Started process (PID=4542) to work on /opt/airflow/dags/group_dag_no_subdags.py
[2023-10-17T00:18:38.107+0000] {processor.py:826} INFO - Processing file /opt/airflow/dags/group_dag_no_subdags.py for tasks to queue
[2023-10-17T00:18:38.109+0000] {logging_mixin.py:150} INFO - [2023-10-17T00:18:38.109+0000] {dagbag.py:541} INFO - Filling up the DagBag from /opt/airflow/dags/group_dag_no_subdags.py
[2023-10-17T00:18:38.128+0000] {processor.py:836} INFO - DAG(s) dict_keys(['group_dag_no_subdags']) retrieved from /opt/airflow/dags/group_dag_no_subdags.py
[2023-10-17T00:18:38.167+0000] {logging_mixin.py:150} INFO - [2023-10-17T00:18:38.167+0000] {dag.py:2742} INFO - Sync 1 DAGs
[2023-10-17T00:18:38.216+0000] {logging_mixin.py:150} INFO - [2023-10-17T00:18:38.216+0000] {dag.py:3504} INFO - Setting next_dagrun for group_dag_no_subdags to 2023-10-17T00:00:00+00:00, run_after=2023-10-18T00:00:00+00:00
[2023-10-17T00:18:38.253+0000] {processor.py:179} INFO - Processing /opt/airflow/dags/group_dag_no_subdags.py took 0.154 seconds
[2023-10-17T00:19:08.335+0000] {processor.py:157} INFO - Started process (PID=4563) to work on /opt/airflow/dags/group_dag_no_subdags.py
[2023-10-17T00:19:08.342+0000] {processor.py:826} INFO - Processing file /opt/airflow/dags/group_dag_no_subdags.py for tasks to queue
[2023-10-17T00:19:08.344+0000] {logging_mixin.py:150} INFO - [2023-10-17T00:19:08.343+0000] {dagbag.py:541} INFO - Filling up the DagBag from /opt/airflow/dags/group_dag_no_subdags.py
[2023-10-17T00:19:08.363+0000] {processor.py:836} INFO - DAG(s) dict_keys(['group_dag_no_subdags']) retrieved from /opt/airflow/dags/group_dag_no_subdags.py
[2023-10-17T00:19:08.401+0000] {logging_mixin.py:150} INFO - [2023-10-17T00:19:08.401+0000] {dag.py:2742} INFO - Sync 1 DAGs
[2023-10-17T00:19:08.448+0000] {logging_mixin.py:150} INFO - [2023-10-17T00:19:08.448+0000] {dag.py:3504} INFO - Setting next_dagrun for group_dag_no_subdags to 2023-10-17T00:00:00+00:00, run_after=2023-10-18T00:00:00+00:00
[2023-10-17T00:19:08.482+0000] {processor.py:179} INFO - Processing /opt/airflow/dags/group_dag_no_subdags.py took 0.156 seconds
[2023-10-17T00:19:39.464+0000] {processor.py:157} INFO - Started process (PID=4584) to work on /opt/airflow/dags/group_dag_no_subdags.py
[2023-10-17T00:19:39.467+0000] {processor.py:826} INFO - Processing file /opt/airflow/dags/group_dag_no_subdags.py for tasks to queue
[2023-10-17T00:19:39.468+0000] {logging_mixin.py:150} INFO - [2023-10-17T00:19:39.468+0000] {dagbag.py:541} INFO - Filling up the DagBag from /opt/airflow/dags/group_dag_no_subdags.py
[2023-10-17T00:19:39.487+0000] {processor.py:836} INFO - DAG(s) dict_keys(['group_dag_no_subdags']) retrieved from /opt/airflow/dags/group_dag_no_subdags.py
[2023-10-17T00:19:39.549+0000] {logging_mixin.py:150} INFO - [2023-10-17T00:19:39.548+0000] {dag.py:2742} INFO - Sync 1 DAGs
[2023-10-17T00:19:39.601+0000] {logging_mixin.py:150} INFO - [2023-10-17T00:19:39.601+0000] {dag.py:3504} INFO - Setting next_dagrun for group_dag_no_subdags to 2023-10-17T00:00:00+00:00, run_after=2023-10-18T00:00:00+00:00
[2023-10-17T00:19:39.651+0000] {processor.py:179} INFO - Processing /opt/airflow/dags/group_dag_no_subdags.py took 0.195 seconds
[2023-10-17T00:20:09.845+0000] {processor.py:157} INFO - Started process (PID=4606) to work on /opt/airflow/dags/group_dag_no_subdags.py
[2023-10-17T00:20:09.848+0000] {processor.py:826} INFO - Processing file /opt/airflow/dags/group_dag_no_subdags.py for tasks to queue
[2023-10-17T00:20:09.849+0000] {logging_mixin.py:150} INFO - [2023-10-17T00:20:09.849+0000] {dagbag.py:541} INFO - Filling up the DagBag from /opt/airflow/dags/group_dag_no_subdags.py
[2023-10-17T00:20:09.869+0000] {processor.py:836} INFO - DAG(s) dict_keys(['group_dag_no_subdags']) retrieved from /opt/airflow/dags/group_dag_no_subdags.py
[2023-10-17T00:20:09.922+0000] {logging_mixin.py:150} INFO - [2023-10-17T00:20:09.922+0000] {dag.py:2742} INFO - Sync 1 DAGs
[2023-10-17T00:20:09.959+0000] {logging_mixin.py:150} INFO - [2023-10-17T00:20:09.959+0000] {dag.py:3504} INFO - Setting next_dagrun for group_dag_no_subdags to 2023-10-17T00:00:00+00:00, run_after=2023-10-18T00:00:00+00:00
[2023-10-17T00:20:09.997+0000] {processor.py:179} INFO - Processing /opt/airflow/dags/group_dag_no_subdags.py took 0.156 seconds
[2023-10-17T00:20:40.818+0000] {processor.py:157} INFO - Started process (PID=4626) to work on /opt/airflow/dags/group_dag_no_subdags.py
[2023-10-17T00:20:40.820+0000] {processor.py:826} INFO - Processing file /opt/airflow/dags/group_dag_no_subdags.py for tasks to queue
[2023-10-17T00:20:40.822+0000] {logging_mixin.py:150} INFO - [2023-10-17T00:20:40.821+0000] {dagbag.py:541} INFO - Filling up the DagBag from /opt/airflow/dags/group_dag_no_subdags.py
[2023-10-17T00:20:40.849+0000] {processor.py:836} INFO - DAG(s) dict_keys(['group_dag_no_subdags']) retrieved from /opt/airflow/dags/group_dag_no_subdags.py
[2023-10-17T00:20:40.902+0000] {logging_mixin.py:150} INFO - [2023-10-17T00:20:40.902+0000] {dag.py:2742} INFO - Sync 1 DAGs
[2023-10-17T00:20:40.993+0000] {logging_mixin.py:150} INFO - [2023-10-17T00:20:40.992+0000] {dag.py:3504} INFO - Setting next_dagrun for group_dag_no_subdags to 2023-10-17T00:00:00+00:00, run_after=2023-10-18T00:00:00+00:00
[2023-10-17T00:20:41.072+0000] {processor.py:179} INFO - Processing /opt/airflow/dags/group_dag_no_subdags.py took 0.263 seconds
[2023-10-17T00:21:11.247+0000] {processor.py:157} INFO - Started process (PID=4647) to work on /opt/airflow/dags/group_dag_no_subdags.py
[2023-10-17T00:21:11.251+0000] {processor.py:826} INFO - Processing file /opt/airflow/dags/group_dag_no_subdags.py for tasks to queue
[2023-10-17T00:21:11.253+0000] {logging_mixin.py:150} INFO - [2023-10-17T00:21:11.253+0000] {dagbag.py:541} INFO - Filling up the DagBag from /opt/airflow/dags/group_dag_no_subdags.py
[2023-10-17T00:21:11.273+0000] {processor.py:836} INFO - DAG(s) dict_keys(['group_dag_no_subdags']) retrieved from /opt/airflow/dags/group_dag_no_subdags.py
[2023-10-17T00:21:11.346+0000] {logging_mixin.py:150} INFO - [2023-10-17T00:21:11.346+0000] {dag.py:2742} INFO - Sync 1 DAGs
[2023-10-17T00:21:11.387+0000] {logging_mixin.py:150} INFO - [2023-10-17T00:21:11.387+0000] {dag.py:3504} INFO - Setting next_dagrun for group_dag_no_subdags to 2023-10-17T00:00:00+00:00, run_after=2023-10-18T00:00:00+00:00
[2023-10-17T00:21:11.427+0000] {processor.py:179} INFO - Processing /opt/airflow/dags/group_dag_no_subdags.py took 0.186 seconds
[2023-10-17T00:21:41.628+0000] {processor.py:157} INFO - Started process (PID=4668) to work on /opt/airflow/dags/group_dag_no_subdags.py
[2023-10-17T00:21:41.630+0000] {processor.py:826} INFO - Processing file /opt/airflow/dags/group_dag_no_subdags.py for tasks to queue
[2023-10-17T00:21:41.633+0000] {logging_mixin.py:150} INFO - [2023-10-17T00:21:41.632+0000] {dagbag.py:541} INFO - Filling up the DagBag from /opt/airflow/dags/group_dag_no_subdags.py
[2023-10-17T00:21:41.658+0000] {processor.py:836} INFO - DAG(s) dict_keys(['group_dag_no_subdags']) retrieved from /opt/airflow/dags/group_dag_no_subdags.py
[2023-10-17T00:21:41.705+0000] {logging_mixin.py:150} INFO - [2023-10-17T00:21:41.705+0000] {dag.py:2742} INFO - Sync 1 DAGs
[2023-10-17T00:21:41.751+0000] {logging_mixin.py:150} INFO - [2023-10-17T00:21:41.750+0000] {dag.py:3504} INFO - Setting next_dagrun for group_dag_no_subdags to 2023-10-17T00:00:00+00:00, run_after=2023-10-18T00:00:00+00:00
[2023-10-17T00:21:41.781+0000] {processor.py:179} INFO - Processing /opt/airflow/dags/group_dag_no_subdags.py took 0.157 seconds
[2023-10-17T00:22:12.778+0000] {processor.py:157} INFO - Started process (PID=4689) to work on /opt/airflow/dags/group_dag_no_subdags.py
[2023-10-17T00:22:12.783+0000] {processor.py:826} INFO - Processing file /opt/airflow/dags/group_dag_no_subdags.py for tasks to queue
[2023-10-17T00:22:12.788+0000] {logging_mixin.py:150} INFO - [2023-10-17T00:22:12.786+0000] {dagbag.py:541} INFO - Filling up the DagBag from /opt/airflow/dags/group_dag_no_subdags.py
[2023-10-17T00:22:12.804+0000] {processor.py:836} INFO - DAG(s) dict_keys(['group_dag_no_subdags']) retrieved from /opt/airflow/dags/group_dag_no_subdags.py
[2023-10-17T00:22:12.842+0000] {logging_mixin.py:150} INFO - [2023-10-17T00:22:12.842+0000] {dag.py:2742} INFO - Sync 1 DAGs
[2023-10-17T00:22:12.883+0000] {logging_mixin.py:150} INFO - [2023-10-17T00:22:12.882+0000] {dag.py:3504} INFO - Setting next_dagrun for group_dag_no_subdags to 2023-10-17T00:00:00+00:00, run_after=2023-10-18T00:00:00+00:00
[2023-10-17T00:22:12.919+0000] {processor.py:179} INFO - Processing /opt/airflow/dags/group_dag_no_subdags.py took 0.145 seconds
[2023-10-17T00:22:43.017+0000] {processor.py:157} INFO - Started process (PID=4710) to work on /opt/airflow/dags/group_dag_no_subdags.py
[2023-10-17T00:22:43.019+0000] {processor.py:826} INFO - Processing file /opt/airflow/dags/group_dag_no_subdags.py for tasks to queue
[2023-10-17T00:22:43.023+0000] {logging_mixin.py:150} INFO - [2023-10-17T00:22:43.022+0000] {dagbag.py:541} INFO - Filling up the DagBag from /opt/airflow/dags/group_dag_no_subdags.py
[2023-10-17T00:22:43.041+0000] {processor.py:836} INFO - DAG(s) dict_keys(['group_dag_no_subdags']) retrieved from /opt/airflow/dags/group_dag_no_subdags.py
[2023-10-17T00:22:43.080+0000] {logging_mixin.py:150} INFO - [2023-10-17T00:22:43.080+0000] {dag.py:2742} INFO - Sync 1 DAGs
[2023-10-17T00:22:43.127+0000] {logging_mixin.py:150} INFO - [2023-10-17T00:22:43.126+0000] {dag.py:3504} INFO - Setting next_dagrun for group_dag_no_subdags to 2023-10-17T00:00:00+00:00, run_after=2023-10-18T00:00:00+00:00
[2023-10-17T00:22:43.168+0000] {processor.py:179} INFO - Processing /opt/airflow/dags/group_dag_no_subdags.py took 0.155 seconds
[2023-10-17T00:23:13.312+0000] {processor.py:157} INFO - Started process (PID=4731) to work on /opt/airflow/dags/group_dag_no_subdags.py
[2023-10-17T00:23:13.313+0000] {processor.py:826} INFO - Processing file /opt/airflow/dags/group_dag_no_subdags.py for tasks to queue
[2023-10-17T00:23:13.315+0000] {logging_mixin.py:150} INFO - [2023-10-17T00:23:13.314+0000] {dagbag.py:541} INFO - Filling up the DagBag from /opt/airflow/dags/group_dag_no_subdags.py
[2023-10-17T00:23:13.329+0000] {processor.py:836} INFO - DAG(s) dict_keys(['group_dag_no_subdags']) retrieved from /opt/airflow/dags/group_dag_no_subdags.py
[2023-10-17T00:23:13.363+0000] {logging_mixin.py:150} INFO - [2023-10-17T00:23:13.363+0000] {dag.py:2742} INFO - Sync 1 DAGs
[2023-10-17T00:23:13.393+0000] {logging_mixin.py:150} INFO - [2023-10-17T00:23:13.393+0000] {dag.py:3504} INFO - Setting next_dagrun for group_dag_no_subdags to 2023-10-17T00:00:00+00:00, run_after=2023-10-18T00:00:00+00:00
[2023-10-17T00:23:13.429+0000] {processor.py:179} INFO - Processing /opt/airflow/dags/group_dag_no_subdags.py took 0.121 seconds
[2023-10-17T00:23:43.509+0000] {processor.py:157} INFO - Started process (PID=4752) to work on /opt/airflow/dags/group_dag_no_subdags.py
[2023-10-17T00:23:43.512+0000] {processor.py:826} INFO - Processing file /opt/airflow/dags/group_dag_no_subdags.py for tasks to queue
[2023-10-17T00:23:43.513+0000] {logging_mixin.py:150} INFO - [2023-10-17T00:23:43.513+0000] {dagbag.py:541} INFO - Filling up the DagBag from /opt/airflow/dags/group_dag_no_subdags.py
[2023-10-17T00:23:43.530+0000] {processor.py:836} INFO - DAG(s) dict_keys(['group_dag_no_subdags']) retrieved from /opt/airflow/dags/group_dag_no_subdags.py
[2023-10-17T00:23:43.566+0000] {logging_mixin.py:150} INFO - [2023-10-17T00:23:43.566+0000] {dag.py:2742} INFO - Sync 1 DAGs
[2023-10-17T00:23:43.609+0000] {logging_mixin.py:150} INFO - [2023-10-17T00:23:43.608+0000] {dag.py:3504} INFO - Setting next_dagrun for group_dag_no_subdags to 2023-10-17T00:00:00+00:00, run_after=2023-10-18T00:00:00+00:00
[2023-10-17T00:23:43.636+0000] {processor.py:179} INFO - Processing /opt/airflow/dags/group_dag_no_subdags.py took 0.134 seconds
[2023-10-17T00:24:14.610+0000] {processor.py:157} INFO - Started process (PID=4773) to work on /opt/airflow/dags/group_dag_no_subdags.py
[2023-10-17T00:24:14.611+0000] {processor.py:826} INFO - Processing file /opt/airflow/dags/group_dag_no_subdags.py for tasks to queue
[2023-10-17T00:24:14.613+0000] {logging_mixin.py:150} INFO - [2023-10-17T00:24:14.612+0000] {dagbag.py:541} INFO - Filling up the DagBag from /opt/airflow/dags/group_dag_no_subdags.py
[2023-10-17T00:24:14.629+0000] {processor.py:836} INFO - DAG(s) dict_keys(['group_dag_no_subdags']) retrieved from /opt/airflow/dags/group_dag_no_subdags.py
[2023-10-17T00:24:14.673+0000] {logging_mixin.py:150} INFO - [2023-10-17T00:24:14.672+0000] {dag.py:2742} INFO - Sync 1 DAGs
[2023-10-17T00:24:14.719+0000] {logging_mixin.py:150} INFO - [2023-10-17T00:24:14.719+0000] {dag.py:3504} INFO - Setting next_dagrun for group_dag_no_subdags to 2023-10-17T00:00:00+00:00, run_after=2023-10-18T00:00:00+00:00
[2023-10-17T00:24:14.744+0000] {processor.py:179} INFO - Processing /opt/airflow/dags/group_dag_no_subdags.py took 0.141 seconds
[2023-10-17T00:24:45.454+0000] {processor.py:157} INFO - Started process (PID=4794) to work on /opt/airflow/dags/group_dag_no_subdags.py
[2023-10-17T00:24:45.456+0000] {processor.py:826} INFO - Processing file /opt/airflow/dags/group_dag_no_subdags.py for tasks to queue
[2023-10-17T00:24:45.457+0000] {logging_mixin.py:150} INFO - [2023-10-17T00:24:45.456+0000] {dagbag.py:541} INFO - Filling up the DagBag from /opt/airflow/dags/group_dag_no_subdags.py
[2023-10-17T00:24:45.476+0000] {processor.py:836} INFO - DAG(s) dict_keys(['group_dag_no_subdags']) retrieved from /opt/airflow/dags/group_dag_no_subdags.py
[2023-10-17T00:24:45.518+0000] {logging_mixin.py:150} INFO - [2023-10-17T00:24:45.517+0000] {dag.py:2742} INFO - Sync 1 DAGs
[2023-10-17T00:24:45.561+0000] {logging_mixin.py:150} INFO - [2023-10-17T00:24:45.561+0000] {dag.py:3504} INFO - Setting next_dagrun for group_dag_no_subdags to 2023-10-17T00:00:00+00:00, run_after=2023-10-18T00:00:00+00:00
[2023-10-17T00:24:45.591+0000] {processor.py:179} INFO - Processing /opt/airflow/dags/group_dag_no_subdags.py took 0.144 seconds
