[2023-10-17T00:00:05.191+0000] {processor.py:157} INFO - Started process (PID=3739) to work on /opt/airflow/dags/group_dag.py
[2023-10-17T00:00:05.196+0000] {processor.py:826} INFO - Processing file /opt/airflow/dags/group_dag.py for tasks to queue
[2023-10-17T00:00:05.203+0000] {logging_mixin.py:150} INFO - [2023-10-17T00:00:05.201+0000] {dagbag.py:541} INFO - Filling up the DagBag from /opt/airflow/dags/group_dag.py
[2023-10-17T00:00:05.321+0000] {processor.py:836} INFO - DAG(s) dict_keys(['group_dag.transforms', 'group_dag.downloads', 'group_dag']) retrieved from /opt/airflow/dags/group_dag.py
[2023-10-17T00:00:05.386+0000] {logging_mixin.py:150} INFO - [2023-10-17T00:00:05.385+0000] {dag.py:2742} INFO - Sync 3 DAGs
[2023-10-17T00:00:05.549+0000] {logging_mixin.py:150} INFO - [2023-10-17T00:00:05.548+0000] {dag.py:3504} INFO - Setting next_dagrun for group_dag to 2023-10-17T00:00:00+00:00, run_after=2023-10-18T00:00:00+00:00
[2023-10-17T00:00:05.561+0000] {logging_mixin.py:150} INFO - [2023-10-17T00:00:05.561+0000] {dag.py:3504} INFO - Setting next_dagrun for group_dag.downloads to None, run_after=None
[2023-10-17T00:00:05.567+0000] {logging_mixin.py:150} INFO - [2023-10-17T00:00:05.567+0000] {dag.py:3504} INFO - Setting next_dagrun for group_dag.transforms to None, run_after=None
[2023-10-17T00:00:05.587+0000] {logging_mixin.py:150} INFO - [2023-10-17T00:00:05.586+0000] {dag.py:2742} INFO - Sync 2 DAGs
[2023-10-17T00:00:05.618+0000] {logging_mixin.py:150} INFO - [2023-10-17T00:00:05.617+0000] {dag.py:3504} INFO - Setting next_dagrun for group_dag.downloads to None, run_after=None
[2023-10-17T00:00:05.619+0000] {logging_mixin.py:150} INFO - [2023-10-17T00:00:05.618+0000] {dag.py:3504} INFO - Setting next_dagrun for group_dag.transforms to None, run_after=None
[2023-10-17T00:00:05.683+0000] {processor.py:179} INFO - Processing /opt/airflow/dags/group_dag.py took 0.524 seconds
[2023-10-17T00:00:36.354+0000] {processor.py:157} INFO - Started process (PID=3783) to work on /opt/airflow/dags/group_dag.py
[2023-10-17T00:00:36.385+0000] {processor.py:826} INFO - Processing file /opt/airflow/dags/group_dag.py for tasks to queue
[2023-10-17T00:00:36.387+0000] {logging_mixin.py:150} INFO - [2023-10-17T00:00:36.386+0000] {dagbag.py:541} INFO - Filling up the DagBag from /opt/airflow/dags/group_dag.py
[2023-10-17T00:00:36.467+0000] {processor.py:836} INFO - DAG(s) dict_keys(['group_dag.transforms', 'group_dag.downloads', 'group_dag']) retrieved from /opt/airflow/dags/group_dag.py
[2023-10-17T00:00:36.522+0000] {logging_mixin.py:150} INFO - [2023-10-17T00:00:36.520+0000] {dag.py:2742} INFO - Sync 3 DAGs
[2023-10-17T00:00:36.592+0000] {logging_mixin.py:150} INFO - [2023-10-17T00:00:36.591+0000] {dag.py:3504} INFO - Setting next_dagrun for group_dag to 2023-10-17T00:00:00+00:00, run_after=2023-10-18T00:00:00+00:00
[2023-10-17T00:00:36.604+0000] {logging_mixin.py:150} INFO - [2023-10-17T00:00:36.604+0000] {dag.py:3504} INFO - Setting next_dagrun for group_dag.downloads to None, run_after=None
[2023-10-17T00:00:36.612+0000] {logging_mixin.py:150} INFO - [2023-10-17T00:00:36.611+0000] {dag.py:3504} INFO - Setting next_dagrun for group_dag.transforms to None, run_after=None
[2023-10-17T00:00:36.634+0000] {logging_mixin.py:150} INFO - [2023-10-17T00:00:36.633+0000] {dag.py:2742} INFO - Sync 2 DAGs
[2023-10-17T00:00:36.649+0000] {logging_mixin.py:150} INFO - [2023-10-17T00:00:36.649+0000] {dag.py:3504} INFO - Setting next_dagrun for group_dag.downloads to None, run_after=None
[2023-10-17T00:00:36.650+0000] {logging_mixin.py:150} INFO - [2023-10-17T00:00:36.650+0000] {dag.py:3504} INFO - Setting next_dagrun for group_dag.transforms to None, run_after=None
[2023-10-17T00:00:36.700+0000] {processor.py:179} INFO - Processing /opt/airflow/dags/group_dag.py took 0.357 seconds
[2023-10-17T00:01:06.794+0000] {processor.py:157} INFO - Started process (PID=3804) to work on /opt/airflow/dags/group_dag.py
[2023-10-17T00:01:06.810+0000] {processor.py:826} INFO - Processing file /opt/airflow/dags/group_dag.py for tasks to queue
[2023-10-17T00:01:06.825+0000] {logging_mixin.py:150} INFO - [2023-10-17T00:01:06.821+0000] {dagbag.py:541} INFO - Filling up the DagBag from /opt/airflow/dags/group_dag.py
[2023-10-17T00:01:06.887+0000] {processor.py:836} INFO - DAG(s) dict_keys(['group_dag.downloads', 'group_dag.transforms', 'group_dag']) retrieved from /opt/airflow/dags/group_dag.py
[2023-10-17T00:01:06.921+0000] {logging_mixin.py:150} INFO - [2023-10-17T00:01:06.921+0000] {dag.py:2742} INFO - Sync 3 DAGs
[2023-10-17T00:01:06.981+0000] {logging_mixin.py:150} INFO - [2023-10-17T00:01:06.979+0000] {dag.py:3504} INFO - Setting next_dagrun for group_dag to 2023-10-17T00:00:00+00:00, run_after=2023-10-18T00:00:00+00:00
[2023-10-17T00:01:06.988+0000] {logging_mixin.py:150} INFO - [2023-10-17T00:01:06.988+0000] {dag.py:3504} INFO - Setting next_dagrun for group_dag.downloads to None, run_after=None
[2023-10-17T00:01:06.991+0000] {logging_mixin.py:150} INFO - [2023-10-17T00:01:06.991+0000] {dag.py:3504} INFO - Setting next_dagrun for group_dag.transforms to None, run_after=None
[2023-10-17T00:01:07.007+0000] {logging_mixin.py:150} INFO - [2023-10-17T00:01:07.007+0000] {dag.py:2742} INFO - Sync 2 DAGs
[2023-10-17T00:01:07.019+0000] {logging_mixin.py:150} INFO - [2023-10-17T00:01:07.019+0000] {dag.py:3504} INFO - Setting next_dagrun for group_dag.downloads to None, run_after=None
[2023-10-17T00:01:07.020+0000] {logging_mixin.py:150} INFO - [2023-10-17T00:01:07.020+0000] {dag.py:3504} INFO - Setting next_dagrun for group_dag.transforms to None, run_after=None
[2023-10-17T00:01:07.042+0000] {processor.py:179} INFO - Processing /opt/airflow/dags/group_dag.py took 0.255 seconds
[2023-10-17T00:01:37.240+0000] {processor.py:157} INFO - Started process (PID=3831) to work on /opt/airflow/dags/group_dag.py
[2023-10-17T00:01:37.242+0000] {processor.py:826} INFO - Processing file /opt/airflow/dags/group_dag.py for tasks to queue
[2023-10-17T00:01:37.243+0000] {logging_mixin.py:150} INFO - [2023-10-17T00:01:37.242+0000] {dagbag.py:541} INFO - Filling up the DagBag from /opt/airflow/dags/group_dag.py
[2023-10-17T00:01:37.302+0000] {processor.py:836} INFO - DAG(s) dict_keys(['group_dag.downloads', 'group_dag.transforms', 'group_dag']) retrieved from /opt/airflow/dags/group_dag.py
[2023-10-17T00:01:37.328+0000] {logging_mixin.py:150} INFO - [2023-10-17T00:01:37.328+0000] {dag.py:2742} INFO - Sync 3 DAGs
[2023-10-17T00:01:37.377+0000] {logging_mixin.py:150} INFO - [2023-10-17T00:01:37.376+0000] {dag.py:3504} INFO - Setting next_dagrun for group_dag to 2023-10-17T00:00:00+00:00, run_after=2023-10-18T00:00:00+00:00
[2023-10-17T00:01:37.385+0000] {logging_mixin.py:150} INFO - [2023-10-17T00:01:37.385+0000] {dag.py:3504} INFO - Setting next_dagrun for group_dag.downloads to None, run_after=None
[2023-10-17T00:01:37.388+0000] {logging_mixin.py:150} INFO - [2023-10-17T00:01:37.388+0000] {dag.py:3504} INFO - Setting next_dagrun for group_dag.transforms to None, run_after=None
[2023-10-17T00:01:37.402+0000] {logging_mixin.py:150} INFO - [2023-10-17T00:01:37.401+0000] {dag.py:2742} INFO - Sync 2 DAGs
[2023-10-17T00:01:37.415+0000] {logging_mixin.py:150} INFO - [2023-10-17T00:01:37.414+0000] {dag.py:3504} INFO - Setting next_dagrun for group_dag.downloads to None, run_after=None
[2023-10-17T00:01:37.418+0000] {logging_mixin.py:150} INFO - [2023-10-17T00:01:37.417+0000] {dag.py:3504} INFO - Setting next_dagrun for group_dag.transforms to None, run_after=None
[2023-10-17T00:01:37.440+0000] {processor.py:179} INFO - Processing /opt/airflow/dags/group_dag.py took 0.205 seconds
[2023-10-17T00:02:08.259+0000] {processor.py:157} INFO - Started process (PID=3852) to work on /opt/airflow/dags/group_dag.py
[2023-10-17T00:02:08.264+0000] {processor.py:826} INFO - Processing file /opt/airflow/dags/group_dag.py for tasks to queue
[2023-10-17T00:02:08.266+0000] {logging_mixin.py:150} INFO - [2023-10-17T00:02:08.266+0000] {dagbag.py:541} INFO - Filling up the DagBag from /opt/airflow/dags/group_dag.py
[2023-10-17T00:02:08.317+0000] {processor.py:836} INFO - DAG(s) dict_keys(['group_dag.downloads', 'group_dag.transforms', 'group_dag']) retrieved from /opt/airflow/dags/group_dag.py
[2023-10-17T00:02:08.347+0000] {logging_mixin.py:150} INFO - [2023-10-17T00:02:08.346+0000] {dag.py:2742} INFO - Sync 3 DAGs
[2023-10-17T00:02:08.418+0000] {logging_mixin.py:150} INFO - [2023-10-17T00:02:08.417+0000] {dag.py:3504} INFO - Setting next_dagrun for group_dag to 2023-10-17T00:00:00+00:00, run_after=2023-10-18T00:00:00+00:00
[2023-10-17T00:02:08.427+0000] {logging_mixin.py:150} INFO - [2023-10-17T00:02:08.426+0000] {dag.py:3504} INFO - Setting next_dagrun for group_dag.downloads to None, run_after=None
[2023-10-17T00:02:08.430+0000] {logging_mixin.py:150} INFO - [2023-10-17T00:02:08.430+0000] {dag.py:3504} INFO - Setting next_dagrun for group_dag.transforms to None, run_after=None
[2023-10-17T00:02:08.446+0000] {logging_mixin.py:150} INFO - [2023-10-17T00:02:08.446+0000] {dag.py:2742} INFO - Sync 2 DAGs
[2023-10-17T00:02:08.460+0000] {logging_mixin.py:150} INFO - [2023-10-17T00:02:08.460+0000] {dag.py:3504} INFO - Setting next_dagrun for group_dag.downloads to None, run_after=None
[2023-10-17T00:02:08.461+0000] {logging_mixin.py:150} INFO - [2023-10-17T00:02:08.461+0000] {dag.py:3504} INFO - Setting next_dagrun for group_dag.transforms to None, run_after=None
[2023-10-17T00:02:08.491+0000] {processor.py:179} INFO - Processing /opt/airflow/dags/group_dag.py took 0.237 seconds
[2023-10-17T00:02:38.571+0000] {processor.py:157} INFO - Started process (PID=3873) to work on /opt/airflow/dags/group_dag.py
[2023-10-17T00:02:38.572+0000] {processor.py:826} INFO - Processing file /opt/airflow/dags/group_dag.py for tasks to queue
[2023-10-17T00:02:38.573+0000] {logging_mixin.py:150} INFO - [2023-10-17T00:02:38.572+0000] {dagbag.py:541} INFO - Filling up the DagBag from /opt/airflow/dags/group_dag.py
[2023-10-17T00:02:38.626+0000] {processor.py:836} INFO - DAG(s) dict_keys(['group_dag.transforms', 'group_dag.downloads', 'group_dag']) retrieved from /opt/airflow/dags/group_dag.py
[2023-10-17T00:02:38.657+0000] {logging_mixin.py:150} INFO - [2023-10-17T00:02:38.656+0000] {dag.py:2742} INFO - Sync 3 DAGs
[2023-10-17T00:02:38.709+0000] {logging_mixin.py:150} INFO - [2023-10-17T00:02:38.708+0000] {dag.py:3504} INFO - Setting next_dagrun for group_dag to 2023-10-17T00:00:00+00:00, run_after=2023-10-18T00:00:00+00:00
[2023-10-17T00:02:38.714+0000] {logging_mixin.py:150} INFO - [2023-10-17T00:02:38.714+0000] {dag.py:3504} INFO - Setting next_dagrun for group_dag.downloads to None, run_after=None
[2023-10-17T00:02:38.716+0000] {logging_mixin.py:150} INFO - [2023-10-17T00:02:38.716+0000] {dag.py:3504} INFO - Setting next_dagrun for group_dag.transforms to None, run_after=None
[2023-10-17T00:02:38.730+0000] {logging_mixin.py:150} INFO - [2023-10-17T00:02:38.730+0000] {dag.py:2742} INFO - Sync 2 DAGs
[2023-10-17T00:02:38.741+0000] {logging_mixin.py:150} INFO - [2023-10-17T00:02:38.741+0000] {dag.py:3504} INFO - Setting next_dagrun for group_dag.downloads to None, run_after=None
[2023-10-17T00:02:38.741+0000] {logging_mixin.py:150} INFO - [2023-10-17T00:02:38.741+0000] {dag.py:3504} INFO - Setting next_dagrun for group_dag.transforms to None, run_after=None
[2023-10-17T00:02:38.762+0000] {processor.py:179} INFO - Processing /opt/airflow/dags/group_dag.py took 0.196 seconds
[2023-10-17T00:03:08.907+0000] {processor.py:157} INFO - Started process (PID=3894) to work on /opt/airflow/dags/group_dag.py
[2023-10-17T00:03:08.910+0000] {processor.py:826} INFO - Processing file /opt/airflow/dags/group_dag.py for tasks to queue
[2023-10-17T00:03:08.912+0000] {logging_mixin.py:150} INFO - [2023-10-17T00:03:08.912+0000] {dagbag.py:541} INFO - Filling up the DagBag from /opt/airflow/dags/group_dag.py
[2023-10-17T00:03:08.961+0000] {processor.py:836} INFO - DAG(s) dict_keys(['group_dag.transforms', 'group_dag.downloads', 'group_dag']) retrieved from /opt/airflow/dags/group_dag.py
[2023-10-17T00:03:08.984+0000] {logging_mixin.py:150} INFO - [2023-10-17T00:03:08.983+0000] {dag.py:2742} INFO - Sync 3 DAGs
[2023-10-17T00:03:09.025+0000] {logging_mixin.py:150} INFO - [2023-10-17T00:03:09.024+0000] {dag.py:3504} INFO - Setting next_dagrun for group_dag to 2023-10-17T00:00:00+00:00, run_after=2023-10-18T00:00:00+00:00
[2023-10-17T00:03:09.029+0000] {logging_mixin.py:150} INFO - [2023-10-17T00:03:09.029+0000] {dag.py:3504} INFO - Setting next_dagrun for group_dag.downloads to None, run_after=None
[2023-10-17T00:03:09.031+0000] {logging_mixin.py:150} INFO - [2023-10-17T00:03:09.031+0000] {dag.py:3504} INFO - Setting next_dagrun for group_dag.transforms to None, run_after=None
[2023-10-17T00:03:09.042+0000] {logging_mixin.py:150} INFO - [2023-10-17T00:03:09.042+0000] {dag.py:2742} INFO - Sync 2 DAGs
[2023-10-17T00:03:09.050+0000] {logging_mixin.py:150} INFO - [2023-10-17T00:03:09.050+0000] {dag.py:3504} INFO - Setting next_dagrun for group_dag.downloads to None, run_after=None
[2023-10-17T00:03:09.050+0000] {logging_mixin.py:150} INFO - [2023-10-17T00:03:09.050+0000] {dag.py:3504} INFO - Setting next_dagrun for group_dag.transforms to None, run_after=None
[2023-10-17T00:03:09.074+0000] {processor.py:179} INFO - Processing /opt/airflow/dags/group_dag.py took 0.173 seconds
[2023-10-17T00:03:39.848+0000] {processor.py:157} INFO - Started process (PID=3915) to work on /opt/airflow/dags/group_dag.py
[2023-10-17T00:03:39.850+0000] {processor.py:826} INFO - Processing file /opt/airflow/dags/group_dag.py for tasks to queue
[2023-10-17T00:03:39.851+0000] {logging_mixin.py:150} INFO - [2023-10-17T00:03:39.851+0000] {dagbag.py:541} INFO - Filling up the DagBag from /opt/airflow/dags/group_dag.py
[2023-10-17T00:03:39.921+0000] {processor.py:836} INFO - DAG(s) dict_keys(['group_dag.downloads', 'group_dag.transforms', 'group_dag']) retrieved from /opt/airflow/dags/group_dag.py
[2023-10-17T00:03:39.960+0000] {logging_mixin.py:150} INFO - [2023-10-17T00:03:39.960+0000] {dag.py:2742} INFO - Sync 3 DAGs
[2023-10-17T00:03:39.996+0000] {logging_mixin.py:150} INFO - [2023-10-17T00:03:39.995+0000] {dag.py:3504} INFO - Setting next_dagrun for group_dag to 2023-10-17T00:00:00+00:00, run_after=2023-10-18T00:00:00+00:00
[2023-10-17T00:03:40.000+0000] {logging_mixin.py:150} INFO - [2023-10-17T00:03:40.000+0000] {dag.py:3504} INFO - Setting next_dagrun for group_dag.downloads to None, run_after=None
[2023-10-17T00:03:40.002+0000] {logging_mixin.py:150} INFO - [2023-10-17T00:03:40.002+0000] {dag.py:3504} INFO - Setting next_dagrun for group_dag.transforms to None, run_after=None
[2023-10-17T00:03:40.015+0000] {logging_mixin.py:150} INFO - [2023-10-17T00:03:40.015+0000] {dag.py:2742} INFO - Sync 2 DAGs
[2023-10-17T00:03:40.029+0000] {logging_mixin.py:150} INFO - [2023-10-17T00:03:40.028+0000] {dag.py:3504} INFO - Setting next_dagrun for group_dag.downloads to None, run_after=None
[2023-10-17T00:03:40.029+0000] {logging_mixin.py:150} INFO - [2023-10-17T00:03:40.029+0000] {dag.py:3504} INFO - Setting next_dagrun for group_dag.transforms to None, run_after=None
[2023-10-17T00:03:40.048+0000] {processor.py:179} INFO - Processing /opt/airflow/dags/group_dag.py took 0.207 seconds
[2023-10-17T00:04:10.244+0000] {processor.py:157} INFO - Started process (PID=3936) to work on /opt/airflow/dags/group_dag.py
[2023-10-17T00:04:10.246+0000] {processor.py:826} INFO - Processing file /opt/airflow/dags/group_dag.py for tasks to queue
[2023-10-17T00:04:10.247+0000] {logging_mixin.py:150} INFO - [2023-10-17T00:04:10.247+0000] {dagbag.py:541} INFO - Filling up the DagBag from /opt/airflow/dags/group_dag.py
[2023-10-17T00:04:10.301+0000] {processor.py:836} INFO - DAG(s) dict_keys(['group_dag.transforms', 'group_dag.downloads', 'group_dag']) retrieved from /opt/airflow/dags/group_dag.py
[2023-10-17T00:04:10.333+0000] {logging_mixin.py:150} INFO - [2023-10-17T00:04:10.332+0000] {dag.py:2742} INFO - Sync 3 DAGs
[2023-10-17T00:04:10.375+0000] {logging_mixin.py:150} INFO - [2023-10-17T00:04:10.374+0000] {dag.py:3504} INFO - Setting next_dagrun for group_dag to 2023-10-17T00:00:00+00:00, run_after=2023-10-18T00:00:00+00:00
[2023-10-17T00:04:10.379+0000] {logging_mixin.py:150} INFO - [2023-10-17T00:04:10.379+0000] {dag.py:3504} INFO - Setting next_dagrun for group_dag.downloads to None, run_after=None
[2023-10-17T00:04:10.380+0000] {logging_mixin.py:150} INFO - [2023-10-17T00:04:10.380+0000] {dag.py:3504} INFO - Setting next_dagrun for group_dag.transforms to None, run_after=None
[2023-10-17T00:04:10.389+0000] {logging_mixin.py:150} INFO - [2023-10-17T00:04:10.388+0000] {dag.py:2742} INFO - Sync 2 DAGs
[2023-10-17T00:04:10.400+0000] {logging_mixin.py:150} INFO - [2023-10-17T00:04:10.400+0000] {dag.py:3504} INFO - Setting next_dagrun for group_dag.downloads to None, run_after=None
[2023-10-17T00:04:10.400+0000] {logging_mixin.py:150} INFO - [2023-10-17T00:04:10.400+0000] {dag.py:3504} INFO - Setting next_dagrun for group_dag.transforms to None, run_after=None
[2023-10-17T00:04:10.418+0000] {processor.py:179} INFO - Processing /opt/airflow/dags/group_dag.py took 0.182 seconds
[2023-10-17T00:04:40.545+0000] {processor.py:157} INFO - Started process (PID=3957) to work on /opt/airflow/dags/group_dag.py
[2023-10-17T00:04:40.547+0000] {processor.py:826} INFO - Processing file /opt/airflow/dags/group_dag.py for tasks to queue
[2023-10-17T00:04:40.549+0000] {logging_mixin.py:150} INFO - [2023-10-17T00:04:40.549+0000] {dagbag.py:541} INFO - Filling up the DagBag from /opt/airflow/dags/group_dag.py
[2023-10-17T00:04:40.612+0000] {processor.py:836} INFO - DAG(s) dict_keys(['group_dag.downloads', 'group_dag.transforms', 'group_dag']) retrieved from /opt/airflow/dags/group_dag.py
[2023-10-17T00:04:40.656+0000] {logging_mixin.py:150} INFO - [2023-10-17T00:04:40.655+0000] {dag.py:2742} INFO - Sync 3 DAGs
[2023-10-17T00:04:40.753+0000] {logging_mixin.py:150} INFO - [2023-10-17T00:04:40.753+0000] {dag.py:3504} INFO - Setting next_dagrun for group_dag to 2023-10-17T00:00:00+00:00, run_after=2023-10-18T00:00:00+00:00
[2023-10-17T00:04:40.770+0000] {logging_mixin.py:150} INFO - [2023-10-17T00:04:40.769+0000] {dag.py:3504} INFO - Setting next_dagrun for group_dag.downloads to None, run_after=None
[2023-10-17T00:04:40.777+0000] {logging_mixin.py:150} INFO - [2023-10-17T00:04:40.776+0000] {dag.py:3504} INFO - Setting next_dagrun for group_dag.transforms to None, run_after=None
[2023-10-17T00:04:40.797+0000] {logging_mixin.py:150} INFO - [2023-10-17T00:04:40.797+0000] {dag.py:2742} INFO - Sync 2 DAGs
[2023-10-17T00:04:40.819+0000] {logging_mixin.py:150} INFO - [2023-10-17T00:04:40.814+0000] {dag.py:3504} INFO - Setting next_dagrun for group_dag.downloads to None, run_after=None
[2023-10-17T00:04:40.820+0000] {logging_mixin.py:150} INFO - [2023-10-17T00:04:40.820+0000] {dag.py:3504} INFO - Setting next_dagrun for group_dag.transforms to None, run_after=None
[2023-10-17T00:04:40.882+0000] {processor.py:179} INFO - Processing /opt/airflow/dags/group_dag.py took 0.345 seconds
[2023-10-17T00:05:11.077+0000] {processor.py:157} INFO - Started process (PID=3979) to work on /opt/airflow/dags/group_dag.py
[2023-10-17T00:05:11.079+0000] {processor.py:826} INFO - Processing file /opt/airflow/dags/group_dag.py for tasks to queue
[2023-10-17T00:05:11.080+0000] {logging_mixin.py:150} INFO - [2023-10-17T00:05:11.080+0000] {dagbag.py:541} INFO - Filling up the DagBag from /opt/airflow/dags/group_dag.py
[2023-10-17T00:05:11.196+0000] {processor.py:836} INFO - DAG(s) dict_keys(['group_dag.transforms', 'group_dag.downloads', 'group_dag']) retrieved from /opt/airflow/dags/group_dag.py
[2023-10-17T00:05:11.237+0000] {logging_mixin.py:150} INFO - [2023-10-17T00:05:11.236+0000] {dag.py:2742} INFO - Sync 3 DAGs
[2023-10-17T00:05:11.273+0000] {logging_mixin.py:150} INFO - [2023-10-17T00:05:11.272+0000] {dag.py:3504} INFO - Setting next_dagrun for group_dag to 2023-10-17T00:00:00+00:00, run_after=2023-10-18T00:00:00+00:00
[2023-10-17T00:05:11.280+0000] {logging_mixin.py:150} INFO - [2023-10-17T00:05:11.280+0000] {dag.py:3504} INFO - Setting next_dagrun for group_dag.downloads to None, run_after=None
[2023-10-17T00:05:11.282+0000] {logging_mixin.py:150} INFO - [2023-10-17T00:05:11.281+0000] {dag.py:3504} INFO - Setting next_dagrun for group_dag.transforms to None, run_after=None
[2023-10-17T00:05:11.288+0000] {logging_mixin.py:150} INFO - [2023-10-17T00:05:11.288+0000] {dag.py:2742} INFO - Sync 2 DAGs
[2023-10-17T00:05:11.297+0000] {logging_mixin.py:150} INFO - [2023-10-17T00:05:11.297+0000] {dag.py:3504} INFO - Setting next_dagrun for group_dag.downloads to None, run_after=None
[2023-10-17T00:05:11.298+0000] {logging_mixin.py:150} INFO - [2023-10-17T00:05:11.298+0000] {dag.py:3504} INFO - Setting next_dagrun for group_dag.transforms to None, run_after=None
[2023-10-17T00:05:11.315+0000] {processor.py:179} INFO - Processing /opt/airflow/dags/group_dag.py took 0.246 seconds
[2023-10-17T00:05:42.147+0000] {processor.py:157} INFO - Started process (PID=4000) to work on /opt/airflow/dags/group_dag.py
[2023-10-17T00:05:42.153+0000] {processor.py:826} INFO - Processing file /opt/airflow/dags/group_dag.py for tasks to queue
[2023-10-17T00:05:42.155+0000] {logging_mixin.py:150} INFO - [2023-10-17T00:05:42.154+0000] {dagbag.py:541} INFO - Filling up the DagBag from /opt/airflow/dags/group_dag.py
[2023-10-17T00:05:42.206+0000] {processor.py:836} INFO - DAG(s) dict_keys(['group_dag.downloads', 'group_dag.transforms', 'group_dag']) retrieved from /opt/airflow/dags/group_dag.py
[2023-10-17T00:05:42.236+0000] {logging_mixin.py:150} INFO - [2023-10-17T00:05:42.236+0000] {dag.py:2742} INFO - Sync 3 DAGs
[2023-10-17T00:05:42.274+0000] {logging_mixin.py:150} INFO - [2023-10-17T00:05:42.273+0000] {dag.py:3504} INFO - Setting next_dagrun for group_dag to 2023-10-17T00:00:00+00:00, run_after=2023-10-18T00:00:00+00:00
[2023-10-17T00:05:42.280+0000] {logging_mixin.py:150} INFO - [2023-10-17T00:05:42.280+0000] {dag.py:3504} INFO - Setting next_dagrun for group_dag.downloads to None, run_after=None
[2023-10-17T00:05:42.282+0000] {logging_mixin.py:150} INFO - [2023-10-17T00:05:42.282+0000] {dag.py:3504} INFO - Setting next_dagrun for group_dag.transforms to None, run_after=None
[2023-10-17T00:05:42.292+0000] {logging_mixin.py:150} INFO - [2023-10-17T00:05:42.291+0000] {dag.py:2742} INFO - Sync 2 DAGs
[2023-10-17T00:05:42.303+0000] {logging_mixin.py:150} INFO - [2023-10-17T00:05:42.303+0000] {dag.py:3504} INFO - Setting next_dagrun for group_dag.downloads to None, run_after=None
[2023-10-17T00:05:42.303+0000] {logging_mixin.py:150} INFO - [2023-10-17T00:05:42.303+0000] {dag.py:3504} INFO - Setting next_dagrun for group_dag.transforms to None, run_after=None
[2023-10-17T00:05:42.323+0000] {processor.py:179} INFO - Processing /opt/airflow/dags/group_dag.py took 0.182 seconds
[2023-10-17T00:06:12.506+0000] {processor.py:157} INFO - Started process (PID=4022) to work on /opt/airflow/dags/group_dag.py
[2023-10-17T00:06:12.508+0000] {processor.py:826} INFO - Processing file /opt/airflow/dags/group_dag.py for tasks to queue
[2023-10-17T00:06:12.510+0000] {logging_mixin.py:150} INFO - [2023-10-17T00:06:12.509+0000] {dagbag.py:541} INFO - Filling up the DagBag from /opt/airflow/dags/group_dag.py
[2023-10-17T00:06:12.572+0000] {processor.py:836} INFO - DAG(s) dict_keys(['group_dag.downloads', 'group_dag.transforms', 'group_dag']) retrieved from /opt/airflow/dags/group_dag.py
[2023-10-17T00:06:12.599+0000] {logging_mixin.py:150} INFO - [2023-10-17T00:06:12.598+0000] {dag.py:2742} INFO - Sync 3 DAGs
[2023-10-17T00:06:12.639+0000] {logging_mixin.py:150} INFO - [2023-10-17T00:06:12.639+0000] {dag.py:3504} INFO - Setting next_dagrun for group_dag to 2023-10-17T00:00:00+00:00, run_after=2023-10-18T00:00:00+00:00
[2023-10-17T00:06:12.650+0000] {logging_mixin.py:150} INFO - [2023-10-17T00:06:12.649+0000] {dag.py:3504} INFO - Setting next_dagrun for group_dag.downloads to None, run_after=None
[2023-10-17T00:06:12.655+0000] {logging_mixin.py:150} INFO - [2023-10-17T00:06:12.654+0000] {dag.py:3504} INFO - Setting next_dagrun for group_dag.transforms to None, run_after=None
[2023-10-17T00:06:12.672+0000] {logging_mixin.py:150} INFO - [2023-10-17T00:06:12.671+0000] {dag.py:2742} INFO - Sync 2 DAGs
[2023-10-17T00:06:12.682+0000] {logging_mixin.py:150} INFO - [2023-10-17T00:06:12.681+0000] {dag.py:3504} INFO - Setting next_dagrun for group_dag.downloads to None, run_after=None
[2023-10-17T00:06:12.684+0000] {logging_mixin.py:150} INFO - [2023-10-17T00:06:12.684+0000] {dag.py:3504} INFO - Setting next_dagrun for group_dag.transforms to None, run_after=None
[2023-10-17T00:06:12.706+0000] {processor.py:179} INFO - Processing /opt/airflow/dags/group_dag.py took 0.214 seconds
[2023-10-17T00:06:43.453+0000] {processor.py:157} INFO - Started process (PID=4049) to work on /opt/airflow/dags/group_dag.py
[2023-10-17T00:06:43.454+0000] {processor.py:826} INFO - Processing file /opt/airflow/dags/group_dag.py for tasks to queue
[2023-10-17T00:06:43.456+0000] {logging_mixin.py:150} INFO - [2023-10-17T00:06:43.455+0000] {dagbag.py:541} INFO - Filling up the DagBag from /opt/airflow/dags/group_dag.py
[2023-10-17T00:06:43.505+0000] {processor.py:836} INFO - DAG(s) dict_keys(['group_dag.downloads', 'group_dag.transforms', 'group_dag']) retrieved from /opt/airflow/dags/group_dag.py
[2023-10-17T00:06:43.535+0000] {logging_mixin.py:150} INFO - [2023-10-17T00:06:43.534+0000] {dag.py:2742} INFO - Sync 3 DAGs
[2023-10-17T00:06:43.594+0000] {logging_mixin.py:150} INFO - [2023-10-17T00:06:43.593+0000] {dag.py:3504} INFO - Setting next_dagrun for group_dag to 2023-10-17T00:00:00+00:00, run_after=2023-10-18T00:00:00+00:00
[2023-10-17T00:06:43.601+0000] {logging_mixin.py:150} INFO - [2023-10-17T00:06:43.600+0000] {dag.py:3504} INFO - Setting next_dagrun for group_dag.downloads to None, run_after=None
[2023-10-17T00:06:43.606+0000] {logging_mixin.py:150} INFO - [2023-10-17T00:06:43.605+0000] {dag.py:3504} INFO - Setting next_dagrun for group_dag.transforms to None, run_after=None
[2023-10-17T00:06:43.623+0000] {logging_mixin.py:150} INFO - [2023-10-17T00:06:43.623+0000] {dag.py:2742} INFO - Sync 2 DAGs
[2023-10-17T00:06:43.635+0000] {logging_mixin.py:150} INFO - [2023-10-17T00:06:43.634+0000] {dag.py:3504} INFO - Setting next_dagrun for group_dag.downloads to None, run_after=None
[2023-10-17T00:06:43.635+0000] {logging_mixin.py:150} INFO - [2023-10-17T00:06:43.635+0000] {dag.py:3504} INFO - Setting next_dagrun for group_dag.transforms to None, run_after=None
[2023-10-17T00:06:43.661+0000] {processor.py:179} INFO - Processing /opt/airflow/dags/group_dag.py took 0.213 seconds
[2023-10-17T00:07:16.240+0000] {processor.py:157} INFO - Started process (PID=4071) to work on /opt/airflow/dags/group_dag.py
[2023-10-17T00:07:16.249+0000] {processor.py:826} INFO - Processing file /opt/airflow/dags/group_dag.py for tasks to queue
[2023-10-17T00:07:16.252+0000] {logging_mixin.py:150} INFO - [2023-10-17T00:07:16.251+0000] {dagbag.py:541} INFO - Filling up the DagBag from /opt/airflow/dags/group_dag.py
[2023-10-17T00:07:16.419+0000] {processor.py:836} INFO - DAG(s) dict_keys(['group_dag.transforms', 'group_dag.downloads', 'group_dag']) retrieved from /opt/airflow/dags/group_dag.py
[2023-10-17T00:07:16.512+0000] {logging_mixin.py:150} INFO - [2023-10-17T00:07:16.511+0000] {dag.py:2742} INFO - Sync 3 DAGs
[2023-10-17T00:07:16.580+0000] {logging_mixin.py:150} INFO - [2023-10-17T00:07:16.580+0000] {dag.py:3504} INFO - Setting next_dagrun for group_dag to 2023-10-17T00:00:00+00:00, run_after=2023-10-18T00:00:00+00:00
[2023-10-17T00:07:16.596+0000] {logging_mixin.py:150} INFO - [2023-10-17T00:07:16.596+0000] {dag.py:3504} INFO - Setting next_dagrun for group_dag.downloads to None, run_after=None
[2023-10-17T00:07:16.600+0000] {logging_mixin.py:150} INFO - [2023-10-17T00:07:16.600+0000] {dag.py:3504} INFO - Setting next_dagrun for group_dag.transforms to None, run_after=None
[2023-10-17T00:07:16.631+0000] {logging_mixin.py:150} INFO - [2023-10-17T00:07:16.631+0000] {dag.py:2742} INFO - Sync 2 DAGs
[2023-10-17T00:07:16.670+0000] {logging_mixin.py:150} INFO - [2023-10-17T00:07:16.661+0000] {dag.py:3504} INFO - Setting next_dagrun for group_dag.downloads to None, run_after=None
[2023-10-17T00:07:16.672+0000] {logging_mixin.py:150} INFO - [2023-10-17T00:07:16.672+0000] {dag.py:3504} INFO - Setting next_dagrun for group_dag.transforms to None, run_after=None
[2023-10-17T00:07:16.738+0000] {processor.py:179} INFO - Processing /opt/airflow/dags/group_dag.py took 0.521 seconds
[2023-10-17T00:07:47.166+0000] {processor.py:157} INFO - Started process (PID=4091) to work on /opt/airflow/dags/group_dag.py
[2023-10-17T00:07:47.179+0000] {processor.py:826} INFO - Processing file /opt/airflow/dags/group_dag.py for tasks to queue
[2023-10-17T00:07:47.181+0000] {logging_mixin.py:150} INFO - [2023-10-17T00:07:47.180+0000] {dagbag.py:541} INFO - Filling up the DagBag from /opt/airflow/dags/group_dag.py
[2023-10-17T00:07:47.380+0000] {processor.py:836} INFO - DAG(s) dict_keys(['group_dag.transforms', 'group_dag.downloads', 'group_dag']) retrieved from /opt/airflow/dags/group_dag.py
[2023-10-17T00:07:47.459+0000] {logging_mixin.py:150} INFO - [2023-10-17T00:07:47.458+0000] {dag.py:2742} INFO - Sync 3 DAGs
[2023-10-17T00:07:47.731+0000] {logging_mixin.py:150} INFO - [2023-10-17T00:07:47.731+0000] {dag.py:3504} INFO - Setting next_dagrun for group_dag to 2023-10-17T00:00:00+00:00, run_after=2023-10-18T00:00:00+00:00
[2023-10-17T00:07:47.762+0000] {logging_mixin.py:150} INFO - [2023-10-17T00:07:47.762+0000] {dag.py:3504} INFO - Setting next_dagrun for group_dag.downloads to None, run_after=None
[2023-10-17T00:07:47.774+0000] {logging_mixin.py:150} INFO - [2023-10-17T00:07:47.770+0000] {dag.py:3504} INFO - Setting next_dagrun for group_dag.transforms to None, run_after=None
[2023-10-17T00:07:47.812+0000] {logging_mixin.py:150} INFO - [2023-10-17T00:07:47.810+0000] {dag.py:2742} INFO - Sync 2 DAGs
[2023-10-17T00:07:47.845+0000] {logging_mixin.py:150} INFO - [2023-10-17T00:07:47.844+0000] {dag.py:3504} INFO - Setting next_dagrun for group_dag.downloads to None, run_after=None
[2023-10-17T00:07:47.846+0000] {logging_mixin.py:150} INFO - [2023-10-17T00:07:47.845+0000] {dag.py:3504} INFO - Setting next_dagrun for group_dag.transforms to None, run_after=None
[2023-10-17T00:07:47.944+0000] {processor.py:179} INFO - Processing /opt/airflow/dags/group_dag.py took 0.797 seconds
[2023-10-17T00:08:18.784+0000] {processor.py:157} INFO - Started process (PID=4112) to work on /opt/airflow/dags/group_dag.py
[2023-10-17T00:08:18.787+0000] {processor.py:826} INFO - Processing file /opt/airflow/dags/group_dag.py for tasks to queue
[2023-10-17T00:08:18.788+0000] {logging_mixin.py:150} INFO - [2023-10-17T00:08:18.788+0000] {dagbag.py:541} INFO - Filling up the DagBag from /opt/airflow/dags/group_dag.py
[2023-10-17T00:08:18.825+0000] {processor.py:836} INFO - DAG(s) dict_keys(['group_dag.downloads', 'group_dag.transforms', 'group_dag']) retrieved from /opt/airflow/dags/group_dag.py
[2023-10-17T00:08:18.846+0000] {logging_mixin.py:150} INFO - [2023-10-17T00:08:18.846+0000] {dag.py:2742} INFO - Sync 3 DAGs
[2023-10-17T00:08:18.877+0000] {logging_mixin.py:150} INFO - [2023-10-17T00:08:18.876+0000] {dag.py:3504} INFO - Setting next_dagrun for group_dag to 2023-10-17T00:00:00+00:00, run_after=2023-10-18T00:00:00+00:00
[2023-10-17T00:08:18.881+0000] {logging_mixin.py:150} INFO - [2023-10-17T00:08:18.880+0000] {dag.py:3504} INFO - Setting next_dagrun for group_dag.downloads to None, run_after=None
[2023-10-17T00:08:18.882+0000] {logging_mixin.py:150} INFO - [2023-10-17T00:08:18.882+0000] {dag.py:3504} INFO - Setting next_dagrun for group_dag.transforms to None, run_after=None
[2023-10-17T00:08:18.891+0000] {logging_mixin.py:150} INFO - [2023-10-17T00:08:18.891+0000] {dag.py:2742} INFO - Sync 2 DAGs
[2023-10-17T00:08:18.899+0000] {logging_mixin.py:150} INFO - [2023-10-17T00:08:18.898+0000] {dag.py:3504} INFO - Setting next_dagrun for group_dag.downloads to None, run_after=None
[2023-10-17T00:08:18.899+0000] {logging_mixin.py:150} INFO - [2023-10-17T00:08:18.899+0000] {dag.py:3504} INFO - Setting next_dagrun for group_dag.transforms to None, run_after=None
[2023-10-17T00:08:18.917+0000] {processor.py:179} INFO - Processing /opt/airflow/dags/group_dag.py took 0.137 seconds
[2023-10-17T00:08:49.669+0000] {processor.py:157} INFO - Started process (PID=4133) to work on /opt/airflow/dags/group_dag.py
[2023-10-17T00:08:49.709+0000] {processor.py:826} INFO - Processing file /opt/airflow/dags/group_dag.py for tasks to queue
[2023-10-17T00:08:49.710+0000] {logging_mixin.py:150} INFO - [2023-10-17T00:08:49.710+0000] {dagbag.py:541} INFO - Filling up the DagBag from /opt/airflow/dags/group_dag.py
[2023-10-17T00:08:49.755+0000] {processor.py:836} INFO - DAG(s) dict_keys(['group_dag.downloads', 'group_dag.transforms', 'group_dag']) retrieved from /opt/airflow/dags/group_dag.py
[2023-10-17T00:08:49.781+0000] {logging_mixin.py:150} INFO - [2023-10-17T00:08:49.780+0000] {dag.py:2742} INFO - Sync 3 DAGs
[2023-10-17T00:08:49.812+0000] {logging_mixin.py:150} INFO - [2023-10-17T00:08:49.811+0000] {dag.py:3504} INFO - Setting next_dagrun for group_dag to 2023-10-17T00:00:00+00:00, run_after=2023-10-18T00:00:00+00:00
[2023-10-17T00:08:49.817+0000] {logging_mixin.py:150} INFO - [2023-10-17T00:08:49.817+0000] {dag.py:3504} INFO - Setting next_dagrun for group_dag.downloads to None, run_after=None
[2023-10-17T00:08:49.819+0000] {logging_mixin.py:150} INFO - [2023-10-17T00:08:49.819+0000] {dag.py:3504} INFO - Setting next_dagrun for group_dag.transforms to None, run_after=None
[2023-10-17T00:08:49.830+0000] {logging_mixin.py:150} INFO - [2023-10-17T00:08:49.830+0000] {dag.py:2742} INFO - Sync 2 DAGs
[2023-10-17T00:08:49.839+0000] {logging_mixin.py:150} INFO - [2023-10-17T00:08:49.839+0000] {dag.py:3504} INFO - Setting next_dagrun for group_dag.downloads to None, run_after=None
[2023-10-17T00:08:49.840+0000] {logging_mixin.py:150} INFO - [2023-10-17T00:08:49.840+0000] {dag.py:3504} INFO - Setting next_dagrun for group_dag.transforms to None, run_after=None
[2023-10-17T00:08:49.861+0000] {processor.py:179} INFO - Processing /opt/airflow/dags/group_dag.py took 0.198 seconds
[2023-10-17T00:09:20.795+0000] {processor.py:157} INFO - Started process (PID=4154) to work on /opt/airflow/dags/group_dag.py
[2023-10-17T00:09:20.796+0000] {processor.py:826} INFO - Processing file /opt/airflow/dags/group_dag.py for tasks to queue
[2023-10-17T00:09:20.798+0000] {logging_mixin.py:150} INFO - [2023-10-17T00:09:20.797+0000] {dagbag.py:541} INFO - Filling up the DagBag from /opt/airflow/dags/group_dag.py
[2023-10-17T00:09:20.850+0000] {processor.py:836} INFO - DAG(s) dict_keys(['group_dag.transforms', 'group_dag.downloads', 'group_dag']) retrieved from /opt/airflow/dags/group_dag.py
[2023-10-17T00:09:20.871+0000] {logging_mixin.py:150} INFO - [2023-10-17T00:09:20.871+0000] {dag.py:2742} INFO - Sync 3 DAGs
[2023-10-17T00:09:20.908+0000] {logging_mixin.py:150} INFO - [2023-10-17T00:09:20.908+0000] {dag.py:3504} INFO - Setting next_dagrun for group_dag to 2023-10-17T00:00:00+00:00, run_after=2023-10-18T00:00:00+00:00
[2023-10-17T00:09:20.915+0000] {logging_mixin.py:150} INFO - [2023-10-17T00:09:20.915+0000] {dag.py:3504} INFO - Setting next_dagrun for group_dag.downloads to None, run_after=None
[2023-10-17T00:09:20.917+0000] {logging_mixin.py:150} INFO - [2023-10-17T00:09:20.917+0000] {dag.py:3504} INFO - Setting next_dagrun for group_dag.transforms to None, run_after=None
[2023-10-17T00:09:20.926+0000] {logging_mixin.py:150} INFO - [2023-10-17T00:09:20.926+0000] {dag.py:2742} INFO - Sync 2 DAGs
[2023-10-17T00:09:20.933+0000] {logging_mixin.py:150} INFO - [2023-10-17T00:09:20.933+0000] {dag.py:3504} INFO - Setting next_dagrun for group_dag.downloads to None, run_after=None
[2023-10-17T00:09:20.934+0000] {logging_mixin.py:150} INFO - [2023-10-17T00:09:20.934+0000] {dag.py:3504} INFO - Setting next_dagrun for group_dag.transforms to None, run_after=None
[2023-10-17T00:09:20.955+0000] {processor.py:179} INFO - Processing /opt/airflow/dags/group_dag.py took 0.171 seconds
[2023-10-17T00:09:51.051+0000] {processor.py:157} INFO - Started process (PID=4175) to work on /opt/airflow/dags/group_dag.py
[2023-10-17T00:09:51.055+0000] {processor.py:826} INFO - Processing file /opt/airflow/dags/group_dag.py for tasks to queue
[2023-10-17T00:09:51.056+0000] {logging_mixin.py:150} INFO - [2023-10-17T00:09:51.056+0000] {dagbag.py:541} INFO - Filling up the DagBag from /opt/airflow/dags/group_dag.py
[2023-10-17T00:09:51.102+0000] {processor.py:836} INFO - DAG(s) dict_keys(['group_dag.downloads', 'group_dag.transforms', 'group_dag']) retrieved from /opt/airflow/dags/group_dag.py
[2023-10-17T00:09:51.131+0000] {logging_mixin.py:150} INFO - [2023-10-17T00:09:51.130+0000] {dag.py:2742} INFO - Sync 3 DAGs
[2023-10-17T00:09:51.171+0000] {logging_mixin.py:150} INFO - [2023-10-17T00:09:51.171+0000] {dag.py:3504} INFO - Setting next_dagrun for group_dag to 2023-10-17T00:00:00+00:00, run_after=2023-10-18T00:00:00+00:00
[2023-10-17T00:09:51.179+0000] {logging_mixin.py:150} INFO - [2023-10-17T00:09:51.179+0000] {dag.py:3504} INFO - Setting next_dagrun for group_dag.downloads to None, run_after=None
[2023-10-17T00:09:51.181+0000] {logging_mixin.py:150} INFO - [2023-10-17T00:09:51.181+0000] {dag.py:3504} INFO - Setting next_dagrun for group_dag.transforms to None, run_after=None
[2023-10-17T00:09:51.190+0000] {logging_mixin.py:150} INFO - [2023-10-17T00:09:51.189+0000] {dag.py:2742} INFO - Sync 2 DAGs
[2023-10-17T00:09:51.200+0000] {logging_mixin.py:150} INFO - [2023-10-17T00:09:51.200+0000] {dag.py:3504} INFO - Setting next_dagrun for group_dag.downloads to None, run_after=None
[2023-10-17T00:09:51.201+0000] {logging_mixin.py:150} INFO - [2023-10-17T00:09:51.201+0000] {dag.py:3504} INFO - Setting next_dagrun for group_dag.transforms to None, run_after=None
[2023-10-17T00:09:51.226+0000] {processor.py:179} INFO - Processing /opt/airflow/dags/group_dag.py took 0.182 seconds
[2023-10-17T00:10:21.425+0000] {processor.py:157} INFO - Started process (PID=4197) to work on /opt/airflow/dags/group_dag.py
[2023-10-17T00:10:21.431+0000] {processor.py:826} INFO - Processing file /opt/airflow/dags/group_dag.py for tasks to queue
[2023-10-17T00:10:21.433+0000] {logging_mixin.py:150} INFO - [2023-10-17T00:10:21.432+0000] {dagbag.py:541} INFO - Filling up the DagBag from /opt/airflow/dags/group_dag.py
[2023-10-17T00:10:21.481+0000] {processor.py:836} INFO - DAG(s) dict_keys(['group_dag.downloads', 'group_dag.transforms', 'group_dag']) retrieved from /opt/airflow/dags/group_dag.py
[2023-10-17T00:10:21.508+0000] {logging_mixin.py:150} INFO - [2023-10-17T00:10:21.507+0000] {dag.py:2742} INFO - Sync 3 DAGs
[2023-10-17T00:10:21.550+0000] {logging_mixin.py:150} INFO - [2023-10-17T00:10:21.549+0000] {dag.py:3504} INFO - Setting next_dagrun for group_dag to 2023-10-17T00:00:00+00:00, run_after=2023-10-18T00:00:00+00:00
[2023-10-17T00:10:21.554+0000] {logging_mixin.py:150} INFO - [2023-10-17T00:10:21.554+0000] {dag.py:3504} INFO - Setting next_dagrun for group_dag.downloads to None, run_after=None
[2023-10-17T00:10:21.556+0000] {logging_mixin.py:150} INFO - [2023-10-17T00:10:21.556+0000] {dag.py:3504} INFO - Setting next_dagrun for group_dag.transforms to None, run_after=None
[2023-10-17T00:10:21.566+0000] {logging_mixin.py:150} INFO - [2023-10-17T00:10:21.566+0000] {dag.py:2742} INFO - Sync 2 DAGs
[2023-10-17T00:10:21.575+0000] {logging_mixin.py:150} INFO - [2023-10-17T00:10:21.574+0000] {dag.py:3504} INFO - Setting next_dagrun for group_dag.downloads to None, run_after=None
[2023-10-17T00:10:21.575+0000] {logging_mixin.py:150} INFO - [2023-10-17T00:10:21.575+0000] {dag.py:3504} INFO - Setting next_dagrun for group_dag.transforms to None, run_after=None
[2023-10-17T00:10:21.600+0000] {processor.py:179} INFO - Processing /opt/airflow/dags/group_dag.py took 0.178 seconds
[2023-10-17T00:10:51.699+0000] {processor.py:157} INFO - Started process (PID=4218) to work on /opt/airflow/dags/group_dag.py
[2023-10-17T00:10:51.709+0000] {processor.py:826} INFO - Processing file /opt/airflow/dags/group_dag.py for tasks to queue
[2023-10-17T00:10:51.711+0000] {logging_mixin.py:150} INFO - [2023-10-17T00:10:51.710+0000] {dagbag.py:541} INFO - Filling up the DagBag from /opt/airflow/dags/group_dag.py
[2023-10-17T00:10:51.818+0000] {processor.py:836} INFO - DAG(s) dict_keys(['group_dag.downloads', 'group_dag.transforms', 'group_dag']) retrieved from /opt/airflow/dags/group_dag.py
[2023-10-17T00:10:51.877+0000] {logging_mixin.py:150} INFO - [2023-10-17T00:10:51.876+0000] {dag.py:2742} INFO - Sync 3 DAGs
[2023-10-17T00:10:51.959+0000] {logging_mixin.py:150} INFO - [2023-10-17T00:10:51.959+0000] {dag.py:3504} INFO - Setting next_dagrun for group_dag to 2023-10-17T00:00:00+00:00, run_after=2023-10-18T00:00:00+00:00
[2023-10-17T00:10:51.968+0000] {logging_mixin.py:150} INFO - [2023-10-17T00:10:51.968+0000] {dag.py:3504} INFO - Setting next_dagrun for group_dag.downloads to None, run_after=None
[2023-10-17T00:10:51.972+0000] {logging_mixin.py:150} INFO - [2023-10-17T00:10:51.971+0000] {dag.py:3504} INFO - Setting next_dagrun for group_dag.transforms to None, run_after=None
[2023-10-17T00:10:51.988+0000] {logging_mixin.py:150} INFO - [2023-10-17T00:10:51.987+0000] {dag.py:2742} INFO - Sync 2 DAGs
[2023-10-17T00:10:52.002+0000] {logging_mixin.py:150} INFO - [2023-10-17T00:10:52.002+0000] {dag.py:3504} INFO - Setting next_dagrun for group_dag.downloads to None, run_after=None
[2023-10-17T00:10:52.003+0000] {logging_mixin.py:150} INFO - [2023-10-17T00:10:52.002+0000] {dag.py:3504} INFO - Setting next_dagrun for group_dag.transforms to None, run_after=None
[2023-10-17T00:10:52.024+0000] {processor.py:179} INFO - Processing /opt/airflow/dags/group_dag.py took 0.343 seconds
[2023-10-17T00:11:22.092+0000] {processor.py:157} INFO - Started process (PID=4239) to work on /opt/airflow/dags/group_dag.py
[2023-10-17T00:11:22.095+0000] {processor.py:826} INFO - Processing file /opt/airflow/dags/group_dag.py for tasks to queue
[2023-10-17T00:11:22.097+0000] {logging_mixin.py:150} INFO - [2023-10-17T00:11:22.096+0000] {dagbag.py:541} INFO - Filling up the DagBag from /opt/airflow/dags/group_dag.py
[2023-10-17T00:11:22.150+0000] {processor.py:836} INFO - DAG(s) dict_keys(['group_dag.transforms', 'group_dag.downloads', 'group_dag']) retrieved from /opt/airflow/dags/group_dag.py
[2023-10-17T00:11:22.176+0000] {logging_mixin.py:150} INFO - [2023-10-17T00:11:22.176+0000] {dag.py:2742} INFO - Sync 3 DAGs
[2023-10-17T00:11:22.210+0000] {logging_mixin.py:150} INFO - [2023-10-17T00:11:22.210+0000] {dag.py:3504} INFO - Setting next_dagrun for group_dag to 2023-10-17T00:00:00+00:00, run_after=2023-10-18T00:00:00+00:00
[2023-10-17T00:11:22.218+0000] {logging_mixin.py:150} INFO - [2023-10-17T00:11:22.217+0000] {dag.py:3504} INFO - Setting next_dagrun for group_dag.downloads to None, run_after=None
[2023-10-17T00:11:22.220+0000] {logging_mixin.py:150} INFO - [2023-10-17T00:11:22.220+0000] {dag.py:3504} INFO - Setting next_dagrun for group_dag.transforms to None, run_after=None
[2023-10-17T00:11:22.228+0000] {logging_mixin.py:150} INFO - [2023-10-17T00:11:22.228+0000] {dag.py:2742} INFO - Sync 2 DAGs
[2023-10-17T00:11:22.237+0000] {logging_mixin.py:150} INFO - [2023-10-17T00:11:22.237+0000] {dag.py:3504} INFO - Setting next_dagrun for group_dag.downloads to None, run_after=None
[2023-10-17T00:11:22.237+0000] {logging_mixin.py:150} INFO - [2023-10-17T00:11:22.237+0000] {dag.py:3504} INFO - Setting next_dagrun for group_dag.transforms to None, run_after=None
[2023-10-17T00:11:22.259+0000] {processor.py:179} INFO - Processing /opt/airflow/dags/group_dag.py took 0.182 seconds
[2023-10-17T00:11:52.343+0000] {processor.py:157} INFO - Started process (PID=4260) to work on /opt/airflow/dags/group_dag.py
[2023-10-17T00:11:52.385+0000] {processor.py:826} INFO - Processing file /opt/airflow/dags/group_dag.py for tasks to queue
[2023-10-17T00:11:52.386+0000] {logging_mixin.py:150} INFO - [2023-10-17T00:11:52.386+0000] {dagbag.py:541} INFO - Filling up the DagBag from /opt/airflow/dags/group_dag.py
[2023-10-17T00:11:52.429+0000] {processor.py:836} INFO - DAG(s) dict_keys(['group_dag.downloads', 'group_dag.transforms', 'group_dag']) retrieved from /opt/airflow/dags/group_dag.py
[2023-10-17T00:11:52.454+0000] {logging_mixin.py:150} INFO - [2023-10-17T00:11:52.453+0000] {dag.py:2742} INFO - Sync 3 DAGs
[2023-10-17T00:11:52.491+0000] {logging_mixin.py:150} INFO - [2023-10-17T00:11:52.490+0000] {dag.py:3504} INFO - Setting next_dagrun for group_dag to 2023-10-17T00:00:00+00:00, run_after=2023-10-18T00:00:00+00:00
[2023-10-17T00:11:52.495+0000] {logging_mixin.py:150} INFO - [2023-10-17T00:11:52.495+0000] {dag.py:3504} INFO - Setting next_dagrun for group_dag.downloads to None, run_after=None
[2023-10-17T00:11:52.497+0000] {logging_mixin.py:150} INFO - [2023-10-17T00:11:52.497+0000] {dag.py:3504} INFO - Setting next_dagrun for group_dag.transforms to None, run_after=None
[2023-10-17T00:11:52.510+0000] {logging_mixin.py:150} INFO - [2023-10-17T00:11:52.510+0000] {dag.py:2742} INFO - Sync 2 DAGs
[2023-10-17T00:11:52.521+0000] {logging_mixin.py:150} INFO - [2023-10-17T00:11:52.521+0000] {dag.py:3504} INFO - Setting next_dagrun for group_dag.downloads to None, run_after=None
[2023-10-17T00:11:52.522+0000] {logging_mixin.py:150} INFO - [2023-10-17T00:11:52.522+0000] {dag.py:3504} INFO - Setting next_dagrun for group_dag.transforms to None, run_after=None
[2023-10-17T00:11:52.546+0000] {processor.py:179} INFO - Processing /opt/airflow/dags/group_dag.py took 0.206 seconds
[2023-10-17T00:12:23.510+0000] {processor.py:157} INFO - Started process (PID=4281) to work on /opt/airflow/dags/group_dag.py
[2023-10-17T00:12:23.511+0000] {processor.py:826} INFO - Processing file /opt/airflow/dags/group_dag.py for tasks to queue
[2023-10-17T00:12:23.512+0000] {logging_mixin.py:150} INFO - [2023-10-17T00:12:23.512+0000] {dagbag.py:541} INFO - Filling up the DagBag from /opt/airflow/dags/group_dag.py
[2023-10-17T00:12:23.561+0000] {processor.py:836} INFO - DAG(s) dict_keys(['group_dag.downloads', 'group_dag.transforms', 'group_dag']) retrieved from /opt/airflow/dags/group_dag.py
[2023-10-17T00:12:23.587+0000] {logging_mixin.py:150} INFO - [2023-10-17T00:12:23.587+0000] {dag.py:2742} INFO - Sync 3 DAGs
[2023-10-17T00:12:23.626+0000] {logging_mixin.py:150} INFO - [2023-10-17T00:12:23.626+0000] {dag.py:3504} INFO - Setting next_dagrun for group_dag to 2023-10-17T00:00:00+00:00, run_after=2023-10-18T00:00:00+00:00
[2023-10-17T00:12:23.631+0000] {logging_mixin.py:150} INFO - [2023-10-17T00:12:23.631+0000] {dag.py:3504} INFO - Setting next_dagrun for group_dag.downloads to None, run_after=None
[2023-10-17T00:12:23.637+0000] {logging_mixin.py:150} INFO - [2023-10-17T00:12:23.636+0000] {dag.py:3504} INFO - Setting next_dagrun for group_dag.transforms to None, run_after=None
[2023-10-17T00:12:23.647+0000] {logging_mixin.py:150} INFO - [2023-10-17T00:12:23.647+0000] {dag.py:2742} INFO - Sync 2 DAGs
[2023-10-17T00:12:23.657+0000] {logging_mixin.py:150} INFO - [2023-10-17T00:12:23.657+0000] {dag.py:3504} INFO - Setting next_dagrun for group_dag.downloads to None, run_after=None
[2023-10-17T00:12:23.658+0000] {logging_mixin.py:150} INFO - [2023-10-17T00:12:23.658+0000] {dag.py:3504} INFO - Setting next_dagrun for group_dag.transforms to None, run_after=None
[2023-10-17T00:12:23.688+0000] {processor.py:179} INFO - Processing /opt/airflow/dags/group_dag.py took 0.184 seconds
[2023-10-17T00:12:53.780+0000] {processor.py:157} INFO - Started process (PID=4302) to work on /opt/airflow/dags/group_dag.py
[2023-10-17T00:12:53.782+0000] {processor.py:826} INFO - Processing file /opt/airflow/dags/group_dag.py for tasks to queue
[2023-10-17T00:12:53.783+0000] {logging_mixin.py:150} INFO - [2023-10-17T00:12:53.783+0000] {dagbag.py:541} INFO - Filling up the DagBag from /opt/airflow/dags/group_dag.py
[2023-10-17T00:12:53.829+0000] {processor.py:836} INFO - DAG(s) dict_keys(['group_dag.downloads', 'group_dag.transforms', 'group_dag']) retrieved from /opt/airflow/dags/group_dag.py
[2023-10-17T00:12:53.856+0000] {logging_mixin.py:150} INFO - [2023-10-17T00:12:53.856+0000] {dag.py:2742} INFO - Sync 3 DAGs
[2023-10-17T00:12:53.892+0000] {logging_mixin.py:150} INFO - [2023-10-17T00:12:53.891+0000] {dag.py:3504} INFO - Setting next_dagrun for group_dag to 2023-10-17T00:00:00+00:00, run_after=2023-10-18T00:00:00+00:00
[2023-10-17T00:12:53.895+0000] {logging_mixin.py:150} INFO - [2023-10-17T00:12:53.895+0000] {dag.py:3504} INFO - Setting next_dagrun for group_dag.downloads to None, run_after=None
[2023-10-17T00:12:53.897+0000] {logging_mixin.py:150} INFO - [2023-10-17T00:12:53.897+0000] {dag.py:3504} INFO - Setting next_dagrun for group_dag.transforms to None, run_after=None
[2023-10-17T00:12:53.908+0000] {logging_mixin.py:150} INFO - [2023-10-17T00:12:53.907+0000] {dag.py:2742} INFO - Sync 2 DAGs
[2023-10-17T00:12:53.914+0000] {logging_mixin.py:150} INFO - [2023-10-17T00:12:53.913+0000] {dag.py:3504} INFO - Setting next_dagrun for group_dag.downloads to None, run_after=None
[2023-10-17T00:12:53.914+0000] {logging_mixin.py:150} INFO - [2023-10-17T00:12:53.914+0000] {dag.py:3504} INFO - Setting next_dagrun for group_dag.transforms to None, run_after=None
[2023-10-17T00:12:53.931+0000] {processor.py:179} INFO - Processing /opt/airflow/dags/group_dag.py took 0.158 seconds
[2023-10-17T00:13:24.050+0000] {processor.py:157} INFO - Started process (PID=4323) to work on /opt/airflow/dags/group_dag.py
[2023-10-17T00:13:24.052+0000] {processor.py:826} INFO - Processing file /opt/airflow/dags/group_dag.py for tasks to queue
[2023-10-17T00:13:24.054+0000] {logging_mixin.py:150} INFO - [2023-10-17T00:13:24.053+0000] {dagbag.py:541} INFO - Filling up the DagBag from /opt/airflow/dags/group_dag.py
[2023-10-17T00:13:24.102+0000] {processor.py:836} INFO - DAG(s) dict_keys(['group_dag.downloads', 'group_dag.transforms', 'group_dag']) retrieved from /opt/airflow/dags/group_dag.py
[2023-10-17T00:13:24.131+0000] {logging_mixin.py:150} INFO - [2023-10-17T00:13:24.131+0000] {dag.py:2742} INFO - Sync 3 DAGs
[2023-10-17T00:13:24.172+0000] {logging_mixin.py:150} INFO - [2023-10-17T00:13:24.172+0000] {dag.py:3504} INFO - Setting next_dagrun for group_dag to 2023-10-17T00:00:00+00:00, run_after=2023-10-18T00:00:00+00:00
[2023-10-17T00:13:24.178+0000] {logging_mixin.py:150} INFO - [2023-10-17T00:13:24.177+0000] {dag.py:3504} INFO - Setting next_dagrun for group_dag.downloads to None, run_after=None
[2023-10-17T00:13:24.180+0000] {logging_mixin.py:150} INFO - [2023-10-17T00:13:24.180+0000] {dag.py:3504} INFO - Setting next_dagrun for group_dag.transforms to None, run_after=None
[2023-10-17T00:13:24.191+0000] {logging_mixin.py:150} INFO - [2023-10-17T00:13:24.191+0000] {dag.py:2742} INFO - Sync 2 DAGs
[2023-10-17T00:13:24.203+0000] {logging_mixin.py:150} INFO - [2023-10-17T00:13:24.202+0000] {dag.py:3504} INFO - Setting next_dagrun for group_dag.downloads to None, run_after=None
[2023-10-17T00:13:24.207+0000] {logging_mixin.py:150} INFO - [2023-10-17T00:13:24.206+0000] {dag.py:3504} INFO - Setting next_dagrun for group_dag.transforms to None, run_after=None
[2023-10-17T00:13:24.233+0000] {processor.py:179} INFO - Processing /opt/airflow/dags/group_dag.py took 0.187 seconds
[2023-10-17T00:13:55.122+0000] {processor.py:157} INFO - Started process (PID=4344) to work on /opt/airflow/dags/group_dag.py
[2023-10-17T00:13:55.127+0000] {processor.py:826} INFO - Processing file /opt/airflow/dags/group_dag.py for tasks to queue
[2023-10-17T00:13:55.130+0000] {logging_mixin.py:150} INFO - [2023-10-17T00:13:55.129+0000] {dagbag.py:541} INFO - Filling up the DagBag from /opt/airflow/dags/group_dag.py
[2023-10-17T00:13:55.180+0000] {processor.py:836} INFO - DAG(s) dict_keys(['group_dag.downloads', 'group_dag.transforms', 'group_dag']) retrieved from /opt/airflow/dags/group_dag.py
[2023-10-17T00:13:55.211+0000] {logging_mixin.py:150} INFO - [2023-10-17T00:13:55.211+0000] {dag.py:2742} INFO - Sync 3 DAGs
[2023-10-17T00:13:55.246+0000] {logging_mixin.py:150} INFO - [2023-10-17T00:13:55.246+0000] {dag.py:3504} INFO - Setting next_dagrun for group_dag to 2023-10-17T00:00:00+00:00, run_after=2023-10-18T00:00:00+00:00
[2023-10-17T00:13:55.250+0000] {logging_mixin.py:150} INFO - [2023-10-17T00:13:55.250+0000] {dag.py:3504} INFO - Setting next_dagrun for group_dag.downloads to None, run_after=None
[2023-10-17T00:13:55.252+0000] {logging_mixin.py:150} INFO - [2023-10-17T00:13:55.252+0000] {dag.py:3504} INFO - Setting next_dagrun for group_dag.transforms to None, run_after=None
[2023-10-17T00:13:55.265+0000] {logging_mixin.py:150} INFO - [2023-10-17T00:13:55.264+0000] {dag.py:2742} INFO - Sync 2 DAGs
[2023-10-17T00:13:55.274+0000] {logging_mixin.py:150} INFO - [2023-10-17T00:13:55.273+0000] {dag.py:3504} INFO - Setting next_dagrun for group_dag.downloads to None, run_after=None
[2023-10-17T00:13:55.277+0000] {logging_mixin.py:150} INFO - [2023-10-17T00:13:55.276+0000] {dag.py:3504} INFO - Setting next_dagrun for group_dag.transforms to None, run_after=None
[2023-10-17T00:13:55.295+0000] {processor.py:179} INFO - Processing /opt/airflow/dags/group_dag.py took 0.180 seconds
[2023-10-17T00:14:25.414+0000] {processor.py:157} INFO - Started process (PID=4365) to work on /opt/airflow/dags/group_dag.py
[2023-10-17T00:14:25.419+0000] {processor.py:826} INFO - Processing file /opt/airflow/dags/group_dag.py for tasks to queue
[2023-10-17T00:14:25.420+0000] {logging_mixin.py:150} INFO - [2023-10-17T00:14:25.420+0000] {dagbag.py:541} INFO - Filling up the DagBag from /opt/airflow/dags/group_dag.py
[2023-10-17T00:14:25.463+0000] {processor.py:836} INFO - DAG(s) dict_keys(['group_dag.downloads', 'group_dag.transforms', 'group_dag']) retrieved from /opt/airflow/dags/group_dag.py
[2023-10-17T00:14:25.488+0000] {logging_mixin.py:150} INFO - [2023-10-17T00:14:25.487+0000] {dag.py:2742} INFO - Sync 3 DAGs
[2023-10-17T00:14:25.532+0000] {logging_mixin.py:150} INFO - [2023-10-17T00:14:25.532+0000] {dag.py:3504} INFO - Setting next_dagrun for group_dag to 2023-10-17T00:00:00+00:00, run_after=2023-10-18T00:00:00+00:00
[2023-10-17T00:14:25.536+0000] {logging_mixin.py:150} INFO - [2023-10-17T00:14:25.536+0000] {dag.py:3504} INFO - Setting next_dagrun for group_dag.downloads to None, run_after=None
[2023-10-17T00:14:25.537+0000] {logging_mixin.py:150} INFO - [2023-10-17T00:14:25.537+0000] {dag.py:3504} INFO - Setting next_dagrun for group_dag.transforms to None, run_after=None
[2023-10-17T00:14:25.549+0000] {logging_mixin.py:150} INFO - [2023-10-17T00:14:25.549+0000] {dag.py:2742} INFO - Sync 2 DAGs
[2023-10-17T00:14:25.555+0000] {logging_mixin.py:150} INFO - [2023-10-17T00:14:25.555+0000] {dag.py:3504} INFO - Setting next_dagrun for group_dag.downloads to None, run_after=None
[2023-10-17T00:14:25.555+0000] {logging_mixin.py:150} INFO - [2023-10-17T00:14:25.555+0000] {dag.py:3504} INFO - Setting next_dagrun for group_dag.transforms to None, run_after=None
[2023-10-17T00:14:25.576+0000] {processor.py:179} INFO - Processing /opt/airflow/dags/group_dag.py took 0.170 seconds
[2023-10-17T00:14:55.695+0000] {processor.py:157} INFO - Started process (PID=4386) to work on /opt/airflow/dags/group_dag.py
[2023-10-17T00:14:55.698+0000] {processor.py:826} INFO - Processing file /opt/airflow/dags/group_dag.py for tasks to queue
[2023-10-17T00:14:55.700+0000] {logging_mixin.py:150} INFO - [2023-10-17T00:14:55.699+0000] {dagbag.py:541} INFO - Filling up the DagBag from /opt/airflow/dags/group_dag.py
[2023-10-17T00:14:55.752+0000] {processor.py:836} INFO - DAG(s) dict_keys(['group_dag.downloads', 'group_dag.transforms', 'group_dag']) retrieved from /opt/airflow/dags/group_dag.py
[2023-10-17T00:14:55.783+0000] {logging_mixin.py:150} INFO - [2023-10-17T00:14:55.782+0000] {dag.py:2742} INFO - Sync 3 DAGs
[2023-10-17T00:14:55.831+0000] {logging_mixin.py:150} INFO - [2023-10-17T00:14:55.831+0000] {dag.py:3504} INFO - Setting next_dagrun for group_dag to 2023-10-17T00:00:00+00:00, run_after=2023-10-18T00:00:00+00:00
[2023-10-17T00:14:55.837+0000] {logging_mixin.py:150} INFO - [2023-10-17T00:14:55.837+0000] {dag.py:3504} INFO - Setting next_dagrun for group_dag.downloads to None, run_after=None
[2023-10-17T00:14:55.839+0000] {logging_mixin.py:150} INFO - [2023-10-17T00:14:55.839+0000] {dag.py:3504} INFO - Setting next_dagrun for group_dag.transforms to None, run_after=None
[2023-10-17T00:14:55.856+0000] {logging_mixin.py:150} INFO - [2023-10-17T00:14:55.855+0000] {dag.py:2742} INFO - Sync 2 DAGs
[2023-10-17T00:14:55.870+0000] {logging_mixin.py:150} INFO - [2023-10-17T00:14:55.870+0000] {dag.py:3504} INFO - Setting next_dagrun for group_dag.downloads to None, run_after=None
[2023-10-17T00:14:55.871+0000] {logging_mixin.py:150} INFO - [2023-10-17T00:14:55.871+0000] {dag.py:3504} INFO - Setting next_dagrun for group_dag.transforms to None, run_after=None
[2023-10-17T00:14:55.901+0000] {processor.py:179} INFO - Processing /opt/airflow/dags/group_dag.py took 0.214 seconds
[2023-10-17T00:15:26.106+0000] {processor.py:157} INFO - Started process (PID=4407) to work on /opt/airflow/dags/group_dag.py
[2023-10-17T00:15:26.115+0000] {processor.py:826} INFO - Processing file /opt/airflow/dags/group_dag.py for tasks to queue
[2023-10-17T00:15:26.117+0000] {logging_mixin.py:150} INFO - [2023-10-17T00:15:26.117+0000] {dagbag.py:541} INFO - Filling up the DagBag from /opt/airflow/dags/group_dag.py
[2023-10-17T00:15:26.280+0000] {processor.py:836} INFO - DAG(s) dict_keys(['group_dag.downloads', 'group_dag.transforms', 'group_dag']) retrieved from /opt/airflow/dags/group_dag.py
[2023-10-17T00:15:26.335+0000] {logging_mixin.py:150} INFO - [2023-10-17T00:15:26.335+0000] {dag.py:2742} INFO - Sync 3 DAGs
[2023-10-17T00:15:26.436+0000] {logging_mixin.py:150} INFO - [2023-10-17T00:15:26.435+0000] {dag.py:3504} INFO - Setting next_dagrun for group_dag to 2023-10-17T00:00:00+00:00, run_after=2023-10-18T00:00:00+00:00
[2023-10-17T00:15:26.453+0000] {logging_mixin.py:150} INFO - [2023-10-17T00:15:26.453+0000] {dag.py:3504} INFO - Setting next_dagrun for group_dag.downloads to None, run_after=None
[2023-10-17T00:15:26.456+0000] {logging_mixin.py:150} INFO - [2023-10-17T00:15:26.456+0000] {dag.py:3504} INFO - Setting next_dagrun for group_dag.transforms to None, run_after=None
[2023-10-17T00:15:26.478+0000] {logging_mixin.py:150} INFO - [2023-10-17T00:15:26.478+0000] {dag.py:2742} INFO - Sync 2 DAGs
[2023-10-17T00:15:26.503+0000] {logging_mixin.py:150} INFO - [2023-10-17T00:15:26.502+0000] {dag.py:3504} INFO - Setting next_dagrun for group_dag.downloads to None, run_after=None
[2023-10-17T00:15:26.504+0000] {logging_mixin.py:150} INFO - [2023-10-17T00:15:26.504+0000] {dag.py:3504} INFO - Setting next_dagrun for group_dag.transforms to None, run_after=None
[2023-10-17T00:15:26.547+0000] {processor.py:179} INFO - Processing /opt/airflow/dags/group_dag.py took 0.447 seconds
[2023-10-17T00:15:56.929+0000] {processor.py:157} INFO - Started process (PID=4428) to work on /opt/airflow/dags/group_dag.py
[2023-10-17T00:15:56.933+0000] {processor.py:826} INFO - Processing file /opt/airflow/dags/group_dag.py for tasks to queue
[2023-10-17T00:15:56.935+0000] {logging_mixin.py:150} INFO - [2023-10-17T00:15:56.934+0000] {dagbag.py:541} INFO - Filling up the DagBag from /opt/airflow/dags/group_dag.py
[2023-10-17T00:15:56.983+0000] {processor.py:836} INFO - DAG(s) dict_keys(['group_dag.downloads', 'group_dag.transforms', 'group_dag']) retrieved from /opt/airflow/dags/group_dag.py
[2023-10-17T00:15:57.013+0000] {logging_mixin.py:150} INFO - [2023-10-17T00:15:57.012+0000] {dag.py:2742} INFO - Sync 3 DAGs
[2023-10-17T00:15:57.056+0000] {logging_mixin.py:150} INFO - [2023-10-17T00:15:57.056+0000] {dag.py:3504} INFO - Setting next_dagrun for group_dag to 2023-10-17T00:00:00+00:00, run_after=2023-10-18T00:00:00+00:00
[2023-10-17T00:15:57.061+0000] {logging_mixin.py:150} INFO - [2023-10-17T00:15:57.060+0000] {dag.py:3504} INFO - Setting next_dagrun for group_dag.downloads to None, run_after=None
[2023-10-17T00:15:57.067+0000] {logging_mixin.py:150} INFO - [2023-10-17T00:15:57.067+0000] {dag.py:3504} INFO - Setting next_dagrun for group_dag.transforms to None, run_after=None
[2023-10-17T00:15:57.086+0000] {logging_mixin.py:150} INFO - [2023-10-17T00:15:57.085+0000] {dag.py:2742} INFO - Sync 2 DAGs
[2023-10-17T00:15:57.099+0000] {logging_mixin.py:150} INFO - [2023-10-17T00:15:57.098+0000] {dag.py:3504} INFO - Setting next_dagrun for group_dag.downloads to None, run_after=None
[2023-10-17T00:15:57.101+0000] {logging_mixin.py:150} INFO - [2023-10-17T00:15:57.100+0000] {dag.py:3504} INFO - Setting next_dagrun for group_dag.transforms to None, run_after=None
[2023-10-17T00:15:57.128+0000] {processor.py:179} INFO - Processing /opt/airflow/dags/group_dag.py took 0.203 seconds
[2023-10-17T00:16:27.340+0000] {processor.py:157} INFO - Started process (PID=4450) to work on /opt/airflow/dags/group_dag.py
[2023-10-17T00:16:27.342+0000] {processor.py:826} INFO - Processing file /opt/airflow/dags/group_dag.py for tasks to queue
[2023-10-17T00:16:27.344+0000] {logging_mixin.py:150} INFO - [2023-10-17T00:16:27.343+0000] {dagbag.py:541} INFO - Filling up the DagBag from /opt/airflow/dags/group_dag.py
[2023-10-17T00:16:27.398+0000] {processor.py:836} INFO - DAG(s) dict_keys(['group_dag.transforms', 'group_dag.downloads', 'group_dag']) retrieved from /opt/airflow/dags/group_dag.py
[2023-10-17T00:16:27.429+0000] {logging_mixin.py:150} INFO - [2023-10-17T00:16:27.428+0000] {dag.py:2742} INFO - Sync 3 DAGs
[2023-10-17T00:16:27.475+0000] {logging_mixin.py:150} INFO - [2023-10-17T00:16:27.475+0000] {dag.py:3504} INFO - Setting next_dagrun for group_dag to 2023-10-17T00:00:00+00:00, run_after=2023-10-18T00:00:00+00:00
[2023-10-17T00:16:27.481+0000] {logging_mixin.py:150} INFO - [2023-10-17T00:16:27.480+0000] {dag.py:3504} INFO - Setting next_dagrun for group_dag.downloads to None, run_after=None
[2023-10-17T00:16:27.486+0000] {logging_mixin.py:150} INFO - [2023-10-17T00:16:27.486+0000] {dag.py:3504} INFO - Setting next_dagrun for group_dag.transforms to None, run_after=None
[2023-10-17T00:16:27.498+0000] {logging_mixin.py:150} INFO - [2023-10-17T00:16:27.497+0000] {dag.py:2742} INFO - Sync 2 DAGs
[2023-10-17T00:16:27.507+0000] {logging_mixin.py:150} INFO - [2023-10-17T00:16:27.507+0000] {dag.py:3504} INFO - Setting next_dagrun for group_dag.downloads to None, run_after=None
[2023-10-17T00:16:27.507+0000] {logging_mixin.py:150} INFO - [2023-10-17T00:16:27.507+0000] {dag.py:3504} INFO - Setting next_dagrun for group_dag.transforms to None, run_after=None
[2023-10-17T00:16:27.525+0000] {processor.py:179} INFO - Processing /opt/airflow/dags/group_dag.py took 0.192 seconds
[2023-10-17T00:16:57.579+0000] {processor.py:157} INFO - Started process (PID=4471) to work on /opt/airflow/dags/group_dag.py
[2023-10-17T00:16:57.581+0000] {processor.py:826} INFO - Processing file /opt/airflow/dags/group_dag.py for tasks to queue
[2023-10-17T00:16:57.587+0000] {logging_mixin.py:150} INFO - [2023-10-17T00:16:57.585+0000] {dagbag.py:541} INFO - Filling up the DagBag from /opt/airflow/dags/group_dag.py
[2023-10-17T00:16:57.630+0000] {processor.py:836} INFO - DAG(s) dict_keys(['group_dag.transforms', 'group_dag.downloads', 'group_dag']) retrieved from /opt/airflow/dags/group_dag.py
[2023-10-17T00:16:57.657+0000] {logging_mixin.py:150} INFO - [2023-10-17T00:16:57.657+0000] {dag.py:2742} INFO - Sync 3 DAGs
[2023-10-17T00:16:57.693+0000] {logging_mixin.py:150} INFO - [2023-10-17T00:16:57.692+0000] {dag.py:3504} INFO - Setting next_dagrun for group_dag to 2023-10-17T00:00:00+00:00, run_after=2023-10-18T00:00:00+00:00
[2023-10-17T00:16:57.696+0000] {logging_mixin.py:150} INFO - [2023-10-17T00:16:57.696+0000] {dag.py:3504} INFO - Setting next_dagrun for group_dag.downloads to None, run_after=None
[2023-10-17T00:16:57.699+0000] {logging_mixin.py:150} INFO - [2023-10-17T00:16:57.698+0000] {dag.py:3504} INFO - Setting next_dagrun for group_dag.transforms to None, run_after=None
[2023-10-17T00:16:57.709+0000] {logging_mixin.py:150} INFO - [2023-10-17T00:16:57.709+0000] {dag.py:2742} INFO - Sync 2 DAGs
[2023-10-17T00:16:57.720+0000] {logging_mixin.py:150} INFO - [2023-10-17T00:16:57.719+0000] {dag.py:3504} INFO - Setting next_dagrun for group_dag.downloads to None, run_after=None
[2023-10-17T00:16:57.720+0000] {logging_mixin.py:150} INFO - [2023-10-17T00:16:57.720+0000] {dag.py:3504} INFO - Setting next_dagrun for group_dag.transforms to None, run_after=None
[2023-10-17T00:16:57.740+0000] {processor.py:179} INFO - Processing /opt/airflow/dags/group_dag.py took 0.166 seconds
[2023-10-17T00:17:27.792+0000] {processor.py:157} INFO - Started process (PID=4492) to work on /opt/airflow/dags/group_dag.py
[2023-10-17T00:17:27.794+0000] {processor.py:826} INFO - Processing file /opt/airflow/dags/group_dag.py for tasks to queue
[2023-10-17T00:17:27.795+0000] {logging_mixin.py:150} INFO - [2023-10-17T00:17:27.794+0000] {dagbag.py:541} INFO - Filling up the DagBag from /opt/airflow/dags/group_dag.py
[2023-10-17T00:17:27.840+0000] {processor.py:836} INFO - DAG(s) dict_keys(['group_dag.downloads', 'group_dag.transforms', 'group_dag']) retrieved from /opt/airflow/dags/group_dag.py
[2023-10-17T00:17:27.873+0000] {logging_mixin.py:150} INFO - [2023-10-17T00:17:27.873+0000] {dag.py:2742} INFO - Sync 3 DAGs
[2023-10-17T00:17:27.928+0000] {logging_mixin.py:150} INFO - [2023-10-17T00:17:27.927+0000] {dag.py:3504} INFO - Setting next_dagrun for group_dag to 2023-10-17T00:00:00+00:00, run_after=2023-10-18T00:00:00+00:00
[2023-10-17T00:17:27.932+0000] {logging_mixin.py:150} INFO - [2023-10-17T00:17:27.931+0000] {dag.py:3504} INFO - Setting next_dagrun for group_dag.downloads to None, run_after=None
[2023-10-17T00:17:27.934+0000] {logging_mixin.py:150} INFO - [2023-10-17T00:17:27.933+0000] {dag.py:3504} INFO - Setting next_dagrun for group_dag.transforms to None, run_after=None
[2023-10-17T00:17:27.948+0000] {logging_mixin.py:150} INFO - [2023-10-17T00:17:27.947+0000] {dag.py:2742} INFO - Sync 2 DAGs
[2023-10-17T00:17:27.966+0000] {logging_mixin.py:150} INFO - [2023-10-17T00:17:27.966+0000] {dag.py:3504} INFO - Setting next_dagrun for group_dag.downloads to None, run_after=None
[2023-10-17T00:17:27.967+0000] {logging_mixin.py:150} INFO - [2023-10-17T00:17:27.967+0000] {dag.py:3504} INFO - Setting next_dagrun for group_dag.transforms to None, run_after=None
[2023-10-17T00:17:28.016+0000] {processor.py:179} INFO - Processing /opt/airflow/dags/group_dag.py took 0.229 seconds
[2023-10-17T00:17:58.060+0000] {processor.py:157} INFO - Started process (PID=4513) to work on /opt/airflow/dags/group_dag.py
[2023-10-17T00:17:58.063+0000] {processor.py:826} INFO - Processing file /opt/airflow/dags/group_dag.py for tasks to queue
[2023-10-17T00:17:58.064+0000] {logging_mixin.py:150} INFO - [2023-10-17T00:17:58.064+0000] {dagbag.py:541} INFO - Filling up the DagBag from /opt/airflow/dags/group_dag.py
[2023-10-17T00:17:58.113+0000] {processor.py:836} INFO - DAG(s) dict_keys(['group_dag.downloads', 'group_dag.transforms', 'group_dag']) retrieved from /opt/airflow/dags/group_dag.py
[2023-10-17T00:17:58.144+0000] {logging_mixin.py:150} INFO - [2023-10-17T00:17:58.144+0000] {dag.py:2742} INFO - Sync 3 DAGs
[2023-10-17T00:17:58.187+0000] {logging_mixin.py:150} INFO - [2023-10-17T00:17:58.187+0000] {dag.py:3504} INFO - Setting next_dagrun for group_dag to 2023-10-17T00:00:00+00:00, run_after=2023-10-18T00:00:00+00:00
[2023-10-17T00:17:58.194+0000] {logging_mixin.py:150} INFO - [2023-10-17T00:17:58.194+0000] {dag.py:3504} INFO - Setting next_dagrun for group_dag.downloads to None, run_after=None
[2023-10-17T00:17:58.195+0000] {logging_mixin.py:150} INFO - [2023-10-17T00:17:58.195+0000] {dag.py:3504} INFO - Setting next_dagrun for group_dag.transforms to None, run_after=None
[2023-10-17T00:17:58.205+0000] {logging_mixin.py:150} INFO - [2023-10-17T00:17:58.205+0000] {dag.py:2742} INFO - Sync 2 DAGs
[2023-10-17T00:17:58.215+0000] {logging_mixin.py:150} INFO - [2023-10-17T00:17:58.214+0000] {dag.py:3504} INFO - Setting next_dagrun for group_dag.downloads to None, run_after=None
[2023-10-17T00:17:58.215+0000] {logging_mixin.py:150} INFO - [2023-10-17T00:17:58.215+0000] {dag.py:3504} INFO - Setting next_dagrun for group_dag.transforms to None, run_after=None
[2023-10-17T00:17:58.231+0000] {processor.py:179} INFO - Processing /opt/airflow/dags/group_dag.py took 0.175 seconds
[2023-10-17T00:18:28.407+0000] {processor.py:157} INFO - Started process (PID=4533) to work on /opt/airflow/dags/group_dag.py
[2023-10-17T00:18:28.412+0000] {processor.py:826} INFO - Processing file /opt/airflow/dags/group_dag.py for tasks to queue
[2023-10-17T00:18:28.413+0000] {logging_mixin.py:150} INFO - [2023-10-17T00:18:28.413+0000] {dagbag.py:541} INFO - Filling up the DagBag from /opt/airflow/dags/group_dag.py
[2023-10-17T00:18:28.470+0000] {processor.py:836} INFO - DAG(s) dict_keys(['group_dag.transforms', 'group_dag.downloads', 'group_dag']) retrieved from /opt/airflow/dags/group_dag.py
[2023-10-17T00:18:28.514+0000] {logging_mixin.py:150} INFO - [2023-10-17T00:18:28.513+0000] {dag.py:2742} INFO - Sync 3 DAGs
[2023-10-17T00:18:28.566+0000] {logging_mixin.py:150} INFO - [2023-10-17T00:18:28.565+0000] {dag.py:3504} INFO - Setting next_dagrun for group_dag to 2023-10-17T00:00:00+00:00, run_after=2023-10-18T00:00:00+00:00
[2023-10-17T00:18:28.575+0000] {logging_mixin.py:150} INFO - [2023-10-17T00:18:28.574+0000] {dag.py:3504} INFO - Setting next_dagrun for group_dag.downloads to None, run_after=None
[2023-10-17T00:18:28.579+0000] {logging_mixin.py:150} INFO - [2023-10-17T00:18:28.579+0000] {dag.py:3504} INFO - Setting next_dagrun for group_dag.transforms to None, run_after=None
[2023-10-17T00:18:28.595+0000] {logging_mixin.py:150} INFO - [2023-10-17T00:18:28.595+0000] {dag.py:2742} INFO - Sync 2 DAGs
[2023-10-17T00:18:28.603+0000] {logging_mixin.py:150} INFO - [2023-10-17T00:18:28.602+0000] {dag.py:3504} INFO - Setting next_dagrun for group_dag.downloads to None, run_after=None
[2023-10-17T00:18:28.603+0000] {logging_mixin.py:150} INFO - [2023-10-17T00:18:28.603+0000] {dag.py:3504} INFO - Setting next_dagrun for group_dag.transforms to None, run_after=None
[2023-10-17T00:18:28.628+0000] {processor.py:179} INFO - Processing /opt/airflow/dags/group_dag.py took 0.229 seconds
[2023-10-17T00:18:59.621+0000] {processor.py:157} INFO - Started process (PID=4554) to work on /opt/airflow/dags/group_dag.py
[2023-10-17T00:18:59.629+0000] {processor.py:826} INFO - Processing file /opt/airflow/dags/group_dag.py for tasks to queue
[2023-10-17T00:18:59.630+0000] {logging_mixin.py:150} INFO - [2023-10-17T00:18:59.630+0000] {dagbag.py:541} INFO - Filling up the DagBag from /opt/airflow/dags/group_dag.py
[2023-10-17T00:18:59.682+0000] {processor.py:836} INFO - DAG(s) dict_keys(['group_dag.downloads', 'group_dag.transforms', 'group_dag']) retrieved from /opt/airflow/dags/group_dag.py
[2023-10-17T00:18:59.713+0000] {logging_mixin.py:150} INFO - [2023-10-17T00:18:59.713+0000] {dag.py:2742} INFO - Sync 3 DAGs
[2023-10-17T00:18:59.750+0000] {logging_mixin.py:150} INFO - [2023-10-17T00:18:59.749+0000] {dag.py:3504} INFO - Setting next_dagrun for group_dag to 2023-10-17T00:00:00+00:00, run_after=2023-10-18T00:00:00+00:00
[2023-10-17T00:18:59.754+0000] {logging_mixin.py:150} INFO - [2023-10-17T00:18:59.753+0000] {dag.py:3504} INFO - Setting next_dagrun for group_dag.downloads to None, run_after=None
[2023-10-17T00:18:59.755+0000] {logging_mixin.py:150} INFO - [2023-10-17T00:18:59.755+0000] {dag.py:3504} INFO - Setting next_dagrun for group_dag.transforms to None, run_after=None
[2023-10-17T00:18:59.767+0000] {logging_mixin.py:150} INFO - [2023-10-17T00:18:59.767+0000] {dag.py:2742} INFO - Sync 2 DAGs
[2023-10-17T00:18:59.778+0000] {logging_mixin.py:150} INFO - [2023-10-17T00:18:59.778+0000] {dag.py:3504} INFO - Setting next_dagrun for group_dag.downloads to None, run_after=None
[2023-10-17T00:18:59.778+0000] {logging_mixin.py:150} INFO - [2023-10-17T00:18:59.778+0000] {dag.py:3504} INFO - Setting next_dagrun for group_dag.transforms to None, run_after=None
[2023-10-17T00:18:59.797+0000] {processor.py:179} INFO - Processing /opt/airflow/dags/group_dag.py took 0.182 seconds
[2023-10-17T00:19:29.856+0000] {processor.py:157} INFO - Started process (PID=4575) to work on /opt/airflow/dags/group_dag.py
[2023-10-17T00:19:29.858+0000] {processor.py:826} INFO - Processing file /opt/airflow/dags/group_dag.py for tasks to queue
[2023-10-17T00:19:29.862+0000] {logging_mixin.py:150} INFO - [2023-10-17T00:19:29.861+0000] {dagbag.py:541} INFO - Filling up the DagBag from /opt/airflow/dags/group_dag.py
[2023-10-17T00:19:29.913+0000] {processor.py:836} INFO - DAG(s) dict_keys(['group_dag.downloads', 'group_dag.transforms', 'group_dag']) retrieved from /opt/airflow/dags/group_dag.py
[2023-10-17T00:19:29.941+0000] {logging_mixin.py:150} INFO - [2023-10-17T00:19:29.940+0000] {dag.py:2742} INFO - Sync 3 DAGs
[2023-10-17T00:19:29.979+0000] {logging_mixin.py:150} INFO - [2023-10-17T00:19:29.979+0000] {dag.py:3504} INFO - Setting next_dagrun for group_dag to 2023-10-17T00:00:00+00:00, run_after=2023-10-18T00:00:00+00:00
[2023-10-17T00:19:29.984+0000] {logging_mixin.py:150} INFO - [2023-10-17T00:19:29.983+0000] {dag.py:3504} INFO - Setting next_dagrun for group_dag.downloads to None, run_after=None
[2023-10-17T00:19:29.985+0000] {logging_mixin.py:150} INFO - [2023-10-17T00:19:29.985+0000] {dag.py:3504} INFO - Setting next_dagrun for group_dag.transforms to None, run_after=None
[2023-10-17T00:19:29.997+0000] {logging_mixin.py:150} INFO - [2023-10-17T00:19:29.996+0000] {dag.py:2742} INFO - Sync 2 DAGs
[2023-10-17T00:19:30.004+0000] {logging_mixin.py:150} INFO - [2023-10-17T00:19:30.004+0000] {dag.py:3504} INFO - Setting next_dagrun for group_dag.downloads to None, run_after=None
[2023-10-17T00:19:30.005+0000] {logging_mixin.py:150} INFO - [2023-10-17T00:19:30.005+0000] {dag.py:3504} INFO - Setting next_dagrun for group_dag.transforms to None, run_after=None
[2023-10-17T00:19:30.023+0000] {processor.py:179} INFO - Processing /opt/airflow/dags/group_dag.py took 0.173 seconds
[2023-10-17T00:20:01.033+0000] {processor.py:157} INFO - Started process (PID=4596) to work on /opt/airflow/dags/group_dag.py
[2023-10-17T00:20:01.034+0000] {processor.py:826} INFO - Processing file /opt/airflow/dags/group_dag.py for tasks to queue
[2023-10-17T00:20:01.036+0000] {logging_mixin.py:150} INFO - [2023-10-17T00:20:01.035+0000] {dagbag.py:541} INFO - Filling up the DagBag from /opt/airflow/dags/group_dag.py
[2023-10-17T00:20:01.089+0000] {processor.py:836} INFO - DAG(s) dict_keys(['group_dag.transforms', 'group_dag.downloads', 'group_dag']) retrieved from /opt/airflow/dags/group_dag.py
[2023-10-17T00:20:01.121+0000] {logging_mixin.py:150} INFO - [2023-10-17T00:20:01.121+0000] {dag.py:2742} INFO - Sync 3 DAGs
[2023-10-17T00:20:01.158+0000] {logging_mixin.py:150} INFO - [2023-10-17T00:20:01.157+0000] {dag.py:3504} INFO - Setting next_dagrun for group_dag to 2023-10-17T00:00:00+00:00, run_after=2023-10-18T00:00:00+00:00
[2023-10-17T00:20:01.167+0000] {logging_mixin.py:150} INFO - [2023-10-17T00:20:01.166+0000] {dag.py:3504} INFO - Setting next_dagrun for group_dag.downloads to None, run_after=None
[2023-10-17T00:20:01.169+0000] {logging_mixin.py:150} INFO - [2023-10-17T00:20:01.168+0000] {dag.py:3504} INFO - Setting next_dagrun for group_dag.transforms to None, run_after=None
[2023-10-17T00:20:01.178+0000] {logging_mixin.py:150} INFO - [2023-10-17T00:20:01.178+0000] {dag.py:2742} INFO - Sync 2 DAGs
[2023-10-17T00:20:01.187+0000] {logging_mixin.py:150} INFO - [2023-10-17T00:20:01.186+0000] {dag.py:3504} INFO - Setting next_dagrun for group_dag.downloads to None, run_after=None
[2023-10-17T00:20:01.187+0000] {logging_mixin.py:150} INFO - [2023-10-17T00:20:01.187+0000] {dag.py:3504} INFO - Setting next_dagrun for group_dag.transforms to None, run_after=None
[2023-10-17T00:20:01.206+0000] {processor.py:179} INFO - Processing /opt/airflow/dags/group_dag.py took 0.183 seconds
[2023-10-17T00:20:31.252+0000] {processor.py:157} INFO - Started process (PID=4618) to work on /opt/airflow/dags/group_dag.py
[2023-10-17T00:20:31.254+0000] {processor.py:826} INFO - Processing file /opt/airflow/dags/group_dag.py for tasks to queue
[2023-10-17T00:20:31.255+0000] {logging_mixin.py:150} INFO - [2023-10-17T00:20:31.255+0000] {dagbag.py:541} INFO - Filling up the DagBag from /opt/airflow/dags/group_dag.py
[2023-10-17T00:20:31.307+0000] {processor.py:836} INFO - DAG(s) dict_keys(['group_dag.transforms', 'group_dag.downloads', 'group_dag']) retrieved from /opt/airflow/dags/group_dag.py
[2023-10-17T00:20:31.335+0000] {logging_mixin.py:150} INFO - [2023-10-17T00:20:31.335+0000] {dag.py:2742} INFO - Sync 3 DAGs
[2023-10-17T00:20:31.369+0000] {logging_mixin.py:150} INFO - [2023-10-17T00:20:31.369+0000] {dag.py:3504} INFO - Setting next_dagrun for group_dag to 2023-10-17T00:00:00+00:00, run_after=2023-10-18T00:00:00+00:00
[2023-10-17T00:20:31.375+0000] {logging_mixin.py:150} INFO - [2023-10-17T00:20:31.374+0000] {dag.py:3504} INFO - Setting next_dagrun for group_dag.downloads to None, run_after=None
[2023-10-17T00:20:31.376+0000] {logging_mixin.py:150} INFO - [2023-10-17T00:20:31.376+0000] {dag.py:3504} INFO - Setting next_dagrun for group_dag.transforms to None, run_after=None
[2023-10-17T00:20:31.388+0000] {logging_mixin.py:150} INFO - [2023-10-17T00:20:31.387+0000] {dag.py:2742} INFO - Sync 2 DAGs
[2023-10-17T00:20:31.400+0000] {logging_mixin.py:150} INFO - [2023-10-17T00:20:31.399+0000] {dag.py:3504} INFO - Setting next_dagrun for group_dag.downloads to None, run_after=None
[2023-10-17T00:20:31.400+0000] {logging_mixin.py:150} INFO - [2023-10-17T00:20:31.400+0000] {dag.py:3504} INFO - Setting next_dagrun for group_dag.transforms to None, run_after=None
[2023-10-17T00:20:31.421+0000] {processor.py:179} INFO - Processing /opt/airflow/dags/group_dag.py took 0.173 seconds
[2023-10-17T00:21:01.482+0000] {processor.py:157} INFO - Started process (PID=4639) to work on /opt/airflow/dags/group_dag.py
[2023-10-17T00:21:01.484+0000] {processor.py:826} INFO - Processing file /opt/airflow/dags/group_dag.py for tasks to queue
[2023-10-17T00:21:01.486+0000] {logging_mixin.py:150} INFO - [2023-10-17T00:21:01.485+0000] {dagbag.py:541} INFO - Filling up the DagBag from /opt/airflow/dags/group_dag.py
[2023-10-17T00:21:01.567+0000] {processor.py:836} INFO - DAG(s) dict_keys(['group_dag.downloads', 'group_dag.transforms', 'group_dag']) retrieved from /opt/airflow/dags/group_dag.py
[2023-10-17T00:21:01.628+0000] {logging_mixin.py:150} INFO - [2023-10-17T00:21:01.627+0000] {dag.py:2742} INFO - Sync 3 DAGs
[2023-10-17T00:21:01.694+0000] {logging_mixin.py:150} INFO - [2023-10-17T00:21:01.694+0000] {dag.py:3504} INFO - Setting next_dagrun for group_dag to 2023-10-17T00:00:00+00:00, run_after=2023-10-18T00:00:00+00:00
[2023-10-17T00:21:01.703+0000] {logging_mixin.py:150} INFO - [2023-10-17T00:21:01.702+0000] {dag.py:3504} INFO - Setting next_dagrun for group_dag.downloads to None, run_after=None
[2023-10-17T00:21:01.706+0000] {logging_mixin.py:150} INFO - [2023-10-17T00:21:01.705+0000] {dag.py:3504} INFO - Setting next_dagrun for group_dag.transforms to None, run_after=None
[2023-10-17T00:21:01.720+0000] {logging_mixin.py:150} INFO - [2023-10-17T00:21:01.720+0000] {dag.py:2742} INFO - Sync 2 DAGs
[2023-10-17T00:21:01.728+0000] {logging_mixin.py:150} INFO - [2023-10-17T00:21:01.728+0000] {dag.py:3504} INFO - Setting next_dagrun for group_dag.downloads to None, run_after=None
[2023-10-17T00:21:01.730+0000] {logging_mixin.py:150} INFO - [2023-10-17T00:21:01.729+0000] {dag.py:3504} INFO - Setting next_dagrun for group_dag.transforms to None, run_after=None
[2023-10-17T00:21:01.757+0000] {processor.py:179} INFO - Processing /opt/airflow/dags/group_dag.py took 0.280 seconds
[2023-10-17T00:21:31.821+0000] {processor.py:157} INFO - Started process (PID=4660) to work on /opt/airflow/dags/group_dag.py
[2023-10-17T00:21:31.822+0000] {processor.py:826} INFO - Processing file /opt/airflow/dags/group_dag.py for tasks to queue
[2023-10-17T00:21:31.823+0000] {logging_mixin.py:150} INFO - [2023-10-17T00:21:31.823+0000] {dagbag.py:541} INFO - Filling up the DagBag from /opt/airflow/dags/group_dag.py
[2023-10-17T00:21:31.878+0000] {processor.py:836} INFO - DAG(s) dict_keys(['group_dag.transforms', 'group_dag.downloads', 'group_dag']) retrieved from /opt/airflow/dags/group_dag.py
[2023-10-17T00:21:31.911+0000] {logging_mixin.py:150} INFO - [2023-10-17T00:21:31.911+0000] {dag.py:2742} INFO - Sync 3 DAGs
[2023-10-17T00:21:31.957+0000] {logging_mixin.py:150} INFO - [2023-10-17T00:21:31.957+0000] {dag.py:3504} INFO - Setting next_dagrun for group_dag to 2023-10-17T00:00:00+00:00, run_after=2023-10-18T00:00:00+00:00
[2023-10-17T00:21:31.970+0000] {logging_mixin.py:150} INFO - [2023-10-17T00:21:31.970+0000] {dag.py:3504} INFO - Setting next_dagrun for group_dag.downloads to None, run_after=None
[2023-10-17T00:21:31.972+0000] {logging_mixin.py:150} INFO - [2023-10-17T00:21:31.972+0000] {dag.py:3504} INFO - Setting next_dagrun for group_dag.transforms to None, run_after=None
[2023-10-17T00:21:31.980+0000] {logging_mixin.py:150} INFO - [2023-10-17T00:21:31.980+0000] {dag.py:2742} INFO - Sync 2 DAGs
[2023-10-17T00:21:32.007+0000] {logging_mixin.py:150} INFO - [2023-10-17T00:21:32.006+0000] {dag.py:3504} INFO - Setting next_dagrun for group_dag.downloads to None, run_after=None
[2023-10-17T00:21:32.007+0000] {logging_mixin.py:150} INFO - [2023-10-17T00:21:32.007+0000] {dag.py:3504} INFO - Setting next_dagrun for group_dag.transforms to None, run_after=None
[2023-10-17T00:21:32.027+0000] {processor.py:179} INFO - Processing /opt/airflow/dags/group_dag.py took 0.215 seconds
[2023-10-17T00:22:02.151+0000] {processor.py:157} INFO - Started process (PID=4681) to work on /opt/airflow/dags/group_dag.py
[2023-10-17T00:22:02.155+0000] {processor.py:826} INFO - Processing file /opt/airflow/dags/group_dag.py for tasks to queue
[2023-10-17T00:22:02.156+0000] {logging_mixin.py:150} INFO - [2023-10-17T00:22:02.156+0000] {dagbag.py:541} INFO - Filling up the DagBag from /opt/airflow/dags/group_dag.py
[2023-10-17T00:22:02.202+0000] {processor.py:836} INFO - DAG(s) dict_keys(['group_dag.downloads', 'group_dag.transforms', 'group_dag']) retrieved from /opt/airflow/dags/group_dag.py
[2023-10-17T00:22:02.232+0000] {logging_mixin.py:150} INFO - [2023-10-17T00:22:02.232+0000] {dag.py:2742} INFO - Sync 3 DAGs
[2023-10-17T00:22:02.306+0000] {logging_mixin.py:150} INFO - [2023-10-17T00:22:02.305+0000] {dag.py:3504} INFO - Setting next_dagrun for group_dag to 2023-10-17T00:00:00+00:00, run_after=2023-10-18T00:00:00+00:00
[2023-10-17T00:22:02.310+0000] {logging_mixin.py:150} INFO - [2023-10-17T00:22:02.310+0000] {dag.py:3504} INFO - Setting next_dagrun for group_dag.downloads to None, run_after=None
[2023-10-17T00:22:02.312+0000] {logging_mixin.py:150} INFO - [2023-10-17T00:22:02.311+0000] {dag.py:3504} INFO - Setting next_dagrun for group_dag.transforms to None, run_after=None
[2023-10-17T00:22:02.322+0000] {logging_mixin.py:150} INFO - [2023-10-17T00:22:02.321+0000] {dag.py:2742} INFO - Sync 2 DAGs
[2023-10-17T00:22:02.328+0000] {logging_mixin.py:150} INFO - [2023-10-17T00:22:02.328+0000] {dag.py:3504} INFO - Setting next_dagrun for group_dag.downloads to None, run_after=None
[2023-10-17T00:22:02.329+0000] {logging_mixin.py:150} INFO - [2023-10-17T00:22:02.328+0000] {dag.py:3504} INFO - Setting next_dagrun for group_dag.transforms to None, run_after=None
[2023-10-17T00:22:02.344+0000] {processor.py:179} INFO - Processing /opt/airflow/dags/group_dag.py took 0.200 seconds
[2023-10-17T00:22:33.284+0000] {processor.py:157} INFO - Started process (PID=4702) to work on /opt/airflow/dags/group_dag.py
[2023-10-17T00:22:33.287+0000] {processor.py:826} INFO - Processing file /opt/airflow/dags/group_dag.py for tasks to queue
[2023-10-17T00:22:33.288+0000] {logging_mixin.py:150} INFO - [2023-10-17T00:22:33.288+0000] {dagbag.py:541} INFO - Filling up the DagBag from /opt/airflow/dags/group_dag.py
[2023-10-17T00:22:33.330+0000] {processor.py:836} INFO - DAG(s) dict_keys(['group_dag.transforms', 'group_dag.downloads', 'group_dag']) retrieved from /opt/airflow/dags/group_dag.py
[2023-10-17T00:22:33.353+0000] {logging_mixin.py:150} INFO - [2023-10-17T00:22:33.352+0000] {dag.py:2742} INFO - Sync 3 DAGs
[2023-10-17T00:22:33.388+0000] {logging_mixin.py:150} INFO - [2023-10-17T00:22:33.388+0000] {dag.py:3504} INFO - Setting next_dagrun for group_dag to 2023-10-17T00:00:00+00:00, run_after=2023-10-18T00:00:00+00:00
[2023-10-17T00:22:33.392+0000] {logging_mixin.py:150} INFO - [2023-10-17T00:22:33.392+0000] {dag.py:3504} INFO - Setting next_dagrun for group_dag.downloads to None, run_after=None
[2023-10-17T00:22:33.394+0000] {logging_mixin.py:150} INFO - [2023-10-17T00:22:33.394+0000] {dag.py:3504} INFO - Setting next_dagrun for group_dag.transforms to None, run_after=None
[2023-10-17T00:22:33.405+0000] {logging_mixin.py:150} INFO - [2023-10-17T00:22:33.405+0000] {dag.py:2742} INFO - Sync 2 DAGs
[2023-10-17T00:22:33.413+0000] {logging_mixin.py:150} INFO - [2023-10-17T00:22:33.413+0000] {dag.py:3504} INFO - Setting next_dagrun for group_dag.downloads to None, run_after=None
[2023-10-17T00:22:33.414+0000] {logging_mixin.py:150} INFO - [2023-10-17T00:22:33.414+0000] {dag.py:3504} INFO - Setting next_dagrun for group_dag.transforms to None, run_after=None
[2023-10-17T00:22:33.434+0000] {processor.py:179} INFO - Processing /opt/airflow/dags/group_dag.py took 0.154 seconds
[2023-10-17T00:23:03.514+0000] {processor.py:157} INFO - Started process (PID=4723) to work on /opt/airflow/dags/group_dag.py
[2023-10-17T00:23:03.515+0000] {processor.py:826} INFO - Processing file /opt/airflow/dags/group_dag.py for tasks to queue
[2023-10-17T00:23:03.517+0000] {logging_mixin.py:150} INFO - [2023-10-17T00:23:03.516+0000] {dagbag.py:541} INFO - Filling up the DagBag from /opt/airflow/dags/group_dag.py
[2023-10-17T00:23:03.565+0000] {processor.py:836} INFO - DAG(s) dict_keys(['group_dag.downloads', 'group_dag.transforms', 'group_dag']) retrieved from /opt/airflow/dags/group_dag.py
[2023-10-17T00:23:03.594+0000] {logging_mixin.py:150} INFO - [2023-10-17T00:23:03.594+0000] {dag.py:2742} INFO - Sync 3 DAGs
[2023-10-17T00:23:03.635+0000] {logging_mixin.py:150} INFO - [2023-10-17T00:23:03.635+0000] {dag.py:3504} INFO - Setting next_dagrun for group_dag to 2023-10-17T00:00:00+00:00, run_after=2023-10-18T00:00:00+00:00
[2023-10-17T00:23:03.647+0000] {logging_mixin.py:150} INFO - [2023-10-17T00:23:03.646+0000] {dag.py:3504} INFO - Setting next_dagrun for group_dag.downloads to None, run_after=None
[2023-10-17T00:23:03.649+0000] {logging_mixin.py:150} INFO - [2023-10-17T00:23:03.649+0000] {dag.py:3504} INFO - Setting next_dagrun for group_dag.transforms to None, run_after=None
[2023-10-17T00:23:03.662+0000] {logging_mixin.py:150} INFO - [2023-10-17T00:23:03.661+0000] {dag.py:2742} INFO - Sync 2 DAGs
[2023-10-17T00:23:03.669+0000] {logging_mixin.py:150} INFO - [2023-10-17T00:23:03.669+0000] {dag.py:3504} INFO - Setting next_dagrun for group_dag.downloads to None, run_after=None
[2023-10-17T00:23:03.670+0000] {logging_mixin.py:150} INFO - [2023-10-17T00:23:03.670+0000] {dag.py:3504} INFO - Setting next_dagrun for group_dag.transforms to None, run_after=None
[2023-10-17T00:23:03.692+0000] {processor.py:179} INFO - Processing /opt/airflow/dags/group_dag.py took 0.184 seconds
[2023-10-17T00:23:34.633+0000] {processor.py:157} INFO - Started process (PID=4744) to work on /opt/airflow/dags/group_dag.py
[2023-10-17T00:23:34.664+0000] {processor.py:826} INFO - Processing file /opt/airflow/dags/group_dag.py for tasks to queue
[2023-10-17T00:23:34.665+0000] {logging_mixin.py:150} INFO - [2023-10-17T00:23:34.664+0000] {dagbag.py:541} INFO - Filling up the DagBag from /opt/airflow/dags/group_dag.py
[2023-10-17T00:23:34.740+0000] {processor.py:836} INFO - DAG(s) dict_keys(['group_dag.downloads', 'group_dag.transforms', 'group_dag']) retrieved from /opt/airflow/dags/group_dag.py
[2023-10-17T00:23:34.794+0000] {logging_mixin.py:150} INFO - [2023-10-17T00:23:34.794+0000] {dag.py:2742} INFO - Sync 3 DAGs
[2023-10-17T00:23:34.853+0000] {logging_mixin.py:150} INFO - [2023-10-17T00:23:34.852+0000] {dag.py:3504} INFO - Setting next_dagrun for group_dag to 2023-10-17T00:00:00+00:00, run_after=2023-10-18T00:00:00+00:00
[2023-10-17T00:23:34.870+0000] {logging_mixin.py:150} INFO - [2023-10-17T00:23:34.869+0000] {dag.py:3504} INFO - Setting next_dagrun for group_dag.downloads to None, run_after=None
[2023-10-17T00:23:34.873+0000] {logging_mixin.py:150} INFO - [2023-10-17T00:23:34.873+0000] {dag.py:3504} INFO - Setting next_dagrun for group_dag.transforms to None, run_after=None
[2023-10-17T00:23:34.885+0000] {logging_mixin.py:150} INFO - [2023-10-17T00:23:34.885+0000] {dag.py:2742} INFO - Sync 2 DAGs
[2023-10-17T00:23:34.896+0000] {logging_mixin.py:150} INFO - [2023-10-17T00:23:34.896+0000] {dag.py:3504} INFO - Setting next_dagrun for group_dag.downloads to None, run_after=None
[2023-10-17T00:23:34.897+0000] {logging_mixin.py:150} INFO - [2023-10-17T00:23:34.897+0000] {dag.py:3504} INFO - Setting next_dagrun for group_dag.transforms to None, run_after=None
[2023-10-17T00:23:34.934+0000] {processor.py:179} INFO - Processing /opt/airflow/dags/group_dag.py took 0.305 seconds
[2023-10-17T00:24:04.971+0000] {processor.py:157} INFO - Started process (PID=4765) to work on /opt/airflow/dags/group_dag.py
[2023-10-17T00:24:04.972+0000] {processor.py:826} INFO - Processing file /opt/airflow/dags/group_dag.py for tasks to queue
[2023-10-17T00:24:04.975+0000] {logging_mixin.py:150} INFO - [2023-10-17T00:24:04.973+0000] {dagbag.py:541} INFO - Filling up the DagBag from /opt/airflow/dags/group_dag.py
[2023-10-17T00:24:05.025+0000] {processor.py:836} INFO - DAG(s) dict_keys(['group_dag.downloads', 'group_dag.transforms', 'group_dag']) retrieved from /opt/airflow/dags/group_dag.py
[2023-10-17T00:24:05.049+0000] {logging_mixin.py:150} INFO - [2023-10-17T00:24:05.048+0000] {dag.py:2742} INFO - Sync 3 DAGs
[2023-10-17T00:24:05.082+0000] {logging_mixin.py:150} INFO - [2023-10-17T00:24:05.082+0000] {dag.py:3504} INFO - Setting next_dagrun for group_dag to 2023-10-17T00:00:00+00:00, run_after=2023-10-18T00:00:00+00:00
[2023-10-17T00:24:05.086+0000] {logging_mixin.py:150} INFO - [2023-10-17T00:24:05.085+0000] {dag.py:3504} INFO - Setting next_dagrun for group_dag.downloads to None, run_after=None
[2023-10-17T00:24:05.087+0000] {logging_mixin.py:150} INFO - [2023-10-17T00:24:05.087+0000] {dag.py:3504} INFO - Setting next_dagrun for group_dag.transforms to None, run_after=None
[2023-10-17T00:24:05.096+0000] {logging_mixin.py:150} INFO - [2023-10-17T00:24:05.096+0000] {dag.py:2742} INFO - Sync 2 DAGs
[2023-10-17T00:24:05.103+0000] {logging_mixin.py:150} INFO - [2023-10-17T00:24:05.103+0000] {dag.py:3504} INFO - Setting next_dagrun for group_dag.downloads to None, run_after=None
[2023-10-17T00:24:05.104+0000] {logging_mixin.py:150} INFO - [2023-10-17T00:24:05.104+0000] {dag.py:3504} INFO - Setting next_dagrun for group_dag.transforms to None, run_after=None
[2023-10-17T00:24:05.119+0000] {processor.py:179} INFO - Processing /opt/airflow/dags/group_dag.py took 0.152 seconds
[2023-10-17T00:24:36.816+0000] {processor.py:157} INFO - Started process (PID=4790) to work on /opt/airflow/dags/group_dag.py
[2023-10-17T00:24:36.817+0000] {processor.py:826} INFO - Processing file /opt/airflow/dags/group_dag.py for tasks to queue
[2023-10-17T00:24:36.818+0000] {logging_mixin.py:150} INFO - [2023-10-17T00:24:36.818+0000] {dagbag.py:541} INFO - Filling up the DagBag from /opt/airflow/dags/group_dag.py
[2023-10-17T00:24:36.886+0000] {processor.py:836} INFO - DAG(s) dict_keys(['group_dag.downloads', 'group_dag.transforms', 'group_dag']) retrieved from /opt/airflow/dags/group_dag.py
[2023-10-17T00:24:36.930+0000] {logging_mixin.py:150} INFO - [2023-10-17T00:24:36.930+0000] {dag.py:2742} INFO - Sync 3 DAGs
[2023-10-17T00:24:37.007+0000] {logging_mixin.py:150} INFO - [2023-10-17T00:24:37.007+0000] {dag.py:3504} INFO - Setting next_dagrun for group_dag to 2023-10-17T00:00:00+00:00, run_after=2023-10-18T00:00:00+00:00
[2023-10-17T00:24:37.020+0000] {logging_mixin.py:150} INFO - [2023-10-17T00:24:37.020+0000] {dag.py:3504} INFO - Setting next_dagrun for group_dag.downloads to None, run_after=None
[2023-10-17T00:24:37.022+0000] {logging_mixin.py:150} INFO - [2023-10-17T00:24:37.022+0000] {dag.py:3504} INFO - Setting next_dagrun for group_dag.transforms to None, run_after=None
[2023-10-17T00:24:37.039+0000] {logging_mixin.py:150} INFO - [2023-10-17T00:24:37.039+0000] {dag.py:2742} INFO - Sync 2 DAGs
[2023-10-17T00:24:37.054+0000] {logging_mixin.py:150} INFO - [2023-10-17T00:24:37.054+0000] {dag.py:3504} INFO - Setting next_dagrun for group_dag.downloads to None, run_after=None
[2023-10-17T00:24:37.055+0000] {logging_mixin.py:150} INFO - [2023-10-17T00:24:37.054+0000] {dag.py:3504} INFO - Setting next_dagrun for group_dag.transforms to None, run_after=None
[2023-10-17T00:24:37.090+0000] {processor.py:179} INFO - Processing /opt/airflow/dags/group_dag.py took 0.284 seconds
