[2023-10-17T00:00:05.203+0000] {processor.py:157} INFO - Started process (PID=3740) to work on /opt/airflow/dags/parallel_dag.py
[2023-10-17T00:00:05.205+0000] {processor.py:826} INFO - Processing file /opt/airflow/dags/parallel_dag.py for tasks to queue
[2023-10-17T00:00:05.207+0000] {logging_mixin.py:150} INFO - [2023-10-17T00:00:05.206+0000] {dagbag.py:541} INFO - Filling up the DagBag from /opt/airflow/dags/parallel_dag.py
[2023-10-17T00:00:05.267+0000] {processor.py:836} INFO - DAG(s) dict_keys(['parallel_dag']) retrieved from /opt/airflow/dags/parallel_dag.py
[2023-10-17T00:00:05.490+0000] {logging_mixin.py:150} INFO - [2023-10-17T00:00:05.490+0000] {dag.py:2742} INFO - Sync 1 DAGs
[2023-10-17T00:00:05.648+0000] {logging_mixin.py:150} INFO - [2023-10-17T00:00:05.648+0000] {dag.py:3504} INFO - Setting next_dagrun for parallel_dag to 2023-10-17T00:00:00+00:00, run_after=2023-10-18T00:00:00+00:00
[2023-10-17T00:00:05.736+0000] {processor.py:179} INFO - Processing /opt/airflow/dags/parallel_dag.py took 0.545 seconds
[2023-10-17T00:00:36.378+0000] {processor.py:157} INFO - Started process (PID=3784) to work on /opt/airflow/dags/parallel_dag.py
[2023-10-17T00:00:36.389+0000] {processor.py:826} INFO - Processing file /opt/airflow/dags/parallel_dag.py for tasks to queue
[2023-10-17T00:00:36.390+0000] {logging_mixin.py:150} INFO - [2023-10-17T00:00:36.389+0000] {dagbag.py:541} INFO - Filling up the DagBag from /opt/airflow/dags/parallel_dag.py
[2023-10-17T00:00:36.419+0000] {processor.py:836} INFO - DAG(s) dict_keys(['parallel_dag']) retrieved from /opt/airflow/dags/parallel_dag.py
[2023-10-17T00:00:36.486+0000] {logging_mixin.py:150} INFO - [2023-10-17T00:00:36.486+0000] {dag.py:2742} INFO - Sync 1 DAGs
[2023-10-17T00:00:36.555+0000] {logging_mixin.py:150} INFO - [2023-10-17T00:00:36.554+0000] {dag.py:3504} INFO - Setting next_dagrun for parallel_dag to 2023-10-17T00:00:00+00:00, run_after=2023-10-18T00:00:00+00:00
[2023-10-17T00:00:36.627+0000] {processor.py:179} INFO - Processing /opt/airflow/dags/parallel_dag.py took 0.258 seconds
[2023-10-17T00:01:06.834+0000] {processor.py:157} INFO - Started process (PID=3805) to work on /opt/airflow/dags/parallel_dag.py
[2023-10-17T00:01:06.836+0000] {processor.py:826} INFO - Processing file /opt/airflow/dags/parallel_dag.py for tasks to queue
[2023-10-17T00:01:06.837+0000] {logging_mixin.py:150} INFO - [2023-10-17T00:01:06.837+0000] {dagbag.py:541} INFO - Filling up the DagBag from /opt/airflow/dags/parallel_dag.py
[2023-10-17T00:01:06.859+0000] {processor.py:836} INFO - DAG(s) dict_keys(['parallel_dag']) retrieved from /opt/airflow/dags/parallel_dag.py
[2023-10-17T00:01:06.905+0000] {logging_mixin.py:150} INFO - [2023-10-17T00:01:06.904+0000] {dag.py:2742} INFO - Sync 1 DAGs
[2023-10-17T00:01:06.960+0000] {logging_mixin.py:150} INFO - [2023-10-17T00:01:06.959+0000] {dag.py:3504} INFO - Setting next_dagrun for parallel_dag to 2023-10-17T00:00:00+00:00, run_after=2023-10-18T00:00:00+00:00
[2023-10-17T00:01:07.001+0000] {processor.py:179} INFO - Processing /opt/airflow/dags/parallel_dag.py took 0.179 seconds
[2023-10-17T00:01:37.055+0000] {processor.py:157} INFO - Started process (PID=3830) to work on /opt/airflow/dags/parallel_dag.py
[2023-10-17T00:01:37.056+0000] {processor.py:826} INFO - Processing file /opt/airflow/dags/parallel_dag.py for tasks to queue
[2023-10-17T00:01:37.057+0000] {logging_mixin.py:150} INFO - [2023-10-17T00:01:37.057+0000] {dagbag.py:541} INFO - Filling up the DagBag from /opt/airflow/dags/parallel_dag.py
[2023-10-17T00:01:37.075+0000] {processor.py:836} INFO - DAG(s) dict_keys(['parallel_dag']) retrieved from /opt/airflow/dags/parallel_dag.py
[2023-10-17T00:01:37.119+0000] {logging_mixin.py:150} INFO - [2023-10-17T00:01:37.119+0000] {dag.py:2742} INFO - Sync 1 DAGs
[2023-10-17T00:01:37.161+0000] {logging_mixin.py:150} INFO - [2023-10-17T00:01:37.161+0000] {dag.py:3504} INFO - Setting next_dagrun for parallel_dag to 2023-10-17T00:00:00+00:00, run_after=2023-10-18T00:00:00+00:00
[2023-10-17T00:01:37.202+0000] {processor.py:179} INFO - Processing /opt/airflow/dags/parallel_dag.py took 0.155 seconds
[2023-10-17T00:02:07.236+0000] {processor.py:157} INFO - Started process (PID=3851) to work on /opt/airflow/dags/parallel_dag.py
[2023-10-17T00:02:07.238+0000] {processor.py:826} INFO - Processing file /opt/airflow/dags/parallel_dag.py for tasks to queue
[2023-10-17T00:02:07.239+0000] {logging_mixin.py:150} INFO - [2023-10-17T00:02:07.239+0000] {dagbag.py:541} INFO - Filling up the DagBag from /opt/airflow/dags/parallel_dag.py
[2023-10-17T00:02:07.253+0000] {processor.py:836} INFO - DAG(s) dict_keys(['parallel_dag']) retrieved from /opt/airflow/dags/parallel_dag.py
[2023-10-17T00:02:07.289+0000] {logging_mixin.py:150} INFO - [2023-10-17T00:02:07.289+0000] {dag.py:2742} INFO - Sync 1 DAGs
[2023-10-17T00:02:07.327+0000] {logging_mixin.py:150} INFO - [2023-10-17T00:02:07.326+0000] {dag.py:3504} INFO - Setting next_dagrun for parallel_dag to 2023-10-17T00:00:00+00:00, run_after=2023-10-18T00:00:00+00:00
[2023-10-17T00:02:07.360+0000] {processor.py:179} INFO - Processing /opt/airflow/dags/parallel_dag.py took 0.130 seconds
[2023-10-17T00:02:37.542+0000] {processor.py:157} INFO - Started process (PID=3872) to work on /opt/airflow/dags/parallel_dag.py
[2023-10-17T00:02:37.543+0000] {processor.py:826} INFO - Processing file /opt/airflow/dags/parallel_dag.py for tasks to queue
[2023-10-17T00:02:37.544+0000] {logging_mixin.py:150} INFO - [2023-10-17T00:02:37.544+0000] {dagbag.py:541} INFO - Filling up the DagBag from /opt/airflow/dags/parallel_dag.py
[2023-10-17T00:02:37.559+0000] {processor.py:836} INFO - DAG(s) dict_keys(['parallel_dag']) retrieved from /opt/airflow/dags/parallel_dag.py
[2023-10-17T00:02:37.595+0000] {logging_mixin.py:150} INFO - [2023-10-17T00:02:37.595+0000] {dag.py:2742} INFO - Sync 1 DAGs
[2023-10-17T00:02:37.636+0000] {logging_mixin.py:150} INFO - [2023-10-17T00:02:37.635+0000] {dag.py:3504} INFO - Setting next_dagrun for parallel_dag to 2023-10-17T00:00:00+00:00, run_after=2023-10-18T00:00:00+00:00
[2023-10-17T00:02:37.666+0000] {processor.py:179} INFO - Processing /opt/airflow/dags/parallel_dag.py took 0.129 seconds
[2023-10-17T00:03:07.724+0000] {processor.py:157} INFO - Started process (PID=3893) to work on /opt/airflow/dags/parallel_dag.py
[2023-10-17T00:03:07.729+0000] {processor.py:826} INFO - Processing file /opt/airflow/dags/parallel_dag.py for tasks to queue
[2023-10-17T00:03:07.731+0000] {logging_mixin.py:150} INFO - [2023-10-17T00:03:07.731+0000] {dagbag.py:541} INFO - Filling up the DagBag from /opt/airflow/dags/parallel_dag.py
[2023-10-17T00:03:07.746+0000] {processor.py:836} INFO - DAG(s) dict_keys(['parallel_dag']) retrieved from /opt/airflow/dags/parallel_dag.py
[2023-10-17T00:03:07.788+0000] {logging_mixin.py:150} INFO - [2023-10-17T00:03:07.788+0000] {dag.py:2742} INFO - Sync 1 DAGs
[2023-10-17T00:03:07.836+0000] {logging_mixin.py:150} INFO - [2023-10-17T00:03:07.835+0000] {dag.py:3504} INFO - Setting next_dagrun for parallel_dag to 2023-10-17T00:00:00+00:00, run_after=2023-10-18T00:00:00+00:00
[2023-10-17T00:03:07.867+0000] {processor.py:179} INFO - Processing /opt/airflow/dags/parallel_dag.py took 0.151 seconds
[2023-10-17T00:03:38.794+0000] {processor.py:157} INFO - Started process (PID=3914) to work on /opt/airflow/dags/parallel_dag.py
[2023-10-17T00:03:38.796+0000] {processor.py:826} INFO - Processing file /opt/airflow/dags/parallel_dag.py for tasks to queue
[2023-10-17T00:03:38.797+0000] {logging_mixin.py:150} INFO - [2023-10-17T00:03:38.797+0000] {dagbag.py:541} INFO - Filling up the DagBag from /opt/airflow/dags/parallel_dag.py
[2023-10-17T00:03:38.810+0000] {processor.py:836} INFO - DAG(s) dict_keys(['parallel_dag']) retrieved from /opt/airflow/dags/parallel_dag.py
[2023-10-17T00:03:38.857+0000] {logging_mixin.py:150} INFO - [2023-10-17T00:03:38.856+0000] {dag.py:2742} INFO - Sync 1 DAGs
[2023-10-17T00:03:38.895+0000] {logging_mixin.py:150} INFO - [2023-10-17T00:03:38.895+0000] {dag.py:3504} INFO - Setting next_dagrun for parallel_dag to 2023-10-17T00:00:00+00:00, run_after=2023-10-18T00:00:00+00:00
[2023-10-17T00:03:38.927+0000] {processor.py:179} INFO - Processing /opt/airflow/dags/parallel_dag.py took 0.141 seconds
[2023-10-17T00:04:09.024+0000] {processor.py:157} INFO - Started process (PID=3935) to work on /opt/airflow/dags/parallel_dag.py
[2023-10-17T00:04:09.026+0000] {processor.py:826} INFO - Processing file /opt/airflow/dags/parallel_dag.py for tasks to queue
[2023-10-17T00:04:09.028+0000] {logging_mixin.py:150} INFO - [2023-10-17T00:04:09.027+0000] {dagbag.py:541} INFO - Filling up the DagBag from /opt/airflow/dags/parallel_dag.py
[2023-10-17T00:04:09.042+0000] {processor.py:836} INFO - DAG(s) dict_keys(['parallel_dag']) retrieved from /opt/airflow/dags/parallel_dag.py
[2023-10-17T00:04:09.080+0000] {logging_mixin.py:150} INFO - [2023-10-17T00:04:09.080+0000] {dag.py:2742} INFO - Sync 1 DAGs
[2023-10-17T00:04:09.114+0000] {logging_mixin.py:150} INFO - [2023-10-17T00:04:09.114+0000] {dag.py:3504} INFO - Setting next_dagrun for parallel_dag to 2023-10-17T00:00:00+00:00, run_after=2023-10-18T00:00:00+00:00
[2023-10-17T00:04:09.152+0000] {processor.py:179} INFO - Processing /opt/airflow/dags/parallel_dag.py took 0.134 seconds
[2023-10-17T00:04:39.355+0000] {processor.py:157} INFO - Started process (PID=3956) to work on /opt/airflow/dags/parallel_dag.py
[2023-10-17T00:04:39.361+0000] {processor.py:826} INFO - Processing file /opt/airflow/dags/parallel_dag.py for tasks to queue
[2023-10-17T00:04:39.367+0000] {logging_mixin.py:150} INFO - [2023-10-17T00:04:39.366+0000] {dagbag.py:541} INFO - Filling up the DagBag from /opt/airflow/dags/parallel_dag.py
[2023-10-17T00:04:39.383+0000] {processor.py:836} INFO - DAG(s) dict_keys(['parallel_dag']) retrieved from /opt/airflow/dags/parallel_dag.py
[2023-10-17T00:04:39.422+0000] {logging_mixin.py:150} INFO - [2023-10-17T00:04:39.422+0000] {dag.py:2742} INFO - Sync 1 DAGs
[2023-10-17T00:04:39.468+0000] {logging_mixin.py:150} INFO - [2023-10-17T00:04:39.468+0000] {dag.py:3504} INFO - Setting next_dagrun for parallel_dag to 2023-10-17T00:00:00+00:00, run_after=2023-10-18T00:00:00+00:00
[2023-10-17T00:04:39.497+0000] {processor.py:179} INFO - Processing /opt/airflow/dags/parallel_dag.py took 0.146 seconds
[2023-10-17T00:05:09.710+0000] {processor.py:157} INFO - Started process (PID=3977) to work on /opt/airflow/dags/parallel_dag.py
[2023-10-17T00:05:09.712+0000] {processor.py:826} INFO - Processing file /opt/airflow/dags/parallel_dag.py for tasks to queue
[2023-10-17T00:05:09.713+0000] {logging_mixin.py:150} INFO - [2023-10-17T00:05:09.713+0000] {dagbag.py:541} INFO - Filling up the DagBag from /opt/airflow/dags/parallel_dag.py
[2023-10-17T00:05:09.725+0000] {processor.py:836} INFO - DAG(s) dict_keys(['parallel_dag']) retrieved from /opt/airflow/dags/parallel_dag.py
[2023-10-17T00:05:09.764+0000] {logging_mixin.py:150} INFO - [2023-10-17T00:05:09.764+0000] {dag.py:2742} INFO - Sync 1 DAGs
[2023-10-17T00:05:09.801+0000] {logging_mixin.py:150} INFO - [2023-10-17T00:05:09.801+0000] {dag.py:3504} INFO - Setting next_dagrun for parallel_dag to 2023-10-17T00:00:00+00:00, run_after=2023-10-18T00:00:00+00:00
[2023-10-17T00:05:09.830+0000] {processor.py:179} INFO - Processing /opt/airflow/dags/parallel_dag.py took 0.126 seconds
[2023-10-17T00:05:39.949+0000] {processor.py:157} INFO - Started process (PID=3998) to work on /opt/airflow/dags/parallel_dag.py
[2023-10-17T00:05:39.954+0000] {processor.py:826} INFO - Processing file /opt/airflow/dags/parallel_dag.py for tasks to queue
[2023-10-17T00:05:39.955+0000] {logging_mixin.py:150} INFO - [2023-10-17T00:05:39.955+0000] {dagbag.py:541} INFO - Filling up the DagBag from /opt/airflow/dags/parallel_dag.py
[2023-10-17T00:05:39.971+0000] {processor.py:836} INFO - DAG(s) dict_keys(['parallel_dag']) retrieved from /opt/airflow/dags/parallel_dag.py
[2023-10-17T00:05:40.011+0000] {logging_mixin.py:150} INFO - [2023-10-17T00:05:40.010+0000] {dag.py:2742} INFO - Sync 1 DAGs
[2023-10-17T00:05:40.053+0000] {logging_mixin.py:150} INFO - [2023-10-17T00:05:40.052+0000] {dag.py:3504} INFO - Setting next_dagrun for parallel_dag to 2023-10-17T00:00:00+00:00, run_after=2023-10-18T00:00:00+00:00
[2023-10-17T00:05:40.088+0000] {processor.py:179} INFO - Processing /opt/airflow/dags/parallel_dag.py took 0.146 seconds
[2023-10-17T00:06:10.249+0000] {processor.py:157} INFO - Started process (PID=4020) to work on /opt/airflow/dags/parallel_dag.py
[2023-10-17T00:06:10.252+0000] {processor.py:826} INFO - Processing file /opt/airflow/dags/parallel_dag.py for tasks to queue
[2023-10-17T00:06:10.253+0000] {logging_mixin.py:150} INFO - [2023-10-17T00:06:10.253+0000] {dagbag.py:541} INFO - Filling up the DagBag from /opt/airflow/dags/parallel_dag.py
[2023-10-17T00:06:10.267+0000] {processor.py:836} INFO - DAG(s) dict_keys(['parallel_dag']) retrieved from /opt/airflow/dags/parallel_dag.py
[2023-10-17T00:06:10.305+0000] {logging_mixin.py:150} INFO - [2023-10-17T00:06:10.305+0000] {dag.py:2742} INFO - Sync 1 DAGs
[2023-10-17T00:06:10.343+0000] {logging_mixin.py:150} INFO - [2023-10-17T00:06:10.342+0000] {dag.py:3504} INFO - Setting next_dagrun for parallel_dag to 2023-10-17T00:00:00+00:00, run_after=2023-10-18T00:00:00+00:00
[2023-10-17T00:06:10.409+0000] {processor.py:179} INFO - Processing /opt/airflow/dags/parallel_dag.py took 0.167 seconds
[2023-10-17T00:06:41.378+0000] {processor.py:157} INFO - Started process (PID=4041) to work on /opt/airflow/dags/parallel_dag.py
[2023-10-17T00:06:41.380+0000] {processor.py:826} INFO - Processing file /opt/airflow/dags/parallel_dag.py for tasks to queue
[2023-10-17T00:06:41.382+0000] {logging_mixin.py:150} INFO - [2023-10-17T00:06:41.381+0000] {dagbag.py:541} INFO - Filling up the DagBag from /opt/airflow/dags/parallel_dag.py
[2023-10-17T00:06:41.419+0000] {processor.py:836} INFO - DAG(s) dict_keys(['parallel_dag']) retrieved from /opt/airflow/dags/parallel_dag.py
[2023-10-17T00:06:41.475+0000] {logging_mixin.py:150} INFO - [2023-10-17T00:06:41.475+0000] {dag.py:2742} INFO - Sync 1 DAGs
[2023-10-17T00:06:41.534+0000] {logging_mixin.py:150} INFO - [2023-10-17T00:06:41.533+0000] {dag.py:3504} INFO - Setting next_dagrun for parallel_dag to 2023-10-17T00:00:00+00:00, run_after=2023-10-18T00:00:00+00:00
[2023-10-17T00:06:41.574+0000] {processor.py:179} INFO - Processing /opt/airflow/dags/parallel_dag.py took 0.214 seconds
[2023-10-17T00:07:12.187+0000] {processor.py:157} INFO - Started process (PID=4061) to work on /opt/airflow/dags/parallel_dag.py
[2023-10-17T00:07:15.764+0000] {processor.py:826} INFO - Processing file /opt/airflow/dags/parallel_dag.py for tasks to queue
[2023-10-17T00:07:15.766+0000] {logging_mixin.py:150} INFO - [2023-10-17T00:07:15.766+0000] {dagbag.py:541} INFO - Filling up the DagBag from /opt/airflow/dags/parallel_dag.py
[2023-10-17T00:07:15.786+0000] {processor.py:836} INFO - DAG(s) dict_keys(['parallel_dag']) retrieved from /opt/airflow/dags/parallel_dag.py
[2023-10-17T00:07:15.829+0000] {logging_mixin.py:150} INFO - [2023-10-17T00:07:15.828+0000] {dag.py:2742} INFO - Sync 1 DAGs
[2023-10-17T00:07:15.905+0000] {logging_mixin.py:150} INFO - [2023-10-17T00:07:15.904+0000] {dag.py:3504} INFO - Setting next_dagrun for parallel_dag to 2023-10-17T00:00:00+00:00, run_after=2023-10-18T00:00:00+00:00
[2023-10-17T00:07:16.082+0000] {processor.py:179} INFO - Processing /opt/airflow/dags/parallel_dag.py took 3.898 seconds
[2023-10-17T00:07:46.362+0000] {processor.py:157} INFO - Started process (PID=4083) to work on /opt/airflow/dags/parallel_dag.py
[2023-10-17T00:07:46.367+0000] {processor.py:826} INFO - Processing file /opt/airflow/dags/parallel_dag.py for tasks to queue
[2023-10-17T00:07:46.372+0000] {logging_mixin.py:150} INFO - [2023-10-17T00:07:46.371+0000] {dagbag.py:541} INFO - Filling up the DagBag from /opt/airflow/dags/parallel_dag.py
[2023-10-17T00:07:46.412+0000] {processor.py:836} INFO - DAG(s) dict_keys(['parallel_dag']) retrieved from /opt/airflow/dags/parallel_dag.py
[2023-10-17T00:07:46.494+0000] {logging_mixin.py:150} INFO - [2023-10-17T00:07:46.494+0000] {dag.py:2742} INFO - Sync 1 DAGs
[2023-10-17T00:07:46.604+0000] {logging_mixin.py:150} INFO - [2023-10-17T00:07:46.603+0000] {dag.py:3504} INFO - Setting next_dagrun for parallel_dag to 2023-10-17T00:00:00+00:00, run_after=2023-10-18T00:00:00+00:00
[2023-10-17T00:07:46.674+0000] {processor.py:179} INFO - Processing /opt/airflow/dags/parallel_dag.py took 0.333 seconds
[2023-10-17T00:08:17.646+0000] {processor.py:157} INFO - Started process (PID=4110) to work on /opt/airflow/dags/parallel_dag.py
[2023-10-17T00:08:17.648+0000] {processor.py:826} INFO - Processing file /opt/airflow/dags/parallel_dag.py for tasks to queue
[2023-10-17T00:08:17.648+0000] {logging_mixin.py:150} INFO - [2023-10-17T00:08:17.648+0000] {dagbag.py:541} INFO - Filling up the DagBag from /opt/airflow/dags/parallel_dag.py
[2023-10-17T00:08:17.659+0000] {processor.py:836} INFO - DAG(s) dict_keys(['parallel_dag']) retrieved from /opt/airflow/dags/parallel_dag.py
[2023-10-17T00:08:17.691+0000] {logging_mixin.py:150} INFO - [2023-10-17T00:08:17.690+0000] {dag.py:2742} INFO - Sync 1 DAGs
[2023-10-17T00:08:17.725+0000] {logging_mixin.py:150} INFO - [2023-10-17T00:08:17.725+0000] {dag.py:3504} INFO - Setting next_dagrun for parallel_dag to 2023-10-17T00:00:00+00:00, run_after=2023-10-18T00:00:00+00:00
[2023-10-17T00:08:17.753+0000] {processor.py:179} INFO - Processing /opt/airflow/dags/parallel_dag.py took 0.112 seconds
[2023-10-17T00:08:48.527+0000] {processor.py:157} INFO - Started process (PID=4131) to work on /opt/airflow/dags/parallel_dag.py
[2023-10-17T00:08:48.531+0000] {processor.py:826} INFO - Processing file /opt/airflow/dags/parallel_dag.py for tasks to queue
[2023-10-17T00:08:48.532+0000] {logging_mixin.py:150} INFO - [2023-10-17T00:08:48.532+0000] {dagbag.py:541} INFO - Filling up the DagBag from /opt/airflow/dags/parallel_dag.py
[2023-10-17T00:08:48.543+0000] {processor.py:836} INFO - DAG(s) dict_keys(['parallel_dag']) retrieved from /opt/airflow/dags/parallel_dag.py
[2023-10-17T00:08:48.572+0000] {logging_mixin.py:150} INFO - [2023-10-17T00:08:48.572+0000] {dag.py:2742} INFO - Sync 1 DAGs
[2023-10-17T00:08:48.605+0000] {logging_mixin.py:150} INFO - [2023-10-17T00:08:48.604+0000] {dag.py:3504} INFO - Setting next_dagrun for parallel_dag to 2023-10-17T00:00:00+00:00, run_after=2023-10-18T00:00:00+00:00
[2023-10-17T00:08:48.634+0000] {processor.py:179} INFO - Processing /opt/airflow/dags/parallel_dag.py took 0.112 seconds
[2023-10-17T00:09:19.617+0000] {processor.py:157} INFO - Started process (PID=4152) to work on /opt/airflow/dags/parallel_dag.py
[2023-10-17T00:09:19.618+0000] {processor.py:826} INFO - Processing file /opt/airflow/dags/parallel_dag.py for tasks to queue
[2023-10-17T00:09:19.619+0000] {logging_mixin.py:150} INFO - [2023-10-17T00:09:19.619+0000] {dagbag.py:541} INFO - Filling up the DagBag from /opt/airflow/dags/parallel_dag.py
[2023-10-17T00:09:19.634+0000] {processor.py:836} INFO - DAG(s) dict_keys(['parallel_dag']) retrieved from /opt/airflow/dags/parallel_dag.py
[2023-10-17T00:09:19.676+0000] {logging_mixin.py:150} INFO - [2023-10-17T00:09:19.675+0000] {dag.py:2742} INFO - Sync 1 DAGs
[2023-10-17T00:09:19.717+0000] {logging_mixin.py:150} INFO - [2023-10-17T00:09:19.717+0000] {dag.py:3504} INFO - Setting next_dagrun for parallel_dag to 2023-10-17T00:00:00+00:00, run_after=2023-10-18T00:00:00+00:00
[2023-10-17T00:09:19.749+0000] {processor.py:179} INFO - Processing /opt/airflow/dags/parallel_dag.py took 0.136 seconds
[2023-10-17T00:09:49.882+0000] {processor.py:157} INFO - Started process (PID=4173) to work on /opt/airflow/dags/parallel_dag.py
[2023-10-17T00:09:49.887+0000] {processor.py:826} INFO - Processing file /opt/airflow/dags/parallel_dag.py for tasks to queue
[2023-10-17T00:09:49.888+0000] {logging_mixin.py:150} INFO - [2023-10-17T00:09:49.887+0000] {dagbag.py:541} INFO - Filling up the DagBag from /opt/airflow/dags/parallel_dag.py
[2023-10-17T00:09:49.902+0000] {processor.py:836} INFO - DAG(s) dict_keys(['parallel_dag']) retrieved from /opt/airflow/dags/parallel_dag.py
[2023-10-17T00:09:49.938+0000] {logging_mixin.py:150} INFO - [2023-10-17T00:09:49.937+0000] {dag.py:2742} INFO - Sync 1 DAGs
[2023-10-17T00:09:49.981+0000] {logging_mixin.py:150} INFO - [2023-10-17T00:09:49.981+0000] {dag.py:3504} INFO - Setting next_dagrun for parallel_dag to 2023-10-17T00:00:00+00:00, run_after=2023-10-18T00:00:00+00:00
[2023-10-17T00:09:50.013+0000] {processor.py:179} INFO - Processing /opt/airflow/dags/parallel_dag.py took 0.136 seconds
[2023-10-17T00:10:20.239+0000] {processor.py:157} INFO - Started process (PID=4195) to work on /opt/airflow/dags/parallel_dag.py
[2023-10-17T00:10:20.247+0000] {processor.py:826} INFO - Processing file /opt/airflow/dags/parallel_dag.py for tasks to queue
[2023-10-17T00:10:20.249+0000] {logging_mixin.py:150} INFO - [2023-10-17T00:10:20.248+0000] {dagbag.py:541} INFO - Filling up the DagBag from /opt/airflow/dags/parallel_dag.py
[2023-10-17T00:10:20.275+0000] {processor.py:836} INFO - DAG(s) dict_keys(['parallel_dag']) retrieved from /opt/airflow/dags/parallel_dag.py
[2023-10-17T00:10:20.320+0000] {logging_mixin.py:150} INFO - [2023-10-17T00:10:20.319+0000] {dag.py:2742} INFO - Sync 1 DAGs
[2023-10-17T00:10:20.357+0000] {logging_mixin.py:150} INFO - [2023-10-17T00:10:20.357+0000] {dag.py:3504} INFO - Setting next_dagrun for parallel_dag to 2023-10-17T00:00:00+00:00, run_after=2023-10-18T00:00:00+00:00
[2023-10-17T00:10:20.389+0000] {processor.py:179} INFO - Processing /opt/airflow/dags/parallel_dag.py took 0.159 seconds
[2023-10-17T00:10:50.494+0000] {processor.py:157} INFO - Started process (PID=4216) to work on /opt/airflow/dags/parallel_dag.py
[2023-10-17T00:10:50.498+0000] {processor.py:826} INFO - Processing file /opt/airflow/dags/parallel_dag.py for tasks to queue
[2023-10-17T00:10:50.499+0000] {logging_mixin.py:150} INFO - [2023-10-17T00:10:50.499+0000] {dagbag.py:541} INFO - Filling up the DagBag from /opt/airflow/dags/parallel_dag.py
[2023-10-17T00:10:50.513+0000] {processor.py:836} INFO - DAG(s) dict_keys(['parallel_dag']) retrieved from /opt/airflow/dags/parallel_dag.py
[2023-10-17T00:10:50.550+0000] {logging_mixin.py:150} INFO - [2023-10-17T00:10:50.550+0000] {dag.py:2742} INFO - Sync 1 DAGs
[2023-10-17T00:10:50.592+0000] {logging_mixin.py:150} INFO - [2023-10-17T00:10:50.592+0000] {dag.py:3504} INFO - Setting next_dagrun for parallel_dag to 2023-10-17T00:00:00+00:00, run_after=2023-10-18T00:00:00+00:00
[2023-10-17T00:10:50.623+0000] {processor.py:179} INFO - Processing /opt/airflow/dags/parallel_dag.py took 0.134 seconds
[2023-10-17T00:11:20.893+0000] {processor.py:157} INFO - Started process (PID=4237) to work on /opt/airflow/dags/parallel_dag.py
[2023-10-17T00:11:20.898+0000] {processor.py:826} INFO - Processing file /opt/airflow/dags/parallel_dag.py for tasks to queue
[2023-10-17T00:11:20.901+0000] {logging_mixin.py:150} INFO - [2023-10-17T00:11:20.900+0000] {dagbag.py:541} INFO - Filling up the DagBag from /opt/airflow/dags/parallel_dag.py
[2023-10-17T00:11:20.916+0000] {processor.py:836} INFO - DAG(s) dict_keys(['parallel_dag']) retrieved from /opt/airflow/dags/parallel_dag.py
[2023-10-17T00:11:20.955+0000] {logging_mixin.py:150} INFO - [2023-10-17T00:11:20.955+0000] {dag.py:2742} INFO - Sync 1 DAGs
[2023-10-17T00:11:20.990+0000] {logging_mixin.py:150} INFO - [2023-10-17T00:11:20.990+0000] {dag.py:3504} INFO - Setting next_dagrun for parallel_dag to 2023-10-17T00:00:00+00:00, run_after=2023-10-18T00:00:00+00:00
[2023-10-17T00:11:21.021+0000] {processor.py:179} INFO - Processing /opt/airflow/dags/parallel_dag.py took 0.132 seconds
[2023-10-17T00:11:51.180+0000] {processor.py:157} INFO - Started process (PID=4258) to work on /opt/airflow/dags/parallel_dag.py
[2023-10-17T00:11:51.183+0000] {processor.py:826} INFO - Processing file /opt/airflow/dags/parallel_dag.py for tasks to queue
[2023-10-17T00:11:51.185+0000] {logging_mixin.py:150} INFO - [2023-10-17T00:11:51.185+0000] {dagbag.py:541} INFO - Filling up the DagBag from /opt/airflow/dags/parallel_dag.py
[2023-10-17T00:11:51.202+0000] {processor.py:836} INFO - DAG(s) dict_keys(['parallel_dag']) retrieved from /opt/airflow/dags/parallel_dag.py
[2023-10-17T00:11:51.239+0000] {logging_mixin.py:150} INFO - [2023-10-17T00:11:51.238+0000] {dag.py:2742} INFO - Sync 1 DAGs
[2023-10-17T00:11:51.274+0000] {logging_mixin.py:150} INFO - [2023-10-17T00:11:51.273+0000] {dag.py:3504} INFO - Setting next_dagrun for parallel_dag to 2023-10-17T00:00:00+00:00, run_after=2023-10-18T00:00:00+00:00
[2023-10-17T00:11:51.307+0000] {processor.py:179} INFO - Processing /opt/airflow/dags/parallel_dag.py took 0.132 seconds
[2023-10-17T00:12:21.341+0000] {processor.py:157} INFO - Started process (PID=4279) to work on /opt/airflow/dags/parallel_dag.py
[2023-10-17T00:12:21.342+0000] {processor.py:826} INFO - Processing file /opt/airflow/dags/parallel_dag.py for tasks to queue
[2023-10-17T00:12:21.343+0000] {logging_mixin.py:150} INFO - [2023-10-17T00:12:21.343+0000] {dagbag.py:541} INFO - Filling up the DagBag from /opt/airflow/dags/parallel_dag.py
[2023-10-17T00:12:21.357+0000] {processor.py:836} INFO - DAG(s) dict_keys(['parallel_dag']) retrieved from /opt/airflow/dags/parallel_dag.py
[2023-10-17T00:12:21.396+0000] {logging_mixin.py:150} INFO - [2023-10-17T00:12:21.396+0000] {dag.py:2742} INFO - Sync 1 DAGs
[2023-10-17T00:12:21.432+0000] {logging_mixin.py:150} INFO - [2023-10-17T00:12:21.432+0000] {dag.py:3504} INFO - Setting next_dagrun for parallel_dag to 2023-10-17T00:00:00+00:00, run_after=2023-10-18T00:00:00+00:00
[2023-10-17T00:12:21.466+0000] {processor.py:179} INFO - Processing /opt/airflow/dags/parallel_dag.py took 0.129 seconds
[2023-10-17T00:12:51.593+0000] {processor.py:157} INFO - Started process (PID=4300) to work on /opt/airflow/dags/parallel_dag.py
[2023-10-17T00:12:51.595+0000] {processor.py:826} INFO - Processing file /opt/airflow/dags/parallel_dag.py for tasks to queue
[2023-10-17T00:12:51.597+0000] {logging_mixin.py:150} INFO - [2023-10-17T00:12:51.596+0000] {dagbag.py:541} INFO - Filling up the DagBag from /opt/airflow/dags/parallel_dag.py
[2023-10-17T00:12:51.612+0000] {processor.py:836} INFO - DAG(s) dict_keys(['parallel_dag']) retrieved from /opt/airflow/dags/parallel_dag.py
[2023-10-17T00:12:51.653+0000] {logging_mixin.py:150} INFO - [2023-10-17T00:12:51.653+0000] {dag.py:2742} INFO - Sync 1 DAGs
[2023-10-17T00:12:51.692+0000] {logging_mixin.py:150} INFO - [2023-10-17T00:12:51.691+0000] {dag.py:3504} INFO - Setting next_dagrun for parallel_dag to 2023-10-17T00:00:00+00:00, run_after=2023-10-18T00:00:00+00:00
[2023-10-17T00:12:51.724+0000] {processor.py:179} INFO - Processing /opt/airflow/dags/parallel_dag.py took 0.134 seconds
[2023-10-17T00:13:21.881+0000] {processor.py:157} INFO - Started process (PID=4321) to work on /opt/airflow/dags/parallel_dag.py
[2023-10-17T00:13:21.882+0000] {processor.py:826} INFO - Processing file /opt/airflow/dags/parallel_dag.py for tasks to queue
[2023-10-17T00:13:21.884+0000] {logging_mixin.py:150} INFO - [2023-10-17T00:13:21.883+0000] {dagbag.py:541} INFO - Filling up the DagBag from /opt/airflow/dags/parallel_dag.py
[2023-10-17T00:13:21.896+0000] {processor.py:836} INFO - DAG(s) dict_keys(['parallel_dag']) retrieved from /opt/airflow/dags/parallel_dag.py
[2023-10-17T00:13:21.935+0000] {logging_mixin.py:150} INFO - [2023-10-17T00:13:21.935+0000] {dag.py:2742} INFO - Sync 1 DAGs
[2023-10-17T00:13:21.976+0000] {logging_mixin.py:150} INFO - [2023-10-17T00:13:21.976+0000] {dag.py:3504} INFO - Setting next_dagrun for parallel_dag to 2023-10-17T00:00:00+00:00, run_after=2023-10-18T00:00:00+00:00
[2023-10-17T00:13:22.008+0000] {processor.py:179} INFO - Processing /opt/airflow/dags/parallel_dag.py took 0.132 seconds
[2023-10-17T00:13:52.949+0000] {processor.py:157} INFO - Started process (PID=4342) to work on /opt/airflow/dags/parallel_dag.py
[2023-10-17T00:13:52.950+0000] {processor.py:826} INFO - Processing file /opt/airflow/dags/parallel_dag.py for tasks to queue
[2023-10-17T00:13:52.951+0000] {logging_mixin.py:150} INFO - [2023-10-17T00:13:52.950+0000] {dagbag.py:541} INFO - Filling up the DagBag from /opt/airflow/dags/parallel_dag.py
[2023-10-17T00:13:52.967+0000] {processor.py:836} INFO - DAG(s) dict_keys(['parallel_dag']) retrieved from /opt/airflow/dags/parallel_dag.py
[2023-10-17T00:13:53.003+0000] {logging_mixin.py:150} INFO - [2023-10-17T00:13:53.003+0000] {dag.py:2742} INFO - Sync 1 DAGs
[2023-10-17T00:13:53.046+0000] {logging_mixin.py:150} INFO - [2023-10-17T00:13:53.046+0000] {dag.py:3504} INFO - Setting next_dagrun for parallel_dag to 2023-10-17T00:00:00+00:00, run_after=2023-10-18T00:00:00+00:00
[2023-10-17T00:13:53.074+0000] {processor.py:179} INFO - Processing /opt/airflow/dags/parallel_dag.py took 0.130 seconds
[2023-10-17T00:14:23.229+0000] {processor.py:157} INFO - Started process (PID=4363) to work on /opt/airflow/dags/parallel_dag.py
[2023-10-17T00:14:23.232+0000] {processor.py:826} INFO - Processing file /opt/airflow/dags/parallel_dag.py for tasks to queue
[2023-10-17T00:14:23.233+0000] {logging_mixin.py:150} INFO - [2023-10-17T00:14:23.233+0000] {dagbag.py:541} INFO - Filling up the DagBag from /opt/airflow/dags/parallel_dag.py
[2023-10-17T00:14:23.249+0000] {processor.py:836} INFO - DAG(s) dict_keys(['parallel_dag']) retrieved from /opt/airflow/dags/parallel_dag.py
[2023-10-17T00:14:23.286+0000] {logging_mixin.py:150} INFO - [2023-10-17T00:14:23.285+0000] {dag.py:2742} INFO - Sync 1 DAGs
[2023-10-17T00:14:23.323+0000] {logging_mixin.py:150} INFO - [2023-10-17T00:14:23.322+0000] {dag.py:3504} INFO - Setting next_dagrun for parallel_dag to 2023-10-17T00:00:00+00:00, run_after=2023-10-18T00:00:00+00:00
[2023-10-17T00:14:23.362+0000] {processor.py:179} INFO - Processing /opt/airflow/dags/parallel_dag.py took 0.141 seconds
[2023-10-17T00:14:53.503+0000] {processor.py:157} INFO - Started process (PID=4384) to work on /opt/airflow/dags/parallel_dag.py
[2023-10-17T00:14:53.504+0000] {processor.py:826} INFO - Processing file /opt/airflow/dags/parallel_dag.py for tasks to queue
[2023-10-17T00:14:53.505+0000] {logging_mixin.py:150} INFO - [2023-10-17T00:14:53.505+0000] {dagbag.py:541} INFO - Filling up the DagBag from /opt/airflow/dags/parallel_dag.py
[2023-10-17T00:14:53.521+0000] {processor.py:836} INFO - DAG(s) dict_keys(['parallel_dag']) retrieved from /opt/airflow/dags/parallel_dag.py
[2023-10-17T00:14:53.562+0000] {logging_mixin.py:150} INFO - [2023-10-17T00:14:53.562+0000] {dag.py:2742} INFO - Sync 1 DAGs
[2023-10-17T00:14:53.608+0000] {logging_mixin.py:150} INFO - [2023-10-17T00:14:53.608+0000] {dag.py:3504} INFO - Setting next_dagrun for parallel_dag to 2023-10-17T00:00:00+00:00, run_after=2023-10-18T00:00:00+00:00
[2023-10-17T00:14:53.638+0000] {processor.py:179} INFO - Processing /opt/airflow/dags/parallel_dag.py took 0.140 seconds
[2023-10-17T00:15:23.800+0000] {processor.py:157} INFO - Started process (PID=4405) to work on /opt/airflow/dags/parallel_dag.py
[2023-10-17T00:15:24.531+0000] {processor.py:826} INFO - Processing file /opt/airflow/dags/parallel_dag.py for tasks to queue
[2023-10-17T00:15:24.559+0000] {logging_mixin.py:150} INFO - [2023-10-17T00:15:24.558+0000] {dagbag.py:541} INFO - Filling up the DagBag from /opt/airflow/dags/parallel_dag.py
[2023-10-17T00:15:24.608+0000] {processor.py:836} INFO - DAG(s) dict_keys(['parallel_dag']) retrieved from /opt/airflow/dags/parallel_dag.py
[2023-10-17T00:15:24.768+0000] {logging_mixin.py:150} INFO - [2023-10-17T00:15:24.757+0000] {dag.py:2742} INFO - Sync 1 DAGs
[2023-10-17T00:15:24.917+0000] {logging_mixin.py:150} INFO - [2023-10-17T00:15:24.917+0000] {dag.py:3504} INFO - Setting next_dagrun for parallel_dag to 2023-10-17T00:00:00+00:00, run_after=2023-10-18T00:00:00+00:00
[2023-10-17T00:15:25.011+0000] {processor.py:179} INFO - Processing /opt/airflow/dags/parallel_dag.py took 1.221 seconds
[2023-10-17T00:15:55.738+0000] {processor.py:157} INFO - Started process (PID=4426) to work on /opt/airflow/dags/parallel_dag.py
[2023-10-17T00:15:55.787+0000] {processor.py:826} INFO - Processing file /opt/airflow/dags/parallel_dag.py for tasks to queue
[2023-10-17T00:15:55.789+0000] {logging_mixin.py:150} INFO - [2023-10-17T00:15:55.788+0000] {dagbag.py:541} INFO - Filling up the DagBag from /opt/airflow/dags/parallel_dag.py
[2023-10-17T00:15:55.807+0000] {processor.py:836} INFO - DAG(s) dict_keys(['parallel_dag']) retrieved from /opt/airflow/dags/parallel_dag.py
[2023-10-17T00:15:55.848+0000] {logging_mixin.py:150} INFO - [2023-10-17T00:15:55.847+0000] {dag.py:2742} INFO - Sync 1 DAGs
[2023-10-17T00:15:55.887+0000] {logging_mixin.py:150} INFO - [2023-10-17T00:15:55.887+0000] {dag.py:3504} INFO - Setting next_dagrun for parallel_dag to 2023-10-17T00:00:00+00:00, run_after=2023-10-18T00:00:00+00:00
[2023-10-17T00:15:55.929+0000] {processor.py:179} INFO - Processing /opt/airflow/dags/parallel_dag.py took 0.196 seconds
[2023-10-17T00:16:26.150+0000] {processor.py:157} INFO - Started process (PID=4448) to work on /opt/airflow/dags/parallel_dag.py
[2023-10-17T00:16:26.152+0000] {processor.py:826} INFO - Processing file /opt/airflow/dags/parallel_dag.py for tasks to queue
[2023-10-17T00:16:26.154+0000] {logging_mixin.py:150} INFO - [2023-10-17T00:16:26.154+0000] {dagbag.py:541} INFO - Filling up the DagBag from /opt/airflow/dags/parallel_dag.py
[2023-10-17T00:16:26.173+0000] {processor.py:836} INFO - DAG(s) dict_keys(['parallel_dag']) retrieved from /opt/airflow/dags/parallel_dag.py
[2023-10-17T00:16:26.218+0000] {logging_mixin.py:150} INFO - [2023-10-17T00:16:26.218+0000] {dag.py:2742} INFO - Sync 1 DAGs
[2023-10-17T00:16:26.262+0000] {logging_mixin.py:150} INFO - [2023-10-17T00:16:26.262+0000] {dag.py:3504} INFO - Setting next_dagrun for parallel_dag to 2023-10-17T00:00:00+00:00, run_after=2023-10-18T00:00:00+00:00
[2023-10-17T00:16:26.296+0000] {processor.py:179} INFO - Processing /opt/airflow/dags/parallel_dag.py took 0.152 seconds
[2023-10-17T00:16:56.414+0000] {processor.py:157} INFO - Started process (PID=4469) to work on /opt/airflow/dags/parallel_dag.py
[2023-10-17T00:16:56.417+0000] {processor.py:826} INFO - Processing file /opt/airflow/dags/parallel_dag.py for tasks to queue
[2023-10-17T00:16:56.420+0000] {logging_mixin.py:150} INFO - [2023-10-17T00:16:56.419+0000] {dagbag.py:541} INFO - Filling up the DagBag from /opt/airflow/dags/parallel_dag.py
[2023-10-17T00:16:56.432+0000] {processor.py:836} INFO - DAG(s) dict_keys(['parallel_dag']) retrieved from /opt/airflow/dags/parallel_dag.py
[2023-10-17T00:16:56.473+0000] {logging_mixin.py:150} INFO - [2023-10-17T00:16:56.472+0000] {dag.py:2742} INFO - Sync 1 DAGs
[2023-10-17T00:16:56.509+0000] {logging_mixin.py:150} INFO - [2023-10-17T00:16:56.509+0000] {dag.py:3504} INFO - Setting next_dagrun for parallel_dag to 2023-10-17T00:00:00+00:00, run_after=2023-10-18T00:00:00+00:00
[2023-10-17T00:16:56.540+0000] {processor.py:179} INFO - Processing /opt/airflow/dags/parallel_dag.py took 0.130 seconds
[2023-10-17T00:17:26.631+0000] {processor.py:157} INFO - Started process (PID=4490) to work on /opt/airflow/dags/parallel_dag.py
[2023-10-17T00:17:26.634+0000] {processor.py:826} INFO - Processing file /opt/airflow/dags/parallel_dag.py for tasks to queue
[2023-10-17T00:17:26.636+0000] {logging_mixin.py:150} INFO - [2023-10-17T00:17:26.636+0000] {dagbag.py:541} INFO - Filling up the DagBag from /opt/airflow/dags/parallel_dag.py
[2023-10-17T00:17:26.652+0000] {processor.py:836} INFO - DAG(s) dict_keys(['parallel_dag']) retrieved from /opt/airflow/dags/parallel_dag.py
[2023-10-17T00:17:26.691+0000] {logging_mixin.py:150} INFO - [2023-10-17T00:17:26.691+0000] {dag.py:2742} INFO - Sync 1 DAGs
[2023-10-17T00:17:26.726+0000] {logging_mixin.py:150} INFO - [2023-10-17T00:17:26.726+0000] {dag.py:3504} INFO - Setting next_dagrun for parallel_dag to 2023-10-17T00:00:00+00:00, run_after=2023-10-18T00:00:00+00:00
[2023-10-17T00:17:26.754+0000] {processor.py:179} INFO - Processing /opt/airflow/dags/parallel_dag.py took 0.128 seconds
[2023-10-17T00:17:56.818+0000] {processor.py:157} INFO - Started process (PID=4510) to work on /opt/airflow/dags/parallel_dag.py
[2023-10-17T00:17:56.823+0000] {processor.py:826} INFO - Processing file /opt/airflow/dags/parallel_dag.py for tasks to queue
[2023-10-17T00:17:56.826+0000] {logging_mixin.py:150} INFO - [2023-10-17T00:17:56.825+0000] {dagbag.py:541} INFO - Filling up the DagBag from /opt/airflow/dags/parallel_dag.py
[2023-10-17T00:17:56.847+0000] {processor.py:836} INFO - DAG(s) dict_keys(['parallel_dag']) retrieved from /opt/airflow/dags/parallel_dag.py
[2023-10-17T00:17:56.895+0000] {logging_mixin.py:150} INFO - [2023-10-17T00:17:56.895+0000] {dag.py:2742} INFO - Sync 1 DAGs
[2023-10-17T00:17:56.949+0000] {logging_mixin.py:150} INFO - [2023-10-17T00:17:56.949+0000] {dag.py:3504} INFO - Setting next_dagrun for parallel_dag to 2023-10-17T00:00:00+00:00, run_after=2023-10-18T00:00:00+00:00
[2023-10-17T00:17:56.996+0000] {processor.py:179} INFO - Processing /opt/airflow/dags/parallel_dag.py took 0.184 seconds
[2023-10-17T00:18:27.167+0000] {processor.py:157} INFO - Started process (PID=4531) to work on /opt/airflow/dags/parallel_dag.py
[2023-10-17T00:18:27.226+0000] {processor.py:826} INFO - Processing file /opt/airflow/dags/parallel_dag.py for tasks to queue
[2023-10-17T00:18:27.228+0000] {logging_mixin.py:150} INFO - [2023-10-17T00:18:27.228+0000] {dagbag.py:541} INFO - Filling up the DagBag from /opt/airflow/dags/parallel_dag.py
[2023-10-17T00:18:27.250+0000] {processor.py:836} INFO - DAG(s) dict_keys(['parallel_dag']) retrieved from /opt/airflow/dags/parallel_dag.py
[2023-10-17T00:18:27.296+0000] {logging_mixin.py:150} INFO - [2023-10-17T00:18:27.296+0000] {dag.py:2742} INFO - Sync 1 DAGs
[2023-10-17T00:18:27.340+0000] {logging_mixin.py:150} INFO - [2023-10-17T00:18:27.340+0000] {dag.py:3504} INFO - Setting next_dagrun for parallel_dag to 2023-10-17T00:00:00+00:00, run_after=2023-10-18T00:00:00+00:00
[2023-10-17T00:18:27.367+0000] {processor.py:179} INFO - Processing /opt/airflow/dags/parallel_dag.py took 0.207 seconds
[2023-10-17T00:18:57.430+0000] {processor.py:157} INFO - Started process (PID=4552) to work on /opt/airflow/dags/parallel_dag.py
[2023-10-17T00:18:57.434+0000] {processor.py:826} INFO - Processing file /opt/airflow/dags/parallel_dag.py for tasks to queue
[2023-10-17T00:18:57.435+0000] {logging_mixin.py:150} INFO - [2023-10-17T00:18:57.435+0000] {dagbag.py:541} INFO - Filling up the DagBag from /opt/airflow/dags/parallel_dag.py
[2023-10-17T00:18:57.450+0000] {processor.py:836} INFO - DAG(s) dict_keys(['parallel_dag']) retrieved from /opt/airflow/dags/parallel_dag.py
[2023-10-17T00:18:57.489+0000] {logging_mixin.py:150} INFO - [2023-10-17T00:18:57.488+0000] {dag.py:2742} INFO - Sync 1 DAGs
[2023-10-17T00:18:57.538+0000] {logging_mixin.py:150} INFO - [2023-10-17T00:18:57.537+0000] {dag.py:3504} INFO - Setting next_dagrun for parallel_dag to 2023-10-17T00:00:00+00:00, run_after=2023-10-18T00:00:00+00:00
[2023-10-17T00:18:57.570+0000] {processor.py:179} INFO - Processing /opt/airflow/dags/parallel_dag.py took 0.148 seconds
[2023-10-17T00:19:27.667+0000] {processor.py:157} INFO - Started process (PID=4573) to work on /opt/airflow/dags/parallel_dag.py
[2023-10-17T00:19:27.671+0000] {processor.py:826} INFO - Processing file /opt/airflow/dags/parallel_dag.py for tasks to queue
[2023-10-17T00:19:27.673+0000] {logging_mixin.py:150} INFO - [2023-10-17T00:19:27.672+0000] {dagbag.py:541} INFO - Filling up the DagBag from /opt/airflow/dags/parallel_dag.py
[2023-10-17T00:19:27.687+0000] {processor.py:836} INFO - DAG(s) dict_keys(['parallel_dag']) retrieved from /opt/airflow/dags/parallel_dag.py
[2023-10-17T00:19:27.724+0000] {logging_mixin.py:150} INFO - [2023-10-17T00:19:27.724+0000] {dag.py:2742} INFO - Sync 1 DAGs
[2023-10-17T00:19:27.769+0000] {logging_mixin.py:150} INFO - [2023-10-17T00:19:27.768+0000] {dag.py:3504} INFO - Setting next_dagrun for parallel_dag to 2023-10-17T00:00:00+00:00, run_after=2023-10-18T00:00:00+00:00
[2023-10-17T00:19:27.800+0000] {processor.py:179} INFO - Processing /opt/airflow/dags/parallel_dag.py took 0.137 seconds
[2023-10-17T00:19:57.839+0000] {processor.py:157} INFO - Started process (PID=4594) to work on /opt/airflow/dags/parallel_dag.py
[2023-10-17T00:19:57.844+0000] {processor.py:826} INFO - Processing file /opt/airflow/dags/parallel_dag.py for tasks to queue
[2023-10-17T00:19:57.845+0000] {logging_mixin.py:150} INFO - [2023-10-17T00:19:57.845+0000] {dagbag.py:541} INFO - Filling up the DagBag from /opt/airflow/dags/parallel_dag.py
[2023-10-17T00:19:57.857+0000] {processor.py:836} INFO - DAG(s) dict_keys(['parallel_dag']) retrieved from /opt/airflow/dags/parallel_dag.py
[2023-10-17T00:19:57.902+0000] {logging_mixin.py:150} INFO - [2023-10-17T00:19:57.902+0000] {dag.py:2742} INFO - Sync 1 DAGs
[2023-10-17T00:19:57.943+0000] {logging_mixin.py:150} INFO - [2023-10-17T00:19:57.942+0000] {dag.py:3504} INFO - Setting next_dagrun for parallel_dag to 2023-10-17T00:00:00+00:00, run_after=2023-10-18T00:00:00+00:00
[2023-10-17T00:19:57.978+0000] {processor.py:179} INFO - Processing /opt/airflow/dags/parallel_dag.py took 0.143 seconds
[2023-10-17T00:20:28.059+0000] {processor.py:157} INFO - Started process (PID=4615) to work on /opt/airflow/dags/parallel_dag.py
[2023-10-17T00:20:28.063+0000] {processor.py:826} INFO - Processing file /opt/airflow/dags/parallel_dag.py for tasks to queue
[2023-10-17T00:20:28.066+0000] {logging_mixin.py:150} INFO - [2023-10-17T00:20:28.065+0000] {dagbag.py:541} INFO - Filling up the DagBag from /opt/airflow/dags/parallel_dag.py
[2023-10-17T00:20:28.077+0000] {processor.py:836} INFO - DAG(s) dict_keys(['parallel_dag']) retrieved from /opt/airflow/dags/parallel_dag.py
[2023-10-17T00:20:28.116+0000] {logging_mixin.py:150} INFO - [2023-10-17T00:20:28.116+0000] {dag.py:2742} INFO - Sync 1 DAGs
[2023-10-17T00:20:28.150+0000] {logging_mixin.py:150} INFO - [2023-10-17T00:20:28.150+0000] {dag.py:3504} INFO - Setting next_dagrun for parallel_dag to 2023-10-17T00:00:00+00:00, run_after=2023-10-18T00:00:00+00:00
[2023-10-17T00:20:28.176+0000] {processor.py:179} INFO - Processing /opt/airflow/dags/parallel_dag.py took 0.121 seconds
[2023-10-17T00:20:58.260+0000] {processor.py:157} INFO - Started process (PID=4636) to work on /opt/airflow/dags/parallel_dag.py
[2023-10-17T00:20:58.265+0000] {processor.py:826} INFO - Processing file /opt/airflow/dags/parallel_dag.py for tasks to queue
[2023-10-17T00:20:58.268+0000] {logging_mixin.py:150} INFO - [2023-10-17T00:20:58.268+0000] {dagbag.py:541} INFO - Filling up the DagBag from /opt/airflow/dags/parallel_dag.py
[2023-10-17T00:20:58.286+0000] {processor.py:836} INFO - DAG(s) dict_keys(['parallel_dag']) retrieved from /opt/airflow/dags/parallel_dag.py
[2023-10-17T00:20:58.328+0000] {logging_mixin.py:150} INFO - [2023-10-17T00:20:58.328+0000] {dag.py:2742} INFO - Sync 1 DAGs
[2023-10-17T00:20:58.375+0000] {logging_mixin.py:150} INFO - [2023-10-17T00:20:58.375+0000] {dag.py:3504} INFO - Setting next_dagrun for parallel_dag to 2023-10-17T00:00:00+00:00, run_after=2023-10-18T00:00:00+00:00
[2023-10-17T00:20:58.419+0000] {processor.py:179} INFO - Processing /opt/airflow/dags/parallel_dag.py took 0.165 seconds
[2023-10-17T00:21:28.588+0000] {processor.py:157} INFO - Started process (PID=4657) to work on /opt/airflow/dags/parallel_dag.py
[2023-10-17T00:21:28.590+0000] {processor.py:826} INFO - Processing file /opt/airflow/dags/parallel_dag.py for tasks to queue
[2023-10-17T00:21:28.592+0000] {logging_mixin.py:150} INFO - [2023-10-17T00:21:28.592+0000] {dagbag.py:541} INFO - Filling up the DagBag from /opt/airflow/dags/parallel_dag.py
[2023-10-17T00:21:28.608+0000] {processor.py:836} INFO - DAG(s) dict_keys(['parallel_dag']) retrieved from /opt/airflow/dags/parallel_dag.py
[2023-10-17T00:21:28.655+0000] {logging_mixin.py:150} INFO - [2023-10-17T00:21:28.655+0000] {dag.py:2742} INFO - Sync 1 DAGs
[2023-10-17T00:21:28.704+0000] {logging_mixin.py:150} INFO - [2023-10-17T00:21:28.703+0000] {dag.py:3504} INFO - Setting next_dagrun for parallel_dag to 2023-10-17T00:00:00+00:00, run_after=2023-10-18T00:00:00+00:00
[2023-10-17T00:21:28.741+0000] {processor.py:179} INFO - Processing /opt/airflow/dags/parallel_dag.py took 0.162 seconds
[2023-10-17T00:21:58.948+0000] {processor.py:157} INFO - Started process (PID=4678) to work on /opt/airflow/dags/parallel_dag.py
[2023-10-17T00:21:58.953+0000] {processor.py:826} INFO - Processing file /opt/airflow/dags/parallel_dag.py for tasks to queue
[2023-10-17T00:21:58.954+0000] {logging_mixin.py:150} INFO - [2023-10-17T00:21:58.954+0000] {dagbag.py:541} INFO - Filling up the DagBag from /opt/airflow/dags/parallel_dag.py
[2023-10-17T00:21:58.967+0000] {processor.py:836} INFO - DAG(s) dict_keys(['parallel_dag']) retrieved from /opt/airflow/dags/parallel_dag.py
[2023-10-17T00:21:59.008+0000] {logging_mixin.py:150} INFO - [2023-10-17T00:21:59.008+0000] {dag.py:2742} INFO - Sync 1 DAGs
[2023-10-17T00:21:59.051+0000] {logging_mixin.py:150} INFO - [2023-10-17T00:21:59.050+0000] {dag.py:3504} INFO - Setting next_dagrun for parallel_dag to 2023-10-17T00:00:00+00:00, run_after=2023-10-18T00:00:00+00:00
[2023-10-17T00:21:59.082+0000] {processor.py:179} INFO - Processing /opt/airflow/dags/parallel_dag.py took 0.138 seconds
[2023-10-17T00:22:30.092+0000] {processor.py:157} INFO - Started process (PID=4699) to work on /opt/airflow/dags/parallel_dag.py
[2023-10-17T00:22:30.094+0000] {processor.py:826} INFO - Processing file /opt/airflow/dags/parallel_dag.py for tasks to queue
[2023-10-17T00:22:30.095+0000] {logging_mixin.py:150} INFO - [2023-10-17T00:22:30.095+0000] {dagbag.py:541} INFO - Filling up the DagBag from /opt/airflow/dags/parallel_dag.py
[2023-10-17T00:22:30.109+0000] {processor.py:836} INFO - DAG(s) dict_keys(['parallel_dag']) retrieved from /opt/airflow/dags/parallel_dag.py
[2023-10-17T00:22:30.145+0000] {logging_mixin.py:150} INFO - [2023-10-17T00:22:30.145+0000] {dag.py:2742} INFO - Sync 1 DAGs
[2023-10-17T00:22:30.182+0000] {logging_mixin.py:150} INFO - [2023-10-17T00:22:30.182+0000] {dag.py:3504} INFO - Setting next_dagrun for parallel_dag to 2023-10-17T00:00:00+00:00, run_after=2023-10-18T00:00:00+00:00
[2023-10-17T00:22:30.215+0000] {processor.py:179} INFO - Processing /opt/airflow/dags/parallel_dag.py took 0.127 seconds
[2023-10-17T00:23:00.341+0000] {processor.py:157} INFO - Started process (PID=4720) to work on /opt/airflow/dags/parallel_dag.py
[2023-10-17T00:23:00.342+0000] {processor.py:826} INFO - Processing file /opt/airflow/dags/parallel_dag.py for tasks to queue
[2023-10-17T00:23:00.343+0000] {logging_mixin.py:150} INFO - [2023-10-17T00:23:00.343+0000] {dagbag.py:541} INFO - Filling up the DagBag from /opt/airflow/dags/parallel_dag.py
[2023-10-17T00:23:00.358+0000] {processor.py:836} INFO - DAG(s) dict_keys(['parallel_dag']) retrieved from /opt/airflow/dags/parallel_dag.py
[2023-10-17T00:23:00.390+0000] {logging_mixin.py:150} INFO - [2023-10-17T00:23:00.390+0000] {dag.py:2742} INFO - Sync 1 DAGs
[2023-10-17T00:23:00.425+0000] {logging_mixin.py:150} INFO - [2023-10-17T00:23:00.425+0000] {dag.py:3504} INFO - Setting next_dagrun for parallel_dag to 2023-10-17T00:00:00+00:00, run_after=2023-10-18T00:00:00+00:00
[2023-10-17T00:23:00.448+0000] {processor.py:179} INFO - Processing /opt/airflow/dags/parallel_dag.py took 0.113 seconds
[2023-10-17T00:23:30.579+0000] {processor.py:157} INFO - Started process (PID=4741) to work on /opt/airflow/dags/parallel_dag.py
[2023-10-17T00:23:30.584+0000] {processor.py:826} INFO - Processing file /opt/airflow/dags/parallel_dag.py for tasks to queue
[2023-10-17T00:23:30.586+0000] {logging_mixin.py:150} INFO - [2023-10-17T00:23:30.585+0000] {dagbag.py:541} INFO - Filling up the DagBag from /opt/airflow/dags/parallel_dag.py
[2023-10-17T00:23:30.599+0000] {processor.py:836} INFO - DAG(s) dict_keys(['parallel_dag']) retrieved from /opt/airflow/dags/parallel_dag.py
[2023-10-17T00:23:30.636+0000] {logging_mixin.py:150} INFO - [2023-10-17T00:23:30.636+0000] {dag.py:2742} INFO - Sync 1 DAGs
[2023-10-17T00:23:30.677+0000] {logging_mixin.py:150} INFO - [2023-10-17T00:23:30.677+0000] {dag.py:3504} INFO - Setting next_dagrun for parallel_dag to 2023-10-17T00:00:00+00:00, run_after=2023-10-18T00:00:00+00:00
[2023-10-17T00:23:30.699+0000] {processor.py:179} INFO - Processing /opt/airflow/dags/parallel_dag.py took 0.127 seconds
[2023-10-17T00:24:00.782+0000] {processor.py:157} INFO - Started process (PID=4762) to work on /opt/airflow/dags/parallel_dag.py
[2023-10-17T00:24:00.784+0000] {processor.py:826} INFO - Processing file /opt/airflow/dags/parallel_dag.py for tasks to queue
[2023-10-17T00:24:00.785+0000] {logging_mixin.py:150} INFO - [2023-10-17T00:24:00.784+0000] {dagbag.py:541} INFO - Filling up the DagBag from /opt/airflow/dags/parallel_dag.py
[2023-10-17T00:24:00.802+0000] {processor.py:836} INFO - DAG(s) dict_keys(['parallel_dag']) retrieved from /opt/airflow/dags/parallel_dag.py
[2023-10-17T00:24:00.843+0000] {logging_mixin.py:150} INFO - [2023-10-17T00:24:00.843+0000] {dag.py:2742} INFO - Sync 1 DAGs
[2023-10-17T00:24:00.879+0000] {logging_mixin.py:150} INFO - [2023-10-17T00:24:00.879+0000] {dag.py:3504} INFO - Setting next_dagrun for parallel_dag to 2023-10-17T00:00:00+00:00, run_after=2023-10-18T00:00:00+00:00
[2023-10-17T00:24:00.903+0000] {processor.py:179} INFO - Processing /opt/airflow/dags/parallel_dag.py took 0.126 seconds
[2023-10-17T00:24:31.778+0000] {processor.py:157} INFO - Started process (PID=4783) to work on /opt/airflow/dags/parallel_dag.py
[2023-10-17T00:24:32.005+0000] {processor.py:826} INFO - Processing file /opt/airflow/dags/parallel_dag.py for tasks to queue
[2023-10-17T00:24:32.007+0000] {logging_mixin.py:150} INFO - [2023-10-17T00:24:32.007+0000] {dagbag.py:541} INFO - Filling up the DagBag from /opt/airflow/dags/parallel_dag.py
[2023-10-17T00:24:32.025+0000] {processor.py:836} INFO - DAG(s) dict_keys(['parallel_dag']) retrieved from /opt/airflow/dags/parallel_dag.py
[2023-10-17T00:24:32.078+0000] {logging_mixin.py:150} INFO - [2023-10-17T00:24:32.078+0000] {dag.py:2742} INFO - Sync 1 DAGs
[2023-10-17T00:24:32.114+0000] {logging_mixin.py:150} INFO - [2023-10-17T00:24:32.113+0000] {dag.py:3504} INFO - Setting next_dagrun for parallel_dag to 2023-10-17T00:00:00+00:00, run_after=2023-10-18T00:00:00+00:00
[2023-10-17T00:24:35.973+0000] {processor.py:179} INFO - Processing /opt/airflow/dags/parallel_dag.py took 4.202 seconds
