[2023-10-17T00:00:07.951+0000] {processor.py:157} INFO - Started process (PID=3742) to work on /opt/airflow/dags/producer.py
[2023-10-17T00:00:07.954+0000] {processor.py:826} INFO - Processing file /opt/airflow/dags/producer.py for tasks to queue
[2023-10-17T00:00:07.967+0000] {logging_mixin.py:150} INFO - [2023-10-17T00:00:07.966+0000] {dagbag.py:541} INFO - Filling up the DagBag from /opt/airflow/dags/producer.py
[2023-10-17T00:00:08.052+0000] {processor.py:836} INFO - DAG(s) dict_keys(['producer']) retrieved from /opt/airflow/dags/producer.py
[2023-10-17T00:00:08.252+0000] {logging_mixin.py:150} INFO - [2023-10-17T00:00:08.251+0000] {dag.py:2742} INFO - Sync 1 DAGs
[2023-10-17T00:00:08.388+0000] {logging_mixin.py:150} INFO - [2023-10-17T00:00:08.388+0000] {dag.py:3504} INFO - Setting next_dagrun for producer to 2023-10-17T00:00:00+00:00, run_after=2023-10-18T00:00:00+00:00
[2023-10-17T00:00:08.515+0000] {processor.py:179} INFO - Processing /opt/airflow/dags/producer.py took 0.584 seconds
[2023-10-17T00:00:38.766+0000] {processor.py:157} INFO - Started process (PID=3786) to work on /opt/airflow/dags/producer.py
[2023-10-17T00:00:38.768+0000] {processor.py:826} INFO - Processing file /opt/airflow/dags/producer.py for tasks to queue
[2023-10-17T00:00:38.769+0000] {logging_mixin.py:150} INFO - [2023-10-17T00:00:38.768+0000] {dagbag.py:541} INFO - Filling up the DagBag from /opt/airflow/dags/producer.py
[2023-10-17T00:00:38.783+0000] {processor.py:836} INFO - DAG(s) dict_keys(['producer']) retrieved from /opt/airflow/dags/producer.py
[2023-10-17T00:00:38.824+0000] {logging_mixin.py:150} INFO - [2023-10-17T00:00:38.823+0000] {dag.py:2742} INFO - Sync 1 DAGs
[2023-10-17T00:00:38.864+0000] {logging_mixin.py:150} INFO - [2023-10-17T00:00:38.864+0000] {dag.py:3504} INFO - Setting next_dagrun for producer to 2023-10-17T00:00:00+00:00, run_after=2023-10-18T00:00:00+00:00
[2023-10-17T00:00:38.905+0000] {processor.py:179} INFO - Processing /opt/airflow/dags/producer.py took 0.146 seconds
[2023-10-17T00:01:09.097+0000] {processor.py:157} INFO - Started process (PID=3807) to work on /opt/airflow/dags/producer.py
[2023-10-17T00:01:09.106+0000] {processor.py:826} INFO - Processing file /opt/airflow/dags/producer.py for tasks to queue
[2023-10-17T00:01:09.107+0000] {logging_mixin.py:150} INFO - [2023-10-17T00:01:09.107+0000] {dagbag.py:541} INFO - Filling up the DagBag from /opt/airflow/dags/producer.py
[2023-10-17T00:01:09.122+0000] {processor.py:836} INFO - DAG(s) dict_keys(['producer']) retrieved from /opt/airflow/dags/producer.py
[2023-10-17T00:01:09.167+0000] {logging_mixin.py:150} INFO - [2023-10-17T00:01:09.167+0000] {dag.py:2742} INFO - Sync 1 DAGs
[2023-10-17T00:01:09.216+0000] {logging_mixin.py:150} INFO - [2023-10-17T00:01:09.216+0000] {dag.py:3504} INFO - Setting next_dagrun for producer to 2023-10-17T00:00:00+00:00, run_after=2023-10-18T00:00:00+00:00
[2023-10-17T00:01:09.259+0000] {processor.py:179} INFO - Processing /opt/airflow/dags/producer.py took 0.169 seconds
[2023-10-17T00:01:39.453+0000] {processor.py:157} INFO - Started process (PID=3833) to work on /opt/airflow/dags/producer.py
[2023-10-17T00:01:39.456+0000] {processor.py:826} INFO - Processing file /opt/airflow/dags/producer.py for tasks to queue
[2023-10-17T00:01:39.457+0000] {logging_mixin.py:150} INFO - [2023-10-17T00:01:39.457+0000] {dagbag.py:541} INFO - Filling up the DagBag from /opt/airflow/dags/producer.py
[2023-10-17T00:01:39.474+0000] {processor.py:836} INFO - DAG(s) dict_keys(['producer']) retrieved from /opt/airflow/dags/producer.py
[2023-10-17T00:01:39.519+0000] {logging_mixin.py:150} INFO - [2023-10-17T00:01:39.518+0000] {dag.py:2742} INFO - Sync 1 DAGs
[2023-10-17T00:01:39.559+0000] {logging_mixin.py:150} INFO - [2023-10-17T00:01:39.559+0000] {dag.py:3504} INFO - Setting next_dagrun for producer to 2023-10-17T00:00:00+00:00, run_after=2023-10-18T00:00:00+00:00
[2023-10-17T00:01:39.597+0000] {processor.py:179} INFO - Processing /opt/airflow/dags/producer.py took 0.153 seconds
[2023-10-17T00:02:10.491+0000] {processor.py:157} INFO - Started process (PID=3854) to work on /opt/airflow/dags/producer.py
[2023-10-17T00:02:10.496+0000] {processor.py:826} INFO - Processing file /opt/airflow/dags/producer.py for tasks to queue
[2023-10-17T00:02:10.497+0000] {logging_mixin.py:150} INFO - [2023-10-17T00:02:10.496+0000] {dagbag.py:541} INFO - Filling up the DagBag from /opt/airflow/dags/producer.py
[2023-10-17T00:02:10.512+0000] {processor.py:836} INFO - DAG(s) dict_keys(['producer']) retrieved from /opt/airflow/dags/producer.py
[2023-10-17T00:02:10.569+0000] {logging_mixin.py:150} INFO - [2023-10-17T00:02:10.569+0000] {dag.py:2742} INFO - Sync 1 DAGs
[2023-10-17T00:02:10.606+0000] {logging_mixin.py:150} INFO - [2023-10-17T00:02:10.605+0000] {dag.py:3504} INFO - Setting next_dagrun for producer to 2023-10-17T00:00:00+00:00, run_after=2023-10-18T00:00:00+00:00
[2023-10-17T00:02:10.660+0000] {processor.py:179} INFO - Processing /opt/airflow/dags/producer.py took 0.175 seconds
[2023-10-17T00:02:40.849+0000] {processor.py:157} INFO - Started process (PID=3875) to work on /opt/airflow/dags/producer.py
[2023-10-17T00:02:40.852+0000] {processor.py:826} INFO - Processing file /opt/airflow/dags/producer.py for tasks to queue
[2023-10-17T00:02:40.867+0000] {logging_mixin.py:150} INFO - [2023-10-17T00:02:40.865+0000] {dagbag.py:541} INFO - Filling up the DagBag from /opt/airflow/dags/producer.py
[2023-10-17T00:02:40.960+0000] {processor.py:836} INFO - DAG(s) dict_keys(['producer']) retrieved from /opt/airflow/dags/producer.py
[2023-10-17T00:02:41.244+0000] {logging_mixin.py:150} INFO - [2023-10-17T00:02:41.243+0000] {dag.py:2742} INFO - Sync 1 DAGs
[2023-10-17T00:02:41.664+0000] {logging_mixin.py:150} INFO - [2023-10-17T00:02:41.664+0000] {dag.py:3504} INFO - Setting next_dagrun for producer to 2023-10-17T00:00:00+00:00, run_after=2023-10-18T00:00:00+00:00
[2023-10-17T00:02:41.828+0000] {processor.py:179} INFO - Processing /opt/airflow/dags/producer.py took 1.000 seconds
[2023-10-17T00:03:12.111+0000] {processor.py:157} INFO - Started process (PID=3903) to work on /opt/airflow/dags/producer.py
[2023-10-17T00:03:12.127+0000] {processor.py:826} INFO - Processing file /opt/airflow/dags/producer.py for tasks to queue
[2023-10-17T00:03:12.128+0000] {logging_mixin.py:150} INFO - [2023-10-17T00:03:12.128+0000] {dagbag.py:541} INFO - Filling up the DagBag from /opt/airflow/dags/producer.py
[2023-10-17T00:03:12.145+0000] {processor.py:836} INFO - DAG(s) dict_keys(['producer']) retrieved from /opt/airflow/dags/producer.py
[2023-10-17T00:03:12.185+0000] {logging_mixin.py:150} INFO - [2023-10-17T00:03:12.184+0000] {dag.py:2742} INFO - Sync 1 DAGs
[2023-10-17T00:03:12.225+0000] {logging_mixin.py:150} INFO - [2023-10-17T00:03:12.225+0000] {dag.py:3504} INFO - Setting next_dagrun for producer to 2023-10-17T00:00:00+00:00, run_after=2023-10-18T00:00:00+00:00
[2023-10-17T00:03:12.265+0000] {processor.py:179} INFO - Processing /opt/airflow/dags/producer.py took 0.158 seconds
[2023-10-17T00:03:43.083+0000] {processor.py:157} INFO - Started process (PID=3924) to work on /opt/airflow/dags/producer.py
[2023-10-17T00:03:43.085+0000] {processor.py:826} INFO - Processing file /opt/airflow/dags/producer.py for tasks to queue
[2023-10-17T00:03:43.086+0000] {logging_mixin.py:150} INFO - [2023-10-17T00:03:43.085+0000] {dagbag.py:541} INFO - Filling up the DagBag from /opt/airflow/dags/producer.py
[2023-10-17T00:03:43.101+0000] {processor.py:836} INFO - DAG(s) dict_keys(['producer']) retrieved from /opt/airflow/dags/producer.py
[2023-10-17T00:03:43.146+0000] {logging_mixin.py:150} INFO - [2023-10-17T00:03:43.146+0000] {dag.py:2742} INFO - Sync 1 DAGs
[2023-10-17T00:03:43.185+0000] {logging_mixin.py:150} INFO - [2023-10-17T00:03:43.184+0000] {dag.py:3504} INFO - Setting next_dagrun for producer to 2023-10-17T00:00:00+00:00, run_after=2023-10-18T00:00:00+00:00
[2023-10-17T00:03:43.229+0000] {processor.py:179} INFO - Processing /opt/airflow/dags/producer.py took 0.150 seconds
[2023-10-17T00:04:13.459+0000] {processor.py:157} INFO - Started process (PID=3945) to work on /opt/airflow/dags/producer.py
[2023-10-17T00:04:13.463+0000] {processor.py:826} INFO - Processing file /opt/airflow/dags/producer.py for tasks to queue
[2023-10-17T00:04:13.464+0000] {logging_mixin.py:150} INFO - [2023-10-17T00:04:13.464+0000] {dagbag.py:541} INFO - Filling up the DagBag from /opt/airflow/dags/producer.py
[2023-10-17T00:04:13.481+0000] {processor.py:836} INFO - DAG(s) dict_keys(['producer']) retrieved from /opt/airflow/dags/producer.py
[2023-10-17T00:04:13.522+0000] {logging_mixin.py:150} INFO - [2023-10-17T00:04:13.521+0000] {dag.py:2742} INFO - Sync 1 DAGs
[2023-10-17T00:04:13.564+0000] {logging_mixin.py:150} INFO - [2023-10-17T00:04:13.564+0000] {dag.py:3504} INFO - Setting next_dagrun for producer to 2023-10-17T00:00:00+00:00, run_after=2023-10-18T00:00:00+00:00
[2023-10-17T00:04:13.603+0000] {processor.py:179} INFO - Processing /opt/airflow/dags/producer.py took 0.153 seconds
[2023-10-17T00:04:43.870+0000] {processor.py:157} INFO - Started process (PID=3966) to work on /opt/airflow/dags/producer.py
[2023-10-17T00:04:43.871+0000] {processor.py:826} INFO - Processing file /opt/airflow/dags/producer.py for tasks to queue
[2023-10-17T00:04:43.872+0000] {logging_mixin.py:150} INFO - [2023-10-17T00:04:43.872+0000] {dagbag.py:541} INFO - Filling up the DagBag from /opt/airflow/dags/producer.py
[2023-10-17T00:04:43.889+0000] {processor.py:836} INFO - DAG(s) dict_keys(['producer']) retrieved from /opt/airflow/dags/producer.py
[2023-10-17T00:04:43.938+0000] {logging_mixin.py:150} INFO - [2023-10-17T00:04:43.938+0000] {dag.py:2742} INFO - Sync 1 DAGs
[2023-10-17T00:04:43.984+0000] {logging_mixin.py:150} INFO - [2023-10-17T00:04:43.984+0000] {dag.py:3504} INFO - Setting next_dagrun for producer to 2023-10-17T00:00:00+00:00, run_after=2023-10-18T00:00:00+00:00
[2023-10-17T00:04:44.023+0000] {processor.py:179} INFO - Processing /opt/airflow/dags/producer.py took 0.157 seconds
[2023-10-17T00:05:14.101+0000] {processor.py:157} INFO - Started process (PID=3987) to work on /opt/airflow/dags/producer.py
[2023-10-17T00:05:14.103+0000] {processor.py:826} INFO - Processing file /opt/airflow/dags/producer.py for tasks to queue
[2023-10-17T00:05:14.104+0000] {logging_mixin.py:150} INFO - [2023-10-17T00:05:14.104+0000] {dagbag.py:541} INFO - Filling up the DagBag from /opt/airflow/dags/producer.py
[2023-10-17T00:05:14.120+0000] {processor.py:836} INFO - DAG(s) dict_keys(['producer']) retrieved from /opt/airflow/dags/producer.py
[2023-10-17T00:05:14.177+0000] {logging_mixin.py:150} INFO - [2023-10-17T00:05:14.175+0000] {dag.py:2742} INFO - Sync 1 DAGs
[2023-10-17T00:05:14.225+0000] {logging_mixin.py:150} INFO - [2023-10-17T00:05:14.225+0000] {dag.py:3504} INFO - Setting next_dagrun for producer to 2023-10-17T00:00:00+00:00, run_after=2023-10-18T00:00:00+00:00
[2023-10-17T00:05:14.266+0000] {processor.py:179} INFO - Processing /opt/airflow/dags/producer.py took 0.169 seconds
[2023-10-17T00:05:44.324+0000] {processor.py:157} INFO - Started process (PID=4009) to work on /opt/airflow/dags/producer.py
[2023-10-17T00:05:44.326+0000] {processor.py:826} INFO - Processing file /opt/airflow/dags/producer.py for tasks to queue
[2023-10-17T00:05:44.329+0000] {logging_mixin.py:150} INFO - [2023-10-17T00:05:44.329+0000] {dagbag.py:541} INFO - Filling up the DagBag from /opt/airflow/dags/producer.py
[2023-10-17T00:05:44.344+0000] {processor.py:836} INFO - DAG(s) dict_keys(['producer']) retrieved from /opt/airflow/dags/producer.py
[2023-10-17T00:05:44.389+0000] {logging_mixin.py:150} INFO - [2023-10-17T00:05:44.389+0000] {dag.py:2742} INFO - Sync 1 DAGs
[2023-10-17T00:05:44.427+0000] {logging_mixin.py:150} INFO - [2023-10-17T00:05:44.426+0000] {dag.py:3504} INFO - Setting next_dagrun for producer to 2023-10-17T00:00:00+00:00, run_after=2023-10-18T00:00:00+00:00
[2023-10-17T00:05:44.473+0000] {processor.py:179} INFO - Processing /opt/airflow/dags/producer.py took 0.154 seconds
[2023-10-17T00:06:14.707+0000] {processor.py:157} INFO - Started process (PID=4030) to work on /opt/airflow/dags/producer.py
[2023-10-17T00:06:14.713+0000] {processor.py:826} INFO - Processing file /opt/airflow/dags/producer.py for tasks to queue
[2023-10-17T00:06:14.715+0000] {logging_mixin.py:150} INFO - [2023-10-17T00:06:14.715+0000] {dagbag.py:541} INFO - Filling up the DagBag from /opt/airflow/dags/producer.py
[2023-10-17T00:06:14.728+0000] {processor.py:836} INFO - DAG(s) dict_keys(['producer']) retrieved from /opt/airflow/dags/producer.py
[2023-10-17T00:06:14.792+0000] {logging_mixin.py:150} INFO - [2023-10-17T00:06:14.792+0000] {dag.py:2742} INFO - Sync 1 DAGs
[2023-10-17T00:06:14.854+0000] {logging_mixin.py:150} INFO - [2023-10-17T00:06:14.854+0000] {dag.py:3504} INFO - Setting next_dagrun for producer to 2023-10-17T00:00:00+00:00, run_after=2023-10-18T00:00:00+00:00
[2023-10-17T00:06:14.890+0000] {processor.py:179} INFO - Processing /opt/airflow/dags/producer.py took 0.186 seconds
[2023-10-17T00:06:45.738+0000] {processor.py:157} INFO - Started process (PID=4050) to work on /opt/airflow/dags/producer.py
[2023-10-17T00:06:45.787+0000] {processor.py:826} INFO - Processing file /opt/airflow/dags/producer.py for tasks to queue
[2023-10-17T00:06:45.791+0000] {logging_mixin.py:150} INFO - [2023-10-17T00:06:45.790+0000] {dagbag.py:541} INFO - Filling up the DagBag from /opt/airflow/dags/producer.py
[2023-10-17T00:06:45.876+0000] {processor.py:836} INFO - DAG(s) dict_keys(['producer']) retrieved from /opt/airflow/dags/producer.py
[2023-10-17T00:06:46.101+0000] {logging_mixin.py:150} INFO - [2023-10-17T00:06:46.101+0000] {dag.py:2742} INFO - Sync 1 DAGs
[2023-10-17T00:06:46.249+0000] {logging_mixin.py:150} INFO - [2023-10-17T00:06:46.247+0000] {dag.py:3504} INFO - Setting next_dagrun for producer to 2023-10-17T00:00:00+00:00, run_after=2023-10-18T00:00:00+00:00
[2023-10-17T00:06:46.446+0000] {processor.py:179} INFO - Processing /opt/airflow/dags/producer.py took 0.784 seconds
[2023-10-17T00:07:16.864+0000] {processor.py:157} INFO - Started process (PID=4072) to work on /opt/airflow/dags/producer.py
[2023-10-17T00:07:16.883+0000] {processor.py:826} INFO - Processing file /opt/airflow/dags/producer.py for tasks to queue
[2023-10-17T00:07:16.885+0000] {logging_mixin.py:150} INFO - [2023-10-17T00:07:16.885+0000] {dagbag.py:541} INFO - Filling up the DagBag from /opt/airflow/dags/producer.py
[2023-10-17T00:07:16.957+0000] {processor.py:836} INFO - DAG(s) dict_keys(['producer']) retrieved from /opt/airflow/dags/producer.py
[2023-10-17T00:07:17.142+0000] {logging_mixin.py:150} INFO - [2023-10-17T00:07:17.142+0000] {dag.py:2742} INFO - Sync 1 DAGs
[2023-10-17T00:07:17.318+0000] {logging_mixin.py:150} INFO - [2023-10-17T00:07:17.317+0000] {dag.py:3504} INFO - Setting next_dagrun for producer to 2023-10-17T00:00:00+00:00, run_after=2023-10-18T00:00:00+00:00
[2023-10-17T00:07:17.464+0000] {processor.py:179} INFO - Processing /opt/airflow/dags/producer.py took 0.618 seconds
[2023-10-17T00:07:47.796+0000] {processor.py:157} INFO - Started process (PID=4092) to work on /opt/airflow/dags/producer.py
[2023-10-17T00:07:47.810+0000] {processor.py:826} INFO - Processing file /opt/airflow/dags/producer.py for tasks to queue
[2023-10-17T00:07:47.812+0000] {logging_mixin.py:150} INFO - [2023-10-17T00:07:47.812+0000] {dagbag.py:541} INFO - Filling up the DagBag from /opt/airflow/dags/producer.py
[2023-10-17T00:07:47.880+0000] {processor.py:836} INFO - DAG(s) dict_keys(['producer']) retrieved from /opt/airflow/dags/producer.py
[2023-10-17T00:07:48.079+0000] {logging_mixin.py:150} INFO - [2023-10-17T00:07:48.079+0000] {dag.py:2742} INFO - Sync 1 DAGs
[2023-10-17T00:07:48.397+0000] {logging_mixin.py:150} INFO - [2023-10-17T00:07:48.394+0000] {dag.py:3504} INFO - Setting next_dagrun for producer to 2023-10-17T00:00:00+00:00, run_after=2023-10-18T00:00:00+00:00
[2023-10-17T00:07:48.627+0000] {processor.py:179} INFO - Processing /opt/airflow/dags/producer.py took 0.848 seconds
[2023-10-17T00:08:18.791+0000] {processor.py:157} INFO - Started process (PID=4113) to work on /opt/airflow/dags/producer.py
[2023-10-17T00:08:18.793+0000] {processor.py:826} INFO - Processing file /opt/airflow/dags/producer.py for tasks to queue
[2023-10-17T00:08:18.795+0000] {logging_mixin.py:150} INFO - [2023-10-17T00:08:18.794+0000] {dagbag.py:541} INFO - Filling up the DagBag from /opt/airflow/dags/producer.py
[2023-10-17T00:08:18.804+0000] {processor.py:836} INFO - DAG(s) dict_keys(['producer']) retrieved from /opt/airflow/dags/producer.py
[2023-10-17T00:08:18.837+0000] {logging_mixin.py:150} INFO - [2023-10-17T00:08:18.837+0000] {dag.py:2742} INFO - Sync 1 DAGs
[2023-10-17T00:08:18.866+0000] {logging_mixin.py:150} INFO - [2023-10-17T00:08:18.865+0000] {dag.py:3504} INFO - Setting next_dagrun for producer to 2023-10-17T00:00:00+00:00, run_after=2023-10-18T00:00:00+00:00
[2023-10-17T00:08:18.901+0000] {processor.py:179} INFO - Processing /opt/airflow/dags/producer.py took 0.113 seconds
[2023-10-17T00:08:49.678+0000] {processor.py:157} INFO - Started process (PID=4134) to work on /opt/airflow/dags/producer.py
[2023-10-17T00:08:49.709+0000] {processor.py:826} INFO - Processing file /opt/airflow/dags/producer.py for tasks to queue
[2023-10-17T00:08:49.710+0000] {logging_mixin.py:150} INFO - [2023-10-17T00:08:49.710+0000] {dagbag.py:541} INFO - Filling up the DagBag from /opt/airflow/dags/producer.py
[2023-10-17T00:08:49.722+0000] {processor.py:836} INFO - DAG(s) dict_keys(['producer']) retrieved from /opt/airflow/dags/producer.py
[2023-10-17T00:08:49.763+0000] {logging_mixin.py:150} INFO - [2023-10-17T00:08:49.763+0000] {dag.py:2742} INFO - Sync 1 DAGs
[2023-10-17T00:08:49.799+0000] {logging_mixin.py:150} INFO - [2023-10-17T00:08:49.799+0000] {dag.py:3504} INFO - Setting next_dagrun for producer to 2023-10-17T00:00:00+00:00, run_after=2023-10-18T00:00:00+00:00
[2023-10-17T00:08:49.838+0000] {processor.py:179} INFO - Processing /opt/airflow/dags/producer.py took 0.164 seconds
[2023-10-17T00:09:20.803+0000] {processor.py:157} INFO - Started process (PID=4155) to work on /opt/airflow/dags/producer.py
[2023-10-17T00:09:20.804+0000] {processor.py:826} INFO - Processing file /opt/airflow/dags/producer.py for tasks to queue
[2023-10-17T00:09:20.807+0000] {logging_mixin.py:150} INFO - [2023-10-17T00:09:20.806+0000] {dagbag.py:541} INFO - Filling up the DagBag from /opt/airflow/dags/producer.py
[2023-10-17T00:09:20.828+0000] {processor.py:836} INFO - DAG(s) dict_keys(['producer']) retrieved from /opt/airflow/dags/producer.py
[2023-10-17T00:09:20.865+0000] {logging_mixin.py:150} INFO - [2023-10-17T00:09:20.865+0000] {dag.py:2742} INFO - Sync 1 DAGs
[2023-10-17T00:09:20.899+0000] {logging_mixin.py:150} INFO - [2023-10-17T00:09:20.899+0000] {dag.py:3504} INFO - Setting next_dagrun for producer to 2023-10-17T00:00:00+00:00, run_after=2023-10-18T00:00:00+00:00
[2023-10-17T00:09:20.938+0000] {processor.py:179} INFO - Processing /opt/airflow/dags/producer.py took 0.140 seconds
[2023-10-17T00:09:51.060+0000] {processor.py:157} INFO - Started process (PID=4176) to work on /opt/airflow/dags/producer.py
[2023-10-17T00:09:51.063+0000] {processor.py:826} INFO - Processing file /opt/airflow/dags/producer.py for tasks to queue
[2023-10-17T00:09:51.064+0000] {logging_mixin.py:150} INFO - [2023-10-17T00:09:51.063+0000] {dagbag.py:541} INFO - Filling up the DagBag from /opt/airflow/dags/producer.py
[2023-10-17T00:09:51.080+0000] {processor.py:836} INFO - DAG(s) dict_keys(['producer']) retrieved from /opt/airflow/dags/producer.py
[2023-10-17T00:09:51.117+0000] {logging_mixin.py:150} INFO - [2023-10-17T00:09:51.117+0000] {dag.py:2742} INFO - Sync 1 DAGs
[2023-10-17T00:09:51.162+0000] {logging_mixin.py:150} INFO - [2023-10-17T00:09:51.162+0000] {dag.py:3504} INFO - Setting next_dagrun for producer to 2023-10-17T00:00:00+00:00, run_after=2023-10-18T00:00:00+00:00
[2023-10-17T00:09:51.205+0000] {processor.py:179} INFO - Processing /opt/airflow/dags/producer.py took 0.151 seconds
[2023-10-17T00:10:21.437+0000] {processor.py:157} INFO - Started process (PID=4198) to work on /opt/airflow/dags/producer.py
[2023-10-17T00:10:21.439+0000] {processor.py:826} INFO - Processing file /opt/airflow/dags/producer.py for tasks to queue
[2023-10-17T00:10:21.440+0000] {logging_mixin.py:150} INFO - [2023-10-17T00:10:21.440+0000] {dagbag.py:541} INFO - Filling up the DagBag from /opt/airflow/dags/producer.py
[2023-10-17T00:10:21.453+0000] {processor.py:836} INFO - DAG(s) dict_keys(['producer']) retrieved from /opt/airflow/dags/producer.py
[2023-10-17T00:10:21.497+0000] {logging_mixin.py:150} INFO - [2023-10-17T00:10:21.496+0000] {dag.py:2742} INFO - Sync 1 DAGs
[2023-10-17T00:10:21.536+0000] {logging_mixin.py:150} INFO - [2023-10-17T00:10:21.536+0000] {dag.py:3504} INFO - Setting next_dagrun for producer to 2023-10-17T00:00:00+00:00, run_after=2023-10-18T00:00:00+00:00
[2023-10-17T00:10:21.576+0000] {processor.py:179} INFO - Processing /opt/airflow/dags/producer.py took 0.144 seconds
[2023-10-17T00:10:51.719+0000] {processor.py:157} INFO - Started process (PID=4219) to work on /opt/airflow/dags/producer.py
[2023-10-17T00:10:51.725+0000] {processor.py:826} INFO - Processing file /opt/airflow/dags/producer.py for tasks to queue
[2023-10-17T00:10:51.727+0000] {logging_mixin.py:150} INFO - [2023-10-17T00:10:51.726+0000] {dagbag.py:541} INFO - Filling up the DagBag from /opt/airflow/dags/producer.py
[2023-10-17T00:10:51.751+0000] {processor.py:836} INFO - DAG(s) dict_keys(['producer']) retrieved from /opt/airflow/dags/producer.py
[2023-10-17T00:10:51.832+0000] {logging_mixin.py:150} INFO - [2023-10-17T00:10:51.832+0000] {dag.py:2742} INFO - Sync 1 DAGs
[2023-10-17T00:10:51.910+0000] {logging_mixin.py:150} INFO - [2023-10-17T00:10:51.910+0000] {dag.py:3504} INFO - Setting next_dagrun for producer to 2023-10-17T00:00:00+00:00, run_after=2023-10-18T00:00:00+00:00
[2023-10-17T00:10:51.990+0000] {processor.py:179} INFO - Processing /opt/airflow/dags/producer.py took 0.287 seconds
[2023-10-17T00:11:22.107+0000] {processor.py:157} INFO - Started process (PID=4240) to work on /opt/airflow/dags/producer.py
[2023-10-17T00:11:22.109+0000] {processor.py:826} INFO - Processing file /opt/airflow/dags/producer.py for tasks to queue
[2023-10-17T00:11:22.110+0000] {logging_mixin.py:150} INFO - [2023-10-17T00:11:22.110+0000] {dagbag.py:541} INFO - Filling up the DagBag from /opt/airflow/dags/producer.py
[2023-10-17T00:11:22.127+0000] {processor.py:836} INFO - DAG(s) dict_keys(['producer']) retrieved from /opt/airflow/dags/producer.py
[2023-10-17T00:11:22.161+0000] {logging_mixin.py:150} INFO - [2023-10-17T00:11:22.161+0000] {dag.py:2742} INFO - Sync 1 DAGs
[2023-10-17T00:11:22.195+0000] {logging_mixin.py:150} INFO - [2023-10-17T00:11:22.194+0000] {dag.py:3504} INFO - Setting next_dagrun for producer to 2023-10-17T00:00:00+00:00, run_after=2023-10-18T00:00:00+00:00
[2023-10-17T00:11:22.260+0000] {processor.py:179} INFO - Processing /opt/airflow/dags/producer.py took 0.163 seconds
[2023-10-17T00:11:52.354+0000] {processor.py:157} INFO - Started process (PID=4261) to work on /opt/airflow/dags/producer.py
[2023-10-17T00:11:52.385+0000] {processor.py:826} INFO - Processing file /opt/airflow/dags/producer.py for tasks to queue
[2023-10-17T00:11:52.386+0000] {logging_mixin.py:150} INFO - [2023-10-17T00:11:52.386+0000] {dagbag.py:541} INFO - Filling up the DagBag from /opt/airflow/dags/producer.py
[2023-10-17T00:11:52.395+0000] {processor.py:836} INFO - DAG(s) dict_keys(['producer']) retrieved from /opt/airflow/dags/producer.py
[2023-10-17T00:11:52.439+0000] {logging_mixin.py:150} INFO - [2023-10-17T00:11:52.438+0000] {dag.py:2742} INFO - Sync 1 DAGs
[2023-10-17T00:11:52.473+0000] {logging_mixin.py:150} INFO - [2023-10-17T00:11:52.473+0000] {dag.py:3504} INFO - Setting next_dagrun for producer to 2023-10-17T00:00:00+00:00, run_after=2023-10-18T00:00:00+00:00
[2023-10-17T00:11:52.518+0000] {processor.py:179} INFO - Processing /opt/airflow/dags/producer.py took 0.171 seconds
[2023-10-17T00:12:23.516+0000] {processor.py:157} INFO - Started process (PID=4282) to work on /opt/airflow/dags/producer.py
[2023-10-17T00:12:23.518+0000] {processor.py:826} INFO - Processing file /opt/airflow/dags/producer.py for tasks to queue
[2023-10-17T00:12:23.521+0000] {logging_mixin.py:150} INFO - [2023-10-17T00:12:23.521+0000] {dagbag.py:541} INFO - Filling up the DagBag from /opt/airflow/dags/producer.py
[2023-10-17T00:12:23.531+0000] {processor.py:836} INFO - DAG(s) dict_keys(['producer']) retrieved from /opt/airflow/dags/producer.py
[2023-10-17T00:12:23.577+0000] {logging_mixin.py:150} INFO - [2023-10-17T00:12:23.577+0000] {dag.py:2742} INFO - Sync 1 DAGs
[2023-10-17T00:12:23.613+0000] {logging_mixin.py:150} INFO - [2023-10-17T00:12:23.613+0000] {dag.py:3504} INFO - Setting next_dagrun for producer to 2023-10-17T00:00:00+00:00, run_after=2023-10-18T00:00:00+00:00
[2023-10-17T00:12:23.660+0000] {processor.py:179} INFO - Processing /opt/airflow/dags/producer.py took 0.148 seconds
[2023-10-17T00:12:53.790+0000] {processor.py:157} INFO - Started process (PID=4303) to work on /opt/airflow/dags/producer.py
[2023-10-17T00:12:53.792+0000] {processor.py:826} INFO - Processing file /opt/airflow/dags/producer.py for tasks to queue
[2023-10-17T00:12:53.793+0000] {logging_mixin.py:150} INFO - [2023-10-17T00:12:53.792+0000] {dagbag.py:541} INFO - Filling up the DagBag from /opt/airflow/dags/producer.py
[2023-10-17T00:12:53.807+0000] {processor.py:836} INFO - DAG(s) dict_keys(['producer']) retrieved from /opt/airflow/dags/producer.py
[2023-10-17T00:12:53.847+0000] {logging_mixin.py:150} INFO - [2023-10-17T00:12:53.847+0000] {dag.py:2742} INFO - Sync 1 DAGs
[2023-10-17T00:12:53.882+0000] {logging_mixin.py:150} INFO - [2023-10-17T00:12:53.881+0000] {dag.py:3504} INFO - Setting next_dagrun for producer to 2023-10-17T00:00:00+00:00, run_after=2023-10-18T00:00:00+00:00
[2023-10-17T00:12:53.916+0000] {processor.py:179} INFO - Processing /opt/airflow/dags/producer.py took 0.132 seconds
[2023-10-17T00:13:24.065+0000] {processor.py:157} INFO - Started process (PID=4324) to work on /opt/airflow/dags/producer.py
[2023-10-17T00:13:24.066+0000] {processor.py:826} INFO - Processing file /opt/airflow/dags/producer.py for tasks to queue
[2023-10-17T00:13:24.067+0000] {logging_mixin.py:150} INFO - [2023-10-17T00:13:24.067+0000] {dagbag.py:541} INFO - Filling up the DagBag from /opt/airflow/dags/producer.py
[2023-10-17T00:13:24.082+0000] {processor.py:836} INFO - DAG(s) dict_keys(['producer']) retrieved from /opt/airflow/dags/producer.py
[2023-10-17T00:13:24.118+0000] {logging_mixin.py:150} INFO - [2023-10-17T00:13:24.117+0000] {dag.py:2742} INFO - Sync 1 DAGs
[2023-10-17T00:13:24.162+0000] {logging_mixin.py:150} INFO - [2023-10-17T00:13:24.162+0000] {dag.py:3504} INFO - Setting next_dagrun for producer to 2023-10-17T00:00:00+00:00, run_after=2023-10-18T00:00:00+00:00
[2023-10-17T00:13:24.214+0000] {processor.py:179} INFO - Processing /opt/airflow/dags/producer.py took 0.155 seconds
[2023-10-17T00:13:55.134+0000] {processor.py:157} INFO - Started process (PID=4345) to work on /opt/airflow/dags/producer.py
[2023-10-17T00:13:55.135+0000] {processor.py:826} INFO - Processing file /opt/airflow/dags/producer.py for tasks to queue
[2023-10-17T00:13:55.136+0000] {logging_mixin.py:150} INFO - [2023-10-17T00:13:55.136+0000] {dagbag.py:541} INFO - Filling up the DagBag from /opt/airflow/dags/producer.py
[2023-10-17T00:13:55.150+0000] {processor.py:836} INFO - DAG(s) dict_keys(['producer']) retrieved from /opt/airflow/dags/producer.py
[2023-10-17T00:13:55.191+0000] {logging_mixin.py:150} INFO - [2023-10-17T00:13:55.190+0000] {dag.py:2742} INFO - Sync 1 DAGs
[2023-10-17T00:13:55.231+0000] {logging_mixin.py:150} INFO - [2023-10-17T00:13:55.230+0000] {dag.py:3504} INFO - Setting next_dagrun for producer to 2023-10-17T00:00:00+00:00, run_after=2023-10-18T00:00:00+00:00
[2023-10-17T00:13:55.270+0000] {processor.py:179} INFO - Processing /opt/airflow/dags/producer.py took 0.142 seconds
[2023-10-17T00:14:25.426+0000] {processor.py:157} INFO - Started process (PID=4366) to work on /opt/airflow/dags/producer.py
[2023-10-17T00:14:25.427+0000] {processor.py:826} INFO - Processing file /opt/airflow/dags/producer.py for tasks to queue
[2023-10-17T00:14:25.430+0000] {logging_mixin.py:150} INFO - [2023-10-17T00:14:25.429+0000] {dagbag.py:541} INFO - Filling up the DagBag from /opt/airflow/dags/producer.py
[2023-10-17T00:14:25.445+0000] {processor.py:836} INFO - DAG(s) dict_keys(['producer']) retrieved from /opt/airflow/dags/producer.py
[2023-10-17T00:14:25.481+0000] {logging_mixin.py:150} INFO - [2023-10-17T00:14:25.481+0000] {dag.py:2742} INFO - Sync 1 DAGs
[2023-10-17T00:14:25.519+0000] {logging_mixin.py:150} INFO - [2023-10-17T00:14:25.518+0000] {dag.py:3504} INFO - Setting next_dagrun for producer to 2023-10-17T00:00:00+00:00, run_after=2023-10-18T00:00:00+00:00
[2023-10-17T00:14:25.555+0000] {processor.py:179} INFO - Processing /opt/airflow/dags/producer.py took 0.134 seconds
[2023-10-17T00:14:55.705+0000] {processor.py:157} INFO - Started process (PID=4387) to work on /opt/airflow/dags/producer.py
[2023-10-17T00:14:55.706+0000] {processor.py:826} INFO - Processing file /opt/airflow/dags/producer.py for tasks to queue
[2023-10-17T00:14:55.707+0000] {logging_mixin.py:150} INFO - [2023-10-17T00:14:55.707+0000] {dagbag.py:541} INFO - Filling up the DagBag from /opt/airflow/dags/producer.py
[2023-10-17T00:14:55.723+0000] {processor.py:836} INFO - DAG(s) dict_keys(['producer']) retrieved from /opt/airflow/dags/producer.py
[2023-10-17T00:14:55.766+0000] {logging_mixin.py:150} INFO - [2023-10-17T00:14:55.766+0000] {dag.py:2742} INFO - Sync 1 DAGs
[2023-10-17T00:14:55.812+0000] {logging_mixin.py:150} INFO - [2023-10-17T00:14:55.811+0000] {dag.py:3504} INFO - Setting next_dagrun for producer to 2023-10-17T00:00:00+00:00, run_after=2023-10-18T00:00:00+00:00
[2023-10-17T00:14:55.874+0000] {processor.py:179} INFO - Processing /opt/airflow/dags/producer.py took 0.174 seconds
[2023-10-17T00:15:26.131+0000] {processor.py:157} INFO - Started process (PID=4408) to work on /opt/airflow/dags/producer.py
[2023-10-17T00:15:26.169+0000] {processor.py:826} INFO - Processing file /opt/airflow/dags/producer.py for tasks to queue
[2023-10-17T00:15:26.171+0000] {logging_mixin.py:150} INFO - [2023-10-17T00:15:26.170+0000] {dagbag.py:541} INFO - Filling up the DagBag from /opt/airflow/dags/producer.py
[2023-10-17T00:15:26.211+0000] {processor.py:836} INFO - DAG(s) dict_keys(['producer']) retrieved from /opt/airflow/dags/producer.py
[2023-10-17T00:15:26.317+0000] {logging_mixin.py:150} INFO - [2023-10-17T00:15:26.316+0000] {dag.py:2742} INFO - Sync 1 DAGs
[2023-10-17T00:15:26.413+0000] {logging_mixin.py:150} INFO - [2023-10-17T00:15:26.412+0000] {dag.py:3504} INFO - Setting next_dagrun for producer to 2023-10-17T00:00:00+00:00, run_after=2023-10-18T00:00:00+00:00
[2023-10-17T00:15:26.508+0000] {processor.py:179} INFO - Processing /opt/airflow/dags/producer.py took 0.391 seconds
[2023-10-17T00:15:56.941+0000] {processor.py:157} INFO - Started process (PID=4429) to work on /opt/airflow/dags/producer.py
[2023-10-17T00:15:56.943+0000] {processor.py:826} INFO - Processing file /opt/airflow/dags/producer.py for tasks to queue
[2023-10-17T00:15:56.947+0000] {logging_mixin.py:150} INFO - [2023-10-17T00:15:56.945+0000] {dagbag.py:541} INFO - Filling up the DagBag from /opt/airflow/dags/producer.py
[2023-10-17T00:15:56.962+0000] {processor.py:836} INFO - DAG(s) dict_keys(['producer']) retrieved from /opt/airflow/dags/producer.py
[2023-10-17T00:15:57.006+0000] {logging_mixin.py:150} INFO - [2023-10-17T00:15:57.006+0000] {dag.py:2742} INFO - Sync 1 DAGs
[2023-10-17T00:15:57.056+0000] {logging_mixin.py:150} INFO - [2023-10-17T00:15:57.056+0000] {dag.py:3504} INFO - Setting next_dagrun for producer to 2023-10-17T00:00:00+00:00, run_after=2023-10-18T00:00:00+00:00
[2023-10-17T00:15:57.119+0000] {processor.py:179} INFO - Processing /opt/airflow/dags/producer.py took 0.183 seconds
[2023-10-17T00:16:27.167+0000] {processor.py:157} INFO - Started process (PID=4449) to work on /opt/airflow/dags/producer.py
[2023-10-17T00:16:27.169+0000] {processor.py:826} INFO - Processing file /opt/airflow/dags/producer.py for tasks to queue
[2023-10-17T00:16:27.171+0000] {logging_mixin.py:150} INFO - [2023-10-17T00:16:27.170+0000] {dagbag.py:541} INFO - Filling up the DagBag from /opt/airflow/dags/producer.py
[2023-10-17T00:16:27.182+0000] {processor.py:836} INFO - DAG(s) dict_keys(['producer']) retrieved from /opt/airflow/dags/producer.py
[2023-10-17T00:16:27.227+0000] {logging_mixin.py:150} INFO - [2023-10-17T00:16:27.227+0000] {dag.py:2742} INFO - Sync 1 DAGs
[2023-10-17T00:16:27.273+0000] {logging_mixin.py:150} INFO - [2023-10-17T00:16:27.273+0000] {dag.py:3504} INFO - Setting next_dagrun for producer to 2023-10-17T00:00:00+00:00, run_after=2023-10-18T00:00:00+00:00
[2023-10-17T00:16:27.321+0000] {processor.py:179} INFO - Processing /opt/airflow/dags/producer.py took 0.161 seconds
[2023-10-17T00:16:57.429+0000] {processor.py:157} INFO - Started process (PID=4470) to work on /opt/airflow/dags/producer.py
[2023-10-17T00:16:57.431+0000] {processor.py:826} INFO - Processing file /opt/airflow/dags/producer.py for tasks to queue
[2023-10-17T00:16:57.433+0000] {logging_mixin.py:150} INFO - [2023-10-17T00:16:57.432+0000] {dagbag.py:541} INFO - Filling up the DagBag from /opt/airflow/dags/producer.py
[2023-10-17T00:16:57.453+0000] {processor.py:836} INFO - DAG(s) dict_keys(['producer']) retrieved from /opt/airflow/dags/producer.py
[2023-10-17T00:16:57.493+0000] {logging_mixin.py:150} INFO - [2023-10-17T00:16:57.492+0000] {dag.py:2742} INFO - Sync 1 DAGs
[2023-10-17T00:16:57.530+0000] {logging_mixin.py:150} INFO - [2023-10-17T00:16:57.530+0000] {dag.py:3504} INFO - Setting next_dagrun for producer to 2023-10-17T00:00:00+00:00, run_after=2023-10-18T00:00:00+00:00
[2023-10-17T00:16:57.577+0000] {processor.py:179} INFO - Processing /opt/airflow/dags/producer.py took 0.153 seconds
[2023-10-17T00:17:27.647+0000] {processor.py:157} INFO - Started process (PID=4491) to work on /opt/airflow/dags/producer.py
[2023-10-17T00:17:27.649+0000] {processor.py:826} INFO - Processing file /opt/airflow/dags/producer.py for tasks to queue
[2023-10-17T00:17:27.650+0000] {logging_mixin.py:150} INFO - [2023-10-17T00:17:27.650+0000] {dagbag.py:541} INFO - Filling up the DagBag from /opt/airflow/dags/producer.py
[2023-10-17T00:17:27.663+0000] {processor.py:836} INFO - DAG(s) dict_keys(['producer']) retrieved from /opt/airflow/dags/producer.py
[2023-10-17T00:17:27.707+0000] {logging_mixin.py:150} INFO - [2023-10-17T00:17:27.707+0000] {dag.py:2742} INFO - Sync 1 DAGs
[2023-10-17T00:17:27.745+0000] {logging_mixin.py:150} INFO - [2023-10-17T00:17:27.744+0000] {dag.py:3504} INFO - Setting next_dagrun for producer to 2023-10-17T00:00:00+00:00, run_after=2023-10-18T00:00:00+00:00
[2023-10-17T00:17:27.796+0000] {processor.py:179} INFO - Processing /opt/airflow/dags/producer.py took 0.153 seconds
[2023-10-17T00:17:58.041+0000] {processor.py:157} INFO - Started process (PID=4512) to work on /opt/airflow/dags/producer.py
[2023-10-17T00:17:58.043+0000] {processor.py:826} INFO - Processing file /opt/airflow/dags/producer.py for tasks to queue
[2023-10-17T00:17:58.044+0000] {logging_mixin.py:150} INFO - [2023-10-17T00:17:58.044+0000] {dagbag.py:541} INFO - Filling up the DagBag from /opt/airflow/dags/producer.py
[2023-10-17T00:17:58.057+0000] {processor.py:836} INFO - DAG(s) dict_keys(['producer']) retrieved from /opt/airflow/dags/producer.py
[2023-10-17T00:17:58.097+0000] {logging_mixin.py:150} INFO - [2023-10-17T00:17:58.096+0000] {dag.py:2742} INFO - Sync 1 DAGs
[2023-10-17T00:17:58.139+0000] {logging_mixin.py:150} INFO - [2023-10-17T00:17:58.139+0000] {dag.py:3504} INFO - Setting next_dagrun for producer to 2023-10-17T00:00:00+00:00, run_after=2023-10-18T00:00:00+00:00
[2023-10-17T00:17:58.181+0000] {processor.py:179} INFO - Processing /opt/airflow/dags/producer.py took 0.148 seconds
[2023-10-17T00:18:28.416+0000] {processor.py:157} INFO - Started process (PID=4534) to work on /opt/airflow/dags/producer.py
[2023-10-17T00:18:28.418+0000] {processor.py:826} INFO - Processing file /opt/airflow/dags/producer.py for tasks to queue
[2023-10-17T00:18:28.419+0000] {logging_mixin.py:150} INFO - [2023-10-17T00:18:28.418+0000] {dagbag.py:541} INFO - Filling up the DagBag from /opt/airflow/dags/producer.py
[2023-10-17T00:18:28.436+0000] {processor.py:836} INFO - DAG(s) dict_keys(['producer']) retrieved from /opt/airflow/dags/producer.py
[2023-10-17T00:18:28.494+0000] {logging_mixin.py:150} INFO - [2023-10-17T00:18:28.493+0000] {dag.py:2742} INFO - Sync 1 DAGs
[2023-10-17T00:18:28.550+0000] {logging_mixin.py:150} INFO - [2023-10-17T00:18:28.550+0000] {dag.py:3504} INFO - Setting next_dagrun for producer to 2023-10-17T00:00:00+00:00, run_after=2023-10-18T00:00:00+00:00
[2023-10-17T00:18:28.602+0000] {processor.py:179} INFO - Processing /opt/airflow/dags/producer.py took 0.190 seconds
[2023-10-17T00:18:59.635+0000] {processor.py:157} INFO - Started process (PID=4555) to work on /opt/airflow/dags/producer.py
[2023-10-17T00:18:59.637+0000] {processor.py:826} INFO - Processing file /opt/airflow/dags/producer.py for tasks to queue
[2023-10-17T00:18:59.638+0000] {logging_mixin.py:150} INFO - [2023-10-17T00:18:59.637+0000] {dagbag.py:541} INFO - Filling up the DagBag from /opt/airflow/dags/producer.py
[2023-10-17T00:18:59.653+0000] {processor.py:836} INFO - DAG(s) dict_keys(['producer']) retrieved from /opt/airflow/dags/producer.py
[2023-10-17T00:18:59.697+0000] {logging_mixin.py:150} INFO - [2023-10-17T00:18:59.697+0000] {dag.py:2742} INFO - Sync 1 DAGs
[2023-10-17T00:18:59.738+0000] {logging_mixin.py:150} INFO - [2023-10-17T00:18:59.738+0000] {dag.py:3504} INFO - Setting next_dagrun for producer to 2023-10-17T00:00:00+00:00, run_after=2023-10-18T00:00:00+00:00
[2023-10-17T00:18:59.784+0000] {processor.py:179} INFO - Processing /opt/airflow/dags/producer.py took 0.154 seconds
[2023-10-17T00:19:29.868+0000] {processor.py:157} INFO - Started process (PID=4576) to work on /opt/airflow/dags/producer.py
[2023-10-17T00:19:29.869+0000] {processor.py:826} INFO - Processing file /opt/airflow/dags/producer.py for tasks to queue
[2023-10-17T00:19:29.871+0000] {logging_mixin.py:150} INFO - [2023-10-17T00:19:29.870+0000] {dagbag.py:541} INFO - Filling up the DagBag from /opt/airflow/dags/producer.py
[2023-10-17T00:19:29.884+0000] {processor.py:836} INFO - DAG(s) dict_keys(['producer']) retrieved from /opt/airflow/dags/producer.py
[2023-10-17T00:19:29.924+0000] {logging_mixin.py:150} INFO - [2023-10-17T00:19:29.923+0000] {dag.py:2742} INFO - Sync 1 DAGs
[2023-10-17T00:19:29.964+0000] {logging_mixin.py:150} INFO - [2023-10-17T00:19:29.964+0000] {dag.py:3504} INFO - Setting next_dagrun for producer to 2023-10-17T00:00:00+00:00, run_after=2023-10-18T00:00:00+00:00
[2023-10-17T00:19:30.003+0000] {processor.py:179} INFO - Processing /opt/airflow/dags/producer.py took 0.143 seconds
[2023-10-17T00:20:01.040+0000] {processor.py:157} INFO - Started process (PID=4597) to work on /opt/airflow/dags/producer.py
[2023-10-17T00:20:01.042+0000] {processor.py:826} INFO - Processing file /opt/airflow/dags/producer.py for tasks to queue
[2023-10-17T00:20:01.045+0000] {logging_mixin.py:150} INFO - [2023-10-17T00:20:01.044+0000] {dagbag.py:541} INFO - Filling up the DagBag from /opt/airflow/dags/producer.py
[2023-10-17T00:20:01.059+0000] {processor.py:836} INFO - DAG(s) dict_keys(['producer']) retrieved from /opt/airflow/dags/producer.py
[2023-10-17T00:20:01.105+0000] {logging_mixin.py:150} INFO - [2023-10-17T00:20:01.105+0000] {dag.py:2742} INFO - Sync 1 DAGs
[2023-10-17T00:20:01.149+0000] {logging_mixin.py:150} INFO - [2023-10-17T00:20:01.149+0000] {dag.py:3504} INFO - Setting next_dagrun for producer to 2023-10-17T00:00:00+00:00, run_after=2023-10-18T00:00:00+00:00
[2023-10-17T00:20:01.187+0000] {processor.py:179} INFO - Processing /opt/airflow/dags/producer.py took 0.151 seconds
[2023-10-17T00:20:31.235+0000] {processor.py:157} INFO - Started process (PID=4617) to work on /opt/airflow/dags/producer.py
[2023-10-17T00:20:31.237+0000] {processor.py:826} INFO - Processing file /opt/airflow/dags/producer.py for tasks to queue
[2023-10-17T00:20:31.238+0000] {logging_mixin.py:150} INFO - [2023-10-17T00:20:31.237+0000] {dagbag.py:541} INFO - Filling up the DagBag from /opt/airflow/dags/producer.py
[2023-10-17T00:20:31.253+0000] {processor.py:836} INFO - DAG(s) dict_keys(['producer']) retrieved from /opt/airflow/dags/producer.py
[2023-10-17T00:20:31.294+0000] {logging_mixin.py:150} INFO - [2023-10-17T00:20:31.294+0000] {dag.py:2742} INFO - Sync 1 DAGs
[2023-10-17T00:20:31.337+0000] {logging_mixin.py:150} INFO - [2023-10-17T00:20:31.337+0000] {dag.py:3504} INFO - Setting next_dagrun for producer to 2023-10-17T00:00:00+00:00, run_after=2023-10-18T00:00:00+00:00
[2023-10-17T00:20:31.375+0000] {processor.py:179} INFO - Processing /opt/airflow/dags/producer.py took 0.148 seconds
[2023-10-17T00:21:01.577+0000] {processor.py:157} INFO - Started process (PID=4640) to work on /opt/airflow/dags/producer.py
[2023-10-17T00:21:01.580+0000] {processor.py:826} INFO - Processing file /opt/airflow/dags/producer.py for tasks to queue
[2023-10-17T00:21:01.586+0000] {logging_mixin.py:150} INFO - [2023-10-17T00:21:01.585+0000] {dagbag.py:541} INFO - Filling up the DagBag from /opt/airflow/dags/producer.py
[2023-10-17T00:21:01.615+0000] {processor.py:836} INFO - DAG(s) dict_keys(['producer']) retrieved from /opt/airflow/dags/producer.py
[2023-10-17T00:21:01.693+0000] {logging_mixin.py:150} INFO - [2023-10-17T00:21:01.693+0000] {dag.py:2742} INFO - Sync 1 DAGs
[2023-10-17T00:21:01.736+0000] {logging_mixin.py:150} INFO - [2023-10-17T00:21:01.735+0000] {dag.py:3504} INFO - Setting next_dagrun for producer to 2023-10-17T00:00:00+00:00, run_after=2023-10-18T00:00:00+00:00
[2023-10-17T00:21:01.802+0000] {processor.py:179} INFO - Processing /opt/airflow/dags/producer.py took 0.240 seconds
[2023-10-17T00:21:31.882+0000] {processor.py:157} INFO - Started process (PID=4661) to work on /opt/airflow/dags/producer.py
[2023-10-17T00:21:31.887+0000] {processor.py:826} INFO - Processing file /opt/airflow/dags/producer.py for tasks to queue
[2023-10-17T00:21:31.890+0000] {logging_mixin.py:150} INFO - [2023-10-17T00:21:31.889+0000] {dagbag.py:541} INFO - Filling up the DagBag from /opt/airflow/dags/producer.py
[2023-10-17T00:21:31.905+0000] {processor.py:836} INFO - DAG(s) dict_keys(['producer']) retrieved from /opt/airflow/dags/producer.py
[2023-10-17T00:21:31.953+0000] {logging_mixin.py:150} INFO - [2023-10-17T00:21:31.951+0000] {dag.py:2742} INFO - Sync 1 DAGs
[2023-10-17T00:21:32.014+0000] {logging_mixin.py:150} INFO - [2023-10-17T00:21:32.013+0000] {dag.py:3504} INFO - Setting next_dagrun for producer to 2023-10-17T00:00:00+00:00, run_after=2023-10-18T00:00:00+00:00
[2023-10-17T00:21:32.069+0000] {processor.py:179} INFO - Processing /opt/airflow/dags/producer.py took 0.192 seconds
[2023-10-17T00:22:02.202+0000] {processor.py:157} INFO - Started process (PID=4682) to work on /opt/airflow/dags/producer.py
[2023-10-17T00:22:02.204+0000] {processor.py:826} INFO - Processing file /opt/airflow/dags/producer.py for tasks to queue
[2023-10-17T00:22:02.207+0000] {logging_mixin.py:150} INFO - [2023-10-17T00:22:02.206+0000] {dagbag.py:541} INFO - Filling up the DagBag from /opt/airflow/dags/producer.py
[2023-10-17T00:22:02.221+0000] {processor.py:836} INFO - DAG(s) dict_keys(['producer']) retrieved from /opt/airflow/dags/producer.py
[2023-10-17T00:22:02.294+0000] {logging_mixin.py:150} INFO - [2023-10-17T00:22:02.294+0000] {dag.py:2742} INFO - Sync 1 DAGs
[2023-10-17T00:22:02.329+0000] {logging_mixin.py:150} INFO - [2023-10-17T00:22:02.328+0000] {dag.py:3504} INFO - Setting next_dagrun for producer to 2023-10-17T00:00:00+00:00, run_after=2023-10-18T00:00:00+00:00
[2023-10-17T00:22:02.365+0000] {processor.py:179} INFO - Processing /opt/airflow/dags/producer.py took 0.168 seconds
[2023-10-17T00:22:33.294+0000] {processor.py:157} INFO - Started process (PID=4703) to work on /opt/airflow/dags/producer.py
[2023-10-17T00:22:33.296+0000] {processor.py:826} INFO - Processing file /opt/airflow/dags/producer.py for tasks to queue
[2023-10-17T00:22:33.297+0000] {logging_mixin.py:150} INFO - [2023-10-17T00:22:33.296+0000] {dagbag.py:541} INFO - Filling up the DagBag from /opt/airflow/dags/producer.py
[2023-10-17T00:22:33.310+0000] {processor.py:836} INFO - DAG(s) dict_keys(['producer']) retrieved from /opt/airflow/dags/producer.py
[2023-10-17T00:22:33.345+0000] {logging_mixin.py:150} INFO - [2023-10-17T00:22:33.345+0000] {dag.py:2742} INFO - Sync 1 DAGs
[2023-10-17T00:22:33.380+0000] {logging_mixin.py:150} INFO - [2023-10-17T00:22:33.380+0000] {dag.py:3504} INFO - Setting next_dagrun for producer to 2023-10-17T00:00:00+00:00, run_after=2023-10-18T00:00:00+00:00
[2023-10-17T00:22:33.417+0000] {processor.py:179} INFO - Processing /opt/airflow/dags/producer.py took 0.127 seconds
[2023-10-17T00:23:03.526+0000] {processor.py:157} INFO - Started process (PID=4724) to work on /opt/airflow/dags/producer.py
[2023-10-17T00:23:03.527+0000] {processor.py:826} INFO - Processing file /opt/airflow/dags/producer.py for tasks to queue
[2023-10-17T00:23:03.529+0000] {logging_mixin.py:150} INFO - [2023-10-17T00:23:03.528+0000] {dagbag.py:541} INFO - Filling up the DagBag from /opt/airflow/dags/producer.py
[2023-10-17T00:23:03.543+0000] {processor.py:836} INFO - DAG(s) dict_keys(['producer']) retrieved from /opt/airflow/dags/producer.py
[2023-10-17T00:23:03.582+0000] {logging_mixin.py:150} INFO - [2023-10-17T00:23:03.581+0000] {dag.py:2742} INFO - Sync 1 DAGs
[2023-10-17T00:23:03.623+0000] {logging_mixin.py:150} INFO - [2023-10-17T00:23:03.622+0000] {dag.py:3504} INFO - Setting next_dagrun for producer to 2023-10-17T00:00:00+00:00, run_after=2023-10-18T00:00:00+00:00
[2023-10-17T00:23:03.670+0000] {processor.py:179} INFO - Processing /opt/airflow/dags/producer.py took 0.152 seconds
[2023-10-17T00:23:34.647+0000] {processor.py:157} INFO - Started process (PID=4745) to work on /opt/airflow/dags/producer.py
[2023-10-17T00:23:34.664+0000] {processor.py:826} INFO - Processing file /opt/airflow/dags/producer.py for tasks to queue
[2023-10-17T00:23:34.665+0000] {logging_mixin.py:150} INFO - [2023-10-17T00:23:34.664+0000] {dagbag.py:541} INFO - Filling up the DagBag from /opt/airflow/dags/producer.py
[2023-10-17T00:23:34.682+0000] {processor.py:836} INFO - DAG(s) dict_keys(['producer']) retrieved from /opt/airflow/dags/producer.py
[2023-10-17T00:23:34.765+0000] {logging_mixin.py:150} INFO - [2023-10-17T00:23:34.764+0000] {dag.py:2742} INFO - Sync 1 DAGs
[2023-10-17T00:23:34.839+0000] {logging_mixin.py:150} INFO - [2023-10-17T00:23:34.837+0000] {dag.py:3504} INFO - Setting next_dagrun for producer to 2023-10-17T00:00:00+00:00, run_after=2023-10-18T00:00:00+00:00
[2023-10-17T00:23:34.904+0000] {processor.py:179} INFO - Processing /opt/airflow/dags/producer.py took 0.262 seconds
[2023-10-17T00:24:04.986+0000] {processor.py:157} INFO - Started process (PID=4766) to work on /opt/airflow/dags/producer.py
[2023-10-17T00:24:04.987+0000] {processor.py:826} INFO - Processing file /opt/airflow/dags/producer.py for tasks to queue
[2023-10-17T00:24:04.989+0000] {logging_mixin.py:150} INFO - [2023-10-17T00:24:04.989+0000] {dagbag.py:541} INFO - Filling up the DagBag from /opt/airflow/dags/producer.py
[2023-10-17T00:24:05.008+0000] {processor.py:836} INFO - DAG(s) dict_keys(['producer']) retrieved from /opt/airflow/dags/producer.py
[2023-10-17T00:24:05.044+0000] {logging_mixin.py:150} INFO - [2023-10-17T00:24:05.043+0000] {dag.py:2742} INFO - Sync 1 DAGs
[2023-10-17T00:24:05.080+0000] {logging_mixin.py:150} INFO - [2023-10-17T00:24:05.079+0000] {dag.py:3504} INFO - Setting next_dagrun for producer to 2023-10-17T00:00:00+00:00, run_after=2023-10-18T00:00:00+00:00
[2023-10-17T00:24:05.114+0000] {processor.py:179} INFO - Processing /opt/airflow/dags/producer.py took 0.136 seconds
[2023-10-17T00:24:37.029+0000] {processor.py:157} INFO - Started process (PID=4792) to work on /opt/airflow/dags/producer.py
[2023-10-17T00:24:37.035+0000] {processor.py:826} INFO - Processing file /opt/airflow/dags/producer.py for tasks to queue
[2023-10-17T00:24:37.039+0000] {logging_mixin.py:150} INFO - [2023-10-17T00:24:37.039+0000] {dagbag.py:541} INFO - Filling up the DagBag from /opt/airflow/dags/producer.py
[2023-10-17T00:24:37.065+0000] {processor.py:836} INFO - DAG(s) dict_keys(['producer']) retrieved from /opt/airflow/dags/producer.py
[2023-10-17T00:24:37.136+0000] {logging_mixin.py:150} INFO - [2023-10-17T00:24:37.136+0000] {dag.py:2742} INFO - Sync 1 DAGs
[2023-10-17T00:24:37.267+0000] {logging_mixin.py:150} INFO - [2023-10-17T00:24:37.266+0000] {dag.py:3504} INFO - Setting next_dagrun for producer to 2023-10-17T00:00:00+00:00, run_after=2023-10-18T00:00:00+00:00
[2023-10-17T00:24:37.355+0000] {processor.py:179} INFO - Processing /opt/airflow/dags/producer.py took 0.333 seconds
