[2023-10-17T00:00:07.997+0000] {processor.py:157} INFO - Started process (PID=3743) to work on /opt/airflow/dags/user_processing.py
[2023-10-17T00:00:08.010+0000] {processor.py:826} INFO - Processing file /opt/airflow/dags/user_processing.py for tasks to queue
[2023-10-17T00:00:08.015+0000] {logging_mixin.py:150} INFO - [2023-10-17T00:00:08.014+0000] {dagbag.py:541} INFO - Filling up the DagBag from /opt/airflow/dags/user_processing.py
[2023-10-17T00:00:08.077+0000] {processor.py:836} INFO - DAG(s) dict_keys(['user_processing']) retrieved from /opt/airflow/dags/user_processing.py
[2023-10-17T00:00:08.212+0000] {logging_mixin.py:150} INFO - [2023-10-17T00:00:08.211+0000] {dag.py:2742} INFO - Sync 1 DAGs
[2023-10-17T00:00:08.336+0000] {logging_mixin.py:150} INFO - [2023-10-17T00:00:08.335+0000] {dag.py:3504} INFO - Setting next_dagrun for user_processing to 2023-10-17T00:00:00+00:00, run_after=2023-10-18T00:00:00+00:00
[2023-10-17T00:00:08.482+0000] {processor.py:179} INFO - Processing /opt/airflow/dags/user_processing.py took 0.498 seconds
[2023-10-17T00:00:38.775+0000] {processor.py:157} INFO - Started process (PID=3787) to work on /opt/airflow/dags/user_processing.py
[2023-10-17T00:00:38.784+0000] {processor.py:826} INFO - Processing file /opt/airflow/dags/user_processing.py for tasks to queue
[2023-10-17T00:00:38.785+0000] {logging_mixin.py:150} INFO - [2023-10-17T00:00:38.784+0000] {dagbag.py:541} INFO - Filling up the DagBag from /opt/airflow/dags/user_processing.py
[2023-10-17T00:00:38.805+0000] {processor.py:836} INFO - DAG(s) dict_keys(['user_processing']) retrieved from /opt/airflow/dags/user_processing.py
[2023-10-17T00:00:38.850+0000] {logging_mixin.py:150} INFO - [2023-10-17T00:00:38.850+0000] {dag.py:2742} INFO - Sync 1 DAGs
[2023-10-17T00:00:38.887+0000] {logging_mixin.py:150} INFO - [2023-10-17T00:00:38.886+0000] {dag.py:3504} INFO - Setting next_dagrun for user_processing to 2023-10-17T00:00:00+00:00, run_after=2023-10-18T00:00:00+00:00
[2023-10-17T00:00:38.919+0000] {processor.py:179} INFO - Processing /opt/airflow/dags/user_processing.py took 0.148 seconds
[2023-10-17T00:01:09.107+0000] {processor.py:157} INFO - Started process (PID=3808) to work on /opt/airflow/dags/user_processing.py
[2023-10-17T00:01:09.109+0000] {processor.py:826} INFO - Processing file /opt/airflow/dags/user_processing.py for tasks to queue
[2023-10-17T00:01:09.110+0000] {logging_mixin.py:150} INFO - [2023-10-17T00:01:09.110+0000] {dagbag.py:541} INFO - Filling up the DagBag from /opt/airflow/dags/user_processing.py
[2023-10-17T00:01:09.136+0000] {processor.py:836} INFO - DAG(s) dict_keys(['user_processing']) retrieved from /opt/airflow/dags/user_processing.py
[2023-10-17T00:01:09.186+0000] {logging_mixin.py:150} INFO - [2023-10-17T00:01:09.185+0000] {dag.py:2742} INFO - Sync 1 DAGs
[2023-10-17T00:01:09.228+0000] {logging_mixin.py:150} INFO - [2023-10-17T00:01:09.227+0000] {dag.py:3504} INFO - Setting next_dagrun for user_processing to 2023-10-17T00:00:00+00:00, run_after=2023-10-18T00:00:00+00:00
[2023-10-17T00:01:09.258+0000] {processor.py:179} INFO - Processing /opt/airflow/dags/user_processing.py took 0.156 seconds
[2023-10-17T00:01:39.467+0000] {processor.py:157} INFO - Started process (PID=3834) to work on /opt/airflow/dags/user_processing.py
[2023-10-17T00:01:39.468+0000] {processor.py:826} INFO - Processing file /opt/airflow/dags/user_processing.py for tasks to queue
[2023-10-17T00:01:39.469+0000] {logging_mixin.py:150} INFO - [2023-10-17T00:01:39.469+0000] {dagbag.py:541} INFO - Filling up the DagBag from /opt/airflow/dags/user_processing.py
[2023-10-17T00:01:39.492+0000] {processor.py:836} INFO - DAG(s) dict_keys(['user_processing']) retrieved from /opt/airflow/dags/user_processing.py
[2023-10-17T00:01:39.539+0000] {logging_mixin.py:150} INFO - [2023-10-17T00:01:39.538+0000] {dag.py:2742} INFO - Sync 1 DAGs
[2023-10-17T00:01:39.572+0000] {logging_mixin.py:150} INFO - [2023-10-17T00:01:39.572+0000] {dag.py:3504} INFO - Setting next_dagrun for user_processing to 2023-10-17T00:00:00+00:00, run_after=2023-10-18T00:00:00+00:00
[2023-10-17T00:01:39.602+0000] {processor.py:179} INFO - Processing /opt/airflow/dags/user_processing.py took 0.144 seconds
[2023-10-17T00:02:10.508+0000] {processor.py:157} INFO - Started process (PID=3855) to work on /opt/airflow/dags/user_processing.py
[2023-10-17T00:02:10.509+0000] {processor.py:826} INFO - Processing file /opt/airflow/dags/user_processing.py for tasks to queue
[2023-10-17T00:02:10.510+0000] {logging_mixin.py:150} INFO - [2023-10-17T00:02:10.510+0000] {dagbag.py:541} INFO - Filling up the DagBag from /opt/airflow/dags/user_processing.py
[2023-10-17T00:02:10.541+0000] {processor.py:836} INFO - DAG(s) dict_keys(['user_processing']) retrieved from /opt/airflow/dags/user_processing.py
[2023-10-17T00:02:10.590+0000] {logging_mixin.py:150} INFO - [2023-10-17T00:02:10.590+0000] {dag.py:2742} INFO - Sync 1 DAGs
[2023-10-17T00:02:10.632+0000] {logging_mixin.py:150} INFO - [2023-10-17T00:02:10.631+0000] {dag.py:3504} INFO - Setting next_dagrun for user_processing to 2023-10-17T00:00:00+00:00, run_after=2023-10-18T00:00:00+00:00
[2023-10-17T00:02:10.672+0000] {processor.py:179} INFO - Processing /opt/airflow/dags/user_processing.py took 0.173 seconds
[2023-10-17T00:02:40.958+0000] {processor.py:157} INFO - Started process (PID=3878) to work on /opt/airflow/dags/user_processing.py
[2023-10-17T00:02:40.961+0000] {processor.py:826} INFO - Processing file /opt/airflow/dags/user_processing.py for tasks to queue
[2023-10-17T00:02:40.963+0000] {logging_mixin.py:150} INFO - [2023-10-17T00:02:40.962+0000] {dagbag.py:541} INFO - Filling up the DagBag from /opt/airflow/dags/user_processing.py
[2023-10-17T00:02:41.121+0000] {processor.py:836} INFO - DAG(s) dict_keys(['user_processing']) retrieved from /opt/airflow/dags/user_processing.py
[2023-10-17T00:02:41.346+0000] {logging_mixin.py:150} INFO - [2023-10-17T00:02:41.345+0000] {dag.py:2742} INFO - Sync 1 DAGs
[2023-10-17T00:02:41.655+0000] {logging_mixin.py:150} INFO - [2023-10-17T00:02:41.652+0000] {dag.py:3504} INFO - Setting next_dagrun for user_processing to 2023-10-17T00:00:00+00:00, run_after=2023-10-18T00:00:00+00:00
[2023-10-17T00:02:41.726+0000] {processor.py:179} INFO - Processing /opt/airflow/dags/user_processing.py took 0.799 seconds
[2023-10-17T00:03:12.129+0000] {processor.py:157} INFO - Started process (PID=3904) to work on /opt/airflow/dags/user_processing.py
[2023-10-17T00:03:12.130+0000] {processor.py:826} INFO - Processing file /opt/airflow/dags/user_processing.py for tasks to queue
[2023-10-17T00:03:12.131+0000] {logging_mixin.py:150} INFO - [2023-10-17T00:03:12.131+0000] {dagbag.py:541} INFO - Filling up the DagBag from /opt/airflow/dags/user_processing.py
[2023-10-17T00:03:12.154+0000] {processor.py:836} INFO - DAG(s) dict_keys(['user_processing']) retrieved from /opt/airflow/dags/user_processing.py
[2023-10-17T00:03:12.194+0000] {logging_mixin.py:150} INFO - [2023-10-17T00:03:12.193+0000] {dag.py:2742} INFO - Sync 1 DAGs
[2023-10-17T00:03:12.231+0000] {logging_mixin.py:150} INFO - [2023-10-17T00:03:12.231+0000] {dag.py:3504} INFO - Setting next_dagrun for user_processing to 2023-10-17T00:00:00+00:00, run_after=2023-10-18T00:00:00+00:00
[2023-10-17T00:03:12.261+0000] {processor.py:179} INFO - Processing /opt/airflow/dags/user_processing.py took 0.139 seconds
[2023-10-17T00:03:43.096+0000] {processor.py:157} INFO - Started process (PID=3925) to work on /opt/airflow/dags/user_processing.py
[2023-10-17T00:03:43.098+0000] {processor.py:826} INFO - Processing file /opt/airflow/dags/user_processing.py for tasks to queue
[2023-10-17T00:03:43.099+0000] {logging_mixin.py:150} INFO - [2023-10-17T00:03:43.098+0000] {dagbag.py:541} INFO - Filling up the DagBag from /opt/airflow/dags/user_processing.py
[2023-10-17T00:03:43.119+0000] {processor.py:836} INFO - DAG(s) dict_keys(['user_processing']) retrieved from /opt/airflow/dags/user_processing.py
[2023-10-17T00:03:43.164+0000] {logging_mixin.py:150} INFO - [2023-10-17T00:03:43.164+0000] {dag.py:2742} INFO - Sync 1 DAGs
[2023-10-17T00:03:43.201+0000] {logging_mixin.py:150} INFO - [2023-10-17T00:03:43.201+0000] {dag.py:3504} INFO - Setting next_dagrun for user_processing to 2023-10-17T00:00:00+00:00, run_after=2023-10-18T00:00:00+00:00
[2023-10-17T00:03:43.233+0000] {processor.py:179} INFO - Processing /opt/airflow/dags/user_processing.py took 0.142 seconds
[2023-10-17T00:04:13.470+0000] {processor.py:157} INFO - Started process (PID=3946) to work on /opt/airflow/dags/user_processing.py
[2023-10-17T00:04:13.472+0000] {processor.py:826} INFO - Processing file /opt/airflow/dags/user_processing.py for tasks to queue
[2023-10-17T00:04:13.475+0000] {logging_mixin.py:150} INFO - [2023-10-17T00:04:13.474+0000] {dagbag.py:541} INFO - Filling up the DagBag from /opt/airflow/dags/user_processing.py
[2023-10-17T00:04:13.497+0000] {processor.py:836} INFO - DAG(s) dict_keys(['user_processing']) retrieved from /opt/airflow/dags/user_processing.py
[2023-10-17T00:04:13.533+0000] {logging_mixin.py:150} INFO - [2023-10-17T00:04:13.533+0000] {dag.py:2742} INFO - Sync 1 DAGs
[2023-10-17T00:04:13.569+0000] {logging_mixin.py:150} INFO - [2023-10-17T00:04:13.569+0000] {dag.py:3504} INFO - Setting next_dagrun for user_processing to 2023-10-17T00:00:00+00:00, run_after=2023-10-18T00:00:00+00:00
[2023-10-17T00:04:13.602+0000] {processor.py:179} INFO - Processing /opt/airflow/dags/user_processing.py took 0.138 seconds
[2023-10-17T00:04:43.882+0000] {processor.py:157} INFO - Started process (PID=3967) to work on /opt/airflow/dags/user_processing.py
[2023-10-17T00:04:43.883+0000] {processor.py:826} INFO - Processing file /opt/airflow/dags/user_processing.py for tasks to queue
[2023-10-17T00:04:43.884+0000] {logging_mixin.py:150} INFO - [2023-10-17T00:04:43.884+0000] {dagbag.py:541} INFO - Filling up the DagBag from /opt/airflow/dags/user_processing.py
[2023-10-17T00:04:43.914+0000] {processor.py:836} INFO - DAG(s) dict_keys(['user_processing']) retrieved from /opt/airflow/dags/user_processing.py
[2023-10-17T00:04:43.956+0000] {logging_mixin.py:150} INFO - [2023-10-17T00:04:43.955+0000] {dag.py:2742} INFO - Sync 1 DAGs
[2023-10-17T00:04:43.996+0000] {logging_mixin.py:150} INFO - [2023-10-17T00:04:43.996+0000] {dag.py:3504} INFO - Setting next_dagrun for user_processing to 2023-10-17T00:00:00+00:00, run_after=2023-10-18T00:00:00+00:00
[2023-10-17T00:04:44.022+0000] {processor.py:179} INFO - Processing /opt/airflow/dags/user_processing.py took 0.145 seconds
[2023-10-17T00:05:14.114+0000] {processor.py:157} INFO - Started process (PID=3988) to work on /opt/airflow/dags/user_processing.py
[2023-10-17T00:05:14.116+0000] {processor.py:826} INFO - Processing file /opt/airflow/dags/user_processing.py for tasks to queue
[2023-10-17T00:05:14.118+0000] {logging_mixin.py:150} INFO - [2023-10-17T00:05:14.118+0000] {dagbag.py:541} INFO - Filling up the DagBag from /opt/airflow/dags/user_processing.py
[2023-10-17T00:05:14.149+0000] {processor.py:836} INFO - DAG(s) dict_keys(['user_processing']) retrieved from /opt/airflow/dags/user_processing.py
[2023-10-17T00:05:14.205+0000] {logging_mixin.py:150} INFO - [2023-10-17T00:05:14.205+0000] {dag.py:2742} INFO - Sync 1 DAGs
[2023-10-17T00:05:14.241+0000] {logging_mixin.py:150} INFO - [2023-10-17T00:05:14.241+0000] {dag.py:3504} INFO - Setting next_dagrun for user_processing to 2023-10-17T00:00:00+00:00, run_after=2023-10-18T00:00:00+00:00
[2023-10-17T00:05:14.270+0000] {processor.py:179} INFO - Processing /opt/airflow/dags/user_processing.py took 0.163 seconds
[2023-10-17T00:05:44.338+0000] {processor.py:157} INFO - Started process (PID=4010) to work on /opt/airflow/dags/user_processing.py
[2023-10-17T00:05:44.340+0000] {processor.py:826} INFO - Processing file /opt/airflow/dags/user_processing.py for tasks to queue
[2023-10-17T00:05:44.341+0000] {logging_mixin.py:150} INFO - [2023-10-17T00:05:44.341+0000] {dagbag.py:541} INFO - Filling up the DagBag from /opt/airflow/dags/user_processing.py
[2023-10-17T00:05:44.369+0000] {processor.py:836} INFO - DAG(s) dict_keys(['user_processing']) retrieved from /opt/airflow/dags/user_processing.py
[2023-10-17T00:05:44.408+0000] {logging_mixin.py:150} INFO - [2023-10-17T00:05:44.408+0000] {dag.py:2742} INFO - Sync 1 DAGs
[2023-10-17T00:05:44.445+0000] {logging_mixin.py:150} INFO - [2023-10-17T00:05:44.444+0000] {dag.py:3504} INFO - Setting next_dagrun for user_processing to 2023-10-17T00:00:00+00:00, run_after=2023-10-18T00:00:00+00:00
[2023-10-17T00:05:44.476+0000] {processor.py:179} INFO - Processing /opt/airflow/dags/user_processing.py took 0.144 seconds
[2023-10-17T00:06:14.722+0000] {processor.py:157} INFO - Started process (PID=4031) to work on /opt/airflow/dags/user_processing.py
[2023-10-17T00:06:14.724+0000] {processor.py:826} INFO - Processing file /opt/airflow/dags/user_processing.py for tasks to queue
[2023-10-17T00:06:14.725+0000] {logging_mixin.py:150} INFO - [2023-10-17T00:06:14.725+0000] {dagbag.py:541} INFO - Filling up the DagBag from /opt/airflow/dags/user_processing.py
[2023-10-17T00:06:14.752+0000] {processor.py:836} INFO - DAG(s) dict_keys(['user_processing']) retrieved from /opt/airflow/dags/user_processing.py
[2023-10-17T00:06:14.827+0000] {logging_mixin.py:150} INFO - [2023-10-17T00:06:14.827+0000] {dag.py:2742} INFO - Sync 1 DAGs
[2023-10-17T00:06:14.868+0000] {logging_mixin.py:150} INFO - [2023-10-17T00:06:14.868+0000] {dag.py:3504} INFO - Setting next_dagrun for user_processing to 2023-10-17T00:00:00+00:00, run_after=2023-10-18T00:00:00+00:00
[2023-10-17T00:06:14.891+0000] {processor.py:179} INFO - Processing /opt/airflow/dags/user_processing.py took 0.175 seconds
[2023-10-17T00:06:45.759+0000] {processor.py:157} INFO - Started process (PID=4051) to work on /opt/airflow/dags/user_processing.py
[2023-10-17T00:06:45.763+0000] {processor.py:826} INFO - Processing file /opt/airflow/dags/user_processing.py for tasks to queue
[2023-10-17T00:06:45.774+0000] {logging_mixin.py:150} INFO - [2023-10-17T00:06:45.765+0000] {dagbag.py:541} INFO - Filling up the DagBag from /opt/airflow/dags/user_processing.py
[2023-10-17T00:06:45.914+0000] {processor.py:836} INFO - DAG(s) dict_keys(['user_processing']) retrieved from /opt/airflow/dags/user_processing.py
[2023-10-17T00:06:46.310+0000] {logging_mixin.py:150} INFO - [2023-10-17T00:06:46.302+0000] {dag.py:2742} INFO - Sync 1 DAGs
[2023-10-17T00:06:46.463+0000] {logging_mixin.py:150} INFO - [2023-10-17T00:06:46.463+0000] {dag.py:3504} INFO - Setting next_dagrun for user_processing to 2023-10-17T00:00:00+00:00, run_after=2023-10-18T00:00:00+00:00
[2023-10-17T00:06:46.574+0000] {processor.py:179} INFO - Processing /opt/airflow/dags/user_processing.py took 0.878 seconds
[2023-10-17T00:07:16.907+0000] {processor.py:157} INFO - Started process (PID=4073) to work on /opt/airflow/dags/user_processing.py
[2023-10-17T00:07:16.916+0000] {processor.py:826} INFO - Processing file /opt/airflow/dags/user_processing.py for tasks to queue
[2023-10-17T00:07:16.925+0000] {logging_mixin.py:150} INFO - [2023-10-17T00:07:16.923+0000] {dagbag.py:541} INFO - Filling up the DagBag from /opt/airflow/dags/user_processing.py
[2023-10-17T00:07:17.065+0000] {processor.py:836} INFO - DAG(s) dict_keys(['user_processing']) retrieved from /opt/airflow/dags/user_processing.py
[2023-10-17T00:07:17.242+0000] {logging_mixin.py:150} INFO - [2023-10-17T00:07:17.241+0000] {dag.py:2742} INFO - Sync 1 DAGs
[2023-10-17T00:07:17.420+0000] {logging_mixin.py:150} INFO - [2023-10-17T00:07:17.419+0000] {dag.py:3504} INFO - Setting next_dagrun for user_processing to 2023-10-17T00:00:00+00:00, run_after=2023-10-18T00:00:00+00:00
[2023-10-17T00:07:17.502+0000] {processor.py:179} INFO - Processing /opt/airflow/dags/user_processing.py took 0.616 seconds
[2023-10-17T00:07:48.117+0000] {processor.py:157} INFO - Started process (PID=4093) to work on /opt/airflow/dags/user_processing.py
[2023-10-17T00:07:48.131+0000] {processor.py:826} INFO - Processing file /opt/airflow/dags/user_processing.py for tasks to queue
[2023-10-17T00:07:48.134+0000] {logging_mixin.py:150} INFO - [2023-10-17T00:07:48.133+0000] {dagbag.py:541} INFO - Filling up the DagBag from /opt/airflow/dags/user_processing.py
[2023-10-17T00:07:48.262+0000] {processor.py:836} INFO - DAG(s) dict_keys(['user_processing']) retrieved from /opt/airflow/dags/user_processing.py
[2023-10-17T00:07:48.480+0000] {logging_mixin.py:150} INFO - [2023-10-17T00:07:48.479+0000] {dag.py:2742} INFO - Sync 1 DAGs
[2023-10-17T00:07:48.809+0000] {logging_mixin.py:150} INFO - [2023-10-17T00:07:48.798+0000] {dag.py:3504} INFO - Setting next_dagrun for user_processing to 2023-10-17T00:00:00+00:00, run_after=2023-10-18T00:00:00+00:00
[2023-10-17T00:07:49.082+0000] {processor.py:179} INFO - Processing /opt/airflow/dags/user_processing.py took 1.012 seconds
[2023-10-17T00:08:19.936+0000] {processor.py:157} INFO - Started process (PID=4114) to work on /opt/airflow/dags/user_processing.py
[2023-10-17T00:08:19.937+0000] {processor.py:826} INFO - Processing file /opt/airflow/dags/user_processing.py for tasks to queue
[2023-10-17T00:08:19.939+0000] {logging_mixin.py:150} INFO - [2023-10-17T00:08:19.938+0000] {dagbag.py:541} INFO - Filling up the DagBag from /opt/airflow/dags/user_processing.py
[2023-10-17T00:08:19.953+0000] {processor.py:836} INFO - DAG(s) dict_keys(['user_processing']) retrieved from /opt/airflow/dags/user_processing.py
[2023-10-17T00:08:19.982+0000] {logging_mixin.py:150} INFO - [2023-10-17T00:08:19.982+0000] {dag.py:2742} INFO - Sync 1 DAGs
[2023-10-17T00:08:20.015+0000] {logging_mixin.py:150} INFO - [2023-10-17T00:08:20.015+0000] {dag.py:3504} INFO - Setting next_dagrun for user_processing to 2023-10-17T00:00:00+00:00, run_after=2023-10-18T00:00:00+00:00
[2023-10-17T00:08:20.042+0000] {processor.py:179} INFO - Processing /opt/airflow/dags/user_processing.py took 0.111 seconds
[2023-10-17T00:08:50.875+0000] {processor.py:157} INFO - Started process (PID=4135) to work on /opt/airflow/dags/user_processing.py
[2023-10-17T00:08:50.880+0000] {processor.py:826} INFO - Processing file /opt/airflow/dags/user_processing.py for tasks to queue
[2023-10-17T00:08:50.881+0000] {logging_mixin.py:150} INFO - [2023-10-17T00:08:50.881+0000] {dagbag.py:541} INFO - Filling up the DagBag from /opt/airflow/dags/user_processing.py
[2023-10-17T00:08:50.902+0000] {processor.py:836} INFO - DAG(s) dict_keys(['user_processing']) retrieved from /opt/airflow/dags/user_processing.py
[2023-10-17T00:08:50.935+0000] {logging_mixin.py:150} INFO - [2023-10-17T00:08:50.935+0000] {dag.py:2742} INFO - Sync 1 DAGs
[2023-10-17T00:08:50.977+0000] {logging_mixin.py:150} INFO - [2023-10-17T00:08:50.976+0000] {dag.py:3504} INFO - Setting next_dagrun for user_processing to 2023-10-17T00:00:00+00:00, run_after=2023-10-18T00:00:00+00:00
[2023-10-17T00:08:51.000+0000] {processor.py:179} INFO - Processing /opt/airflow/dags/user_processing.py took 0.131 seconds
[2023-10-17T00:09:21.982+0000] {processor.py:157} INFO - Started process (PID=4156) to work on /opt/airflow/dags/user_processing.py
[2023-10-17T00:09:21.984+0000] {processor.py:826} INFO - Processing file /opt/airflow/dags/user_processing.py for tasks to queue
[2023-10-17T00:09:21.986+0000] {logging_mixin.py:150} INFO - [2023-10-17T00:09:21.985+0000] {dagbag.py:541} INFO - Filling up the DagBag from /opt/airflow/dags/user_processing.py
[2023-10-17T00:09:22.011+0000] {processor.py:836} INFO - DAG(s) dict_keys(['user_processing']) retrieved from /opt/airflow/dags/user_processing.py
[2023-10-17T00:09:22.050+0000] {logging_mixin.py:150} INFO - [2023-10-17T00:09:22.050+0000] {dag.py:2742} INFO - Sync 1 DAGs
[2023-10-17T00:09:22.087+0000] {logging_mixin.py:150} INFO - [2023-10-17T00:09:22.087+0000] {dag.py:3504} INFO - Setting next_dagrun for user_processing to 2023-10-17T00:00:00+00:00, run_after=2023-10-18T00:00:00+00:00
[2023-10-17T00:09:22.117+0000] {processor.py:179} INFO - Processing /opt/airflow/dags/user_processing.py took 0.142 seconds
[2023-10-17T00:09:52.255+0000] {processor.py:157} INFO - Started process (PID=4177) to work on /opt/airflow/dags/user_processing.py
[2023-10-17T00:09:52.256+0000] {processor.py:826} INFO - Processing file /opt/airflow/dags/user_processing.py for tasks to queue
[2023-10-17T00:09:52.259+0000] {logging_mixin.py:150} INFO - [2023-10-17T00:09:52.257+0000] {dagbag.py:541} INFO - Filling up the DagBag from /opt/airflow/dags/user_processing.py
[2023-10-17T00:09:52.290+0000] {processor.py:836} INFO - DAG(s) dict_keys(['user_processing']) retrieved from /opt/airflow/dags/user_processing.py
[2023-10-17T00:09:52.351+0000] {logging_mixin.py:150} INFO - [2023-10-17T00:09:52.350+0000] {dag.py:2742} INFO - Sync 1 DAGs
[2023-10-17T00:09:52.384+0000] {logging_mixin.py:150} INFO - [2023-10-17T00:09:52.384+0000] {dag.py:3504} INFO - Setting next_dagrun for user_processing to 2023-10-17T00:00:00+00:00, run_after=2023-10-18T00:00:00+00:00
[2023-10-17T00:09:52.413+0000] {processor.py:179} INFO - Processing /opt/airflow/dags/user_processing.py took 0.164 seconds
[2023-10-17T00:10:22.616+0000] {processor.py:157} INFO - Started process (PID=4199) to work on /opt/airflow/dags/user_processing.py
[2023-10-17T00:10:22.618+0000] {processor.py:826} INFO - Processing file /opt/airflow/dags/user_processing.py for tasks to queue
[2023-10-17T00:10:22.620+0000] {logging_mixin.py:150} INFO - [2023-10-17T00:10:22.619+0000] {dagbag.py:541} INFO - Filling up the DagBag from /opt/airflow/dags/user_processing.py
[2023-10-17T00:10:22.639+0000] {processor.py:836} INFO - DAG(s) dict_keys(['user_processing']) retrieved from /opt/airflow/dags/user_processing.py
[2023-10-17T00:10:22.684+0000] {logging_mixin.py:150} INFO - [2023-10-17T00:10:22.684+0000] {dag.py:2742} INFO - Sync 1 DAGs
[2023-10-17T00:10:22.723+0000] {logging_mixin.py:150} INFO - [2023-10-17T00:10:22.722+0000] {dag.py:3504} INFO - Setting next_dagrun for user_processing to 2023-10-17T00:00:00+00:00, run_after=2023-10-18T00:00:00+00:00
[2023-10-17T00:10:22.757+0000] {processor.py:179} INFO - Processing /opt/airflow/dags/user_processing.py took 0.149 seconds
[2023-10-17T00:10:53.031+0000] {processor.py:157} INFO - Started process (PID=4220) to work on /opt/airflow/dags/user_processing.py
[2023-10-17T00:10:53.035+0000] {processor.py:826} INFO - Processing file /opt/airflow/dags/user_processing.py for tasks to queue
[2023-10-17T00:10:53.037+0000] {logging_mixin.py:150} INFO - [2023-10-17T00:10:53.036+0000] {dagbag.py:541} INFO - Filling up the DagBag from /opt/airflow/dags/user_processing.py
[2023-10-17T00:10:53.059+0000] {processor.py:836} INFO - DAG(s) dict_keys(['user_processing']) retrieved from /opt/airflow/dags/user_processing.py
[2023-10-17T00:10:53.100+0000] {logging_mixin.py:150} INFO - [2023-10-17T00:10:53.099+0000] {dag.py:2742} INFO - Sync 1 DAGs
[2023-10-17T00:10:53.139+0000] {logging_mixin.py:150} INFO - [2023-10-17T00:10:53.139+0000] {dag.py:3504} INFO - Setting next_dagrun for user_processing to 2023-10-17T00:00:00+00:00, run_after=2023-10-18T00:00:00+00:00
[2023-10-17T00:10:53.170+0000] {processor.py:179} INFO - Processing /opt/airflow/dags/user_processing.py took 0.145 seconds
[2023-10-17T00:11:23.304+0000] {processor.py:157} INFO - Started process (PID=4241) to work on /opt/airflow/dags/user_processing.py
[2023-10-17T00:11:23.306+0000] {processor.py:826} INFO - Processing file /opt/airflow/dags/user_processing.py for tasks to queue
[2023-10-17T00:11:23.307+0000] {logging_mixin.py:150} INFO - [2023-10-17T00:11:23.306+0000] {dagbag.py:541} INFO - Filling up the DagBag from /opt/airflow/dags/user_processing.py
[2023-10-17T00:11:23.327+0000] {processor.py:836} INFO - DAG(s) dict_keys(['user_processing']) retrieved from /opt/airflow/dags/user_processing.py
[2023-10-17T00:11:23.366+0000] {logging_mixin.py:150} INFO - [2023-10-17T00:11:23.365+0000] {dag.py:2742} INFO - Sync 1 DAGs
[2023-10-17T00:11:23.397+0000] {logging_mixin.py:150} INFO - [2023-10-17T00:11:23.397+0000] {dag.py:3504} INFO - Setting next_dagrun for user_processing to 2023-10-17T00:00:00+00:00, run_after=2023-10-18T00:00:00+00:00
[2023-10-17T00:11:23.435+0000] {processor.py:179} INFO - Processing /opt/airflow/dags/user_processing.py took 0.137 seconds
[2023-10-17T00:11:53.557+0000] {processor.py:157} INFO - Started process (PID=4262) to work on /opt/airflow/dags/user_processing.py
[2023-10-17T00:11:53.559+0000] {processor.py:826} INFO - Processing file /opt/airflow/dags/user_processing.py for tasks to queue
[2023-10-17T00:11:53.560+0000] {logging_mixin.py:150} INFO - [2023-10-17T00:11:53.560+0000] {dagbag.py:541} INFO - Filling up the DagBag from /opt/airflow/dags/user_processing.py
[2023-10-17T00:11:53.589+0000] {processor.py:836} INFO - DAG(s) dict_keys(['user_processing']) retrieved from /opt/airflow/dags/user_processing.py
[2023-10-17T00:11:53.637+0000] {logging_mixin.py:150} INFO - [2023-10-17T00:11:53.636+0000] {dag.py:2742} INFO - Sync 1 DAGs
[2023-10-17T00:11:53.674+0000] {logging_mixin.py:150} INFO - [2023-10-17T00:11:53.674+0000] {dag.py:3504} INFO - Setting next_dagrun for user_processing to 2023-10-17T00:00:00+00:00, run_after=2023-10-18T00:00:00+00:00
[2023-10-17T00:11:53.703+0000] {processor.py:179} INFO - Processing /opt/airflow/dags/user_processing.py took 0.151 seconds
[2023-10-17T00:12:24.707+0000] {processor.py:157} INFO - Started process (PID=4283) to work on /opt/airflow/dags/user_processing.py
[2023-10-17T00:12:24.708+0000] {processor.py:826} INFO - Processing file /opt/airflow/dags/user_processing.py for tasks to queue
[2023-10-17T00:12:24.709+0000] {logging_mixin.py:150} INFO - [2023-10-17T00:12:24.709+0000] {dagbag.py:541} INFO - Filling up the DagBag from /opt/airflow/dags/user_processing.py
[2023-10-17T00:12:24.732+0000] {processor.py:836} INFO - DAG(s) dict_keys(['user_processing']) retrieved from /opt/airflow/dags/user_processing.py
[2023-10-17T00:12:24.776+0000] {logging_mixin.py:150} INFO - [2023-10-17T00:12:24.776+0000] {dag.py:2742} INFO - Sync 1 DAGs
[2023-10-17T00:12:24.815+0000] {logging_mixin.py:150} INFO - [2023-10-17T00:12:24.814+0000] {dag.py:3504} INFO - Setting next_dagrun for user_processing to 2023-10-17T00:00:00+00:00, run_after=2023-10-18T00:00:00+00:00
[2023-10-17T00:12:24.847+0000] {processor.py:179} INFO - Processing /opt/airflow/dags/user_processing.py took 0.146 seconds
[2023-10-17T00:12:54.955+0000] {processor.py:157} INFO - Started process (PID=4304) to work on /opt/airflow/dags/user_processing.py
[2023-10-17T00:12:54.957+0000] {processor.py:826} INFO - Processing file /opt/airflow/dags/user_processing.py for tasks to queue
[2023-10-17T00:12:54.958+0000] {logging_mixin.py:150} INFO - [2023-10-17T00:12:54.958+0000] {dagbag.py:541} INFO - Filling up the DagBag from /opt/airflow/dags/user_processing.py
[2023-10-17T00:12:54.977+0000] {processor.py:836} INFO - DAG(s) dict_keys(['user_processing']) retrieved from /opt/airflow/dags/user_processing.py
[2023-10-17T00:12:55.016+0000] {logging_mixin.py:150} INFO - [2023-10-17T00:12:55.016+0000] {dag.py:2742} INFO - Sync 1 DAGs
[2023-10-17T00:12:55.055+0000] {logging_mixin.py:150} INFO - [2023-10-17T00:12:55.054+0000] {dag.py:3504} INFO - Setting next_dagrun for user_processing to 2023-10-17T00:00:00+00:00, run_after=2023-10-18T00:00:00+00:00
[2023-10-17T00:12:55.088+0000] {processor.py:179} INFO - Processing /opt/airflow/dags/user_processing.py took 0.139 seconds
[2023-10-17T00:13:25.255+0000] {processor.py:157} INFO - Started process (PID=4325) to work on /opt/airflow/dags/user_processing.py
[2023-10-17T00:13:25.261+0000] {processor.py:826} INFO - Processing file /opt/airflow/dags/user_processing.py for tasks to queue
[2023-10-17T00:13:25.263+0000] {logging_mixin.py:150} INFO - [2023-10-17T00:13:25.263+0000] {dagbag.py:541} INFO - Filling up the DagBag from /opt/airflow/dags/user_processing.py
[2023-10-17T00:13:25.290+0000] {processor.py:836} INFO - DAG(s) dict_keys(['user_processing']) retrieved from /opt/airflow/dags/user_processing.py
[2023-10-17T00:13:25.331+0000] {logging_mixin.py:150} INFO - [2023-10-17T00:13:25.331+0000] {dag.py:2742} INFO - Sync 1 DAGs
[2023-10-17T00:13:25.373+0000] {logging_mixin.py:150} INFO - [2023-10-17T00:13:25.373+0000] {dag.py:3504} INFO - Setting next_dagrun for user_processing to 2023-10-17T00:00:00+00:00, run_after=2023-10-18T00:00:00+00:00
[2023-10-17T00:13:25.401+0000] {processor.py:179} INFO - Processing /opt/airflow/dags/user_processing.py took 0.151 seconds
[2023-10-17T00:13:56.309+0000] {processor.py:157} INFO - Started process (PID=4346) to work on /opt/airflow/dags/user_processing.py
[2023-10-17T00:13:56.314+0000] {processor.py:826} INFO - Processing file /opt/airflow/dags/user_processing.py for tasks to queue
[2023-10-17T00:13:56.315+0000] {logging_mixin.py:150} INFO - [2023-10-17T00:13:56.315+0000] {dagbag.py:541} INFO - Filling up the DagBag from /opt/airflow/dags/user_processing.py
[2023-10-17T00:13:56.332+0000] {processor.py:836} INFO - DAG(s) dict_keys(['user_processing']) retrieved from /opt/airflow/dags/user_processing.py
[2023-10-17T00:13:56.379+0000] {logging_mixin.py:150} INFO - [2023-10-17T00:13:56.379+0000] {dag.py:2742} INFO - Sync 1 DAGs
[2023-10-17T00:13:56.430+0000] {logging_mixin.py:150} INFO - [2023-10-17T00:13:56.430+0000] {dag.py:3504} INFO - Setting next_dagrun for user_processing to 2023-10-17T00:00:00+00:00, run_after=2023-10-18T00:00:00+00:00
[2023-10-17T00:13:56.469+0000] {processor.py:179} INFO - Processing /opt/airflow/dags/user_processing.py took 0.167 seconds
[2023-10-17T00:14:26.604+0000] {processor.py:157} INFO - Started process (PID=4367) to work on /opt/airflow/dags/user_processing.py
[2023-10-17T00:14:26.610+0000] {processor.py:826} INFO - Processing file /opt/airflow/dags/user_processing.py for tasks to queue
[2023-10-17T00:14:26.612+0000] {logging_mixin.py:150} INFO - [2023-10-17T00:14:26.611+0000] {dagbag.py:541} INFO - Filling up the DagBag from /opt/airflow/dags/user_processing.py
[2023-10-17T00:14:26.639+0000] {processor.py:836} INFO - DAG(s) dict_keys(['user_processing']) retrieved from /opt/airflow/dags/user_processing.py
[2023-10-17T00:14:26.695+0000] {logging_mixin.py:150} INFO - [2023-10-17T00:14:26.695+0000] {dag.py:2742} INFO - Sync 1 DAGs
[2023-10-17T00:14:26.736+0000] {logging_mixin.py:150} INFO - [2023-10-17T00:14:26.736+0000] {dag.py:3504} INFO - Setting next_dagrun for user_processing to 2023-10-17T00:00:00+00:00, run_after=2023-10-18T00:00:00+00:00
[2023-10-17T00:14:26.771+0000] {processor.py:179} INFO - Processing /opt/airflow/dags/user_processing.py took 0.171 seconds
[2023-10-17T00:14:56.922+0000] {processor.py:157} INFO - Started process (PID=4388) to work on /opt/airflow/dags/user_processing.py
[2023-10-17T00:14:56.924+0000] {processor.py:826} INFO - Processing file /opt/airflow/dags/user_processing.py for tasks to queue
[2023-10-17T00:14:56.928+0000] {logging_mixin.py:150} INFO - [2023-10-17T00:14:56.925+0000] {dagbag.py:541} INFO - Filling up the DagBag from /opt/airflow/dags/user_processing.py
[2023-10-17T00:14:56.970+0000] {processor.py:836} INFO - DAG(s) dict_keys(['user_processing']) retrieved from /opt/airflow/dags/user_processing.py
[2023-10-17T00:14:57.024+0000] {logging_mixin.py:150} INFO - [2023-10-17T00:14:57.024+0000] {dag.py:2742} INFO - Sync 1 DAGs
[2023-10-17T00:14:57.069+0000] {logging_mixin.py:150} INFO - [2023-10-17T00:14:57.068+0000] {dag.py:3504} INFO - Setting next_dagrun for user_processing to 2023-10-17T00:00:00+00:00, run_after=2023-10-18T00:00:00+00:00
[2023-10-17T00:14:57.101+0000] {processor.py:179} INFO - Processing /opt/airflow/dags/user_processing.py took 0.184 seconds
[2023-10-17T00:15:27.569+0000] {processor.py:157} INFO - Started process (PID=4409) to work on /opt/airflow/dags/user_processing.py
[2023-10-17T00:15:27.574+0000] {processor.py:826} INFO - Processing file /opt/airflow/dags/user_processing.py for tasks to queue
[2023-10-17T00:15:27.576+0000] {logging_mixin.py:150} INFO - [2023-10-17T00:15:27.575+0000] {dagbag.py:541} INFO - Filling up the DagBag from /opt/airflow/dags/user_processing.py
[2023-10-17T00:15:27.608+0000] {processor.py:836} INFO - DAG(s) dict_keys(['user_processing']) retrieved from /opt/airflow/dags/user_processing.py
[2023-10-17T00:15:27.657+0000] {logging_mixin.py:150} INFO - [2023-10-17T00:15:27.657+0000] {dag.py:2742} INFO - Sync 1 DAGs
[2023-10-17T00:15:27.703+0000] {logging_mixin.py:150} INFO - [2023-10-17T00:15:27.703+0000] {dag.py:3504} INFO - Setting next_dagrun for user_processing to 2023-10-17T00:00:00+00:00, run_after=2023-10-18T00:00:00+00:00
[2023-10-17T00:15:27.735+0000] {processor.py:179} INFO - Processing /opt/airflow/dags/user_processing.py took 0.174 seconds
[2023-10-17T00:15:58.170+0000] {processor.py:157} INFO - Started process (PID=4430) to work on /opt/airflow/dags/user_processing.py
[2023-10-17T00:15:58.172+0000] {processor.py:826} INFO - Processing file /opt/airflow/dags/user_processing.py for tasks to queue
[2023-10-17T00:15:58.173+0000] {logging_mixin.py:150} INFO - [2023-10-17T00:15:58.173+0000] {dagbag.py:541} INFO - Filling up the DagBag from /opt/airflow/dags/user_processing.py
[2023-10-17T00:15:58.196+0000] {processor.py:836} INFO - DAG(s) dict_keys(['user_processing']) retrieved from /opt/airflow/dags/user_processing.py
[2023-10-17T00:15:58.243+0000] {logging_mixin.py:150} INFO - [2023-10-17T00:15:58.243+0000] {dag.py:2742} INFO - Sync 1 DAGs
[2023-10-17T00:15:58.285+0000] {logging_mixin.py:150} INFO - [2023-10-17T00:15:58.285+0000] {dag.py:3504} INFO - Setting next_dagrun for user_processing to 2023-10-17T00:00:00+00:00, run_after=2023-10-18T00:00:00+00:00
[2023-10-17T00:15:58.319+0000] {processor.py:179} INFO - Processing /opt/airflow/dags/user_processing.py took 0.157 seconds
[2023-10-17T00:16:28.373+0000] {processor.py:157} INFO - Started process (PID=4451) to work on /opt/airflow/dags/user_processing.py
[2023-10-17T00:16:28.375+0000] {processor.py:826} INFO - Processing file /opt/airflow/dags/user_processing.py for tasks to queue
[2023-10-17T00:16:28.376+0000] {logging_mixin.py:150} INFO - [2023-10-17T00:16:28.376+0000] {dagbag.py:541} INFO - Filling up the DagBag from /opt/airflow/dags/user_processing.py
[2023-10-17T00:16:28.402+0000] {processor.py:836} INFO - DAG(s) dict_keys(['user_processing']) retrieved from /opt/airflow/dags/user_processing.py
[2023-10-17T00:16:28.451+0000] {logging_mixin.py:150} INFO - [2023-10-17T00:16:28.449+0000] {dag.py:2742} INFO - Sync 1 DAGs
[2023-10-17T00:16:28.556+0000] {logging_mixin.py:150} INFO - [2023-10-17T00:16:28.555+0000] {dag.py:3504} INFO - Setting next_dagrun for user_processing to 2023-10-17T00:00:00+00:00, run_after=2023-10-18T00:00:00+00:00
[2023-10-17T00:16:28.592+0000] {processor.py:179} INFO - Processing /opt/airflow/dags/user_processing.py took 0.231 seconds
[2023-10-17T00:16:58.778+0000] {processor.py:157} INFO - Started process (PID=4472) to work on /opt/airflow/dags/user_processing.py
[2023-10-17T00:16:58.779+0000] {processor.py:826} INFO - Processing file /opt/airflow/dags/user_processing.py for tasks to queue
[2023-10-17T00:16:58.780+0000] {logging_mixin.py:150} INFO - [2023-10-17T00:16:58.780+0000] {dagbag.py:541} INFO - Filling up the DagBag from /opt/airflow/dags/user_processing.py
[2023-10-17T00:16:58.805+0000] {processor.py:836} INFO - DAG(s) dict_keys(['user_processing']) retrieved from /opt/airflow/dags/user_processing.py
[2023-10-17T00:16:58.854+0000] {logging_mixin.py:150} INFO - [2023-10-17T00:16:58.854+0000] {dag.py:2742} INFO - Sync 1 DAGs
[2023-10-17T00:16:58.892+0000] {logging_mixin.py:150} INFO - [2023-10-17T00:16:58.892+0000] {dag.py:3504} INFO - Setting next_dagrun for user_processing to 2023-10-17T00:00:00+00:00, run_after=2023-10-18T00:00:00+00:00
[2023-10-17T00:16:58.929+0000] {processor.py:179} INFO - Processing /opt/airflow/dags/user_processing.py took 0.156 seconds
[2023-10-17T00:17:29.076+0000] {processor.py:157} INFO - Started process (PID=4493) to work on /opt/airflow/dags/user_processing.py
[2023-10-17T00:17:29.084+0000] {processor.py:826} INFO - Processing file /opt/airflow/dags/user_processing.py for tasks to queue
[2023-10-17T00:17:29.087+0000] {logging_mixin.py:150} INFO - [2023-10-17T00:17:29.086+0000] {dagbag.py:541} INFO - Filling up the DagBag from /opt/airflow/dags/user_processing.py
[2023-10-17T00:17:29.109+0000] {processor.py:836} INFO - DAG(s) dict_keys(['user_processing']) retrieved from /opt/airflow/dags/user_processing.py
[2023-10-17T00:17:29.159+0000] {logging_mixin.py:150} INFO - [2023-10-17T00:17:29.158+0000] {dag.py:2742} INFO - Sync 1 DAGs
[2023-10-17T00:17:29.194+0000] {logging_mixin.py:150} INFO - [2023-10-17T00:17:29.193+0000] {dag.py:3504} INFO - Setting next_dagrun for user_processing to 2023-10-17T00:00:00+00:00, run_after=2023-10-18T00:00:00+00:00
[2023-10-17T00:17:29.215+0000] {processor.py:179} INFO - Processing /opt/airflow/dags/user_processing.py took 0.150 seconds
[2023-10-17T00:17:59.277+0000] {processor.py:157} INFO - Started process (PID=4514) to work on /opt/airflow/dags/user_processing.py
[2023-10-17T00:17:59.281+0000] {processor.py:826} INFO - Processing file /opt/airflow/dags/user_processing.py for tasks to queue
[2023-10-17T00:17:59.282+0000] {logging_mixin.py:150} INFO - [2023-10-17T00:17:59.282+0000] {dagbag.py:541} INFO - Filling up the DagBag from /opt/airflow/dags/user_processing.py
[2023-10-17T00:17:59.307+0000] {processor.py:836} INFO - DAG(s) dict_keys(['user_processing']) retrieved from /opt/airflow/dags/user_processing.py
[2023-10-17T00:17:59.347+0000] {logging_mixin.py:150} INFO - [2023-10-17T00:17:59.347+0000] {dag.py:2742} INFO - Sync 1 DAGs
[2023-10-17T00:17:59.395+0000] {logging_mixin.py:150} INFO - [2023-10-17T00:17:59.394+0000] {dag.py:3504} INFO - Setting next_dagrun for user_processing to 2023-10-17T00:00:00+00:00, run_after=2023-10-18T00:00:00+00:00
[2023-10-17T00:17:59.428+0000] {processor.py:179} INFO - Processing /opt/airflow/dags/user_processing.py took 0.157 seconds
[2023-10-17T00:18:29.645+0000] {processor.py:157} INFO - Started process (PID=4535) to work on /opt/airflow/dags/user_processing.py
[2023-10-17T00:18:29.650+0000] {processor.py:826} INFO - Processing file /opt/airflow/dags/user_processing.py for tasks to queue
[2023-10-17T00:18:29.651+0000] {logging_mixin.py:150} INFO - [2023-10-17T00:18:29.651+0000] {dagbag.py:541} INFO - Filling up the DagBag from /opt/airflow/dags/user_processing.py
[2023-10-17T00:18:29.671+0000] {processor.py:836} INFO - DAG(s) dict_keys(['user_processing']) retrieved from /opt/airflow/dags/user_processing.py
[2023-10-17T00:18:29.710+0000] {logging_mixin.py:150} INFO - [2023-10-17T00:18:29.710+0000] {dag.py:2742} INFO - Sync 1 DAGs
[2023-10-17T00:18:29.750+0000] {logging_mixin.py:150} INFO - [2023-10-17T00:18:29.750+0000] {dag.py:3504} INFO - Setting next_dagrun for user_processing to 2023-10-17T00:00:00+00:00, run_after=2023-10-18T00:00:00+00:00
[2023-10-17T00:18:29.781+0000] {processor.py:179} INFO - Processing /opt/airflow/dags/user_processing.py took 0.143 seconds
[2023-10-17T00:18:59.813+0000] {processor.py:157} INFO - Started process (PID=4556) to work on /opt/airflow/dags/user_processing.py
[2023-10-17T00:18:59.814+0000] {processor.py:826} INFO - Processing file /opt/airflow/dags/user_processing.py for tasks to queue
[2023-10-17T00:18:59.815+0000] {logging_mixin.py:150} INFO - [2023-10-17T00:18:59.815+0000] {dagbag.py:541} INFO - Filling up the DagBag from /opt/airflow/dags/user_processing.py
[2023-10-17T00:18:59.832+0000] {processor.py:836} INFO - DAG(s) dict_keys(['user_processing']) retrieved from /opt/airflow/dags/user_processing.py
[2023-10-17T00:18:59.871+0000] {logging_mixin.py:150} INFO - [2023-10-17T00:18:59.871+0000] {dag.py:2742} INFO - Sync 1 DAGs
[2023-10-17T00:18:59.918+0000] {logging_mixin.py:150} INFO - [2023-10-17T00:18:59.917+0000] {dag.py:3504} INFO - Setting next_dagrun for user_processing to 2023-10-17T00:00:00+00:00, run_after=2023-10-18T00:00:00+00:00
[2023-10-17T00:18:59.949+0000] {processor.py:179} INFO - Processing /opt/airflow/dags/user_processing.py took 0.142 seconds
[2023-10-17T00:19:30.034+0000] {processor.py:157} INFO - Started process (PID=4577) to work on /opt/airflow/dags/user_processing.py
[2023-10-17T00:19:30.036+0000] {processor.py:826} INFO - Processing file /opt/airflow/dags/user_processing.py for tasks to queue
[2023-10-17T00:19:30.037+0000] {logging_mixin.py:150} INFO - [2023-10-17T00:19:30.036+0000] {dagbag.py:541} INFO - Filling up the DagBag from /opt/airflow/dags/user_processing.py
[2023-10-17T00:19:30.055+0000] {processor.py:836} INFO - DAG(s) dict_keys(['user_processing']) retrieved from /opt/airflow/dags/user_processing.py
[2023-10-17T00:19:30.096+0000] {logging_mixin.py:150} INFO - [2023-10-17T00:19:30.096+0000] {dag.py:2742} INFO - Sync 1 DAGs
[2023-10-17T00:19:30.132+0000] {logging_mixin.py:150} INFO - [2023-10-17T00:19:30.132+0000] {dag.py:3504} INFO - Setting next_dagrun for user_processing to 2023-10-17T00:00:00+00:00, run_after=2023-10-18T00:00:00+00:00
[2023-10-17T00:19:30.162+0000] {processor.py:179} INFO - Processing /opt/airflow/dags/user_processing.py took 0.133 seconds
[2023-10-17T00:20:01.218+0000] {processor.py:157} INFO - Started process (PID=4598) to work on /opt/airflow/dags/user_processing.py
[2023-10-17T00:20:01.220+0000] {processor.py:826} INFO - Processing file /opt/airflow/dags/user_processing.py for tasks to queue
[2023-10-17T00:20:01.220+0000] {logging_mixin.py:150} INFO - [2023-10-17T00:20:01.220+0000] {dagbag.py:541} INFO - Filling up the DagBag from /opt/airflow/dags/user_processing.py
[2023-10-17T00:20:01.240+0000] {processor.py:836} INFO - DAG(s) dict_keys(['user_processing']) retrieved from /opt/airflow/dags/user_processing.py
[2023-10-17T00:20:01.273+0000] {logging_mixin.py:150} INFO - [2023-10-17T00:20:01.273+0000] {dag.py:2742} INFO - Sync 1 DAGs
[2023-10-17T00:20:01.307+0000] {logging_mixin.py:150} INFO - [2023-10-17T00:20:01.306+0000] {dag.py:3504} INFO - Setting next_dagrun for user_processing to 2023-10-17T00:00:00+00:00, run_after=2023-10-18T00:00:00+00:00
[2023-10-17T00:20:01.334+0000] {processor.py:179} INFO - Processing /opt/airflow/dags/user_processing.py took 0.122 seconds
[2023-10-17T00:20:31.454+0000] {processor.py:157} INFO - Started process (PID=4620) to work on /opt/airflow/dags/user_processing.py
[2023-10-17T00:20:31.455+0000] {processor.py:826} INFO - Processing file /opt/airflow/dags/user_processing.py for tasks to queue
[2023-10-17T00:20:31.456+0000] {logging_mixin.py:150} INFO - [2023-10-17T00:20:31.456+0000] {dagbag.py:541} INFO - Filling up the DagBag from /opt/airflow/dags/user_processing.py
[2023-10-17T00:20:31.474+0000] {processor.py:836} INFO - DAG(s) dict_keys(['user_processing']) retrieved from /opt/airflow/dags/user_processing.py
[2023-10-17T00:20:31.507+0000] {logging_mixin.py:150} INFO - [2023-10-17T00:20:31.507+0000] {dag.py:2742} INFO - Sync 1 DAGs
[2023-10-17T00:20:31.553+0000] {logging_mixin.py:150} INFO - [2023-10-17T00:20:31.552+0000] {dag.py:3504} INFO - Setting next_dagrun for user_processing to 2023-10-17T00:00:00+00:00, run_after=2023-10-18T00:00:00+00:00
[2023-10-17T00:20:31.582+0000] {processor.py:179} INFO - Processing /opt/airflow/dags/user_processing.py took 0.132 seconds
[2023-10-17T00:21:01.806+0000] {processor.py:157} INFO - Started process (PID=4641) to work on /opt/airflow/dags/user_processing.py
[2023-10-17T00:21:01.809+0000] {processor.py:826} INFO - Processing file /opt/airflow/dags/user_processing.py for tasks to queue
[2023-10-17T00:21:01.810+0000] {logging_mixin.py:150} INFO - [2023-10-17T00:21:01.809+0000] {dagbag.py:541} INFO - Filling up the DagBag from /opt/airflow/dags/user_processing.py
[2023-10-17T00:21:01.834+0000] {processor.py:836} INFO - DAG(s) dict_keys(['user_processing']) retrieved from /opt/airflow/dags/user_processing.py
[2023-10-17T00:21:01.872+0000] {logging_mixin.py:150} INFO - [2023-10-17T00:21:01.872+0000] {dag.py:2742} INFO - Sync 1 DAGs
[2023-10-17T00:21:01.910+0000] {logging_mixin.py:150} INFO - [2023-10-17T00:21:01.909+0000] {dag.py:3504} INFO - Setting next_dagrun for user_processing to 2023-10-17T00:00:00+00:00, run_after=2023-10-18T00:00:00+00:00
[2023-10-17T00:21:01.944+0000] {processor.py:179} INFO - Processing /opt/airflow/dags/user_processing.py took 0.149 seconds
[2023-10-17T00:21:32.072+0000] {processor.py:157} INFO - Started process (PID=4662) to work on /opt/airflow/dags/user_processing.py
[2023-10-17T00:21:32.074+0000] {processor.py:826} INFO - Processing file /opt/airflow/dags/user_processing.py for tasks to queue
[2023-10-17T00:21:32.075+0000] {logging_mixin.py:150} INFO - [2023-10-17T00:21:32.074+0000] {dagbag.py:541} INFO - Filling up the DagBag from /opt/airflow/dags/user_processing.py
[2023-10-17T00:21:32.096+0000] {processor.py:836} INFO - DAG(s) dict_keys(['user_processing']) retrieved from /opt/airflow/dags/user_processing.py
[2023-10-17T00:21:32.130+0000] {logging_mixin.py:150} INFO - [2023-10-17T00:21:32.130+0000] {dag.py:2742} INFO - Sync 1 DAGs
[2023-10-17T00:21:32.173+0000] {logging_mixin.py:150} INFO - [2023-10-17T00:21:32.173+0000] {dag.py:3504} INFO - Setting next_dagrun for user_processing to 2023-10-17T00:00:00+00:00, run_after=2023-10-18T00:00:00+00:00
[2023-10-17T00:21:32.211+0000] {processor.py:179} INFO - Processing /opt/airflow/dags/user_processing.py took 0.147 seconds
[2023-10-17T00:22:02.378+0000] {processor.py:157} INFO - Started process (PID=4683) to work on /opt/airflow/dags/user_processing.py
[2023-10-17T00:22:02.379+0000] {processor.py:826} INFO - Processing file /opt/airflow/dags/user_processing.py for tasks to queue
[2023-10-17T00:22:02.380+0000] {logging_mixin.py:150} INFO - [2023-10-17T00:22:02.379+0000] {dagbag.py:541} INFO - Filling up the DagBag from /opt/airflow/dags/user_processing.py
[2023-10-17T00:22:02.397+0000] {processor.py:836} INFO - DAG(s) dict_keys(['user_processing']) retrieved from /opt/airflow/dags/user_processing.py
[2023-10-17T00:22:02.433+0000] {logging_mixin.py:150} INFO - [2023-10-17T00:22:02.433+0000] {dag.py:2742} INFO - Sync 1 DAGs
[2023-10-17T00:22:02.468+0000] {logging_mixin.py:150} INFO - [2023-10-17T00:22:02.467+0000] {dag.py:3504} INFO - Setting next_dagrun for user_processing to 2023-10-17T00:00:00+00:00, run_after=2023-10-18T00:00:00+00:00
[2023-10-17T00:22:02.497+0000] {processor.py:179} INFO - Processing /opt/airflow/dags/user_processing.py took 0.124 seconds
[2023-10-17T00:22:33.446+0000] {processor.py:157} INFO - Started process (PID=4704) to work on /opt/airflow/dags/user_processing.py
[2023-10-17T00:22:33.448+0000] {processor.py:826} INFO - Processing file /opt/airflow/dags/user_processing.py for tasks to queue
[2023-10-17T00:22:33.449+0000] {logging_mixin.py:150} INFO - [2023-10-17T00:22:33.449+0000] {dagbag.py:541} INFO - Filling up the DagBag from /opt/airflow/dags/user_processing.py
[2023-10-17T00:22:33.467+0000] {processor.py:836} INFO - DAG(s) dict_keys(['user_processing']) retrieved from /opt/airflow/dags/user_processing.py
[2023-10-17T00:22:33.499+0000] {logging_mixin.py:150} INFO - [2023-10-17T00:22:33.498+0000] {dag.py:2742} INFO - Sync 1 DAGs
[2023-10-17T00:22:33.529+0000] {logging_mixin.py:150} INFO - [2023-10-17T00:22:33.529+0000] {dag.py:3504} INFO - Setting next_dagrun for user_processing to 2023-10-17T00:00:00+00:00, run_after=2023-10-18T00:00:00+00:00
[2023-10-17T00:22:33.557+0000] {processor.py:179} INFO - Processing /opt/airflow/dags/user_processing.py took 0.115 seconds
[2023-10-17T00:23:03.700+0000] {processor.py:157} INFO - Started process (PID=4725) to work on /opt/airflow/dags/user_processing.py
[2023-10-17T00:23:03.701+0000] {processor.py:826} INFO - Processing file /opt/airflow/dags/user_processing.py for tasks to queue
[2023-10-17T00:23:03.702+0000] {logging_mixin.py:150} INFO - [2023-10-17T00:23:03.702+0000] {dagbag.py:541} INFO - Filling up the DagBag from /opt/airflow/dags/user_processing.py
[2023-10-17T00:23:03.719+0000] {processor.py:836} INFO - DAG(s) dict_keys(['user_processing']) retrieved from /opt/airflow/dags/user_processing.py
[2023-10-17T00:23:03.762+0000] {logging_mixin.py:150} INFO - [2023-10-17T00:23:03.762+0000] {dag.py:2742} INFO - Sync 1 DAGs
[2023-10-17T00:23:03.812+0000] {logging_mixin.py:150} INFO - [2023-10-17T00:23:03.811+0000] {dag.py:3504} INFO - Setting next_dagrun for user_processing to 2023-10-17T00:00:00+00:00, run_after=2023-10-18T00:00:00+00:00
[2023-10-17T00:23:03.843+0000] {processor.py:179} INFO - Processing /opt/airflow/dags/user_processing.py took 0.147 seconds
[2023-10-17T00:23:34.951+0000] {processor.py:157} INFO - Started process (PID=4746) to work on /opt/airflow/dags/user_processing.py
[2023-10-17T00:23:34.953+0000] {processor.py:826} INFO - Processing file /opt/airflow/dags/user_processing.py for tasks to queue
[2023-10-17T00:23:34.954+0000] {logging_mixin.py:150} INFO - [2023-10-17T00:23:34.953+0000] {dagbag.py:541} INFO - Filling up the DagBag from /opt/airflow/dags/user_processing.py
[2023-10-17T00:23:34.976+0000] {processor.py:836} INFO - DAG(s) dict_keys(['user_processing']) retrieved from /opt/airflow/dags/user_processing.py
[2023-10-17T00:23:35.008+0000] {logging_mixin.py:150} INFO - [2023-10-17T00:23:35.008+0000] {dag.py:2742} INFO - Sync 1 DAGs
[2023-10-17T00:23:35.037+0000] {logging_mixin.py:150} INFO - [2023-10-17T00:23:35.036+0000] {dag.py:3504} INFO - Setting next_dagrun for user_processing to 2023-10-17T00:00:00+00:00, run_after=2023-10-18T00:00:00+00:00
[2023-10-17T00:23:35.063+0000] {processor.py:179} INFO - Processing /opt/airflow/dags/user_processing.py took 0.116 seconds
[2023-10-17T00:24:05.142+0000] {processor.py:157} INFO - Started process (PID=4767) to work on /opt/airflow/dags/user_processing.py
[2023-10-17T00:24:05.143+0000] {processor.py:826} INFO - Processing file /opt/airflow/dags/user_processing.py for tasks to queue
[2023-10-17T00:24:05.144+0000] {logging_mixin.py:150} INFO - [2023-10-17T00:24:05.144+0000] {dagbag.py:541} INFO - Filling up the DagBag from /opt/airflow/dags/user_processing.py
[2023-10-17T00:24:05.160+0000] {processor.py:836} INFO - DAG(s) dict_keys(['user_processing']) retrieved from /opt/airflow/dags/user_processing.py
[2023-10-17T00:24:05.190+0000] {logging_mixin.py:150} INFO - [2023-10-17T00:24:05.190+0000] {dag.py:2742} INFO - Sync 1 DAGs
[2023-10-17T00:24:05.218+0000] {logging_mixin.py:150} INFO - [2023-10-17T00:24:05.217+0000] {dag.py:3504} INFO - Setting next_dagrun for user_processing to 2023-10-17T00:00:00+00:00, run_after=2023-10-18T00:00:00+00:00
[2023-10-17T00:24:05.238+0000] {processor.py:179} INFO - Processing /opt/airflow/dags/user_processing.py took 0.101 seconds
[2023-10-17T00:24:37.157+0000] {processor.py:157} INFO - Started process (PID=4793) to work on /opt/airflow/dags/user_processing.py
[2023-10-17T00:24:37.170+0000] {processor.py:826} INFO - Processing file /opt/airflow/dags/user_processing.py for tasks to queue
[2023-10-17T00:24:37.173+0000] {logging_mixin.py:150} INFO - [2023-10-17T00:24:37.172+0000] {dagbag.py:541} INFO - Filling up the DagBag from /opt/airflow/dags/user_processing.py
[2023-10-17T00:24:37.251+0000] {processor.py:836} INFO - DAG(s) dict_keys(['user_processing']) retrieved from /opt/airflow/dags/user_processing.py
[2023-10-17T00:24:37.340+0000] {logging_mixin.py:150} INFO - [2023-10-17T00:24:37.339+0000] {dag.py:2742} INFO - Sync 1 DAGs
[2023-10-17T00:24:37.421+0000] {logging_mixin.py:150} INFO - [2023-10-17T00:24:37.419+0000] {dag.py:3504} INFO - Setting next_dagrun for user_processing to 2023-10-17T00:00:00+00:00, run_after=2023-10-18T00:00:00+00:00
[2023-10-17T00:24:37.476+0000] {processor.py:179} INFO - Processing /opt/airflow/dags/user_processing.py took 0.333 seconds
