[2023-10-17T00:00:14.717+0000] {processor.py:157} INFO - Started process (PID=3759) to work on /opt/airflow/dags/web_scrapping_playwrigth.py
[2023-10-17T00:00:14.719+0000] {processor.py:826} INFO - Processing file /opt/airflow/dags/web_scrapping_playwrigth.py for tasks to queue
[2023-10-17T00:00:14.721+0000] {logging_mixin.py:150} INFO - [2023-10-17T00:00:14.720+0000] {dagbag.py:541} INFO - Filling up the DagBag from /opt/airflow/dags/web_scrapping_playwrigth.py
[2023-10-17T00:00:14.755+0000] {processor.py:836} INFO - DAG(s) dict_keys(['web_scraping_playwright_dag']) retrieved from /opt/airflow/dags/web_scrapping_playwrigth.py
[2023-10-17T00:00:14.870+0000] {logging_mixin.py:150} INFO - [2023-10-17T00:00:14.870+0000] {dag.py:2742} INFO - Sync 1 DAGs
[2023-10-17T00:00:14.990+0000] {logging_mixin.py:150} INFO - [2023-10-17T00:00:14.990+0000] {dag.py:3504} INFO - Setting next_dagrun for web_scraping_playwright_dag to 2023-09-26T00:00:00+00:00, run_after=2023-09-27T00:00:00+00:00
[2023-10-17T00:00:15.106+0000] {processor.py:179} INFO - Processing /opt/airflow/dags/web_scrapping_playwrigth.py took 0.438 seconds
[2023-10-17T00:00:45.996+0000] {processor.py:157} INFO - Started process (PID=3795) to work on /opt/airflow/dags/web_scrapping_playwrigth.py
[2023-10-17T00:00:46.005+0000] {processor.py:826} INFO - Processing file /opt/airflow/dags/web_scrapping_playwrigth.py for tasks to queue
[2023-10-17T00:00:46.007+0000] {logging_mixin.py:150} INFO - [2023-10-17T00:00:46.007+0000] {dagbag.py:541} INFO - Filling up the DagBag from /opt/airflow/dags/web_scrapping_playwrigth.py
[2023-10-17T00:00:46.020+0000] {processor.py:836} INFO - DAG(s) dict_keys(['web_scraping_playwright_dag']) retrieved from /opt/airflow/dags/web_scrapping_playwrigth.py
[2023-10-17T00:00:46.069+0000] {logging_mixin.py:150} INFO - [2023-10-17T00:00:46.068+0000] {dag.py:2742} INFO - Sync 1 DAGs
[2023-10-17T00:00:46.110+0000] {logging_mixin.py:150} INFO - [2023-10-17T00:00:46.109+0000] {dag.py:3504} INFO - Setting next_dagrun for web_scraping_playwright_dag to 2023-09-26T00:00:00+00:00, run_after=2023-09-27T00:00:00+00:00
[2023-10-17T00:00:46.149+0000] {processor.py:179} INFO - Processing /opt/airflow/dags/web_scrapping_playwrigth.py took 0.159 seconds
[2023-10-17T00:01:16.249+0000] {processor.py:157} INFO - Started process (PID=3816) to work on /opt/airflow/dags/web_scrapping_playwrigth.py
[2023-10-17T00:01:16.255+0000] {processor.py:826} INFO - Processing file /opt/airflow/dags/web_scrapping_playwrigth.py for tasks to queue
[2023-10-17T00:01:16.256+0000] {logging_mixin.py:150} INFO - [2023-10-17T00:01:16.256+0000] {dagbag.py:541} INFO - Filling up the DagBag from /opt/airflow/dags/web_scrapping_playwrigth.py
[2023-10-17T00:01:16.269+0000] {processor.py:836} INFO - DAG(s) dict_keys(['web_scraping_playwright_dag']) retrieved from /opt/airflow/dags/web_scrapping_playwrigth.py
[2023-10-17T00:01:16.307+0000] {logging_mixin.py:150} INFO - [2023-10-17T00:01:16.307+0000] {dag.py:2742} INFO - Sync 1 DAGs
[2023-10-17T00:01:16.345+0000] {logging_mixin.py:150} INFO - [2023-10-17T00:01:16.345+0000] {dag.py:3504} INFO - Setting next_dagrun for web_scraping_playwright_dag to 2023-09-26T00:00:00+00:00, run_after=2023-09-27T00:00:00+00:00
[2023-10-17T00:01:16.383+0000] {processor.py:179} INFO - Processing /opt/airflow/dags/web_scrapping_playwrigth.py took 0.141 seconds
[2023-10-17T00:01:46.541+0000] {processor.py:157} INFO - Started process (PID=3842) to work on /opt/airflow/dags/web_scrapping_playwrigth.py
[2023-10-17T00:01:46.544+0000] {processor.py:826} INFO - Processing file /opt/airflow/dags/web_scrapping_playwrigth.py for tasks to queue
[2023-10-17T00:01:46.545+0000] {logging_mixin.py:150} INFO - [2023-10-17T00:01:46.545+0000] {dagbag.py:541} INFO - Filling up the DagBag from /opt/airflow/dags/web_scrapping_playwrigth.py
[2023-10-17T00:01:46.557+0000] {processor.py:836} INFO - DAG(s) dict_keys(['web_scraping_playwright_dag']) retrieved from /opt/airflow/dags/web_scrapping_playwrigth.py
[2023-10-17T00:01:46.594+0000] {logging_mixin.py:150} INFO - [2023-10-17T00:01:46.593+0000] {dag.py:2742} INFO - Sync 1 DAGs
[2023-10-17T00:01:46.634+0000] {logging_mixin.py:150} INFO - [2023-10-17T00:01:46.634+0000] {dag.py:3504} INFO - Setting next_dagrun for web_scraping_playwright_dag to 2023-09-26T00:00:00+00:00, run_after=2023-09-27T00:00:00+00:00
[2023-10-17T00:01:46.672+0000] {processor.py:179} INFO - Processing /opt/airflow/dags/web_scrapping_playwrigth.py took 0.137 seconds
[2023-10-17T00:02:16.744+0000] {processor.py:157} INFO - Started process (PID=3863) to work on /opt/airflow/dags/web_scrapping_playwrigth.py
[2023-10-17T00:02:16.749+0000] {processor.py:826} INFO - Processing file /opt/airflow/dags/web_scrapping_playwrigth.py for tasks to queue
[2023-10-17T00:02:16.753+0000] {logging_mixin.py:150} INFO - [2023-10-17T00:02:16.752+0000] {dagbag.py:541} INFO - Filling up the DagBag from /opt/airflow/dags/web_scrapping_playwrigth.py
[2023-10-17T00:02:16.762+0000] {processor.py:836} INFO - DAG(s) dict_keys(['web_scraping_playwright_dag']) retrieved from /opt/airflow/dags/web_scrapping_playwrigth.py
[2023-10-17T00:02:16.803+0000] {logging_mixin.py:150} INFO - [2023-10-17T00:02:16.803+0000] {dag.py:2742} INFO - Sync 1 DAGs
[2023-10-17T00:02:16.841+0000] {logging_mixin.py:150} INFO - [2023-10-17T00:02:16.841+0000] {dag.py:3504} INFO - Setting next_dagrun for web_scraping_playwright_dag to 2023-09-26T00:00:00+00:00, run_after=2023-09-27T00:00:00+00:00
[2023-10-17T00:02:16.877+0000] {processor.py:179} INFO - Processing /opt/airflow/dags/web_scrapping_playwrigth.py took 0.139 seconds
[2023-10-17T00:02:46.960+0000] {processor.py:157} INFO - Started process (PID=3884) to work on /opt/airflow/dags/web_scrapping_playwrigth.py
[2023-10-17T00:02:46.972+0000] {processor.py:826} INFO - Processing file /opt/airflow/dags/web_scrapping_playwrigth.py for tasks to queue
[2023-10-17T00:02:46.974+0000] {logging_mixin.py:150} INFO - [2023-10-17T00:02:46.973+0000] {dagbag.py:541} INFO - Filling up the DagBag from /opt/airflow/dags/web_scrapping_playwrigth.py
[2023-10-17T00:02:47.022+0000] {processor.py:836} INFO - DAG(s) dict_keys(['web_scraping_playwright_dag']) retrieved from /opt/airflow/dags/web_scrapping_playwrigth.py
[2023-10-17T00:02:47.180+0000] {logging_mixin.py:150} INFO - [2023-10-17T00:02:47.180+0000] {dag.py:2742} INFO - Sync 1 DAGs
[2023-10-17T00:02:47.309+0000] {logging_mixin.py:150} INFO - [2023-10-17T00:02:47.309+0000] {dag.py:3504} INFO - Setting next_dagrun for web_scraping_playwright_dag to 2023-09-26T00:00:00+00:00, run_after=2023-09-27T00:00:00+00:00
[2023-10-17T00:02:47.407+0000] {processor.py:179} INFO - Processing /opt/airflow/dags/web_scrapping_playwrigth.py took 0.459 seconds
[2023-10-17T00:03:18.184+0000] {processor.py:157} INFO - Started process (PID=3905) to work on /opt/airflow/dags/web_scrapping_playwrigth.py
[2023-10-17T00:03:18.189+0000] {processor.py:826} INFO - Processing file /opt/airflow/dags/web_scrapping_playwrigth.py for tasks to queue
[2023-10-17T00:03:18.191+0000] {logging_mixin.py:150} INFO - [2023-10-17T00:03:18.191+0000] {dagbag.py:541} INFO - Filling up the DagBag from /opt/airflow/dags/web_scrapping_playwrigth.py
[2023-10-17T00:03:18.201+0000] {processor.py:836} INFO - DAG(s) dict_keys(['web_scraping_playwright_dag']) retrieved from /opt/airflow/dags/web_scrapping_playwrigth.py
[2023-10-17T00:03:18.246+0000] {logging_mixin.py:150} INFO - [2023-10-17T00:03:18.245+0000] {dag.py:2742} INFO - Sync 1 DAGs
[2023-10-17T00:03:18.285+0000] {logging_mixin.py:150} INFO - [2023-10-17T00:03:18.284+0000] {dag.py:3504} INFO - Setting next_dagrun for web_scraping_playwright_dag to 2023-09-26T00:00:00+00:00, run_after=2023-09-27T00:00:00+00:00
[2023-10-17T00:03:18.319+0000] {processor.py:179} INFO - Processing /opt/airflow/dags/web_scrapping_playwrigth.py took 0.139 seconds
[2023-10-17T00:03:49.310+0000] {processor.py:157} INFO - Started process (PID=3926) to work on /opt/airflow/dags/web_scrapping_playwrigth.py
[2023-10-17T00:03:49.312+0000] {processor.py:826} INFO - Processing file /opt/airflow/dags/web_scrapping_playwrigth.py for tasks to queue
[2023-10-17T00:03:49.316+0000] {logging_mixin.py:150} INFO - [2023-10-17T00:03:49.315+0000] {dagbag.py:541} INFO - Filling up the DagBag from /opt/airflow/dags/web_scrapping_playwrigth.py
[2023-10-17T00:03:49.330+0000] {processor.py:836} INFO - DAG(s) dict_keys(['web_scraping_playwright_dag']) retrieved from /opt/airflow/dags/web_scrapping_playwrigth.py
[2023-10-17T00:03:49.377+0000] {logging_mixin.py:150} INFO - [2023-10-17T00:03:49.376+0000] {dag.py:2742} INFO - Sync 1 DAGs
[2023-10-17T00:03:49.430+0000] {logging_mixin.py:150} INFO - [2023-10-17T00:03:49.430+0000] {dag.py:3504} INFO - Setting next_dagrun for web_scraping_playwright_dag to 2023-09-26T00:00:00+00:00, run_after=2023-09-27T00:00:00+00:00
[2023-10-17T00:03:49.478+0000] {processor.py:179} INFO - Processing /opt/airflow/dags/web_scrapping_playwrigth.py took 0.179 seconds
[2023-10-17T00:04:19.574+0000] {processor.py:157} INFO - Started process (PID=3947) to work on /opt/airflow/dags/web_scrapping_playwrigth.py
[2023-10-17T00:04:19.583+0000] {processor.py:826} INFO - Processing file /opt/airflow/dags/web_scrapping_playwrigth.py for tasks to queue
[2023-10-17T00:04:19.584+0000] {logging_mixin.py:150} INFO - [2023-10-17T00:04:19.584+0000] {dagbag.py:541} INFO - Filling up the DagBag from /opt/airflow/dags/web_scrapping_playwrigth.py
[2023-10-17T00:04:19.606+0000] {processor.py:836} INFO - DAG(s) dict_keys(['web_scraping_playwright_dag']) retrieved from /opt/airflow/dags/web_scrapping_playwrigth.py
[2023-10-17T00:04:19.670+0000] {logging_mixin.py:150} INFO - [2023-10-17T00:04:19.670+0000] {dag.py:2742} INFO - Sync 1 DAGs
[2023-10-17T00:04:19.712+0000] {logging_mixin.py:150} INFO - [2023-10-17T00:04:19.712+0000] {dag.py:3504} INFO - Setting next_dagrun for web_scraping_playwright_dag to 2023-09-26T00:00:00+00:00, run_after=2023-09-27T00:00:00+00:00
[2023-10-17T00:04:19.749+0000] {processor.py:179} INFO - Processing /opt/airflow/dags/web_scrapping_playwrigth.py took 0.182 seconds
[2023-10-17T00:04:50.035+0000] {processor.py:157} INFO - Started process (PID=3968) to work on /opt/airflow/dags/web_scrapping_playwrigth.py
[2023-10-17T00:04:50.037+0000] {processor.py:826} INFO - Processing file /opt/airflow/dags/web_scrapping_playwrigth.py for tasks to queue
[2023-10-17T00:04:50.038+0000] {logging_mixin.py:150} INFO - [2023-10-17T00:04:50.037+0000] {dagbag.py:541} INFO - Filling up the DagBag from /opt/airflow/dags/web_scrapping_playwrigth.py
[2023-10-17T00:04:50.052+0000] {processor.py:836} INFO - DAG(s) dict_keys(['web_scraping_playwright_dag']) retrieved from /opt/airflow/dags/web_scrapping_playwrigth.py
[2023-10-17T00:04:50.098+0000] {logging_mixin.py:150} INFO - [2023-10-17T00:04:50.097+0000] {dag.py:2742} INFO - Sync 1 DAGs
[2023-10-17T00:04:50.131+0000] {logging_mixin.py:150} INFO - [2023-10-17T00:04:50.131+0000] {dag.py:3504} INFO - Setting next_dagrun for web_scraping_playwright_dag to 2023-09-26T00:00:00+00:00, run_after=2023-09-27T00:00:00+00:00
[2023-10-17T00:04:50.160+0000] {processor.py:179} INFO - Processing /opt/airflow/dags/web_scrapping_playwrigth.py took 0.129 seconds
[2023-10-17T00:05:20.337+0000] {processor.py:157} INFO - Started process (PID=3989) to work on /opt/airflow/dags/web_scrapping_playwrigth.py
[2023-10-17T00:05:20.339+0000] {processor.py:826} INFO - Processing file /opt/airflow/dags/web_scrapping_playwrigth.py for tasks to queue
[2023-10-17T00:05:20.340+0000] {logging_mixin.py:150} INFO - [2023-10-17T00:05:20.340+0000] {dagbag.py:541} INFO - Filling up the DagBag from /opt/airflow/dags/web_scrapping_playwrigth.py
[2023-10-17T00:05:20.352+0000] {processor.py:836} INFO - DAG(s) dict_keys(['web_scraping_playwright_dag']) retrieved from /opt/airflow/dags/web_scrapping_playwrigth.py
[2023-10-17T00:05:20.392+0000] {logging_mixin.py:150} INFO - [2023-10-17T00:05:20.392+0000] {dag.py:2742} INFO - Sync 1 DAGs
[2023-10-17T00:05:20.429+0000] {logging_mixin.py:150} INFO - [2023-10-17T00:05:20.428+0000] {dag.py:3504} INFO - Setting next_dagrun for web_scraping_playwright_dag to 2023-09-26T00:00:00+00:00, run_after=2023-09-27T00:00:00+00:00
[2023-10-17T00:05:20.456+0000] {processor.py:179} INFO - Processing /opt/airflow/dags/web_scrapping_playwrigth.py took 0.127 seconds
[2023-10-17T00:05:50.548+0000] {processor.py:157} INFO - Started process (PID=4011) to work on /opt/airflow/dags/web_scrapping_playwrigth.py
[2023-10-17T00:05:50.550+0000] {processor.py:826} INFO - Processing file /opt/airflow/dags/web_scrapping_playwrigth.py for tasks to queue
[2023-10-17T00:05:50.552+0000] {logging_mixin.py:150} INFO - [2023-10-17T00:05:50.551+0000] {dagbag.py:541} INFO - Filling up the DagBag from /opt/airflow/dags/web_scrapping_playwrigth.py
[2023-10-17T00:05:50.565+0000] {processor.py:836} INFO - DAG(s) dict_keys(['web_scraping_playwright_dag']) retrieved from /opt/airflow/dags/web_scrapping_playwrigth.py
[2023-10-17T00:05:50.610+0000] {logging_mixin.py:150} INFO - [2023-10-17T00:05:50.609+0000] {dag.py:2742} INFO - Sync 1 DAGs
[2023-10-17T00:05:50.656+0000] {logging_mixin.py:150} INFO - [2023-10-17T00:05:50.655+0000] {dag.py:3504} INFO - Setting next_dagrun for web_scraping_playwright_dag to 2023-09-26T00:00:00+00:00, run_after=2023-09-27T00:00:00+00:00
[2023-10-17T00:05:50.691+0000] {processor.py:179} INFO - Processing /opt/airflow/dags/web_scrapping_playwrigth.py took 0.150 seconds
[2023-10-17T00:06:20.862+0000] {processor.py:157} INFO - Started process (PID=4032) to work on /opt/airflow/dags/web_scrapping_playwrigth.py
[2023-10-17T00:06:20.871+0000] {processor.py:826} INFO - Processing file /opt/airflow/dags/web_scrapping_playwrigth.py for tasks to queue
[2023-10-17T00:06:20.873+0000] {logging_mixin.py:150} INFO - [2023-10-17T00:06:20.873+0000] {dagbag.py:541} INFO - Filling up the DagBag from /opt/airflow/dags/web_scrapping_playwrigth.py
[2023-10-17T00:06:20.885+0000] {processor.py:836} INFO - DAG(s) dict_keys(['web_scraping_playwright_dag']) retrieved from /opt/airflow/dags/web_scrapping_playwrigth.py
[2023-10-17T00:06:21.009+0000] {logging_mixin.py:150} INFO - [2023-10-17T00:06:21.008+0000] {dag.py:2742} INFO - Sync 1 DAGs
[2023-10-17T00:06:21.083+0000] {logging_mixin.py:150} INFO - [2023-10-17T00:06:21.083+0000] {dag.py:3504} INFO - Setting next_dagrun for web_scraping_playwright_dag to 2023-09-26T00:00:00+00:00, run_after=2023-09-27T00:00:00+00:00
[2023-10-17T00:06:21.167+0000] {processor.py:179} INFO - Processing /opt/airflow/dags/web_scrapping_playwrigth.py took 0.330 seconds
[2023-10-17T00:06:51.557+0000] {processor.py:157} INFO - Started process (PID=4052) to work on /opt/airflow/dags/web_scrapping_playwrigth.py
[2023-10-17T00:06:51.559+0000] {processor.py:826} INFO - Processing file /opt/airflow/dags/web_scrapping_playwrigth.py for tasks to queue
[2023-10-17T00:06:51.561+0000] {logging_mixin.py:150} INFO - [2023-10-17T00:06:51.560+0000] {dagbag.py:541} INFO - Filling up the DagBag from /opt/airflow/dags/web_scrapping_playwrigth.py
[2023-10-17T00:06:51.598+0000] {processor.py:836} INFO - DAG(s) dict_keys(['web_scraping_playwright_dag']) retrieved from /opt/airflow/dags/web_scrapping_playwrigth.py
[2023-10-17T00:06:51.749+0000] {logging_mixin.py:150} INFO - [2023-10-17T00:06:51.749+0000] {dag.py:2742} INFO - Sync 1 DAGs
[2023-10-17T00:06:51.852+0000] {logging_mixin.py:150} INFO - [2023-10-17T00:06:51.852+0000] {dag.py:3504} INFO - Setting next_dagrun for web_scraping_playwright_dag to 2023-09-26T00:00:00+00:00, run_after=2023-09-27T00:00:00+00:00
[2023-10-17T00:06:51.970+0000] {processor.py:179} INFO - Processing /opt/airflow/dags/web_scrapping_playwrigth.py took 0.431 seconds
[2023-10-17T00:07:22.561+0000] {processor.py:157} INFO - Started process (PID=4074) to work on /opt/airflow/dags/web_scrapping_playwrigth.py
[2023-10-17T00:07:22.562+0000] {processor.py:826} INFO - Processing file /opt/airflow/dags/web_scrapping_playwrigth.py for tasks to queue
[2023-10-17T00:07:22.564+0000] {logging_mixin.py:150} INFO - [2023-10-17T00:07:22.563+0000] {dagbag.py:541} INFO - Filling up the DagBag from /opt/airflow/dags/web_scrapping_playwrigth.py
[2023-10-17T00:07:22.571+0000] {processor.py:836} INFO - DAG(s) dict_keys(['web_scraping_playwright_dag']) retrieved from /opt/airflow/dags/web_scrapping_playwrigth.py
[2023-10-17T00:07:22.603+0000] {logging_mixin.py:150} INFO - [2023-10-17T00:07:22.603+0000] {dag.py:2742} INFO - Sync 1 DAGs
[2023-10-17T00:07:22.631+0000] {logging_mixin.py:150} INFO - [2023-10-17T00:07:22.631+0000] {dag.py:3504} INFO - Setting next_dagrun for web_scraping_playwright_dag to 2023-09-26T00:00:00+00:00, run_after=2023-09-27T00:00:00+00:00
[2023-10-17T00:07:22.661+0000] {processor.py:179} INFO - Processing /opt/airflow/dags/web_scrapping_playwrigth.py took 0.104 seconds
[2023-10-17T00:07:53.101+0000] {processor.py:157} INFO - Started process (PID=4094) to work on /opt/airflow/dags/web_scrapping_playwrigth.py
[2023-10-17T00:07:53.102+0000] {processor.py:826} INFO - Processing file /opt/airflow/dags/web_scrapping_playwrigth.py for tasks to queue
[2023-10-17T00:07:53.103+0000] {logging_mixin.py:150} INFO - [2023-10-17T00:07:53.103+0000] {dagbag.py:541} INFO - Filling up the DagBag from /opt/airflow/dags/web_scrapping_playwrigth.py
[2023-10-17T00:07:53.111+0000] {processor.py:836} INFO - DAG(s) dict_keys(['web_scraping_playwright_dag']) retrieved from /opt/airflow/dags/web_scrapping_playwrigth.py
[2023-10-17T00:07:53.144+0000] {logging_mixin.py:150} INFO - [2023-10-17T00:07:53.143+0000] {dag.py:2742} INFO - Sync 1 DAGs
[2023-10-17T00:07:53.171+0000] {logging_mixin.py:150} INFO - [2023-10-17T00:07:53.171+0000] {dag.py:3504} INFO - Setting next_dagrun for web_scraping_playwright_dag to 2023-09-26T00:00:00+00:00, run_after=2023-09-27T00:00:00+00:00
[2023-10-17T00:07:53.202+0000] {processor.py:179} INFO - Processing /opt/airflow/dags/web_scrapping_playwrigth.py took 0.105 seconds
[2023-10-17T00:08:23.978+0000] {processor.py:157} INFO - Started process (PID=4115) to work on /opt/airflow/dags/web_scrapping_playwrigth.py
[2023-10-17T00:08:23.980+0000] {processor.py:826} INFO - Processing file /opt/airflow/dags/web_scrapping_playwrigth.py for tasks to queue
[2023-10-17T00:08:23.981+0000] {logging_mixin.py:150} INFO - [2023-10-17T00:08:23.981+0000] {dagbag.py:541} INFO - Filling up the DagBag from /opt/airflow/dags/web_scrapping_playwrigth.py
[2023-10-17T00:08:23.994+0000] {processor.py:836} INFO - DAG(s) dict_keys(['web_scraping_playwright_dag']) retrieved from /opt/airflow/dags/web_scrapping_playwrigth.py
[2023-10-17T00:08:24.030+0000] {logging_mixin.py:150} INFO - [2023-10-17T00:08:24.029+0000] {dag.py:2742} INFO - Sync 1 DAGs
[2023-10-17T00:08:24.060+0000] {logging_mixin.py:150} INFO - [2023-10-17T00:08:24.060+0000] {dag.py:3504} INFO - Setting next_dagrun for web_scraping_playwright_dag to 2023-09-26T00:00:00+00:00, run_after=2023-09-27T00:00:00+00:00
[2023-10-17T00:08:24.090+0000] {processor.py:179} INFO - Processing /opt/airflow/dags/web_scrapping_playwrigth.py took 0.117 seconds
[2023-10-17T00:08:54.927+0000] {processor.py:157} INFO - Started process (PID=4136) to work on /opt/airflow/dags/web_scrapping_playwrigth.py
[2023-10-17T00:08:54.934+0000] {processor.py:826} INFO - Processing file /opt/airflow/dags/web_scrapping_playwrigth.py for tasks to queue
[2023-10-17T00:08:54.935+0000] {logging_mixin.py:150} INFO - [2023-10-17T00:08:54.935+0000] {dagbag.py:541} INFO - Filling up the DagBag from /opt/airflow/dags/web_scrapping_playwrigth.py
[2023-10-17T00:08:54.948+0000] {processor.py:836} INFO - DAG(s) dict_keys(['web_scraping_playwright_dag']) retrieved from /opt/airflow/dags/web_scrapping_playwrigth.py
[2023-10-17T00:08:54.983+0000] {logging_mixin.py:150} INFO - [2023-10-17T00:08:54.983+0000] {dag.py:2742} INFO - Sync 1 DAGs
[2023-10-17T00:08:55.020+0000] {logging_mixin.py:150} INFO - [2023-10-17T00:08:55.020+0000] {dag.py:3504} INFO - Setting next_dagrun for web_scraping_playwright_dag to 2023-09-26T00:00:00+00:00, run_after=2023-09-27T00:00:00+00:00
[2023-10-17T00:08:55.057+0000] {processor.py:179} INFO - Processing /opt/airflow/dags/web_scrapping_playwrigth.py took 0.138 seconds
[2023-10-17T00:09:25.171+0000] {processor.py:157} INFO - Started process (PID=4157) to work on /opt/airflow/dags/web_scrapping_playwrigth.py
[2023-10-17T00:09:25.173+0000] {processor.py:826} INFO - Processing file /opt/airflow/dags/web_scrapping_playwrigth.py for tasks to queue
[2023-10-17T00:09:25.178+0000] {logging_mixin.py:150} INFO - [2023-10-17T00:09:25.177+0000] {dagbag.py:541} INFO - Filling up the DagBag from /opt/airflow/dags/web_scrapping_playwrigth.py
[2023-10-17T00:09:25.188+0000] {processor.py:836} INFO - DAG(s) dict_keys(['web_scraping_playwright_dag']) retrieved from /opt/airflow/dags/web_scrapping_playwrigth.py
[2023-10-17T00:09:25.231+0000] {logging_mixin.py:150} INFO - [2023-10-17T00:09:25.231+0000] {dag.py:2742} INFO - Sync 1 DAGs
[2023-10-17T00:09:25.270+0000] {logging_mixin.py:150} INFO - [2023-10-17T00:09:25.270+0000] {dag.py:3504} INFO - Setting next_dagrun for web_scraping_playwright_dag to 2023-09-26T00:00:00+00:00, run_after=2023-09-27T00:00:00+00:00
[2023-10-17T00:09:25.347+0000] {processor.py:179} INFO - Processing /opt/airflow/dags/web_scrapping_playwrigth.py took 0.181 seconds
[2023-10-17T00:09:55.461+0000] {processor.py:157} INFO - Started process (PID=4178) to work on /opt/airflow/dags/web_scrapping_playwrigth.py
[2023-10-17T00:09:55.464+0000] {processor.py:826} INFO - Processing file /opt/airflow/dags/web_scrapping_playwrigth.py for tasks to queue
[2023-10-17T00:09:55.468+0000] {logging_mixin.py:150} INFO - [2023-10-17T00:09:55.467+0000] {dagbag.py:541} INFO - Filling up the DagBag from /opt/airflow/dags/web_scrapping_playwrigth.py
[2023-10-17T00:09:55.479+0000] {processor.py:836} INFO - DAG(s) dict_keys(['web_scraping_playwright_dag']) retrieved from /opt/airflow/dags/web_scrapping_playwrigth.py
[2023-10-17T00:09:55.520+0000] {logging_mixin.py:150} INFO - [2023-10-17T00:09:55.519+0000] {dag.py:2742} INFO - Sync 1 DAGs
[2023-10-17T00:09:55.555+0000] {logging_mixin.py:150} INFO - [2023-10-17T00:09:55.555+0000] {dag.py:3504} INFO - Setting next_dagrun for web_scraping_playwright_dag to 2023-09-26T00:00:00+00:00, run_after=2023-09-27T00:00:00+00:00
[2023-10-17T00:09:55.588+0000] {processor.py:179} INFO - Processing /opt/airflow/dags/web_scrapping_playwrigth.py took 0.132 seconds
[2023-10-17T00:10:25.656+0000] {processor.py:157} INFO - Started process (PID=4200) to work on /opt/airflow/dags/web_scrapping_playwrigth.py
[2023-10-17T00:10:25.657+0000] {processor.py:826} INFO - Processing file /opt/airflow/dags/web_scrapping_playwrigth.py for tasks to queue
[2023-10-17T00:10:25.659+0000] {logging_mixin.py:150} INFO - [2023-10-17T00:10:25.658+0000] {dagbag.py:541} INFO - Filling up the DagBag from /opt/airflow/dags/web_scrapping_playwrigth.py
[2023-10-17T00:10:25.671+0000] {processor.py:836} INFO - DAG(s) dict_keys(['web_scraping_playwright_dag']) retrieved from /opt/airflow/dags/web_scrapping_playwrigth.py
[2023-10-17T00:10:25.714+0000] {logging_mixin.py:150} INFO - [2023-10-17T00:10:25.714+0000] {dag.py:2742} INFO - Sync 1 DAGs
[2023-10-17T00:10:25.749+0000] {logging_mixin.py:150} INFO - [2023-10-17T00:10:25.749+0000] {dag.py:3504} INFO - Setting next_dagrun for web_scraping_playwright_dag to 2023-09-26T00:00:00+00:00, run_after=2023-09-27T00:00:00+00:00
[2023-10-17T00:10:25.780+0000] {processor.py:179} INFO - Processing /opt/airflow/dags/web_scrapping_playwrigth.py took 0.129 seconds
[2023-10-17T00:10:56.087+0000] {processor.py:157} INFO - Started process (PID=4221) to work on /opt/airflow/dags/web_scrapping_playwrigth.py
[2023-10-17T00:10:56.089+0000] {processor.py:826} INFO - Processing file /opt/airflow/dags/web_scrapping_playwrigth.py for tasks to queue
[2023-10-17T00:10:56.090+0000] {logging_mixin.py:150} INFO - [2023-10-17T00:10:56.090+0000] {dagbag.py:541} INFO - Filling up the DagBag from /opt/airflow/dags/web_scrapping_playwrigth.py
[2023-10-17T00:10:56.100+0000] {processor.py:836} INFO - DAG(s) dict_keys(['web_scraping_playwright_dag']) retrieved from /opt/airflow/dags/web_scrapping_playwrigth.py
[2023-10-17T00:10:56.135+0000] {logging_mixin.py:150} INFO - [2023-10-17T00:10:56.135+0000] {dag.py:2742} INFO - Sync 1 DAGs
[2023-10-17T00:10:56.170+0000] {logging_mixin.py:150} INFO - [2023-10-17T00:10:56.170+0000] {dag.py:3504} INFO - Setting next_dagrun for web_scraping_playwright_dag to 2023-09-26T00:00:00+00:00, run_after=2023-09-27T00:00:00+00:00
[2023-10-17T00:10:56.222+0000] {processor.py:179} INFO - Processing /opt/airflow/dags/web_scrapping_playwrigth.py took 0.140 seconds
[2023-10-17T00:11:26.339+0000] {processor.py:157} INFO - Started process (PID=4242) to work on /opt/airflow/dags/web_scrapping_playwrigth.py
[2023-10-17T00:11:26.344+0000] {processor.py:826} INFO - Processing file /opt/airflow/dags/web_scrapping_playwrigth.py for tasks to queue
[2023-10-17T00:11:26.345+0000] {logging_mixin.py:150} INFO - [2023-10-17T00:11:26.345+0000] {dagbag.py:541} INFO - Filling up the DagBag from /opt/airflow/dags/web_scrapping_playwrigth.py
[2023-10-17T00:11:26.358+0000] {processor.py:836} INFO - DAG(s) dict_keys(['web_scraping_playwright_dag']) retrieved from /opt/airflow/dags/web_scrapping_playwrigth.py
[2023-10-17T00:11:26.401+0000] {logging_mixin.py:150} INFO - [2023-10-17T00:11:26.401+0000] {dag.py:2742} INFO - Sync 1 DAGs
[2023-10-17T00:11:26.439+0000] {logging_mixin.py:150} INFO - [2023-10-17T00:11:26.439+0000] {dag.py:3504} INFO - Setting next_dagrun for web_scraping_playwright_dag to 2023-09-26T00:00:00+00:00, run_after=2023-09-27T00:00:00+00:00
[2023-10-17T00:11:26.477+0000] {processor.py:179} INFO - Processing /opt/airflow/dags/web_scrapping_playwrigth.py took 0.147 seconds
[2023-10-17T00:11:56.617+0000] {processor.py:157} INFO - Started process (PID=4263) to work on /opt/airflow/dags/web_scrapping_playwrigth.py
[2023-10-17T00:11:56.623+0000] {processor.py:826} INFO - Processing file /opt/airflow/dags/web_scrapping_playwrigth.py for tasks to queue
[2023-10-17T00:11:56.625+0000] {logging_mixin.py:150} INFO - [2023-10-17T00:11:56.624+0000] {dagbag.py:541} INFO - Filling up the DagBag from /opt/airflow/dags/web_scrapping_playwrigth.py
[2023-10-17T00:11:56.637+0000] {processor.py:836} INFO - DAG(s) dict_keys(['web_scraping_playwright_dag']) retrieved from /opt/airflow/dags/web_scrapping_playwrigth.py
[2023-10-17T00:11:56.674+0000] {logging_mixin.py:150} INFO - [2023-10-17T00:11:56.674+0000] {dag.py:2742} INFO - Sync 1 DAGs
[2023-10-17T00:11:56.706+0000] {logging_mixin.py:150} INFO - [2023-10-17T00:11:56.706+0000] {dag.py:3504} INFO - Setting next_dagrun for web_scraping_playwright_dag to 2023-09-26T00:00:00+00:00, run_after=2023-09-27T00:00:00+00:00
[2023-10-17T00:11:56.739+0000] {processor.py:179} INFO - Processing /opt/airflow/dags/web_scrapping_playwrigth.py took 0.130 seconds
[2023-10-17T00:12:26.898+0000] {processor.py:157} INFO - Started process (PID=4285) to work on /opt/airflow/dags/web_scrapping_playwrigth.py
[2023-10-17T00:12:26.900+0000] {processor.py:826} INFO - Processing file /opt/airflow/dags/web_scrapping_playwrigth.py for tasks to queue
[2023-10-17T00:12:26.907+0000] {logging_mixin.py:150} INFO - [2023-10-17T00:12:26.903+0000] {dagbag.py:541} INFO - Filling up the DagBag from /opt/airflow/dags/web_scrapping_playwrigth.py
[2023-10-17T00:12:26.922+0000] {processor.py:836} INFO - DAG(s) dict_keys(['web_scraping_playwright_dag']) retrieved from /opt/airflow/dags/web_scrapping_playwrigth.py
[2023-10-17T00:12:26.980+0000] {logging_mixin.py:150} INFO - [2023-10-17T00:12:26.979+0000] {dag.py:2742} INFO - Sync 1 DAGs
[2023-10-17T00:12:27.026+0000] {logging_mixin.py:150} INFO - [2023-10-17T00:12:27.026+0000] {dag.py:3504} INFO - Setting next_dagrun for web_scraping_playwright_dag to 2023-09-26T00:00:00+00:00, run_after=2023-09-27T00:00:00+00:00
[2023-10-17T00:12:27.065+0000] {processor.py:179} INFO - Processing /opt/airflow/dags/web_scrapping_playwrigth.py took 0.177 seconds
[2023-10-17T00:12:57.998+0000] {processor.py:157} INFO - Started process (PID=4306) to work on /opt/airflow/dags/web_scrapping_playwrigth.py
[2023-10-17T00:12:58.001+0000] {processor.py:826} INFO - Processing file /opt/airflow/dags/web_scrapping_playwrigth.py for tasks to queue
[2023-10-17T00:12:58.004+0000] {logging_mixin.py:150} INFO - [2023-10-17T00:12:58.002+0000] {dagbag.py:541} INFO - Filling up the DagBag from /opt/airflow/dags/web_scrapping_playwrigth.py
[2023-10-17T00:12:58.015+0000] {processor.py:836} INFO - DAG(s) dict_keys(['web_scraping_playwright_dag']) retrieved from /opt/airflow/dags/web_scrapping_playwrigth.py
[2023-10-17T00:12:58.057+0000] {logging_mixin.py:150} INFO - [2023-10-17T00:12:58.057+0000] {dag.py:2742} INFO - Sync 1 DAGs
[2023-10-17T00:12:58.092+0000] {logging_mixin.py:150} INFO - [2023-10-17T00:12:58.092+0000] {dag.py:3504} INFO - Setting next_dagrun for web_scraping_playwright_dag to 2023-09-26T00:00:00+00:00, run_after=2023-09-27T00:00:00+00:00
[2023-10-17T00:12:58.121+0000] {processor.py:179} INFO - Processing /opt/airflow/dags/web_scrapping_playwrigth.py took 0.127 seconds
[2023-10-17T00:13:28.313+0000] {processor.py:157} INFO - Started process (PID=4327) to work on /opt/airflow/dags/web_scrapping_playwrigth.py
[2023-10-17T00:13:28.322+0000] {processor.py:826} INFO - Processing file /opt/airflow/dags/web_scrapping_playwrigth.py for tasks to queue
[2023-10-17T00:13:28.325+0000] {logging_mixin.py:150} INFO - [2023-10-17T00:13:28.324+0000] {dagbag.py:541} INFO - Filling up the DagBag from /opt/airflow/dags/web_scrapping_playwrigth.py
[2023-10-17T00:13:28.334+0000] {processor.py:836} INFO - DAG(s) dict_keys(['web_scraping_playwright_dag']) retrieved from /opt/airflow/dags/web_scrapping_playwrigth.py
[2023-10-17T00:13:28.395+0000] {logging_mixin.py:150} INFO - [2023-10-17T00:13:28.394+0000] {dag.py:2742} INFO - Sync 1 DAGs
[2023-10-17T00:13:28.513+0000] {logging_mixin.py:150} INFO - [2023-10-17T00:13:28.512+0000] {dag.py:3504} INFO - Setting next_dagrun for web_scraping_playwright_dag to 2023-09-26T00:00:00+00:00, run_after=2023-09-27T00:00:00+00:00
[2023-10-17T00:13:28.567+0000] {processor.py:179} INFO - Processing /opt/airflow/dags/web_scrapping_playwrigth.py took 0.265 seconds
[2023-10-17T00:13:59.535+0000] {processor.py:157} INFO - Started process (PID=4348) to work on /opt/airflow/dags/web_scrapping_playwrigth.py
[2023-10-17T00:13:59.536+0000] {processor.py:826} INFO - Processing file /opt/airflow/dags/web_scrapping_playwrigth.py for tasks to queue
[2023-10-17T00:13:59.537+0000] {logging_mixin.py:150} INFO - [2023-10-17T00:13:59.537+0000] {dagbag.py:541} INFO - Filling up the DagBag from /opt/airflow/dags/web_scrapping_playwrigth.py
[2023-10-17T00:13:59.548+0000] {processor.py:836} INFO - DAG(s) dict_keys(['web_scraping_playwright_dag']) retrieved from /opt/airflow/dags/web_scrapping_playwrigth.py
[2023-10-17T00:13:59.587+0000] {logging_mixin.py:150} INFO - [2023-10-17T00:13:59.587+0000] {dag.py:2742} INFO - Sync 1 DAGs
[2023-10-17T00:13:59.628+0000] {logging_mixin.py:150} INFO - [2023-10-17T00:13:59.628+0000] {dag.py:3504} INFO - Setting next_dagrun for web_scraping_playwright_dag to 2023-09-26T00:00:00+00:00, run_after=2023-09-27T00:00:00+00:00
[2023-10-17T00:13:59.665+0000] {processor.py:179} INFO - Processing /opt/airflow/dags/web_scrapping_playwrigth.py took 0.136 seconds
[2023-10-17T00:14:29.701+0000] {processor.py:157} INFO - Started process (PID=4369) to work on /opt/airflow/dags/web_scrapping_playwrigth.py
[2023-10-17T00:14:29.705+0000] {processor.py:826} INFO - Processing file /opt/airflow/dags/web_scrapping_playwrigth.py for tasks to queue
[2023-10-17T00:14:29.708+0000] {logging_mixin.py:150} INFO - [2023-10-17T00:14:29.706+0000] {dagbag.py:541} INFO - Filling up the DagBag from /opt/airflow/dags/web_scrapping_playwrigth.py
[2023-10-17T00:14:29.720+0000] {processor.py:836} INFO - DAG(s) dict_keys(['web_scraping_playwright_dag']) retrieved from /opt/airflow/dags/web_scrapping_playwrigth.py
[2023-10-17T00:14:29.756+0000] {logging_mixin.py:150} INFO - [2023-10-17T00:14:29.755+0000] {dag.py:2742} INFO - Sync 1 DAGs
[2023-10-17T00:14:29.795+0000] {logging_mixin.py:150} INFO - [2023-10-17T00:14:29.795+0000] {dag.py:3504} INFO - Setting next_dagrun for web_scraping_playwright_dag to 2023-09-26T00:00:00+00:00, run_after=2023-09-27T00:00:00+00:00
[2023-10-17T00:14:29.829+0000] {processor.py:179} INFO - Processing /opt/airflow/dags/web_scrapping_playwrigth.py took 0.133 seconds
[2023-10-17T00:14:59.982+0000] {processor.py:157} INFO - Started process (PID=4390) to work on /opt/airflow/dags/web_scrapping_playwrigth.py
[2023-10-17T00:14:59.983+0000] {processor.py:826} INFO - Processing file /opt/airflow/dags/web_scrapping_playwrigth.py for tasks to queue
[2023-10-17T00:14:59.985+0000] {logging_mixin.py:150} INFO - [2023-10-17T00:14:59.984+0000] {dagbag.py:541} INFO - Filling up the DagBag from /opt/airflow/dags/web_scrapping_playwrigth.py
[2023-10-17T00:14:59.999+0000] {processor.py:836} INFO - DAG(s) dict_keys(['web_scraping_playwright_dag']) retrieved from /opt/airflow/dags/web_scrapping_playwrigth.py
[2023-10-17T00:15:00.056+0000] {logging_mixin.py:150} INFO - [2023-10-17T00:15:00.056+0000] {dag.py:2742} INFO - Sync 1 DAGs
[2023-10-17T00:15:00.101+0000] {logging_mixin.py:150} INFO - [2023-10-17T00:15:00.101+0000] {dag.py:3504} INFO - Setting next_dagrun for web_scraping_playwright_dag to 2023-09-26T00:00:00+00:00, run_after=2023-09-27T00:00:00+00:00
[2023-10-17T00:15:00.127+0000] {processor.py:179} INFO - Processing /opt/airflow/dags/web_scrapping_playwrigth.py took 0.156 seconds
[2023-10-17T00:15:30.648+0000] {processor.py:157} INFO - Started process (PID=4411) to work on /opt/airflow/dags/web_scrapping_playwrigth.py
[2023-10-17T00:15:30.653+0000] {processor.py:826} INFO - Processing file /opt/airflow/dags/web_scrapping_playwrigth.py for tasks to queue
[2023-10-17T00:15:30.655+0000] {logging_mixin.py:150} INFO - [2023-10-17T00:15:30.655+0000] {dagbag.py:541} INFO - Filling up the DagBag from /opt/airflow/dags/web_scrapping_playwrigth.py
[2023-10-17T00:15:30.692+0000] {processor.py:836} INFO - DAG(s) dict_keys(['web_scraping_playwright_dag']) retrieved from /opt/airflow/dags/web_scrapping_playwrigth.py
[2023-10-17T00:15:30.790+0000] {logging_mixin.py:150} INFO - [2023-10-17T00:15:30.790+0000] {dag.py:2742} INFO - Sync 1 DAGs
[2023-10-17T00:15:30.856+0000] {logging_mixin.py:150} INFO - [2023-10-17T00:15:30.855+0000] {dag.py:3504} INFO - Setting next_dagrun for web_scraping_playwright_dag to 2023-09-26T00:00:00+00:00, run_after=2023-09-27T00:00:00+00:00
[2023-10-17T00:15:30.933+0000] {processor.py:179} INFO - Processing /opt/airflow/dags/web_scrapping_playwrigth.py took 0.302 seconds
[2023-10-17T00:16:01.217+0000] {processor.py:157} INFO - Started process (PID=4432) to work on /opt/airflow/dags/web_scrapping_playwrigth.py
[2023-10-17T00:16:01.219+0000] {processor.py:826} INFO - Processing file /opt/airflow/dags/web_scrapping_playwrigth.py for tasks to queue
[2023-10-17T00:16:01.220+0000] {logging_mixin.py:150} INFO - [2023-10-17T00:16:01.220+0000] {dagbag.py:541} INFO - Filling up the DagBag from /opt/airflow/dags/web_scrapping_playwrigth.py
[2023-10-17T00:16:01.228+0000] {processor.py:836} INFO - DAG(s) dict_keys(['web_scraping_playwright_dag']) retrieved from /opt/airflow/dags/web_scrapping_playwrigth.py
[2023-10-17T00:16:01.271+0000] {logging_mixin.py:150} INFO - [2023-10-17T00:16:01.271+0000] {dag.py:2742} INFO - Sync 1 DAGs
[2023-10-17T00:16:01.310+0000] {logging_mixin.py:150} INFO - [2023-10-17T00:16:01.309+0000] {dag.py:3504} INFO - Setting next_dagrun for web_scraping_playwright_dag to 2023-09-26T00:00:00+00:00, run_after=2023-09-27T00:00:00+00:00
[2023-10-17T00:16:01.344+0000] {processor.py:179} INFO - Processing /opt/airflow/dags/web_scrapping_playwrigth.py took 0.134 seconds
[2023-10-17T00:16:31.594+0000] {processor.py:157} INFO - Started process (PID=4453) to work on /opt/airflow/dags/web_scrapping_playwrigth.py
[2023-10-17T00:16:31.596+0000] {processor.py:826} INFO - Processing file /opt/airflow/dags/web_scrapping_playwrigth.py for tasks to queue
[2023-10-17T00:16:31.598+0000] {logging_mixin.py:150} INFO - [2023-10-17T00:16:31.597+0000] {dagbag.py:541} INFO - Filling up the DagBag from /opt/airflow/dags/web_scrapping_playwrigth.py
[2023-10-17T00:16:31.609+0000] {processor.py:836} INFO - DAG(s) dict_keys(['web_scraping_playwright_dag']) retrieved from /opt/airflow/dags/web_scrapping_playwrigth.py
[2023-10-17T00:16:31.650+0000] {logging_mixin.py:150} INFO - [2023-10-17T00:16:31.649+0000] {dag.py:2742} INFO - Sync 1 DAGs
[2023-10-17T00:16:31.689+0000] {logging_mixin.py:150} INFO - [2023-10-17T00:16:31.689+0000] {dag.py:3504} INFO - Setting next_dagrun for web_scraping_playwright_dag to 2023-09-26T00:00:00+00:00, run_after=2023-09-27T00:00:00+00:00
[2023-10-17T00:16:31.723+0000] {processor.py:179} INFO - Processing /opt/airflow/dags/web_scrapping_playwrigth.py took 0.132 seconds
[2023-10-17T00:17:01.810+0000] {processor.py:157} INFO - Started process (PID=4474) to work on /opt/airflow/dags/web_scrapping_playwrigth.py
[2023-10-17T00:17:01.812+0000] {processor.py:826} INFO - Processing file /opt/airflow/dags/web_scrapping_playwrigth.py for tasks to queue
[2023-10-17T00:17:01.813+0000] {logging_mixin.py:150} INFO - [2023-10-17T00:17:01.813+0000] {dagbag.py:541} INFO - Filling up the DagBag from /opt/airflow/dags/web_scrapping_playwrigth.py
[2023-10-17T00:17:01.825+0000] {processor.py:836} INFO - DAG(s) dict_keys(['web_scraping_playwright_dag']) retrieved from /opt/airflow/dags/web_scrapping_playwrigth.py
[2023-10-17T00:17:01.863+0000] {logging_mixin.py:150} INFO - [2023-10-17T00:17:01.863+0000] {dag.py:2742} INFO - Sync 1 DAGs
[2023-10-17T00:17:01.906+0000] {logging_mixin.py:150} INFO - [2023-10-17T00:17:01.905+0000] {dag.py:3504} INFO - Setting next_dagrun for web_scraping_playwright_dag to 2023-09-26T00:00:00+00:00, run_after=2023-09-27T00:00:00+00:00
[2023-10-17T00:17:01.944+0000] {processor.py:179} INFO - Processing /opt/airflow/dags/web_scrapping_playwrigth.py took 0.140 seconds
[2023-10-17T00:17:32.112+0000] {processor.py:157} INFO - Started process (PID=4495) to work on /opt/airflow/dags/web_scrapping_playwrigth.py
[2023-10-17T00:17:32.113+0000] {processor.py:826} INFO - Processing file /opt/airflow/dags/web_scrapping_playwrigth.py for tasks to queue
[2023-10-17T00:17:32.114+0000] {logging_mixin.py:150} INFO - [2023-10-17T00:17:32.114+0000] {dagbag.py:541} INFO - Filling up the DagBag from /opt/airflow/dags/web_scrapping_playwrigth.py
[2023-10-17T00:17:32.125+0000] {processor.py:836} INFO - DAG(s) dict_keys(['web_scraping_playwright_dag']) retrieved from /opt/airflow/dags/web_scrapping_playwrigth.py
[2023-10-17T00:17:32.164+0000] {logging_mixin.py:150} INFO - [2023-10-17T00:17:32.164+0000] {dag.py:2742} INFO - Sync 1 DAGs
[2023-10-17T00:17:32.200+0000] {logging_mixin.py:150} INFO - [2023-10-17T00:17:32.199+0000] {dag.py:3504} INFO - Setting next_dagrun for web_scraping_playwright_dag to 2023-09-26T00:00:00+00:00, run_after=2023-09-27T00:00:00+00:00
[2023-10-17T00:17:32.237+0000] {processor.py:179} INFO - Processing /opt/airflow/dags/web_scrapping_playwrigth.py took 0.129 seconds
[2023-10-17T00:18:02.418+0000] {processor.py:157} INFO - Started process (PID=4517) to work on /opt/airflow/dags/web_scrapping_playwrigth.py
[2023-10-17T00:18:02.451+0000] {processor.py:826} INFO - Processing file /opt/airflow/dags/web_scrapping_playwrigth.py for tasks to queue
[2023-10-17T00:18:02.454+0000] {logging_mixin.py:150} INFO - [2023-10-17T00:18:02.453+0000] {dagbag.py:541} INFO - Filling up the DagBag from /opt/airflow/dags/web_scrapping_playwrigth.py
[2023-10-17T00:18:02.499+0000] {processor.py:836} INFO - DAG(s) dict_keys(['web_scraping_playwright_dag']) retrieved from /opt/airflow/dags/web_scrapping_playwrigth.py
[2023-10-17T00:18:02.576+0000] {logging_mixin.py:150} INFO - [2023-10-17T00:18:02.575+0000] {dag.py:2742} INFO - Sync 1 DAGs
[2023-10-17T00:18:02.615+0000] {logging_mixin.py:150} INFO - [2023-10-17T00:18:02.615+0000] {dag.py:3504} INFO - Setting next_dagrun for web_scraping_playwright_dag to 2023-09-26T00:00:00+00:00, run_after=2023-09-27T00:00:00+00:00
[2023-10-17T00:18:02.680+0000] {processor.py:179} INFO - Processing /opt/airflow/dags/web_scrapping_playwrigth.py took 0.280 seconds
[2023-10-17T00:18:32.766+0000] {processor.py:157} INFO - Started process (PID=4539) to work on /opt/airflow/dags/web_scrapping_playwrigth.py
[2023-10-17T00:18:32.768+0000] {processor.py:826} INFO - Processing file /opt/airflow/dags/web_scrapping_playwrigth.py for tasks to queue
[2023-10-17T00:18:32.769+0000] {logging_mixin.py:150} INFO - [2023-10-17T00:18:32.769+0000] {dagbag.py:541} INFO - Filling up the DagBag from /opt/airflow/dags/web_scrapping_playwrigth.py
[2023-10-17T00:18:32.782+0000] {processor.py:836} INFO - DAG(s) dict_keys(['web_scraping_playwright_dag']) retrieved from /opt/airflow/dags/web_scrapping_playwrigth.py
[2023-10-17T00:18:32.823+0000] {logging_mixin.py:150} INFO - [2023-10-17T00:18:32.822+0000] {dag.py:2742} INFO - Sync 1 DAGs
[2023-10-17T00:18:32.864+0000] {logging_mixin.py:150} INFO - [2023-10-17T00:18:32.864+0000] {dag.py:3504} INFO - Setting next_dagrun for web_scraping_playwright_dag to 2023-09-26T00:00:00+00:00, run_after=2023-09-27T00:00:00+00:00
[2023-10-17T00:18:32.898+0000] {processor.py:179} INFO - Processing /opt/airflow/dags/web_scrapping_playwrigth.py took 0.135 seconds
[2023-10-17T00:19:03.001+0000] {processor.py:157} INFO - Started process (PID=4561) to work on /opt/airflow/dags/web_scrapping_playwrigth.py
[2023-10-17T00:19:03.002+0000] {processor.py:826} INFO - Processing file /opt/airflow/dags/web_scrapping_playwrigth.py for tasks to queue
[2023-10-17T00:19:03.003+0000] {logging_mixin.py:150} INFO - [2023-10-17T00:19:03.003+0000] {dagbag.py:541} INFO - Filling up the DagBag from /opt/airflow/dags/web_scrapping_playwrigth.py
[2023-10-17T00:19:03.017+0000] {processor.py:836} INFO - DAG(s) dict_keys(['web_scraping_playwright_dag']) retrieved from /opt/airflow/dags/web_scrapping_playwrigth.py
[2023-10-17T00:19:03.050+0000] {logging_mixin.py:150} INFO - [2023-10-17T00:19:03.049+0000] {dag.py:2742} INFO - Sync 1 DAGs
[2023-10-17T00:19:03.084+0000] {logging_mixin.py:150} INFO - [2023-10-17T00:19:03.083+0000] {dag.py:3504} INFO - Setting next_dagrun for web_scraping_playwright_dag to 2023-09-26T00:00:00+00:00, run_after=2023-09-27T00:00:00+00:00
[2023-10-17T00:19:03.114+0000] {processor.py:179} INFO - Processing /opt/airflow/dags/web_scrapping_playwrigth.py took 0.117 seconds
[2023-10-17T00:19:33.256+0000] {processor.py:157} INFO - Started process (PID=4582) to work on /opt/airflow/dags/web_scrapping_playwrigth.py
[2023-10-17T00:19:33.261+0000] {processor.py:826} INFO - Processing file /opt/airflow/dags/web_scrapping_playwrigth.py for tasks to queue
[2023-10-17T00:19:33.263+0000] {logging_mixin.py:150} INFO - [2023-10-17T00:19:33.262+0000] {dagbag.py:541} INFO - Filling up the DagBag from /opt/airflow/dags/web_scrapping_playwrigth.py
[2023-10-17T00:19:33.277+0000] {processor.py:836} INFO - DAG(s) dict_keys(['web_scraping_playwright_dag']) retrieved from /opt/airflow/dags/web_scrapping_playwrigth.py
[2023-10-17T00:19:33.317+0000] {logging_mixin.py:150} INFO - [2023-10-17T00:19:33.316+0000] {dag.py:2742} INFO - Sync 1 DAGs
[2023-10-17T00:19:33.358+0000] {logging_mixin.py:150} INFO - [2023-10-17T00:19:33.357+0000] {dag.py:3504} INFO - Setting next_dagrun for web_scraping_playwright_dag to 2023-09-26T00:00:00+00:00, run_after=2023-09-27T00:00:00+00:00
[2023-10-17T00:19:33.389+0000] {processor.py:179} INFO - Processing /opt/airflow/dags/web_scrapping_playwrigth.py took 0.138 seconds
[2023-10-17T00:20:03.439+0000] {processor.py:157} INFO - Started process (PID=4603) to work on /opt/airflow/dags/web_scrapping_playwrigth.py
[2023-10-17T00:20:03.441+0000] {processor.py:826} INFO - Processing file /opt/airflow/dags/web_scrapping_playwrigth.py for tasks to queue
[2023-10-17T00:20:03.442+0000] {logging_mixin.py:150} INFO - [2023-10-17T00:20:03.441+0000] {dagbag.py:541} INFO - Filling up the DagBag from /opt/airflow/dags/web_scrapping_playwrigth.py
[2023-10-17T00:20:03.452+0000] {processor.py:836} INFO - DAG(s) dict_keys(['web_scraping_playwright_dag']) retrieved from /opt/airflow/dags/web_scrapping_playwrigth.py
[2023-10-17T00:20:03.486+0000] {logging_mixin.py:150} INFO - [2023-10-17T00:20:03.486+0000] {dag.py:2742} INFO - Sync 1 DAGs
[2023-10-17T00:20:03.517+0000] {logging_mixin.py:150} INFO - [2023-10-17T00:20:03.517+0000] {dag.py:3504} INFO - Setting next_dagrun for web_scraping_playwright_dag to 2023-09-26T00:00:00+00:00, run_after=2023-09-27T00:00:00+00:00
[2023-10-17T00:20:03.549+0000] {processor.py:179} INFO - Processing /opt/airflow/dags/web_scrapping_playwrigth.py took 0.113 seconds
[2023-10-17T00:20:33.622+0000] {processor.py:157} INFO - Started process (PID=4624) to work on /opt/airflow/dags/web_scrapping_playwrigth.py
[2023-10-17T00:20:33.625+0000] {processor.py:826} INFO - Processing file /opt/airflow/dags/web_scrapping_playwrigth.py for tasks to queue
[2023-10-17T00:20:33.626+0000] {logging_mixin.py:150} INFO - [2023-10-17T00:20:33.625+0000] {dagbag.py:541} INFO - Filling up the DagBag from /opt/airflow/dags/web_scrapping_playwrigth.py
[2023-10-17T00:20:33.637+0000] {processor.py:836} INFO - DAG(s) dict_keys(['web_scraping_playwright_dag']) retrieved from /opt/airflow/dags/web_scrapping_playwrigth.py
[2023-10-17T00:20:33.668+0000] {logging_mixin.py:150} INFO - [2023-10-17T00:20:33.668+0000] {dag.py:2742} INFO - Sync 1 DAGs
[2023-10-17T00:20:33.697+0000] {logging_mixin.py:150} INFO - [2023-10-17T00:20:33.696+0000] {dag.py:3504} INFO - Setting next_dagrun for web_scraping_playwright_dag to 2023-09-26T00:00:00+00:00, run_after=2023-09-27T00:00:00+00:00
[2023-10-17T00:20:33.727+0000] {processor.py:179} INFO - Processing /opt/airflow/dags/web_scrapping_playwrigth.py took 0.108 seconds
[2023-10-17T00:21:03.853+0000] {processor.py:157} INFO - Started process (PID=4642) to work on /opt/airflow/dags/web_scrapping_playwrigth.py
[2023-10-17T00:21:03.855+0000] {processor.py:826} INFO - Processing file /opt/airflow/dags/web_scrapping_playwrigth.py for tasks to queue
[2023-10-17T00:21:03.856+0000] {logging_mixin.py:150} INFO - [2023-10-17T00:21:03.856+0000] {dagbag.py:541} INFO - Filling up the DagBag from /opt/airflow/dags/web_scrapping_playwrigth.py
[2023-10-17T00:21:03.867+0000] {processor.py:836} INFO - DAG(s) dict_keys(['web_scraping_playwright_dag']) retrieved from /opt/airflow/dags/web_scrapping_playwrigth.py
[2023-10-17T00:21:03.934+0000] {logging_mixin.py:150} INFO - [2023-10-17T00:21:03.933+0000] {dag.py:2742} INFO - Sync 1 DAGs
[2023-10-17T00:21:03.976+0000] {logging_mixin.py:150} INFO - [2023-10-17T00:21:03.976+0000] {dag.py:3504} INFO - Setting next_dagrun for web_scraping_playwright_dag to 2023-09-26T00:00:00+00:00, run_after=2023-09-27T00:00:00+00:00
[2023-10-17T00:21:04.006+0000] {processor.py:179} INFO - Processing /opt/airflow/dags/web_scrapping_playwrigth.py took 0.160 seconds
[2023-10-17T00:21:34.135+0000] {processor.py:157} INFO - Started process (PID=4663) to work on /opt/airflow/dags/web_scrapping_playwrigth.py
[2023-10-17T00:21:34.137+0000] {processor.py:826} INFO - Processing file /opt/airflow/dags/web_scrapping_playwrigth.py for tasks to queue
[2023-10-17T00:21:34.139+0000] {logging_mixin.py:150} INFO - [2023-10-17T00:21:34.139+0000] {dagbag.py:541} INFO - Filling up the DagBag from /opt/airflow/dags/web_scrapping_playwrigth.py
[2023-10-17T00:21:34.153+0000] {processor.py:836} INFO - DAG(s) dict_keys(['web_scraping_playwright_dag']) retrieved from /opt/airflow/dags/web_scrapping_playwrigth.py
[2023-10-17T00:21:34.205+0000] {logging_mixin.py:150} INFO - [2023-10-17T00:21:34.205+0000] {dag.py:2742} INFO - Sync 1 DAGs
[2023-10-17T00:21:34.269+0000] {logging_mixin.py:150} INFO - [2023-10-17T00:21:34.269+0000] {dag.py:3504} INFO - Setting next_dagrun for web_scraping_playwright_dag to 2023-09-26T00:00:00+00:00, run_after=2023-09-27T00:00:00+00:00
[2023-10-17T00:21:34.302+0000] {processor.py:179} INFO - Processing /opt/airflow/dags/web_scrapping_playwrigth.py took 0.177 seconds
[2023-10-17T00:22:04.412+0000] {processor.py:157} INFO - Started process (PID=4684) to work on /opt/airflow/dags/web_scrapping_playwrigth.py
[2023-10-17T00:22:04.418+0000] {processor.py:826} INFO - Processing file /opt/airflow/dags/web_scrapping_playwrigth.py for tasks to queue
[2023-10-17T00:22:04.420+0000] {logging_mixin.py:150} INFO - [2023-10-17T00:22:04.420+0000] {dagbag.py:541} INFO - Filling up the DagBag from /opt/airflow/dags/web_scrapping_playwrigth.py
[2023-10-17T00:22:04.429+0000] {processor.py:836} INFO - DAG(s) dict_keys(['web_scraping_playwright_dag']) retrieved from /opt/airflow/dags/web_scrapping_playwrigth.py
[2023-10-17T00:22:04.466+0000] {logging_mixin.py:150} INFO - [2023-10-17T00:22:04.466+0000] {dag.py:2742} INFO - Sync 1 DAGs
[2023-10-17T00:22:04.507+0000] {logging_mixin.py:150} INFO - [2023-10-17T00:22:04.507+0000] {dag.py:3504} INFO - Setting next_dagrun for web_scraping_playwright_dag to 2023-09-26T00:00:00+00:00, run_after=2023-09-27T00:00:00+00:00
[2023-10-17T00:22:04.543+0000] {processor.py:179} INFO - Processing /opt/airflow/dags/web_scrapping_playwrigth.py took 0.136 seconds
[2023-10-17T00:22:34.591+0000] {processor.py:157} INFO - Started process (PID=4705) to work on /opt/airflow/dags/web_scrapping_playwrigth.py
[2023-10-17T00:22:34.596+0000] {processor.py:826} INFO - Processing file /opt/airflow/dags/web_scrapping_playwrigth.py for tasks to queue
[2023-10-17T00:22:34.597+0000] {logging_mixin.py:150} INFO - [2023-10-17T00:22:34.597+0000] {dagbag.py:541} INFO - Filling up the DagBag from /opt/airflow/dags/web_scrapping_playwrigth.py
[2023-10-17T00:22:34.607+0000] {processor.py:836} INFO - DAG(s) dict_keys(['web_scraping_playwright_dag']) retrieved from /opt/airflow/dags/web_scrapping_playwrigth.py
[2023-10-17T00:22:34.645+0000] {logging_mixin.py:150} INFO - [2023-10-17T00:22:34.645+0000] {dag.py:2742} INFO - Sync 1 DAGs
[2023-10-17T00:22:34.676+0000] {logging_mixin.py:150} INFO - [2023-10-17T00:22:34.675+0000] {dag.py:3504} INFO - Setting next_dagrun for web_scraping_playwright_dag to 2023-09-26T00:00:00+00:00, run_after=2023-09-27T00:00:00+00:00
[2023-10-17T00:22:34.716+0000] {processor.py:179} INFO - Processing /opt/airflow/dags/web_scrapping_playwrigth.py took 0.131 seconds
[2023-10-17T00:23:04.895+0000] {processor.py:157} INFO - Started process (PID=4726) to work on /opt/airflow/dags/web_scrapping_playwrigth.py
[2023-10-17T00:23:04.900+0000] {processor.py:826} INFO - Processing file /opt/airflow/dags/web_scrapping_playwrigth.py for tasks to queue
[2023-10-17T00:23:04.901+0000] {logging_mixin.py:150} INFO - [2023-10-17T00:23:04.900+0000] {dagbag.py:541} INFO - Filling up the DagBag from /opt/airflow/dags/web_scrapping_playwrigth.py
[2023-10-17T00:23:04.912+0000] {processor.py:836} INFO - DAG(s) dict_keys(['web_scraping_playwright_dag']) retrieved from /opt/airflow/dags/web_scrapping_playwrigth.py
[2023-10-17T00:23:04.952+0000] {logging_mixin.py:150} INFO - [2023-10-17T00:23:04.951+0000] {dag.py:2742} INFO - Sync 1 DAGs
[2023-10-17T00:23:04.985+0000] {logging_mixin.py:150} INFO - [2023-10-17T00:23:04.985+0000] {dag.py:3504} INFO - Setting next_dagrun for web_scraping_playwright_dag to 2023-09-26T00:00:00+00:00, run_after=2023-09-27T00:00:00+00:00
[2023-10-17T00:23:05.013+0000] {processor.py:179} INFO - Processing /opt/airflow/dags/web_scrapping_playwrigth.py took 0.130 seconds
[2023-10-17T00:23:35.087+0000] {processor.py:157} INFO - Started process (PID=4747) to work on /opt/airflow/dags/web_scrapping_playwrigth.py
[2023-10-17T00:23:35.089+0000] {processor.py:826} INFO - Processing file /opt/airflow/dags/web_scrapping_playwrigth.py for tasks to queue
[2023-10-17T00:23:35.091+0000] {logging_mixin.py:150} INFO - [2023-10-17T00:23:35.090+0000] {dagbag.py:541} INFO - Filling up the DagBag from /opt/airflow/dags/web_scrapping_playwrigth.py
[2023-10-17T00:23:35.100+0000] {processor.py:836} INFO - DAG(s) dict_keys(['web_scraping_playwright_dag']) retrieved from /opt/airflow/dags/web_scrapping_playwrigth.py
[2023-10-17T00:23:35.135+0000] {logging_mixin.py:150} INFO - [2023-10-17T00:23:35.134+0000] {dag.py:2742} INFO - Sync 1 DAGs
[2023-10-17T00:23:35.179+0000] {logging_mixin.py:150} INFO - [2023-10-17T00:23:35.179+0000] {dag.py:3504} INFO - Setting next_dagrun for web_scraping_playwright_dag to 2023-09-26T00:00:00+00:00, run_after=2023-09-27T00:00:00+00:00
[2023-10-17T00:23:35.211+0000] {processor.py:179} INFO - Processing /opt/airflow/dags/web_scrapping_playwrigth.py took 0.127 seconds
[2023-10-17T00:24:05.264+0000] {processor.py:157} INFO - Started process (PID=4768) to work on /opt/airflow/dags/web_scrapping_playwrigth.py
[2023-10-17T00:24:05.266+0000] {processor.py:826} INFO - Processing file /opt/airflow/dags/web_scrapping_playwrigth.py for tasks to queue
[2023-10-17T00:24:05.267+0000] {logging_mixin.py:150} INFO - [2023-10-17T00:24:05.267+0000] {dagbag.py:541} INFO - Filling up the DagBag from /opt/airflow/dags/web_scrapping_playwrigth.py
[2023-10-17T00:24:05.280+0000] {processor.py:836} INFO - DAG(s) dict_keys(['web_scraping_playwright_dag']) retrieved from /opt/airflow/dags/web_scrapping_playwrigth.py
[2023-10-17T00:24:05.321+0000] {logging_mixin.py:150} INFO - [2023-10-17T00:24:05.321+0000] {dag.py:2742} INFO - Sync 1 DAGs
[2023-10-17T00:24:05.361+0000] {logging_mixin.py:150} INFO - [2023-10-17T00:24:05.359+0000] {dag.py:3504} INFO - Setting next_dagrun for web_scraping_playwright_dag to 2023-09-26T00:00:00+00:00, run_after=2023-09-27T00:00:00+00:00
[2023-10-17T00:24:05.392+0000] {processor.py:179} INFO - Processing /opt/airflow/dags/web_scrapping_playwrigth.py took 0.132 seconds
[2023-10-17T00:24:36.257+0000] {processor.py:157} INFO - Started process (PID=4786) to work on /opt/airflow/dags/web_scrapping_playwrigth.py
[2023-10-17T00:24:36.263+0000] {processor.py:826} INFO - Processing file /opt/airflow/dags/web_scrapping_playwrigth.py for tasks to queue
[2023-10-17T00:24:36.264+0000] {logging_mixin.py:150} INFO - [2023-10-17T00:24:36.264+0000] {dagbag.py:541} INFO - Filling up the DagBag from /opt/airflow/dags/web_scrapping_playwrigth.py
[2023-10-17T00:24:36.284+0000] {processor.py:836} INFO - DAG(s) dict_keys(['web_scraping_playwright_dag']) retrieved from /opt/airflow/dags/web_scrapping_playwrigth.py
[2023-10-17T00:24:36.377+0000] {logging_mixin.py:150} INFO - [2023-10-17T00:24:36.376+0000] {dag.py:2742} INFO - Sync 1 DAGs
[2023-10-17T00:24:36.476+0000] {logging_mixin.py:150} INFO - [2023-10-17T00:24:36.475+0000] {dag.py:3504} INFO - Setting next_dagrun for web_scraping_playwright_dag to 2023-09-26T00:00:00+00:00, run_after=2023-09-27T00:00:00+00:00
[2023-10-17T00:24:36.546+0000] {processor.py:179} INFO - Processing /opt/airflow/dags/web_scrapping_playwrigth.py took 0.296 seconds
