[2023-10-17T00:00:15.400+0000] {processor.py:157} INFO - Started process (PID=3762) to work on /opt/airflow/dags/xcom_dag.py
[2023-10-17T00:00:15.402+0000] {processor.py:826} INFO - Processing file /opt/airflow/dags/xcom_dag.py for tasks to queue
[2023-10-17T00:00:15.404+0000] {logging_mixin.py:150} INFO - [2023-10-17T00:00:15.403+0000] {dagbag.py:541} INFO - Filling up the DagBag from /opt/airflow/dags/xcom_dag.py
[2023-10-17T00:00:15.470+0000] {processor.py:836} INFO - DAG(s) dict_keys(['xcom_dag']) retrieved from /opt/airflow/dags/xcom_dag.py
[2023-10-17T00:00:15.586+0000] {logging_mixin.py:150} INFO - [2023-10-17T00:00:15.586+0000] {dag.py:2742} INFO - Sync 1 DAGs
[2023-10-17T00:00:15.682+0000] {logging_mixin.py:150} INFO - [2023-10-17T00:00:15.681+0000] {dag.py:3504} INFO - Setting next_dagrun for xcom_dag to 2023-10-17T00:00:00+00:00, run_after=2023-10-18T00:00:00+00:00
[2023-10-17T00:00:15.755+0000] {processor.py:179} INFO - Processing /opt/airflow/dags/xcom_dag.py took 0.372 seconds
[2023-10-17T00:00:46.188+0000] {processor.py:157} INFO - Started process (PID=3797) to work on /opt/airflow/dags/xcom_dag.py
[2023-10-17T00:00:46.190+0000] {processor.py:826} INFO - Processing file /opt/airflow/dags/xcom_dag.py for tasks to queue
[2023-10-17T00:00:46.191+0000] {logging_mixin.py:150} INFO - [2023-10-17T00:00:46.190+0000] {dagbag.py:541} INFO - Filling up the DagBag from /opt/airflow/dags/xcom_dag.py
[2023-10-17T00:00:46.209+0000] {processor.py:836} INFO - DAG(s) dict_keys(['xcom_dag']) retrieved from /opt/airflow/dags/xcom_dag.py
[2023-10-17T00:00:46.256+0000] {logging_mixin.py:150} INFO - [2023-10-17T00:00:46.256+0000] {dag.py:2742} INFO - Sync 1 DAGs
[2023-10-17T00:00:46.294+0000] {logging_mixin.py:150} INFO - [2023-10-17T00:00:46.294+0000] {dag.py:3504} INFO - Setting next_dagrun for xcom_dag to 2023-10-17T00:00:00+00:00, run_after=2023-10-18T00:00:00+00:00
[2023-10-17T00:00:46.321+0000] {processor.py:179} INFO - Processing /opt/airflow/dags/xcom_dag.py took 0.138 seconds
[2023-10-17T00:01:16.421+0000] {processor.py:157} INFO - Started process (PID=3818) to work on /opt/airflow/dags/xcom_dag.py
[2023-10-17T00:01:16.422+0000] {processor.py:826} INFO - Processing file /opt/airflow/dags/xcom_dag.py for tasks to queue
[2023-10-17T00:01:16.423+0000] {logging_mixin.py:150} INFO - [2023-10-17T00:01:16.423+0000] {dagbag.py:541} INFO - Filling up the DagBag from /opt/airflow/dags/xcom_dag.py
[2023-10-17T00:01:16.438+0000] {processor.py:836} INFO - DAG(s) dict_keys(['xcom_dag']) retrieved from /opt/airflow/dags/xcom_dag.py
[2023-10-17T00:01:16.484+0000] {logging_mixin.py:150} INFO - [2023-10-17T00:01:16.483+0000] {dag.py:2742} INFO - Sync 1 DAGs
[2023-10-17T00:01:16.525+0000] {logging_mixin.py:150} INFO - [2023-10-17T00:01:16.525+0000] {dag.py:3504} INFO - Setting next_dagrun for xcom_dag to 2023-10-17T00:00:00+00:00, run_after=2023-10-18T00:00:00+00:00
[2023-10-17T00:01:16.560+0000] {processor.py:179} INFO - Processing /opt/airflow/dags/xcom_dag.py took 0.149 seconds
[2023-10-17T00:01:46.709+0000] {processor.py:157} INFO - Started process (PID=3844) to work on /opt/airflow/dags/xcom_dag.py
[2023-10-17T00:01:46.710+0000] {processor.py:826} INFO - Processing file /opt/airflow/dags/xcom_dag.py for tasks to queue
[2023-10-17T00:01:46.711+0000] {logging_mixin.py:150} INFO - [2023-10-17T00:01:46.710+0000] {dagbag.py:541} INFO - Filling up the DagBag from /opt/airflow/dags/xcom_dag.py
[2023-10-17T00:01:46.728+0000] {processor.py:836} INFO - DAG(s) dict_keys(['xcom_dag']) retrieved from /opt/airflow/dags/xcom_dag.py
[2023-10-17T00:01:46.769+0000] {logging_mixin.py:150} INFO - [2023-10-17T00:01:46.769+0000] {dag.py:2742} INFO - Sync 1 DAGs
[2023-10-17T00:01:46.806+0000] {logging_mixin.py:150} INFO - [2023-10-17T00:01:46.805+0000] {dag.py:3504} INFO - Setting next_dagrun for xcom_dag to 2023-10-17T00:00:00+00:00, run_after=2023-10-18T00:00:00+00:00
[2023-10-17T00:01:46.835+0000] {processor.py:179} INFO - Processing /opt/airflow/dags/xcom_dag.py took 0.133 seconds
[2023-10-17T00:02:16.919+0000] {processor.py:157} INFO - Started process (PID=3865) to work on /opt/airflow/dags/xcom_dag.py
[2023-10-17T00:02:16.922+0000] {processor.py:826} INFO - Processing file /opt/airflow/dags/xcom_dag.py for tasks to queue
[2023-10-17T00:02:16.924+0000] {logging_mixin.py:150} INFO - [2023-10-17T00:02:16.924+0000] {dagbag.py:541} INFO - Filling up the DagBag from /opt/airflow/dags/xcom_dag.py
[2023-10-17T00:02:16.967+0000] {processor.py:836} INFO - DAG(s) dict_keys(['xcom_dag']) retrieved from /opt/airflow/dags/xcom_dag.py
[2023-10-17T00:02:17.013+0000] {logging_mixin.py:150} INFO - [2023-10-17T00:02:17.013+0000] {dag.py:2742} INFO - Sync 1 DAGs
[2023-10-17T00:02:17.058+0000] {logging_mixin.py:150} INFO - [2023-10-17T00:02:17.057+0000] {dag.py:3504} INFO - Setting next_dagrun for xcom_dag to 2023-10-17T00:00:00+00:00, run_after=2023-10-18T00:00:00+00:00
[2023-10-17T00:02:17.087+0000] {processor.py:179} INFO - Processing /opt/airflow/dags/xcom_dag.py took 0.181 seconds
[2023-10-17T00:02:47.520+0000] {processor.py:157} INFO - Started process (PID=3886) to work on /opt/airflow/dags/xcom_dag.py
[2023-10-17T00:02:47.522+0000] {processor.py:826} INFO - Processing file /opt/airflow/dags/xcom_dag.py for tasks to queue
[2023-10-17T00:02:47.525+0000] {logging_mixin.py:150} INFO - [2023-10-17T00:02:47.524+0000] {dagbag.py:541} INFO - Filling up the DagBag from /opt/airflow/dags/xcom_dag.py
[2023-10-17T00:02:47.588+0000] {processor.py:836} INFO - DAG(s) dict_keys(['xcom_dag']) retrieved from /opt/airflow/dags/xcom_dag.py
[2023-10-17T00:02:47.766+0000] {logging_mixin.py:150} INFO - [2023-10-17T00:02:47.765+0000] {dag.py:2742} INFO - Sync 1 DAGs
[2023-10-17T00:02:48.003+0000] {logging_mixin.py:150} INFO - [2023-10-17T00:02:48.002+0000] {dag.py:3504} INFO - Setting next_dagrun for xcom_dag to 2023-10-17T00:00:00+00:00, run_after=2023-10-18T00:00:00+00:00
[2023-10-17T00:02:48.169+0000] {processor.py:179} INFO - Processing /opt/airflow/dags/xcom_dag.py took 0.663 seconds
[2023-10-17T00:03:18.416+0000] {processor.py:157} INFO - Started process (PID=3909) to work on /opt/airflow/dags/xcom_dag.py
[2023-10-17T00:03:18.417+0000] {processor.py:826} INFO - Processing file /opt/airflow/dags/xcom_dag.py for tasks to queue
[2023-10-17T00:03:18.419+0000] {logging_mixin.py:150} INFO - [2023-10-17T00:03:18.418+0000] {dagbag.py:541} INFO - Filling up the DagBag from /opt/airflow/dags/xcom_dag.py
[2023-10-17T00:03:18.432+0000] {processor.py:836} INFO - DAG(s) dict_keys(['xcom_dag']) retrieved from /opt/airflow/dags/xcom_dag.py
[2023-10-17T00:03:18.479+0000] {logging_mixin.py:150} INFO - [2023-10-17T00:03:18.479+0000] {dag.py:2742} INFO - Sync 1 DAGs
[2023-10-17T00:03:18.514+0000] {logging_mixin.py:150} INFO - [2023-10-17T00:03:18.514+0000] {dag.py:3504} INFO - Setting next_dagrun for xcom_dag to 2023-10-17T00:00:00+00:00, run_after=2023-10-18T00:00:00+00:00
[2023-10-17T00:03:18.545+0000] {processor.py:179} INFO - Processing /opt/airflow/dags/xcom_dag.py took 0.132 seconds
[2023-10-17T00:03:49.516+0000] {processor.py:157} INFO - Started process (PID=3928) to work on /opt/airflow/dags/xcom_dag.py
[2023-10-17T00:03:49.517+0000] {processor.py:826} INFO - Processing file /opt/airflow/dags/xcom_dag.py for tasks to queue
[2023-10-17T00:03:49.518+0000] {logging_mixin.py:150} INFO - [2023-10-17T00:03:49.518+0000] {dagbag.py:541} INFO - Filling up the DagBag from /opt/airflow/dags/xcom_dag.py
[2023-10-17T00:03:49.534+0000] {processor.py:836} INFO - DAG(s) dict_keys(['xcom_dag']) retrieved from /opt/airflow/dags/xcom_dag.py
[2023-10-17T00:03:49.574+0000] {logging_mixin.py:150} INFO - [2023-10-17T00:03:49.573+0000] {dag.py:2742} INFO - Sync 1 DAGs
[2023-10-17T00:03:49.606+0000] {logging_mixin.py:150} INFO - [2023-10-17T00:03:49.606+0000] {dag.py:3504} INFO - Setting next_dagrun for xcom_dag to 2023-10-17T00:00:00+00:00, run_after=2023-10-18T00:00:00+00:00
[2023-10-17T00:03:49.634+0000] {processor.py:179} INFO - Processing /opt/airflow/dags/xcom_dag.py took 0.122 seconds
[2023-10-17T00:04:19.786+0000] {processor.py:157} INFO - Started process (PID=3949) to work on /opt/airflow/dags/xcom_dag.py
[2023-10-17T00:04:19.787+0000] {processor.py:826} INFO - Processing file /opt/airflow/dags/xcom_dag.py for tasks to queue
[2023-10-17T00:04:19.796+0000] {logging_mixin.py:150} INFO - [2023-10-17T00:04:19.795+0000] {dagbag.py:541} INFO - Filling up the DagBag from /opt/airflow/dags/xcom_dag.py
[2023-10-17T00:04:19.814+0000] {processor.py:836} INFO - DAG(s) dict_keys(['xcom_dag']) retrieved from /opt/airflow/dags/xcom_dag.py
[2023-10-17T00:04:19.864+0000] {logging_mixin.py:150} INFO - [2023-10-17T00:04:19.864+0000] {dag.py:2742} INFO - Sync 1 DAGs
[2023-10-17T00:04:19.919+0000] {logging_mixin.py:150} INFO - [2023-10-17T00:04:19.918+0000] {dag.py:3504} INFO - Setting next_dagrun for xcom_dag to 2023-10-17T00:00:00+00:00, run_after=2023-10-18T00:00:00+00:00
[2023-10-17T00:04:19.970+0000] {processor.py:179} INFO - Processing /opt/airflow/dags/xcom_dag.py took 0.189 seconds
[2023-10-17T00:04:50.199+0000] {processor.py:157} INFO - Started process (PID=3970) to work on /opt/airflow/dags/xcom_dag.py
[2023-10-17T00:04:50.200+0000] {processor.py:826} INFO - Processing file /opt/airflow/dags/xcom_dag.py for tasks to queue
[2023-10-17T00:04:50.201+0000] {logging_mixin.py:150} INFO - [2023-10-17T00:04:50.201+0000] {dagbag.py:541} INFO - Filling up the DagBag from /opt/airflow/dags/xcom_dag.py
[2023-10-17T00:04:50.215+0000] {processor.py:836} INFO - DAG(s) dict_keys(['xcom_dag']) retrieved from /opt/airflow/dags/xcom_dag.py
[2023-10-17T00:04:50.252+0000] {logging_mixin.py:150} INFO - [2023-10-17T00:04:50.252+0000] {dag.py:2742} INFO - Sync 1 DAGs
[2023-10-17T00:04:50.288+0000] {logging_mixin.py:150} INFO - [2023-10-17T00:04:50.287+0000] {dag.py:3504} INFO - Setting next_dagrun for xcom_dag to 2023-10-17T00:00:00+00:00, run_after=2023-10-18T00:00:00+00:00
[2023-10-17T00:04:50.317+0000] {processor.py:179} INFO - Processing /opt/airflow/dags/xcom_dag.py took 0.124 seconds
[2023-10-17T00:05:20.562+0000] {processor.py:157} INFO - Started process (PID=3993) to work on /opt/airflow/dags/xcom_dag.py
[2023-10-17T00:05:20.564+0000] {processor.py:826} INFO - Processing file /opt/airflow/dags/xcom_dag.py for tasks to queue
[2023-10-17T00:05:20.566+0000] {logging_mixin.py:150} INFO - [2023-10-17T00:05:20.565+0000] {dagbag.py:541} INFO - Filling up the DagBag from /opt/airflow/dags/xcom_dag.py
[2023-10-17T00:05:20.583+0000] {processor.py:836} INFO - DAG(s) dict_keys(['xcom_dag']) retrieved from /opt/airflow/dags/xcom_dag.py
[2023-10-17T00:05:20.620+0000] {logging_mixin.py:150} INFO - [2023-10-17T00:05:20.619+0000] {dag.py:2742} INFO - Sync 1 DAGs
[2023-10-17T00:05:20.655+0000] {logging_mixin.py:150} INFO - [2023-10-17T00:05:20.655+0000] {dag.py:3504} INFO - Setting next_dagrun for xcom_dag to 2023-10-17T00:00:00+00:00, run_after=2023-10-18T00:00:00+00:00
[2023-10-17T00:05:20.702+0000] {processor.py:179} INFO - Processing /opt/airflow/dags/xcom_dag.py took 0.147 seconds
[2023-10-17T00:05:50.914+0000] {processor.py:157} INFO - Started process (PID=4016) to work on /opt/airflow/dags/xcom_dag.py
[2023-10-17T00:05:50.916+0000] {processor.py:826} INFO - Processing file /opt/airflow/dags/xcom_dag.py for tasks to queue
[2023-10-17T00:05:50.918+0000] {logging_mixin.py:150} INFO - [2023-10-17T00:05:50.917+0000] {dagbag.py:541} INFO - Filling up the DagBag from /opt/airflow/dags/xcom_dag.py
[2023-10-17T00:05:50.940+0000] {processor.py:836} INFO - DAG(s) dict_keys(['xcom_dag']) retrieved from /opt/airflow/dags/xcom_dag.py
[2023-10-17T00:05:50.984+0000] {logging_mixin.py:150} INFO - [2023-10-17T00:05:50.984+0000] {dag.py:2742} INFO - Sync 1 DAGs
[2023-10-17T00:05:51.019+0000] {logging_mixin.py:150} INFO - [2023-10-17T00:05:51.019+0000] {dag.py:3504} INFO - Setting next_dagrun for xcom_dag to 2023-10-17T00:00:00+00:00, run_after=2023-10-18T00:00:00+00:00
[2023-10-17T00:05:51.041+0000] {processor.py:179} INFO - Processing /opt/airflow/dags/xcom_dag.py took 0.132 seconds
[2023-10-17T00:06:21.418+0000] {processor.py:157} INFO - Started process (PID=4035) to work on /opt/airflow/dags/xcom_dag.py
[2023-10-17T00:06:21.429+0000] {processor.py:826} INFO - Processing file /opt/airflow/dags/xcom_dag.py for tasks to queue
[2023-10-17T00:06:21.433+0000] {logging_mixin.py:150} INFO - [2023-10-17T00:06:21.432+0000] {dagbag.py:541} INFO - Filling up the DagBag from /opt/airflow/dags/xcom_dag.py
[2023-10-17T00:06:21.510+0000] {processor.py:836} INFO - DAG(s) dict_keys(['xcom_dag']) retrieved from /opt/airflow/dags/xcom_dag.py
[2023-10-17T00:06:21.615+0000] {logging_mixin.py:150} INFO - [2023-10-17T00:06:21.614+0000] {dag.py:2742} INFO - Sync 1 DAGs
[2023-10-17T00:06:21.730+0000] {logging_mixin.py:150} INFO - [2023-10-17T00:06:21.728+0000] {dag.py:3504} INFO - Setting next_dagrun for xcom_dag to 2023-10-17T00:00:00+00:00, run_after=2023-10-18T00:00:00+00:00
[2023-10-17T00:06:21.908+0000] {processor.py:179} INFO - Processing /opt/airflow/dags/xcom_dag.py took 0.511 seconds
[2023-10-17T00:06:52.357+0000] {processor.py:157} INFO - Started process (PID=4055) to work on /opt/airflow/dags/xcom_dag.py
[2023-10-17T00:06:52.360+0000] {processor.py:826} INFO - Processing file /opt/airflow/dags/xcom_dag.py for tasks to queue
[2023-10-17T00:06:52.372+0000] {logging_mixin.py:150} INFO - [2023-10-17T00:06:52.361+0000] {dagbag.py:541} INFO - Filling up the DagBag from /opt/airflow/dags/xcom_dag.py
[2023-10-17T00:06:52.440+0000] {processor.py:836} INFO - DAG(s) dict_keys(['xcom_dag']) retrieved from /opt/airflow/dags/xcom_dag.py
[2023-10-17T00:06:52.599+0000] {logging_mixin.py:150} INFO - [2023-10-17T00:06:52.598+0000] {dag.py:2742} INFO - Sync 1 DAGs
[2023-10-17T00:06:52.772+0000] {logging_mixin.py:150} INFO - [2023-10-17T00:06:52.772+0000] {dag.py:3504} INFO - Setting next_dagrun for xcom_dag to 2023-10-17T00:00:00+00:00, run_after=2023-10-18T00:00:00+00:00
[2023-10-17T00:06:52.899+0000] {processor.py:179} INFO - Processing /opt/airflow/dags/xcom_dag.py took 0.601 seconds
[2023-10-17T00:07:23.732+0000] {processor.py:157} INFO - Started process (PID=4077) to work on /opt/airflow/dags/xcom_dag.py
[2023-10-17T00:07:23.744+0000] {processor.py:826} INFO - Processing file /opt/airflow/dags/xcom_dag.py for tasks to queue
[2023-10-17T00:07:23.746+0000] {logging_mixin.py:150} INFO - [2023-10-17T00:07:23.745+0000] {dagbag.py:541} INFO - Filling up the DagBag from /opt/airflow/dags/xcom_dag.py
[2023-10-17T00:07:23.782+0000] {processor.py:836} INFO - DAG(s) dict_keys(['xcom_dag']) retrieved from /opt/airflow/dags/xcom_dag.py
[2023-10-17T00:07:23.881+0000] {logging_mixin.py:150} INFO - [2023-10-17T00:07:23.881+0000] {dag.py:2742} INFO - Sync 1 DAGs
[2023-10-17T00:07:24.041+0000] {logging_mixin.py:150} INFO - [2023-10-17T00:07:24.040+0000] {dag.py:3504} INFO - Setting next_dagrun for xcom_dag to 2023-10-17T00:00:00+00:00, run_after=2023-10-18T00:00:00+00:00
[2023-10-17T00:07:24.160+0000] {processor.py:179} INFO - Processing /opt/airflow/dags/xcom_dag.py took 0.442 seconds
[2023-10-17T00:07:54.258+0000] {processor.py:157} INFO - Started process (PID=4097) to work on /opt/airflow/dags/xcom_dag.py
[2023-10-17T00:07:54.259+0000] {processor.py:826} INFO - Processing file /opt/airflow/dags/xcom_dag.py for tasks to queue
[2023-10-17T00:07:54.260+0000] {logging_mixin.py:150} INFO - [2023-10-17T00:07:54.260+0000] {dagbag.py:541} INFO - Filling up the DagBag from /opt/airflow/dags/xcom_dag.py
[2023-10-17T00:07:54.272+0000] {processor.py:836} INFO - DAG(s) dict_keys(['xcom_dag']) retrieved from /opt/airflow/dags/xcom_dag.py
[2023-10-17T00:07:54.304+0000] {logging_mixin.py:150} INFO - [2023-10-17T00:07:54.304+0000] {dag.py:2742} INFO - Sync 1 DAGs
[2023-10-17T00:07:54.332+0000] {logging_mixin.py:150} INFO - [2023-10-17T00:07:54.332+0000] {dag.py:3504} INFO - Setting next_dagrun for xcom_dag to 2023-10-17T00:00:00+00:00, run_after=2023-10-18T00:00:00+00:00
[2023-10-17T00:07:54.363+0000] {processor.py:179} INFO - Processing /opt/airflow/dags/xcom_dag.py took 0.109 seconds
[2023-10-17T00:08:25.147+0000] {processor.py:157} INFO - Started process (PID=4118) to work on /opt/airflow/dags/xcom_dag.py
[2023-10-17T00:08:25.149+0000] {processor.py:826} INFO - Processing file /opt/airflow/dags/xcom_dag.py for tasks to queue
[2023-10-17T00:08:25.150+0000] {logging_mixin.py:150} INFO - [2023-10-17T00:08:25.150+0000] {dagbag.py:541} INFO - Filling up the DagBag from /opt/airflow/dags/xcom_dag.py
[2023-10-17T00:08:25.161+0000] {processor.py:836} INFO - DAG(s) dict_keys(['xcom_dag']) retrieved from /opt/airflow/dags/xcom_dag.py
[2023-10-17T00:08:25.195+0000] {logging_mixin.py:150} INFO - [2023-10-17T00:08:25.195+0000] {dag.py:2742} INFO - Sync 1 DAGs
[2023-10-17T00:08:25.223+0000] {logging_mixin.py:150} INFO - [2023-10-17T00:08:25.222+0000] {dag.py:3504} INFO - Setting next_dagrun for xcom_dag to 2023-10-17T00:00:00+00:00, run_after=2023-10-18T00:00:00+00:00
[2023-10-17T00:08:25.249+0000] {processor.py:179} INFO - Processing /opt/airflow/dags/xcom_dag.py took 0.105 seconds
[2023-10-17T00:08:56.102+0000] {processor.py:157} INFO - Started process (PID=4139) to work on /opt/airflow/dags/xcom_dag.py
[2023-10-17T00:08:56.104+0000] {processor.py:826} INFO - Processing file /opt/airflow/dags/xcom_dag.py for tasks to queue
[2023-10-17T00:08:56.107+0000] {logging_mixin.py:150} INFO - [2023-10-17T00:08:56.106+0000] {dagbag.py:541} INFO - Filling up the DagBag from /opt/airflow/dags/xcom_dag.py
[2023-10-17T00:08:56.122+0000] {processor.py:836} INFO - DAG(s) dict_keys(['xcom_dag']) retrieved from /opt/airflow/dags/xcom_dag.py
[2023-10-17T00:08:56.167+0000] {logging_mixin.py:150} INFO - [2023-10-17T00:08:56.167+0000] {dag.py:2742} INFO - Sync 1 DAGs
[2023-10-17T00:08:56.213+0000] {logging_mixin.py:150} INFO - [2023-10-17T00:08:56.213+0000] {dag.py:3504} INFO - Setting next_dagrun for xcom_dag to 2023-10-17T00:00:00+00:00, run_after=2023-10-18T00:00:00+00:00
[2023-10-17T00:08:56.251+0000] {processor.py:179} INFO - Processing /opt/airflow/dags/xcom_dag.py took 0.154 seconds
[2023-10-17T00:09:26.412+0000] {processor.py:157} INFO - Started process (PID=4160) to work on /opt/airflow/dags/xcom_dag.py
[2023-10-17T00:09:26.413+0000] {processor.py:826} INFO - Processing file /opt/airflow/dags/xcom_dag.py for tasks to queue
[2023-10-17T00:09:26.415+0000] {logging_mixin.py:150} INFO - [2023-10-17T00:09:26.414+0000] {dagbag.py:541} INFO - Filling up the DagBag from /opt/airflow/dags/xcom_dag.py
[2023-10-17T00:09:26.432+0000] {processor.py:836} INFO - DAG(s) dict_keys(['xcom_dag']) retrieved from /opt/airflow/dags/xcom_dag.py
[2023-10-17T00:09:26.478+0000] {logging_mixin.py:150} INFO - [2023-10-17T00:09:26.477+0000] {dag.py:2742} INFO - Sync 1 DAGs
[2023-10-17T00:09:26.518+0000] {logging_mixin.py:150} INFO - [2023-10-17T00:09:26.518+0000] {dag.py:3504} INFO - Setting next_dagrun for xcom_dag to 2023-10-17T00:00:00+00:00, run_after=2023-10-18T00:00:00+00:00
[2023-10-17T00:09:26.551+0000] {processor.py:179} INFO - Processing /opt/airflow/dags/xcom_dag.py took 0.146 seconds
[2023-10-17T00:09:56.708+0000] {processor.py:157} INFO - Started process (PID=4181) to work on /opt/airflow/dags/xcom_dag.py
[2023-10-17T00:09:56.714+0000] {processor.py:826} INFO - Processing file /opt/airflow/dags/xcom_dag.py for tasks to queue
[2023-10-17T00:09:56.717+0000] {logging_mixin.py:150} INFO - [2023-10-17T00:09:56.715+0000] {dagbag.py:541} INFO - Filling up the DagBag from /opt/airflow/dags/xcom_dag.py
[2023-10-17T00:09:56.756+0000] {processor.py:836} INFO - DAG(s) dict_keys(['xcom_dag']) retrieved from /opt/airflow/dags/xcom_dag.py
[2023-10-17T00:09:56.820+0000] {logging_mixin.py:150} INFO - [2023-10-17T00:09:56.820+0000] {dag.py:2742} INFO - Sync 1 DAGs
[2023-10-17T00:09:56.865+0000] {logging_mixin.py:150} INFO - [2023-10-17T00:09:56.865+0000] {dag.py:3504} INFO - Setting next_dagrun for xcom_dag to 2023-10-17T00:00:00+00:00, run_after=2023-10-18T00:00:00+00:00
[2023-10-17T00:09:56.888+0000] {processor.py:179} INFO - Processing /opt/airflow/dags/xcom_dag.py took 0.188 seconds
[2023-10-17T00:10:26.942+0000] {processor.py:157} INFO - Started process (PID=4205) to work on /opt/airflow/dags/xcom_dag.py
[2023-10-17T00:10:26.944+0000] {processor.py:826} INFO - Processing file /opt/airflow/dags/xcom_dag.py for tasks to queue
[2023-10-17T00:10:26.948+0000] {logging_mixin.py:150} INFO - [2023-10-17T00:10:26.947+0000] {dagbag.py:541} INFO - Filling up the DagBag from /opt/airflow/dags/xcom_dag.py
[2023-10-17T00:10:26.961+0000] {processor.py:836} INFO - DAG(s) dict_keys(['xcom_dag']) retrieved from /opt/airflow/dags/xcom_dag.py
[2023-10-17T00:10:27.004+0000] {logging_mixin.py:150} INFO - [2023-10-17T00:10:27.004+0000] {dag.py:2742} INFO - Sync 1 DAGs
[2023-10-17T00:10:27.050+0000] {logging_mixin.py:150} INFO - [2023-10-17T00:10:27.050+0000] {dag.py:3504} INFO - Setting next_dagrun for xcom_dag to 2023-10-17T00:00:00+00:00, run_after=2023-10-18T00:00:00+00:00
[2023-10-17T00:10:27.090+0000] {processor.py:179} INFO - Processing /opt/airflow/dags/xcom_dag.py took 0.152 seconds
[2023-10-17T00:10:57.356+0000] {processor.py:157} INFO - Started process (PID=4224) to work on /opt/airflow/dags/xcom_dag.py
[2023-10-17T00:10:57.359+0000] {processor.py:826} INFO - Processing file /opt/airflow/dags/xcom_dag.py for tasks to queue
[2023-10-17T00:10:57.360+0000] {logging_mixin.py:150} INFO - [2023-10-17T00:10:57.360+0000] {dagbag.py:541} INFO - Filling up the DagBag from /opt/airflow/dags/xcom_dag.py
[2023-10-17T00:10:57.379+0000] {processor.py:836} INFO - DAG(s) dict_keys(['xcom_dag']) retrieved from /opt/airflow/dags/xcom_dag.py
[2023-10-17T00:10:57.447+0000] {logging_mixin.py:150} INFO - [2023-10-17T00:10:57.446+0000] {dag.py:2742} INFO - Sync 1 DAGs
[2023-10-17T00:10:57.525+0000] {logging_mixin.py:150} INFO - [2023-10-17T00:10:57.525+0000] {dag.py:3504} INFO - Setting next_dagrun for xcom_dag to 2023-10-17T00:00:00+00:00, run_after=2023-10-18T00:00:00+00:00
[2023-10-17T00:10:57.567+0000] {processor.py:179} INFO - Processing /opt/airflow/dags/xcom_dag.py took 0.223 seconds
[2023-10-17T00:11:27.661+0000] {processor.py:157} INFO - Started process (PID=4247) to work on /opt/airflow/dags/xcom_dag.py
[2023-10-17T00:11:27.665+0000] {processor.py:826} INFO - Processing file /opt/airflow/dags/xcom_dag.py for tasks to queue
[2023-10-17T00:11:27.667+0000] {logging_mixin.py:150} INFO - [2023-10-17T00:11:27.666+0000] {dagbag.py:541} INFO - Filling up the DagBag from /opt/airflow/dags/xcom_dag.py
[2023-10-17T00:11:27.679+0000] {processor.py:836} INFO - DAG(s) dict_keys(['xcom_dag']) retrieved from /opt/airflow/dags/xcom_dag.py
[2023-10-17T00:11:27.734+0000] {logging_mixin.py:150} INFO - [2023-10-17T00:11:27.733+0000] {dag.py:2742} INFO - Sync 1 DAGs
[2023-10-17T00:11:27.774+0000] {logging_mixin.py:150} INFO - [2023-10-17T00:11:27.774+0000] {dag.py:3504} INFO - Setting next_dagrun for xcom_dag to 2023-10-17T00:00:00+00:00, run_after=2023-10-18T00:00:00+00:00
[2023-10-17T00:11:27.808+0000] {processor.py:179} INFO - Processing /opt/airflow/dags/xcom_dag.py took 0.150 seconds
[2023-10-17T00:11:57.848+0000] {processor.py:157} INFO - Started process (PID=4268) to work on /opt/airflow/dags/xcom_dag.py
[2023-10-17T00:11:57.852+0000] {processor.py:826} INFO - Processing file /opt/airflow/dags/xcom_dag.py for tasks to queue
[2023-10-17T00:11:57.853+0000] {logging_mixin.py:150} INFO - [2023-10-17T00:11:57.853+0000] {dagbag.py:541} INFO - Filling up the DagBag from /opt/airflow/dags/xcom_dag.py
[2023-10-17T00:11:57.869+0000] {processor.py:836} INFO - DAG(s) dict_keys(['xcom_dag']) retrieved from /opt/airflow/dags/xcom_dag.py
[2023-10-17T00:11:57.909+0000] {logging_mixin.py:150} INFO - [2023-10-17T00:11:57.909+0000] {dag.py:2742} INFO - Sync 1 DAGs
[2023-10-17T00:11:57.948+0000] {logging_mixin.py:150} INFO - [2023-10-17T00:11:57.947+0000] {dag.py:3504} INFO - Setting next_dagrun for xcom_dag to 2023-10-17T00:00:00+00:00, run_after=2023-10-18T00:00:00+00:00
[2023-10-17T00:11:57.985+0000] {processor.py:179} INFO - Processing /opt/airflow/dags/xcom_dag.py took 0.143 seconds
[2023-10-17T00:12:28.118+0000] {processor.py:157} INFO - Started process (PID=4287) to work on /opt/airflow/dags/xcom_dag.py
[2023-10-17T00:12:28.121+0000] {processor.py:826} INFO - Processing file /opt/airflow/dags/xcom_dag.py for tasks to queue
[2023-10-17T00:12:28.123+0000] {logging_mixin.py:150} INFO - [2023-10-17T00:12:28.122+0000] {dagbag.py:541} INFO - Filling up the DagBag from /opt/airflow/dags/xcom_dag.py
[2023-10-17T00:12:28.144+0000] {processor.py:836} INFO - DAG(s) dict_keys(['xcom_dag']) retrieved from /opt/airflow/dags/xcom_dag.py
[2023-10-17T00:12:28.191+0000] {logging_mixin.py:150} INFO - [2023-10-17T00:12:28.191+0000] {dag.py:2742} INFO - Sync 1 DAGs
[2023-10-17T00:12:28.227+0000] {logging_mixin.py:150} INFO - [2023-10-17T00:12:28.227+0000] {dag.py:3504} INFO - Setting next_dagrun for xcom_dag to 2023-10-17T00:00:00+00:00, run_after=2023-10-18T00:00:00+00:00
[2023-10-17T00:12:28.255+0000] {processor.py:179} INFO - Processing /opt/airflow/dags/xcom_dag.py took 0.142 seconds
[2023-10-17T00:12:59.157+0000] {processor.py:157} INFO - Started process (PID=4308) to work on /opt/airflow/dags/xcom_dag.py
[2023-10-17T00:12:59.159+0000] {processor.py:826} INFO - Processing file /opt/airflow/dags/xcom_dag.py for tasks to queue
[2023-10-17T00:12:59.161+0000] {logging_mixin.py:150} INFO - [2023-10-17T00:12:59.161+0000] {dagbag.py:541} INFO - Filling up the DagBag from /opt/airflow/dags/xcom_dag.py
[2023-10-17T00:12:59.186+0000] {processor.py:836} INFO - DAG(s) dict_keys(['xcom_dag']) retrieved from /opt/airflow/dags/xcom_dag.py
[2023-10-17T00:12:59.227+0000] {logging_mixin.py:150} INFO - [2023-10-17T00:12:59.226+0000] {dag.py:2742} INFO - Sync 1 DAGs
[2023-10-17T00:12:59.281+0000] {logging_mixin.py:150} INFO - [2023-10-17T00:12:59.280+0000] {dag.py:3504} INFO - Setting next_dagrun for xcom_dag to 2023-10-17T00:00:00+00:00, run_after=2023-10-18T00:00:00+00:00
[2023-10-17T00:12:59.322+0000] {processor.py:179} INFO - Processing /opt/airflow/dags/xcom_dag.py took 0.170 seconds
[2023-10-17T00:13:29.381+0000] {processor.py:157} INFO - Started process (PID=4329) to work on /opt/airflow/dags/xcom_dag.py
[2023-10-17T00:13:29.383+0000] {processor.py:826} INFO - Processing file /opt/airflow/dags/xcom_dag.py for tasks to queue
[2023-10-17T00:13:29.384+0000] {logging_mixin.py:150} INFO - [2023-10-17T00:13:29.383+0000] {dagbag.py:541} INFO - Filling up the DagBag from /opt/airflow/dags/xcom_dag.py
[2023-10-17T00:13:29.398+0000] {processor.py:836} INFO - DAG(s) dict_keys(['xcom_dag']) retrieved from /opt/airflow/dags/xcom_dag.py
[2023-10-17T00:13:29.444+0000] {logging_mixin.py:150} INFO - [2023-10-17T00:13:29.444+0000] {dag.py:2742} INFO - Sync 1 DAGs
[2023-10-17T00:13:29.485+0000] {logging_mixin.py:150} INFO - [2023-10-17T00:13:29.485+0000] {dag.py:3504} INFO - Setting next_dagrun for xcom_dag to 2023-10-17T00:00:00+00:00, run_after=2023-10-18T00:00:00+00:00
[2023-10-17T00:13:29.549+0000] {processor.py:179} INFO - Processing /opt/airflow/dags/xcom_dag.py took 0.174 seconds
[2023-10-17T00:13:59.824+0000] {processor.py:157} INFO - Started process (PID=4352) to work on /opt/airflow/dags/xcom_dag.py
[2023-10-17T00:13:59.827+0000] {processor.py:826} INFO - Processing file /opt/airflow/dags/xcom_dag.py for tasks to queue
[2023-10-17T00:13:59.829+0000] {logging_mixin.py:150} INFO - [2023-10-17T00:13:59.828+0000] {dagbag.py:541} INFO - Filling up the DagBag from /opt/airflow/dags/xcom_dag.py
[2023-10-17T00:13:59.850+0000] {processor.py:836} INFO - DAG(s) dict_keys(['xcom_dag']) retrieved from /opt/airflow/dags/xcom_dag.py
[2023-10-17T00:13:59.894+0000] {logging_mixin.py:150} INFO - [2023-10-17T00:13:59.894+0000] {dag.py:2742} INFO - Sync 1 DAGs
[2023-10-17T00:13:59.932+0000] {logging_mixin.py:150} INFO - [2023-10-17T00:13:59.932+0000] {dag.py:3504} INFO - Setting next_dagrun for xcom_dag to 2023-10-17T00:00:00+00:00, run_after=2023-10-18T00:00:00+00:00
[2023-10-17T00:13:59.964+0000] {processor.py:179} INFO - Processing /opt/airflow/dags/xcom_dag.py took 0.146 seconds
[2023-10-17T00:14:29.992+0000] {processor.py:157} INFO - Started process (PID=4373) to work on /opt/airflow/dags/xcom_dag.py
[2023-10-17T00:14:29.994+0000] {processor.py:826} INFO - Processing file /opt/airflow/dags/xcom_dag.py for tasks to queue
[2023-10-17T00:14:29.996+0000] {logging_mixin.py:150} INFO - [2023-10-17T00:14:29.995+0000] {dagbag.py:541} INFO - Filling up the DagBag from /opt/airflow/dags/xcom_dag.py
[2023-10-17T00:14:30.010+0000] {processor.py:836} INFO - DAG(s) dict_keys(['xcom_dag']) retrieved from /opt/airflow/dags/xcom_dag.py
[2023-10-17T00:14:30.046+0000] {logging_mixin.py:150} INFO - [2023-10-17T00:14:30.046+0000] {dag.py:2742} INFO - Sync 1 DAGs
[2023-10-17T00:14:30.081+0000] {logging_mixin.py:150} INFO - [2023-10-17T00:14:30.080+0000] {dag.py:3504} INFO - Setting next_dagrun for xcom_dag to 2023-10-17T00:00:00+00:00, run_after=2023-10-18T00:00:00+00:00
[2023-10-17T00:14:30.113+0000] {processor.py:179} INFO - Processing /opt/airflow/dags/xcom_dag.py took 0.126 seconds
[2023-10-17T00:15:00.219+0000] {processor.py:157} INFO - Started process (PID=4394) to work on /opt/airflow/dags/xcom_dag.py
[2023-10-17T00:15:00.220+0000] {processor.py:826} INFO - Processing file /opt/airflow/dags/xcom_dag.py for tasks to queue
[2023-10-17T00:15:00.222+0000] {logging_mixin.py:150} INFO - [2023-10-17T00:15:00.221+0000] {dagbag.py:541} INFO - Filling up the DagBag from /opt/airflow/dags/xcom_dag.py
[2023-10-17T00:15:00.237+0000] {processor.py:836} INFO - DAG(s) dict_keys(['xcom_dag']) retrieved from /opt/airflow/dags/xcom_dag.py
[2023-10-17T00:15:00.269+0000] {logging_mixin.py:150} INFO - [2023-10-17T00:15:00.269+0000] {dag.py:2742} INFO - Sync 1 DAGs
[2023-10-17T00:15:00.325+0000] {logging_mixin.py:150} INFO - [2023-10-17T00:15:00.325+0000] {dag.py:3504} INFO - Setting next_dagrun for xcom_dag to 2023-10-17T00:00:00+00:00, run_after=2023-10-18T00:00:00+00:00
[2023-10-17T00:15:00.357+0000] {processor.py:179} INFO - Processing /opt/airflow/dags/xcom_dag.py took 0.150 seconds
[2023-10-17T00:15:30.979+0000] {processor.py:157} INFO - Started process (PID=4413) to work on /opt/airflow/dags/xcom_dag.py
[2023-10-17T00:15:30.982+0000] {processor.py:826} INFO - Processing file /opt/airflow/dags/xcom_dag.py for tasks to queue
[2023-10-17T00:15:30.984+0000] {logging_mixin.py:150} INFO - [2023-10-17T00:15:30.983+0000] {dagbag.py:541} INFO - Filling up the DagBag from /opt/airflow/dags/xcom_dag.py
[2023-10-17T00:15:31.010+0000] {processor.py:836} INFO - DAG(s) dict_keys(['xcom_dag']) retrieved from /opt/airflow/dags/xcom_dag.py
[2023-10-17T00:15:31.070+0000] {logging_mixin.py:150} INFO - [2023-10-17T00:15:31.070+0000] {dag.py:2742} INFO - Sync 1 DAGs
[2023-10-17T00:15:31.147+0000] {logging_mixin.py:150} INFO - [2023-10-17T00:15:31.146+0000] {dag.py:3504} INFO - Setting next_dagrun for xcom_dag to 2023-10-17T00:00:00+00:00, run_after=2023-10-18T00:00:00+00:00
[2023-10-17T00:15:31.200+0000] {processor.py:179} INFO - Processing /opt/airflow/dags/xcom_dag.py took 0.229 seconds
[2023-10-17T00:16:01.442+0000] {processor.py:157} INFO - Started process (PID=4436) to work on /opt/airflow/dags/xcom_dag.py
[2023-10-17T00:16:01.443+0000] {processor.py:826} INFO - Processing file /opt/airflow/dags/xcom_dag.py for tasks to queue
[2023-10-17T00:16:01.444+0000] {logging_mixin.py:150} INFO - [2023-10-17T00:16:01.444+0000] {dagbag.py:541} INFO - Filling up the DagBag from /opt/airflow/dags/xcom_dag.py
[2023-10-17T00:16:01.458+0000] {processor.py:836} INFO - DAG(s) dict_keys(['xcom_dag']) retrieved from /opt/airflow/dags/xcom_dag.py
[2023-10-17T00:16:01.493+0000] {logging_mixin.py:150} INFO - [2023-10-17T00:16:01.493+0000] {dag.py:2742} INFO - Sync 1 DAGs
[2023-10-17T00:16:01.526+0000] {logging_mixin.py:150} INFO - [2023-10-17T00:16:01.526+0000] {dag.py:3504} INFO - Setting next_dagrun for xcom_dag to 2023-10-17T00:00:00+00:00, run_after=2023-10-18T00:00:00+00:00
[2023-10-17T00:16:01.563+0000] {processor.py:179} INFO - Processing /opt/airflow/dags/xcom_dag.py took 0.125 seconds
[2023-10-17T00:16:31.758+0000] {processor.py:157} INFO - Started process (PID=4455) to work on /opt/airflow/dags/xcom_dag.py
[2023-10-17T00:16:31.759+0000] {processor.py:826} INFO - Processing file /opt/airflow/dags/xcom_dag.py for tasks to queue
[2023-10-17T00:16:31.760+0000] {logging_mixin.py:150} INFO - [2023-10-17T00:16:31.760+0000] {dagbag.py:541} INFO - Filling up the DagBag from /opt/airflow/dags/xcom_dag.py
[2023-10-17T00:16:31.777+0000] {processor.py:836} INFO - DAG(s) dict_keys(['xcom_dag']) retrieved from /opt/airflow/dags/xcom_dag.py
[2023-10-17T00:16:31.821+0000] {logging_mixin.py:150} INFO - [2023-10-17T00:16:31.820+0000] {dag.py:2742} INFO - Sync 1 DAGs
[2023-10-17T00:16:31.857+0000] {logging_mixin.py:150} INFO - [2023-10-17T00:16:31.856+0000] {dag.py:3504} INFO - Setting next_dagrun for xcom_dag to 2023-10-17T00:00:00+00:00, run_after=2023-10-18T00:00:00+00:00
[2023-10-17T00:16:31.884+0000] {processor.py:179} INFO - Processing /opt/airflow/dags/xcom_dag.py took 0.133 seconds
[2023-10-17T00:17:02.002+0000] {processor.py:157} INFO - Started process (PID=4477) to work on /opt/airflow/dags/xcom_dag.py
[2023-10-17T00:17:02.004+0000] {processor.py:826} INFO - Processing file /opt/airflow/dags/xcom_dag.py for tasks to queue
[2023-10-17T00:17:02.006+0000] {logging_mixin.py:150} INFO - [2023-10-17T00:17:02.005+0000] {dagbag.py:541} INFO - Filling up the DagBag from /opt/airflow/dags/xcom_dag.py
[2023-10-17T00:17:02.024+0000] {processor.py:836} INFO - DAG(s) dict_keys(['xcom_dag']) retrieved from /opt/airflow/dags/xcom_dag.py
[2023-10-17T00:17:02.066+0000] {logging_mixin.py:150} INFO - [2023-10-17T00:17:02.065+0000] {dag.py:2742} INFO - Sync 1 DAGs
[2023-10-17T00:17:02.108+0000] {logging_mixin.py:150} INFO - [2023-10-17T00:17:02.108+0000] {dag.py:3504} INFO - Setting next_dagrun for xcom_dag to 2023-10-17T00:00:00+00:00, run_after=2023-10-18T00:00:00+00:00
[2023-10-17T00:17:02.147+0000] {processor.py:179} INFO - Processing /opt/airflow/dags/xcom_dag.py took 0.151 seconds
[2023-10-17T00:17:32.441+0000] {processor.py:157} INFO - Started process (PID=4499) to work on /opt/airflow/dags/xcom_dag.py
[2023-10-17T00:17:32.442+0000] {processor.py:826} INFO - Processing file /opt/airflow/dags/xcom_dag.py for tasks to queue
[2023-10-17T00:17:32.444+0000] {logging_mixin.py:150} INFO - [2023-10-17T00:17:32.443+0000] {dagbag.py:541} INFO - Filling up the DagBag from /opt/airflow/dags/xcom_dag.py
[2023-10-17T00:17:32.460+0000] {processor.py:836} INFO - DAG(s) dict_keys(['xcom_dag']) retrieved from /opt/airflow/dags/xcom_dag.py
[2023-10-17T00:17:32.497+0000] {logging_mixin.py:150} INFO - [2023-10-17T00:17:32.497+0000] {dag.py:2742} INFO - Sync 1 DAGs
[2023-10-17T00:17:32.532+0000] {logging_mixin.py:150} INFO - [2023-10-17T00:17:32.531+0000] {dag.py:3504} INFO - Setting next_dagrun for xcom_dag to 2023-10-17T00:00:00+00:00, run_after=2023-10-18T00:00:00+00:00
[2023-10-17T00:17:32.566+0000] {processor.py:179} INFO - Processing /opt/airflow/dags/xcom_dag.py took 0.134 seconds
[2023-10-17T00:18:02.699+0000] {processor.py:157} INFO - Started process (PID=4519) to work on /opt/airflow/dags/xcom_dag.py
[2023-10-17T00:18:02.701+0000] {processor.py:826} INFO - Processing file /opt/airflow/dags/xcom_dag.py for tasks to queue
[2023-10-17T00:18:02.701+0000] {logging_mixin.py:150} INFO - [2023-10-17T00:18:02.701+0000] {dagbag.py:541} INFO - Filling up the DagBag from /opt/airflow/dags/xcom_dag.py
[2023-10-17T00:18:02.718+0000] {processor.py:836} INFO - DAG(s) dict_keys(['xcom_dag']) retrieved from /opt/airflow/dags/xcom_dag.py
[2023-10-17T00:18:02.763+0000] {logging_mixin.py:150} INFO - [2023-10-17T00:18:02.763+0000] {dag.py:2742} INFO - Sync 1 DAGs
[2023-10-17T00:18:02.800+0000] {logging_mixin.py:150} INFO - [2023-10-17T00:18:02.800+0000] {dag.py:3504} INFO - Setting next_dagrun for xcom_dag to 2023-10-17T00:00:00+00:00, run_after=2023-10-18T00:00:00+00:00
[2023-10-17T00:18:02.834+0000] {processor.py:179} INFO - Processing /opt/airflow/dags/xcom_dag.py took 0.139 seconds
[2023-10-17T00:18:32.925+0000] {processor.py:157} INFO - Started process (PID=4541) to work on /opt/airflow/dags/xcom_dag.py
[2023-10-17T00:18:32.926+0000] {processor.py:826} INFO - Processing file /opt/airflow/dags/xcom_dag.py for tasks to queue
[2023-10-17T00:18:32.927+0000] {logging_mixin.py:150} INFO - [2023-10-17T00:18:32.927+0000] {dagbag.py:541} INFO - Filling up the DagBag from /opt/airflow/dags/xcom_dag.py
[2023-10-17T00:18:32.943+0000] {processor.py:836} INFO - DAG(s) dict_keys(['xcom_dag']) retrieved from /opt/airflow/dags/xcom_dag.py
[2023-10-17T00:18:32.977+0000] {logging_mixin.py:150} INFO - [2023-10-17T00:18:32.977+0000] {dag.py:2742} INFO - Sync 1 DAGs
[2023-10-17T00:18:33.010+0000] {logging_mixin.py:150} INFO - [2023-10-17T00:18:33.010+0000] {dag.py:3504} INFO - Setting next_dagrun for xcom_dag to 2023-10-17T00:00:00+00:00, run_after=2023-10-18T00:00:00+00:00
[2023-10-17T00:18:33.036+0000] {processor.py:179} INFO - Processing /opt/airflow/dags/xcom_dag.py took 0.118 seconds
[2023-10-17T00:19:03.145+0000] {processor.py:157} INFO - Started process (PID=4562) to work on /opt/airflow/dags/xcom_dag.py
[2023-10-17T00:19:03.147+0000] {processor.py:826} INFO - Processing file /opt/airflow/dags/xcom_dag.py for tasks to queue
[2023-10-17T00:19:03.148+0000] {logging_mixin.py:150} INFO - [2023-10-17T00:19:03.148+0000] {dagbag.py:541} INFO - Filling up the DagBag from /opt/airflow/dags/xcom_dag.py
[2023-10-17T00:19:03.161+0000] {processor.py:836} INFO - DAG(s) dict_keys(['xcom_dag']) retrieved from /opt/airflow/dags/xcom_dag.py
[2023-10-17T00:19:03.199+0000] {logging_mixin.py:150} INFO - [2023-10-17T00:19:03.198+0000] {dag.py:2742} INFO - Sync 1 DAGs
[2023-10-17T00:19:03.233+0000] {logging_mixin.py:150} INFO - [2023-10-17T00:19:03.232+0000] {dag.py:3504} INFO - Setting next_dagrun for xcom_dag to 2023-10-17T00:00:00+00:00, run_after=2023-10-18T00:00:00+00:00
[2023-10-17T00:19:03.266+0000] {processor.py:179} INFO - Processing /opt/airflow/dags/xcom_dag.py took 0.129 seconds
[2023-10-17T00:19:33.301+0000] {processor.py:157} INFO - Started process (PID=4583) to work on /opt/airflow/dags/xcom_dag.py
[2023-10-17T00:19:33.302+0000] {processor.py:826} INFO - Processing file /opt/airflow/dags/xcom_dag.py for tasks to queue
[2023-10-17T00:19:33.303+0000] {logging_mixin.py:150} INFO - [2023-10-17T00:19:33.303+0000] {dagbag.py:541} INFO - Filling up the DagBag from /opt/airflow/dags/xcom_dag.py
[2023-10-17T00:19:33.319+0000] {processor.py:836} INFO - DAG(s) dict_keys(['xcom_dag']) retrieved from /opt/airflow/dags/xcom_dag.py
[2023-10-17T00:19:33.363+0000] {logging_mixin.py:150} INFO - [2023-10-17T00:19:33.362+0000] {dag.py:2742} INFO - Sync 1 DAGs
[2023-10-17T00:19:33.403+0000] {logging_mixin.py:150} INFO - [2023-10-17T00:19:33.403+0000] {dag.py:3504} INFO - Setting next_dagrun for xcom_dag to 2023-10-17T00:00:00+00:00, run_after=2023-10-18T00:00:00+00:00
[2023-10-17T00:19:33.433+0000] {processor.py:179} INFO - Processing /opt/airflow/dags/xcom_dag.py took 0.139 seconds
[2023-10-17T00:20:03.473+0000] {processor.py:157} INFO - Started process (PID=4604) to work on /opt/airflow/dags/xcom_dag.py
[2023-10-17T00:20:03.474+0000] {processor.py:826} INFO - Processing file /opt/airflow/dags/xcom_dag.py for tasks to queue
[2023-10-17T00:20:03.475+0000] {logging_mixin.py:150} INFO - [2023-10-17T00:20:03.475+0000] {dagbag.py:541} INFO - Filling up the DagBag from /opt/airflow/dags/xcom_dag.py
[2023-10-17T00:20:03.489+0000] {processor.py:836} INFO - DAG(s) dict_keys(['xcom_dag']) retrieved from /opt/airflow/dags/xcom_dag.py
[2023-10-17T00:20:03.525+0000] {logging_mixin.py:150} INFO - [2023-10-17T00:20:03.524+0000] {dag.py:2742} INFO - Sync 1 DAGs
[2023-10-17T00:20:03.567+0000] {logging_mixin.py:150} INFO - [2023-10-17T00:20:03.566+0000] {dag.py:3504} INFO - Setting next_dagrun for xcom_dag to 2023-10-17T00:00:00+00:00, run_after=2023-10-18T00:00:00+00:00
[2023-10-17T00:20:03.590+0000] {processor.py:179} INFO - Processing /opt/airflow/dags/xcom_dag.py took 0.120 seconds
[2023-10-17T00:20:33.653+0000] {processor.py:157} INFO - Started process (PID=4625) to work on /opt/airflow/dags/xcom_dag.py
[2023-10-17T00:20:33.654+0000] {processor.py:826} INFO - Processing file /opt/airflow/dags/xcom_dag.py for tasks to queue
[2023-10-17T00:20:33.655+0000] {logging_mixin.py:150} INFO - [2023-10-17T00:20:33.655+0000] {dagbag.py:541} INFO - Filling up the DagBag from /opt/airflow/dags/xcom_dag.py
[2023-10-17T00:20:33.669+0000] {processor.py:836} INFO - DAG(s) dict_keys(['xcom_dag']) retrieved from /opt/airflow/dags/xcom_dag.py
[2023-10-17T00:20:33.703+0000] {logging_mixin.py:150} INFO - [2023-10-17T00:20:33.703+0000] {dag.py:2742} INFO - Sync 1 DAGs
[2023-10-17T00:20:33.739+0000] {logging_mixin.py:150} INFO - [2023-10-17T00:20:33.739+0000] {dag.py:3504} INFO - Setting next_dagrun for xcom_dag to 2023-10-17T00:00:00+00:00, run_after=2023-10-18T00:00:00+00:00
[2023-10-17T00:20:33.770+0000] {processor.py:179} INFO - Processing /opt/airflow/dags/xcom_dag.py took 0.121 seconds
[2023-10-17T00:21:04.036+0000] {processor.py:157} INFO - Started process (PID=4644) to work on /opt/airflow/dags/xcom_dag.py
[2023-10-17T00:21:04.037+0000] {processor.py:826} INFO - Processing file /opt/airflow/dags/xcom_dag.py for tasks to queue
[2023-10-17T00:21:04.038+0000] {logging_mixin.py:150} INFO - [2023-10-17T00:21:04.038+0000] {dagbag.py:541} INFO - Filling up the DagBag from /opt/airflow/dags/xcom_dag.py
[2023-10-17T00:21:04.051+0000] {processor.py:836} INFO - DAG(s) dict_keys(['xcom_dag']) retrieved from /opt/airflow/dags/xcom_dag.py
[2023-10-17T00:21:04.090+0000] {logging_mixin.py:150} INFO - [2023-10-17T00:21:04.090+0000] {dag.py:2742} INFO - Sync 1 DAGs
[2023-10-17T00:21:04.124+0000] {logging_mixin.py:150} INFO - [2023-10-17T00:21:04.124+0000] {dag.py:3504} INFO - Setting next_dagrun for xcom_dag to 2023-10-17T00:00:00+00:00, run_after=2023-10-18T00:00:00+00:00
[2023-10-17T00:21:04.155+0000] {processor.py:179} INFO - Processing /opt/airflow/dags/xcom_dag.py took 0.124 seconds
[2023-10-17T00:21:34.334+0000] {processor.py:157} INFO - Started process (PID=4665) to work on /opt/airflow/dags/xcom_dag.py
[2023-10-17T00:21:34.335+0000] {processor.py:826} INFO - Processing file /opt/airflow/dags/xcom_dag.py for tasks to queue
[2023-10-17T00:21:34.336+0000] {logging_mixin.py:150} INFO - [2023-10-17T00:21:34.336+0000] {dagbag.py:541} INFO - Filling up the DagBag from /opt/airflow/dags/xcom_dag.py
[2023-10-17T00:21:34.350+0000] {processor.py:836} INFO - DAG(s) dict_keys(['xcom_dag']) retrieved from /opt/airflow/dags/xcom_dag.py
[2023-10-17T00:21:34.390+0000] {logging_mixin.py:150} INFO - [2023-10-17T00:21:34.390+0000] {dag.py:2742} INFO - Sync 1 DAGs
[2023-10-17T00:21:34.429+0000] {logging_mixin.py:150} INFO - [2023-10-17T00:21:34.429+0000] {dag.py:3504} INFO - Setting next_dagrun for xcom_dag to 2023-10-17T00:00:00+00:00, run_after=2023-10-18T00:00:00+00:00
[2023-10-17T00:21:34.476+0000] {processor.py:179} INFO - Processing /opt/airflow/dags/xcom_dag.py took 0.148 seconds
[2023-10-17T00:22:04.581+0000] {processor.py:157} INFO - Started process (PID=4686) to work on /opt/airflow/dags/xcom_dag.py
[2023-10-17T00:22:04.583+0000] {processor.py:826} INFO - Processing file /opt/airflow/dags/xcom_dag.py for tasks to queue
[2023-10-17T00:22:04.587+0000] {logging_mixin.py:150} INFO - [2023-10-17T00:22:04.585+0000] {dagbag.py:541} INFO - Filling up the DagBag from /opt/airflow/dags/xcom_dag.py
[2023-10-17T00:22:04.599+0000] {processor.py:836} INFO - DAG(s) dict_keys(['xcom_dag']) retrieved from /opt/airflow/dags/xcom_dag.py
[2023-10-17T00:22:04.633+0000] {logging_mixin.py:150} INFO - [2023-10-17T00:22:04.632+0000] {dag.py:2742} INFO - Sync 1 DAGs
[2023-10-17T00:22:04.678+0000] {logging_mixin.py:150} INFO - [2023-10-17T00:22:04.677+0000] {dag.py:3504} INFO - Setting next_dagrun for xcom_dag to 2023-10-17T00:00:00+00:00, run_after=2023-10-18T00:00:00+00:00
[2023-10-17T00:22:04.710+0000] {processor.py:179} INFO - Processing /opt/airflow/dags/xcom_dag.py took 0.135 seconds
[2023-10-17T00:22:34.748+0000] {processor.py:157} INFO - Started process (PID=4707) to work on /opt/airflow/dags/xcom_dag.py
[2023-10-17T00:22:34.750+0000] {processor.py:826} INFO - Processing file /opt/airflow/dags/xcom_dag.py for tasks to queue
[2023-10-17T00:22:34.752+0000] {logging_mixin.py:150} INFO - [2023-10-17T00:22:34.751+0000] {dagbag.py:541} INFO - Filling up the DagBag from /opt/airflow/dags/xcom_dag.py
[2023-10-17T00:22:34.767+0000] {processor.py:836} INFO - DAG(s) dict_keys(['xcom_dag']) retrieved from /opt/airflow/dags/xcom_dag.py
[2023-10-17T00:22:34.801+0000] {logging_mixin.py:150} INFO - [2023-10-17T00:22:34.801+0000] {dag.py:2742} INFO - Sync 1 DAGs
[2023-10-17T00:22:34.836+0000] {logging_mixin.py:150} INFO - [2023-10-17T00:22:34.836+0000] {dag.py:3504} INFO - Setting next_dagrun for xcom_dag to 2023-10-17T00:00:00+00:00, run_after=2023-10-18T00:00:00+00:00
[2023-10-17T00:22:34.875+0000] {processor.py:179} INFO - Processing /opt/airflow/dags/xcom_dag.py took 0.131 seconds
[2023-10-17T00:23:05.046+0000] {processor.py:157} INFO - Started process (PID=4728) to work on /opt/airflow/dags/xcom_dag.py
[2023-10-17T00:23:05.047+0000] {processor.py:826} INFO - Processing file /opt/airflow/dags/xcom_dag.py for tasks to queue
[2023-10-17T00:23:05.049+0000] {logging_mixin.py:150} INFO - [2023-10-17T00:23:05.048+0000] {dagbag.py:541} INFO - Filling up the DagBag from /opt/airflow/dags/xcom_dag.py
[2023-10-17T00:23:05.062+0000] {processor.py:836} INFO - DAG(s) dict_keys(['xcom_dag']) retrieved from /opt/airflow/dags/xcom_dag.py
[2023-10-17T00:23:05.110+0000] {logging_mixin.py:150} INFO - [2023-10-17T00:23:05.109+0000] {dag.py:2742} INFO - Sync 1 DAGs
[2023-10-17T00:23:05.151+0000] {logging_mixin.py:150} INFO - [2023-10-17T00:23:05.151+0000] {dag.py:3504} INFO - Setting next_dagrun for xcom_dag to 2023-10-17T00:00:00+00:00, run_after=2023-10-18T00:00:00+00:00
[2023-10-17T00:23:05.209+0000] {processor.py:179} INFO - Processing /opt/airflow/dags/xcom_dag.py took 0.167 seconds
[2023-10-17T00:23:35.241+0000] {processor.py:157} INFO - Started process (PID=4749) to work on /opt/airflow/dags/xcom_dag.py
[2023-10-17T00:23:35.242+0000] {processor.py:826} INFO - Processing file /opt/airflow/dags/xcom_dag.py for tasks to queue
[2023-10-17T00:23:35.243+0000] {logging_mixin.py:150} INFO - [2023-10-17T00:23:35.243+0000] {dagbag.py:541} INFO - Filling up the DagBag from /opt/airflow/dags/xcom_dag.py
[2023-10-17T00:23:35.253+0000] {processor.py:836} INFO - DAG(s) dict_keys(['xcom_dag']) retrieved from /opt/airflow/dags/xcom_dag.py
[2023-10-17T00:23:35.286+0000] {logging_mixin.py:150} INFO - [2023-10-17T00:23:35.285+0000] {dag.py:2742} INFO - Sync 1 DAGs
[2023-10-17T00:23:35.319+0000] {logging_mixin.py:150} INFO - [2023-10-17T00:23:35.318+0000] {dag.py:3504} INFO - Setting next_dagrun for xcom_dag to 2023-10-17T00:00:00+00:00, run_after=2023-10-18T00:00:00+00:00
[2023-10-17T00:23:35.348+0000] {processor.py:179} INFO - Processing /opt/airflow/dags/xcom_dag.py took 0.112 seconds
[2023-10-17T00:24:05.429+0000] {processor.py:157} INFO - Started process (PID=4770) to work on /opt/airflow/dags/xcom_dag.py
[2023-10-17T00:24:05.431+0000] {processor.py:826} INFO - Processing file /opt/airflow/dags/xcom_dag.py for tasks to queue
[2023-10-17T00:24:05.431+0000] {logging_mixin.py:150} INFO - [2023-10-17T00:24:05.431+0000] {dagbag.py:541} INFO - Filling up the DagBag from /opt/airflow/dags/xcom_dag.py
[2023-10-17T00:24:05.447+0000] {processor.py:836} INFO - DAG(s) dict_keys(['xcom_dag']) retrieved from /opt/airflow/dags/xcom_dag.py
[2023-10-17T00:24:05.480+0000] {logging_mixin.py:150} INFO - [2023-10-17T00:24:05.480+0000] {dag.py:2742} INFO - Sync 1 DAGs
[2023-10-17T00:24:05.517+0000] {logging_mixin.py:150} INFO - [2023-10-17T00:24:05.517+0000] {dag.py:3504} INFO - Setting next_dagrun for xcom_dag to 2023-10-17T00:00:00+00:00, run_after=2023-10-18T00:00:00+00:00
[2023-10-17T00:24:05.544+0000] {processor.py:179} INFO - Processing /opt/airflow/dags/xcom_dag.py took 0.120 seconds
[2023-10-17T00:24:36.630+0000] {processor.py:157} INFO - Started process (PID=4788) to work on /opt/airflow/dags/xcom_dag.py
[2023-10-17T00:24:36.635+0000] {processor.py:826} INFO - Processing file /opt/airflow/dags/xcom_dag.py for tasks to queue
[2023-10-17T00:24:36.636+0000] {logging_mixin.py:150} INFO - [2023-10-17T00:24:36.636+0000] {dagbag.py:541} INFO - Filling up the DagBag from /opt/airflow/dags/xcom_dag.py
[2023-10-17T00:24:36.670+0000] {processor.py:836} INFO - DAG(s) dict_keys(['xcom_dag']) retrieved from /opt/airflow/dags/xcom_dag.py
[2023-10-17T00:24:36.756+0000] {logging_mixin.py:150} INFO - [2023-10-17T00:24:36.755+0000] {dag.py:2742} INFO - Sync 1 DAGs
[2023-10-17T00:24:36.827+0000] {logging_mixin.py:150} INFO - [2023-10-17T00:24:36.826+0000] {dag.py:3504} INFO - Setting next_dagrun for xcom_dag to 2023-10-17T00:00:00+00:00, run_after=2023-10-18T00:00:00+00:00
[2023-10-17T00:24:36.872+0000] {processor.py:179} INFO - Processing /opt/airflow/dags/xcom_dag.py took 0.254 seconds
