[2023-10-02T13:00:52.656+0000] {processor.py:157} INFO - Started process (PID=11460) to work on /opt/airflow/dags/consumer.py
[2023-10-02T13:00:52.657+0000] {processor.py:826} INFO - Processing file /opt/airflow/dags/consumer.py for tasks to queue
[2023-10-02T13:00:52.662+0000] {logging_mixin.py:150} INFO - [2023-10-02T13:00:52.662+0000] {dagbag.py:541} INFO - Filling up the DagBag from /opt/airflow/dags/consumer.py
[2023-10-02T13:00:52.718+0000] {processor.py:836} INFO - DAG(s) dict_keys(['consumer']) retrieved from /opt/airflow/dags/consumer.py
[2023-10-02T13:00:53.022+0000] {logging_mixin.py:150} INFO - [2023-10-02T13:00:53.022+0000] {dag.py:2742} INFO - Sync 1 DAGs
[2023-10-02T13:00:53.354+0000] {logging_mixin.py:150} INFO - [2023-10-02T13:00:53.354+0000] {dag.py:3504} INFO - Setting next_dagrun for consumer to None, run_after=None
[2023-10-02T13:00:56.147+0000] {processor.py:179} INFO - Processing /opt/airflow/dags/consumer.py took 3.519 seconds
[2023-10-02T13:01:27.047+0000] {processor.py:157} INFO - Started process (PID=11511) to work on /opt/airflow/dags/consumer.py
[2023-10-02T13:01:27.049+0000] {processor.py:826} INFO - Processing file /opt/airflow/dags/consumer.py for tasks to queue
[2023-10-02T13:01:27.050+0000] {logging_mixin.py:150} INFO - [2023-10-02T13:01:27.049+0000] {dagbag.py:541} INFO - Filling up the DagBag from /opt/airflow/dags/consumer.py
[2023-10-02T13:01:27.054+0000] {processor.py:836} INFO - DAG(s) dict_keys(['consumer']) retrieved from /opt/airflow/dags/consumer.py
[2023-10-02T13:01:27.083+0000] {logging_mixin.py:150} INFO - [2023-10-02T13:01:27.082+0000] {dag.py:2742} INFO - Sync 1 DAGs
[2023-10-02T13:01:27.110+0000] {logging_mixin.py:150} INFO - [2023-10-02T13:01:27.109+0000] {dag.py:3504} INFO - Setting next_dagrun for consumer to None, run_after=None
[2023-10-02T13:01:27.141+0000] {processor.py:179} INFO - Processing /opt/airflow/dags/consumer.py took 0.097 seconds
[2023-10-02T13:01:57.247+0000] {processor.py:157} INFO - Started process (PID=11544) to work on /opt/airflow/dags/consumer.py
[2023-10-02T13:01:57.249+0000] {processor.py:826} INFO - Processing file /opt/airflow/dags/consumer.py for tasks to queue
[2023-10-02T13:01:57.249+0000] {logging_mixin.py:150} INFO - [2023-10-02T13:01:57.249+0000] {dagbag.py:541} INFO - Filling up the DagBag from /opt/airflow/dags/consumer.py
[2023-10-02T13:01:57.254+0000] {processor.py:836} INFO - DAG(s) dict_keys(['consumer']) retrieved from /opt/airflow/dags/consumer.py
[2023-10-02T13:01:57.280+0000] {logging_mixin.py:150} INFO - [2023-10-02T13:01:57.280+0000] {dag.py:2742} INFO - Sync 1 DAGs
[2023-10-02T13:01:57.304+0000] {logging_mixin.py:150} INFO - [2023-10-02T13:01:57.304+0000] {dag.py:3504} INFO - Setting next_dagrun for consumer to None, run_after=None
[2023-10-02T13:01:57.337+0000] {processor.py:179} INFO - Processing /opt/airflow/dags/consumer.py took 0.093 seconds
[2023-10-02T13:02:27.370+0000] {processor.py:157} INFO - Started process (PID=11576) to work on /opt/airflow/dags/consumer.py
[2023-10-02T13:02:27.371+0000] {processor.py:826} INFO - Processing file /opt/airflow/dags/consumer.py for tasks to queue
[2023-10-02T13:02:27.372+0000] {logging_mixin.py:150} INFO - [2023-10-02T13:02:27.371+0000] {dagbag.py:541} INFO - Filling up the DagBag from /opt/airflow/dags/consumer.py
[2023-10-02T13:02:27.377+0000] {processor.py:836} INFO - DAG(s) dict_keys(['consumer']) retrieved from /opt/airflow/dags/consumer.py
[2023-10-02T13:02:27.414+0000] {logging_mixin.py:150} INFO - [2023-10-02T13:02:27.414+0000] {dag.py:2742} INFO - Sync 1 DAGs
[2023-10-02T13:02:27.443+0000] {logging_mixin.py:150} INFO - [2023-10-02T13:02:27.442+0000] {dag.py:3504} INFO - Setting next_dagrun for consumer to None, run_after=None
[2023-10-02T13:02:27.475+0000] {processor.py:179} INFO - Processing /opt/airflow/dags/consumer.py took 0.110 seconds
[2023-10-02T13:02:57.556+0000] {processor.py:157} INFO - Started process (PID=11604) to work on /opt/airflow/dags/consumer.py
[2023-10-02T13:02:57.557+0000] {processor.py:826} INFO - Processing file /opt/airflow/dags/consumer.py for tasks to queue
[2023-10-02T13:02:57.558+0000] {logging_mixin.py:150} INFO - [2023-10-02T13:02:57.557+0000] {dagbag.py:541} INFO - Filling up the DagBag from /opt/airflow/dags/consumer.py
[2023-10-02T13:02:57.563+0000] {processor.py:836} INFO - DAG(s) dict_keys(['consumer']) retrieved from /opt/airflow/dags/consumer.py
[2023-10-02T13:02:57.593+0000] {logging_mixin.py:150} INFO - [2023-10-02T13:02:57.592+0000] {dag.py:2742} INFO - Sync 1 DAGs
[2023-10-02T13:02:57.618+0000] {logging_mixin.py:150} INFO - [2023-10-02T13:02:57.617+0000] {dag.py:3504} INFO - Setting next_dagrun for consumer to None, run_after=None
[2023-10-02T13:02:57.651+0000] {processor.py:179} INFO - Processing /opt/airflow/dags/consumer.py took 0.099 seconds
[2023-10-02T13:03:27.779+0000] {processor.py:157} INFO - Started process (PID=11631) to work on /opt/airflow/dags/consumer.py
[2023-10-02T13:03:27.780+0000] {processor.py:826} INFO - Processing file /opt/airflow/dags/consumer.py for tasks to queue
[2023-10-02T13:03:27.780+0000] {logging_mixin.py:150} INFO - [2023-10-02T13:03:27.780+0000] {dagbag.py:541} INFO - Filling up the DagBag from /opt/airflow/dags/consumer.py
[2023-10-02T13:03:27.785+0000] {processor.py:836} INFO - DAG(s) dict_keys(['consumer']) retrieved from /opt/airflow/dags/consumer.py
[2023-10-02T13:03:27.817+0000] {logging_mixin.py:150} INFO - [2023-10-02T13:03:27.816+0000] {dag.py:2742} INFO - Sync 1 DAGs
[2023-10-02T13:03:27.847+0000] {logging_mixin.py:150} INFO - [2023-10-02T13:03:27.847+0000] {dag.py:3504} INFO - Setting next_dagrun for consumer to None, run_after=None
[2023-10-02T13:03:27.882+0000] {processor.py:179} INFO - Processing /opt/airflow/dags/consumer.py took 0.107 seconds
[2023-10-02T13:03:58.001+0000] {processor.py:157} INFO - Started process (PID=11658) to work on /opt/airflow/dags/consumer.py
[2023-10-02T13:03:58.014+0000] {processor.py:826} INFO - Processing file /opt/airflow/dags/consumer.py for tasks to queue
[2023-10-02T13:03:58.016+0000] {logging_mixin.py:150} INFO - [2023-10-02T13:03:58.015+0000] {dagbag.py:541} INFO - Filling up the DagBag from /opt/airflow/dags/consumer.py
[2023-10-02T13:03:58.027+0000] {processor.py:836} INFO - DAG(s) dict_keys(['consumer']) retrieved from /opt/airflow/dags/consumer.py
[2023-10-02T13:03:58.112+0000] {logging_mixin.py:150} INFO - [2023-10-02T13:03:58.112+0000] {dag.py:2742} INFO - Sync 1 DAGs
[2023-10-02T13:03:58.199+0000] {logging_mixin.py:150} INFO - [2023-10-02T13:03:58.199+0000] {dag.py:3504} INFO - Setting next_dagrun for consumer to None, run_after=None
[2023-10-02T13:03:58.296+0000] {processor.py:179} INFO - Processing /opt/airflow/dags/consumer.py took 0.302 seconds
[2023-10-02T13:04:28.556+0000] {processor.py:157} INFO - Started process (PID=11685) to work on /opt/airflow/dags/consumer.py
[2023-10-02T13:04:28.558+0000] {processor.py:826} INFO - Processing file /opt/airflow/dags/consumer.py for tasks to queue
[2023-10-02T13:04:28.560+0000] {logging_mixin.py:150} INFO - [2023-10-02T13:04:28.559+0000] {dagbag.py:541} INFO - Filling up the DagBag from /opt/airflow/dags/consumer.py
[2023-10-02T13:04:28.577+0000] {processor.py:836} INFO - DAG(s) dict_keys(['consumer']) retrieved from /opt/airflow/dags/consumer.py
[2023-10-02T13:04:28.627+0000] {logging_mixin.py:150} INFO - [2023-10-02T13:04:28.626+0000] {dag.py:2742} INFO - Sync 1 DAGs
[2023-10-02T13:04:28.676+0000] {logging_mixin.py:150} INFO - [2023-10-02T13:04:28.676+0000] {dag.py:3504} INFO - Setting next_dagrun for consumer to None, run_after=None
[2023-10-02T13:04:28.745+0000] {processor.py:179} INFO - Processing /opt/airflow/dags/consumer.py took 0.204 seconds
[2023-10-02T13:04:59.609+0000] {processor.py:157} INFO - Started process (PID=11712) to work on /opt/airflow/dags/consumer.py
[2023-10-02T13:04:59.610+0000] {processor.py:826} INFO - Processing file /opt/airflow/dags/consumer.py for tasks to queue
[2023-10-02T13:04:59.611+0000] {logging_mixin.py:150} INFO - [2023-10-02T13:04:59.611+0000] {dagbag.py:541} INFO - Filling up the DagBag from /opt/airflow/dags/consumer.py
[2023-10-02T13:04:59.617+0000] {processor.py:836} INFO - DAG(s) dict_keys(['consumer']) retrieved from /opt/airflow/dags/consumer.py
[2023-10-02T13:04:59.651+0000] {logging_mixin.py:150} INFO - [2023-10-02T13:04:59.651+0000] {dag.py:2742} INFO - Sync 1 DAGs
[2023-10-02T13:04:59.680+0000] {logging_mixin.py:150} INFO - [2023-10-02T13:04:59.680+0000] {dag.py:3504} INFO - Setting next_dagrun for consumer to None, run_after=None
[2023-10-02T13:04:59.717+0000] {processor.py:179} INFO - Processing /opt/airflow/dags/consumer.py took 0.113 seconds
[2023-10-02T13:05:29.914+0000] {processor.py:157} INFO - Started process (PID=11739) to work on /opt/airflow/dags/consumer.py
[2023-10-02T13:05:29.927+0000] {processor.py:826} INFO - Processing file /opt/airflow/dags/consumer.py for tasks to queue
[2023-10-02T13:05:29.930+0000] {logging_mixin.py:150} INFO - [2023-10-02T13:05:29.929+0000] {dagbag.py:541} INFO - Filling up the DagBag from /opt/airflow/dags/consumer.py
[2023-10-02T13:05:29.934+0000] {processor.py:836} INFO - DAG(s) dict_keys(['consumer']) retrieved from /opt/airflow/dags/consumer.py
[2023-10-02T13:05:29.971+0000] {logging_mixin.py:150} INFO - [2023-10-02T13:05:29.971+0000] {dag.py:2742} INFO - Sync 1 DAGs
[2023-10-02T13:05:30.004+0000] {logging_mixin.py:150} INFO - [2023-10-02T13:05:30.003+0000] {dag.py:3504} INFO - Setting next_dagrun for consumer to None, run_after=None
[2023-10-02T13:05:30.040+0000] {processor.py:179} INFO - Processing /opt/airflow/dags/consumer.py took 0.130 seconds
[2023-10-02T13:06:00.154+0000] {processor.py:157} INFO - Started process (PID=11766) to work on /opt/airflow/dags/consumer.py
[2023-10-02T13:06:00.155+0000] {processor.py:826} INFO - Processing file /opt/airflow/dags/consumer.py for tasks to queue
[2023-10-02T13:06:00.156+0000] {logging_mixin.py:150} INFO - [2023-10-02T13:06:00.156+0000] {dagbag.py:541} INFO - Filling up the DagBag from /opt/airflow/dags/consumer.py
[2023-10-02T13:06:00.164+0000] {processor.py:836} INFO - DAG(s) dict_keys(['consumer']) retrieved from /opt/airflow/dags/consumer.py
[2023-10-02T13:06:00.270+0000] {logging_mixin.py:150} INFO - [2023-10-02T13:06:00.265+0000] {dag.py:2742} INFO - Sync 1 DAGs
[2023-10-02T13:06:00.320+0000] {logging_mixin.py:150} INFO - [2023-10-02T13:06:00.319+0000] {dag.py:3504} INFO - Setting next_dagrun for consumer to None, run_after=None
[2023-10-02T13:06:00.376+0000] {processor.py:179} INFO - Processing /opt/airflow/dags/consumer.py took 0.227 seconds
[2023-10-02T13:06:30.470+0000] {processor.py:157} INFO - Started process (PID=11793) to work on /opt/airflow/dags/consumer.py
[2023-10-02T13:06:30.471+0000] {processor.py:826} INFO - Processing file /opt/airflow/dags/consumer.py for tasks to queue
[2023-10-02T13:06:30.472+0000] {logging_mixin.py:150} INFO - [2023-10-02T13:06:30.471+0000] {dagbag.py:541} INFO - Filling up the DagBag from /opt/airflow/dags/consumer.py
[2023-10-02T13:06:30.476+0000] {processor.py:836} INFO - DAG(s) dict_keys(['consumer']) retrieved from /opt/airflow/dags/consumer.py
[2023-10-02T13:06:30.525+0000] {logging_mixin.py:150} INFO - [2023-10-02T13:06:30.524+0000] {dag.py:2742} INFO - Sync 1 DAGs
[2023-10-02T13:06:30.560+0000] {logging_mixin.py:150} INFO - [2023-10-02T13:06:30.560+0000] {dag.py:3504} INFO - Setting next_dagrun for consumer to None, run_after=None
[2023-10-02T13:06:30.604+0000] {processor.py:179} INFO - Processing /opt/airflow/dags/consumer.py took 0.142 seconds
[2023-10-02T13:07:01.266+0000] {processor.py:157} INFO - Started process (PID=11820) to work on /opt/airflow/dags/consumer.py
[2023-10-02T13:07:01.271+0000] {processor.py:826} INFO - Processing file /opt/airflow/dags/consumer.py for tasks to queue
[2023-10-02T13:07:01.277+0000] {logging_mixin.py:150} INFO - [2023-10-02T13:07:01.276+0000] {dagbag.py:541} INFO - Filling up the DagBag from /opt/airflow/dags/consumer.py
[2023-10-02T13:07:01.285+0000] {processor.py:836} INFO - DAG(s) dict_keys(['consumer']) retrieved from /opt/airflow/dags/consumer.py
[2023-10-02T13:07:01.340+0000] {logging_mixin.py:150} INFO - [2023-10-02T13:07:01.339+0000] {dag.py:2742} INFO - Sync 1 DAGs
[2023-10-02T13:07:01.379+0000] {logging_mixin.py:150} INFO - [2023-10-02T13:07:01.379+0000] {dag.py:3504} INFO - Setting next_dagrun for consumer to None, run_after=None
[2023-10-02T13:07:01.430+0000] {processor.py:179} INFO - Processing /opt/airflow/dags/consumer.py took 0.169 seconds
[2023-10-02T13:07:32.070+0000] {processor.py:157} INFO - Started process (PID=11847) to work on /opt/airflow/dags/consumer.py
[2023-10-02T13:07:32.072+0000] {processor.py:826} INFO - Processing file /opt/airflow/dags/consumer.py for tasks to queue
[2023-10-02T13:07:32.073+0000] {logging_mixin.py:150} INFO - [2023-10-02T13:07:32.072+0000] {dagbag.py:541} INFO - Filling up the DagBag from /opt/airflow/dags/consumer.py
[2023-10-02T13:07:32.079+0000] {processor.py:836} INFO - DAG(s) dict_keys(['consumer']) retrieved from /opt/airflow/dags/consumer.py
[2023-10-02T13:07:32.124+0000] {logging_mixin.py:150} INFO - [2023-10-02T13:07:32.124+0000] {dag.py:2742} INFO - Sync 1 DAGs
[2023-10-02T13:07:32.164+0000] {logging_mixin.py:150} INFO - [2023-10-02T13:07:32.164+0000] {dag.py:3504} INFO - Setting next_dagrun for consumer to None, run_after=None
[2023-10-02T13:07:32.215+0000] {processor.py:179} INFO - Processing /opt/airflow/dags/consumer.py took 0.151 seconds
[2023-10-02T13:08:02.646+0000] {processor.py:157} INFO - Started process (PID=11874) to work on /opt/airflow/dags/consumer.py
[2023-10-02T13:08:02.648+0000] {processor.py:826} INFO - Processing file /opt/airflow/dags/consumer.py for tasks to queue
[2023-10-02T13:08:02.649+0000] {logging_mixin.py:150} INFO - [2023-10-02T13:08:02.649+0000] {dagbag.py:541} INFO - Filling up the DagBag from /opt/airflow/dags/consumer.py
[2023-10-02T13:08:02.658+0000] {processor.py:836} INFO - DAG(s) dict_keys(['consumer']) retrieved from /opt/airflow/dags/consumer.py
[2023-10-02T13:08:02.698+0000] {logging_mixin.py:150} INFO - [2023-10-02T13:08:02.698+0000] {dag.py:2742} INFO - Sync 1 DAGs
[2023-10-02T13:08:02.741+0000] {logging_mixin.py:150} INFO - [2023-10-02T13:08:02.741+0000] {dag.py:3504} INFO - Setting next_dagrun for consumer to None, run_after=None
[2023-10-02T13:08:02.799+0000] {processor.py:179} INFO - Processing /opt/airflow/dags/consumer.py took 0.156 seconds
[2023-10-02T13:08:33.133+0000] {processor.py:157} INFO - Started process (PID=11901) to work on /opt/airflow/dags/consumer.py
[2023-10-02T13:08:33.135+0000] {processor.py:826} INFO - Processing file /opt/airflow/dags/consumer.py for tasks to queue
[2023-10-02T13:08:33.136+0000] {logging_mixin.py:150} INFO - [2023-10-02T13:08:33.136+0000] {dagbag.py:541} INFO - Filling up the DagBag from /opt/airflow/dags/consumer.py
[2023-10-02T13:08:33.143+0000] {processor.py:836} INFO - DAG(s) dict_keys(['consumer']) retrieved from /opt/airflow/dags/consumer.py
[2023-10-02T13:08:33.306+0000] {logging_mixin.py:150} INFO - [2023-10-02T13:08:33.305+0000] {dag.py:2742} INFO - Sync 1 DAGs
[2023-10-02T13:08:33.338+0000] {logging_mixin.py:150} INFO - [2023-10-02T13:08:33.336+0000] {dag.py:3504} INFO - Setting next_dagrun for consumer to None, run_after=None
[2023-10-02T13:08:33.379+0000] {processor.py:179} INFO - Processing /opt/airflow/dags/consumer.py took 0.249 seconds
[2023-10-02T13:09:03.515+0000] {processor.py:157} INFO - Started process (PID=11929) to work on /opt/airflow/dags/consumer.py
[2023-10-02T13:09:03.518+0000] {processor.py:826} INFO - Processing file /opt/airflow/dags/consumer.py for tasks to queue
[2023-10-02T13:09:03.519+0000] {logging_mixin.py:150} INFO - [2023-10-02T13:09:03.519+0000] {dagbag.py:541} INFO - Filling up the DagBag from /opt/airflow/dags/consumer.py
[2023-10-02T13:09:03.524+0000] {processor.py:836} INFO - DAG(s) dict_keys(['consumer']) retrieved from /opt/airflow/dags/consumer.py
[2023-10-02T13:09:03.565+0000] {logging_mixin.py:150} INFO - [2023-10-02T13:09:03.565+0000] {dag.py:2742} INFO - Sync 1 DAGs
[2023-10-02T13:09:03.609+0000] {logging_mixin.py:150} INFO - [2023-10-02T13:09:03.609+0000] {dag.py:3504} INFO - Setting next_dagrun for consumer to None, run_after=None
[2023-10-02T13:09:03.650+0000] {processor.py:179} INFO - Processing /opt/airflow/dags/consumer.py took 0.138 seconds
[2023-10-02T13:09:33.782+0000] {processor.py:157} INFO - Started process (PID=11956) to work on /opt/airflow/dags/consumer.py
[2023-10-02T13:09:33.783+0000] {processor.py:826} INFO - Processing file /opt/airflow/dags/consumer.py for tasks to queue
[2023-10-02T13:09:33.785+0000] {logging_mixin.py:150} INFO - [2023-10-02T13:09:33.785+0000] {dagbag.py:541} INFO - Filling up the DagBag from /opt/airflow/dags/consumer.py
[2023-10-02T13:09:33.793+0000] {processor.py:836} INFO - DAG(s) dict_keys(['consumer']) retrieved from /opt/airflow/dags/consumer.py
[2023-10-02T13:09:33.839+0000] {logging_mixin.py:150} INFO - [2023-10-02T13:09:33.838+0000] {dag.py:2742} INFO - Sync 1 DAGs
[2023-10-02T13:09:33.881+0000] {logging_mixin.py:150} INFO - [2023-10-02T13:09:33.881+0000] {dag.py:3504} INFO - Setting next_dagrun for consumer to None, run_after=None
[2023-10-02T13:09:33.933+0000] {processor.py:179} INFO - Processing /opt/airflow/dags/consumer.py took 0.161 seconds
[2023-10-02T13:10:04.044+0000] {processor.py:157} INFO - Started process (PID=11983) to work on /opt/airflow/dags/consumer.py
[2023-10-02T13:10:04.045+0000] {processor.py:826} INFO - Processing file /opt/airflow/dags/consumer.py for tasks to queue
[2023-10-02T13:10:04.045+0000] {logging_mixin.py:150} INFO - [2023-10-02T13:10:04.045+0000] {dagbag.py:541} INFO - Filling up the DagBag from /opt/airflow/dags/consumer.py
[2023-10-02T13:10:04.053+0000] {processor.py:836} INFO - DAG(s) dict_keys(['consumer']) retrieved from /opt/airflow/dags/consumer.py
[2023-10-02T13:10:04.090+0000] {logging_mixin.py:150} INFO - [2023-10-02T13:10:04.089+0000] {dag.py:2742} INFO - Sync 1 DAGs
[2023-10-02T13:10:04.118+0000] {logging_mixin.py:150} INFO - [2023-10-02T13:10:04.118+0000] {dag.py:3504} INFO - Setting next_dagrun for consumer to None, run_after=None
[2023-10-02T13:10:04.160+0000] {processor.py:179} INFO - Processing /opt/airflow/dags/consumer.py took 0.121 seconds
[2023-10-02T13:10:34.455+0000] {processor.py:157} INFO - Started process (PID=12010) to work on /opt/airflow/dags/consumer.py
[2023-10-02T13:10:34.459+0000] {processor.py:826} INFO - Processing file /opt/airflow/dags/consumer.py for tasks to queue
[2023-10-02T13:10:34.460+0000] {logging_mixin.py:150} INFO - [2023-10-02T13:10:34.459+0000] {dagbag.py:541} INFO - Filling up the DagBag from /opt/airflow/dags/consumer.py
[2023-10-02T13:10:34.468+0000] {processor.py:836} INFO - DAG(s) dict_keys(['consumer']) retrieved from /opt/airflow/dags/consumer.py
[2023-10-02T13:10:34.503+0000] {logging_mixin.py:150} INFO - [2023-10-02T13:10:34.503+0000] {dag.py:2742} INFO - Sync 1 DAGs
[2023-10-02T13:10:34.535+0000] {logging_mixin.py:150} INFO - [2023-10-02T13:10:34.535+0000] {dag.py:3504} INFO - Setting next_dagrun for consumer to None, run_after=None
[2023-10-02T13:10:34.578+0000] {processor.py:179} INFO - Processing /opt/airflow/dags/consumer.py took 0.124 seconds
[2023-10-02T13:11:04.846+0000] {processor.py:157} INFO - Started process (PID=12037) to work on /opt/airflow/dags/consumer.py
[2023-10-02T13:11:04.851+0000] {processor.py:826} INFO - Processing file /opt/airflow/dags/consumer.py for tasks to queue
[2023-10-02T13:11:04.852+0000] {logging_mixin.py:150} INFO - [2023-10-02T13:11:04.852+0000] {dagbag.py:541} INFO - Filling up the DagBag from /opt/airflow/dags/consumer.py
[2023-10-02T13:11:04.859+0000] {processor.py:836} INFO - DAG(s) dict_keys(['consumer']) retrieved from /opt/airflow/dags/consumer.py
[2023-10-02T13:11:04.895+0000] {logging_mixin.py:150} INFO - [2023-10-02T13:11:04.894+0000] {dag.py:2742} INFO - Sync 1 DAGs
[2023-10-02T13:11:04.929+0000] {logging_mixin.py:150} INFO - [2023-10-02T13:11:04.928+0000] {dag.py:3504} INFO - Setting next_dagrun for consumer to None, run_after=None
[2023-10-02T13:11:04.965+0000] {processor.py:179} INFO - Processing /opt/airflow/dags/consumer.py took 0.123 seconds
[2023-10-02T13:11:35.318+0000] {processor.py:157} INFO - Started process (PID=12064) to work on /opt/airflow/dags/consumer.py
[2023-10-02T13:11:35.320+0000] {processor.py:826} INFO - Processing file /opt/airflow/dags/consumer.py for tasks to queue
[2023-10-02T13:11:35.322+0000] {logging_mixin.py:150} INFO - [2023-10-02T13:11:35.322+0000] {dagbag.py:541} INFO - Filling up the DagBag from /opt/airflow/dags/consumer.py
[2023-10-02T13:11:35.332+0000] {processor.py:836} INFO - DAG(s) dict_keys(['consumer']) retrieved from /opt/airflow/dags/consumer.py
[2023-10-02T13:11:35.379+0000] {logging_mixin.py:150} INFO - [2023-10-02T13:11:35.378+0000] {dag.py:2742} INFO - Sync 1 DAGs
[2023-10-02T13:11:35.413+0000] {logging_mixin.py:150} INFO - [2023-10-02T13:11:35.413+0000] {dag.py:3504} INFO - Setting next_dagrun for consumer to None, run_after=None
[2023-10-02T13:11:35.452+0000] {processor.py:179} INFO - Processing /opt/airflow/dags/consumer.py took 0.141 seconds
[2023-10-02T13:12:05.891+0000] {processor.py:157} INFO - Started process (PID=12091) to work on /opt/airflow/dags/consumer.py
[2023-10-02T13:12:05.892+0000] {processor.py:826} INFO - Processing file /opt/airflow/dags/consumer.py for tasks to queue
[2023-10-02T13:12:05.893+0000] {logging_mixin.py:150} INFO - [2023-10-02T13:12:05.893+0000] {dagbag.py:541} INFO - Filling up the DagBag from /opt/airflow/dags/consumer.py
[2023-10-02T13:12:05.902+0000] {processor.py:836} INFO - DAG(s) dict_keys(['consumer']) retrieved from /opt/airflow/dags/consumer.py
[2023-10-02T13:12:05.944+0000] {logging_mixin.py:150} INFO - [2023-10-02T13:12:05.944+0000] {dag.py:2742} INFO - Sync 1 DAGs
[2023-10-02T13:12:05.982+0000] {logging_mixin.py:150} INFO - [2023-10-02T13:12:05.982+0000] {dag.py:3504} INFO - Setting next_dagrun for consumer to None, run_after=None
[2023-10-02T13:12:06.024+0000] {processor.py:179} INFO - Processing /opt/airflow/dags/consumer.py took 0.141 seconds
[2023-10-02T13:12:36.530+0000] {processor.py:157} INFO - Started process (PID=12119) to work on /opt/airflow/dags/consumer.py
[2023-10-02T13:12:36.533+0000] {processor.py:826} INFO - Processing file /opt/airflow/dags/consumer.py for tasks to queue
[2023-10-02T13:12:36.534+0000] {logging_mixin.py:150} INFO - [2023-10-02T13:12:36.533+0000] {dagbag.py:541} INFO - Filling up the DagBag from /opt/airflow/dags/consumer.py
[2023-10-02T13:12:36.544+0000] {processor.py:836} INFO - DAG(s) dict_keys(['consumer']) retrieved from /opt/airflow/dags/consumer.py
[2023-10-02T13:12:36.595+0000] {logging_mixin.py:150} INFO - [2023-10-02T13:12:36.595+0000] {dag.py:2742} INFO - Sync 1 DAGs
[2023-10-02T13:12:36.639+0000] {logging_mixin.py:150} INFO - [2023-10-02T13:12:36.639+0000] {dag.py:3504} INFO - Setting next_dagrun for consumer to None, run_after=None
[2023-10-02T13:12:36.682+0000] {processor.py:179} INFO - Processing /opt/airflow/dags/consumer.py took 0.158 seconds
[2023-10-02T13:13:07.418+0000] {processor.py:157} INFO - Started process (PID=12146) to work on /opt/airflow/dags/consumer.py
[2023-10-02T13:13:07.419+0000] {processor.py:826} INFO - Processing file /opt/airflow/dags/consumer.py for tasks to queue
[2023-10-02T13:13:07.420+0000] {logging_mixin.py:150} INFO - [2023-10-02T13:13:07.420+0000] {dagbag.py:541} INFO - Filling up the DagBag from /opt/airflow/dags/consumer.py
[2023-10-02T13:13:07.424+0000] {processor.py:836} INFO - DAG(s) dict_keys(['consumer']) retrieved from /opt/airflow/dags/consumer.py
[2023-10-02T13:13:07.471+0000] {logging_mixin.py:150} INFO - [2023-10-02T13:13:07.471+0000] {dag.py:2742} INFO - Sync 1 DAGs
[2023-10-02T13:13:07.509+0000] {logging_mixin.py:150} INFO - [2023-10-02T13:13:07.509+0000] {dag.py:3504} INFO - Setting next_dagrun for consumer to None, run_after=None
[2023-10-02T13:13:07.558+0000] {processor.py:179} INFO - Processing /opt/airflow/dags/consumer.py took 0.147 seconds
[2023-10-02T13:13:38.214+0000] {processor.py:157} INFO - Started process (PID=12173) to work on /opt/airflow/dags/consumer.py
[2023-10-02T13:13:38.215+0000] {processor.py:826} INFO - Processing file /opt/airflow/dags/consumer.py for tasks to queue
[2023-10-02T13:13:38.219+0000] {logging_mixin.py:150} INFO - [2023-10-02T13:13:38.218+0000] {dagbag.py:541} INFO - Filling up the DagBag from /opt/airflow/dags/consumer.py
[2023-10-02T13:13:38.223+0000] {processor.py:836} INFO - DAG(s) dict_keys(['consumer']) retrieved from /opt/airflow/dags/consumer.py
[2023-10-02T13:13:38.270+0000] {logging_mixin.py:150} INFO - [2023-10-02T13:13:38.270+0000] {dag.py:2742} INFO - Sync 1 DAGs
[2023-10-02T13:13:38.302+0000] {logging_mixin.py:150} INFO - [2023-10-02T13:13:38.302+0000] {dag.py:3504} INFO - Setting next_dagrun for consumer to None, run_after=None
[2023-10-02T13:13:38.353+0000] {processor.py:179} INFO - Processing /opt/airflow/dags/consumer.py took 0.143 seconds
[2023-10-02T13:14:09.031+0000] {processor.py:157} INFO - Started process (PID=12200) to work on /opt/airflow/dags/consumer.py
[2023-10-02T13:14:09.032+0000] {processor.py:826} INFO - Processing file /opt/airflow/dags/consumer.py for tasks to queue
[2023-10-02T13:14:09.033+0000] {logging_mixin.py:150} INFO - [2023-10-02T13:14:09.033+0000] {dagbag.py:541} INFO - Filling up the DagBag from /opt/airflow/dags/consumer.py
[2023-10-02T13:14:09.042+0000] {processor.py:836} INFO - DAG(s) dict_keys(['consumer']) retrieved from /opt/airflow/dags/consumer.py
[2023-10-02T13:14:09.082+0000] {logging_mixin.py:150} INFO - [2023-10-02T13:14:09.082+0000] {dag.py:2742} INFO - Sync 1 DAGs
[2023-10-02T13:14:09.120+0000] {logging_mixin.py:150} INFO - [2023-10-02T13:14:09.120+0000] {dag.py:3504} INFO - Setting next_dagrun for consumer to None, run_after=None
[2023-10-02T13:14:09.170+0000] {processor.py:179} INFO - Processing /opt/airflow/dags/consumer.py took 0.145 seconds
[2023-10-02T13:14:39.815+0000] {processor.py:157} INFO - Started process (PID=12227) to work on /opt/airflow/dags/consumer.py
[2023-10-02T13:14:39.820+0000] {processor.py:826} INFO - Processing file /opt/airflow/dags/consumer.py for tasks to queue
[2023-10-02T13:14:39.820+0000] {logging_mixin.py:150} INFO - [2023-10-02T13:14:39.820+0000] {dagbag.py:541} INFO - Filling up the DagBag from /opt/airflow/dags/consumer.py
[2023-10-02T13:14:39.830+0000] {processor.py:836} INFO - DAG(s) dict_keys(['consumer']) retrieved from /opt/airflow/dags/consumer.py
[2023-10-02T13:14:39.880+0000] {logging_mixin.py:150} INFO - [2023-10-02T13:14:39.879+0000] {dag.py:2742} INFO - Sync 1 DAGs
[2023-10-02T13:14:39.923+0000] {logging_mixin.py:150} INFO - [2023-10-02T13:14:39.923+0000] {dag.py:3504} INFO - Setting next_dagrun for consumer to None, run_after=None
[2023-10-02T13:14:39.973+0000] {processor.py:179} INFO - Processing /opt/airflow/dags/consumer.py took 0.164 seconds
[2023-10-02T13:15:10.652+0000] {processor.py:157} INFO - Started process (PID=12254) to work on /opt/airflow/dags/consumer.py
[2023-10-02T13:15:10.653+0000] {processor.py:826} INFO - Processing file /opt/airflow/dags/consumer.py for tasks to queue
[2023-10-02T13:15:10.654+0000] {logging_mixin.py:150} INFO - [2023-10-02T13:15:10.653+0000] {dagbag.py:541} INFO - Filling up the DagBag from /opt/airflow/dags/consumer.py
[2023-10-02T13:15:10.662+0000] {processor.py:836} INFO - DAG(s) dict_keys(['consumer']) retrieved from /opt/airflow/dags/consumer.py
[2023-10-02T13:15:10.711+0000] {logging_mixin.py:150} INFO - [2023-10-02T13:15:10.711+0000] {dag.py:2742} INFO - Sync 1 DAGs
[2023-10-02T13:15:10.753+0000] {logging_mixin.py:150} INFO - [2023-10-02T13:15:10.753+0000] {dag.py:3504} INFO - Setting next_dagrun for consumer to None, run_after=None
[2023-10-02T13:15:10.812+0000] {processor.py:179} INFO - Processing /opt/airflow/dags/consumer.py took 0.163 seconds
[2023-10-02T13:15:41.409+0000] {processor.py:157} INFO - Started process (PID=12281) to work on /opt/airflow/dags/consumer.py
[2023-10-02T13:15:41.411+0000] {processor.py:826} INFO - Processing file /opt/airflow/dags/consumer.py for tasks to queue
[2023-10-02T13:15:41.412+0000] {logging_mixin.py:150} INFO - [2023-10-02T13:15:41.412+0000] {dagbag.py:541} INFO - Filling up the DagBag from /opt/airflow/dags/consumer.py
[2023-10-02T13:15:41.420+0000] {processor.py:836} INFO - DAG(s) dict_keys(['consumer']) retrieved from /opt/airflow/dags/consumer.py
[2023-10-02T13:15:41.471+0000] {logging_mixin.py:150} INFO - [2023-10-02T13:15:41.470+0000] {dag.py:2742} INFO - Sync 1 DAGs
[2023-10-02T13:15:41.510+0000] {logging_mixin.py:150} INFO - [2023-10-02T13:15:41.510+0000] {dag.py:3504} INFO - Setting next_dagrun for consumer to None, run_after=None
[2023-10-02T13:15:41.553+0000] {processor.py:179} INFO - Processing /opt/airflow/dags/consumer.py took 0.151 seconds
[2023-10-02T13:16:12.282+0000] {processor.py:157} INFO - Started process (PID=12309) to work on /opt/airflow/dags/consumer.py
[2023-10-02T13:16:12.283+0000] {processor.py:826} INFO - Processing file /opt/airflow/dags/consumer.py for tasks to queue
[2023-10-02T13:16:12.284+0000] {logging_mixin.py:150} INFO - [2023-10-02T13:16:12.284+0000] {dagbag.py:541} INFO - Filling up the DagBag from /opt/airflow/dags/consumer.py
[2023-10-02T13:16:12.293+0000] {processor.py:836} INFO - DAG(s) dict_keys(['consumer']) retrieved from /opt/airflow/dags/consumer.py
[2023-10-02T13:16:12.343+0000] {logging_mixin.py:150} INFO - [2023-10-02T13:16:12.343+0000] {dag.py:2742} INFO - Sync 1 DAGs
[2023-10-02T13:16:12.383+0000] {logging_mixin.py:150} INFO - [2023-10-02T13:16:12.383+0000] {dag.py:3504} INFO - Setting next_dagrun for consumer to None, run_after=None
[2023-10-02T13:16:12.443+0000] {processor.py:179} INFO - Processing /opt/airflow/dags/consumer.py took 0.170 seconds
[2023-10-02T13:16:42.682+0000] {processor.py:157} INFO - Started process (PID=12336) to work on /opt/airflow/dags/consumer.py
[2023-10-02T13:16:42.683+0000] {processor.py:826} INFO - Processing file /opt/airflow/dags/consumer.py for tasks to queue
[2023-10-02T13:16:42.684+0000] {logging_mixin.py:150} INFO - [2023-10-02T13:16:42.683+0000] {dagbag.py:541} INFO - Filling up the DagBag from /opt/airflow/dags/consumer.py
[2023-10-02T13:16:42.691+0000] {processor.py:836} INFO - DAG(s) dict_keys(['consumer']) retrieved from /opt/airflow/dags/consumer.py
[2023-10-02T13:16:42.749+0000] {logging_mixin.py:150} INFO - [2023-10-02T13:16:42.749+0000] {dag.py:2742} INFO - Sync 1 DAGs
[2023-10-02T13:16:42.791+0000] {logging_mixin.py:150} INFO - [2023-10-02T13:16:42.791+0000] {dag.py:3504} INFO - Setting next_dagrun for consumer to None, run_after=None
[2023-10-02T13:16:42.852+0000] {processor.py:179} INFO - Processing /opt/airflow/dags/consumer.py took 0.174 seconds
[2023-10-02T13:17:13.551+0000] {processor.py:157} INFO - Started process (PID=12363) to work on /opt/airflow/dags/consumer.py
[2023-10-02T13:17:13.552+0000] {processor.py:826} INFO - Processing file /opt/airflow/dags/consumer.py for tasks to queue
[2023-10-02T13:17:13.553+0000] {logging_mixin.py:150} INFO - [2023-10-02T13:17:13.553+0000] {dagbag.py:541} INFO - Filling up the DagBag from /opt/airflow/dags/consumer.py
[2023-10-02T13:17:13.562+0000] {processor.py:836} INFO - DAG(s) dict_keys(['consumer']) retrieved from /opt/airflow/dags/consumer.py
[2023-10-02T13:17:13.611+0000] {logging_mixin.py:150} INFO - [2023-10-02T13:17:13.611+0000] {dag.py:2742} INFO - Sync 1 DAGs
[2023-10-02T13:17:13.654+0000] {logging_mixin.py:150} INFO - [2023-10-02T13:17:13.654+0000] {dag.py:3504} INFO - Setting next_dagrun for consumer to None, run_after=None
[2023-10-02T13:17:13.721+0000] {processor.py:179} INFO - Processing /opt/airflow/dags/consumer.py took 0.178 seconds
[2023-10-02T13:17:43.961+0000] {processor.py:157} INFO - Started process (PID=12390) to work on /opt/airflow/dags/consumer.py
[2023-10-02T13:17:43.962+0000] {processor.py:826} INFO - Processing file /opt/airflow/dags/consumer.py for tasks to queue
[2023-10-02T13:17:43.963+0000] {logging_mixin.py:150} INFO - [2023-10-02T13:17:43.962+0000] {dagbag.py:541} INFO - Filling up the DagBag from /opt/airflow/dags/consumer.py
[2023-10-02T13:17:43.972+0000] {processor.py:836} INFO - DAG(s) dict_keys(['consumer']) retrieved from /opt/airflow/dags/consumer.py
[2023-10-02T13:17:44.021+0000] {logging_mixin.py:150} INFO - [2023-10-02T13:17:44.021+0000] {dag.py:2742} INFO - Sync 1 DAGs
[2023-10-02T13:17:44.061+0000] {logging_mixin.py:150} INFO - [2023-10-02T13:17:44.061+0000] {dag.py:3504} INFO - Setting next_dagrun for consumer to None, run_after=None
[2023-10-02T13:17:44.112+0000] {processor.py:179} INFO - Processing /opt/airflow/dags/consumer.py took 0.160 seconds
[2023-10-02T13:18:14.659+0000] {processor.py:157} INFO - Started process (PID=12417) to work on /opt/airflow/dags/consumer.py
[2023-10-02T13:18:14.660+0000] {processor.py:826} INFO - Processing file /opt/airflow/dags/consumer.py for tasks to queue
[2023-10-02T13:18:14.661+0000] {logging_mixin.py:150} INFO - [2023-10-02T13:18:14.661+0000] {dagbag.py:541} INFO - Filling up the DagBag from /opt/airflow/dags/consumer.py
[2023-10-02T13:18:14.669+0000] {processor.py:836} INFO - DAG(s) dict_keys(['consumer']) retrieved from /opt/airflow/dags/consumer.py
[2023-10-02T13:18:14.714+0000] {logging_mixin.py:150} INFO - [2023-10-02T13:18:14.714+0000] {dag.py:2742} INFO - Sync 1 DAGs
[2023-10-02T13:18:14.761+0000] {logging_mixin.py:150} INFO - [2023-10-02T13:18:14.761+0000] {dag.py:3504} INFO - Setting next_dagrun for consumer to None, run_after=None
[2023-10-02T13:18:14.811+0000] {processor.py:179} INFO - Processing /opt/airflow/dags/consumer.py took 0.160 seconds
[2023-10-02T13:18:44.890+0000] {processor.py:157} INFO - Started process (PID=12444) to work on /opt/airflow/dags/consumer.py
[2023-10-02T13:18:44.891+0000] {processor.py:826} INFO - Processing file /opt/airflow/dags/consumer.py for tasks to queue
[2023-10-02T13:18:44.892+0000] {logging_mixin.py:150} INFO - [2023-10-02T13:18:44.891+0000] {dagbag.py:541} INFO - Filling up the DagBag from /opt/airflow/dags/consumer.py
[2023-10-02T13:18:44.903+0000] {processor.py:836} INFO - DAG(s) dict_keys(['consumer']) retrieved from /opt/airflow/dags/consumer.py
[2023-10-02T13:18:44.963+0000] {logging_mixin.py:150} INFO - [2023-10-02T13:18:44.963+0000] {dag.py:2742} INFO - Sync 1 DAGs
[2023-10-02T13:18:45.003+0000] {logging_mixin.py:150} INFO - [2023-10-02T13:18:45.003+0000] {dag.py:3504} INFO - Setting next_dagrun for consumer to None, run_after=None
[2023-10-02T13:18:45.068+0000] {processor.py:179} INFO - Processing /opt/airflow/dags/consumer.py took 0.182 seconds
[2023-10-02T13:19:15.330+0000] {processor.py:157} INFO - Started process (PID=12470) to work on /opt/airflow/dags/consumer.py
[2023-10-02T13:19:15.331+0000] {processor.py:826} INFO - Processing file /opt/airflow/dags/consumer.py for tasks to queue
[2023-10-02T13:19:15.332+0000] {logging_mixin.py:150} INFO - [2023-10-02T13:19:15.332+0000] {dagbag.py:541} INFO - Filling up the DagBag from /opt/airflow/dags/consumer.py
[2023-10-02T13:19:15.343+0000] {processor.py:836} INFO - DAG(s) dict_keys(['consumer']) retrieved from /opt/airflow/dags/consumer.py
[2023-10-02T13:19:15.431+0000] {logging_mixin.py:150} INFO - [2023-10-02T13:19:15.431+0000] {dag.py:2742} INFO - Sync 1 DAGs
[2023-10-02T13:19:15.503+0000] {logging_mixin.py:150} INFO - [2023-10-02T13:19:15.503+0000] {dag.py:3504} INFO - Setting next_dagrun for consumer to None, run_after=None
[2023-10-02T13:19:15.599+0000] {processor.py:179} INFO - Processing /opt/airflow/dags/consumer.py took 0.287 seconds
[2023-10-02T13:19:46.150+0000] {processor.py:157} INFO - Started process (PID=12498) to work on /opt/airflow/dags/consumer.py
[2023-10-02T13:19:46.151+0000] {processor.py:826} INFO - Processing file /opt/airflow/dags/consumer.py for tasks to queue
[2023-10-02T13:19:46.151+0000] {logging_mixin.py:150} INFO - [2023-10-02T13:19:46.151+0000] {dagbag.py:541} INFO - Filling up the DagBag from /opt/airflow/dags/consumer.py
[2023-10-02T13:19:46.181+0000] {processor.py:836} INFO - DAG(s) dict_keys(['consumer']) retrieved from /opt/airflow/dags/consumer.py
[2023-10-02T13:19:46.303+0000] {logging_mixin.py:150} INFO - [2023-10-02T13:19:46.303+0000] {dag.py:2742} INFO - Sync 1 DAGs
[2023-10-02T13:19:46.390+0000] {logging_mixin.py:150} INFO - [2023-10-02T13:19:46.390+0000] {dag.py:3504} INFO - Setting next_dagrun for consumer to None, run_after=None
[2023-10-02T13:19:46.461+0000] {processor.py:179} INFO - Processing /opt/airflow/dags/consumer.py took 0.330 seconds
[2023-10-02T13:20:16.698+0000] {processor.py:157} INFO - Started process (PID=12517) to work on /opt/airflow/dags/consumer.py
[2023-10-02T13:20:16.700+0000] {processor.py:826} INFO - Processing file /opt/airflow/dags/consumer.py for tasks to queue
[2023-10-02T13:20:16.701+0000] {logging_mixin.py:150} INFO - [2023-10-02T13:20:16.700+0000] {dagbag.py:541} INFO - Filling up the DagBag from /opt/airflow/dags/consumer.py
[2023-10-02T13:20:16.720+0000] {processor.py:836} INFO - DAG(s) dict_keys(['consumer']) retrieved from /opt/airflow/dags/consumer.py
[2023-10-02T13:20:16.803+0000] {logging_mixin.py:150} INFO - [2023-10-02T13:20:16.803+0000] {dag.py:2742} INFO - Sync 1 DAGs
[2023-10-02T13:20:16.902+0000] {logging_mixin.py:150} INFO - [2023-10-02T13:20:16.901+0000] {dag.py:3504} INFO - Setting next_dagrun for consumer to None, run_after=None
[2023-10-02T13:20:17.001+0000] {processor.py:179} INFO - Processing /opt/airflow/dags/consumer.py took 0.312 seconds
[2023-10-02T13:20:47.380+0000] {processor.py:157} INFO - Started process (PID=12544) to work on /opt/airflow/dags/consumer.py
[2023-10-02T13:20:47.382+0000] {processor.py:826} INFO - Processing file /opt/airflow/dags/consumer.py for tasks to queue
[2023-10-02T13:20:47.390+0000] {logging_mixin.py:150} INFO - [2023-10-02T13:20:47.383+0000] {dagbag.py:541} INFO - Filling up the DagBag from /opt/airflow/dags/consumer.py
[2023-10-02T13:20:47.402+0000] {processor.py:836} INFO - DAG(s) dict_keys(['consumer']) retrieved from /opt/airflow/dags/consumer.py
[2023-10-02T13:20:47.542+0000] {logging_mixin.py:150} INFO - [2023-10-02T13:20:47.542+0000] {dag.py:2742} INFO - Sync 1 DAGs
[2023-10-02T13:20:47.629+0000] {logging_mixin.py:150} INFO - [2023-10-02T13:20:47.628+0000] {dag.py:3504} INFO - Setting next_dagrun for consumer to None, run_after=None
[2023-10-02T13:20:47.823+0000] {processor.py:179} INFO - Processing /opt/airflow/dags/consumer.py took 0.454 seconds
[2023-10-02T13:21:18.053+0000] {processor.py:157} INFO - Started process (PID=12572) to work on /opt/airflow/dags/consumer.py
[2023-10-02T13:21:18.059+0000] {processor.py:826} INFO - Processing file /opt/airflow/dags/consumer.py for tasks to queue
[2023-10-02T13:21:18.060+0000] {logging_mixin.py:150} INFO - [2023-10-02T13:21:18.060+0000] {dagbag.py:541} INFO - Filling up the DagBag from /opt/airflow/dags/consumer.py
[2023-10-02T13:21:18.072+0000] {processor.py:836} INFO - DAG(s) dict_keys(['consumer']) retrieved from /opt/airflow/dags/consumer.py
[2023-10-02T13:21:18.151+0000] {logging_mixin.py:150} INFO - [2023-10-02T13:21:18.151+0000] {dag.py:2742} INFO - Sync 1 DAGs
[2023-10-02T13:21:18.240+0000] {logging_mixin.py:150} INFO - [2023-10-02T13:21:18.240+0000] {dag.py:3504} INFO - Setting next_dagrun for consumer to None, run_after=None
[2023-10-02T13:21:18.333+0000] {processor.py:179} INFO - Processing /opt/airflow/dags/consumer.py took 0.284 seconds
[2023-10-02T13:21:48.498+0000] {processor.py:157} INFO - Started process (PID=12599) to work on /opt/airflow/dags/consumer.py
[2023-10-02T13:21:48.499+0000] {processor.py:826} INFO - Processing file /opt/airflow/dags/consumer.py for tasks to queue
[2023-10-02T13:21:48.500+0000] {logging_mixin.py:150} INFO - [2023-10-02T13:21:48.500+0000] {dagbag.py:541} INFO - Filling up the DagBag from /opt/airflow/dags/consumer.py
[2023-10-02T13:21:48.510+0000] {processor.py:836} INFO - DAG(s) dict_keys(['consumer']) retrieved from /opt/airflow/dags/consumer.py
[2023-10-02T13:21:48.639+0000] {logging_mixin.py:150} INFO - [2023-10-02T13:21:48.639+0000] {dag.py:2742} INFO - Sync 1 DAGs
[2023-10-02T13:21:48.780+0000] {logging_mixin.py:150} INFO - [2023-10-02T13:21:48.780+0000] {dag.py:3504} INFO - Setting next_dagrun for consumer to None, run_after=None
[2023-10-02T13:21:48.910+0000] {processor.py:179} INFO - Processing /opt/airflow/dags/consumer.py took 0.421 seconds
[2023-10-02T13:22:19.210+0000] {processor.py:157} INFO - Started process (PID=12627) to work on /opt/airflow/dags/consumer.py
[2023-10-02T13:22:19.220+0000] {processor.py:826} INFO - Processing file /opt/airflow/dags/consumer.py for tasks to queue
[2023-10-02T13:22:19.223+0000] {logging_mixin.py:150} INFO - [2023-10-02T13:22:19.222+0000] {dagbag.py:541} INFO - Filling up the DagBag from /opt/airflow/dags/consumer.py
[2023-10-02T13:22:19.272+0000] {processor.py:836} INFO - DAG(s) dict_keys(['consumer']) retrieved from /opt/airflow/dags/consumer.py
[2023-10-02T13:22:19.460+0000] {logging_mixin.py:150} INFO - [2023-10-02T13:22:19.459+0000] {dag.py:2742} INFO - Sync 1 DAGs
[2023-10-02T13:22:19.673+0000] {logging_mixin.py:150} INFO - [2023-10-02T13:22:19.672+0000] {dag.py:3504} INFO - Setting next_dagrun for consumer to None, run_after=None
[2023-10-02T13:22:19.941+0000] {processor.py:179} INFO - Processing /opt/airflow/dags/consumer.py took 0.753 seconds
[2023-10-02T13:22:50.679+0000] {processor.py:157} INFO - Started process (PID=12654) to work on /opt/airflow/dags/consumer.py
[2023-10-02T13:22:50.729+0000] {processor.py:826} INFO - Processing file /opt/airflow/dags/consumer.py for tasks to queue
[2023-10-02T13:22:50.739+0000] {logging_mixin.py:150} INFO - [2023-10-02T13:22:50.732+0000] {dagbag.py:541} INFO - Filling up the DagBag from /opt/airflow/dags/consumer.py
[2023-10-02T13:22:50.800+0000] {processor.py:836} INFO - DAG(s) dict_keys(['consumer']) retrieved from /opt/airflow/dags/consumer.py
[2023-10-02T13:22:50.980+0000] {logging_mixin.py:150} INFO - [2023-10-02T13:22:50.979+0000] {dag.py:2742} INFO - Sync 1 DAGs
[2023-10-02T13:22:51.132+0000] {logging_mixin.py:150} INFO - [2023-10-02T13:22:51.132+0000] {dag.py:3504} INFO - Setting next_dagrun for consumer to None, run_after=None
[2023-10-02T13:22:51.331+0000] {processor.py:179} INFO - Processing /opt/airflow/dags/consumer.py took 0.792 seconds
[2023-10-02T13:23:21.861+0000] {processor.py:157} INFO - Started process (PID=12682) to work on /opt/airflow/dags/consumer.py
[2023-10-02T13:23:21.862+0000] {processor.py:826} INFO - Processing file /opt/airflow/dags/consumer.py for tasks to queue
[2023-10-02T13:23:21.870+0000] {logging_mixin.py:150} INFO - [2023-10-02T13:23:21.870+0000] {dagbag.py:541} INFO - Filling up the DagBag from /opt/airflow/dags/consumer.py
[2023-10-02T13:23:21.910+0000] {processor.py:836} INFO - DAG(s) dict_keys(['consumer']) retrieved from /opt/airflow/dags/consumer.py
[2023-10-02T13:23:22.061+0000] {logging_mixin.py:150} INFO - [2023-10-02T13:23:22.061+0000] {dag.py:2742} INFO - Sync 1 DAGs
[2023-10-02T13:23:22.179+0000] {logging_mixin.py:150} INFO - [2023-10-02T13:23:22.179+0000] {dag.py:3504} INFO - Setting next_dagrun for consumer to None, run_after=None
[2023-10-02T13:23:22.279+0000] {processor.py:179} INFO - Processing /opt/airflow/dags/consumer.py took 0.439 seconds
[2023-10-02T13:23:52.979+0000] {processor.py:157} INFO - Started process (PID=12709) to work on /opt/airflow/dags/consumer.py
[2023-10-02T13:23:52.980+0000] {processor.py:826} INFO - Processing file /opt/airflow/dags/consumer.py for tasks to queue
[2023-10-02T13:23:52.981+0000] {logging_mixin.py:150} INFO - [2023-10-02T13:23:52.981+0000] {dagbag.py:541} INFO - Filling up the DagBag from /opt/airflow/dags/consumer.py
[2023-10-02T13:23:53.009+0000] {processor.py:836} INFO - DAG(s) dict_keys(['consumer']) retrieved from /opt/airflow/dags/consumer.py
[2023-10-02T13:23:53.099+0000] {logging_mixin.py:150} INFO - [2023-10-02T13:23:53.098+0000] {dag.py:2742} INFO - Sync 1 DAGs
[2023-10-02T13:23:53.180+0000] {logging_mixin.py:150} INFO - [2023-10-02T13:23:53.180+0000] {dag.py:3504} INFO - Setting next_dagrun for consumer to None, run_after=None
[2023-10-02T13:23:53.312+0000] {processor.py:179} INFO - Processing /opt/airflow/dags/consumer.py took 0.349 seconds
[2023-10-02T13:24:23.579+0000] {processor.py:157} INFO - Started process (PID=12736) to work on /opt/airflow/dags/consumer.py
[2023-10-02T13:24:23.590+0000] {processor.py:826} INFO - Processing file /opt/airflow/dags/consumer.py for tasks to queue
[2023-10-02T13:24:23.599+0000] {logging_mixin.py:150} INFO - [2023-10-02T13:24:23.592+0000] {dagbag.py:541} INFO - Filling up the DagBag from /opt/airflow/dags/consumer.py
[2023-10-02T13:24:23.640+0000] {processor.py:836} INFO - DAG(s) dict_keys(['consumer']) retrieved from /opt/airflow/dags/consumer.py
[2023-10-02T13:24:23.832+0000] {logging_mixin.py:150} INFO - [2023-10-02T13:24:23.832+0000] {dag.py:2742} INFO - Sync 1 DAGs
[2023-10-02T13:24:24.012+0000] {logging_mixin.py:150} INFO - [2023-10-02T13:24:24.011+0000] {dag.py:3504} INFO - Setting next_dagrun for consumer to None, run_after=None
[2023-10-02T13:24:24.272+0000] {processor.py:179} INFO - Processing /opt/airflow/dags/consumer.py took 0.712 seconds
[2023-10-02T13:24:55.162+0000] {processor.py:157} INFO - Started process (PID=12763) to work on /opt/airflow/dags/consumer.py
[2023-10-02T13:24:55.171+0000] {processor.py:826} INFO - Processing file /opt/airflow/dags/consumer.py for tasks to queue
[2023-10-02T13:24:55.199+0000] {logging_mixin.py:150} INFO - [2023-10-02T13:24:55.199+0000] {dagbag.py:541} INFO - Filling up the DagBag from /opt/airflow/dags/consumer.py
[2023-10-02T13:24:55.242+0000] {processor.py:836} INFO - DAG(s) dict_keys(['consumer']) retrieved from /opt/airflow/dags/consumer.py
[2023-10-02T13:24:55.449+0000] {logging_mixin.py:150} INFO - [2023-10-02T13:24:55.442+0000] {dag.py:2742} INFO - Sync 1 DAGs
[2023-10-02T13:24:55.590+0000] {logging_mixin.py:150} INFO - [2023-10-02T13:24:55.589+0000] {dag.py:3504} INFO - Setting next_dagrun for consumer to None, run_after=None
[2023-10-02T13:24:55.812+0000] {processor.py:179} INFO - Processing /opt/airflow/dags/consumer.py took 0.692 seconds
[2023-10-02T13:25:26.202+0000] {processor.py:157} INFO - Started process (PID=12789) to work on /opt/airflow/dags/consumer.py
[2023-10-02T13:25:26.209+0000] {processor.py:826} INFO - Processing file /opt/airflow/dags/consumer.py for tasks to queue
[2023-10-02T13:25:26.210+0000] {logging_mixin.py:150} INFO - [2023-10-02T13:25:26.210+0000] {dagbag.py:541} INFO - Filling up the DagBag from /opt/airflow/dags/consumer.py
[2023-10-02T13:25:26.221+0000] {processor.py:836} INFO - DAG(s) dict_keys(['consumer']) retrieved from /opt/airflow/dags/consumer.py
[2023-10-02T13:25:26.301+0000] {logging_mixin.py:150} INFO - [2023-10-02T13:25:26.301+0000] {dag.py:2742} INFO - Sync 1 DAGs
[2023-10-02T13:25:26.371+0000] {logging_mixin.py:150} INFO - [2023-10-02T13:25:26.370+0000] {dag.py:3504} INFO - Setting next_dagrun for consumer to None, run_after=None
[2023-10-02T13:25:26.452+0000] {processor.py:179} INFO - Processing /opt/airflow/dags/consumer.py took 0.260 seconds
[2023-10-02T13:25:56.542+0000] {processor.py:157} INFO - Started process (PID=12818) to work on /opt/airflow/dags/consumer.py
[2023-10-02T13:25:56.550+0000] {processor.py:826} INFO - Processing file /opt/airflow/dags/consumer.py for tasks to queue
[2023-10-02T13:25:56.551+0000] {logging_mixin.py:150} INFO - [2023-10-02T13:25:56.551+0000] {dagbag.py:541} INFO - Filling up the DagBag from /opt/airflow/dags/consumer.py
[2023-10-02T13:25:56.570+0000] {processor.py:836} INFO - DAG(s) dict_keys(['consumer']) retrieved from /opt/airflow/dags/consumer.py
[2023-10-02T13:25:56.679+0000] {logging_mixin.py:150} INFO - [2023-10-02T13:25:56.678+0000] {dag.py:2742} INFO - Sync 1 DAGs
[2023-10-02T13:25:56.749+0000] {logging_mixin.py:150} INFO - [2023-10-02T13:25:56.749+0000] {dag.py:3504} INFO - Setting next_dagrun for consumer to None, run_after=None
[2023-10-02T13:25:56.812+0000] {processor.py:179} INFO - Processing /opt/airflow/dags/consumer.py took 0.282 seconds
[2023-10-02T13:26:27.579+0000] {processor.py:157} INFO - Started process (PID=12845) to work on /opt/airflow/dags/consumer.py
[2023-10-02T13:26:27.581+0000] {processor.py:826} INFO - Processing file /opt/airflow/dags/consumer.py for tasks to queue
[2023-10-02T13:26:27.589+0000] {logging_mixin.py:150} INFO - [2023-10-02T13:26:27.589+0000] {dagbag.py:541} INFO - Filling up the DagBag from /opt/airflow/dags/consumer.py
[2023-10-02T13:26:27.621+0000] {processor.py:836} INFO - DAG(s) dict_keys(['consumer']) retrieved from /opt/airflow/dags/consumer.py
[2023-10-02T13:26:27.761+0000] {logging_mixin.py:150} INFO - [2023-10-02T13:26:27.761+0000] {dag.py:2742} INFO - Sync 1 DAGs
[2023-10-02T13:26:27.882+0000] {logging_mixin.py:150} INFO - [2023-10-02T13:26:27.882+0000] {dag.py:3504} INFO - Setting next_dagrun for consumer to None, run_after=None
[2023-10-02T13:26:28.001+0000] {processor.py:179} INFO - Processing /opt/airflow/dags/consumer.py took 0.452 seconds
[2023-10-02T13:26:58.969+0000] {processor.py:157} INFO - Started process (PID=12873) to work on /opt/airflow/dags/consumer.py
[2023-10-02T13:26:58.971+0000] {processor.py:826} INFO - Processing file /opt/airflow/dags/consumer.py for tasks to queue
[2023-10-02T13:26:58.972+0000] {logging_mixin.py:150} INFO - [2023-10-02T13:26:58.972+0000] {dagbag.py:541} INFO - Filling up the DagBag from /opt/airflow/dags/consumer.py
[2023-10-02T13:26:58.998+0000] {processor.py:836} INFO - DAG(s) dict_keys(['consumer']) retrieved from /opt/airflow/dags/consumer.py
[2023-10-02T13:26:59.070+0000] {logging_mixin.py:150} INFO - [2023-10-02T13:26:59.070+0000] {dag.py:2742} INFO - Sync 1 DAGs
[2023-10-02T13:26:59.129+0000] {logging_mixin.py:150} INFO - [2023-10-02T13:26:59.129+0000] {dag.py:3504} INFO - Setting next_dagrun for consumer to None, run_after=None
[2023-10-02T13:26:59.202+0000] {processor.py:179} INFO - Processing /opt/airflow/dags/consumer.py took 0.250 seconds
[2023-10-02T13:27:29.658+0000] {processor.py:157} INFO - Started process (PID=12900) to work on /opt/airflow/dags/consumer.py
[2023-10-02T13:27:29.660+0000] {processor.py:826} INFO - Processing file /opt/airflow/dags/consumer.py for tasks to queue
[2023-10-02T13:27:29.661+0000] {logging_mixin.py:150} INFO - [2023-10-02T13:27:29.661+0000] {dagbag.py:541} INFO - Filling up the DagBag from /opt/airflow/dags/consumer.py
[2023-10-02T13:27:29.688+0000] {processor.py:836} INFO - DAG(s) dict_keys(['consumer']) retrieved from /opt/airflow/dags/consumer.py
[2023-10-02T13:27:29.800+0000] {logging_mixin.py:150} INFO - [2023-10-02T13:27:29.800+0000] {dag.py:2742} INFO - Sync 1 DAGs
[2023-10-02T13:27:29.901+0000] {logging_mixin.py:150} INFO - [2023-10-02T13:27:29.901+0000] {dag.py:3504} INFO - Setting next_dagrun for consumer to None, run_after=None
[2023-10-02T13:27:30.030+0000] {processor.py:179} INFO - Processing /opt/airflow/dags/consumer.py took 0.391 seconds
[2023-10-02T13:28:00.361+0000] {processor.py:157} INFO - Started process (PID=12927) to work on /opt/airflow/dags/consumer.py
[2023-10-02T13:28:00.369+0000] {processor.py:826} INFO - Processing file /opt/airflow/dags/consumer.py for tasks to queue
[2023-10-02T13:28:00.370+0000] {logging_mixin.py:150} INFO - [2023-10-02T13:28:00.369+0000] {dagbag.py:541} INFO - Filling up the DagBag from /opt/airflow/dags/consumer.py
[2023-10-02T13:28:00.381+0000] {processor.py:836} INFO - DAG(s) dict_keys(['consumer']) retrieved from /opt/airflow/dags/consumer.py
[2023-10-02T13:28:00.480+0000] {logging_mixin.py:150} INFO - [2023-10-02T13:28:00.480+0000] {dag.py:2742} INFO - Sync 1 DAGs
[2023-10-02T13:28:00.568+0000] {logging_mixin.py:150} INFO - [2023-10-02T13:28:00.562+0000] {dag.py:3504} INFO - Setting next_dagrun for consumer to None, run_after=None
[2023-10-02T13:28:00.660+0000] {processor.py:179} INFO - Processing /opt/airflow/dags/consumer.py took 0.308 seconds
[2023-10-02T13:28:31.410+0000] {processor.py:157} INFO - Started process (PID=12954) to work on /opt/airflow/dags/consumer.py
[2023-10-02T13:28:31.412+0000] {processor.py:826} INFO - Processing file /opt/airflow/dags/consumer.py for tasks to queue
[2023-10-02T13:28:31.430+0000] {logging_mixin.py:150} INFO - [2023-10-02T13:28:31.429+0000] {dagbag.py:541} INFO - Filling up the DagBag from /opt/airflow/dags/consumer.py
[2023-10-02T13:28:31.509+0000] {processor.py:836} INFO - DAG(s) dict_keys(['consumer']) retrieved from /opt/airflow/dags/consumer.py
[2023-10-02T13:28:31.879+0000] {logging_mixin.py:150} INFO - [2023-10-02T13:28:31.862+0000] {dag.py:2742} INFO - Sync 1 DAGs
[2023-10-02T13:28:32.292+0000] {logging_mixin.py:150} INFO - [2023-10-02T13:28:32.291+0000] {dag.py:3504} INFO - Setting next_dagrun for consumer to None, run_after=None
[2023-10-02T13:28:33.011+0000] {processor.py:179} INFO - Processing /opt/airflow/dags/consumer.py took 1.651 seconds
[2023-10-02T13:29:05.059+0000] {processor.py:157} INFO - Started process (PID=12981) to work on /opt/airflow/dags/consumer.py
[2023-10-02T13:29:05.069+0000] {processor.py:826} INFO - Processing file /opt/airflow/dags/consumer.py for tasks to queue
[2023-10-02T13:29:05.081+0000] {logging_mixin.py:150} INFO - [2023-10-02T13:29:05.080+0000] {dagbag.py:541} INFO - Filling up the DagBag from /opt/airflow/dags/consumer.py
[2023-10-02T13:29:05.130+0000] {processor.py:836} INFO - DAG(s) dict_keys(['consumer']) retrieved from /opt/airflow/dags/consumer.py
[2023-10-02T13:29:05.449+0000] {logging_mixin.py:150} INFO - [2023-10-02T13:29:05.448+0000] {dag.py:2742} INFO - Sync 1 DAGs
[2023-10-02T13:29:05.791+0000] {logging_mixin.py:150} INFO - [2023-10-02T13:29:05.791+0000] {dag.py:3504} INFO - Setting next_dagrun for consumer to None, run_after=None
[2023-10-02T13:29:06.250+0000] {processor.py:179} INFO - Processing /opt/airflow/dags/consumer.py took 1.240 seconds
[2023-10-02T13:29:38.941+0000] {processor.py:157} INFO - Started process (PID=13014) to work on /opt/airflow/dags/consumer.py
[2023-10-02T13:29:38.951+0000] {processor.py:826} INFO - Processing file /opt/airflow/dags/consumer.py for tasks to queue
[2023-10-02T13:29:38.970+0000] {logging_mixin.py:150} INFO - [2023-10-02T13:29:38.961+0000] {dagbag.py:541} INFO - Filling up the DagBag from /opt/airflow/dags/consumer.py
[2023-10-02T13:29:39.049+0000] {processor.py:836} INFO - DAG(s) dict_keys(['consumer']) retrieved from /opt/airflow/dags/consumer.py
[2023-10-02T13:29:39.480+0000] {logging_mixin.py:150} INFO - [2023-10-02T13:29:39.479+0000] {dag.py:2742} INFO - Sync 1 DAGs
[2023-10-02T13:29:39.921+0000] {logging_mixin.py:150} INFO - [2023-10-02T13:29:39.920+0000] {dag.py:3504} INFO - Setting next_dagrun for consumer to None, run_after=None
[2023-10-02T13:29:40.571+0000] {processor.py:179} INFO - Processing /opt/airflow/dags/consumer.py took 1.671 seconds
[2023-10-02T13:30:11.099+0000] {processor.py:157} INFO - Started process (PID=13033) to work on /opt/airflow/dags/consumer.py
[2023-10-02T13:30:11.111+0000] {processor.py:826} INFO - Processing file /opt/airflow/dags/consumer.py for tasks to queue
[2023-10-02T13:30:11.119+0000] {logging_mixin.py:150} INFO - [2023-10-02T13:30:11.119+0000] {dagbag.py:541} INFO - Filling up the DagBag from /opt/airflow/dags/consumer.py
[2023-10-02T13:30:11.168+0000] {processor.py:836} INFO - DAG(s) dict_keys(['consumer']) retrieved from /opt/airflow/dags/consumer.py
[2023-10-02T13:30:11.621+0000] {logging_mixin.py:150} INFO - [2023-10-02T13:30:11.620+0000] {dag.py:2742} INFO - Sync 1 DAGs
[2023-10-02T13:30:11.949+0000] {logging_mixin.py:150} INFO - [2023-10-02T13:30:11.941+0000] {dag.py:3504} INFO - Setting next_dagrun for consumer to None, run_after=None
[2023-10-02T13:30:12.379+0000] {processor.py:179} INFO - Processing /opt/airflow/dags/consumer.py took 1.310 seconds
[2023-10-02T13:30:43.050+0000] {processor.py:157} INFO - Started process (PID=13061) to work on /opt/airflow/dags/consumer.py
[2023-10-02T13:30:43.078+0000] {processor.py:826} INFO - Processing file /opt/airflow/dags/consumer.py for tasks to queue
[2023-10-02T13:30:43.081+0000] {logging_mixin.py:150} INFO - [2023-10-02T13:30:43.080+0000] {dagbag.py:541} INFO - Filling up the DagBag from /opt/airflow/dags/consumer.py
[2023-10-02T13:30:43.151+0000] {processor.py:836} INFO - DAG(s) dict_keys(['consumer']) retrieved from /opt/airflow/dags/consumer.py
[2023-10-02T13:30:43.631+0000] {logging_mixin.py:150} INFO - [2023-10-02T13:30:43.630+0000] {dag.py:2742} INFO - Sync 1 DAGs
[2023-10-02T13:30:44.031+0000] {logging_mixin.py:150} INFO - [2023-10-02T13:30:44.030+0000] {dag.py:3504} INFO - Setting next_dagrun for consumer to None, run_after=None
[2023-10-02T13:30:44.429+0000] {processor.py:179} INFO - Processing /opt/airflow/dags/consumer.py took 1.458 seconds
[2023-10-02T13:31:15.380+0000] {processor.py:157} INFO - Started process (PID=13087) to work on /opt/airflow/dags/consumer.py
[2023-10-02T13:31:15.400+0000] {processor.py:826} INFO - Processing file /opt/airflow/dags/consumer.py for tasks to queue
[2023-10-02T13:31:15.409+0000] {logging_mixin.py:150} INFO - [2023-10-02T13:31:15.401+0000] {dagbag.py:541} INFO - Filling up the DagBag from /opt/airflow/dags/consumer.py
[2023-10-02T13:31:15.540+0000] {processor.py:836} INFO - DAG(s) dict_keys(['consumer']) retrieved from /opt/airflow/dags/consumer.py
[2023-10-02T13:31:16.071+0000] {logging_mixin.py:150} INFO - [2023-10-02T13:31:16.051+0000] {dag.py:2742} INFO - Sync 1 DAGs
[2023-10-02T13:31:16.750+0000] {logging_mixin.py:150} INFO - [2023-10-02T13:31:16.749+0000] {dag.py:3504} INFO - Setting next_dagrun for consumer to None, run_after=None
[2023-10-02T13:31:17.390+0000] {processor.py:179} INFO - Processing /opt/airflow/dags/consumer.py took 2.070 seconds
[2023-10-02T13:31:47.850+0000] {processor.py:157} INFO - Started process (PID=13114) to work on /opt/airflow/dags/consumer.py
[2023-10-02T13:31:47.859+0000] {processor.py:826} INFO - Processing file /opt/airflow/dags/consumer.py for tasks to queue
[2023-10-02T13:31:47.889+0000] {logging_mixin.py:150} INFO - [2023-10-02T13:31:47.871+0000] {dagbag.py:541} INFO - Filling up the DagBag from /opt/airflow/dags/consumer.py
[2023-10-02T13:31:47.969+0000] {processor.py:836} INFO - DAG(s) dict_keys(['consumer']) retrieved from /opt/airflow/dags/consumer.py
[2023-10-02T13:31:48.229+0000] {logging_mixin.py:150} INFO - [2023-10-02T13:31:48.228+0000] {dag.py:2742} INFO - Sync 1 DAGs
[2023-10-02T13:31:48.540+0000] {logging_mixin.py:150} INFO - [2023-10-02T13:31:48.539+0000] {dag.py:3504} INFO - Setting next_dagrun for consumer to None, run_after=None
[2023-10-02T13:31:48.830+0000] {processor.py:179} INFO - Processing /opt/airflow/dags/consumer.py took 1.041 seconds
[2023-10-02T13:32:19.440+0000] {processor.py:157} INFO - Started process (PID=13142) to work on /opt/airflow/dags/consumer.py
[2023-10-02T13:32:19.449+0000] {processor.py:826} INFO - Processing file /opt/airflow/dags/consumer.py for tasks to queue
[2023-10-02T13:32:19.450+0000] {logging_mixin.py:150} INFO - [2023-10-02T13:32:19.450+0000] {dagbag.py:541} INFO - Filling up the DagBag from /opt/airflow/dags/consumer.py
[2023-10-02T13:32:19.508+0000] {processor.py:836} INFO - DAG(s) dict_keys(['consumer']) retrieved from /opt/airflow/dags/consumer.py
[2023-10-02T13:32:19.720+0000] {logging_mixin.py:150} INFO - [2023-10-02T13:32:19.719+0000] {dag.py:2742} INFO - Sync 1 DAGs
[2023-10-02T13:32:19.920+0000] {logging_mixin.py:150} INFO - [2023-10-02T13:32:19.919+0000] {dag.py:3504} INFO - Setting next_dagrun for consumer to None, run_after=None
[2023-10-02T13:32:20.190+0000] {processor.py:179} INFO - Processing /opt/airflow/dags/consumer.py took 0.781 seconds
[2023-10-02T13:32:55.739+0000] {processor.py:157} INFO - Started process (PID=13160) to work on /opt/airflow/dags/consumer.py
[2023-10-02T13:32:55.769+0000] {processor.py:826} INFO - Processing file /opt/airflow/dags/consumer.py for tasks to queue
[2023-10-02T13:32:55.789+0000] {logging_mixin.py:150} INFO - [2023-10-02T13:32:55.779+0000] {dagbag.py:541} INFO - Filling up the DagBag from /opt/airflow/dags/consumer.py
[2023-10-02T13:32:55.971+0000] {processor.py:836} INFO - DAG(s) dict_keys(['consumer']) retrieved from /opt/airflow/dags/consumer.py
[2023-10-02T13:32:56.690+0000] {logging_mixin.py:150} INFO - [2023-10-02T13:32:56.689+0000] {dag.py:2742} INFO - Sync 1 DAGs
[2023-10-02T13:32:57.791+0000] {logging_mixin.py:150} INFO - [2023-10-02T13:32:57.779+0000] {dag.py:3504} INFO - Setting next_dagrun for consumer to None, run_after=None
[2023-10-02T13:32:59.179+0000] {processor.py:179} INFO - Processing /opt/airflow/dags/consumer.py took 3.558 seconds
[2023-10-02T13:33:29.870+0000] {processor.py:157} INFO - Started process (PID=13189) to work on /opt/airflow/dags/consumer.py
[2023-10-02T13:33:29.909+0000] {processor.py:826} INFO - Processing file /opt/airflow/dags/consumer.py for tasks to queue
[2023-10-02T13:33:29.929+0000] {logging_mixin.py:150} INFO - [2023-10-02T13:33:29.910+0000] {dagbag.py:541} INFO - Filling up the DagBag from /opt/airflow/dags/consumer.py
[2023-10-02T13:33:30.118+0000] {processor.py:836} INFO - DAG(s) dict_keys(['consumer']) retrieved from /opt/airflow/dags/consumer.py
[2023-10-02T13:33:30.789+0000] {logging_mixin.py:150} INFO - [2023-10-02T13:33:30.780+0000] {dag.py:2742} INFO - Sync 1 DAGs
[2023-10-02T13:33:31.440+0000] {logging_mixin.py:150} INFO - [2023-10-02T13:33:31.439+0000] {dag.py:3504} INFO - Setting next_dagrun for consumer to None, run_after=None
[2023-10-02T13:33:32.129+0000] {processor.py:179} INFO - Processing /opt/airflow/dags/consumer.py took 2.430 seconds
[2023-10-02T13:34:02.450+0000] {processor.py:157} INFO - Started process (PID=13215) to work on /opt/airflow/dags/consumer.py
[2023-10-02T13:34:02.478+0000] {processor.py:826} INFO - Processing file /opt/airflow/dags/consumer.py for tasks to queue
[2023-10-02T13:34:02.480+0000] {logging_mixin.py:150} INFO - [2023-10-02T13:34:02.479+0000] {dagbag.py:541} INFO - Filling up the DagBag from /opt/airflow/dags/consumer.py
[2023-10-02T13:34:02.530+0000] {processor.py:836} INFO - DAG(s) dict_keys(['consumer']) retrieved from /opt/airflow/dags/consumer.py
[2023-10-02T13:34:02.879+0000] {logging_mixin.py:150} INFO - [2023-10-02T13:34:02.878+0000] {dag.py:2742} INFO - Sync 1 DAGs
[2023-10-02T13:34:03.319+0000] {logging_mixin.py:150} INFO - [2023-10-02T13:34:03.319+0000] {dag.py:3504} INFO - Setting next_dagrun for consumer to None, run_after=None
[2023-10-02T13:34:03.890+0000] {processor.py:179} INFO - Processing /opt/airflow/dags/consumer.py took 1.481 seconds
[2023-10-02T13:34:34.300+0000] {processor.py:157} INFO - Started process (PID=13243) to work on /opt/airflow/dags/consumer.py
[2023-10-02T13:34:34.310+0000] {processor.py:826} INFO - Processing file /opt/airflow/dags/consumer.py for tasks to queue
[2023-10-02T13:34:34.320+0000] {logging_mixin.py:150} INFO - [2023-10-02T13:34:34.319+0000] {dagbag.py:541} INFO - Filling up the DagBag from /opt/airflow/dags/consumer.py
[2023-10-02T13:34:34.370+0000] {processor.py:836} INFO - DAG(s) dict_keys(['consumer']) retrieved from /opt/airflow/dags/consumer.py
[2023-10-02T13:34:34.640+0000] {logging_mixin.py:150} INFO - [2023-10-02T13:34:34.640+0000] {dag.py:2742} INFO - Sync 1 DAGs
[2023-10-02T13:34:34.850+0000] {logging_mixin.py:150} INFO - [2023-10-02T13:34:34.850+0000] {dag.py:3504} INFO - Setting next_dagrun for consumer to None, run_after=None
[2023-10-02T13:34:35.059+0000] {processor.py:179} INFO - Processing /opt/airflow/dags/consumer.py took 0.790 seconds
[2023-10-02T13:35:05.288+0000] {processor.py:157} INFO - Started process (PID=13270) to work on /opt/airflow/dags/consumer.py
[2023-10-02T13:35:05.299+0000] {processor.py:826} INFO - Processing file /opt/airflow/dags/consumer.py for tasks to queue
[2023-10-02T13:35:05.300+0000] {logging_mixin.py:150} INFO - [2023-10-02T13:35:05.300+0000] {dagbag.py:541} INFO - Filling up the DagBag from /opt/airflow/dags/consumer.py
[2023-10-02T13:35:05.378+0000] {processor.py:836} INFO - DAG(s) dict_keys(['consumer']) retrieved from /opt/airflow/dags/consumer.py
[2023-10-02T13:35:05.719+0000] {logging_mixin.py:150} INFO - [2023-10-02T13:35:05.719+0000] {dag.py:2742} INFO - Sync 1 DAGs
[2023-10-02T13:35:06.170+0000] {logging_mixin.py:150} INFO - [2023-10-02T13:35:06.169+0000] {dag.py:3504} INFO - Setting next_dagrun for consumer to None, run_after=None
[2023-10-02T13:35:06.610+0000] {processor.py:179} INFO - Processing /opt/airflow/dags/consumer.py took 1.379 seconds
[2023-10-02T13:35:37.020+0000] {processor.py:157} INFO - Started process (PID=13296) to work on /opt/airflow/dags/consumer.py
[2023-10-02T13:35:37.029+0000] {processor.py:826} INFO - Processing file /opt/airflow/dags/consumer.py for tasks to queue
[2023-10-02T13:35:37.039+0000] {logging_mixin.py:150} INFO - [2023-10-02T13:35:37.038+0000] {dagbag.py:541} INFO - Filling up the DagBag from /opt/airflow/dags/consumer.py
[2023-10-02T13:35:37.119+0000] {processor.py:836} INFO - DAG(s) dict_keys(['consumer']) retrieved from /opt/airflow/dags/consumer.py
[2023-10-02T13:35:37.610+0000] {logging_mixin.py:150} INFO - [2023-10-02T13:35:37.609+0000] {dag.py:2742} INFO - Sync 1 DAGs
[2023-10-02T13:35:38.119+0000] {logging_mixin.py:150} INFO - [2023-10-02T13:35:38.110+0000] {dag.py:3504} INFO - Setting next_dagrun for consumer to None, run_after=None
[2023-10-02T13:35:38.699+0000] {processor.py:179} INFO - Processing /opt/airflow/dags/consumer.py took 1.789 seconds
[2023-10-02T13:36:08.958+0000] {processor.py:157} INFO - Started process (PID=13315) to work on /opt/airflow/dags/consumer.py
[2023-10-02T13:36:08.988+0000] {processor.py:826} INFO - Processing file /opt/airflow/dags/consumer.py for tasks to queue
[2023-10-02T13:36:08.990+0000] {logging_mixin.py:150} INFO - [2023-10-02T13:36:08.989+0000] {dagbag.py:541} INFO - Filling up the DagBag from /opt/airflow/dags/consumer.py
[2023-10-02T13:36:09.039+0000] {processor.py:836} INFO - DAG(s) dict_keys(['consumer']) retrieved from /opt/airflow/dags/consumer.py
[2023-10-02T13:36:09.299+0000] {logging_mixin.py:150} INFO - [2023-10-02T13:36:09.299+0000] {dag.py:2742} INFO - Sync 1 DAGs
[2023-10-02T13:36:09.559+0000] {logging_mixin.py:150} INFO - [2023-10-02T13:36:09.559+0000] {dag.py:3504} INFO - Setting next_dagrun for consumer to None, run_after=None
[2023-10-02T13:36:09.870+0000] {processor.py:179} INFO - Processing /opt/airflow/dags/consumer.py took 0.951 seconds
[2023-10-02T13:36:40.519+0000] {processor.py:157} INFO - Started process (PID=13343) to work on /opt/airflow/dags/consumer.py
[2023-10-02T13:36:40.529+0000] {processor.py:826} INFO - Processing file /opt/airflow/dags/consumer.py for tasks to queue
[2023-10-02T13:36:40.530+0000] {logging_mixin.py:150} INFO - [2023-10-02T13:36:40.529+0000] {dagbag.py:541} INFO - Filling up the DagBag from /opt/airflow/dags/consumer.py
[2023-10-02T13:36:40.589+0000] {processor.py:836} INFO - DAG(s) dict_keys(['consumer']) retrieved from /opt/airflow/dags/consumer.py
[2023-10-02T13:36:40.899+0000] {logging_mixin.py:150} INFO - [2023-10-02T13:36:40.899+0000] {dag.py:2742} INFO - Sync 1 DAGs
[2023-10-02T13:36:41.220+0000] {logging_mixin.py:150} INFO - [2023-10-02T13:36:41.219+0000] {dag.py:3504} INFO - Setting next_dagrun for consumer to None, run_after=None
[2023-10-02T13:36:41.719+0000] {processor.py:179} INFO - Processing /opt/airflow/dags/consumer.py took 1.250 seconds
[2023-10-02T13:37:12.830+0000] {processor.py:157} INFO - Started process (PID=13370) to work on /opt/airflow/dags/consumer.py
[2023-10-02T13:37:12.840+0000] {processor.py:826} INFO - Processing file /opt/airflow/dags/consumer.py for tasks to queue
[2023-10-02T13:37:12.869+0000] {logging_mixin.py:150} INFO - [2023-10-02T13:37:12.859+0000] {dagbag.py:541} INFO - Filling up the DagBag from /opt/airflow/dags/consumer.py
[2023-10-02T13:37:12.999+0000] {processor.py:836} INFO - DAG(s) dict_keys(['consumer']) retrieved from /opt/airflow/dags/consumer.py
[2023-10-02T13:37:13.459+0000] {logging_mixin.py:150} INFO - [2023-10-02T13:37:13.459+0000] {dag.py:2742} INFO - Sync 1 DAGs
[2023-10-02T13:37:13.909+0000] {logging_mixin.py:150} INFO - [2023-10-02T13:37:13.900+0000] {dag.py:3504} INFO - Setting next_dagrun for consumer to None, run_after=None
[2023-10-02T13:37:14.438+0000] {processor.py:179} INFO - Processing /opt/airflow/dags/consumer.py took 1.642 seconds
[2023-10-02T13:37:45.339+0000] {processor.py:157} INFO - Started process (PID=13397) to work on /opt/airflow/dags/consumer.py
[2023-10-02T13:37:45.359+0000] {processor.py:826} INFO - Processing file /opt/airflow/dags/consumer.py for tasks to queue
[2023-10-02T13:37:45.369+0000] {logging_mixin.py:150} INFO - [2023-10-02T13:37:45.369+0000] {dagbag.py:541} INFO - Filling up the DagBag from /opt/airflow/dags/consumer.py
[2023-10-02T13:37:45.459+0000] {processor.py:836} INFO - DAG(s) dict_keys(['consumer']) retrieved from /opt/airflow/dags/consumer.py
[2023-10-02T13:37:45.890+0000] {logging_mixin.py:150} INFO - [2023-10-02T13:37:45.889+0000] {dag.py:2742} INFO - Sync 1 DAGs
[2023-10-02T13:37:46.269+0000] {logging_mixin.py:150} INFO - [2023-10-02T13:37:46.269+0000] {dag.py:3504} INFO - Setting next_dagrun for consumer to None, run_after=None
[2023-10-02T13:37:46.959+0000] {processor.py:179} INFO - Processing /opt/airflow/dags/consumer.py took 1.700 seconds
[2023-10-02T13:38:17.379+0000] {processor.py:157} INFO - Started process (PID=13424) to work on /opt/airflow/dags/consumer.py
[2023-10-02T13:38:17.399+0000] {processor.py:826} INFO - Processing file /opt/airflow/dags/consumer.py for tasks to queue
[2023-10-02T13:38:17.419+0000] {logging_mixin.py:150} INFO - [2023-10-02T13:38:17.418+0000] {dagbag.py:541} INFO - Filling up the DagBag from /opt/airflow/dags/consumer.py
[2023-10-02T13:38:17.489+0000] {processor.py:836} INFO - DAG(s) dict_keys(['consumer']) retrieved from /opt/airflow/dags/consumer.py
[2023-10-02T13:38:17.788+0000] {logging_mixin.py:150} INFO - [2023-10-02T13:38:17.779+0000] {dag.py:2742} INFO - Sync 1 DAGs
[2023-10-02T13:38:18.069+0000] {logging_mixin.py:150} INFO - [2023-10-02T13:38:18.069+0000] {dag.py:3504} INFO - Setting next_dagrun for consumer to None, run_after=None
[2023-10-02T13:38:18.399+0000] {processor.py:179} INFO - Processing /opt/airflow/dags/consumer.py took 1.060 seconds
[2023-10-02T13:38:50.109+0000] {processor.py:157} INFO - Started process (PID=13453) to work on /opt/airflow/dags/consumer.py
[2023-10-02T13:38:50.119+0000] {processor.py:826} INFO - Processing file /opt/airflow/dags/consumer.py for tasks to queue
[2023-10-02T13:38:50.139+0000] {logging_mixin.py:150} INFO - [2023-10-02T13:38:50.129+0000] {dagbag.py:541} INFO - Filling up the DagBag from /opt/airflow/dags/consumer.py
[2023-10-02T13:38:50.379+0000] {processor.py:836} INFO - DAG(s) dict_keys(['consumer']) retrieved from /opt/airflow/dags/consumer.py
[2023-10-02T13:38:51.069+0000] {logging_mixin.py:150} INFO - [2023-10-02T13:38:51.059+0000] {dag.py:2742} INFO - Sync 1 DAGs
[2023-10-02T13:38:51.569+0000] {logging_mixin.py:150} INFO - [2023-10-02T13:38:51.569+0000] {dag.py:3504} INFO - Setting next_dagrun for consumer to None, run_after=None
[2023-10-02T13:38:52.419+0000] {processor.py:179} INFO - Processing /opt/airflow/dags/consumer.py took 2.360 seconds
[2023-10-02T13:39:22.999+0000] {processor.py:157} INFO - Started process (PID=13472) to work on /opt/airflow/dags/consumer.py
[2023-10-02T13:39:23.019+0000] {processor.py:826} INFO - Processing file /opt/airflow/dags/consumer.py for tasks to queue
[2023-10-02T13:39:23.049+0000] {logging_mixin.py:150} INFO - [2023-10-02T13:39:23.039+0000] {dagbag.py:541} INFO - Filling up the DagBag from /opt/airflow/dags/consumer.py
[2023-10-02T13:39:23.189+0000] {processor.py:836} INFO - DAG(s) dict_keys(['consumer']) retrieved from /opt/airflow/dags/consumer.py
[2023-10-02T13:39:24.549+0000] {logging_mixin.py:150} INFO - [2023-10-02T13:39:24.548+0000] {dag.py:2742} INFO - Sync 1 DAGs
[2023-10-02T13:39:25.389+0000] {logging_mixin.py:150} INFO - [2023-10-02T13:39:25.379+0000] {dag.py:3504} INFO - Setting next_dagrun for consumer to None, run_after=None
[2023-10-02T13:39:26.399+0000] {processor.py:179} INFO - Processing /opt/airflow/dags/consumer.py took 3.500 seconds
[2023-10-02T13:40:16.479+0000] {processor.py:157} INFO - Started process (PID=13510) to work on /opt/airflow/dags/consumer.py
[2023-10-02T13:40:16.509+0000] {processor.py:826} INFO - Processing file /opt/airflow/dags/consumer.py for tasks to queue
[2023-10-02T13:40:16.529+0000] {logging_mixin.py:150} INFO - [2023-10-02T13:40:16.528+0000] {dagbag.py:541} INFO - Filling up the DagBag from /opt/airflow/dags/consumer.py
[2023-10-02T13:40:16.679+0000] {processor.py:836} INFO - DAG(s) dict_keys(['consumer']) retrieved from /opt/airflow/dags/consumer.py
[2023-10-02T13:40:17.849+0000] {logging_mixin.py:150} INFO - [2023-10-02T13:40:17.848+0000] {dag.py:2742} INFO - Sync 1 DAGs
[2023-10-02T13:40:18.859+0000] {logging_mixin.py:150} INFO - [2023-10-02T13:40:18.849+0000] {dag.py:3504} INFO - Setting next_dagrun for consumer to None, run_after=None
[2023-10-02T13:40:20.158+0000] {processor.py:179} INFO - Processing /opt/airflow/dags/consumer.py took 3.790 seconds
[2023-10-02T13:41:45.568+0000] {processor.py:157} INFO - Started process (PID=13544) to work on /opt/airflow/dags/consumer.py
[2023-10-02T13:41:45.648+0000] {processor.py:826} INFO - Processing file /opt/airflow/dags/consumer.py for tasks to queue
[2023-10-02T13:41:45.728+0000] {logging_mixin.py:150} INFO - [2023-10-02T13:41:45.708+0000] {dagbag.py:541} INFO - Filling up the DagBag from /opt/airflow/dags/consumer.py
[2023-10-02T13:41:46.599+0000] {processor.py:836} INFO - DAG(s) dict_keys(['consumer']) retrieved from /opt/airflow/dags/consumer.py
[2023-10-02T13:41:50.318+0000] {logging_mixin.py:150} INFO - [2023-10-02T13:41:50.298+0000] {dag.py:2742} INFO - Sync 1 DAGs
[2023-10-02T13:41:58.169+0000] {logging_mixin.py:150} INFO - [2023-10-02T13:41:58.168+0000] {dag.py:3504} INFO - Setting next_dagrun for consumer to None, run_after=None
[2023-10-02T13:42:05.698+0000] {processor.py:179} INFO - Processing /opt/airflow/dags/consumer.py took 20.940 seconds
