[2023-10-02T13:00:50.406+0000] {processor.py:157} INFO - Started process (PID=11455) to work on /opt/airflow/dags/group_dag_no_subdags.py
[2023-10-02T13:00:50.445+0000] {processor.py:826} INFO - Processing file /opt/airflow/dags/group_dag_no_subdags.py for tasks to queue
[2023-10-02T13:00:50.447+0000] {logging_mixin.py:150} INFO - [2023-10-02T13:00:50.446+0000] {dagbag.py:541} INFO - Filling up the DagBag from /opt/airflow/dags/group_dag_no_subdags.py
[2023-10-02T13:00:50.805+0000] {processor.py:836} INFO - DAG(s) dict_keys(['group_dag_no_subdags']) retrieved from /opt/airflow/dags/group_dag_no_subdags.py
[2023-10-02T13:00:51.708+0000] {logging_mixin.py:150} INFO - [2023-10-02T13:00:51.707+0000] {dag.py:2742} INFO - Sync 1 DAGs
[2023-10-02T13:01:21.943+0000] {processor.py:157} INFO - Started process (PID=11507) to work on /opt/airflow/dags/group_dag_no_subdags.py
[2023-10-02T13:01:21.944+0000] {processor.py:826} INFO - Processing file /opt/airflow/dags/group_dag_no_subdags.py for tasks to queue
[2023-10-02T13:01:21.945+0000] {logging_mixin.py:150} INFO - [2023-10-02T13:01:21.944+0000] {dagbag.py:541} INFO - Filling up the DagBag from /opt/airflow/dags/group_dag_no_subdags.py
[2023-10-02T13:01:21.956+0000] {processor.py:836} INFO - DAG(s) dict_keys(['group_dag_no_subdags']) retrieved from /opt/airflow/dags/group_dag_no_subdags.py
[2023-10-02T13:01:21.984+0000] {logging_mixin.py:150} INFO - [2023-10-02T13:01:21.984+0000] {dag.py:2742} INFO - Sync 1 DAGs
[2023-10-02T13:01:22.011+0000] {logging_mixin.py:150} INFO - [2023-10-02T13:01:22.011+0000] {dag.py:3504} INFO - Setting next_dagrun for group_dag_no_subdags to 2023-10-02T00:00:00+00:00, run_after=2023-10-03T00:00:00+00:00
[2023-10-02T13:01:22.032+0000] {processor.py:179} INFO - Processing /opt/airflow/dags/group_dag_no_subdags.py took 0.093 seconds
[2023-10-02T13:01:52.062+0000] {processor.py:157} INFO - Started process (PID=11540) to work on /opt/airflow/dags/group_dag_no_subdags.py
[2023-10-02T13:01:52.064+0000] {processor.py:826} INFO - Processing file /opt/airflow/dags/group_dag_no_subdags.py for tasks to queue
[2023-10-02T13:01:52.065+0000] {logging_mixin.py:150} INFO - [2023-10-02T13:01:52.065+0000] {dagbag.py:541} INFO - Filling up the DagBag from /opt/airflow/dags/group_dag_no_subdags.py
[2023-10-02T13:01:52.080+0000] {processor.py:836} INFO - DAG(s) dict_keys(['group_dag_no_subdags']) retrieved from /opt/airflow/dags/group_dag_no_subdags.py
[2023-10-02T13:01:52.122+0000] {logging_mixin.py:150} INFO - [2023-10-02T13:01:52.122+0000] {dag.py:2742} INFO - Sync 1 DAGs
[2023-10-02T13:01:52.160+0000] {logging_mixin.py:150} INFO - [2023-10-02T13:01:52.159+0000] {dag.py:3504} INFO - Setting next_dagrun for group_dag_no_subdags to 2023-10-02T00:00:00+00:00, run_after=2023-10-03T00:00:00+00:00
[2023-10-02T13:01:52.192+0000] {processor.py:179} INFO - Processing /opt/airflow/dags/group_dag_no_subdags.py took 0.135 seconds
[2023-10-02T13:02:22.250+0000] {processor.py:157} INFO - Started process (PID=11572) to work on /opt/airflow/dags/group_dag_no_subdags.py
[2023-10-02T13:02:22.251+0000] {processor.py:826} INFO - Processing file /opt/airflow/dags/group_dag_no_subdags.py for tasks to queue
[2023-10-02T13:02:22.253+0000] {logging_mixin.py:150} INFO - [2023-10-02T13:02:22.252+0000] {dagbag.py:541} INFO - Filling up the DagBag from /opt/airflow/dags/group_dag_no_subdags.py
[2023-10-02T13:02:22.268+0000] {processor.py:836} INFO - DAG(s) dict_keys(['group_dag_no_subdags']) retrieved from /opt/airflow/dags/group_dag_no_subdags.py
[2023-10-02T13:02:22.301+0000] {logging_mixin.py:150} INFO - [2023-10-02T13:02:22.301+0000] {dag.py:2742} INFO - Sync 1 DAGs
[2023-10-02T13:02:22.330+0000] {logging_mixin.py:150} INFO - [2023-10-02T13:02:22.330+0000] {dag.py:3504} INFO - Setting next_dagrun for group_dag_no_subdags to 2023-10-02T00:00:00+00:00, run_after=2023-10-03T00:00:00+00:00
[2023-10-02T13:02:22.352+0000] {processor.py:179} INFO - Processing /opt/airflow/dags/group_dag_no_subdags.py took 0.107 seconds
[2023-10-02T13:02:52.410+0000] {processor.py:157} INFO - Started process (PID=11600) to work on /opt/airflow/dags/group_dag_no_subdags.py
[2023-10-02T13:02:52.411+0000] {processor.py:826} INFO - Processing file /opt/airflow/dags/group_dag_no_subdags.py for tasks to queue
[2023-10-02T13:02:52.412+0000] {logging_mixin.py:150} INFO - [2023-10-02T13:02:52.412+0000] {dagbag.py:541} INFO - Filling up the DagBag from /opt/airflow/dags/group_dag_no_subdags.py
[2023-10-02T13:02:52.425+0000] {processor.py:836} INFO - DAG(s) dict_keys(['group_dag_no_subdags']) retrieved from /opt/airflow/dags/group_dag_no_subdags.py
[2023-10-02T13:02:52.454+0000] {logging_mixin.py:150} INFO - [2023-10-02T13:02:52.454+0000] {dag.py:2742} INFO - Sync 1 DAGs
[2023-10-02T13:02:52.482+0000] {logging_mixin.py:150} INFO - [2023-10-02T13:02:52.482+0000] {dag.py:3504} INFO - Setting next_dagrun for group_dag_no_subdags to 2023-10-02T00:00:00+00:00, run_after=2023-10-03T00:00:00+00:00
[2023-10-02T13:02:52.505+0000] {processor.py:179} INFO - Processing /opt/airflow/dags/group_dag_no_subdags.py took 0.099 seconds
[2023-10-02T13:03:22.656+0000] {processor.py:157} INFO - Started process (PID=11627) to work on /opt/airflow/dags/group_dag_no_subdags.py
[2023-10-02T13:03:22.657+0000] {processor.py:826} INFO - Processing file /opt/airflow/dags/group_dag_no_subdags.py for tasks to queue
[2023-10-02T13:03:22.658+0000] {logging_mixin.py:150} INFO - [2023-10-02T13:03:22.657+0000] {dagbag.py:541} INFO - Filling up the DagBag from /opt/airflow/dags/group_dag_no_subdags.py
[2023-10-02T13:03:22.671+0000] {processor.py:836} INFO - DAG(s) dict_keys(['group_dag_no_subdags']) retrieved from /opt/airflow/dags/group_dag_no_subdags.py
[2023-10-02T13:03:22.701+0000] {logging_mixin.py:150} INFO - [2023-10-02T13:03:22.701+0000] {dag.py:2742} INFO - Sync 1 DAGs
[2023-10-02T13:03:22.729+0000] {logging_mixin.py:150} INFO - [2023-10-02T13:03:22.729+0000] {dag.py:3504} INFO - Setting next_dagrun for group_dag_no_subdags to 2023-10-02T00:00:00+00:00, run_after=2023-10-03T00:00:00+00:00
[2023-10-02T13:03:22.752+0000] {processor.py:179} INFO - Processing /opt/airflow/dags/group_dag_no_subdags.py took 0.099 seconds
[2023-10-02T13:03:52.842+0000] {processor.py:157} INFO - Started process (PID=11654) to work on /opt/airflow/dags/group_dag_no_subdags.py
[2023-10-02T13:03:52.843+0000] {processor.py:826} INFO - Processing file /opt/airflow/dags/group_dag_no_subdags.py for tasks to queue
[2023-10-02T13:03:52.844+0000] {logging_mixin.py:150} INFO - [2023-10-02T13:03:52.844+0000] {dagbag.py:541} INFO - Filling up the DagBag from /opt/airflow/dags/group_dag_no_subdags.py
[2023-10-02T13:03:52.860+0000] {processor.py:836} INFO - DAG(s) dict_keys(['group_dag_no_subdags']) retrieved from /opt/airflow/dags/group_dag_no_subdags.py
[2023-10-02T13:03:52.896+0000] {logging_mixin.py:150} INFO - [2023-10-02T13:03:52.896+0000] {dag.py:2742} INFO - Sync 1 DAGs
[2023-10-02T13:03:52.925+0000] {logging_mixin.py:150} INFO - [2023-10-02T13:03:52.925+0000] {dag.py:3504} INFO - Setting next_dagrun for group_dag_no_subdags to 2023-10-02T00:00:00+00:00, run_after=2023-10-03T00:00:00+00:00
[2023-10-02T13:03:52.946+0000] {processor.py:179} INFO - Processing /opt/airflow/dags/group_dag_no_subdags.py took 0.110 seconds
[2023-10-02T13:04:23.272+0000] {processor.py:157} INFO - Started process (PID=11681) to work on /opt/airflow/dags/group_dag_no_subdags.py
[2023-10-02T13:04:23.274+0000] {processor.py:826} INFO - Processing file /opt/airflow/dags/group_dag_no_subdags.py for tasks to queue
[2023-10-02T13:04:23.275+0000] {logging_mixin.py:150} INFO - [2023-10-02T13:04:23.275+0000] {dagbag.py:541} INFO - Filling up the DagBag from /opt/airflow/dags/group_dag_no_subdags.py
[2023-10-02T13:04:23.301+0000] {processor.py:836} INFO - DAG(s) dict_keys(['group_dag_no_subdags']) retrieved from /opt/airflow/dags/group_dag_no_subdags.py
[2023-10-02T13:04:23.342+0000] {logging_mixin.py:150} INFO - [2023-10-02T13:04:23.341+0000] {dag.py:2742} INFO - Sync 1 DAGs
[2023-10-02T13:04:23.395+0000] {logging_mixin.py:150} INFO - [2023-10-02T13:04:23.395+0000] {dag.py:3504} INFO - Setting next_dagrun for group_dag_no_subdags to 2023-10-02T00:00:00+00:00, run_after=2023-10-03T00:00:00+00:00
[2023-10-02T13:04:23.429+0000] {processor.py:179} INFO - Processing /opt/airflow/dags/group_dag_no_subdags.py took 0.168 seconds
[2023-10-02T13:04:54.400+0000] {processor.py:157} INFO - Started process (PID=11708) to work on /opt/airflow/dags/group_dag_no_subdags.py
[2023-10-02T13:04:54.402+0000] {processor.py:826} INFO - Processing file /opt/airflow/dags/group_dag_no_subdags.py for tasks to queue
[2023-10-02T13:04:54.403+0000] {logging_mixin.py:150} INFO - [2023-10-02T13:04:54.403+0000] {dagbag.py:541} INFO - Filling up the DagBag from /opt/airflow/dags/group_dag_no_subdags.py
[2023-10-02T13:04:54.420+0000] {processor.py:836} INFO - DAG(s) dict_keys(['group_dag_no_subdags']) retrieved from /opt/airflow/dags/group_dag_no_subdags.py
[2023-10-02T13:04:54.451+0000] {logging_mixin.py:150} INFO - [2023-10-02T13:04:54.450+0000] {dag.py:2742} INFO - Sync 1 DAGs
[2023-10-02T13:04:54.481+0000] {logging_mixin.py:150} INFO - [2023-10-02T13:04:54.480+0000] {dag.py:3504} INFO - Setting next_dagrun for group_dag_no_subdags to 2023-10-02T00:00:00+00:00, run_after=2023-10-03T00:00:00+00:00
[2023-10-02T13:04:54.506+0000] {processor.py:179} INFO - Processing /opt/airflow/dags/group_dag_no_subdags.py took 0.110 seconds
[2023-10-02T13:05:24.767+0000] {processor.py:157} INFO - Started process (PID=11735) to work on /opt/airflow/dags/group_dag_no_subdags.py
[2023-10-02T13:05:24.770+0000] {processor.py:826} INFO - Processing file /opt/airflow/dags/group_dag_no_subdags.py for tasks to queue
[2023-10-02T13:05:24.770+0000] {logging_mixin.py:150} INFO - [2023-10-02T13:05:24.770+0000] {dagbag.py:541} INFO - Filling up the DagBag from /opt/airflow/dags/group_dag_no_subdags.py
[2023-10-02T13:05:24.784+0000] {processor.py:836} INFO - DAG(s) dict_keys(['group_dag_no_subdags']) retrieved from /opt/airflow/dags/group_dag_no_subdags.py
[2023-10-02T13:05:24.822+0000] {logging_mixin.py:150} INFO - [2023-10-02T13:05:24.822+0000] {dag.py:2742} INFO - Sync 1 DAGs
[2023-10-02T13:05:24.855+0000] {logging_mixin.py:150} INFO - [2023-10-02T13:05:24.855+0000] {dag.py:3504} INFO - Setting next_dagrun for group_dag_no_subdags to 2023-10-02T00:00:00+00:00, run_after=2023-10-03T00:00:00+00:00
[2023-10-02T13:05:24.889+0000] {processor.py:179} INFO - Processing /opt/airflow/dags/group_dag_no_subdags.py took 0.125 seconds
[2023-10-02T13:05:54.944+0000] {processor.py:157} INFO - Started process (PID=11764) to work on /opt/airflow/dags/group_dag_no_subdags.py
[2023-10-02T13:05:54.945+0000] {processor.py:826} INFO - Processing file /opt/airflow/dags/group_dag_no_subdags.py for tasks to queue
[2023-10-02T13:05:54.946+0000] {logging_mixin.py:150} INFO - [2023-10-02T13:05:54.946+0000] {dagbag.py:541} INFO - Filling up the DagBag from /opt/airflow/dags/group_dag_no_subdags.py
[2023-10-02T13:05:54.960+0000] {processor.py:836} INFO - DAG(s) dict_keys(['group_dag_no_subdags']) retrieved from /opt/airflow/dags/group_dag_no_subdags.py
[2023-10-02T13:05:54.991+0000] {logging_mixin.py:150} INFO - [2023-10-02T13:05:54.991+0000] {dag.py:2742} INFO - Sync 1 DAGs
[2023-10-02T13:05:55.021+0000] {logging_mixin.py:150} INFO - [2023-10-02T13:05:55.021+0000] {dag.py:3504} INFO - Setting next_dagrun for group_dag_no_subdags to 2023-10-02T00:00:00+00:00, run_after=2023-10-03T00:00:00+00:00
[2023-10-02T13:05:55.056+0000] {processor.py:179} INFO - Processing /opt/airflow/dags/group_dag_no_subdags.py took 0.116 seconds
[2023-10-02T13:06:25.220+0000] {processor.py:157} INFO - Started process (PID=11789) to work on /opt/airflow/dags/group_dag_no_subdags.py
[2023-10-02T13:06:25.221+0000] {processor.py:826} INFO - Processing file /opt/airflow/dags/group_dag_no_subdags.py for tasks to queue
[2023-10-02T13:06:25.222+0000] {logging_mixin.py:150} INFO - [2023-10-02T13:06:25.222+0000] {dagbag.py:541} INFO - Filling up the DagBag from /opt/airflow/dags/group_dag_no_subdags.py
[2023-10-02T13:06:25.252+0000] {processor.py:836} INFO - DAG(s) dict_keys(['group_dag_no_subdags']) retrieved from /opt/airflow/dags/group_dag_no_subdags.py
[2023-10-02T13:06:25.332+0000] {logging_mixin.py:150} INFO - [2023-10-02T13:06:25.332+0000] {dag.py:2742} INFO - Sync 1 DAGs
[2023-10-02T13:06:25.414+0000] {logging_mixin.py:150} INFO - [2023-10-02T13:06:25.414+0000] {dag.py:3504} INFO - Setting next_dagrun for group_dag_no_subdags to 2023-10-02T00:00:00+00:00, run_after=2023-10-03T00:00:00+00:00
[2023-10-02T13:06:25.457+0000] {processor.py:179} INFO - Processing /opt/airflow/dags/group_dag_no_subdags.py took 0.245 seconds
[2023-10-02T13:06:56.062+0000] {processor.py:157} INFO - Started process (PID=11816) to work on /opt/airflow/dags/group_dag_no_subdags.py
[2023-10-02T13:06:56.065+0000] {processor.py:826} INFO - Processing file /opt/airflow/dags/group_dag_no_subdags.py for tasks to queue
[2023-10-02T13:06:56.066+0000] {logging_mixin.py:150} INFO - [2023-10-02T13:06:56.066+0000] {dagbag.py:541} INFO - Filling up the DagBag from /opt/airflow/dags/group_dag_no_subdags.py
[2023-10-02T13:06:56.093+0000] {processor.py:836} INFO - DAG(s) dict_keys(['group_dag_no_subdags']) retrieved from /opt/airflow/dags/group_dag_no_subdags.py
[2023-10-02T13:06:56.140+0000] {logging_mixin.py:150} INFO - [2023-10-02T13:06:56.140+0000] {dag.py:2742} INFO - Sync 1 DAGs
[2023-10-02T13:06:56.201+0000] {logging_mixin.py:150} INFO - [2023-10-02T13:06:56.201+0000] {dag.py:3504} INFO - Setting next_dagrun for group_dag_no_subdags to 2023-10-02T00:00:00+00:00, run_after=2023-10-03T00:00:00+00:00
[2023-10-02T13:06:56.225+0000] {processor.py:179} INFO - Processing /opt/airflow/dags/group_dag_no_subdags.py took 0.166 seconds
[2023-10-02T13:07:26.862+0000] {processor.py:157} INFO - Started process (PID=11843) to work on /opt/airflow/dags/group_dag_no_subdags.py
[2023-10-02T13:07:26.863+0000] {processor.py:826} INFO - Processing file /opt/airflow/dags/group_dag_no_subdags.py for tasks to queue
[2023-10-02T13:07:26.864+0000] {logging_mixin.py:150} INFO - [2023-10-02T13:07:26.864+0000] {dagbag.py:541} INFO - Filling up the DagBag from /opt/airflow/dags/group_dag_no_subdags.py
[2023-10-02T13:07:26.882+0000] {processor.py:836} INFO - DAG(s) dict_keys(['group_dag_no_subdags']) retrieved from /opt/airflow/dags/group_dag_no_subdags.py
[2023-10-02T13:07:26.951+0000] {logging_mixin.py:150} INFO - [2023-10-02T13:07:26.951+0000] {dag.py:2742} INFO - Sync 1 DAGs
[2023-10-02T13:07:26.994+0000] {logging_mixin.py:150} INFO - [2023-10-02T13:07:26.994+0000] {dag.py:3504} INFO - Setting next_dagrun for group_dag_no_subdags to 2023-10-02T00:00:00+00:00, run_after=2023-10-03T00:00:00+00:00
[2023-10-02T13:07:27.031+0000] {processor.py:179} INFO - Processing /opt/airflow/dags/group_dag_no_subdags.py took 0.172 seconds
[2023-10-02T13:07:57.461+0000] {processor.py:157} INFO - Started process (PID=11870) to work on /opt/airflow/dags/group_dag_no_subdags.py
[2023-10-02T13:07:57.462+0000] {processor.py:826} INFO - Processing file /opt/airflow/dags/group_dag_no_subdags.py for tasks to queue
[2023-10-02T13:07:57.463+0000] {logging_mixin.py:150} INFO - [2023-10-02T13:07:57.463+0000] {dagbag.py:541} INFO - Filling up the DagBag from /opt/airflow/dags/group_dag_no_subdags.py
[2023-10-02T13:07:57.476+0000] {processor.py:836} INFO - DAG(s) dict_keys(['group_dag_no_subdags']) retrieved from /opt/airflow/dags/group_dag_no_subdags.py
[2023-10-02T13:07:57.523+0000] {logging_mixin.py:150} INFO - [2023-10-02T13:07:57.522+0000] {dag.py:2742} INFO - Sync 1 DAGs
[2023-10-02T13:07:57.566+0000] {logging_mixin.py:150} INFO - [2023-10-02T13:07:57.566+0000] {dag.py:3504} INFO - Setting next_dagrun for group_dag_no_subdags to 2023-10-02T00:00:00+00:00, run_after=2023-10-03T00:00:00+00:00
[2023-10-02T13:07:57.610+0000] {processor.py:179} INFO - Processing /opt/airflow/dags/group_dag_no_subdags.py took 0.158 seconds
[2023-10-02T13:08:27.722+0000] {processor.py:157} INFO - Started process (PID=11897) to work on /opt/airflow/dags/group_dag_no_subdags.py
[2023-10-02T13:08:27.726+0000] {processor.py:826} INFO - Processing file /opt/airflow/dags/group_dag_no_subdags.py for tasks to queue
[2023-10-02T13:08:27.732+0000] {logging_mixin.py:150} INFO - [2023-10-02T13:08:27.732+0000] {dagbag.py:541} INFO - Filling up the DagBag from /opt/airflow/dags/group_dag_no_subdags.py
[2023-10-02T13:08:27.783+0000] {processor.py:836} INFO - DAG(s) dict_keys(['group_dag_no_subdags']) retrieved from /opt/airflow/dags/group_dag_no_subdags.py
[2023-10-02T13:08:27.972+0000] {logging_mixin.py:150} INFO - [2023-10-02T13:08:27.972+0000] {dag.py:2742} INFO - Sync 1 DAGs
[2023-10-02T13:08:28.080+0000] {logging_mixin.py:150} INFO - [2023-10-02T13:08:28.080+0000] {dag.py:3504} INFO - Setting next_dagrun for group_dag_no_subdags to 2023-10-02T00:00:00+00:00, run_after=2023-10-03T00:00:00+00:00
[2023-10-02T13:08:28.133+0000] {processor.py:179} INFO - Processing /opt/airflow/dags/group_dag_no_subdags.py took 0.440 seconds
[2023-10-02T13:08:58.299+0000] {processor.py:157} INFO - Started process (PID=11927) to work on /opt/airflow/dags/group_dag_no_subdags.py
[2023-10-02T13:08:58.303+0000] {processor.py:826} INFO - Processing file /opt/airflow/dags/group_dag_no_subdags.py for tasks to queue
[2023-10-02T13:08:58.306+0000] {logging_mixin.py:150} INFO - [2023-10-02T13:08:58.304+0000] {dagbag.py:541} INFO - Filling up the DagBag from /opt/airflow/dags/group_dag_no_subdags.py
[2023-10-02T13:08:58.329+0000] {processor.py:836} INFO - DAG(s) dict_keys(['group_dag_no_subdags']) retrieved from /opt/airflow/dags/group_dag_no_subdags.py
[2023-10-02T13:08:58.365+0000] {logging_mixin.py:150} INFO - [2023-10-02T13:08:58.364+0000] {dag.py:2742} INFO - Sync 1 DAGs
[2023-10-02T13:08:58.412+0000] {logging_mixin.py:150} INFO - [2023-10-02T13:08:58.412+0000] {dag.py:3504} INFO - Setting next_dagrun for group_dag_no_subdags to 2023-10-02T00:00:00+00:00, run_after=2023-10-03T00:00:00+00:00
[2023-10-02T13:08:58.442+0000] {processor.py:179} INFO - Processing /opt/airflow/dags/group_dag_no_subdags.py took 0.159 seconds
[2023-10-02T13:09:28.571+0000] {processor.py:157} INFO - Started process (PID=11954) to work on /opt/airflow/dags/group_dag_no_subdags.py
[2023-10-02T13:09:28.573+0000] {processor.py:826} INFO - Processing file /opt/airflow/dags/group_dag_no_subdags.py for tasks to queue
[2023-10-02T13:09:28.574+0000] {logging_mixin.py:150} INFO - [2023-10-02T13:09:28.574+0000] {dagbag.py:541} INFO - Filling up the DagBag from /opt/airflow/dags/group_dag_no_subdags.py
[2023-10-02T13:09:28.589+0000] {processor.py:836} INFO - DAG(s) dict_keys(['group_dag_no_subdags']) retrieved from /opt/airflow/dags/group_dag_no_subdags.py
[2023-10-02T13:09:28.633+0000] {logging_mixin.py:150} INFO - [2023-10-02T13:09:28.633+0000] {dag.py:2742} INFO - Sync 1 DAGs
[2023-10-02T13:09:28.674+0000] {logging_mixin.py:150} INFO - [2023-10-02T13:09:28.674+0000] {dag.py:3504} INFO - Setting next_dagrun for group_dag_no_subdags to 2023-10-02T00:00:00+00:00, run_after=2023-10-03T00:00:00+00:00
[2023-10-02T13:09:28.711+0000] {processor.py:179} INFO - Processing /opt/airflow/dags/group_dag_no_subdags.py took 0.146 seconds
[2023-10-02T13:09:58.882+0000] {processor.py:157} INFO - Started process (PID=11979) to work on /opt/airflow/dags/group_dag_no_subdags.py
[2023-10-02T13:09:58.883+0000] {processor.py:826} INFO - Processing file /opt/airflow/dags/group_dag_no_subdags.py for tasks to queue
[2023-10-02T13:09:58.885+0000] {logging_mixin.py:150} INFO - [2023-10-02T13:09:58.884+0000] {dagbag.py:541} INFO - Filling up the DagBag from /opt/airflow/dags/group_dag_no_subdags.py
[2023-10-02T13:09:58.905+0000] {processor.py:836} INFO - DAG(s) dict_keys(['group_dag_no_subdags']) retrieved from /opt/airflow/dags/group_dag_no_subdags.py
[2023-10-02T13:09:58.953+0000] {logging_mixin.py:150} INFO - [2023-10-02T13:09:58.953+0000] {dag.py:2742} INFO - Sync 1 DAGs
[2023-10-02T13:09:58.994+0000] {logging_mixin.py:150} INFO - [2023-10-02T13:09:58.994+0000] {dag.py:3504} INFO - Setting next_dagrun for group_dag_no_subdags to 2023-10-02T00:00:00+00:00, run_after=2023-10-03T00:00:00+00:00
[2023-10-02T13:09:59.029+0000] {processor.py:179} INFO - Processing /opt/airflow/dags/group_dag_no_subdags.py took 0.154 seconds
[2023-10-02T13:10:29.310+0000] {processor.py:157} INFO - Started process (PID=12006) to work on /opt/airflow/dags/group_dag_no_subdags.py
[2023-10-02T13:10:29.311+0000] {processor.py:826} INFO - Processing file /opt/airflow/dags/group_dag_no_subdags.py for tasks to queue
[2023-10-02T13:10:29.312+0000] {logging_mixin.py:150} INFO - [2023-10-02T13:10:29.312+0000] {dagbag.py:541} INFO - Filling up the DagBag from /opt/airflow/dags/group_dag_no_subdags.py
[2023-10-02T13:10:29.329+0000] {processor.py:836} INFO - DAG(s) dict_keys(['group_dag_no_subdags']) retrieved from /opt/airflow/dags/group_dag_no_subdags.py
[2023-10-02T13:10:29.368+0000] {logging_mixin.py:150} INFO - [2023-10-02T13:10:29.366+0000] {dag.py:2742} INFO - Sync 1 DAGs
[2023-10-02T13:10:29.412+0000] {logging_mixin.py:150} INFO - [2023-10-02T13:10:29.412+0000] {dag.py:3504} INFO - Setting next_dagrun for group_dag_no_subdags to 2023-10-02T00:00:00+00:00, run_after=2023-10-03T00:00:00+00:00
[2023-10-02T13:10:29.443+0000] {processor.py:179} INFO - Processing /opt/airflow/dags/group_dag_no_subdags.py took 0.139 seconds
[2023-10-02T13:10:59.704+0000] {processor.py:157} INFO - Started process (PID=12033) to work on /opt/airflow/dags/group_dag_no_subdags.py
[2023-10-02T13:10:59.706+0000] {processor.py:826} INFO - Processing file /opt/airflow/dags/group_dag_no_subdags.py for tasks to queue
[2023-10-02T13:10:59.709+0000] {logging_mixin.py:150} INFO - [2023-10-02T13:10:59.709+0000] {dagbag.py:541} INFO - Filling up the DagBag from /opt/airflow/dags/group_dag_no_subdags.py
[2023-10-02T13:10:59.723+0000] {processor.py:836} INFO - DAG(s) dict_keys(['group_dag_no_subdags']) retrieved from /opt/airflow/dags/group_dag_no_subdags.py
[2023-10-02T13:10:59.763+0000] {logging_mixin.py:150} INFO - [2023-10-02T13:10:59.762+0000] {dag.py:2742} INFO - Sync 1 DAGs
[2023-10-02T13:10:59.799+0000] {logging_mixin.py:150} INFO - [2023-10-02T13:10:59.799+0000] {dag.py:3504} INFO - Setting next_dagrun for group_dag_no_subdags to 2023-10-02T00:00:00+00:00, run_after=2023-10-03T00:00:00+00:00
[2023-10-02T13:10:59.825+0000] {processor.py:179} INFO - Processing /opt/airflow/dags/group_dag_no_subdags.py took 0.123 seconds
[2023-10-02T13:11:30.118+0000] {processor.py:157} INFO - Started process (PID=12060) to work on /opt/airflow/dags/group_dag_no_subdags.py
[2023-10-02T13:11:30.120+0000] {processor.py:826} INFO - Processing file /opt/airflow/dags/group_dag_no_subdags.py for tasks to queue
[2023-10-02T13:11:30.121+0000] {logging_mixin.py:150} INFO - [2023-10-02T13:11:30.120+0000] {dagbag.py:541} INFO - Filling up the DagBag from /opt/airflow/dags/group_dag_no_subdags.py
[2023-10-02T13:11:30.134+0000] {processor.py:836} INFO - DAG(s) dict_keys(['group_dag_no_subdags']) retrieved from /opt/airflow/dags/group_dag_no_subdags.py
[2023-10-02T13:11:30.171+0000] {logging_mixin.py:150} INFO - [2023-10-02T13:11:30.171+0000] {dag.py:2742} INFO - Sync 1 DAGs
[2023-10-02T13:11:30.210+0000] {logging_mixin.py:150} INFO - [2023-10-02T13:11:30.209+0000] {dag.py:3504} INFO - Setting next_dagrun for group_dag_no_subdags to 2023-10-02T00:00:00+00:00, run_after=2023-10-03T00:00:00+00:00
[2023-10-02T13:11:30.242+0000] {processor.py:179} INFO - Processing /opt/airflow/dags/group_dag_no_subdags.py took 0.130 seconds
[2023-10-02T13:12:00.692+0000] {processor.py:157} INFO - Started process (PID=12087) to work on /opt/airflow/dags/group_dag_no_subdags.py
[2023-10-02T13:12:00.693+0000] {processor.py:826} INFO - Processing file /opt/airflow/dags/group_dag_no_subdags.py for tasks to queue
[2023-10-02T13:12:00.694+0000] {logging_mixin.py:150} INFO - [2023-10-02T13:12:00.693+0000] {dagbag.py:541} INFO - Filling up the DagBag from /opt/airflow/dags/group_dag_no_subdags.py
[2023-10-02T13:12:00.711+0000] {processor.py:836} INFO - DAG(s) dict_keys(['group_dag_no_subdags']) retrieved from /opt/airflow/dags/group_dag_no_subdags.py
[2023-10-02T13:12:00.750+0000] {logging_mixin.py:150} INFO - [2023-10-02T13:12:00.750+0000] {dag.py:2742} INFO - Sync 1 DAGs
[2023-10-02T13:12:00.789+0000] {logging_mixin.py:150} INFO - [2023-10-02T13:12:00.788+0000] {dag.py:3504} INFO - Setting next_dagrun for group_dag_no_subdags to 2023-10-02T00:00:00+00:00, run_after=2023-10-03T00:00:00+00:00
[2023-10-02T13:12:00.820+0000] {processor.py:179} INFO - Processing /opt/airflow/dags/group_dag_no_subdags.py took 0.131 seconds
[2023-10-02T13:12:31.369+0000] {processor.py:157} INFO - Started process (PID=12115) to work on /opt/airflow/dags/group_dag_no_subdags.py
[2023-10-02T13:12:31.370+0000] {processor.py:826} INFO - Processing file /opt/airflow/dags/group_dag_no_subdags.py for tasks to queue
[2023-10-02T13:12:31.372+0000] {logging_mixin.py:150} INFO - [2023-10-02T13:12:31.371+0000] {dagbag.py:541} INFO - Filling up the DagBag from /opt/airflow/dags/group_dag_no_subdags.py
[2023-10-02T13:12:31.392+0000] {processor.py:836} INFO - DAG(s) dict_keys(['group_dag_no_subdags']) retrieved from /opt/airflow/dags/group_dag_no_subdags.py
[2023-10-02T13:12:31.433+0000] {logging_mixin.py:150} INFO - [2023-10-02T13:12:31.433+0000] {dag.py:2742} INFO - Sync 1 DAGs
[2023-10-02T13:12:31.481+0000] {logging_mixin.py:150} INFO - [2023-10-02T13:12:31.480+0000] {dag.py:3504} INFO - Setting next_dagrun for group_dag_no_subdags to 2023-10-02T00:00:00+00:00, run_after=2023-10-03T00:00:00+00:00
[2023-10-02T13:12:31.528+0000] {processor.py:179} INFO - Processing /opt/airflow/dags/group_dag_no_subdags.py took 0.164 seconds
[2023-10-02T13:13:02.189+0000] {processor.py:157} INFO - Started process (PID=12142) to work on /opt/airflow/dags/group_dag_no_subdags.py
[2023-10-02T13:13:02.191+0000] {processor.py:826} INFO - Processing file /opt/airflow/dags/group_dag_no_subdags.py for tasks to queue
[2023-10-02T13:13:02.191+0000] {logging_mixin.py:150} INFO - [2023-10-02T13:13:02.191+0000] {dagbag.py:541} INFO - Filling up the DagBag from /opt/airflow/dags/group_dag_no_subdags.py
[2023-10-02T13:13:02.210+0000] {processor.py:836} INFO - DAG(s) dict_keys(['group_dag_no_subdags']) retrieved from /opt/airflow/dags/group_dag_no_subdags.py
[2023-10-02T13:13:02.253+0000] {logging_mixin.py:150} INFO - [2023-10-02T13:13:02.253+0000] {dag.py:2742} INFO - Sync 1 DAGs
[2023-10-02T13:13:02.295+0000] {logging_mixin.py:150} INFO - [2023-10-02T13:13:02.294+0000] {dag.py:3504} INFO - Setting next_dagrun for group_dag_no_subdags to 2023-10-02T00:00:00+00:00, run_after=2023-10-03T00:00:00+00:00
[2023-10-02T13:13:02.332+0000] {processor.py:179} INFO - Processing /opt/airflow/dags/group_dag_no_subdags.py took 0.150 seconds
[2023-10-02T13:13:32.984+0000] {processor.py:157} INFO - Started process (PID=12169) to work on /opt/airflow/dags/group_dag_no_subdags.py
[2023-10-02T13:13:32.985+0000] {processor.py:826} INFO - Processing file /opt/airflow/dags/group_dag_no_subdags.py for tasks to queue
[2023-10-02T13:13:32.989+0000] {logging_mixin.py:150} INFO - [2023-10-02T13:13:32.988+0000] {dagbag.py:541} INFO - Filling up the DagBag from /opt/airflow/dags/group_dag_no_subdags.py
[2023-10-02T13:13:33.004+0000] {processor.py:836} INFO - DAG(s) dict_keys(['group_dag_no_subdags']) retrieved from /opt/airflow/dags/group_dag_no_subdags.py
[2023-10-02T13:13:33.053+0000] {logging_mixin.py:150} INFO - [2023-10-02T13:13:33.053+0000] {dag.py:2742} INFO - Sync 1 DAGs
[2023-10-02T13:13:33.094+0000] {logging_mixin.py:150} INFO - [2023-10-02T13:13:33.093+0000] {dag.py:3504} INFO - Setting next_dagrun for group_dag_no_subdags to 2023-10-02T00:00:00+00:00, run_after=2023-10-03T00:00:00+00:00
[2023-10-02T13:13:33.133+0000] {processor.py:179} INFO - Processing /opt/airflow/dags/group_dag_no_subdags.py took 0.152 seconds
[2023-10-02T13:14:03.804+0000] {processor.py:157} INFO - Started process (PID=12196) to work on /opt/airflow/dags/group_dag_no_subdags.py
[2023-10-02T13:14:03.809+0000] {processor.py:826} INFO - Processing file /opt/airflow/dags/group_dag_no_subdags.py for tasks to queue
[2023-10-02T13:14:03.810+0000] {logging_mixin.py:150} INFO - [2023-10-02T13:14:03.809+0000] {dagbag.py:541} INFO - Filling up the DagBag from /opt/airflow/dags/group_dag_no_subdags.py
[2023-10-02T13:14:03.829+0000] {processor.py:836} INFO - DAG(s) dict_keys(['group_dag_no_subdags']) retrieved from /opt/airflow/dags/group_dag_no_subdags.py
[2023-10-02T13:14:03.870+0000] {logging_mixin.py:150} INFO - [2023-10-02T13:14:03.870+0000] {dag.py:2742} INFO - Sync 1 DAGs
[2023-10-02T13:14:03.913+0000] {logging_mixin.py:150} INFO - [2023-10-02T13:14:03.913+0000] {dag.py:3504} INFO - Setting next_dagrun for group_dag_no_subdags to 2023-10-02T00:00:00+00:00, run_after=2023-10-03T00:00:00+00:00
[2023-10-02T13:14:03.952+0000] {processor.py:179} INFO - Processing /opt/airflow/dags/group_dag_no_subdags.py took 0.151 seconds
[2023-10-02T13:14:34.590+0000] {processor.py:157} INFO - Started process (PID=12223) to work on /opt/airflow/dags/group_dag_no_subdags.py
[2023-10-02T13:14:34.592+0000] {processor.py:826} INFO - Processing file /opt/airflow/dags/group_dag_no_subdags.py for tasks to queue
[2023-10-02T13:14:34.594+0000] {logging_mixin.py:150} INFO - [2023-10-02T13:14:34.593+0000] {dagbag.py:541} INFO - Filling up the DagBag from /opt/airflow/dags/group_dag_no_subdags.py
[2023-10-02T13:14:34.644+0000] {processor.py:836} INFO - DAG(s) dict_keys(['group_dag_no_subdags']) retrieved from /opt/airflow/dags/group_dag_no_subdags.py
[2023-10-02T13:14:34.701+0000] {logging_mixin.py:150} INFO - [2023-10-02T13:14:34.701+0000] {dag.py:2742} INFO - Sync 1 DAGs
[2023-10-02T13:14:34.754+0000] {logging_mixin.py:150} INFO - [2023-10-02T13:14:34.753+0000] {dag.py:3504} INFO - Setting next_dagrun for group_dag_no_subdags to 2023-10-02T00:00:00+00:00, run_after=2023-10-03T00:00:00+00:00
[2023-10-02T13:14:34.793+0000] {processor.py:179} INFO - Processing /opt/airflow/dags/group_dag_no_subdags.py took 0.210 seconds
[2023-10-02T13:15:05.461+0000] {processor.py:157} INFO - Started process (PID=12250) to work on /opt/airflow/dags/group_dag_no_subdags.py
[2023-10-02T13:15:05.462+0000] {processor.py:826} INFO - Processing file /opt/airflow/dags/group_dag_no_subdags.py for tasks to queue
[2023-10-02T13:15:05.462+0000] {logging_mixin.py:150} INFO - [2023-10-02T13:15:05.462+0000] {dagbag.py:541} INFO - Filling up the DagBag from /opt/airflow/dags/group_dag_no_subdags.py
[2023-10-02T13:15:05.482+0000] {processor.py:836} INFO - DAG(s) dict_keys(['group_dag_no_subdags']) retrieved from /opt/airflow/dags/group_dag_no_subdags.py
[2023-10-02T13:15:05.529+0000] {logging_mixin.py:150} INFO - [2023-10-02T13:15:05.529+0000] {dag.py:2742} INFO - Sync 1 DAGs
[2023-10-02T13:15:05.574+0000] {logging_mixin.py:150} INFO - [2023-10-02T13:15:05.574+0000] {dag.py:3504} INFO - Setting next_dagrun for group_dag_no_subdags to 2023-10-02T00:00:00+00:00, run_after=2023-10-03T00:00:00+00:00
[2023-10-02T13:15:05.614+0000] {processor.py:179} INFO - Processing /opt/airflow/dags/group_dag_no_subdags.py took 0.161 seconds
[2023-10-02T13:15:36.154+0000] {processor.py:157} INFO - Started process (PID=12277) to work on /opt/airflow/dags/group_dag_no_subdags.py
[2023-10-02T13:15:36.159+0000] {processor.py:826} INFO - Processing file /opt/airflow/dags/group_dag_no_subdags.py for tasks to queue
[2023-10-02T13:15:36.160+0000] {logging_mixin.py:150} INFO - [2023-10-02T13:15:36.159+0000] {dagbag.py:541} INFO - Filling up the DagBag from /opt/airflow/dags/group_dag_no_subdags.py
[2023-10-02T13:15:36.184+0000] {processor.py:836} INFO - DAG(s) dict_keys(['group_dag_no_subdags']) retrieved from /opt/airflow/dags/group_dag_no_subdags.py
[2023-10-02T13:15:36.240+0000] {logging_mixin.py:150} INFO - [2023-10-02T13:15:36.240+0000] {dag.py:2742} INFO - Sync 1 DAGs
[2023-10-02T13:15:36.289+0000] {logging_mixin.py:150} INFO - [2023-10-02T13:15:36.289+0000] {dag.py:3504} INFO - Setting next_dagrun for group_dag_no_subdags to 2023-10-02T00:00:00+00:00, run_after=2023-10-03T00:00:00+00:00
[2023-10-02T13:15:36.340+0000] {processor.py:179} INFO - Processing /opt/airflow/dags/group_dag_no_subdags.py took 0.189 seconds
[2023-10-02T13:16:07.062+0000] {processor.py:157} INFO - Started process (PID=12305) to work on /opt/airflow/dags/group_dag_no_subdags.py
[2023-10-02T13:16:07.063+0000] {processor.py:826} INFO - Processing file /opt/airflow/dags/group_dag_no_subdags.py for tasks to queue
[2023-10-02T13:16:07.064+0000] {logging_mixin.py:150} INFO - [2023-10-02T13:16:07.063+0000] {dagbag.py:541} INFO - Filling up the DagBag from /opt/airflow/dags/group_dag_no_subdags.py
[2023-10-02T13:16:07.083+0000] {processor.py:836} INFO - DAG(s) dict_keys(['group_dag_no_subdags']) retrieved from /opt/airflow/dags/group_dag_no_subdags.py
[2023-10-02T13:16:07.124+0000] {logging_mixin.py:150} INFO - [2023-10-02T13:16:07.124+0000] {dag.py:2742} INFO - Sync 1 DAGs
[2023-10-02T13:16:07.170+0000] {logging_mixin.py:150} INFO - [2023-10-02T13:16:07.169+0000] {dag.py:3504} INFO - Setting next_dagrun for group_dag_no_subdags to 2023-10-02T00:00:00+00:00, run_after=2023-10-03T00:00:00+00:00
[2023-10-02T13:16:07.221+0000] {processor.py:179} INFO - Processing /opt/airflow/dags/group_dag_no_subdags.py took 0.166 seconds
[2023-10-02T13:16:37.394+0000] {processor.py:157} INFO - Started process (PID=12333) to work on /opt/airflow/dags/group_dag_no_subdags.py
[2023-10-02T13:16:37.400+0000] {processor.py:826} INFO - Processing file /opt/airflow/dags/group_dag_no_subdags.py for tasks to queue
[2023-10-02T13:16:37.400+0000] {logging_mixin.py:150} INFO - [2023-10-02T13:16:37.400+0000] {dagbag.py:541} INFO - Filling up the DagBag from /opt/airflow/dags/group_dag_no_subdags.py
[2023-10-02T13:16:37.419+0000] {processor.py:836} INFO - DAG(s) dict_keys(['group_dag_no_subdags']) retrieved from /opt/airflow/dags/group_dag_no_subdags.py
[2023-10-02T13:16:37.463+0000] {logging_mixin.py:150} INFO - [2023-10-02T13:16:37.463+0000] {dag.py:2742} INFO - Sync 1 DAGs
[2023-10-02T13:16:37.510+0000] {logging_mixin.py:150} INFO - [2023-10-02T13:16:37.510+0000] {dag.py:3504} INFO - Setting next_dagrun for group_dag_no_subdags to 2023-10-02T00:00:00+00:00, run_after=2023-10-03T00:00:00+00:00
[2023-10-02T13:16:37.542+0000] {processor.py:179} INFO - Processing /opt/airflow/dags/group_dag_no_subdags.py took 0.151 seconds
[2023-10-02T13:17:08.490+0000] {processor.py:157} INFO - Started process (PID=12351) to work on /opt/airflow/dags/group_dag_no_subdags.py
[2023-10-02T13:17:08.499+0000] {processor.py:826} INFO - Processing file /opt/airflow/dags/group_dag_no_subdags.py for tasks to queue
[2023-10-02T13:17:08.500+0000] {logging_mixin.py:150} INFO - [2023-10-02T13:17:08.500+0000] {dagbag.py:541} INFO - Filling up the DagBag from /opt/airflow/dags/group_dag_no_subdags.py
[2023-10-02T13:17:08.520+0000] {processor.py:836} INFO - DAG(s) dict_keys(['group_dag_no_subdags']) retrieved from /opt/airflow/dags/group_dag_no_subdags.py
[2023-10-02T13:17:08.572+0000] {logging_mixin.py:150} INFO - [2023-10-02T13:17:08.572+0000] {dag.py:2742} INFO - Sync 1 DAGs
[2023-10-02T13:17:08.702+0000] {logging_mixin.py:150} INFO - [2023-10-02T13:17:08.702+0000] {dag.py:3504} INFO - Setting next_dagrun for group_dag_no_subdags to 2023-10-02T00:00:00+00:00, run_after=2023-10-03T00:00:00+00:00
[2023-10-02T13:17:08.759+0000] {processor.py:179} INFO - Processing /opt/airflow/dags/group_dag_no_subdags.py took 0.279 seconds
[2023-10-02T13:17:39.710+0000] {processor.py:157} INFO - Started process (PID=12379) to work on /opt/airflow/dags/group_dag_no_subdags.py
[2023-10-02T13:17:39.711+0000] {processor.py:826} INFO - Processing file /opt/airflow/dags/group_dag_no_subdags.py for tasks to queue
[2023-10-02T13:17:39.712+0000] {logging_mixin.py:150} INFO - [2023-10-02T13:17:39.711+0000] {dagbag.py:541} INFO - Filling up the DagBag from /opt/airflow/dags/group_dag_no_subdags.py
[2023-10-02T13:17:39.732+0000] {processor.py:836} INFO - DAG(s) dict_keys(['group_dag_no_subdags']) retrieved from /opt/airflow/dags/group_dag_no_subdags.py
[2023-10-02T13:17:39.781+0000] {logging_mixin.py:150} INFO - [2023-10-02T13:17:39.780+0000] {dag.py:2742} INFO - Sync 1 DAGs
[2023-10-02T13:17:39.833+0000] {logging_mixin.py:150} INFO - [2023-10-02T13:17:39.832+0000] {dag.py:3504} INFO - Setting next_dagrun for group_dag_no_subdags to 2023-10-02T00:00:00+00:00, run_after=2023-10-03T00:00:00+00:00
[2023-10-02T13:17:39.879+0000] {processor.py:179} INFO - Processing /opt/airflow/dags/group_dag_no_subdags.py took 0.178 seconds
[2023-10-02T13:18:10.813+0000] {processor.py:157} INFO - Started process (PID=12406) to work on /opt/airflow/dags/group_dag_no_subdags.py
[2023-10-02T13:18:10.819+0000] {processor.py:826} INFO - Processing file /opt/airflow/dags/group_dag_no_subdags.py for tasks to queue
[2023-10-02T13:18:10.819+0000] {logging_mixin.py:150} INFO - [2023-10-02T13:18:10.819+0000] {dagbag.py:541} INFO - Filling up the DagBag from /opt/airflow/dags/group_dag_no_subdags.py
[2023-10-02T13:18:10.841+0000] {processor.py:836} INFO - DAG(s) dict_keys(['group_dag_no_subdags']) retrieved from /opt/airflow/dags/group_dag_no_subdags.py
[2023-10-02T13:18:10.924+0000] {logging_mixin.py:150} INFO - [2023-10-02T13:18:10.924+0000] {dag.py:2742} INFO - Sync 1 DAGs
[2023-10-02T13:18:10.981+0000] {logging_mixin.py:150} INFO - [2023-10-02T13:18:10.980+0000] {dag.py:3504} INFO - Setting next_dagrun for group_dag_no_subdags to 2023-10-02T00:00:00+00:00, run_after=2023-10-03T00:00:00+00:00
[2023-10-02T13:18:11.042+0000] {processor.py:179} INFO - Processing /opt/airflow/dags/group_dag_no_subdags.py took 0.232 seconds
[2023-10-02T13:18:41.513+0000] {processor.py:157} INFO - Started process (PID=12433) to work on /opt/airflow/dags/group_dag_no_subdags.py
[2023-10-02T13:18:41.514+0000] {processor.py:826} INFO - Processing file /opt/airflow/dags/group_dag_no_subdags.py for tasks to queue
[2023-10-02T13:18:41.519+0000] {logging_mixin.py:150} INFO - [2023-10-02T13:18:41.518+0000] {dagbag.py:541} INFO - Filling up the DagBag from /opt/airflow/dags/group_dag_no_subdags.py
[2023-10-02T13:18:41.539+0000] {processor.py:836} INFO - DAG(s) dict_keys(['group_dag_no_subdags']) retrieved from /opt/airflow/dags/group_dag_no_subdags.py
[2023-10-02T13:18:41.593+0000] {logging_mixin.py:150} INFO - [2023-10-02T13:18:41.593+0000] {dag.py:2742} INFO - Sync 1 DAGs
[2023-10-02T13:18:41.644+0000] {logging_mixin.py:150} INFO - [2023-10-02T13:18:41.643+0000] {dag.py:3504} INFO - Setting next_dagrun for group_dag_no_subdags to 2023-10-02T00:00:00+00:00, run_after=2023-10-03T00:00:00+00:00
[2023-10-02T13:18:41.683+0000] {processor.py:179} INFO - Processing /opt/airflow/dags/group_dag_no_subdags.py took 0.173 seconds
[2023-10-02T13:19:12.049+0000] {processor.py:157} INFO - Started process (PID=12459) to work on /opt/airflow/dags/group_dag_no_subdags.py
[2023-10-02T13:19:12.054+0000] {processor.py:826} INFO - Processing file /opt/airflow/dags/group_dag_no_subdags.py for tasks to queue
[2023-10-02T13:19:12.059+0000] {logging_mixin.py:150} INFO - [2023-10-02T13:19:12.059+0000] {dagbag.py:541} INFO - Filling up the DagBag from /opt/airflow/dags/group_dag_no_subdags.py
[2023-10-02T13:19:12.080+0000] {processor.py:836} INFO - DAG(s) dict_keys(['group_dag_no_subdags']) retrieved from /opt/airflow/dags/group_dag_no_subdags.py
[2023-10-02T13:19:12.131+0000] {logging_mixin.py:150} INFO - [2023-10-02T13:19:12.131+0000] {dag.py:2742} INFO - Sync 1 DAGs
[2023-10-02T13:19:12.183+0000] {logging_mixin.py:150} INFO - [2023-10-02T13:19:12.182+0000] {dag.py:3504} INFO - Setting next_dagrun for group_dag_no_subdags to 2023-10-02T00:00:00+00:00, run_after=2023-10-03T00:00:00+00:00
[2023-10-02T13:19:12.223+0000] {processor.py:179} INFO - Processing /opt/airflow/dags/group_dag_no_subdags.py took 0.182 seconds
[2023-10-02T13:19:42.684+0000] {processor.py:157} INFO - Started process (PID=12487) to work on /opt/airflow/dags/group_dag_no_subdags.py
[2023-10-02T13:19:42.699+0000] {processor.py:826} INFO - Processing file /opt/airflow/dags/group_dag_no_subdags.py for tasks to queue
[2023-10-02T13:19:42.700+0000] {logging_mixin.py:150} INFO - [2023-10-02T13:19:42.700+0000] {dagbag.py:541} INFO - Filling up the DagBag from /opt/airflow/dags/group_dag_no_subdags.py
[2023-10-02T13:19:42.769+0000] {processor.py:836} INFO - DAG(s) dict_keys(['group_dag_no_subdags']) retrieved from /opt/airflow/dags/group_dag_no_subdags.py
[2023-10-02T13:19:42.883+0000] {logging_mixin.py:150} INFO - [2023-10-02T13:19:42.883+0000] {dag.py:2742} INFO - Sync 1 DAGs
[2023-10-02T13:19:42.970+0000] {logging_mixin.py:150} INFO - [2023-10-02T13:19:42.970+0000] {dag.py:3504} INFO - Setting next_dagrun for group_dag_no_subdags to 2023-10-02T00:00:00+00:00, run_after=2023-10-03T00:00:00+00:00
[2023-10-02T13:19:43.039+0000] {processor.py:179} INFO - Processing /opt/airflow/dags/group_dag_no_subdags.py took 0.386 seconds
[2023-10-02T13:20:13.603+0000] {processor.py:157} INFO - Started process (PID=12515) to work on /opt/airflow/dags/group_dag_no_subdags.py
[2023-10-02T13:20:13.609+0000] {processor.py:826} INFO - Processing file /opt/airflow/dags/group_dag_no_subdags.py for tasks to queue
[2023-10-02T13:20:13.610+0000] {logging_mixin.py:150} INFO - [2023-10-02T13:20:13.610+0000] {dagbag.py:541} INFO - Filling up the DagBag from /opt/airflow/dags/group_dag_no_subdags.py
[2023-10-02T13:20:13.662+0000] {processor.py:836} INFO - DAG(s) dict_keys(['group_dag_no_subdags']) retrieved from /opt/airflow/dags/group_dag_no_subdags.py
[2023-10-02T13:20:13.770+0000] {logging_mixin.py:150} INFO - [2023-10-02T13:20:13.769+0000] {dag.py:2742} INFO - Sync 1 DAGs
[2023-10-02T13:20:13.863+0000] {logging_mixin.py:150} INFO - [2023-10-02T13:20:13.863+0000] {dag.py:3504} INFO - Setting next_dagrun for group_dag_no_subdags to 2023-10-02T00:00:00+00:00, run_after=2023-10-03T00:00:00+00:00
[2023-10-02T13:20:13.963+0000] {processor.py:179} INFO - Processing /opt/airflow/dags/group_dag_no_subdags.py took 0.392 seconds
[2023-10-02T13:20:44.273+0000] {processor.py:157} INFO - Started process (PID=12542) to work on /opt/airflow/dags/group_dag_no_subdags.py
[2023-10-02T13:20:44.288+0000] {processor.py:826} INFO - Processing file /opt/airflow/dags/group_dag_no_subdags.py for tasks to queue
[2023-10-02T13:20:44.290+0000] {logging_mixin.py:150} INFO - [2023-10-02T13:20:44.289+0000] {dagbag.py:541} INFO - Filling up the DagBag from /opt/airflow/dags/group_dag_no_subdags.py
[2023-10-02T13:20:44.370+0000] {processor.py:836} INFO - DAG(s) dict_keys(['group_dag_no_subdags']) retrieved from /opt/airflow/dags/group_dag_no_subdags.py
[2023-10-02T13:20:44.572+0000] {logging_mixin.py:150} INFO - [2023-10-02T13:20:44.572+0000] {dag.py:2742} INFO - Sync 1 DAGs
[2023-10-02T13:20:44.688+0000] {logging_mixin.py:150} INFO - [2023-10-02T13:20:44.683+0000] {dag.py:3504} INFO - Setting next_dagrun for group_dag_no_subdags to 2023-10-02T00:00:00+00:00, run_after=2023-10-03T00:00:00+00:00
[2023-10-02T13:20:44.779+0000] {processor.py:179} INFO - Processing /opt/airflow/dags/group_dag_no_subdags.py took 0.539 seconds
[2023-10-02T13:21:15.673+0000] {processor.py:157} INFO - Started process (PID=12570) to work on /opt/airflow/dags/group_dag_no_subdags.py
[2023-10-02T13:21:15.680+0000] {processor.py:826} INFO - Processing file /opt/airflow/dags/group_dag_no_subdags.py for tasks to queue
[2023-10-02T13:21:15.681+0000] {logging_mixin.py:150} INFO - [2023-10-02T13:21:15.680+0000] {dagbag.py:541} INFO - Filling up the DagBag from /opt/airflow/dags/group_dag_no_subdags.py
[2023-10-02T13:21:15.713+0000] {processor.py:836} INFO - DAG(s) dict_keys(['group_dag_no_subdags']) retrieved from /opt/airflow/dags/group_dag_no_subdags.py
[2023-10-02T13:21:15.803+0000] {logging_mixin.py:150} INFO - [2023-10-02T13:21:15.802+0000] {dag.py:2742} INFO - Sync 1 DAGs
[2023-10-02T13:21:15.889+0000] {logging_mixin.py:150} INFO - [2023-10-02T13:21:15.889+0000] {dag.py:3504} INFO - Setting next_dagrun for group_dag_no_subdags to 2023-10-02T00:00:00+00:00, run_after=2023-10-03T00:00:00+00:00
[2023-10-02T13:21:15.963+0000] {processor.py:179} INFO - Processing /opt/airflow/dags/group_dag_no_subdags.py took 0.302 seconds
[2023-10-02T13:21:46.042+0000] {processor.py:157} INFO - Started process (PID=12597) to work on /opt/airflow/dags/group_dag_no_subdags.py
[2023-10-02T13:21:46.043+0000] {processor.py:826} INFO - Processing file /opt/airflow/dags/group_dag_no_subdags.py for tasks to queue
[2023-10-02T13:21:46.049+0000] {logging_mixin.py:150} INFO - [2023-10-02T13:21:46.049+0000] {dagbag.py:541} INFO - Filling up the DagBag from /opt/airflow/dags/group_dag_no_subdags.py
[2023-10-02T13:21:46.090+0000] {processor.py:836} INFO - DAG(s) dict_keys(['group_dag_no_subdags']) retrieved from /opt/airflow/dags/group_dag_no_subdags.py
[2023-10-02T13:21:46.182+0000] {logging_mixin.py:150} INFO - [2023-10-02T13:21:46.182+0000] {dag.py:2742} INFO - Sync 1 DAGs
[2023-10-02T13:21:46.263+0000] {logging_mixin.py:150} INFO - [2023-10-02T13:21:46.261+0000] {dag.py:3504} INFO - Setting next_dagrun for group_dag_no_subdags to 2023-10-02T00:00:00+00:00, run_after=2023-10-03T00:00:00+00:00
[2023-10-02T13:21:46.338+0000] {processor.py:179} INFO - Processing /opt/airflow/dags/group_dag_no_subdags.py took 0.309 seconds
[2023-10-02T13:22:17.241+0000] {processor.py:157} INFO - Started process (PID=12625) to work on /opt/airflow/dags/group_dag_no_subdags.py
[2023-10-02T13:22:17.249+0000] {processor.py:826} INFO - Processing file /opt/airflow/dags/group_dag_no_subdags.py for tasks to queue
[2023-10-02T13:22:17.250+0000] {logging_mixin.py:150} INFO - [2023-10-02T13:22:17.250+0000] {dagbag.py:541} INFO - Filling up the DagBag from /opt/airflow/dags/group_dag_no_subdags.py
[2023-10-02T13:22:17.322+0000] {processor.py:836} INFO - DAG(s) dict_keys(['group_dag_no_subdags']) retrieved from /opt/airflow/dags/group_dag_no_subdags.py
[2023-10-02T13:22:17.519+0000] {logging_mixin.py:150} INFO - [2023-10-02T13:22:17.512+0000] {dag.py:2742} INFO - Sync 1 DAGs
[2023-10-02T13:22:17.709+0000] {logging_mixin.py:150} INFO - [2023-10-02T13:22:17.708+0000] {dag.py:3504} INFO - Setting next_dagrun for group_dag_no_subdags to 2023-10-02T00:00:00+00:00, run_after=2023-10-03T00:00:00+00:00
[2023-10-02T13:22:17.970+0000] {processor.py:179} INFO - Processing /opt/airflow/dags/group_dag_no_subdags.py took 0.748 seconds
[2023-10-02T13:22:48.861+0000] {processor.py:157} INFO - Started process (PID=12652) to work on /opt/airflow/dags/group_dag_no_subdags.py
[2023-10-02T13:22:48.869+0000] {processor.py:826} INFO - Processing file /opt/airflow/dags/group_dag_no_subdags.py for tasks to queue
[2023-10-02T13:22:48.879+0000] {logging_mixin.py:150} INFO - [2023-10-02T13:22:48.878+0000] {dagbag.py:541} INFO - Filling up the DagBag from /opt/airflow/dags/group_dag_no_subdags.py
[2023-10-02T13:22:48.952+0000] {processor.py:836} INFO - DAG(s) dict_keys(['group_dag_no_subdags']) retrieved from /opt/airflow/dags/group_dag_no_subdags.py
[2023-10-02T13:22:49.129+0000] {logging_mixin.py:150} INFO - [2023-10-02T13:22:49.128+0000] {dag.py:2742} INFO - Sync 1 DAGs
[2023-10-02T13:22:49.261+0000] {logging_mixin.py:150} INFO - [2023-10-02T13:22:49.260+0000] {dag.py:3504} INFO - Setting next_dagrun for group_dag_no_subdags to 2023-10-02T00:00:00+00:00, run_after=2023-10-03T00:00:00+00:00
[2023-10-02T13:22:49.359+0000] {processor.py:179} INFO - Processing /opt/airflow/dags/group_dag_no_subdags.py took 0.517 seconds
[2023-10-02T13:23:19.530+0000] {processor.py:157} INFO - Started process (PID=12679) to work on /opt/airflow/dags/group_dag_no_subdags.py
[2023-10-02T13:23:19.531+0000] {processor.py:826} INFO - Processing file /opt/airflow/dags/group_dag_no_subdags.py for tasks to queue
[2023-10-02T13:23:19.542+0000] {logging_mixin.py:150} INFO - [2023-10-02T13:23:19.541+0000] {dagbag.py:541} INFO - Filling up the DagBag from /opt/airflow/dags/group_dag_no_subdags.py
[2023-10-02T13:23:19.583+0000] {processor.py:836} INFO - DAG(s) dict_keys(['group_dag_no_subdags']) retrieved from /opt/airflow/dags/group_dag_no_subdags.py
[2023-10-02T13:23:19.769+0000] {logging_mixin.py:150} INFO - [2023-10-02T13:23:19.769+0000] {dag.py:2742} INFO - Sync 1 DAGs
[2023-10-02T13:23:19.969+0000] {logging_mixin.py:150} INFO - [2023-10-02T13:23:19.963+0000] {dag.py:3504} INFO - Setting next_dagrun for group_dag_no_subdags to 2023-10-02T00:00:00+00:00, run_after=2023-10-03T00:00:00+00:00
[2023-10-02T13:23:20.073+0000] {processor.py:179} INFO - Processing /opt/airflow/dags/group_dag_no_subdags.py took 0.561 seconds
[2023-10-02T13:23:50.721+0000] {processor.py:157} INFO - Started process (PID=12706) to work on /opt/airflow/dags/group_dag_no_subdags.py
[2023-10-02T13:23:50.729+0000] {processor.py:826} INFO - Processing file /opt/airflow/dags/group_dag_no_subdags.py for tasks to queue
[2023-10-02T13:23:50.730+0000] {logging_mixin.py:150} INFO - [2023-10-02T13:23:50.730+0000] {dagbag.py:541} INFO - Filling up the DagBag from /opt/airflow/dags/group_dag_no_subdags.py
[2023-10-02T13:23:50.771+0000] {processor.py:836} INFO - DAG(s) dict_keys(['group_dag_no_subdags']) retrieved from /opt/airflow/dags/group_dag_no_subdags.py
[2023-10-02T13:23:50.869+0000] {logging_mixin.py:150} INFO - [2023-10-02T13:23:50.869+0000] {dag.py:2742} INFO - Sync 1 DAGs
[2023-10-02T13:23:50.952+0000] {logging_mixin.py:150} INFO - [2023-10-02T13:23:50.952+0000] {dag.py:3504} INFO - Setting next_dagrun for group_dag_no_subdags to 2023-10-02T00:00:00+00:00, run_after=2023-10-03T00:00:00+00:00
[2023-10-02T13:23:51.029+0000] {processor.py:179} INFO - Processing /opt/airflow/dags/group_dag_no_subdags.py took 0.318 seconds
[2023-10-02T13:24:21.199+0000] {processor.py:157} INFO - Started process (PID=12733) to work on /opt/airflow/dags/group_dag_no_subdags.py
[2023-10-02T13:24:21.200+0000] {processor.py:826} INFO - Processing file /opt/airflow/dags/group_dag_no_subdags.py for tasks to queue
[2023-10-02T13:24:21.209+0000] {logging_mixin.py:150} INFO - [2023-10-02T13:24:21.201+0000] {dagbag.py:541} INFO - Filling up the DagBag from /opt/airflow/dags/group_dag_no_subdags.py
[2023-10-02T13:24:21.282+0000] {processor.py:836} INFO - DAG(s) dict_keys(['group_dag_no_subdags']) retrieved from /opt/airflow/dags/group_dag_no_subdags.py
[2023-10-02T13:24:21.469+0000] {logging_mixin.py:150} INFO - [2023-10-02T13:24:21.461+0000] {dag.py:2742} INFO - Sync 1 DAGs
[2023-10-02T13:24:21.640+0000] {logging_mixin.py:150} INFO - [2023-10-02T13:24:21.640+0000] {dag.py:3504} INFO - Setting next_dagrun for group_dag_no_subdags to 2023-10-02T00:00:00+00:00, run_after=2023-10-03T00:00:00+00:00
[2023-10-02T13:24:21.771+0000] {processor.py:179} INFO - Processing /opt/airflow/dags/group_dag_no_subdags.py took 0.592 seconds
[2023-10-02T13:24:52.472+0000] {processor.py:157} INFO - Started process (PID=12760) to work on /opt/airflow/dags/group_dag_no_subdags.py
[2023-10-02T13:24:52.480+0000] {processor.py:826} INFO - Processing file /opt/airflow/dags/group_dag_no_subdags.py for tasks to queue
[2023-10-02T13:24:52.481+0000] {logging_mixin.py:150} INFO - [2023-10-02T13:24:52.481+0000] {dagbag.py:541} INFO - Filling up the DagBag from /opt/airflow/dags/group_dag_no_subdags.py
[2023-10-02T13:24:52.529+0000] {processor.py:836} INFO - DAG(s) dict_keys(['group_dag_no_subdags']) retrieved from /opt/airflow/dags/group_dag_no_subdags.py
[2023-10-02T13:24:52.669+0000] {logging_mixin.py:150} INFO - [2023-10-02T13:24:52.668+0000] {dag.py:2742} INFO - Sync 1 DAGs
[2023-10-02T13:24:52.802+0000] {logging_mixin.py:150} INFO - [2023-10-02T13:24:52.802+0000] {dag.py:3504} INFO - Setting next_dagrun for group_dag_no_subdags to 2023-10-02T00:00:00+00:00, run_after=2023-10-03T00:00:00+00:00
[2023-10-02T13:24:53.002+0000] {processor.py:179} INFO - Processing /opt/airflow/dags/group_dag_no_subdags.py took 0.551 seconds
[2023-10-02T13:25:23.508+0000] {processor.py:157} INFO - Started process (PID=12787) to work on /opt/airflow/dags/group_dag_no_subdags.py
[2023-10-02T13:25:23.509+0000] {processor.py:826} INFO - Processing file /opt/airflow/dags/group_dag_no_subdags.py for tasks to queue
[2023-10-02T13:25:23.510+0000] {logging_mixin.py:150} INFO - [2023-10-02T13:25:23.510+0000] {dagbag.py:541} INFO - Filling up the DagBag from /opt/airflow/dags/group_dag_no_subdags.py
[2023-10-02T13:25:23.549+0000] {processor.py:836} INFO - DAG(s) dict_keys(['group_dag_no_subdags']) retrieved from /opt/airflow/dags/group_dag_no_subdags.py
[2023-10-02T13:25:23.639+0000] {logging_mixin.py:150} INFO - [2023-10-02T13:25:23.638+0000] {dag.py:2742} INFO - Sync 1 DAGs
[2023-10-02T13:25:23.719+0000] {logging_mixin.py:150} INFO - [2023-10-02T13:25:23.719+0000] {dag.py:3504} INFO - Setting next_dagrun for group_dag_no_subdags to 2023-10-02T00:00:00+00:00, run_after=2023-10-03T00:00:00+00:00
[2023-10-02T13:25:23.780+0000] {processor.py:179} INFO - Processing /opt/airflow/dags/group_dag_no_subdags.py took 0.282 seconds
[2023-10-02T13:25:54.102+0000] {processor.py:157} INFO - Started process (PID=12816) to work on /opt/airflow/dags/group_dag_no_subdags.py
[2023-10-02T13:25:54.109+0000] {processor.py:826} INFO - Processing file /opt/airflow/dags/group_dag_no_subdags.py for tasks to queue
[2023-10-02T13:25:54.119+0000] {logging_mixin.py:150} INFO - [2023-10-02T13:25:54.111+0000] {dagbag.py:541} INFO - Filling up the DagBag from /opt/airflow/dags/group_dag_no_subdags.py
[2023-10-02T13:25:54.172+0000] {processor.py:836} INFO - DAG(s) dict_keys(['group_dag_no_subdags']) retrieved from /opt/airflow/dags/group_dag_no_subdags.py
[2023-10-02T13:25:54.289+0000] {logging_mixin.py:150} INFO - [2023-10-02T13:25:54.288+0000] {dag.py:2742} INFO - Sync 1 DAGs
[2023-10-02T13:25:54.380+0000] {logging_mixin.py:150} INFO - [2023-10-02T13:25:54.380+0000] {dag.py:3504} INFO - Setting next_dagrun for group_dag_no_subdags to 2023-10-02T00:00:00+00:00, run_after=2023-10-03T00:00:00+00:00
[2023-10-02T13:25:54.440+0000] {processor.py:179} INFO - Processing /opt/airflow/dags/group_dag_no_subdags.py took 0.361 seconds
[2023-10-02T13:26:25.350+0000] {processor.py:157} INFO - Started process (PID=12843) to work on /opt/airflow/dags/group_dag_no_subdags.py
[2023-10-02T13:26:25.352+0000] {processor.py:826} INFO - Processing file /opt/airflow/dags/group_dag_no_subdags.py for tasks to queue
[2023-10-02T13:26:25.361+0000] {logging_mixin.py:150} INFO - [2023-10-02T13:26:25.360+0000] {dagbag.py:541} INFO - Filling up the DagBag from /opt/airflow/dags/group_dag_no_subdags.py
[2023-10-02T13:26:25.391+0000] {processor.py:836} INFO - DAG(s) dict_keys(['group_dag_no_subdags']) retrieved from /opt/airflow/dags/group_dag_no_subdags.py
[2023-10-02T13:26:25.471+0000] {logging_mixin.py:150} INFO - [2023-10-02T13:26:25.471+0000] {dag.py:2742} INFO - Sync 1 DAGs
[2023-10-02T13:26:25.550+0000] {logging_mixin.py:150} INFO - [2023-10-02T13:26:25.550+0000] {dag.py:3504} INFO - Setting next_dagrun for group_dag_no_subdags to 2023-10-02T00:00:00+00:00, run_after=2023-10-03T00:00:00+00:00
[2023-10-02T13:26:25.601+0000] {processor.py:179} INFO - Processing /opt/airflow/dags/group_dag_no_subdags.py took 0.260 seconds
[2023-10-02T13:26:55.691+0000] {processor.py:157} INFO - Started process (PID=12871) to work on /opt/airflow/dags/group_dag_no_subdags.py
[2023-10-02T13:26:55.701+0000] {processor.py:826} INFO - Processing file /opt/airflow/dags/group_dag_no_subdags.py for tasks to queue
[2023-10-02T13:26:55.702+0000] {logging_mixin.py:150} INFO - [2023-10-02T13:26:55.702+0000] {dagbag.py:541} INFO - Filling up the DagBag from /opt/airflow/dags/group_dag_no_subdags.py
[2023-10-02T13:26:55.742+0000] {processor.py:836} INFO - DAG(s) dict_keys(['group_dag_no_subdags']) retrieved from /opt/airflow/dags/group_dag_no_subdags.py
[2023-10-02T13:26:55.839+0000] {logging_mixin.py:150} INFO - [2023-10-02T13:26:55.839+0000] {dag.py:2742} INFO - Sync 1 DAGs
[2023-10-02T13:26:55.901+0000] {logging_mixin.py:150} INFO - [2023-10-02T13:26:55.901+0000] {dag.py:3504} INFO - Setting next_dagrun for group_dag_no_subdags to 2023-10-02T00:00:00+00:00, run_after=2023-10-03T00:00:00+00:00
[2023-10-02T13:26:55.952+0000] {processor.py:179} INFO - Processing /opt/airflow/dags/group_dag_no_subdags.py took 0.282 seconds
[2023-10-02T13:27:26.490+0000] {processor.py:157} INFO - Started process (PID=12898) to work on /opt/airflow/dags/group_dag_no_subdags.py
[2023-10-02T13:27:26.491+0000] {processor.py:826} INFO - Processing file /opt/airflow/dags/group_dag_no_subdags.py for tasks to queue
[2023-10-02T13:27:26.492+0000] {logging_mixin.py:150} INFO - [2023-10-02T13:27:26.492+0000] {dagbag.py:541} INFO - Filling up the DagBag from /opt/airflow/dags/group_dag_no_subdags.py
[2023-10-02T13:27:26.532+0000] {processor.py:836} INFO - DAG(s) dict_keys(['group_dag_no_subdags']) retrieved from /opt/airflow/dags/group_dag_no_subdags.py
[2023-10-02T13:27:26.620+0000] {logging_mixin.py:150} INFO - [2023-10-02T13:27:26.619+0000] {dag.py:2742} INFO - Sync 1 DAGs
[2023-10-02T13:27:26.729+0000] {logging_mixin.py:150} INFO - [2023-10-02T13:27:26.729+0000] {dag.py:3504} INFO - Setting next_dagrun for group_dag_no_subdags to 2023-10-02T00:00:00+00:00, run_after=2023-10-03T00:00:00+00:00
[2023-10-02T13:27:26.812+0000] {processor.py:179} INFO - Processing /opt/airflow/dags/group_dag_no_subdags.py took 0.332 seconds
[2023-10-02T13:27:57.209+0000] {processor.py:157} INFO - Started process (PID=12925) to work on /opt/airflow/dags/group_dag_no_subdags.py
[2023-10-02T13:27:57.210+0000] {processor.py:826} INFO - Processing file /opt/airflow/dags/group_dag_no_subdags.py for tasks to queue
[2023-10-02T13:27:57.211+0000] {logging_mixin.py:150} INFO - [2023-10-02T13:27:57.211+0000] {dagbag.py:541} INFO - Filling up the DagBag from /opt/airflow/dags/group_dag_no_subdags.py
[2023-10-02T13:27:57.249+0000] {processor.py:836} INFO - DAG(s) dict_keys(['group_dag_no_subdags']) retrieved from /opt/airflow/dags/group_dag_no_subdags.py
[2023-10-02T13:27:57.322+0000] {logging_mixin.py:150} INFO - [2023-10-02T13:27:57.321+0000] {dag.py:2742} INFO - Sync 1 DAGs
[2023-10-02T13:27:57.399+0000] {logging_mixin.py:150} INFO - [2023-10-02T13:27:57.399+0000] {dag.py:3504} INFO - Setting next_dagrun for group_dag_no_subdags to 2023-10-02T00:00:00+00:00, run_after=2023-10-03T00:00:00+00:00
[2023-10-02T13:27:57.460+0000] {processor.py:179} INFO - Processing /opt/airflow/dags/group_dag_no_subdags.py took 0.268 seconds
[2023-10-02T13:28:27.909+0000] {processor.py:157} INFO - Started process (PID=12952) to work on /opt/airflow/dags/group_dag_no_subdags.py
[2023-10-02T13:28:28.059+0000] {processor.py:826} INFO - Processing file /opt/airflow/dags/group_dag_no_subdags.py for tasks to queue
[2023-10-02T13:28:28.061+0000] {logging_mixin.py:150} INFO - [2023-10-02T13:28:28.061+0000] {dagbag.py:541} INFO - Filling up the DagBag from /opt/airflow/dags/group_dag_no_subdags.py
[2023-10-02T13:28:28.191+0000] {processor.py:836} INFO - DAG(s) dict_keys(['group_dag_no_subdags']) retrieved from /opt/airflow/dags/group_dag_no_subdags.py
[2023-10-02T13:28:28.392+0000] {logging_mixin.py:150} INFO - [2023-10-02T13:28:28.391+0000] {dag.py:2742} INFO - Sync 1 DAGs
[2023-10-02T13:28:28.709+0000] {logging_mixin.py:150} INFO - [2023-10-02T13:28:28.692+0000] {dag.py:3504} INFO - Setting next_dagrun for group_dag_no_subdags to 2023-10-02T00:00:00+00:00, run_after=2023-10-03T00:00:00+00:00
[2023-10-02T13:28:29.300+0000] {processor.py:179} INFO - Processing /opt/airflow/dags/group_dag_no_subdags.py took 1.430 seconds
[2023-10-02T13:28:59.669+0000] {processor.py:157} INFO - Started process (PID=12970) to work on /opt/airflow/dags/group_dag_no_subdags.py
[2023-10-02T13:28:59.671+0000] {processor.py:826} INFO - Processing file /opt/airflow/dags/group_dag_no_subdags.py for tasks to queue
[2023-10-02T13:28:59.679+0000] {logging_mixin.py:150} INFO - [2023-10-02T13:28:59.672+0000] {dagbag.py:541} INFO - Filling up the DagBag from /opt/airflow/dags/group_dag_no_subdags.py
[2023-10-02T13:28:59.790+0000] {processor.py:836} INFO - DAG(s) dict_keys(['group_dag_no_subdags']) retrieved from /opt/airflow/dags/group_dag_no_subdags.py
[2023-10-02T13:29:00.279+0000] {logging_mixin.py:150} INFO - [2023-10-02T13:29:00.271+0000] {dag.py:2742} INFO - Sync 1 DAGs
[2023-10-02T13:29:00.879+0000] {logging_mixin.py:150} INFO - [2023-10-02T13:29:00.862+0000] {dag.py:3504} INFO - Setting next_dagrun for group_dag_no_subdags to 2023-10-02T00:00:00+00:00, run_after=2023-10-03T00:00:00+00:00
[2023-10-02T13:29:01.131+0000] {processor.py:179} INFO - Processing /opt/airflow/dags/group_dag_no_subdags.py took 1.491 seconds
[2023-10-02T13:29:31.421+0000] {processor.py:157} INFO - Started process (PID=12997) to work on /opt/airflow/dags/group_dag_no_subdags.py
[2023-10-02T13:29:31.440+0000] {processor.py:826} INFO - Processing file /opt/airflow/dags/group_dag_no_subdags.py for tasks to queue
[2023-10-02T13:29:31.460+0000] {logging_mixin.py:150} INFO - [2023-10-02T13:29:31.459+0000] {dagbag.py:541} INFO - Filling up the DagBag from /opt/airflow/dags/group_dag_no_subdags.py
[2023-10-02T13:29:31.699+0000] {processor.py:836} INFO - DAG(s) dict_keys(['group_dag_no_subdags']) retrieved from /opt/airflow/dags/group_dag_no_subdags.py
[2023-10-02T13:29:32.429+0000] {logging_mixin.py:150} INFO - [2023-10-02T13:29:32.409+0000] {dag.py:2742} INFO - Sync 1 DAGs
[2023-10-02T13:29:33.299+0000] {logging_mixin.py:150} INFO - [2023-10-02T13:29:33.298+0000] {dag.py:3504} INFO - Setting next_dagrun for group_dag_no_subdags to 2023-10-02T00:00:00+00:00, run_after=2023-10-03T00:00:00+00:00
[2023-10-02T13:29:33.951+0000] {processor.py:179} INFO - Processing /opt/airflow/dags/group_dag_no_subdags.py took 2.573 seconds
[2023-10-02T13:30:04.560+0000] {processor.py:157} INFO - Started process (PID=13024) to work on /opt/airflow/dags/group_dag_no_subdags.py
[2023-10-02T13:30:04.609+0000] {processor.py:826} INFO - Processing file /opt/airflow/dags/group_dag_no_subdags.py for tasks to queue
[2023-10-02T13:30:04.611+0000] {logging_mixin.py:150} INFO - [2023-10-02T13:30:04.611+0000] {dagbag.py:541} INFO - Filling up the DagBag from /opt/airflow/dags/group_dag_no_subdags.py
[2023-10-02T13:30:04.839+0000] {processor.py:836} INFO - DAG(s) dict_keys(['group_dag_no_subdags']) retrieved from /opt/airflow/dags/group_dag_no_subdags.py
[2023-10-02T13:30:05.750+0000] {logging_mixin.py:150} INFO - [2023-10-02T13:30:05.741+0000] {dag.py:2742} INFO - Sync 1 DAGs
[2023-10-02T13:30:06.180+0000] {logging_mixin.py:150} INFO - [2023-10-02T13:30:06.180+0000] {dag.py:3504} INFO - Setting next_dagrun for group_dag_no_subdags to 2023-10-02T00:00:00+00:00, run_after=2023-10-03T00:00:00+00:00
[2023-10-02T13:30:06.540+0000] {processor.py:179} INFO - Processing /opt/airflow/dags/group_dag_no_subdags.py took 2.040 seconds
[2023-10-02T13:30:36.949+0000] {processor.py:157} INFO - Started process (PID=13051) to work on /opt/airflow/dags/group_dag_no_subdags.py
[2023-10-02T13:30:36.959+0000] {processor.py:826} INFO - Processing file /opt/airflow/dags/group_dag_no_subdags.py for tasks to queue
[2023-10-02T13:30:36.998+0000] {logging_mixin.py:150} INFO - [2023-10-02T13:30:36.961+0000] {dagbag.py:541} INFO - Filling up the DagBag from /opt/airflow/dags/group_dag_no_subdags.py
[2023-10-02T13:30:37.199+0000] {processor.py:836} INFO - DAG(s) dict_keys(['group_dag_no_subdags']) retrieved from /opt/airflow/dags/group_dag_no_subdags.py
[2023-10-02T13:30:37.819+0000] {logging_mixin.py:150} INFO - [2023-10-02T13:30:37.809+0000] {dag.py:2742} INFO - Sync 1 DAGs
[2023-10-02T13:30:39.760+0000] {logging_mixin.py:150} INFO - [2023-10-02T13:30:39.730+0000] {dag.py:3504} INFO - Setting next_dagrun for group_dag_no_subdags to 2023-10-02T00:00:00+00:00, run_after=2023-10-03T00:00:00+00:00
[2023-10-02T13:30:41.281+0000] {processor.py:179} INFO - Processing /opt/airflow/dags/group_dag_no_subdags.py took 4.382 seconds
[2023-10-02T13:31:11.969+0000] {processor.py:157} INFO - Started process (PID=13079) to work on /opt/airflow/dags/group_dag_no_subdags.py
[2023-10-02T13:31:11.980+0000] {processor.py:826} INFO - Processing file /opt/airflow/dags/group_dag_no_subdags.py for tasks to queue
[2023-10-02T13:31:11.989+0000] {logging_mixin.py:150} INFO - [2023-10-02T13:31:11.981+0000] {dagbag.py:541} INFO - Filling up the DagBag from /opt/airflow/dags/group_dag_no_subdags.py
[2023-10-02T13:31:12.151+0000] {processor.py:836} INFO - DAG(s) dict_keys(['group_dag_no_subdags']) retrieved from /opt/airflow/dags/group_dag_no_subdags.py
[2023-10-02T13:31:12.649+0000] {logging_mixin.py:150} INFO - [2023-10-02T13:31:12.641+0000] {dag.py:2742} INFO - Sync 1 DAGs
[2023-10-02T13:31:13.359+0000] {logging_mixin.py:150} INFO - [2023-10-02T13:31:13.351+0000] {dag.py:3504} INFO - Setting next_dagrun for group_dag_no_subdags to 2023-10-02T00:00:00+00:00, run_after=2023-10-03T00:00:00+00:00
[2023-10-02T13:31:14.039+0000] {processor.py:179} INFO - Processing /opt/airflow/dags/group_dag_no_subdags.py took 2.120 seconds
[2023-10-02T13:31:44.570+0000] {processor.py:157} INFO - Started process (PID=13111) to work on /opt/airflow/dags/group_dag_no_subdags.py
[2023-10-02T13:31:44.579+0000] {processor.py:826} INFO - Processing file /opt/airflow/dags/group_dag_no_subdags.py for tasks to queue
[2023-10-02T13:31:44.588+0000] {logging_mixin.py:150} INFO - [2023-10-02T13:31:44.580+0000] {dagbag.py:541} INFO - Filling up the DagBag from /opt/airflow/dags/group_dag_no_subdags.py
[2023-10-02T13:31:44.709+0000] {processor.py:836} INFO - DAG(s) dict_keys(['group_dag_no_subdags']) retrieved from /opt/airflow/dags/group_dag_no_subdags.py
[2023-10-02T13:31:45.040+0000] {logging_mixin.py:150} INFO - [2023-10-02T13:31:45.040+0000] {dag.py:2742} INFO - Sync 1 DAGs
[2023-10-02T13:31:45.351+0000] {logging_mixin.py:150} INFO - [2023-10-02T13:31:45.350+0000] {dag.py:3504} INFO - Setting next_dagrun for group_dag_no_subdags to 2023-10-02T00:00:00+00:00, run_after=2023-10-03T00:00:00+00:00
[2023-10-02T13:31:45.619+0000] {processor.py:179} INFO - Processing /opt/airflow/dags/group_dag_no_subdags.py took 1.090 seconds
[2023-10-02T13:32:16.089+0000] {processor.py:157} INFO - Started process (PID=13138) to work on /opt/airflow/dags/group_dag_no_subdags.py
[2023-10-02T13:32:16.099+0000] {processor.py:826} INFO - Processing file /opt/airflow/dags/group_dag_no_subdags.py for tasks to queue
[2023-10-02T13:32:16.101+0000] {logging_mixin.py:150} INFO - [2023-10-02T13:32:16.100+0000] {dagbag.py:541} INFO - Filling up the DagBag from /opt/airflow/dags/group_dag_no_subdags.py
[2023-10-02T13:32:16.249+0000] {processor.py:836} INFO - DAG(s) dict_keys(['group_dag_no_subdags']) retrieved from /opt/airflow/dags/group_dag_no_subdags.py
[2023-10-02T13:32:16.559+0000] {logging_mixin.py:150} INFO - [2023-10-02T13:32:16.559+0000] {dag.py:2742} INFO - Sync 1 DAGs
[2023-10-02T13:32:16.869+0000] {logging_mixin.py:150} INFO - [2023-10-02T13:32:16.868+0000] {dag.py:3504} INFO - Setting next_dagrun for group_dag_no_subdags to 2023-10-02T00:00:00+00:00, run_after=2023-10-03T00:00:00+00:00
[2023-10-02T13:32:17.130+0000] {processor.py:179} INFO - Processing /opt/airflow/dags/group_dag_no_subdags.py took 1.071 seconds
[2023-10-02T13:32:48.120+0000] {processor.py:157} INFO - Started process (PID=13157) to work on /opt/airflow/dags/group_dag_no_subdags.py
[2023-10-02T13:32:50.790+0000] {processor.py:826} INFO - Processing file /opt/airflow/dags/group_dag_no_subdags.py for tasks to queue
[2023-10-02T13:32:50.920+0000] {logging_mixin.py:150} INFO - [2023-10-02T13:32:50.919+0000] {dagbag.py:541} INFO - Filling up the DagBag from /opt/airflow/dags/group_dag_no_subdags.py
[2023-10-02T13:32:51.459+0000] {processor.py:836} INFO - DAG(s) dict_keys(['group_dag_no_subdags']) retrieved from /opt/airflow/dags/group_dag_no_subdags.py
[2023-10-02T13:32:53.269+0000] {logging_mixin.py:150} INFO - [2023-10-02T13:32:53.259+0000] {dag.py:2742} INFO - Sync 1 DAGs
[2023-10-02T13:32:54.408+0000] {logging_mixin.py:150} INFO - [2023-10-02T13:32:54.391+0000] {dag.py:3504} INFO - Setting next_dagrun for group_dag_no_subdags to 2023-10-02T00:00:00+00:00, run_after=2023-10-03T00:00:00+00:00
[2023-10-02T13:32:55.179+0000] {processor.py:179} INFO - Processing /opt/airflow/dags/group_dag_no_subdags.py took 7.249 seconds
[2023-10-02T13:33:25.960+0000] {processor.py:157} INFO - Started process (PID=13188) to work on /opt/airflow/dags/group_dag_no_subdags.py
[2023-10-02T13:33:25.970+0000] {processor.py:826} INFO - Processing file /opt/airflow/dags/group_dag_no_subdags.py for tasks to queue
[2023-10-02T13:33:25.979+0000] {logging_mixin.py:150} INFO - [2023-10-02T13:33:25.979+0000] {dagbag.py:541} INFO - Filling up the DagBag from /opt/airflow/dags/group_dag_no_subdags.py
[2023-10-02T13:33:26.060+0000] {processor.py:836} INFO - DAG(s) dict_keys(['group_dag_no_subdags']) retrieved from /opt/airflow/dags/group_dag_no_subdags.py
[2023-10-02T13:33:26.349+0000] {logging_mixin.py:150} INFO - [2023-10-02T13:33:26.340+0000] {dag.py:2742} INFO - Sync 1 DAGs
[2023-10-02T13:33:26.590+0000] {logging_mixin.py:150} INFO - [2023-10-02T13:33:26.589+0000] {dag.py:3504} INFO - Setting next_dagrun for group_dag_no_subdags to 2023-10-02T00:00:00+00:00, run_after=2023-10-03T00:00:00+00:00
[2023-10-02T13:33:26.778+0000] {processor.py:179} INFO - Processing /opt/airflow/dags/group_dag_no_subdags.py took 0.842 seconds
[2023-10-02T13:33:57.160+0000] {processor.py:157} INFO - Started process (PID=13214) to work on /opt/airflow/dags/group_dag_no_subdags.py
[2023-10-02T13:33:57.170+0000] {processor.py:826} INFO - Processing file /opt/airflow/dags/group_dag_no_subdags.py for tasks to queue
[2023-10-02T13:33:57.179+0000] {logging_mixin.py:150} INFO - [2023-10-02T13:33:57.179+0000] {dagbag.py:541} INFO - Filling up the DagBag from /opt/airflow/dags/group_dag_no_subdags.py
[2023-10-02T13:33:57.329+0000] {processor.py:836} INFO - DAG(s) dict_keys(['group_dag_no_subdags']) retrieved from /opt/airflow/dags/group_dag_no_subdags.py
[2023-10-02T13:33:57.700+0000] {logging_mixin.py:150} INFO - [2023-10-02T13:33:57.699+0000] {dag.py:2742} INFO - Sync 1 DAGs
[2023-10-02T13:33:58.098+0000] {logging_mixin.py:150} INFO - [2023-10-02T13:33:58.090+0000] {dag.py:3504} INFO - Setting next_dagrun for group_dag_no_subdags to 2023-10-02T00:00:00+00:00, run_after=2023-10-03T00:00:00+00:00
[2023-10-02T13:33:58.319+0000] {processor.py:179} INFO - Processing /opt/airflow/dags/group_dag_no_subdags.py took 1.200 seconds
[2023-10-02T13:34:29.059+0000] {processor.py:157} INFO - Started process (PID=13242) to work on /opt/airflow/dags/group_dag_no_subdags.py
[2023-10-02T13:34:29.069+0000] {processor.py:826} INFO - Processing file /opt/airflow/dags/group_dag_no_subdags.py for tasks to queue
[2023-10-02T13:34:29.079+0000] {logging_mixin.py:150} INFO - [2023-10-02T13:34:29.078+0000] {dagbag.py:541} INFO - Filling up the DagBag from /opt/airflow/dags/group_dag_no_subdags.py
[2023-10-02T13:34:29.190+0000] {processor.py:836} INFO - DAG(s) dict_keys(['group_dag_no_subdags']) retrieved from /opt/airflow/dags/group_dag_no_subdags.py
[2023-10-02T13:34:29.539+0000] {logging_mixin.py:150} INFO - [2023-10-02T13:34:29.538+0000] {dag.py:2742} INFO - Sync 1 DAGs
[2023-10-02T13:34:29.790+0000] {logging_mixin.py:150} INFO - [2023-10-02T13:34:29.790+0000] {dag.py:3504} INFO - Setting next_dagrun for group_dag_no_subdags to 2023-10-02T00:00:00+00:00, run_after=2023-10-03T00:00:00+00:00
[2023-10-02T13:34:29.990+0000] {processor.py:179} INFO - Processing /opt/airflow/dags/group_dag_no_subdags.py took 0.960 seconds
[2023-10-02T13:35:02.850+0000] {processor.py:157} INFO - Started process (PID=13269) to work on /opt/airflow/dags/group_dag_no_subdags.py
[2023-10-02T13:35:02.870+0000] {processor.py:826} INFO - Processing file /opt/airflow/dags/group_dag_no_subdags.py for tasks to queue
[2023-10-02T13:35:02.880+0000] {logging_mixin.py:150} INFO - [2023-10-02T13:35:02.879+0000] {dagbag.py:541} INFO - Filling up the DagBag from /opt/airflow/dags/group_dag_no_subdags.py
[2023-10-02T13:35:03.068+0000] {processor.py:836} INFO - DAG(s) dict_keys(['group_dag_no_subdags']) retrieved from /opt/airflow/dags/group_dag_no_subdags.py
[2023-10-02T13:35:03.629+0000] {logging_mixin.py:150} INFO - [2023-10-02T13:35:03.619+0000] {dag.py:2742} INFO - Sync 1 DAGs
[2023-10-02T13:35:04.048+0000] {logging_mixin.py:150} INFO - [2023-10-02T13:35:04.040+0000] {dag.py:3504} INFO - Setting next_dagrun for group_dag_no_subdags to 2023-10-02T00:00:00+00:00, run_after=2023-10-03T00:00:00+00:00
[2023-10-02T13:35:04.300+0000] {processor.py:179} INFO - Processing /opt/airflow/dags/group_dag_no_subdags.py took 1.510 seconds
[2023-10-02T13:35:34.670+0000] {processor.py:157} INFO - Started process (PID=13287) to work on /opt/airflow/dags/group_dag_no_subdags.py
[2023-10-02T13:35:34.700+0000] {processor.py:826} INFO - Processing file /opt/airflow/dags/group_dag_no_subdags.py for tasks to queue
[2023-10-02T13:35:34.709+0000] {logging_mixin.py:150} INFO - [2023-10-02T13:35:34.709+0000] {dagbag.py:541} INFO - Filling up the DagBag from /opt/airflow/dags/group_dag_no_subdags.py
[2023-10-02T13:35:34.869+0000] {processor.py:836} INFO - DAG(s) dict_keys(['group_dag_no_subdags']) retrieved from /opt/airflow/dags/group_dag_no_subdags.py
[2023-10-02T13:35:35.220+0000] {logging_mixin.py:150} INFO - [2023-10-02T13:35:35.219+0000] {dag.py:2742} INFO - Sync 1 DAGs
[2023-10-02T13:35:35.799+0000] {logging_mixin.py:150} INFO - [2023-10-02T13:35:35.790+0000] {dag.py:3504} INFO - Setting next_dagrun for group_dag_no_subdags to 2023-10-02T00:00:00+00:00, run_after=2023-10-03T00:00:00+00:00
[2023-10-02T13:35:36.249+0000] {processor.py:179} INFO - Processing /opt/airflow/dags/group_dag_no_subdags.py took 1.599 seconds
[2023-10-02T13:36:06.780+0000] {processor.py:157} INFO - Started process (PID=13314) to work on /opt/airflow/dags/group_dag_no_subdags.py
[2023-10-02T13:36:06.798+0000] {processor.py:826} INFO - Processing file /opt/airflow/dags/group_dag_no_subdags.py for tasks to queue
[2023-10-02T13:36:06.800+0000] {logging_mixin.py:150} INFO - [2023-10-02T13:36:06.799+0000] {dagbag.py:541} INFO - Filling up the DagBag from /opt/airflow/dags/group_dag_no_subdags.py
[2023-10-02T13:36:06.948+0000] {processor.py:836} INFO - DAG(s) dict_keys(['group_dag_no_subdags']) retrieved from /opt/airflow/dags/group_dag_no_subdags.py
[2023-10-02T13:36:07.339+0000] {logging_mixin.py:150} INFO - [2023-10-02T13:36:07.330+0000] {dag.py:2742} INFO - Sync 1 DAGs
[2023-10-02T13:36:07.810+0000] {logging_mixin.py:150} INFO - [2023-10-02T13:36:07.809+0000] {dag.py:3504} INFO - Setting next_dagrun for group_dag_no_subdags to 2023-10-02T00:00:00+00:00, run_after=2023-10-03T00:00:00+00:00
[2023-10-02T13:36:08.109+0000] {processor.py:179} INFO - Processing /opt/airflow/dags/group_dag_no_subdags.py took 1.370 seconds
[2023-10-02T13:36:38.369+0000] {processor.py:157} INFO - Started process (PID=13342) to work on /opt/airflow/dags/group_dag_no_subdags.py
[2023-10-02T13:36:38.389+0000] {processor.py:826} INFO - Processing file /opt/airflow/dags/group_dag_no_subdags.py for tasks to queue
[2023-10-02T13:36:38.418+0000] {logging_mixin.py:150} INFO - [2023-10-02T13:36:38.399+0000] {dagbag.py:541} INFO - Filling up the DagBag from /opt/airflow/dags/group_dag_no_subdags.py
[2023-10-02T13:36:38.558+0000] {processor.py:836} INFO - DAG(s) dict_keys(['group_dag_no_subdags']) retrieved from /opt/airflow/dags/group_dag_no_subdags.py
[2023-10-02T13:36:39.030+0000] {logging_mixin.py:150} INFO - [2023-10-02T13:36:39.029+0000] {dag.py:2742} INFO - Sync 1 DAGs
[2023-10-02T13:36:39.448+0000] {logging_mixin.py:150} INFO - [2023-10-02T13:36:39.440+0000] {dag.py:3504} INFO - Setting next_dagrun for group_dag_no_subdags to 2023-10-02T00:00:00+00:00, run_after=2023-10-03T00:00:00+00:00
[2023-10-02T13:36:39.739+0000] {processor.py:179} INFO - Processing /opt/airflow/dags/group_dag_no_subdags.py took 1.439 seconds
[2023-10-02T13:37:10.118+0000] {processor.py:157} INFO - Started process (PID=13369) to work on /opt/airflow/dags/group_dag_no_subdags.py
[2023-10-02T13:37:10.120+0000] {processor.py:826} INFO - Processing file /opt/airflow/dags/group_dag_no_subdags.py for tasks to queue
[2023-10-02T13:37:10.138+0000] {logging_mixin.py:150} INFO - [2023-10-02T13:37:10.129+0000] {dagbag.py:541} INFO - Filling up the DagBag from /opt/airflow/dags/group_dag_no_subdags.py
[2023-10-02T13:37:10.319+0000] {processor.py:836} INFO - DAG(s) dict_keys(['group_dag_no_subdags']) retrieved from /opt/airflow/dags/group_dag_no_subdags.py
[2023-10-02T13:37:10.809+0000] {logging_mixin.py:150} INFO - [2023-10-02T13:37:10.809+0000] {dag.py:2742} INFO - Sync 1 DAGs
[2023-10-02T13:37:11.200+0000] {logging_mixin.py:150} INFO - [2023-10-02T13:37:11.199+0000] {dag.py:3504} INFO - Setting next_dagrun for group_dag_no_subdags to 2023-10-02T00:00:00+00:00, run_after=2023-10-03T00:00:00+00:00
[2023-10-02T13:37:11.619+0000] {processor.py:179} INFO - Processing /opt/airflow/dags/group_dag_no_subdags.py took 1.560 seconds
[2023-10-02T13:37:42.109+0000] {processor.py:157} INFO - Started process (PID=13396) to work on /opt/airflow/dags/group_dag_no_subdags.py
[2023-10-02T13:37:42.120+0000] {processor.py:826} INFO - Processing file /opt/airflow/dags/group_dag_no_subdags.py for tasks to queue
[2023-10-02T13:37:42.139+0000] {logging_mixin.py:150} INFO - [2023-10-02T13:37:42.129+0000] {dagbag.py:541} INFO - Filling up the DagBag from /opt/airflow/dags/group_dag_no_subdags.py
[2023-10-02T13:37:42.380+0000] {processor.py:836} INFO - DAG(s) dict_keys(['group_dag_no_subdags']) retrieved from /opt/airflow/dags/group_dag_no_subdags.py
[2023-10-02T13:37:42.939+0000] {logging_mixin.py:150} INFO - [2023-10-02T13:37:42.929+0000] {dag.py:2742} INFO - Sync 1 DAGs
[2023-10-02T13:37:43.610+0000] {logging_mixin.py:150} INFO - [2023-10-02T13:37:43.609+0000] {dag.py:3504} INFO - Setting next_dagrun for group_dag_no_subdags to 2023-10-02T00:00:00+00:00, run_after=2023-10-03T00:00:00+00:00
[2023-10-02T13:37:44.260+0000] {processor.py:179} INFO - Processing /opt/airflow/dags/group_dag_no_subdags.py took 2.220 seconds
[2023-10-02T13:38:14.809+0000] {processor.py:157} INFO - Started process (PID=13423) to work on /opt/airflow/dags/group_dag_no_subdags.py
[2023-10-02T13:38:14.819+0000] {processor.py:826} INFO - Processing file /opt/airflow/dags/group_dag_no_subdags.py for tasks to queue
[2023-10-02T13:38:14.829+0000] {logging_mixin.py:150} INFO - [2023-10-02T13:38:14.828+0000] {dagbag.py:541} INFO - Filling up the DagBag from /opt/airflow/dags/group_dag_no_subdags.py
[2023-10-02T13:38:14.999+0000] {processor.py:836} INFO - DAG(s) dict_keys(['group_dag_no_subdags']) retrieved from /opt/airflow/dags/group_dag_no_subdags.py
[2023-10-02T13:38:15.330+0000] {logging_mixin.py:150} INFO - [2023-10-02T13:38:15.329+0000] {dag.py:2742} INFO - Sync 1 DAGs
[2023-10-02T13:38:15.789+0000] {logging_mixin.py:150} INFO - [2023-10-02T13:38:15.788+0000] {dag.py:3504} INFO - Setting next_dagrun for group_dag_no_subdags to 2023-10-02T00:00:00+00:00, run_after=2023-10-03T00:00:00+00:00
[2023-10-02T13:38:16.098+0000] {processor.py:179} INFO - Processing /opt/airflow/dags/group_dag_no_subdags.py took 1.339 seconds
[2023-10-02T13:38:46.349+0000] {processor.py:157} INFO - Started process (PID=13443) to work on /opt/airflow/dags/group_dag_no_subdags.py
[2023-10-02T13:38:46.379+0000] {processor.py:826} INFO - Processing file /opt/airflow/dags/group_dag_no_subdags.py for tasks to queue
[2023-10-02T13:38:46.389+0000] {logging_mixin.py:150} INFO - [2023-10-02T13:38:46.389+0000] {dagbag.py:541} INFO - Filling up the DagBag from /opt/airflow/dags/group_dag_no_subdags.py
[2023-10-02T13:38:46.689+0000] {processor.py:836} INFO - DAG(s) dict_keys(['group_dag_no_subdags']) retrieved from /opt/airflow/dags/group_dag_no_subdags.py
[2023-10-02T13:38:47.709+0000] {logging_mixin.py:150} INFO - [2023-10-02T13:38:47.708+0000] {dag.py:2742} INFO - Sync 1 DAGs
[2023-10-02T13:38:48.139+0000] {logging_mixin.py:150} INFO - [2023-10-02T13:38:48.139+0000] {dag.py:3504} INFO - Setting next_dagrun for group_dag_no_subdags to 2023-10-02T00:00:00+00:00, run_after=2023-10-03T00:00:00+00:00
[2023-10-02T13:38:48.519+0000] {processor.py:179} INFO - Processing /opt/airflow/dags/group_dag_no_subdags.py took 2.211 seconds
[2023-10-02T13:39:19.399+0000] {processor.py:157} INFO - Started process (PID=13470) to work on /opt/airflow/dags/group_dag_no_subdags.py
[2023-10-02T13:39:19.409+0000] {processor.py:826} INFO - Processing file /opt/airflow/dags/group_dag_no_subdags.py for tasks to queue
[2023-10-02T13:39:19.429+0000] {logging_mixin.py:150} INFO - [2023-10-02T13:39:19.429+0000] {dagbag.py:541} INFO - Filling up the DagBag from /opt/airflow/dags/group_dag_no_subdags.py
[2023-10-02T13:39:19.709+0000] {processor.py:836} INFO - DAG(s) dict_keys(['group_dag_no_subdags']) retrieved from /opt/airflow/dags/group_dag_no_subdags.py
[2023-10-02T13:39:20.299+0000] {logging_mixin.py:150} INFO - [2023-10-02T13:39:20.299+0000] {dag.py:2742} INFO - Sync 1 DAGs
[2023-10-02T13:39:20.919+0000] {logging_mixin.py:150} INFO - [2023-10-02T13:39:20.909+0000] {dag.py:3504} INFO - Setting next_dagrun for group_dag_no_subdags to 2023-10-02T00:00:00+00:00, run_after=2023-10-03T00:00:00+00:00
[2023-10-02T13:39:21.389+0000] {processor.py:179} INFO - Processing /opt/airflow/dags/group_dag_no_subdags.py took 2.069 seconds
[2023-10-02T13:40:10.129+0000] {processor.py:157} INFO - Started process (PID=13499) to work on /opt/airflow/dags/group_dag_no_subdags.py
[2023-10-02T13:40:10.189+0000] {processor.py:826} INFO - Processing file /opt/airflow/dags/group_dag_no_subdags.py for tasks to queue
[2023-10-02T13:40:10.239+0000] {logging_mixin.py:150} INFO - [2023-10-02T13:40:10.219+0000] {dagbag.py:541} INFO - Filling up the DagBag from /opt/airflow/dags/group_dag_no_subdags.py
[2023-10-02T13:40:10.759+0000] {processor.py:836} INFO - DAG(s) dict_keys(['group_dag_no_subdags']) retrieved from /opt/airflow/dags/group_dag_no_subdags.py
[2023-10-02T13:40:12.579+0000] {logging_mixin.py:150} INFO - [2023-10-02T13:40:12.559+0000] {dag.py:2742} INFO - Sync 1 DAGs
[2023-10-02T13:40:14.759+0000] {logging_mixin.py:150} INFO - [2023-10-02T13:40:14.758+0000] {dag.py:3504} INFO - Setting next_dagrun for group_dag_no_subdags to 2023-10-02T00:00:00+00:00, run_after=2023-10-03T00:00:00+00:00
[2023-10-02T13:40:15.379+0000] {processor.py:179} INFO - Processing /opt/airflow/dags/group_dag_no_subdags.py took 5.440 seconds
[2023-10-02T13:41:20.199+0000] {processor.py:157} INFO - Started process (PID=13534) to work on /opt/airflow/dags/group_dag_no_subdags.py
[2023-10-02T13:41:20.489+0000] {processor.py:826} INFO - Processing file /opt/airflow/dags/group_dag_no_subdags.py for tasks to queue
[2023-10-02T13:41:21.018+0000] {logging_mixin.py:150} INFO - [2023-10-02T13:41:20.788+0000] {dagbag.py:541} INFO - Filling up the DagBag from /opt/airflow/dags/group_dag_no_subdags.py
[2023-10-02T13:41:24.628+0000] {processor.py:836} INFO - DAG(s) dict_keys(['group_dag_no_subdags']) retrieved from /opt/airflow/dags/group_dag_no_subdags.py
[2023-10-02T13:41:31.968+0000] {logging_mixin.py:150} INFO - [2023-10-02T13:41:31.629+0000] {dag.py:2742} INFO - Sync 1 DAGs
[2023-10-02T13:41:39.299+0000] {logging_mixin.py:150} INFO - [2023-10-02T13:41:39.269+0000] {dag.py:3504} INFO - Setting next_dagrun for group_dag_no_subdags to 2023-10-02T00:00:00+00:00, run_after=2023-10-03T00:00:00+00:00
[2023-10-02T13:41:42.979+0000] {processor.py:179} INFO - Processing /opt/airflow/dags/group_dag_no_subdags.py took 23.250 seconds
