[2023-10-02T13:00:52.464+0000] {processor.py:157} INFO - Started process (PID=11459) to work on /opt/airflow/dags/parallel_dag.py
[2023-10-02T13:00:52.465+0000] {processor.py:826} INFO - Processing file /opt/airflow/dags/parallel_dag.py for tasks to queue
[2023-10-02T13:00:52.494+0000] {logging_mixin.py:150} INFO - [2023-10-02T13:00:52.466+0000] {dagbag.py:541} INFO - Filling up the DagBag from /opt/airflow/dags/parallel_dag.py
[2023-10-02T13:00:52.623+0000] {processor.py:836} INFO - DAG(s) dict_keys(['parallel_dag']) retrieved from /opt/airflow/dags/parallel_dag.py
[2023-10-02T13:00:52.852+0000] {logging_mixin.py:150} INFO - [2023-10-02T13:00:52.852+0000] {dag.py:2742} INFO - Sync 1 DAGs
[2023-10-02T13:00:52.998+0000] {logging_mixin.py:150} INFO - [2023-10-02T13:00:52.997+0000] {dag.py:3504} INFO - Setting next_dagrun for parallel_dag to 2023-10-01T00:00:00+00:00, run_after=2023-10-02T00:00:00+00:00
[2023-10-02T13:00:56.213+0000] {processor.py:179} INFO - Processing /opt/airflow/dags/parallel_dag.py took 3.781 seconds
[2023-10-02T13:01:27.042+0000] {processor.py:157} INFO - Started process (PID=11510) to work on /opt/airflow/dags/parallel_dag.py
[2023-10-02T13:01:27.043+0000] {processor.py:826} INFO - Processing file /opt/airflow/dags/parallel_dag.py for tasks to queue
[2023-10-02T13:01:27.044+0000] {logging_mixin.py:150} INFO - [2023-10-02T13:01:27.044+0000] {dagbag.py:541} INFO - Filling up the DagBag from /opt/airflow/dags/parallel_dag.py
[2023-10-02T13:01:27.054+0000] {processor.py:836} INFO - DAG(s) dict_keys(['parallel_dag']) retrieved from /opt/airflow/dags/parallel_dag.py
[2023-10-02T13:01:27.083+0000] {logging_mixin.py:150} INFO - [2023-10-02T13:01:27.082+0000] {dag.py:2742} INFO - Sync 1 DAGs
[2023-10-02T13:01:27.112+0000] {logging_mixin.py:150} INFO - [2023-10-02T13:01:27.112+0000] {dag.py:3504} INFO - Setting next_dagrun for parallel_dag to 2023-10-02T00:00:00+00:00, run_after=2023-10-03T00:00:00+00:00
[2023-10-02T13:01:27.136+0000] {processor.py:179} INFO - Processing /opt/airflow/dags/parallel_dag.py took 0.097 seconds
[2023-10-02T13:01:57.241+0000] {processor.py:157} INFO - Started process (PID=11543) to work on /opt/airflow/dags/parallel_dag.py
[2023-10-02T13:01:57.242+0000] {processor.py:826} INFO - Processing file /opt/airflow/dags/parallel_dag.py for tasks to queue
[2023-10-02T13:01:57.243+0000] {logging_mixin.py:150} INFO - [2023-10-02T13:01:57.243+0000] {dagbag.py:541} INFO - Filling up the DagBag from /opt/airflow/dags/parallel_dag.py
[2023-10-02T13:01:57.253+0000] {processor.py:836} INFO - DAG(s) dict_keys(['parallel_dag']) retrieved from /opt/airflow/dags/parallel_dag.py
[2023-10-02T13:01:57.280+0000] {logging_mixin.py:150} INFO - [2023-10-02T13:01:57.279+0000] {dag.py:2742} INFO - Sync 1 DAGs
[2023-10-02T13:01:57.306+0000] {logging_mixin.py:150} INFO - [2023-10-02T13:01:57.306+0000] {dag.py:3504} INFO - Setting next_dagrun for parallel_dag to 2023-10-02T00:00:00+00:00, run_after=2023-10-03T00:00:00+00:00
[2023-10-02T13:01:57.332+0000] {processor.py:179} INFO - Processing /opt/airflow/dags/parallel_dag.py took 0.094 seconds
[2023-10-02T13:02:27.363+0000] {processor.py:157} INFO - Started process (PID=11575) to work on /opt/airflow/dags/parallel_dag.py
[2023-10-02T13:02:27.364+0000] {processor.py:826} INFO - Processing file /opt/airflow/dags/parallel_dag.py for tasks to queue
[2023-10-02T13:02:27.366+0000] {logging_mixin.py:150} INFO - [2023-10-02T13:02:27.365+0000] {dagbag.py:541} INFO - Filling up the DagBag from /opt/airflow/dags/parallel_dag.py
[2023-10-02T13:02:27.379+0000] {processor.py:836} INFO - DAG(s) dict_keys(['parallel_dag']) retrieved from /opt/airflow/dags/parallel_dag.py
[2023-10-02T13:02:27.412+0000] {logging_mixin.py:150} INFO - [2023-10-02T13:02:27.412+0000] {dag.py:2742} INFO - Sync 1 DAGs
[2023-10-02T13:02:27.446+0000] {logging_mixin.py:150} INFO - [2023-10-02T13:02:27.445+0000] {dag.py:3504} INFO - Setting next_dagrun for parallel_dag to 2023-10-02T00:00:00+00:00, run_after=2023-10-03T00:00:00+00:00
[2023-10-02T13:02:27.468+0000] {processor.py:179} INFO - Processing /opt/airflow/dags/parallel_dag.py took 0.111 seconds
[2023-10-02T13:02:57.550+0000] {processor.py:157} INFO - Started process (PID=11603) to work on /opt/airflow/dags/parallel_dag.py
[2023-10-02T13:02:57.554+0000] {processor.py:826} INFO - Processing file /opt/airflow/dags/parallel_dag.py for tasks to queue
[2023-10-02T13:02:57.555+0000] {logging_mixin.py:150} INFO - [2023-10-02T13:02:57.554+0000] {dagbag.py:541} INFO - Filling up the DagBag from /opt/airflow/dags/parallel_dag.py
[2023-10-02T13:02:57.565+0000] {processor.py:836} INFO - DAG(s) dict_keys(['parallel_dag']) retrieved from /opt/airflow/dags/parallel_dag.py
[2023-10-02T13:02:57.593+0000] {logging_mixin.py:150} INFO - [2023-10-02T13:02:57.592+0000] {dag.py:2742} INFO - Sync 1 DAGs
[2023-10-02T13:02:57.620+0000] {logging_mixin.py:150} INFO - [2023-10-02T13:02:57.620+0000] {dag.py:3504} INFO - Setting next_dagrun for parallel_dag to 2023-10-02T00:00:00+00:00, run_after=2023-10-03T00:00:00+00:00
[2023-10-02T13:02:57.646+0000] {processor.py:179} INFO - Processing /opt/airflow/dags/parallel_dag.py took 0.100 seconds
[2023-10-02T13:03:27.772+0000] {processor.py:157} INFO - Started process (PID=11630) to work on /opt/airflow/dags/parallel_dag.py
[2023-10-02T13:03:27.773+0000] {processor.py:826} INFO - Processing file /opt/airflow/dags/parallel_dag.py for tasks to queue
[2023-10-02T13:03:27.774+0000] {logging_mixin.py:150} INFO - [2023-10-02T13:03:27.774+0000] {dagbag.py:541} INFO - Filling up the DagBag from /opt/airflow/dags/parallel_dag.py
[2023-10-02T13:03:27.784+0000] {processor.py:836} INFO - DAG(s) dict_keys(['parallel_dag']) retrieved from /opt/airflow/dags/parallel_dag.py
[2023-10-02T13:03:27.817+0000] {logging_mixin.py:150} INFO - [2023-10-02T13:03:27.816+0000] {dag.py:2742} INFO - Sync 1 DAGs
[2023-10-02T13:03:27.854+0000] {logging_mixin.py:150} INFO - [2023-10-02T13:03:27.854+0000] {dag.py:3504} INFO - Setting next_dagrun for parallel_dag to 2023-10-02T00:00:00+00:00, run_after=2023-10-03T00:00:00+00:00
[2023-10-02T13:03:27.882+0000] {processor.py:179} INFO - Processing /opt/airflow/dags/parallel_dag.py took 0.113 seconds
[2023-10-02T13:03:57.973+0000] {processor.py:157} INFO - Started process (PID=11657) to work on /opt/airflow/dags/parallel_dag.py
[2023-10-02T13:03:57.991+0000] {processor.py:826} INFO - Processing file /opt/airflow/dags/parallel_dag.py for tasks to queue
[2023-10-02T13:03:57.999+0000] {logging_mixin.py:150} INFO - [2023-10-02T13:03:57.999+0000] {dagbag.py:541} INFO - Filling up the DagBag from /opt/airflow/dags/parallel_dag.py
[2023-10-02T13:03:58.033+0000] {processor.py:836} INFO - DAG(s) dict_keys(['parallel_dag']) retrieved from /opt/airflow/dags/parallel_dag.py
[2023-10-02T13:03:58.127+0000] {logging_mixin.py:150} INFO - [2023-10-02T13:03:58.127+0000] {dag.py:2742} INFO - Sync 1 DAGs
[2023-10-02T13:03:58.240+0000] {logging_mixin.py:150} INFO - [2023-10-02T13:03:58.240+0000] {dag.py:3504} INFO - Setting next_dagrun for parallel_dag to 2023-10-02T00:00:00+00:00, run_after=2023-10-03T00:00:00+00:00
[2023-10-02T13:03:58.327+0000] {processor.py:179} INFO - Processing /opt/airflow/dags/parallel_dag.py took 0.360 seconds
[2023-10-02T13:04:28.539+0000] {processor.py:157} INFO - Started process (PID=11684) to work on /opt/airflow/dags/parallel_dag.py
[2023-10-02T13:04:28.541+0000] {processor.py:826} INFO - Processing file /opt/airflow/dags/parallel_dag.py for tasks to queue
[2023-10-02T13:04:28.542+0000] {logging_mixin.py:150} INFO - [2023-10-02T13:04:28.541+0000] {dagbag.py:541} INFO - Filling up the DagBag from /opt/airflow/dags/parallel_dag.py
[2023-10-02T13:04:28.571+0000] {processor.py:836} INFO - DAG(s) dict_keys(['parallel_dag']) retrieved from /opt/airflow/dags/parallel_dag.py
[2023-10-02T13:04:28.627+0000] {logging_mixin.py:150} INFO - [2023-10-02T13:04:28.626+0000] {dag.py:2742} INFO - Sync 1 DAGs
[2023-10-02T13:04:28.685+0000] {logging_mixin.py:150} INFO - [2023-10-02T13:04:28.682+0000] {dag.py:3504} INFO - Setting next_dagrun for parallel_dag to 2023-10-02T00:00:00+00:00, run_after=2023-10-03T00:00:00+00:00
[2023-10-02T13:04:28.730+0000] {processor.py:179} INFO - Processing /opt/airflow/dags/parallel_dag.py took 0.201 seconds
[2023-10-02T13:04:59.601+0000] {processor.py:157} INFO - Started process (PID=11711) to work on /opt/airflow/dags/parallel_dag.py
[2023-10-02T13:04:59.605+0000] {processor.py:826} INFO - Processing file /opt/airflow/dags/parallel_dag.py for tasks to queue
[2023-10-02T13:04:59.606+0000] {logging_mixin.py:150} INFO - [2023-10-02T13:04:59.605+0000] {dagbag.py:541} INFO - Filling up the DagBag from /opt/airflow/dags/parallel_dag.py
[2023-10-02T13:04:59.619+0000] {processor.py:836} INFO - DAG(s) dict_keys(['parallel_dag']) retrieved from /opt/airflow/dags/parallel_dag.py
[2023-10-02T13:04:59.651+0000] {logging_mixin.py:150} INFO - [2023-10-02T13:04:59.650+0000] {dag.py:2742} INFO - Sync 1 DAGs
[2023-10-02T13:04:59.682+0000] {logging_mixin.py:150} INFO - [2023-10-02T13:04:59.682+0000] {dag.py:3504} INFO - Setting next_dagrun for parallel_dag to 2023-10-02T00:00:00+00:00, run_after=2023-10-03T00:00:00+00:00
[2023-10-02T13:04:59.711+0000] {processor.py:179} INFO - Processing /opt/airflow/dags/parallel_dag.py took 0.116 seconds
[2023-10-02T13:05:29.905+0000] {processor.py:157} INFO - Started process (PID=11738) to work on /opt/airflow/dags/parallel_dag.py
[2023-10-02T13:05:29.927+0000] {processor.py:826} INFO - Processing file /opt/airflow/dags/parallel_dag.py for tasks to queue
[2023-10-02T13:05:29.929+0000] {logging_mixin.py:150} INFO - [2023-10-02T13:05:29.929+0000] {dagbag.py:541} INFO - Filling up the DagBag from /opt/airflow/dags/parallel_dag.py
[2023-10-02T13:05:29.940+0000] {processor.py:836} INFO - DAG(s) dict_keys(['parallel_dag']) retrieved from /opt/airflow/dags/parallel_dag.py
[2023-10-02T13:05:29.976+0000] {logging_mixin.py:150} INFO - [2023-10-02T13:05:29.976+0000] {dag.py:2742} INFO - Sync 1 DAGs
[2023-10-02T13:05:30.011+0000] {logging_mixin.py:150} INFO - [2023-10-02T13:05:30.011+0000] {dag.py:3504} INFO - Setting next_dagrun for parallel_dag to 2023-10-02T00:00:00+00:00, run_after=2023-10-03T00:00:00+00:00
[2023-10-02T13:05:30.036+0000] {processor.py:179} INFO - Processing /opt/airflow/dags/parallel_dag.py took 0.135 seconds
[2023-10-02T13:06:00.144+0000] {processor.py:157} INFO - Started process (PID=11765) to work on /opt/airflow/dags/parallel_dag.py
[2023-10-02T13:06:00.149+0000] {processor.py:826} INFO - Processing file /opt/airflow/dags/parallel_dag.py for tasks to queue
[2023-10-02T13:06:00.150+0000] {logging_mixin.py:150} INFO - [2023-10-02T13:06:00.150+0000] {dagbag.py:541} INFO - Filling up the DagBag from /opt/airflow/dags/parallel_dag.py
[2023-10-02T13:06:00.164+0000] {processor.py:836} INFO - DAG(s) dict_keys(['parallel_dag']) retrieved from /opt/airflow/dags/parallel_dag.py
[2023-10-02T13:06:00.264+0000] {logging_mixin.py:150} INFO - [2023-10-02T13:06:00.263+0000] {dag.py:2742} INFO - Sync 1 DAGs
[2023-10-02T13:06:00.336+0000] {logging_mixin.py:150} INFO - [2023-10-02T13:06:00.335+0000] {dag.py:3504} INFO - Setting next_dagrun for parallel_dag to 2023-10-02T00:00:00+00:00, run_after=2023-10-03T00:00:00+00:00
[2023-10-02T13:06:00.372+0000] {processor.py:179} INFO - Processing /opt/airflow/dags/parallel_dag.py took 0.241 seconds
[2023-10-02T13:06:30.459+0000] {processor.py:157} INFO - Started process (PID=11792) to work on /opt/airflow/dags/parallel_dag.py
[2023-10-02T13:06:30.460+0000] {processor.py:826} INFO - Processing file /opt/airflow/dags/parallel_dag.py for tasks to queue
[2023-10-02T13:06:30.461+0000] {logging_mixin.py:150} INFO - [2023-10-02T13:06:30.460+0000] {dagbag.py:541} INFO - Filling up the DagBag from /opt/airflow/dags/parallel_dag.py
[2023-10-02T13:06:30.474+0000] {processor.py:836} INFO - DAG(s) dict_keys(['parallel_dag']) retrieved from /opt/airflow/dags/parallel_dag.py
[2023-10-02T13:06:30.524+0000] {logging_mixin.py:150} INFO - [2023-10-02T13:06:30.524+0000] {dag.py:2742} INFO - Sync 1 DAGs
[2023-10-02T13:06:30.563+0000] {logging_mixin.py:150} INFO - [2023-10-02T13:06:30.563+0000] {dag.py:3504} INFO - Setting next_dagrun for parallel_dag to 2023-10-02T00:00:00+00:00, run_after=2023-10-03T00:00:00+00:00
[2023-10-02T13:06:30.600+0000] {processor.py:179} INFO - Processing /opt/airflow/dags/parallel_dag.py took 0.155 seconds
[2023-10-02T13:07:01.257+0000] {processor.py:157} INFO - Started process (PID=11819) to work on /opt/airflow/dags/parallel_dag.py
[2023-10-02T13:07:01.260+0000] {processor.py:826} INFO - Processing file /opt/airflow/dags/parallel_dag.py for tasks to queue
[2023-10-02T13:07:01.261+0000] {logging_mixin.py:150} INFO - [2023-10-02T13:07:01.260+0000] {dagbag.py:541} INFO - Filling up the DagBag from /opt/airflow/dags/parallel_dag.py
[2023-10-02T13:07:01.288+0000] {processor.py:836} INFO - DAG(s) dict_keys(['parallel_dag']) retrieved from /opt/airflow/dags/parallel_dag.py
[2023-10-02T13:07:01.336+0000] {logging_mixin.py:150} INFO - [2023-10-02T13:07:01.335+0000] {dag.py:2742} INFO - Sync 1 DAGs
[2023-10-02T13:07:01.384+0000] {logging_mixin.py:150} INFO - [2023-10-02T13:07:01.384+0000] {dag.py:3504} INFO - Setting next_dagrun for parallel_dag to 2023-10-02T00:00:00+00:00, run_after=2023-10-03T00:00:00+00:00
[2023-10-02T13:07:01.425+0000] {processor.py:179} INFO - Processing /opt/airflow/dags/parallel_dag.py took 0.172 seconds
[2023-10-02T13:07:32.053+0000] {processor.py:157} INFO - Started process (PID=11846) to work on /opt/airflow/dags/parallel_dag.py
[2023-10-02T13:07:32.064+0000] {processor.py:826} INFO - Processing file /opt/airflow/dags/parallel_dag.py for tasks to queue
[2023-10-02T13:07:32.065+0000] {logging_mixin.py:150} INFO - [2023-10-02T13:07:32.064+0000] {dagbag.py:541} INFO - Filling up the DagBag from /opt/airflow/dags/parallel_dag.py
[2023-10-02T13:07:32.080+0000] {processor.py:836} INFO - DAG(s) dict_keys(['parallel_dag']) retrieved from /opt/airflow/dags/parallel_dag.py
[2023-10-02T13:07:32.124+0000] {logging_mixin.py:150} INFO - [2023-10-02T13:07:32.124+0000] {dag.py:2742} INFO - Sync 1 DAGs
[2023-10-02T13:07:32.171+0000] {logging_mixin.py:150} INFO - [2023-10-02T13:07:32.171+0000] {dag.py:3504} INFO - Setting next_dagrun for parallel_dag to 2023-10-02T00:00:00+00:00, run_after=2023-10-03T00:00:00+00:00
[2023-10-02T13:07:32.213+0000] {processor.py:179} INFO - Processing /opt/airflow/dags/parallel_dag.py took 0.167 seconds
[2023-10-02T13:08:02.639+0000] {processor.py:157} INFO - Started process (PID=11873) to work on /opt/airflow/dags/parallel_dag.py
[2023-10-02T13:08:02.640+0000] {processor.py:826} INFO - Processing file /opt/airflow/dags/parallel_dag.py for tasks to queue
[2023-10-02T13:08:02.641+0000] {logging_mixin.py:150} INFO - [2023-10-02T13:08:02.641+0000] {dagbag.py:541} INFO - Filling up the DagBag from /opt/airflow/dags/parallel_dag.py
[2023-10-02T13:08:02.656+0000] {processor.py:836} INFO - DAG(s) dict_keys(['parallel_dag']) retrieved from /opt/airflow/dags/parallel_dag.py
[2023-10-02T13:08:02.698+0000] {logging_mixin.py:150} INFO - [2023-10-02T13:08:02.696+0000] {dag.py:2742} INFO - Sync 1 DAGs
[2023-10-02T13:08:02.741+0000] {logging_mixin.py:150} INFO - [2023-10-02T13:08:02.741+0000] {dag.py:3504} INFO - Setting next_dagrun for parallel_dag to 2023-10-02T00:00:00+00:00, run_after=2023-10-03T00:00:00+00:00
[2023-10-02T13:08:02.779+0000] {processor.py:179} INFO - Processing /opt/airflow/dags/parallel_dag.py took 0.148 seconds
[2023-10-02T13:08:33.125+0000] {processor.py:157} INFO - Started process (PID=11900) to work on /opt/airflow/dags/parallel_dag.py
[2023-10-02T13:08:33.129+0000] {processor.py:826} INFO - Processing file /opt/airflow/dags/parallel_dag.py for tasks to queue
[2023-10-02T13:08:33.131+0000] {logging_mixin.py:150} INFO - [2023-10-02T13:08:33.130+0000] {dagbag.py:541} INFO - Filling up the DagBag from /opt/airflow/dags/parallel_dag.py
[2023-10-02T13:08:33.144+0000] {processor.py:836} INFO - DAG(s) dict_keys(['parallel_dag']) retrieved from /opt/airflow/dags/parallel_dag.py
[2023-10-02T13:08:33.306+0000] {logging_mixin.py:150} INFO - [2023-10-02T13:08:33.306+0000] {dag.py:2742} INFO - Sync 1 DAGs
[2023-10-02T13:08:33.341+0000] {logging_mixin.py:150} INFO - [2023-10-02T13:08:33.341+0000] {dag.py:3504} INFO - Setting next_dagrun for parallel_dag to 2023-10-02T00:00:00+00:00, run_after=2023-10-03T00:00:00+00:00
[2023-10-02T13:08:33.373+0000] {processor.py:179} INFO - Processing /opt/airflow/dags/parallel_dag.py took 0.253 seconds
[2023-10-02T13:09:03.510+0000] {processor.py:157} INFO - Started process (PID=11928) to work on /opt/airflow/dags/parallel_dag.py
[2023-10-02T13:09:03.511+0000] {processor.py:826} INFO - Processing file /opt/airflow/dags/parallel_dag.py for tasks to queue
[2023-10-02T13:09:03.512+0000] {logging_mixin.py:150} INFO - [2023-10-02T13:09:03.511+0000] {dagbag.py:541} INFO - Filling up the DagBag from /opt/airflow/dags/parallel_dag.py
[2023-10-02T13:09:03.523+0000] {processor.py:836} INFO - DAG(s) dict_keys(['parallel_dag']) retrieved from /opt/airflow/dags/parallel_dag.py
[2023-10-02T13:09:03.565+0000] {logging_mixin.py:150} INFO - [2023-10-02T13:09:03.565+0000] {dag.py:2742} INFO - Sync 1 DAGs
[2023-10-02T13:09:03.613+0000] {logging_mixin.py:150} INFO - [2023-10-02T13:09:03.612+0000] {dag.py:3504} INFO - Setting next_dagrun for parallel_dag to 2023-10-02T00:00:00+00:00, run_after=2023-10-03T00:00:00+00:00
[2023-10-02T13:09:03.644+0000] {processor.py:179} INFO - Processing /opt/airflow/dags/parallel_dag.py took 0.141 seconds
[2023-10-02T13:09:33.769+0000] {processor.py:157} INFO - Started process (PID=11955) to work on /opt/airflow/dags/parallel_dag.py
[2023-10-02T13:09:33.771+0000] {processor.py:826} INFO - Processing file /opt/airflow/dags/parallel_dag.py for tasks to queue
[2023-10-02T13:09:33.772+0000] {logging_mixin.py:150} INFO - [2023-10-02T13:09:33.772+0000] {dagbag.py:541} INFO - Filling up the DagBag from /opt/airflow/dags/parallel_dag.py
[2023-10-02T13:09:33.791+0000] {processor.py:836} INFO - DAG(s) dict_keys(['parallel_dag']) retrieved from /opt/airflow/dags/parallel_dag.py
[2023-10-02T13:09:33.833+0000] {logging_mixin.py:150} INFO - [2023-10-02T13:09:33.833+0000] {dag.py:2742} INFO - Sync 1 DAGs
[2023-10-02T13:09:33.881+0000] {logging_mixin.py:150} INFO - [2023-10-02T13:09:33.880+0000] {dag.py:3504} INFO - Setting next_dagrun for parallel_dag to 2023-10-02T00:00:00+00:00, run_after=2023-10-03T00:00:00+00:00
[2023-10-02T13:09:33.922+0000] {processor.py:179} INFO - Processing /opt/airflow/dags/parallel_dag.py took 0.158 seconds
[2023-10-02T13:10:04.034+0000] {processor.py:157} INFO - Started process (PID=11982) to work on /opt/airflow/dags/parallel_dag.py
[2023-10-02T13:10:04.035+0000] {processor.py:826} INFO - Processing file /opt/airflow/dags/parallel_dag.py for tasks to queue
[2023-10-02T13:10:04.036+0000] {logging_mixin.py:150} INFO - [2023-10-02T13:10:04.035+0000] {dagbag.py:541} INFO - Filling up the DagBag from /opt/airflow/dags/parallel_dag.py
[2023-10-02T13:10:04.052+0000] {processor.py:836} INFO - DAG(s) dict_keys(['parallel_dag']) retrieved from /opt/airflow/dags/parallel_dag.py
[2023-10-02T13:10:04.088+0000] {logging_mixin.py:150} INFO - [2023-10-02T13:10:04.086+0000] {dag.py:2742} INFO - Sync 1 DAGs
[2023-10-02T13:10:04.121+0000] {logging_mixin.py:150} INFO - [2023-10-02T13:10:04.120+0000] {dag.py:3504} INFO - Setting next_dagrun for parallel_dag to 2023-10-02T00:00:00+00:00, run_after=2023-10-03T00:00:00+00:00
[2023-10-02T13:10:04.153+0000] {processor.py:179} INFO - Processing /opt/airflow/dags/parallel_dag.py took 0.122 seconds
[2023-10-02T13:10:34.450+0000] {processor.py:157} INFO - Started process (PID=12009) to work on /opt/airflow/dags/parallel_dag.py
[2023-10-02T13:10:34.451+0000] {processor.py:826} INFO - Processing file /opt/airflow/dags/parallel_dag.py for tasks to queue
[2023-10-02T13:10:34.452+0000] {logging_mixin.py:150} INFO - [2023-10-02T13:10:34.451+0000] {dagbag.py:541} INFO - Filling up the DagBag from /opt/airflow/dags/parallel_dag.py
[2023-10-02T13:10:34.462+0000] {processor.py:836} INFO - DAG(s) dict_keys(['parallel_dag']) retrieved from /opt/airflow/dags/parallel_dag.py
[2023-10-02T13:10:34.502+0000] {logging_mixin.py:150} INFO - [2023-10-02T13:10:34.502+0000] {dag.py:2742} INFO - Sync 1 DAGs
[2023-10-02T13:10:34.540+0000] {logging_mixin.py:150} INFO - [2023-10-02T13:10:34.540+0000] {dag.py:3504} INFO - Setting next_dagrun for parallel_dag to 2023-10-02T00:00:00+00:00, run_after=2023-10-03T00:00:00+00:00
[2023-10-02T13:10:34.570+0000] {processor.py:179} INFO - Processing /opt/airflow/dags/parallel_dag.py took 0.127 seconds
[2023-10-02T13:11:04.840+0000] {processor.py:157} INFO - Started process (PID=12036) to work on /opt/airflow/dags/parallel_dag.py
[2023-10-02T13:11:04.841+0000] {processor.py:826} INFO - Processing file /opt/airflow/dags/parallel_dag.py for tasks to queue
[2023-10-02T13:11:04.841+0000] {logging_mixin.py:150} INFO - [2023-10-02T13:11:04.841+0000] {dagbag.py:541} INFO - Filling up the DagBag from /opt/airflow/dags/parallel_dag.py
[2023-10-02T13:11:04.856+0000] {processor.py:836} INFO - DAG(s) dict_keys(['parallel_dag']) retrieved from /opt/airflow/dags/parallel_dag.py
[2023-10-02T13:11:04.895+0000] {logging_mixin.py:150} INFO - [2023-10-02T13:11:04.894+0000] {dag.py:2742} INFO - Sync 1 DAGs
[2023-10-02T13:11:04.931+0000] {logging_mixin.py:150} INFO - [2023-10-02T13:11:04.931+0000] {dag.py:3504} INFO - Setting next_dagrun for parallel_dag to 2023-10-02T00:00:00+00:00, run_after=2023-10-03T00:00:00+00:00
[2023-10-02T13:11:04.964+0000] {processor.py:179} INFO - Processing /opt/airflow/dags/parallel_dag.py took 0.130 seconds
[2023-10-02T13:11:35.311+0000] {processor.py:157} INFO - Started process (PID=12063) to work on /opt/airflow/dags/parallel_dag.py
[2023-10-02T13:11:35.313+0000] {processor.py:826} INFO - Processing file /opt/airflow/dags/parallel_dag.py for tasks to queue
[2023-10-02T13:11:35.315+0000] {logging_mixin.py:150} INFO - [2023-10-02T13:11:35.314+0000] {dagbag.py:541} INFO - Filling up the DagBag from /opt/airflow/dags/parallel_dag.py
[2023-10-02T13:11:35.334+0000] {processor.py:836} INFO - DAG(s) dict_keys(['parallel_dag']) retrieved from /opt/airflow/dags/parallel_dag.py
[2023-10-02T13:11:35.379+0000] {logging_mixin.py:150} INFO - [2023-10-02T13:11:35.379+0000] {dag.py:2742} INFO - Sync 1 DAGs
[2023-10-02T13:11:35.415+0000] {logging_mixin.py:150} INFO - [2023-10-02T13:11:35.415+0000] {dag.py:3504} INFO - Setting next_dagrun for parallel_dag to 2023-10-02T00:00:00+00:00, run_after=2023-10-03T00:00:00+00:00
[2023-10-02T13:11:35.443+0000] {processor.py:179} INFO - Processing /opt/airflow/dags/parallel_dag.py took 0.142 seconds
[2023-10-02T13:12:05.875+0000] {processor.py:157} INFO - Started process (PID=12090) to work on /opt/airflow/dags/parallel_dag.py
[2023-10-02T13:12:05.882+0000] {processor.py:826} INFO - Processing file /opt/airflow/dags/parallel_dag.py for tasks to queue
[2023-10-02T13:12:05.883+0000] {logging_mixin.py:150} INFO - [2023-10-02T13:12:05.882+0000] {dagbag.py:541} INFO - Filling up the DagBag from /opt/airflow/dags/parallel_dag.py
[2023-10-02T13:12:05.895+0000] {processor.py:836} INFO - DAG(s) dict_keys(['parallel_dag']) retrieved from /opt/airflow/dags/parallel_dag.py
[2023-10-02T13:12:05.939+0000] {logging_mixin.py:150} INFO - [2023-10-02T13:12:05.938+0000] {dag.py:2742} INFO - Sync 1 DAGs
[2023-10-02T13:12:05.975+0000] {logging_mixin.py:150} INFO - [2023-10-02T13:12:05.975+0000] {dag.py:3504} INFO - Setting next_dagrun for parallel_dag to 2023-10-02T00:00:00+00:00, run_after=2023-10-03T00:00:00+00:00
[2023-10-02T13:12:06.004+0000] {processor.py:179} INFO - Processing /opt/airflow/dags/parallel_dag.py took 0.133 seconds
[2023-10-02T13:12:36.521+0000] {processor.py:157} INFO - Started process (PID=12118) to work on /opt/airflow/dags/parallel_dag.py
[2023-10-02T13:12:36.523+0000] {processor.py:826} INFO - Processing file /opt/airflow/dags/parallel_dag.py for tasks to queue
[2023-10-02T13:12:36.524+0000] {logging_mixin.py:150} INFO - [2023-10-02T13:12:36.524+0000] {dagbag.py:541} INFO - Filling up the DagBag from /opt/airflow/dags/parallel_dag.py
[2023-10-02T13:12:36.541+0000] {processor.py:836} INFO - DAG(s) dict_keys(['parallel_dag']) retrieved from /opt/airflow/dags/parallel_dag.py
[2023-10-02T13:12:36.589+0000] {logging_mixin.py:150} INFO - [2023-10-02T13:12:36.589+0000] {dag.py:2742} INFO - Sync 1 DAGs
[2023-10-02T13:12:36.641+0000] {logging_mixin.py:150} INFO - [2023-10-02T13:12:36.641+0000] {dag.py:3504} INFO - Setting next_dagrun for parallel_dag to 2023-10-02T00:00:00+00:00, run_after=2023-10-03T00:00:00+00:00
[2023-10-02T13:12:36.671+0000] {processor.py:179} INFO - Processing /opt/airflow/dags/parallel_dag.py took 0.157 seconds
[2023-10-02T13:13:07.409+0000] {processor.py:157} INFO - Started process (PID=12145) to work on /opt/airflow/dags/parallel_dag.py
[2023-10-02T13:13:07.410+0000] {processor.py:826} INFO - Processing file /opt/airflow/dags/parallel_dag.py for tasks to queue
[2023-10-02T13:13:07.411+0000] {logging_mixin.py:150} INFO - [2023-10-02T13:13:07.410+0000] {dagbag.py:541} INFO - Filling up the DagBag from /opt/airflow/dags/parallel_dag.py
[2023-10-02T13:13:07.424+0000] {processor.py:836} INFO - DAG(s) dict_keys(['parallel_dag']) retrieved from /opt/airflow/dags/parallel_dag.py
[2023-10-02T13:13:07.472+0000] {logging_mixin.py:150} INFO - [2023-10-02T13:13:07.472+0000] {dag.py:2742} INFO - Sync 1 DAGs
[2023-10-02T13:13:07.512+0000] {logging_mixin.py:150} INFO - [2023-10-02T13:13:07.512+0000] {dag.py:3504} INFO - Setting next_dagrun for parallel_dag to 2023-10-02T00:00:00+00:00, run_after=2023-10-03T00:00:00+00:00
[2023-10-02T13:13:07.544+0000] {processor.py:179} INFO - Processing /opt/airflow/dags/parallel_dag.py took 0.142 seconds
[2023-10-02T13:13:38.209+0000] {processor.py:157} INFO - Started process (PID=12172) to work on /opt/airflow/dags/parallel_dag.py
[2023-10-02T13:13:38.213+0000] {processor.py:826} INFO - Processing file /opt/airflow/dags/parallel_dag.py for tasks to queue
[2023-10-02T13:13:38.214+0000] {logging_mixin.py:150} INFO - [2023-10-02T13:13:38.214+0000] {dagbag.py:541} INFO - Filling up the DagBag from /opt/airflow/dags/parallel_dag.py
[2023-10-02T13:13:38.229+0000] {processor.py:836} INFO - DAG(s) dict_keys(['parallel_dag']) retrieved from /opt/airflow/dags/parallel_dag.py
[2023-10-02T13:13:38.272+0000] {logging_mixin.py:150} INFO - [2023-10-02T13:13:38.272+0000] {dag.py:2742} INFO - Sync 1 DAGs
[2023-10-02T13:13:38.310+0000] {logging_mixin.py:150} INFO - [2023-10-02T13:13:38.309+0000] {dag.py:3504} INFO - Setting next_dagrun for parallel_dag to 2023-10-02T00:00:00+00:00, run_after=2023-10-03T00:00:00+00:00
[2023-10-02T13:13:38.342+0000] {processor.py:179} INFO - Processing /opt/airflow/dags/parallel_dag.py took 0.142 seconds
[2023-10-02T13:14:09.019+0000] {processor.py:157} INFO - Started process (PID=12199) to work on /opt/airflow/dags/parallel_dag.py
[2023-10-02T13:14:09.021+0000] {processor.py:826} INFO - Processing file /opt/airflow/dags/parallel_dag.py for tasks to queue
[2023-10-02T13:14:09.021+0000] {logging_mixin.py:150} INFO - [2023-10-02T13:14:09.021+0000] {dagbag.py:541} INFO - Filling up the DagBag from /opt/airflow/dags/parallel_dag.py
[2023-10-02T13:14:09.035+0000] {processor.py:836} INFO - DAG(s) dict_keys(['parallel_dag']) retrieved from /opt/airflow/dags/parallel_dag.py
[2023-10-02T13:14:09.082+0000] {logging_mixin.py:150} INFO - [2023-10-02T13:14:09.081+0000] {dag.py:2742} INFO - Sync 1 DAGs
[2023-10-02T13:14:09.122+0000] {logging_mixin.py:150} INFO - [2023-10-02T13:14:09.122+0000] {dag.py:3504} INFO - Setting next_dagrun for parallel_dag to 2023-10-02T00:00:00+00:00, run_after=2023-10-03T00:00:00+00:00
[2023-10-02T13:14:09.154+0000] {processor.py:179} INFO - Processing /opt/airflow/dags/parallel_dag.py took 0.142 seconds
[2023-10-02T13:14:39.802+0000] {processor.py:157} INFO - Started process (PID=12226) to work on /opt/airflow/dags/parallel_dag.py
[2023-10-02T13:14:39.809+0000] {processor.py:826} INFO - Processing file /opt/airflow/dags/parallel_dag.py for tasks to queue
[2023-10-02T13:14:39.810+0000] {logging_mixin.py:150} INFO - [2023-10-02T13:14:39.809+0000] {dagbag.py:541} INFO - Filling up the DagBag from /opt/airflow/dags/parallel_dag.py
[2023-10-02T13:14:39.825+0000] {processor.py:836} INFO - DAG(s) dict_keys(['parallel_dag']) retrieved from /opt/airflow/dags/parallel_dag.py
[2023-10-02T13:14:39.880+0000] {logging_mixin.py:150} INFO - [2023-10-02T13:14:39.879+0000] {dag.py:2742} INFO - Sync 1 DAGs
[2023-10-02T13:14:39.929+0000] {logging_mixin.py:150} INFO - [2023-10-02T13:14:39.929+0000] {dag.py:3504} INFO - Setting next_dagrun for parallel_dag to 2023-10-02T00:00:00+00:00, run_after=2023-10-03T00:00:00+00:00
[2023-10-02T13:14:39.964+0000] {processor.py:179} INFO - Processing /opt/airflow/dags/parallel_dag.py took 0.169 seconds
[2023-10-02T13:15:10.643+0000] {processor.py:157} INFO - Started process (PID=12253) to work on /opt/airflow/dags/parallel_dag.py
[2023-10-02T13:15:10.644+0000] {processor.py:826} INFO - Processing file /opt/airflow/dags/parallel_dag.py for tasks to queue
[2023-10-02T13:15:10.644+0000] {logging_mixin.py:150} INFO - [2023-10-02T13:15:10.644+0000] {dagbag.py:541} INFO - Filling up the DagBag from /opt/airflow/dags/parallel_dag.py
[2023-10-02T13:15:10.663+0000] {processor.py:836} INFO - DAG(s) dict_keys(['parallel_dag']) retrieved from /opt/airflow/dags/parallel_dag.py
[2023-10-02T13:15:10.711+0000] {logging_mixin.py:150} INFO - [2023-10-02T13:15:10.711+0000] {dag.py:2742} INFO - Sync 1 DAGs
[2023-10-02T13:15:10.768+0000] {logging_mixin.py:150} INFO - [2023-10-02T13:15:10.765+0000] {dag.py:3504} INFO - Setting next_dagrun for parallel_dag to 2023-10-02T00:00:00+00:00, run_after=2023-10-03T00:00:00+00:00
[2023-10-02T13:15:10.803+0000] {processor.py:179} INFO - Processing /opt/airflow/dags/parallel_dag.py took 0.169 seconds
[2023-10-02T13:15:41.401+0000] {processor.py:157} INFO - Started process (PID=12280) to work on /opt/airflow/dags/parallel_dag.py
[2023-10-02T13:15:41.402+0000] {processor.py:826} INFO - Processing file /opt/airflow/dags/parallel_dag.py for tasks to queue
[2023-10-02T13:15:41.403+0000] {logging_mixin.py:150} INFO - [2023-10-02T13:15:41.403+0000] {dagbag.py:541} INFO - Filling up the DagBag from /opt/airflow/dags/parallel_dag.py
[2023-10-02T13:15:41.422+0000] {processor.py:836} INFO - DAG(s) dict_keys(['parallel_dag']) retrieved from /opt/airflow/dags/parallel_dag.py
[2023-10-02T13:15:41.471+0000] {logging_mixin.py:150} INFO - [2023-10-02T13:15:41.470+0000] {dag.py:2742} INFO - Sync 1 DAGs
[2023-10-02T13:15:41.512+0000] {logging_mixin.py:150} INFO - [2023-10-02T13:15:41.512+0000] {dag.py:3504} INFO - Setting next_dagrun for parallel_dag to 2023-10-02T00:00:00+00:00, run_after=2023-10-03T00:00:00+00:00
[2023-10-02T13:15:41.549+0000] {processor.py:179} INFO - Processing /opt/airflow/dags/parallel_dag.py took 0.157 seconds
[2023-10-02T13:16:12.271+0000] {processor.py:157} INFO - Started process (PID=12308) to work on /opt/airflow/dags/parallel_dag.py
[2023-10-02T13:16:12.279+0000] {processor.py:826} INFO - Processing file /opt/airflow/dags/parallel_dag.py for tasks to queue
[2023-10-02T13:16:12.281+0000] {logging_mixin.py:150} INFO - [2023-10-02T13:16:12.280+0000] {dagbag.py:541} INFO - Filling up the DagBag from /opt/airflow/dags/parallel_dag.py
[2023-10-02T13:16:12.301+0000] {processor.py:836} INFO - DAG(s) dict_keys(['parallel_dag']) retrieved from /opt/airflow/dags/parallel_dag.py
[2023-10-02T13:16:12.360+0000] {logging_mixin.py:150} INFO - [2023-10-02T13:16:12.360+0000] {dag.py:2742} INFO - Sync 1 DAGs
[2023-10-02T13:16:12.419+0000] {logging_mixin.py:150} INFO - [2023-10-02T13:16:12.419+0000] {dag.py:3504} INFO - Setting next_dagrun for parallel_dag to 2023-10-02T00:00:00+00:00, run_after=2023-10-03T00:00:00+00:00
[2023-10-02T13:16:12.459+0000] {processor.py:179} INFO - Processing /opt/airflow/dags/parallel_dag.py took 0.197 seconds
[2023-10-02T13:16:42.673+0000] {processor.py:157} INFO - Started process (PID=12335) to work on /opt/airflow/dags/parallel_dag.py
[2023-10-02T13:16:42.673+0000] {processor.py:826} INFO - Processing file /opt/airflow/dags/parallel_dag.py for tasks to queue
[2023-10-02T13:16:42.674+0000] {logging_mixin.py:150} INFO - [2023-10-02T13:16:42.674+0000] {dagbag.py:541} INFO - Filling up the DagBag from /opt/airflow/dags/parallel_dag.py
[2023-10-02T13:16:42.690+0000] {processor.py:836} INFO - DAG(s) dict_keys(['parallel_dag']) retrieved from /opt/airflow/dags/parallel_dag.py
[2023-10-02T13:16:42.738+0000] {logging_mixin.py:150} INFO - [2023-10-02T13:16:42.734+0000] {dag.py:2742} INFO - Sync 1 DAGs
[2023-10-02T13:16:42.779+0000] {logging_mixin.py:150} INFO - [2023-10-02T13:16:42.779+0000] {dag.py:3504} INFO - Setting next_dagrun for parallel_dag to 2023-10-02T00:00:00+00:00, run_after=2023-10-03T00:00:00+00:00
[2023-10-02T13:16:42.824+0000] {processor.py:179} INFO - Processing /opt/airflow/dags/parallel_dag.py took 0.156 seconds
[2023-10-02T13:17:13.533+0000] {processor.py:157} INFO - Started process (PID=12362) to work on /opt/airflow/dags/parallel_dag.py
[2023-10-02T13:17:13.540+0000] {processor.py:826} INFO - Processing file /opt/airflow/dags/parallel_dag.py for tasks to queue
[2023-10-02T13:17:13.541+0000] {logging_mixin.py:150} INFO - [2023-10-02T13:17:13.540+0000] {dagbag.py:541} INFO - Filling up the DagBag from /opt/airflow/dags/parallel_dag.py
[2023-10-02T13:17:13.559+0000] {processor.py:836} INFO - DAG(s) dict_keys(['parallel_dag']) retrieved from /opt/airflow/dags/parallel_dag.py
[2023-10-02T13:17:13.603+0000] {logging_mixin.py:150} INFO - [2023-10-02T13:17:13.603+0000] {dag.py:2742} INFO - Sync 1 DAGs
[2023-10-02T13:17:13.653+0000] {logging_mixin.py:150} INFO - [2023-10-02T13:17:13.653+0000] {dag.py:3504} INFO - Setting next_dagrun for parallel_dag to 2023-10-02T00:00:00+00:00, run_after=2023-10-03T00:00:00+00:00
[2023-10-02T13:17:13.701+0000] {processor.py:179} INFO - Processing /opt/airflow/dags/parallel_dag.py took 0.172 seconds
[2023-10-02T13:17:43.948+0000] {processor.py:157} INFO - Started process (PID=12389) to work on /opt/airflow/dags/parallel_dag.py
[2023-10-02T13:17:43.952+0000] {processor.py:826} INFO - Processing file /opt/airflow/dags/parallel_dag.py for tasks to queue
[2023-10-02T13:17:43.953+0000] {logging_mixin.py:150} INFO - [2023-10-02T13:17:43.953+0000] {dagbag.py:541} INFO - Filling up the DagBag from /opt/airflow/dags/parallel_dag.py
[2023-10-02T13:17:43.972+0000] {processor.py:836} INFO - DAG(s) dict_keys(['parallel_dag']) retrieved from /opt/airflow/dags/parallel_dag.py
[2023-10-02T13:17:44.020+0000] {logging_mixin.py:150} INFO - [2023-10-02T13:17:44.019+0000] {dag.py:2742} INFO - Sync 1 DAGs
[2023-10-02T13:17:44.062+0000] {logging_mixin.py:150} INFO - [2023-10-02T13:17:44.062+0000] {dag.py:3504} INFO - Setting next_dagrun for parallel_dag to 2023-10-02T00:00:00+00:00, run_after=2023-10-03T00:00:00+00:00
[2023-10-02T13:17:44.102+0000] {processor.py:179} INFO - Processing /opt/airflow/dags/parallel_dag.py took 0.161 seconds
[2023-10-02T13:18:14.643+0000] {processor.py:157} INFO - Started process (PID=12416) to work on /opt/airflow/dags/parallel_dag.py
[2023-10-02T13:18:14.649+0000] {processor.py:826} INFO - Processing file /opt/airflow/dags/parallel_dag.py for tasks to queue
[2023-10-02T13:18:14.650+0000] {logging_mixin.py:150} INFO - [2023-10-02T13:18:14.650+0000] {dagbag.py:541} INFO - Filling up the DagBag from /opt/airflow/dags/parallel_dag.py
[2023-10-02T13:18:14.670+0000] {processor.py:836} INFO - DAG(s) dict_keys(['parallel_dag']) retrieved from /opt/airflow/dags/parallel_dag.py
[2023-10-02T13:18:14.714+0000] {logging_mixin.py:150} INFO - [2023-10-02T13:18:14.714+0000] {dag.py:2742} INFO - Sync 1 DAGs
[2023-10-02T13:18:14.763+0000] {logging_mixin.py:150} INFO - [2023-10-02T13:18:14.763+0000] {dag.py:3504} INFO - Setting next_dagrun for parallel_dag to 2023-10-02T00:00:00+00:00, run_after=2023-10-03T00:00:00+00:00
[2023-10-02T13:18:14.802+0000] {processor.py:179} INFO - Processing /opt/airflow/dags/parallel_dag.py took 0.163 seconds
[2023-10-02T13:18:44.874+0000] {processor.py:157} INFO - Started process (PID=12443) to work on /opt/airflow/dags/parallel_dag.py
[2023-10-02T13:18:44.879+0000] {processor.py:826} INFO - Processing file /opt/airflow/dags/parallel_dag.py for tasks to queue
[2023-10-02T13:18:44.880+0000] {logging_mixin.py:150} INFO - [2023-10-02T13:18:44.880+0000] {dagbag.py:541} INFO - Filling up the DagBag from /opt/airflow/dags/parallel_dag.py
[2023-10-02T13:18:44.902+0000] {processor.py:836} INFO - DAG(s) dict_keys(['parallel_dag']) retrieved from /opt/airflow/dags/parallel_dag.py
[2023-10-02T13:18:44.961+0000] {logging_mixin.py:150} INFO - [2023-10-02T13:18:44.960+0000] {dag.py:2742} INFO - Sync 1 DAGs
[2023-10-02T13:18:45.004+0000] {logging_mixin.py:150} INFO - [2023-10-02T13:18:45.003+0000] {dag.py:3504} INFO - Setting next_dagrun for parallel_dag to 2023-10-02T00:00:00+00:00, run_after=2023-10-03T00:00:00+00:00
[2023-10-02T13:18:45.054+0000] {processor.py:179} INFO - Processing /opt/airflow/dags/parallel_dag.py took 0.183 seconds
[2023-10-02T13:19:15.310+0000] {processor.py:157} INFO - Started process (PID=12469) to work on /opt/airflow/dags/parallel_dag.py
[2023-10-02T13:19:15.319+0000] {processor.py:826} INFO - Processing file /opt/airflow/dags/parallel_dag.py for tasks to queue
[2023-10-02T13:19:15.321+0000] {logging_mixin.py:150} INFO - [2023-10-02T13:19:15.320+0000] {dagbag.py:541} INFO - Filling up the DagBag from /opt/airflow/dags/parallel_dag.py
[2023-10-02T13:19:15.351+0000] {processor.py:836} INFO - DAG(s) dict_keys(['parallel_dag']) retrieved from /opt/airflow/dags/parallel_dag.py
[2023-10-02T13:19:15.442+0000] {logging_mixin.py:150} INFO - [2023-10-02T13:19:15.442+0000] {dag.py:2742} INFO - Sync 1 DAGs
[2023-10-02T13:19:15.521+0000] {logging_mixin.py:150} INFO - [2023-10-02T13:19:15.521+0000] {dag.py:3504} INFO - Setting next_dagrun for parallel_dag to 2023-10-02T00:00:00+00:00, run_after=2023-10-03T00:00:00+00:00
[2023-10-02T13:19:15.593+0000] {processor.py:179} INFO - Processing /opt/airflow/dags/parallel_dag.py took 0.292 seconds
[2023-10-02T13:19:45.768+0000] {processor.py:157} INFO - Started process (PID=12497) to work on /opt/airflow/dags/parallel_dag.py
[2023-10-02T13:19:45.769+0000] {processor.py:826} INFO - Processing file /opt/airflow/dags/parallel_dag.py for tasks to queue
[2023-10-02T13:19:45.770+0000] {logging_mixin.py:150} INFO - [2023-10-02T13:19:45.770+0000] {dagbag.py:541} INFO - Filling up the DagBag from /opt/airflow/dags/parallel_dag.py
[2023-10-02T13:19:45.792+0000] {processor.py:836} INFO - DAG(s) dict_keys(['parallel_dag']) retrieved from /opt/airflow/dags/parallel_dag.py
[2023-10-02T13:19:45.919+0000] {logging_mixin.py:150} INFO - [2023-10-02T13:19:45.919+0000] {dag.py:2742} INFO - Sync 1 DAGs
[2023-10-02T13:19:46.080+0000] {logging_mixin.py:150} INFO - [2023-10-02T13:19:46.074+0000] {dag.py:3504} INFO - Setting next_dagrun for parallel_dag to 2023-10-02T00:00:00+00:00, run_after=2023-10-03T00:00:00+00:00
[2023-10-02T13:19:46.184+0000] {processor.py:179} INFO - Processing /opt/airflow/dags/parallel_dag.py took 0.423 seconds
[2023-10-02T13:20:16.670+0000] {processor.py:157} INFO - Started process (PID=12516) to work on /opt/airflow/dags/parallel_dag.py
[2023-10-02T13:20:16.681+0000] {processor.py:826} INFO - Processing file /opt/airflow/dags/parallel_dag.py for tasks to queue
[2023-10-02T13:20:16.682+0000] {logging_mixin.py:150} INFO - [2023-10-02T13:20:16.682+0000] {dagbag.py:541} INFO - Filling up the DagBag from /opt/airflow/dags/parallel_dag.py
[2023-10-02T13:20:16.703+0000] {processor.py:836} INFO - DAG(s) dict_keys(['parallel_dag']) retrieved from /opt/airflow/dags/parallel_dag.py
[2023-10-02T13:20:16.799+0000] {logging_mixin.py:150} INFO - [2023-10-02T13:20:16.799+0000] {dag.py:2742} INFO - Sync 1 DAGs
[2023-10-02T13:20:16.920+0000] {logging_mixin.py:150} INFO - [2023-10-02T13:20:16.919+0000] {dag.py:3504} INFO - Setting next_dagrun for parallel_dag to 2023-10-02T00:00:00+00:00, run_after=2023-10-03T00:00:00+00:00
[2023-10-02T13:20:16.983+0000] {processor.py:179} INFO - Processing /opt/airflow/dags/parallel_dag.py took 0.322 seconds
[2023-10-02T13:20:47.352+0000] {processor.py:157} INFO - Started process (PID=12543) to work on /opt/airflow/dags/parallel_dag.py
[2023-10-02T13:20:47.368+0000] {processor.py:826} INFO - Processing file /opt/airflow/dags/parallel_dag.py for tasks to queue
[2023-10-02T13:20:47.370+0000] {logging_mixin.py:150} INFO - [2023-10-02T13:20:47.369+0000] {dagbag.py:541} INFO - Filling up the DagBag from /opt/airflow/dags/parallel_dag.py
[2023-10-02T13:20:47.400+0000] {processor.py:836} INFO - DAG(s) dict_keys(['parallel_dag']) retrieved from /opt/airflow/dags/parallel_dag.py
[2023-10-02T13:20:47.538+0000] {logging_mixin.py:150} INFO - [2023-10-02T13:20:47.533+0000] {dag.py:2742} INFO - Sync 1 DAGs
[2023-10-02T13:20:47.632+0000] {logging_mixin.py:150} INFO - [2023-10-02T13:20:47.632+0000] {dag.py:3504} INFO - Setting next_dagrun for parallel_dag to 2023-10-02T00:00:00+00:00, run_after=2023-10-03T00:00:00+00:00
[2023-10-02T13:20:47.780+0000] {processor.py:179} INFO - Processing /opt/airflow/dags/parallel_dag.py took 0.438 seconds
[2023-10-02T13:21:18.042+0000] {processor.py:157} INFO - Started process (PID=12571) to work on /opt/airflow/dags/parallel_dag.py
[2023-10-02T13:21:18.048+0000] {processor.py:826} INFO - Processing file /opt/airflow/dags/parallel_dag.py for tasks to queue
[2023-10-02T13:21:18.049+0000] {logging_mixin.py:150} INFO - [2023-10-02T13:21:18.049+0000] {dagbag.py:541} INFO - Filling up the DagBag from /opt/airflow/dags/parallel_dag.py
[2023-10-02T13:21:18.079+0000] {processor.py:836} INFO - DAG(s) dict_keys(['parallel_dag']) retrieved from /opt/airflow/dags/parallel_dag.py
[2023-10-02T13:21:18.143+0000] {logging_mixin.py:150} INFO - [2023-10-02T13:21:18.143+0000] {dag.py:2742} INFO - Sync 1 DAGs
[2023-10-02T13:21:18.239+0000] {logging_mixin.py:150} INFO - [2023-10-02T13:21:18.238+0000] {dag.py:3504} INFO - Setting next_dagrun for parallel_dag to 2023-10-02T00:00:00+00:00, run_after=2023-10-03T00:00:00+00:00
[2023-10-02T13:21:18.318+0000] {processor.py:179} INFO - Processing /opt/airflow/dags/parallel_dag.py took 0.289 seconds
[2023-10-02T13:21:48.489+0000] {processor.py:157} INFO - Started process (PID=12598) to work on /opt/airflow/dags/parallel_dag.py
[2023-10-02T13:21:48.490+0000] {processor.py:826} INFO - Processing file /opt/airflow/dags/parallel_dag.py for tasks to queue
[2023-10-02T13:21:48.491+0000] {logging_mixin.py:150} INFO - [2023-10-02T13:21:48.491+0000] {dagbag.py:541} INFO - Filling up the DagBag from /opt/airflow/dags/parallel_dag.py
[2023-10-02T13:21:48.529+0000] {processor.py:836} INFO - DAG(s) dict_keys(['parallel_dag']) retrieved from /opt/airflow/dags/parallel_dag.py
[2023-10-02T13:21:48.658+0000] {logging_mixin.py:150} INFO - [2023-10-02T13:21:48.651+0000] {dag.py:2742} INFO - Sync 1 DAGs
[2023-10-02T13:21:48.792+0000] {logging_mixin.py:150} INFO - [2023-10-02T13:21:48.792+0000] {dag.py:3504} INFO - Setting next_dagrun for parallel_dag to 2023-10-02T00:00:00+00:00, run_after=2023-10-03T00:00:00+00:00
[2023-10-02T13:21:48.882+0000] {processor.py:179} INFO - Processing /opt/airflow/dags/parallel_dag.py took 0.411 seconds
[2023-10-02T13:22:19.171+0000] {processor.py:157} INFO - Started process (PID=12626) to work on /opt/airflow/dags/parallel_dag.py
[2023-10-02T13:22:19.179+0000] {processor.py:826} INFO - Processing file /opt/airflow/dags/parallel_dag.py for tasks to queue
[2023-10-02T13:22:19.183+0000] {logging_mixin.py:150} INFO - [2023-10-02T13:22:19.181+0000] {dagbag.py:541} INFO - Filling up the DagBag from /opt/airflow/dags/parallel_dag.py
[2023-10-02T13:22:19.303+0000] {processor.py:836} INFO - DAG(s) dict_keys(['parallel_dag']) retrieved from /opt/airflow/dags/parallel_dag.py
[2023-10-02T13:22:19.528+0000] {logging_mixin.py:150} INFO - [2023-10-02T13:22:19.520+0000] {dag.py:2742} INFO - Sync 1 DAGs
[2023-10-02T13:22:19.750+0000] {logging_mixin.py:150} INFO - [2023-10-02T13:22:19.749+0000] {dag.py:3504} INFO - Setting next_dagrun for parallel_dag to 2023-10-02T00:00:00+00:00, run_after=2023-10-03T00:00:00+00:00
[2023-10-02T13:22:19.969+0000] {processor.py:179} INFO - Processing /opt/airflow/dags/parallel_dag.py took 0.820 seconds
[2023-10-02T13:22:50.513+0000] {processor.py:157} INFO - Started process (PID=12653) to work on /opt/airflow/dags/parallel_dag.py
[2023-10-02T13:22:50.539+0000] {processor.py:826} INFO - Processing file /opt/airflow/dags/parallel_dag.py for tasks to queue
[2023-10-02T13:22:50.541+0000] {logging_mixin.py:150} INFO - [2023-10-02T13:22:50.540+0000] {dagbag.py:541} INFO - Filling up the DagBag from /opt/airflow/dags/parallel_dag.py
[2023-10-02T13:22:50.800+0000] {processor.py:836} INFO - DAG(s) dict_keys(['parallel_dag']) retrieved from /opt/airflow/dags/parallel_dag.py
[2023-10-02T13:22:50.992+0000] {logging_mixin.py:150} INFO - [2023-10-02T13:22:50.992+0000] {dag.py:2742} INFO - Sync 1 DAGs
[2023-10-02T13:22:51.158+0000] {logging_mixin.py:150} INFO - [2023-10-02T13:22:51.153+0000] {dag.py:3504} INFO - Setting next_dagrun for parallel_dag to 2023-10-02T00:00:00+00:00, run_after=2023-10-03T00:00:00+00:00
[2023-10-02T13:22:51.290+0000] {processor.py:179} INFO - Processing /opt/airflow/dags/parallel_dag.py took 0.808 seconds
[2023-10-02T13:23:21.641+0000] {processor.py:157} INFO - Started process (PID=12681) to work on /opt/airflow/dags/parallel_dag.py
[2023-10-02T13:23:21.658+0000] {processor.py:826} INFO - Processing file /opt/airflow/dags/parallel_dag.py for tasks to queue
[2023-10-02T13:23:21.660+0000] {logging_mixin.py:150} INFO - [2023-10-02T13:23:21.659+0000] {dagbag.py:541} INFO - Filling up the DagBag from /opt/airflow/dags/parallel_dag.py
[2023-10-02T13:23:21.732+0000] {processor.py:836} INFO - DAG(s) dict_keys(['parallel_dag']) retrieved from /opt/airflow/dags/parallel_dag.py
[2023-10-02T13:23:21.870+0000] {logging_mixin.py:150} INFO - [2023-10-02T13:23:21.870+0000] {dag.py:2742} INFO - Sync 1 DAGs
[2023-10-02T13:23:22.061+0000] {logging_mixin.py:150} INFO - [2023-10-02T13:23:22.061+0000] {dag.py:3504} INFO - Setting next_dagrun for parallel_dag to 2023-10-02T00:00:00+00:00, run_after=2023-10-03T00:00:00+00:00
[2023-10-02T13:23:22.160+0000] {processor.py:179} INFO - Processing /opt/airflow/dags/parallel_dag.py took 0.541 seconds
[2023-10-02T13:23:52.941+0000] {processor.py:157} INFO - Started process (PID=12708) to work on /opt/airflow/dags/parallel_dag.py
[2023-10-02T13:23:52.949+0000] {processor.py:826} INFO - Processing file /opt/airflow/dags/parallel_dag.py for tasks to queue
[2023-10-02T13:23:52.950+0000] {logging_mixin.py:150} INFO - [2023-10-02T13:23:52.949+0000] {dagbag.py:541} INFO - Filling up the DagBag from /opt/airflow/dags/parallel_dag.py
[2023-10-02T13:23:52.998+0000] {processor.py:836} INFO - DAG(s) dict_keys(['parallel_dag']) retrieved from /opt/airflow/dags/parallel_dag.py
[2023-10-02T13:23:53.090+0000] {logging_mixin.py:150} INFO - [2023-10-02T13:23:53.089+0000] {dag.py:2742} INFO - Sync 1 DAGs
[2023-10-02T13:23:53.180+0000] {logging_mixin.py:150} INFO - [2023-10-02T13:23:53.180+0000] {dag.py:3504} INFO - Setting next_dagrun for parallel_dag to 2023-10-02T00:00:00+00:00, run_after=2023-10-03T00:00:00+00:00
[2023-10-02T13:23:53.280+0000] {processor.py:179} INFO - Processing /opt/airflow/dags/parallel_dag.py took 0.349 seconds
[2023-10-02T13:24:23.540+0000] {processor.py:157} INFO - Started process (PID=12735) to work on /opt/airflow/dags/parallel_dag.py
[2023-10-02T13:24:23.558+0000] {processor.py:826} INFO - Processing file /opt/airflow/dags/parallel_dag.py for tasks to queue
[2023-10-02T13:24:23.560+0000] {logging_mixin.py:150} INFO - [2023-10-02T13:24:23.559+0000] {dagbag.py:541} INFO - Filling up the DagBag from /opt/airflow/dags/parallel_dag.py
[2023-10-02T13:24:23.641+0000] {processor.py:836} INFO - DAG(s) dict_keys(['parallel_dag']) retrieved from /opt/airflow/dags/parallel_dag.py
[2023-10-02T13:24:23.849+0000] {logging_mixin.py:150} INFO - [2023-10-02T13:24:23.848+0000] {dag.py:2742} INFO - Sync 1 DAGs
[2023-10-02T13:24:24.081+0000] {logging_mixin.py:150} INFO - [2023-10-02T13:24:24.073+0000] {dag.py:3504} INFO - Setting next_dagrun for parallel_dag to 2023-10-02T00:00:00+00:00, run_after=2023-10-03T00:00:00+00:00
[2023-10-02T13:24:24.260+0000] {processor.py:179} INFO - Processing /opt/airflow/dags/parallel_dag.py took 0.749 seconds
[2023-10-02T13:24:55.102+0000] {processor.py:157} INFO - Started process (PID=12762) to work on /opt/airflow/dags/parallel_dag.py
[2023-10-02T13:24:55.119+0000] {processor.py:826} INFO - Processing file /opt/airflow/dags/parallel_dag.py for tasks to queue
[2023-10-02T13:24:55.132+0000] {logging_mixin.py:150} INFO - [2023-10-02T13:24:55.131+0000] {dagbag.py:541} INFO - Filling up the DagBag from /opt/airflow/dags/parallel_dag.py
[2023-10-02T13:24:55.249+0000] {processor.py:836} INFO - DAG(s) dict_keys(['parallel_dag']) retrieved from /opt/airflow/dags/parallel_dag.py
[2023-10-02T13:24:55.449+0000] {logging_mixin.py:150} INFO - [2023-10-02T13:24:55.442+0000] {dag.py:2742} INFO - Sync 1 DAGs
[2023-10-02T13:24:55.629+0000] {logging_mixin.py:150} INFO - [2023-10-02T13:24:55.613+0000] {dag.py:3504} INFO - Setting next_dagrun for parallel_dag to 2023-10-02T00:00:00+00:00, run_after=2023-10-03T00:00:00+00:00
[2023-10-02T13:24:55.801+0000] {processor.py:179} INFO - Processing /opt/airflow/dags/parallel_dag.py took 0.732 seconds
[2023-10-02T13:25:25.862+0000] {processor.py:157} INFO - Started process (PID=12788) to work on /opt/airflow/dags/parallel_dag.py
[2023-10-02T13:25:25.869+0000] {processor.py:826} INFO - Processing file /opt/airflow/dags/parallel_dag.py for tasks to queue
[2023-10-02T13:25:25.871+0000] {logging_mixin.py:150} INFO - [2023-10-02T13:25:25.870+0000] {dagbag.py:541} INFO - Filling up the DagBag from /opt/airflow/dags/parallel_dag.py
[2023-10-02T13:25:25.900+0000] {processor.py:836} INFO - DAG(s) dict_keys(['parallel_dag']) retrieved from /opt/airflow/dags/parallel_dag.py
[2023-10-02T13:25:25.999+0000] {logging_mixin.py:150} INFO - [2023-10-02T13:25:25.999+0000] {dag.py:2742} INFO - Sync 1 DAGs
[2023-10-02T13:25:26.081+0000] {logging_mixin.py:150} INFO - [2023-10-02T13:25:26.081+0000] {dag.py:3504} INFO - Setting next_dagrun for parallel_dag to 2023-10-02T00:00:00+00:00, run_after=2023-10-03T00:00:00+00:00
[2023-10-02T13:25:26.141+0000] {processor.py:179} INFO - Processing /opt/airflow/dags/parallel_dag.py took 0.289 seconds
[2023-10-02T13:25:56.262+0000] {processor.py:157} INFO - Started process (PID=12817) to work on /opt/airflow/dags/parallel_dag.py
[2023-10-02T13:25:56.280+0000] {processor.py:826} INFO - Processing file /opt/airflow/dags/parallel_dag.py for tasks to queue
[2023-10-02T13:25:56.282+0000] {logging_mixin.py:150} INFO - [2023-10-02T13:25:56.281+0000] {dagbag.py:541} INFO - Filling up the DagBag from /opt/airflow/dags/parallel_dag.py
[2023-10-02T13:25:56.331+0000] {processor.py:836} INFO - DAG(s) dict_keys(['parallel_dag']) retrieved from /opt/airflow/dags/parallel_dag.py
[2023-10-02T13:25:56.488+0000] {logging_mixin.py:150} INFO - [2023-10-02T13:25:56.482+0000] {dag.py:2742} INFO - Sync 1 DAGs
[2023-10-02T13:25:56.582+0000] {logging_mixin.py:150} INFO - [2023-10-02T13:25:56.582+0000] {dag.py:3504} INFO - Setting next_dagrun for parallel_dag to 2023-10-02T00:00:00+00:00, run_after=2023-10-03T00:00:00+00:00
[2023-10-02T13:25:56.659+0000] {processor.py:179} INFO - Processing /opt/airflow/dags/parallel_dag.py took 0.407 seconds
[2023-10-02T13:26:27.522+0000] {processor.py:157} INFO - Started process (PID=12844) to work on /opt/airflow/dags/parallel_dag.py
[2023-10-02T13:26:27.531+0000] {processor.py:826} INFO - Processing file /opt/airflow/dags/parallel_dag.py for tasks to queue
[2023-10-02T13:26:27.541+0000] {logging_mixin.py:150} INFO - [2023-10-02T13:26:27.540+0000] {dagbag.py:541} INFO - Filling up the DagBag from /opt/airflow/dags/parallel_dag.py
[2023-10-02T13:26:27.600+0000] {processor.py:836} INFO - DAG(s) dict_keys(['parallel_dag']) retrieved from /opt/airflow/dags/parallel_dag.py
[2023-10-02T13:26:27.749+0000] {logging_mixin.py:150} INFO - [2023-10-02T13:26:27.742+0000] {dag.py:2742} INFO - Sync 1 DAGs
[2023-10-02T13:26:27.889+0000] {logging_mixin.py:150} INFO - [2023-10-02T13:26:27.888+0000] {dag.py:3504} INFO - Setting next_dagrun for parallel_dag to 2023-10-02T00:00:00+00:00, run_after=2023-10-03T00:00:00+00:00
[2023-10-02T13:26:27.982+0000] {processor.py:179} INFO - Processing /opt/airflow/dags/parallel_dag.py took 0.472 seconds
[2023-10-02T13:26:58.890+0000] {processor.py:157} INFO - Started process (PID=12872) to work on /opt/airflow/dags/parallel_dag.py
[2023-10-02T13:26:58.909+0000] {processor.py:826} INFO - Processing file /opt/airflow/dags/parallel_dag.py for tasks to queue
[2023-10-02T13:26:58.910+0000] {logging_mixin.py:150} INFO - [2023-10-02T13:26:58.909+0000] {dagbag.py:541} INFO - Filling up the DagBag from /opt/airflow/dags/parallel_dag.py
[2023-10-02T13:26:58.968+0000] {processor.py:836} INFO - DAG(s) dict_keys(['parallel_dag']) retrieved from /opt/airflow/dags/parallel_dag.py
[2023-10-02T13:26:59.059+0000] {logging_mixin.py:150} INFO - [2023-10-02T13:26:59.059+0000] {dag.py:2742} INFO - Sync 1 DAGs
[2023-10-02T13:26:59.129+0000] {logging_mixin.py:150} INFO - [2023-10-02T13:26:59.129+0000] {dag.py:3504} INFO - Setting next_dagrun for parallel_dag to 2023-10-02T00:00:00+00:00, run_after=2023-10-03T00:00:00+00:00
[2023-10-02T13:26:59.181+0000] {processor.py:179} INFO - Processing /opt/airflow/dags/parallel_dag.py took 0.331 seconds
[2023-10-02T13:27:29.609+0000] {processor.py:157} INFO - Started process (PID=12899) to work on /opt/airflow/dags/parallel_dag.py
[2023-10-02T13:27:29.610+0000] {processor.py:826} INFO - Processing file /opt/airflow/dags/parallel_dag.py for tasks to queue
[2023-10-02T13:27:29.611+0000] {logging_mixin.py:150} INFO - [2023-10-02T13:27:29.611+0000] {dagbag.py:541} INFO - Filling up the DagBag from /opt/airflow/dags/parallel_dag.py
[2023-10-02T13:27:29.650+0000] {processor.py:836} INFO - DAG(s) dict_keys(['parallel_dag']) retrieved from /opt/airflow/dags/parallel_dag.py
[2023-10-02T13:27:29.752+0000] {logging_mixin.py:150} INFO - [2023-10-02T13:27:29.752+0000] {dag.py:2742} INFO - Sync 1 DAGs
[2023-10-02T13:27:29.862+0000] {logging_mixin.py:150} INFO - [2023-10-02T13:27:29.861+0000] {dag.py:3504} INFO - Setting next_dagrun for parallel_dag to 2023-10-02T00:00:00+00:00, run_after=2023-10-03T00:00:00+00:00
[2023-10-02T13:27:29.960+0000] {processor.py:179} INFO - Processing /opt/airflow/dags/parallel_dag.py took 0.361 seconds
[2023-10-02T13:28:00.349+0000] {processor.py:157} INFO - Started process (PID=12926) to work on /opt/airflow/dags/parallel_dag.py
[2023-10-02T13:28:00.351+0000] {processor.py:826} INFO - Processing file /opt/airflow/dags/parallel_dag.py for tasks to queue
[2023-10-02T13:28:00.351+0000] {logging_mixin.py:150} INFO - [2023-10-02T13:28:00.351+0000] {dagbag.py:541} INFO - Filling up the DagBag from /opt/airflow/dags/parallel_dag.py
[2023-10-02T13:28:00.380+0000] {processor.py:836} INFO - DAG(s) dict_keys(['parallel_dag']) retrieved from /opt/airflow/dags/parallel_dag.py
[2023-10-02T13:28:00.471+0000] {logging_mixin.py:150} INFO - [2023-10-02T13:28:00.471+0000] {dag.py:2742} INFO - Sync 1 DAGs
[2023-10-02T13:28:00.569+0000] {logging_mixin.py:150} INFO - [2023-10-02T13:28:00.569+0000] {dag.py:3504} INFO - Setting next_dagrun for parallel_dag to 2023-10-02T00:00:00+00:00, run_after=2023-10-03T00:00:00+00:00
[2023-10-02T13:28:00.631+0000] {processor.py:179} INFO - Processing /opt/airflow/dags/parallel_dag.py took 0.292 seconds
[2023-10-02T13:28:31.330+0000] {processor.py:157} INFO - Started process (PID=12953) to work on /opt/airflow/dags/parallel_dag.py
[2023-10-02T13:28:31.359+0000] {processor.py:826} INFO - Processing file /opt/airflow/dags/parallel_dag.py for tasks to queue
[2023-10-02T13:28:31.370+0000] {logging_mixin.py:150} INFO - [2023-10-02T13:28:31.361+0000] {dagbag.py:541} INFO - Filling up the DagBag from /opt/airflow/dags/parallel_dag.py
[2023-10-02T13:28:31.460+0000] {processor.py:836} INFO - DAG(s) dict_keys(['parallel_dag']) retrieved from /opt/airflow/dags/parallel_dag.py
[2023-10-02T13:28:31.828+0000] {logging_mixin.py:150} INFO - [2023-10-02T13:28:31.811+0000] {dag.py:2742} INFO - Sync 1 DAGs
[2023-10-02T13:28:32.381+0000] {logging_mixin.py:150} INFO - [2023-10-02T13:28:32.379+0000] {dag.py:3504} INFO - Setting next_dagrun for parallel_dag to 2023-10-02T00:00:00+00:00, run_after=2023-10-03T00:00:00+00:00
[2023-10-02T13:28:32.810+0000] {processor.py:179} INFO - Processing /opt/airflow/dags/parallel_dag.py took 1.520 seconds
[2023-10-02T13:29:03.380+0000] {processor.py:157} INFO - Started process (PID=12980) to work on /opt/airflow/dags/parallel_dag.py
[2023-10-02T13:29:03.391+0000] {processor.py:826} INFO - Processing file /opt/airflow/dags/parallel_dag.py for tasks to queue
[2023-10-02T13:29:03.400+0000] {logging_mixin.py:150} INFO - [2023-10-02T13:29:03.399+0000] {dagbag.py:541} INFO - Filling up the DagBag from /opt/airflow/dags/parallel_dag.py
[2023-10-02T13:29:03.510+0000] {processor.py:836} INFO - DAG(s) dict_keys(['parallel_dag']) retrieved from /opt/airflow/dags/parallel_dag.py
[2023-10-02T13:29:03.930+0000] {logging_mixin.py:150} INFO - [2023-10-02T13:29:03.929+0000] {dag.py:2742} INFO - Sync 1 DAGs
[2023-10-02T13:29:04.551+0000] {logging_mixin.py:150} INFO - [2023-10-02T13:29:04.550+0000] {dag.py:3504} INFO - Setting next_dagrun for parallel_dag to 2023-10-02T00:00:00+00:00, run_after=2023-10-03T00:00:00+00:00
[2023-10-02T13:29:04.841+0000] {processor.py:179} INFO - Processing /opt/airflow/dags/parallel_dag.py took 1.510 seconds
[2023-10-02T13:29:35.051+0000] {processor.py:157} INFO - Started process (PID=12998) to work on /opt/airflow/dags/parallel_dag.py
[2023-10-02T13:29:35.081+0000] {processor.py:826} INFO - Processing file /opt/airflow/dags/parallel_dag.py for tasks to queue
[2023-10-02T13:29:35.099+0000] {logging_mixin.py:150} INFO - [2023-10-02T13:29:35.091+0000] {dagbag.py:541} INFO - Filling up the DagBag from /opt/airflow/dags/parallel_dag.py
[2023-10-02T13:29:35.269+0000] {processor.py:836} INFO - DAG(s) dict_keys(['parallel_dag']) retrieved from /opt/airflow/dags/parallel_dag.py
[2023-10-02T13:29:36.009+0000] {logging_mixin.py:150} INFO - [2023-10-02T13:29:36.009+0000] {dag.py:2742} INFO - Sync 1 DAGs
[2023-10-02T13:29:38.071+0000] {logging_mixin.py:150} INFO - [2023-10-02T13:29:38.060+0000] {dag.py:3504} INFO - Setting next_dagrun for parallel_dag to 2023-10-02T00:00:00+00:00, run_after=2023-10-03T00:00:00+00:00
[2023-10-02T13:29:38.631+0000] {processor.py:179} INFO - Processing /opt/airflow/dags/parallel_dag.py took 3.622 seconds
[2023-10-02T13:30:09.320+0000] {processor.py:157} INFO - Started process (PID=13031) to work on /opt/airflow/dags/parallel_dag.py
[2023-10-02T13:30:09.369+0000] {processor.py:826} INFO - Processing file /opt/airflow/dags/parallel_dag.py for tasks to queue
[2023-10-02T13:30:09.379+0000] {logging_mixin.py:150} INFO - [2023-10-02T13:30:09.370+0000] {dagbag.py:541} INFO - Filling up the DagBag from /opt/airflow/dags/parallel_dag.py
[2023-10-02T13:30:09.980+0000] {processor.py:836} INFO - DAG(s) dict_keys(['parallel_dag']) retrieved from /opt/airflow/dags/parallel_dag.py
[2023-10-02T13:30:10.699+0000] {logging_mixin.py:150} INFO - [2023-10-02T13:30:10.698+0000] {dag.py:2742} INFO - Sync 1 DAGs
[2023-10-02T13:30:10.968+0000] {logging_mixin.py:150} INFO - [2023-10-02T13:30:10.961+0000] {dag.py:3504} INFO - Setting next_dagrun for parallel_dag to 2023-10-02T00:00:00+00:00, run_after=2023-10-03T00:00:00+00:00
[2023-10-02T13:30:11.320+0000] {processor.py:179} INFO - Processing /opt/airflow/dags/parallel_dag.py took 2.119 seconds
[2023-10-02T13:30:41.909+0000] {processor.py:157} INFO - Started process (PID=13059) to work on /opt/airflow/dags/parallel_dag.py
[2023-10-02T13:30:41.969+0000] {processor.py:826} INFO - Processing file /opt/airflow/dags/parallel_dag.py for tasks to queue
[2023-10-02T13:30:41.981+0000] {logging_mixin.py:150} INFO - [2023-10-02T13:30:41.971+0000] {dagbag.py:541} INFO - Filling up the DagBag from /opt/airflow/dags/parallel_dag.py
[2023-10-02T13:30:42.180+0000] {processor.py:836} INFO - DAG(s) dict_keys(['parallel_dag']) retrieved from /opt/airflow/dags/parallel_dag.py
[2023-10-02T13:30:42.779+0000] {logging_mixin.py:150} INFO - [2023-10-02T13:30:42.779+0000] {dag.py:2742} INFO - Sync 1 DAGs
[2023-10-02T13:30:43.480+0000] {logging_mixin.py:150} INFO - [2023-10-02T13:30:43.480+0000] {dag.py:3504} INFO - Setting next_dagrun for parallel_dag to 2023-10-02T00:00:00+00:00, run_after=2023-10-03T00:00:00+00:00
[2023-10-02T13:30:43.789+0000] {processor.py:179} INFO - Processing /opt/airflow/dags/parallel_dag.py took 1.950 seconds
[2023-10-02T13:31:14.350+0000] {processor.py:157} INFO - Started process (PID=13086) to work on /opt/airflow/dags/parallel_dag.py
[2023-10-02T13:31:14.369+0000] {processor.py:826} INFO - Processing file /opt/airflow/dags/parallel_dag.py for tasks to queue
[2023-10-02T13:31:14.370+0000] {logging_mixin.py:150} INFO - [2023-10-02T13:31:14.370+0000] {dagbag.py:541} INFO - Filling up the DagBag from /opt/airflow/dags/parallel_dag.py
[2023-10-02T13:31:14.520+0000] {processor.py:836} INFO - DAG(s) dict_keys(['parallel_dag']) retrieved from /opt/airflow/dags/parallel_dag.py
[2023-10-02T13:31:15.021+0000] {logging_mixin.py:150} INFO - [2023-10-02T13:31:15.020+0000] {dag.py:2742} INFO - Sync 1 DAGs
[2023-10-02T13:31:15.469+0000] {logging_mixin.py:150} INFO - [2023-10-02T13:31:15.468+0000] {dag.py:3504} INFO - Setting next_dagrun for parallel_dag to 2023-10-02T00:00:00+00:00, run_after=2023-10-03T00:00:00+00:00
[2023-10-02T13:31:15.919+0000] {processor.py:179} INFO - Processing /opt/airflow/dags/parallel_dag.py took 1.630 seconds
[2023-10-02T13:31:46.661+0000] {processor.py:157} INFO - Started process (PID=13113) to work on /opt/airflow/dags/parallel_dag.py
[2023-10-02T13:31:46.680+0000] {processor.py:826} INFO - Processing file /opt/airflow/dags/parallel_dag.py for tasks to queue
[2023-10-02T13:31:46.689+0000] {logging_mixin.py:150} INFO - [2023-10-02T13:31:46.681+0000] {dagbag.py:541} INFO - Filling up the DagBag from /opt/airflow/dags/parallel_dag.py
[2023-10-02T13:31:46.791+0000] {processor.py:836} INFO - DAG(s) dict_keys(['parallel_dag']) retrieved from /opt/airflow/dags/parallel_dag.py
[2023-10-02T13:31:47.089+0000] {logging_mixin.py:150} INFO - [2023-10-02T13:31:47.089+0000] {dag.py:2742} INFO - Sync 1 DAGs
[2023-10-02T13:31:47.341+0000] {logging_mixin.py:150} INFO - [2023-10-02T13:31:47.340+0000] {dag.py:3504} INFO - Setting next_dagrun for parallel_dag to 2023-10-02T00:00:00+00:00, run_after=2023-10-03T00:00:00+00:00
[2023-10-02T13:31:47.559+0000] {processor.py:179} INFO - Processing /opt/airflow/dags/parallel_dag.py took 0.929 seconds
[2023-10-02T13:32:18.220+0000] {processor.py:157} INFO - Started process (PID=13141) to work on /opt/airflow/dags/parallel_dag.py
[2023-10-02T13:32:18.230+0000] {processor.py:826} INFO - Processing file /opt/airflow/dags/parallel_dag.py for tasks to queue
[2023-10-02T13:32:18.240+0000] {logging_mixin.py:150} INFO - [2023-10-02T13:32:18.239+0000] {dagbag.py:541} INFO - Filling up the DagBag from /opt/airflow/dags/parallel_dag.py
[2023-10-02T13:32:18.359+0000] {processor.py:836} INFO - DAG(s) dict_keys(['parallel_dag']) retrieved from /opt/airflow/dags/parallel_dag.py
[2023-10-02T13:32:18.600+0000] {logging_mixin.py:150} INFO - [2023-10-02T13:32:18.600+0000] {dag.py:2742} INFO - Sync 1 DAGs
[2023-10-02T13:32:18.871+0000] {logging_mixin.py:150} INFO - [2023-10-02T13:32:18.870+0000] {dag.py:3504} INFO - Setting next_dagrun for parallel_dag to 2023-10-02T00:00:00+00:00, run_after=2023-10-03T00:00:00+00:00
[2023-10-02T13:32:19.159+0000] {processor.py:179} INFO - Processing /opt/airflow/dags/parallel_dag.py took 0.969 seconds
[2023-10-02T13:32:50.808+0000] {processor.py:157} INFO - Started process (PID=13159) to work on /opt/airflow/dags/parallel_dag.py
[2023-10-02T13:32:50.840+0000] {processor.py:826} INFO - Processing file /opt/airflow/dags/parallel_dag.py for tasks to queue
[2023-10-02T13:32:50.920+0000] {logging_mixin.py:150} INFO - [2023-10-02T13:32:50.919+0000] {dagbag.py:541} INFO - Filling up the DagBag from /opt/airflow/dags/parallel_dag.py
[2023-10-02T13:32:51.429+0000] {processor.py:836} INFO - DAG(s) dict_keys(['parallel_dag']) retrieved from /opt/airflow/dags/parallel_dag.py
[2023-10-02T13:32:52.910+0000] {logging_mixin.py:150} INFO - [2023-10-02T13:32:52.880+0000] {dag.py:2742} INFO - Sync 1 DAGs
[2023-10-02T13:32:54.240+0000] {logging_mixin.py:150} INFO - [2023-10-02T13:32:54.239+0000] {dag.py:3504} INFO - Setting next_dagrun for parallel_dag to 2023-10-02T00:00:00+00:00, run_after=2023-10-03T00:00:00+00:00
[2023-10-02T13:32:55.141+0000] {processor.py:179} INFO - Processing /opt/airflow/dags/parallel_dag.py took 4.501 seconds
[2023-10-02T13:33:25.619+0000] {processor.py:157} INFO - Started process (PID=13187) to work on /opt/airflow/dags/parallel_dag.py
[2023-10-02T13:33:25.621+0000] {processor.py:826} INFO - Processing file /opt/airflow/dags/parallel_dag.py for tasks to queue
[2023-10-02T13:33:25.629+0000] {logging_mixin.py:150} INFO - [2023-10-02T13:33:25.629+0000] {dagbag.py:541} INFO - Filling up the DagBag from /opt/airflow/dags/parallel_dag.py
[2023-10-02T13:33:25.700+0000] {processor.py:836} INFO - DAG(s) dict_keys(['parallel_dag']) retrieved from /opt/airflow/dags/parallel_dag.py
[2023-10-02T13:33:25.909+0000] {logging_mixin.py:150} INFO - [2023-10-02T13:33:25.909+0000] {dag.py:2742} INFO - Sync 1 DAGs
[2023-10-02T13:33:26.120+0000] {logging_mixin.py:150} INFO - [2023-10-02T13:33:26.120+0000] {dag.py:3504} INFO - Setting next_dagrun for parallel_dag to 2023-10-02T00:00:00+00:00, run_after=2023-10-03T00:00:00+00:00
[2023-10-02T13:33:26.348+0000] {processor.py:179} INFO - Processing /opt/airflow/dags/parallel_dag.py took 0.740 seconds
[2023-10-02T13:33:56.880+0000] {processor.py:157} INFO - Started process (PID=13213) to work on /opt/airflow/dags/parallel_dag.py
[2023-10-02T13:33:56.889+0000] {processor.py:826} INFO - Processing file /opt/airflow/dags/parallel_dag.py for tasks to queue
[2023-10-02T13:33:56.890+0000] {logging_mixin.py:150} INFO - [2023-10-02T13:33:56.890+0000] {dagbag.py:541} INFO - Filling up the DagBag from /opt/airflow/dags/parallel_dag.py
[2023-10-02T13:33:57.020+0000] {processor.py:836} INFO - DAG(s) dict_keys(['parallel_dag']) retrieved from /opt/airflow/dags/parallel_dag.py
[2023-10-02T13:33:57.339+0000] {logging_mixin.py:150} INFO - [2023-10-02T13:33:57.338+0000] {dag.py:2742} INFO - Sync 1 DAGs
[2023-10-02T13:33:57.800+0000] {logging_mixin.py:150} INFO - [2023-10-02T13:33:57.799+0000] {dag.py:3504} INFO - Setting next_dagrun for parallel_dag to 2023-10-02T00:00:00+00:00, run_after=2023-10-03T00:00:00+00:00
[2023-10-02T13:33:58.059+0000] {processor.py:179} INFO - Processing /opt/airflow/dags/parallel_dag.py took 1.210 seconds
[2023-10-02T13:34:28.490+0000] {processor.py:157} INFO - Started process (PID=13241) to work on /opt/airflow/dags/parallel_dag.py
[2023-10-02T13:34:28.499+0000] {processor.py:826} INFO - Processing file /opt/airflow/dags/parallel_dag.py for tasks to queue
[2023-10-02T13:34:28.509+0000] {logging_mixin.py:150} INFO - [2023-10-02T13:34:28.500+0000] {dagbag.py:541} INFO - Filling up the DagBag from /opt/airflow/dags/parallel_dag.py
[2023-10-02T13:34:28.600+0000] {processor.py:836} INFO - DAG(s) dict_keys(['parallel_dag']) retrieved from /opt/airflow/dags/parallel_dag.py
[2023-10-02T13:34:28.870+0000] {logging_mixin.py:150} INFO - [2023-10-02T13:34:28.870+0000] {dag.py:2742} INFO - Sync 1 DAGs
[2023-10-02T13:34:29.149+0000] {logging_mixin.py:150} INFO - [2023-10-02T13:34:29.148+0000] {dag.py:3504} INFO - Setting next_dagrun for parallel_dag to 2023-10-02T00:00:00+00:00, run_after=2023-10-03T00:00:00+00:00
[2023-10-02T13:34:29.428+0000] {processor.py:179} INFO - Processing /opt/airflow/dags/parallel_dag.py took 0.970 seconds
[2023-10-02T13:34:59.828+0000] {processor.py:157} INFO - Started process (PID=13268) to work on /opt/airflow/dags/parallel_dag.py
[2023-10-02T13:34:59.838+0000] {processor.py:826} INFO - Processing file /opt/airflow/dags/parallel_dag.py for tasks to queue
[2023-10-02T13:34:59.849+0000] {logging_mixin.py:150} INFO - [2023-10-02T13:34:59.840+0000] {dagbag.py:541} INFO - Filling up the DagBag from /opt/airflow/dags/parallel_dag.py
[2023-10-02T13:35:00.080+0000] {processor.py:836} INFO - DAG(s) dict_keys(['parallel_dag']) retrieved from /opt/airflow/dags/parallel_dag.py
[2023-10-02T13:35:00.790+0000] {logging_mixin.py:150} INFO - [2023-10-02T13:35:00.790+0000] {dag.py:2742} INFO - Sync 1 DAGs
[2023-10-02T13:35:01.320+0000] {logging_mixin.py:150} INFO - [2023-10-02T13:35:01.319+0000] {dag.py:3504} INFO - Setting next_dagrun for parallel_dag to 2023-10-02T00:00:00+00:00, run_after=2023-10-03T00:00:00+00:00
[2023-10-02T13:35:01.679+0000] {processor.py:179} INFO - Processing /opt/airflow/dags/parallel_dag.py took 1.911 seconds
[2023-10-02T13:35:32.089+0000] {processor.py:157} INFO - Started process (PID=13286) to work on /opt/airflow/dags/parallel_dag.py
[2023-10-02T13:35:32.109+0000] {processor.py:826} INFO - Processing file /opt/airflow/dags/parallel_dag.py for tasks to queue
[2023-10-02T13:35:32.119+0000] {logging_mixin.py:150} INFO - [2023-10-02T13:35:32.110+0000] {dagbag.py:541} INFO - Filling up the DagBag from /opt/airflow/dags/parallel_dag.py
[2023-10-02T13:35:32.219+0000] {processor.py:836} INFO - DAG(s) dict_keys(['parallel_dag']) retrieved from /opt/airflow/dags/parallel_dag.py
[2023-10-02T13:35:32.610+0000] {logging_mixin.py:150} INFO - [2023-10-02T13:35:32.609+0000] {dag.py:2742} INFO - Sync 1 DAGs
[2023-10-02T13:35:32.998+0000] {logging_mixin.py:150} INFO - [2023-10-02T13:35:32.970+0000] {dag.py:3504} INFO - Setting next_dagrun for parallel_dag to 2023-10-02T00:00:00+00:00, run_after=2023-10-03T00:00:00+00:00
[2023-10-02T13:35:33.440+0000] {processor.py:179} INFO - Processing /opt/airflow/dags/parallel_dag.py took 1.411 seconds
[2023-10-02T13:36:04.459+0000] {processor.py:157} INFO - Started process (PID=13313) to work on /opt/airflow/dags/parallel_dag.py
[2023-10-02T13:36:04.469+0000] {processor.py:826} INFO - Processing file /opt/airflow/dags/parallel_dag.py for tasks to queue
[2023-10-02T13:36:04.499+0000] {logging_mixin.py:150} INFO - [2023-10-02T13:36:04.470+0000] {dagbag.py:541} INFO - Filling up the DagBag from /opt/airflow/dags/parallel_dag.py
[2023-10-02T13:36:04.650+0000] {processor.py:836} INFO - DAG(s) dict_keys(['parallel_dag']) retrieved from /opt/airflow/dags/parallel_dag.py
[2023-10-02T13:36:05.049+0000] {logging_mixin.py:150} INFO - [2023-10-02T13:36:05.049+0000] {dag.py:2742} INFO - Sync 1 DAGs
[2023-10-02T13:36:05.359+0000] {logging_mixin.py:150} INFO - [2023-10-02T13:36:05.359+0000] {dag.py:3504} INFO - Setting next_dagrun for parallel_dag to 2023-10-02T00:00:00+00:00, run_after=2023-10-03T00:00:00+00:00
[2023-10-02T13:36:05.608+0000] {processor.py:179} INFO - Processing /opt/airflow/dags/parallel_dag.py took 1.202 seconds
[2023-10-02T13:36:35.889+0000] {processor.py:157} INFO - Started process (PID=13341) to work on /opt/airflow/dags/parallel_dag.py
[2023-10-02T13:36:35.988+0000] {processor.py:826} INFO - Processing file /opt/airflow/dags/parallel_dag.py for tasks to queue
[2023-10-02T13:36:35.990+0000] {logging_mixin.py:150} INFO - [2023-10-02T13:36:35.989+0000] {dagbag.py:541} INFO - Filling up the DagBag from /opt/airflow/dags/parallel_dag.py
[2023-10-02T13:36:36.108+0000] {processor.py:836} INFO - DAG(s) dict_keys(['parallel_dag']) retrieved from /opt/airflow/dags/parallel_dag.py
[2023-10-02T13:36:36.638+0000] {logging_mixin.py:150} INFO - [2023-10-02T13:36:36.628+0000] {dag.py:2742} INFO - Sync 1 DAGs
[2023-10-02T13:36:37.189+0000] {logging_mixin.py:150} INFO - [2023-10-02T13:36:37.189+0000] {dag.py:3504} INFO - Setting next_dagrun for parallel_dag to 2023-10-02T00:00:00+00:00, run_after=2023-10-03T00:00:00+00:00
[2023-10-02T13:36:37.698+0000] {processor.py:179} INFO - Processing /opt/airflow/dags/parallel_dag.py took 1.869 seconds
[2023-10-02T13:37:08.160+0000] {processor.py:157} INFO - Started process (PID=13368) to work on /opt/airflow/dags/parallel_dag.py
[2023-10-02T13:37:08.170+0000] {processor.py:826} INFO - Processing file /opt/airflow/dags/parallel_dag.py for tasks to queue
[2023-10-02T13:37:08.189+0000] {logging_mixin.py:150} INFO - [2023-10-02T13:37:08.179+0000] {dagbag.py:541} INFO - Filling up the DagBag from /opt/airflow/dags/parallel_dag.py
[2023-10-02T13:37:08.379+0000] {processor.py:836} INFO - DAG(s) dict_keys(['parallel_dag']) retrieved from /opt/airflow/dags/parallel_dag.py
[2023-10-02T13:37:08.749+0000] {logging_mixin.py:150} INFO - [2023-10-02T13:37:08.749+0000] {dag.py:2742} INFO - Sync 1 DAGs
[2023-10-02T13:37:09.288+0000] {logging_mixin.py:150} INFO - [2023-10-02T13:37:09.280+0000] {dag.py:3504} INFO - Setting next_dagrun for parallel_dag to 2023-10-02T00:00:00+00:00, run_after=2023-10-03T00:00:00+00:00
[2023-10-02T13:37:09.749+0000] {processor.py:179} INFO - Processing /opt/airflow/dags/parallel_dag.py took 1.630 seconds
[2023-10-02T13:37:40.149+0000] {processor.py:157} INFO - Started process (PID=13395) to work on /opt/airflow/dags/parallel_dag.py
[2023-10-02T13:37:40.188+0000] {processor.py:826} INFO - Processing file /opt/airflow/dags/parallel_dag.py for tasks to queue
[2023-10-02T13:37:40.198+0000] {logging_mixin.py:150} INFO - [2023-10-02T13:37:40.189+0000] {dagbag.py:541} INFO - Filling up the DagBag from /opt/airflow/dags/parallel_dag.py
[2023-10-02T13:37:40.370+0000] {processor.py:836} INFO - DAG(s) dict_keys(['parallel_dag']) retrieved from /opt/airflow/dags/parallel_dag.py
[2023-10-02T13:37:40.809+0000] {logging_mixin.py:150} INFO - [2023-10-02T13:37:40.809+0000] {dag.py:2742} INFO - Sync 1 DAGs
[2023-10-02T13:37:41.449+0000] {logging_mixin.py:150} INFO - [2023-10-02T13:37:41.440+0000] {dag.py:3504} INFO - Setting next_dagrun for parallel_dag to 2023-10-02T00:00:00+00:00, run_after=2023-10-03T00:00:00+00:00
[2023-10-02T13:37:41.789+0000] {processor.py:179} INFO - Processing /opt/airflow/dags/parallel_dag.py took 1.671 seconds
[2023-10-02T13:38:12.330+0000] {processor.py:157} INFO - Started process (PID=13421) to work on /opt/airflow/dags/parallel_dag.py
[2023-10-02T13:38:12.359+0000] {processor.py:826} INFO - Processing file /opt/airflow/dags/parallel_dag.py for tasks to queue
[2023-10-02T13:38:12.379+0000] {logging_mixin.py:150} INFO - [2023-10-02T13:38:12.369+0000] {dagbag.py:541} INFO - Filling up the DagBag from /opt/airflow/dags/parallel_dag.py
[2023-10-02T13:38:12.550+0000] {processor.py:836} INFO - DAG(s) dict_keys(['parallel_dag']) retrieved from /opt/airflow/dags/parallel_dag.py
[2023-10-02T13:38:13.049+0000] {logging_mixin.py:150} INFO - [2023-10-02T13:38:13.039+0000] {dag.py:2742} INFO - Sync 1 DAGs
[2023-10-02T13:38:13.609+0000] {logging_mixin.py:150} INFO - [2023-10-02T13:38:13.609+0000] {dag.py:3504} INFO - Setting next_dagrun for parallel_dag to 2023-10-02T00:00:00+00:00, run_after=2023-10-03T00:00:00+00:00
[2023-10-02T13:38:14.029+0000] {processor.py:179} INFO - Processing /opt/airflow/dags/parallel_dag.py took 1.740 seconds
[2023-10-02T13:38:44.629+0000] {processor.py:157} INFO - Started process (PID=13442) to work on /opt/airflow/dags/parallel_dag.py
[2023-10-02T13:38:44.658+0000] {processor.py:826} INFO - Processing file /opt/airflow/dags/parallel_dag.py for tasks to queue
[2023-10-02T13:38:44.669+0000] {logging_mixin.py:150} INFO - [2023-10-02T13:38:44.659+0000] {dagbag.py:541} INFO - Filling up the DagBag from /opt/airflow/dags/parallel_dag.py
[2023-10-02T13:38:44.839+0000] {processor.py:836} INFO - DAG(s) dict_keys(['parallel_dag']) retrieved from /opt/airflow/dags/parallel_dag.py
[2023-10-02T13:38:45.339+0000] {logging_mixin.py:150} INFO - [2023-10-02T13:38:45.339+0000] {dag.py:2742} INFO - Sync 1 DAGs
[2023-10-02T13:38:45.789+0000] {logging_mixin.py:150} INFO - [2023-10-02T13:38:45.788+0000] {dag.py:3504} INFO - Setting next_dagrun for parallel_dag to 2023-10-02T00:00:00+00:00, run_after=2023-10-03T00:00:00+00:00
[2023-10-02T13:38:46.109+0000] {processor.py:179} INFO - Processing /opt/airflow/dags/parallel_dag.py took 1.520 seconds
[2023-10-02T13:39:18.209+0000] {processor.py:157} INFO - Started process (PID=13469) to work on /opt/airflow/dags/parallel_dag.py
[2023-10-02T13:39:18.238+0000] {processor.py:826} INFO - Processing file /opt/airflow/dags/parallel_dag.py for tasks to queue
[2023-10-02T13:39:18.249+0000] {logging_mixin.py:150} INFO - [2023-10-02T13:39:18.248+0000] {dagbag.py:541} INFO - Filling up the DagBag from /opt/airflow/dags/parallel_dag.py
[2023-10-02T13:39:18.458+0000] {processor.py:836} INFO - DAG(s) dict_keys(['parallel_dag']) retrieved from /opt/airflow/dags/parallel_dag.py
[2023-10-02T13:39:19.019+0000] {logging_mixin.py:150} INFO - [2023-10-02T13:39:19.018+0000] {dag.py:2742} INFO - Sync 1 DAGs
[2023-10-02T13:39:19.828+0000] {logging_mixin.py:150} INFO - [2023-10-02T13:39:19.809+0000] {dag.py:3504} INFO - Setting next_dagrun for parallel_dag to 2023-10-02T00:00:00+00:00, run_after=2023-10-03T00:00:00+00:00
[2023-10-02T13:39:20.269+0000] {processor.py:179} INFO - Processing /opt/airflow/dags/parallel_dag.py took 2.130 seconds
[2023-10-02T13:40:15.849+0000] {processor.py:157} INFO - Started process (PID=13509) to work on /opt/airflow/dags/parallel_dag.py
[2023-10-02T13:40:15.889+0000] {processor.py:826} INFO - Processing file /opt/airflow/dags/parallel_dag.py for tasks to queue
[2023-10-02T13:40:15.959+0000] {logging_mixin.py:150} INFO - [2023-10-02T13:40:15.939+0000] {dagbag.py:541} INFO - Filling up the DagBag from /opt/airflow/dags/parallel_dag.py
[2023-10-02T13:40:16.459+0000] {processor.py:836} INFO - DAG(s) dict_keys(['parallel_dag']) retrieved from /opt/airflow/dags/parallel_dag.py
[2023-10-02T13:40:17.798+0000] {logging_mixin.py:150} INFO - [2023-10-02T13:40:17.789+0000] {dag.py:2742} INFO - Sync 1 DAGs
[2023-10-02T13:40:18.869+0000] {logging_mixin.py:150} INFO - [2023-10-02T13:40:18.859+0000] {dag.py:3504} INFO - Setting next_dagrun for parallel_dag to 2023-10-02T00:00:00+00:00, run_after=2023-10-03T00:00:00+00:00
[2023-10-02T13:40:20.119+0000] {processor.py:179} INFO - Processing /opt/airflow/dags/parallel_dag.py took 4.360 seconds
[2023-10-02T13:41:38.049+0000] {processor.py:157} INFO - Started process (PID=13543) to work on /opt/airflow/dags/parallel_dag.py
[2023-10-02T13:41:38.228+0000] {processor.py:826} INFO - Processing file /opt/airflow/dags/parallel_dag.py for tasks to queue
[2023-10-02T13:41:38.379+0000] {logging_mixin.py:150} INFO - [2023-10-02T13:41:38.368+0000] {dagbag.py:541} INFO - Filling up the DagBag from /opt/airflow/dags/parallel_dag.py
[2023-10-02T13:41:39.368+0000] {processor.py:836} INFO - DAG(s) dict_keys(['parallel_dag']) retrieved from /opt/airflow/dags/parallel_dag.py
[2023-10-02T13:41:44.878+0000] {logging_mixin.py:150} INFO - [2023-10-02T13:41:44.749+0000] {dag.py:2742} INFO - Sync 1 DAGs
[2023-10-02T13:41:51.048+0000] {logging_mixin.py:150} INFO - [2023-10-02T13:41:50.869+0000] {dag.py:3504} INFO - Setting next_dagrun for parallel_dag to 2023-10-02T00:00:00+00:00, run_after=2023-10-03T00:00:00+00:00
[2023-10-02T13:41:57.598+0000] {processor.py:179} INFO - Processing /opt/airflow/dags/parallel_dag.py took 20.300 seconds
