[2023-10-02T13:00:56.374+0000] {processor.py:157} INFO - Started process (PID=11461) to work on /opt/airflow/dags/producer.py
[2023-10-02T13:00:56.375+0000] {processor.py:826} INFO - Processing file /opt/airflow/dags/producer.py for tasks to queue
[2023-10-02T13:00:56.376+0000] {logging_mixin.py:150} INFO - [2023-10-02T13:00:56.376+0000] {dagbag.py:541} INFO - Filling up the DagBag from /opt/airflow/dags/producer.py
[2023-10-02T13:00:56.472+0000] {processor.py:836} INFO - DAG(s) dict_keys(['producer']) retrieved from /opt/airflow/dags/producer.py
[2023-10-02T13:00:56.763+0000] {logging_mixin.py:150} INFO - [2023-10-02T13:00:56.762+0000] {dag.py:2742} INFO - Sync 1 DAGs
[2023-10-02T13:00:56.971+0000] {logging_mixin.py:150} INFO - [2023-10-02T13:00:56.959+0000] {dag.py:3504} INFO - Setting next_dagrun for producer to 2023-10-02T00:00:00+00:00, run_after=2023-10-03T00:00:00+00:00
[2023-10-02T13:00:57.409+0000] {processor.py:179} INFO - Processing /opt/airflow/dags/producer.py took 1.099 seconds
[2023-10-02T13:01:28.308+0000] {processor.py:157} INFO - Started process (PID=11514) to work on /opt/airflow/dags/producer.py
[2023-10-02T13:01:28.310+0000] {processor.py:826} INFO - Processing file /opt/airflow/dags/producer.py for tasks to queue
[2023-10-02T13:01:28.311+0000] {logging_mixin.py:150} INFO - [2023-10-02T13:01:28.311+0000] {dagbag.py:541} INFO - Filling up the DagBag from /opt/airflow/dags/producer.py
[2023-10-02T13:01:28.347+0000] {processor.py:836} INFO - DAG(s) dict_keys(['producer']) retrieved from /opt/airflow/dags/producer.py
[2023-10-02T13:01:28.406+0000] {logging_mixin.py:150} INFO - [2023-10-02T13:01:28.405+0000] {dag.py:2742} INFO - Sync 1 DAGs
[2023-10-02T13:01:28.494+0000] {logging_mixin.py:150} INFO - [2023-10-02T13:01:28.493+0000] {dag.py:3504} INFO - Setting next_dagrun for producer to 2023-10-02T00:00:00+00:00, run_after=2023-10-03T00:00:00+00:00
[2023-10-02T13:01:28.567+0000] {processor.py:179} INFO - Processing /opt/airflow/dags/producer.py took 0.275 seconds
[2023-10-02T13:01:59.522+0000] {processor.py:157} INFO - Started process (PID=11549) to work on /opt/airflow/dags/producer.py
[2023-10-02T13:01:59.523+0000] {processor.py:826} INFO - Processing file /opt/airflow/dags/producer.py for tasks to queue
[2023-10-02T13:01:59.524+0000] {logging_mixin.py:150} INFO - [2023-10-02T13:01:59.524+0000] {dagbag.py:541} INFO - Filling up the DagBag from /opt/airflow/dags/producer.py
[2023-10-02T13:01:59.533+0000] {processor.py:836} INFO - DAG(s) dict_keys(['producer']) retrieved from /opt/airflow/dags/producer.py
[2023-10-02T13:01:59.561+0000] {logging_mixin.py:150} INFO - [2023-10-02T13:01:59.561+0000] {dag.py:2742} INFO - Sync 1 DAGs
[2023-10-02T13:01:59.588+0000] {logging_mixin.py:150} INFO - [2023-10-02T13:01:59.587+0000] {dag.py:3504} INFO - Setting next_dagrun for producer to 2023-10-02T00:00:00+00:00, run_after=2023-10-03T00:00:00+00:00
[2023-10-02T13:01:59.617+0000] {processor.py:179} INFO - Processing /opt/airflow/dags/producer.py took 0.098 seconds
[2023-10-02T13:02:29.686+0000] {processor.py:157} INFO - Started process (PID=11581) to work on /opt/airflow/dags/producer.py
[2023-10-02T13:02:29.688+0000] {processor.py:826} INFO - Processing file /opt/airflow/dags/producer.py for tasks to queue
[2023-10-02T13:02:29.690+0000] {logging_mixin.py:150} INFO - [2023-10-02T13:02:29.689+0000] {dagbag.py:541} INFO - Filling up the DagBag from /opt/airflow/dags/producer.py
[2023-10-02T13:02:29.705+0000] {processor.py:836} INFO - DAG(s) dict_keys(['producer']) retrieved from /opt/airflow/dags/producer.py
[2023-10-02T13:02:29.736+0000] {logging_mixin.py:150} INFO - [2023-10-02T13:02:29.736+0000] {dag.py:2742} INFO - Sync 1 DAGs
[2023-10-02T13:02:29.762+0000] {logging_mixin.py:150} INFO - [2023-10-02T13:02:29.762+0000] {dag.py:3504} INFO - Setting next_dagrun for producer to 2023-10-02T00:00:00+00:00, run_after=2023-10-03T00:00:00+00:00
[2023-10-02T13:02:29.791+0000] {processor.py:179} INFO - Processing /opt/airflow/dags/producer.py took 0.109 seconds
[2023-10-02T13:02:59.858+0000] {processor.py:157} INFO - Started process (PID=11609) to work on /opt/airflow/dags/producer.py
[2023-10-02T13:02:59.859+0000] {processor.py:826} INFO - Processing file /opt/airflow/dags/producer.py for tasks to queue
[2023-10-02T13:02:59.860+0000] {logging_mixin.py:150} INFO - [2023-10-02T13:02:59.860+0000] {dagbag.py:541} INFO - Filling up the DagBag from /opt/airflow/dags/producer.py
[2023-10-02T13:02:59.869+0000] {processor.py:836} INFO - DAG(s) dict_keys(['producer']) retrieved from /opt/airflow/dags/producer.py
[2023-10-02T13:02:59.902+0000] {logging_mixin.py:150} INFO - [2023-10-02T13:02:59.901+0000] {dag.py:2742} INFO - Sync 1 DAGs
[2023-10-02T13:02:59.934+0000] {logging_mixin.py:150} INFO - [2023-10-02T13:02:59.934+0000] {dag.py:3504} INFO - Setting next_dagrun for producer to 2023-10-02T00:00:00+00:00, run_after=2023-10-03T00:00:00+00:00
[2023-10-02T13:02:59.964+0000] {processor.py:179} INFO - Processing /opt/airflow/dags/producer.py took 0.111 seconds
[2023-10-02T13:03:30.067+0000] {processor.py:157} INFO - Started process (PID=11636) to work on /opt/airflow/dags/producer.py
[2023-10-02T13:03:30.069+0000] {processor.py:826} INFO - Processing file /opt/airflow/dags/producer.py for tasks to queue
[2023-10-02T13:03:30.070+0000] {logging_mixin.py:150} INFO - [2023-10-02T13:03:30.070+0000] {dagbag.py:541} INFO - Filling up the DagBag from /opt/airflow/dags/producer.py
[2023-10-02T13:03:30.081+0000] {processor.py:836} INFO - DAG(s) dict_keys(['producer']) retrieved from /opt/airflow/dags/producer.py
[2023-10-02T13:03:30.112+0000] {logging_mixin.py:150} INFO - [2023-10-02T13:03:30.112+0000] {dag.py:2742} INFO - Sync 1 DAGs
[2023-10-02T13:03:30.142+0000] {logging_mixin.py:150} INFO - [2023-10-02T13:03:30.142+0000] {dag.py:3504} INFO - Setting next_dagrun for producer to 2023-10-02T00:00:00+00:00, run_after=2023-10-03T00:00:00+00:00
[2023-10-02T13:03:30.177+0000] {processor.py:179} INFO - Processing /opt/airflow/dags/producer.py took 0.112 seconds
[2023-10-02T13:04:00.803+0000] {processor.py:157} INFO - Started process (PID=11663) to work on /opt/airflow/dags/producer.py
[2023-10-02T13:04:00.805+0000] {processor.py:826} INFO - Processing file /opt/airflow/dags/producer.py for tasks to queue
[2023-10-02T13:04:00.806+0000] {logging_mixin.py:150} INFO - [2023-10-02T13:04:00.806+0000] {dagbag.py:541} INFO - Filling up the DagBag from /opt/airflow/dags/producer.py
[2023-10-02T13:04:00.826+0000] {processor.py:836} INFO - DAG(s) dict_keys(['producer']) retrieved from /opt/airflow/dags/producer.py
[2023-10-02T13:04:00.914+0000] {logging_mixin.py:150} INFO - [2023-10-02T13:04:00.914+0000] {dag.py:2742} INFO - Sync 1 DAGs
[2023-10-02T13:04:01.002+0000] {logging_mixin.py:150} INFO - [2023-10-02T13:04:01.001+0000] {dag.py:3504} INFO - Setting next_dagrun for producer to 2023-10-02T00:00:00+00:00, run_after=2023-10-03T00:00:00+00:00
[2023-10-02T13:04:01.083+0000] {processor.py:179} INFO - Processing /opt/airflow/dags/producer.py took 0.287 seconds
[2023-10-02T13:04:31.131+0000] {processor.py:157} INFO - Started process (PID=11690) to work on /opt/airflow/dags/producer.py
[2023-10-02T13:04:31.132+0000] {processor.py:826} INFO - Processing file /opt/airflow/dags/producer.py for tasks to queue
[2023-10-02T13:04:31.133+0000] {logging_mixin.py:150} INFO - [2023-10-02T13:04:31.132+0000] {dagbag.py:541} INFO - Filling up the DagBag from /opt/airflow/dags/producer.py
[2023-10-02T13:04:31.144+0000] {processor.py:836} INFO - DAG(s) dict_keys(['producer']) retrieved from /opt/airflow/dags/producer.py
[2023-10-02T13:04:31.175+0000] {logging_mixin.py:150} INFO - [2023-10-02T13:04:31.175+0000] {dag.py:2742} INFO - Sync 1 DAGs
[2023-10-02T13:04:31.204+0000] {logging_mixin.py:150} INFO - [2023-10-02T13:04:31.204+0000] {dag.py:3504} INFO - Setting next_dagrun for producer to 2023-10-02T00:00:00+00:00, run_after=2023-10-03T00:00:00+00:00
[2023-10-02T13:04:31.245+0000] {processor.py:179} INFO - Processing /opt/airflow/dags/producer.py took 0.118 seconds
[2023-10-02T13:05:01.922+0000] {processor.py:157} INFO - Started process (PID=11717) to work on /opt/airflow/dags/producer.py
[2023-10-02T13:05:01.923+0000] {processor.py:826} INFO - Processing file /opt/airflow/dags/producer.py for tasks to queue
[2023-10-02T13:05:01.925+0000] {logging_mixin.py:150} INFO - [2023-10-02T13:05:01.925+0000] {dagbag.py:541} INFO - Filling up the DagBag from /opt/airflow/dags/producer.py
[2023-10-02T13:05:01.935+0000] {processor.py:836} INFO - DAG(s) dict_keys(['producer']) retrieved from /opt/airflow/dags/producer.py
[2023-10-02T13:05:01.967+0000] {logging_mixin.py:150} INFO - [2023-10-02T13:05:01.966+0000] {dag.py:2742} INFO - Sync 1 DAGs
[2023-10-02T13:05:02.005+0000] {logging_mixin.py:150} INFO - [2023-10-02T13:05:02.005+0000] {dag.py:3504} INFO - Setting next_dagrun for producer to 2023-10-02T00:00:00+00:00, run_after=2023-10-03T00:00:00+00:00
[2023-10-02T13:05:02.042+0000] {processor.py:179} INFO - Processing /opt/airflow/dags/producer.py took 0.123 seconds
[2023-10-02T13:05:32.132+0000] {processor.py:157} INFO - Started process (PID=11744) to work on /opt/airflow/dags/producer.py
[2023-10-02T13:05:32.133+0000] {processor.py:826} INFO - Processing file /opt/airflow/dags/producer.py for tasks to queue
[2023-10-02T13:05:32.133+0000] {logging_mixin.py:150} INFO - [2023-10-02T13:05:32.133+0000] {dagbag.py:541} INFO - Filling up the DagBag from /opt/airflow/dags/producer.py
[2023-10-02T13:05:32.144+0000] {processor.py:836} INFO - DAG(s) dict_keys(['producer']) retrieved from /opt/airflow/dags/producer.py
[2023-10-02T13:05:32.174+0000] {logging_mixin.py:150} INFO - [2023-10-02T13:05:32.174+0000] {dag.py:2742} INFO - Sync 1 DAGs
[2023-10-02T13:05:32.224+0000] {logging_mixin.py:150} INFO - [2023-10-02T13:05:32.223+0000] {dag.py:3504} INFO - Setting next_dagrun for producer to 2023-10-02T00:00:00+00:00, run_after=2023-10-03T00:00:00+00:00
[2023-10-02T13:05:32.260+0000] {processor.py:179} INFO - Processing /opt/airflow/dags/producer.py took 0.133 seconds
[2023-10-02T13:06:02.530+0000] {processor.py:157} INFO - Started process (PID=11771) to work on /opt/airflow/dags/producer.py
[2023-10-02T13:06:02.539+0000] {processor.py:826} INFO - Processing file /opt/airflow/dags/producer.py for tasks to queue
[2023-10-02T13:06:02.541+0000] {logging_mixin.py:150} INFO - [2023-10-02T13:06:02.540+0000] {dagbag.py:541} INFO - Filling up the DagBag from /opt/airflow/dags/producer.py
[2023-10-02T13:06:02.572+0000] {processor.py:836} INFO - DAG(s) dict_keys(['producer']) retrieved from /opt/airflow/dags/producer.py
[2023-10-02T13:06:02.661+0000] {logging_mixin.py:150} INFO - [2023-10-02T13:06:02.661+0000] {dag.py:2742} INFO - Sync 1 DAGs
[2023-10-02T13:06:02.759+0000] {logging_mixin.py:150} INFO - [2023-10-02T13:06:02.759+0000] {dag.py:3504} INFO - Setting next_dagrun for producer to 2023-10-02T00:00:00+00:00, run_after=2023-10-03T00:00:00+00:00
[2023-10-02T13:06:02.827+0000] {processor.py:179} INFO - Processing /opt/airflow/dags/producer.py took 0.306 seconds
[2023-10-02T13:06:32.941+0000] {processor.py:157} INFO - Started process (PID=11798) to work on /opt/airflow/dags/producer.py
[2023-10-02T13:06:32.942+0000] {processor.py:826} INFO - Processing file /opt/airflow/dags/producer.py for tasks to queue
[2023-10-02T13:06:32.943+0000] {logging_mixin.py:150} INFO - [2023-10-02T13:06:32.943+0000] {dagbag.py:541} INFO - Filling up the DagBag from /opt/airflow/dags/producer.py
[2023-10-02T13:06:32.964+0000] {processor.py:836} INFO - DAG(s) dict_keys(['producer']) retrieved from /opt/airflow/dags/producer.py
[2023-10-02T13:06:33.008+0000] {logging_mixin.py:150} INFO - [2023-10-02T13:06:33.008+0000] {dag.py:2742} INFO - Sync 1 DAGs
[2023-10-02T13:06:33.054+0000] {logging_mixin.py:150} INFO - [2023-10-02T13:06:33.053+0000] {dag.py:3504} INFO - Setting next_dagrun for producer to 2023-10-02T00:00:00+00:00, run_after=2023-10-03T00:00:00+00:00
[2023-10-02T13:06:33.094+0000] {processor.py:179} INFO - Processing /opt/airflow/dags/producer.py took 0.157 seconds
[2023-10-02T13:07:03.745+0000] {processor.py:157} INFO - Started process (PID=11825) to work on /opt/airflow/dags/producer.py
[2023-10-02T13:07:03.746+0000] {processor.py:826} INFO - Processing file /opt/airflow/dags/producer.py for tasks to queue
[2023-10-02T13:07:03.749+0000] {logging_mixin.py:150} INFO - [2023-10-02T13:07:03.746+0000] {dagbag.py:541} INFO - Filling up the DagBag from /opt/airflow/dags/producer.py
[2023-10-02T13:07:03.769+0000] {processor.py:836} INFO - DAG(s) dict_keys(['producer']) retrieved from /opt/airflow/dags/producer.py
[2023-10-02T13:07:03.806+0000] {logging_mixin.py:150} INFO - [2023-10-02T13:07:03.806+0000] {dag.py:2742} INFO - Sync 1 DAGs
[2023-10-02T13:07:03.846+0000] {logging_mixin.py:150} INFO - [2023-10-02T13:07:03.846+0000] {dag.py:3504} INFO - Setting next_dagrun for producer to 2023-10-02T00:00:00+00:00, run_after=2023-10-03T00:00:00+00:00
[2023-10-02T13:07:03.895+0000] {processor.py:179} INFO - Processing /opt/airflow/dags/producer.py took 0.154 seconds
[2023-10-02T13:07:34.371+0000] {processor.py:157} INFO - Started process (PID=11852) to work on /opt/airflow/dags/producer.py
[2023-10-02T13:07:34.372+0000] {processor.py:826} INFO - Processing file /opt/airflow/dags/producer.py for tasks to queue
[2023-10-02T13:07:34.373+0000] {logging_mixin.py:150} INFO - [2023-10-02T13:07:34.373+0000] {dagbag.py:541} INFO - Filling up the DagBag from /opt/airflow/dags/producer.py
[2023-10-02T13:07:34.394+0000] {processor.py:836} INFO - DAG(s) dict_keys(['producer']) retrieved from /opt/airflow/dags/producer.py
[2023-10-02T13:07:34.426+0000] {logging_mixin.py:150} INFO - [2023-10-02T13:07:34.426+0000] {dag.py:2742} INFO - Sync 1 DAGs
[2023-10-02T13:07:34.484+0000] {logging_mixin.py:150} INFO - [2023-10-02T13:07:34.484+0000] {dag.py:3504} INFO - Setting next_dagrun for producer to 2023-10-02T00:00:00+00:00, run_after=2023-10-03T00:00:00+00:00
[2023-10-02T13:07:34.519+0000] {processor.py:179} INFO - Processing /opt/airflow/dags/producer.py took 0.155 seconds
[2023-10-02T13:08:05.099+0000] {processor.py:157} INFO - Started process (PID=11879) to work on /opt/airflow/dags/producer.py
[2023-10-02T13:08:05.100+0000] {processor.py:826} INFO - Processing file /opt/airflow/dags/producer.py for tasks to queue
[2023-10-02T13:08:05.104+0000] {logging_mixin.py:150} INFO - [2023-10-02T13:08:05.101+0000] {dagbag.py:541} INFO - Filling up the DagBag from /opt/airflow/dags/producer.py
[2023-10-02T13:08:05.116+0000] {processor.py:836} INFO - DAG(s) dict_keys(['producer']) retrieved from /opt/airflow/dags/producer.py
[2023-10-02T13:08:05.162+0000] {logging_mixin.py:150} INFO - [2023-10-02T13:08:05.162+0000] {dag.py:2742} INFO - Sync 1 DAGs
[2023-10-02T13:08:05.212+0000] {logging_mixin.py:150} INFO - [2023-10-02T13:08:05.211+0000] {dag.py:3504} INFO - Setting next_dagrun for producer to 2023-10-02T00:00:00+00:00, run_after=2023-10-03T00:00:00+00:00
[2023-10-02T13:08:05.245+0000] {processor.py:179} INFO - Processing /opt/airflow/dags/producer.py took 0.151 seconds
[2023-10-02T13:08:35.975+0000] {processor.py:157} INFO - Started process (PID=11906) to work on /opt/airflow/dags/producer.py
[2023-10-02T13:08:35.988+0000] {processor.py:826} INFO - Processing file /opt/airflow/dags/producer.py for tasks to queue
[2023-10-02T13:08:35.990+0000] {logging_mixin.py:150} INFO - [2023-10-02T13:08:35.989+0000] {dagbag.py:541} INFO - Filling up the DagBag from /opt/airflow/dags/producer.py
[2023-10-02T13:08:36.015+0000] {processor.py:836} INFO - DAG(s) dict_keys(['producer']) retrieved from /opt/airflow/dags/producer.py
[2023-10-02T13:08:36.093+0000] {logging_mixin.py:150} INFO - [2023-10-02T13:08:36.092+0000] {dag.py:2742} INFO - Sync 1 DAGs
[2023-10-02T13:08:36.199+0000] {logging_mixin.py:150} INFO - [2023-10-02T13:08:36.199+0000] {dag.py:3504} INFO - Setting next_dagrun for producer to 2023-10-02T00:00:00+00:00, run_after=2023-10-03T00:00:00+00:00
[2023-10-02T13:08:36.248+0000] {processor.py:179} INFO - Processing /opt/airflow/dags/producer.py took 0.295 seconds
[2023-10-02T13:09:07.019+0000] {processor.py:157} INFO - Started process (PID=11934) to work on /opt/airflow/dags/producer.py
[2023-10-02T13:09:07.020+0000] {processor.py:826} INFO - Processing file /opt/airflow/dags/producer.py for tasks to queue
[2023-10-02T13:09:07.023+0000] {logging_mixin.py:150} INFO - [2023-10-02T13:09:07.022+0000] {dagbag.py:541} INFO - Filling up the DagBag from /opt/airflow/dags/producer.py
[2023-10-02T13:09:07.036+0000] {processor.py:836} INFO - DAG(s) dict_keys(['producer']) retrieved from /opt/airflow/dags/producer.py
[2023-10-02T13:09:07.089+0000] {logging_mixin.py:150} INFO - [2023-10-02T13:09:07.088+0000] {dag.py:2742} INFO - Sync 1 DAGs
[2023-10-02T13:09:07.155+0000] {logging_mixin.py:150} INFO - [2023-10-02T13:09:07.154+0000] {dag.py:3504} INFO - Setting next_dagrun for producer to 2023-10-02T00:00:00+00:00, run_after=2023-10-03T00:00:00+00:00
[2023-10-02T13:09:07.223+0000] {processor.py:179} INFO - Processing /opt/airflow/dags/producer.py took 0.209 seconds
[2023-10-02T13:09:37.435+0000] {processor.py:157} INFO - Started process (PID=11961) to work on /opt/airflow/dags/producer.py
[2023-10-02T13:09:37.439+0000] {processor.py:826} INFO - Processing file /opt/airflow/dags/producer.py for tasks to queue
[2023-10-02T13:09:37.440+0000] {logging_mixin.py:150} INFO - [2023-10-02T13:09:37.439+0000] {dagbag.py:541} INFO - Filling up the DagBag from /opt/airflow/dags/producer.py
[2023-10-02T13:09:37.469+0000] {processor.py:836} INFO - DAG(s) dict_keys(['producer']) retrieved from /opt/airflow/dags/producer.py
[2023-10-02T13:09:37.549+0000] {logging_mixin.py:150} INFO - [2023-10-02T13:09:37.548+0000] {dag.py:2742} INFO - Sync 1 DAGs
[2023-10-02T13:09:37.624+0000] {logging_mixin.py:150} INFO - [2023-10-02T13:09:37.623+0000] {dag.py:3504} INFO - Setting next_dagrun for producer to 2023-10-02T00:00:00+00:00, run_after=2023-10-03T00:00:00+00:00
[2023-10-02T13:09:37.702+0000] {processor.py:179} INFO - Processing /opt/airflow/dags/producer.py took 0.271 seconds
[2023-10-02T13:10:08.406+0000] {processor.py:157} INFO - Started process (PID=11988) to work on /opt/airflow/dags/producer.py
[2023-10-02T13:10:08.411+0000] {processor.py:826} INFO - Processing file /opt/airflow/dags/producer.py for tasks to queue
[2023-10-02T13:10:08.412+0000] {logging_mixin.py:150} INFO - [2023-10-02T13:10:08.412+0000] {dagbag.py:541} INFO - Filling up the DagBag from /opt/airflow/dags/producer.py
[2023-10-02T13:10:08.422+0000] {processor.py:836} INFO - DAG(s) dict_keys(['producer']) retrieved from /opt/airflow/dags/producer.py
[2023-10-02T13:10:08.456+0000] {logging_mixin.py:150} INFO - [2023-10-02T13:10:08.455+0000] {dag.py:2742} INFO - Sync 1 DAGs
[2023-10-02T13:10:08.489+0000] {logging_mixin.py:150} INFO - [2023-10-02T13:10:08.489+0000] {dag.py:3504} INFO - Setting next_dagrun for producer to 2023-10-02T00:00:00+00:00, run_after=2023-10-03T00:00:00+00:00
[2023-10-02T13:10:08.522+0000] {processor.py:179} INFO - Processing /opt/airflow/dags/producer.py took 0.119 seconds
[2023-10-02T13:10:38.834+0000] {processor.py:157} INFO - Started process (PID=12015) to work on /opt/airflow/dags/producer.py
[2023-10-02T13:10:38.835+0000] {processor.py:826} INFO - Processing file /opt/airflow/dags/producer.py for tasks to queue
[2023-10-02T13:10:38.839+0000] {logging_mixin.py:150} INFO - [2023-10-02T13:10:38.838+0000] {dagbag.py:541} INFO - Filling up the DagBag from /opt/airflow/dags/producer.py
[2023-10-02T13:10:38.849+0000] {processor.py:836} INFO - DAG(s) dict_keys(['producer']) retrieved from /opt/airflow/dags/producer.py
[2023-10-02T13:10:38.884+0000] {logging_mixin.py:150} INFO - [2023-10-02T13:10:38.883+0000] {dag.py:2742} INFO - Sync 1 DAGs
[2023-10-02T13:10:38.924+0000] {logging_mixin.py:150} INFO - [2023-10-02T13:10:38.923+0000] {dag.py:3504} INFO - Setting next_dagrun for producer to 2023-10-02T00:00:00+00:00, run_after=2023-10-03T00:00:00+00:00
[2023-10-02T13:10:38.961+0000] {processor.py:179} INFO - Processing /opt/airflow/dags/producer.py took 0.131 seconds
[2023-10-02T13:11:09.222+0000] {processor.py:157} INFO - Started process (PID=12042) to work on /opt/airflow/dags/producer.py
[2023-10-02T13:11:09.224+0000] {processor.py:826} INFO - Processing file /opt/airflow/dags/producer.py for tasks to queue
[2023-10-02T13:11:09.225+0000] {logging_mixin.py:150} INFO - [2023-10-02T13:11:09.224+0000] {dagbag.py:541} INFO - Filling up the DagBag from /opt/airflow/dags/producer.py
[2023-10-02T13:11:09.239+0000] {processor.py:836} INFO - DAG(s) dict_keys(['producer']) retrieved from /opt/airflow/dags/producer.py
[2023-10-02T13:11:09.272+0000] {logging_mixin.py:150} INFO - [2023-10-02T13:11:09.272+0000] {dag.py:2742} INFO - Sync 1 DAGs
[2023-10-02T13:11:09.304+0000] {logging_mixin.py:150} INFO - [2023-10-02T13:11:09.304+0000] {dag.py:3504} INFO - Setting next_dagrun for producer to 2023-10-02T00:00:00+00:00, run_after=2023-10-03T00:00:00+00:00
[2023-10-02T13:11:09.334+0000] {processor.py:179} INFO - Processing /opt/airflow/dags/producer.py took 0.119 seconds
[2023-10-02T13:11:39.731+0000] {processor.py:157} INFO - Started process (PID=12069) to work on /opt/airflow/dags/producer.py
[2023-10-02T13:11:39.732+0000] {processor.py:826} INFO - Processing file /opt/airflow/dags/producer.py for tasks to queue
[2023-10-02T13:11:39.733+0000] {logging_mixin.py:150} INFO - [2023-10-02T13:11:39.732+0000] {dagbag.py:541} INFO - Filling up the DagBag from /opt/airflow/dags/producer.py
[2023-10-02T13:11:39.744+0000] {processor.py:836} INFO - DAG(s) dict_keys(['producer']) retrieved from /opt/airflow/dags/producer.py
[2023-10-02T13:11:39.785+0000] {logging_mixin.py:150} INFO - [2023-10-02T13:11:39.785+0000] {dag.py:2742} INFO - Sync 1 DAGs
[2023-10-02T13:11:39.823+0000] {logging_mixin.py:150} INFO - [2023-10-02T13:11:39.823+0000] {dag.py:3504} INFO - Setting next_dagrun for producer to 2023-10-02T00:00:00+00:00, run_after=2023-10-03T00:00:00+00:00
[2023-10-02T13:11:39.865+0000] {processor.py:179} INFO - Processing /opt/airflow/dags/producer.py took 0.141 seconds
[2023-10-02T13:12:10.304+0000] {processor.py:157} INFO - Started process (PID=12096) to work on /opt/airflow/dags/producer.py
[2023-10-02T13:12:10.305+0000] {processor.py:826} INFO - Processing file /opt/airflow/dags/producer.py for tasks to queue
[2023-10-02T13:12:10.308+0000] {logging_mixin.py:150} INFO - [2023-10-02T13:12:10.308+0000] {dagbag.py:541} INFO - Filling up the DagBag from /opt/airflow/dags/producer.py
[2023-10-02T13:12:10.324+0000] {processor.py:836} INFO - DAG(s) dict_keys(['producer']) retrieved from /opt/airflow/dags/producer.py
[2023-10-02T13:12:10.372+0000] {logging_mixin.py:150} INFO - [2023-10-02T13:12:10.372+0000] {dag.py:2742} INFO - Sync 1 DAGs
[2023-10-02T13:12:10.412+0000] {logging_mixin.py:150} INFO - [2023-10-02T13:12:10.412+0000] {dag.py:3504} INFO - Setting next_dagrun for producer to 2023-10-02T00:00:00+00:00, run_after=2023-10-03T00:00:00+00:00
[2023-10-02T13:12:10.448+0000] {processor.py:179} INFO - Processing /opt/airflow/dags/producer.py took 0.148 seconds
[2023-10-02T13:12:41.053+0000] {processor.py:157} INFO - Started process (PID=12124) to work on /opt/airflow/dags/producer.py
[2023-10-02T13:12:41.054+0000] {processor.py:826} INFO - Processing file /opt/airflow/dags/producer.py for tasks to queue
[2023-10-02T13:12:41.058+0000] {logging_mixin.py:150} INFO - [2023-10-02T13:12:41.055+0000] {dagbag.py:541} INFO - Filling up the DagBag from /opt/airflow/dags/producer.py
[2023-10-02T13:12:41.072+0000] {processor.py:836} INFO - DAG(s) dict_keys(['producer']) retrieved from /opt/airflow/dags/producer.py
[2023-10-02T13:12:41.135+0000] {logging_mixin.py:150} INFO - [2023-10-02T13:12:41.135+0000] {dag.py:2742} INFO - Sync 1 DAGs
[2023-10-02T13:12:41.193+0000] {logging_mixin.py:150} INFO - [2023-10-02T13:12:41.193+0000] {dag.py:3504} INFO - Setting next_dagrun for producer to 2023-10-02T00:00:00+00:00, run_after=2023-10-03T00:00:00+00:00
[2023-10-02T13:12:41.244+0000] {processor.py:179} INFO - Processing /opt/airflow/dags/producer.py took 0.195 seconds
[2023-10-02T13:13:11.862+0000] {processor.py:157} INFO - Started process (PID=12151) to work on /opt/airflow/dags/producer.py
[2023-10-02T13:13:11.863+0000] {processor.py:826} INFO - Processing file /opt/airflow/dags/producer.py for tasks to queue
[2023-10-02T13:13:11.864+0000] {logging_mixin.py:150} INFO - [2023-10-02T13:13:11.864+0000] {dagbag.py:541} INFO - Filling up the DagBag from /opt/airflow/dags/producer.py
[2023-10-02T13:13:11.882+0000] {processor.py:836} INFO - DAG(s) dict_keys(['producer']) retrieved from /opt/airflow/dags/producer.py
[2023-10-02T13:13:11.931+0000] {logging_mixin.py:150} INFO - [2023-10-02T13:13:11.931+0000] {dag.py:2742} INFO - Sync 1 DAGs
[2023-10-02T13:13:11.989+0000] {logging_mixin.py:150} INFO - [2023-10-02T13:13:11.989+0000] {dag.py:3504} INFO - Setting next_dagrun for producer to 2023-10-02T00:00:00+00:00, run_after=2023-10-03T00:00:00+00:00
[2023-10-02T13:13:12.032+0000] {processor.py:179} INFO - Processing /opt/airflow/dags/producer.py took 0.173 seconds
[2023-10-02T13:13:42.710+0000] {processor.py:157} INFO - Started process (PID=12178) to work on /opt/airflow/dags/producer.py
[2023-10-02T13:13:42.710+0000] {processor.py:826} INFO - Processing file /opt/airflow/dags/producer.py for tasks to queue
[2023-10-02T13:13:42.711+0000] {logging_mixin.py:150} INFO - [2023-10-02T13:13:42.711+0000] {dagbag.py:541} INFO - Filling up the DagBag from /opt/airflow/dags/producer.py
[2023-10-02T13:13:42.724+0000] {processor.py:836} INFO - DAG(s) dict_keys(['producer']) retrieved from /opt/airflow/dags/producer.py
[2023-10-02T13:13:42.763+0000] {logging_mixin.py:150} INFO - [2023-10-02T13:13:42.763+0000] {dag.py:2742} INFO - Sync 1 DAGs
[2023-10-02T13:13:42.799+0000] {logging_mixin.py:150} INFO - [2023-10-02T13:13:42.799+0000] {dag.py:3504} INFO - Setting next_dagrun for producer to 2023-10-02T00:00:00+00:00, run_after=2023-10-03T00:00:00+00:00
[2023-10-02T13:13:42.838+0000] {processor.py:179} INFO - Processing /opt/airflow/dags/producer.py took 0.136 seconds
[2023-10-02T13:14:13.448+0000] {processor.py:157} INFO - Started process (PID=12205) to work on /opt/airflow/dags/producer.py
[2023-10-02T13:14:13.449+0000] {processor.py:826} INFO - Processing file /opt/airflow/dags/producer.py for tasks to queue
[2023-10-02T13:14:13.450+0000] {logging_mixin.py:150} INFO - [2023-10-02T13:14:13.450+0000] {dagbag.py:541} INFO - Filling up the DagBag from /opt/airflow/dags/producer.py
[2023-10-02T13:14:13.462+0000] {processor.py:836} INFO - DAG(s) dict_keys(['producer']) retrieved from /opt/airflow/dags/producer.py
[2023-10-02T13:14:13.502+0000] {logging_mixin.py:150} INFO - [2023-10-02T13:14:13.501+0000] {dag.py:2742} INFO - Sync 1 DAGs
[2023-10-02T13:14:13.540+0000] {logging_mixin.py:150} INFO - [2023-10-02T13:14:13.540+0000] {dag.py:3504} INFO - Setting next_dagrun for producer to 2023-10-02T00:00:00+00:00, run_after=2023-10-03T00:00:00+00:00
[2023-10-02T13:14:13.583+0000] {processor.py:179} INFO - Processing /opt/airflow/dags/producer.py took 0.141 seconds
[2023-10-02T13:14:44.284+0000] {processor.py:157} INFO - Started process (PID=12232) to work on /opt/airflow/dags/producer.py
[2023-10-02T13:14:44.289+0000] {processor.py:826} INFO - Processing file /opt/airflow/dags/producer.py for tasks to queue
[2023-10-02T13:14:44.290+0000] {logging_mixin.py:150} INFO - [2023-10-02T13:14:44.290+0000] {dagbag.py:541} INFO - Filling up the DagBag from /opt/airflow/dags/producer.py
[2023-10-02T13:14:44.309+0000] {processor.py:836} INFO - DAG(s) dict_keys(['producer']) retrieved from /opt/airflow/dags/producer.py
[2023-10-02T13:14:44.351+0000] {logging_mixin.py:150} INFO - [2023-10-02T13:14:44.351+0000] {dag.py:2742} INFO - Sync 1 DAGs
[2023-10-02T13:14:44.398+0000] {logging_mixin.py:150} INFO - [2023-10-02T13:14:44.395+0000] {dag.py:3504} INFO - Setting next_dagrun for producer to 2023-10-02T00:00:00+00:00, run_after=2023-10-03T00:00:00+00:00
[2023-10-02T13:14:44.442+0000] {processor.py:179} INFO - Processing /opt/airflow/dags/producer.py took 0.162 seconds
[2023-10-02T13:15:15.022+0000] {processor.py:157} INFO - Started process (PID=12259) to work on /opt/airflow/dags/producer.py
[2023-10-02T13:15:15.023+0000] {processor.py:826} INFO - Processing file /opt/airflow/dags/producer.py for tasks to queue
[2023-10-02T13:15:15.025+0000] {logging_mixin.py:150} INFO - [2023-10-02T13:15:15.024+0000] {dagbag.py:541} INFO - Filling up the DagBag from /opt/airflow/dags/producer.py
[2023-10-02T13:15:15.042+0000] {processor.py:836} INFO - DAG(s) dict_keys(['producer']) retrieved from /opt/airflow/dags/producer.py
[2023-10-02T13:15:15.089+0000] {logging_mixin.py:150} INFO - [2023-10-02T13:15:15.089+0000] {dag.py:2742} INFO - Sync 1 DAGs
[2023-10-02T13:15:15.135+0000] {logging_mixin.py:150} INFO - [2023-10-02T13:15:15.134+0000] {dag.py:3504} INFO - Setting next_dagrun for producer to 2023-10-02T00:00:00+00:00, run_after=2023-10-03T00:00:00+00:00
[2023-10-02T13:15:15.181+0000] {processor.py:179} INFO - Processing /opt/airflow/dags/producer.py took 0.163 seconds
[2023-10-02T13:15:45.868+0000] {processor.py:157} INFO - Started process (PID=12286) to work on /opt/airflow/dags/producer.py
[2023-10-02T13:15:45.870+0000] {processor.py:826} INFO - Processing file /opt/airflow/dags/producer.py for tasks to queue
[2023-10-02T13:15:45.870+0000] {logging_mixin.py:150} INFO - [2023-10-02T13:15:45.870+0000] {dagbag.py:541} INFO - Filling up the DagBag from /opt/airflow/dags/producer.py
[2023-10-02T13:15:45.882+0000] {processor.py:836} INFO - DAG(s) dict_keys(['producer']) retrieved from /opt/airflow/dags/producer.py
[2023-10-02T13:15:45.930+0000] {logging_mixin.py:150} INFO - [2023-10-02T13:15:45.930+0000] {dag.py:2742} INFO - Sync 1 DAGs
[2023-10-02T13:15:45.971+0000] {logging_mixin.py:150} INFO - [2023-10-02T13:15:45.970+0000] {dag.py:3504} INFO - Setting next_dagrun for producer to 2023-10-02T00:00:00+00:00, run_after=2023-10-03T00:00:00+00:00
[2023-10-02T13:15:46.014+0000] {processor.py:179} INFO - Processing /opt/airflow/dags/producer.py took 0.153 seconds
[2023-10-02T13:16:16.833+0000] {processor.py:157} INFO - Started process (PID=12314) to work on /opt/airflow/dags/producer.py
[2023-10-02T13:16:16.839+0000] {processor.py:826} INFO - Processing file /opt/airflow/dags/producer.py for tasks to queue
[2023-10-02T13:16:16.840+0000] {logging_mixin.py:150} INFO - [2023-10-02T13:16:16.839+0000] {dagbag.py:541} INFO - Filling up the DagBag from /opt/airflow/dags/producer.py
[2023-10-02T13:16:16.854+0000] {processor.py:836} INFO - DAG(s) dict_keys(['producer']) retrieved from /opt/airflow/dags/producer.py
[2023-10-02T13:16:16.913+0000] {logging_mixin.py:150} INFO - [2023-10-02T13:16:16.913+0000] {dag.py:2742} INFO - Sync 1 DAGs
[2023-10-02T13:16:16.973+0000] {logging_mixin.py:150} INFO - [2023-10-02T13:16:16.972+0000] {dag.py:3504} INFO - Setting next_dagrun for producer to 2023-10-02T00:00:00+00:00, run_after=2023-10-03T00:00:00+00:00
[2023-10-02T13:16:17.022+0000] {processor.py:179} INFO - Processing /opt/airflow/dags/producer.py took 0.192 seconds
[2023-10-02T13:16:47.132+0000] {processor.py:157} INFO - Started process (PID=12341) to work on /opt/airflow/dags/producer.py
[2023-10-02T13:16:47.133+0000] {processor.py:826} INFO - Processing file /opt/airflow/dags/producer.py for tasks to queue
[2023-10-02T13:16:47.133+0000] {logging_mixin.py:150} INFO - [2023-10-02T13:16:47.133+0000] {dagbag.py:541} INFO - Filling up the DagBag from /opt/airflow/dags/producer.py
[2023-10-02T13:16:47.151+0000] {processor.py:836} INFO - DAG(s) dict_keys(['producer']) retrieved from /opt/airflow/dags/producer.py
[2023-10-02T13:16:47.192+0000] {logging_mixin.py:150} INFO - [2023-10-02T13:16:47.192+0000] {dag.py:2742} INFO - Sync 1 DAGs
[2023-10-02T13:16:47.240+0000] {logging_mixin.py:150} INFO - [2023-10-02T13:16:47.239+0000] {dag.py:3504} INFO - Setting next_dagrun for producer to 2023-10-02T00:00:00+00:00, run_after=2023-10-03T00:00:00+00:00
[2023-10-02T13:16:47.283+0000] {processor.py:179} INFO - Processing /opt/airflow/dags/producer.py took 0.154 seconds
[2023-10-02T13:17:18.208+0000] {processor.py:157} INFO - Started process (PID=12368) to work on /opt/airflow/dags/producer.py
[2023-10-02T13:17:18.211+0000] {processor.py:826} INFO - Processing file /opt/airflow/dags/producer.py for tasks to queue
[2023-10-02T13:17:18.212+0000] {logging_mixin.py:150} INFO - [2023-10-02T13:17:18.212+0000] {dagbag.py:541} INFO - Filling up the DagBag from /opt/airflow/dags/producer.py
[2023-10-02T13:17:18.234+0000] {processor.py:836} INFO - DAG(s) dict_keys(['producer']) retrieved from /opt/airflow/dags/producer.py
[2023-10-02T13:17:18.290+0000] {logging_mixin.py:150} INFO - [2023-10-02T13:17:18.290+0000] {dag.py:2742} INFO - Sync 1 DAGs
[2023-10-02T13:17:18.342+0000] {logging_mixin.py:150} INFO - [2023-10-02T13:17:18.342+0000] {dag.py:3504} INFO - Setting next_dagrun for producer to 2023-10-02T00:00:00+00:00, run_after=2023-10-03T00:00:00+00:00
[2023-10-02T13:17:18.410+0000] {processor.py:179} INFO - Processing /opt/airflow/dags/producer.py took 0.211 seconds
[2023-10-02T13:17:48.542+0000] {processor.py:157} INFO - Started process (PID=12395) to work on /opt/airflow/dags/producer.py
[2023-10-02T13:17:48.543+0000] {processor.py:826} INFO - Processing file /opt/airflow/dags/producer.py for tasks to queue
[2023-10-02T13:17:48.544+0000] {logging_mixin.py:150} INFO - [2023-10-02T13:17:48.544+0000] {dagbag.py:541} INFO - Filling up the DagBag from /opt/airflow/dags/producer.py
[2023-10-02T13:17:48.560+0000] {processor.py:836} INFO - DAG(s) dict_keys(['producer']) retrieved from /opt/airflow/dags/producer.py
[2023-10-02T13:17:48.610+0000] {logging_mixin.py:150} INFO - [2023-10-02T13:17:48.610+0000] {dag.py:2742} INFO - Sync 1 DAGs
[2023-10-02T13:17:48.651+0000] {logging_mixin.py:150} INFO - [2023-10-02T13:17:48.651+0000] {dag.py:3504} INFO - Setting next_dagrun for producer to 2023-10-02T00:00:00+00:00, run_after=2023-10-03T00:00:00+00:00
[2023-10-02T13:17:48.698+0000] {processor.py:179} INFO - Processing /opt/airflow/dags/producer.py took 0.159 seconds
[2023-10-02T13:18:19.142+0000] {processor.py:157} INFO - Started process (PID=12422) to work on /opt/airflow/dags/producer.py
[2023-10-02T13:18:19.143+0000] {processor.py:826} INFO - Processing file /opt/airflow/dags/producer.py for tasks to queue
[2023-10-02T13:18:19.144+0000] {logging_mixin.py:150} INFO - [2023-10-02T13:18:19.144+0000] {dagbag.py:541} INFO - Filling up the DagBag from /opt/airflow/dags/producer.py
[2023-10-02T13:18:19.160+0000] {processor.py:836} INFO - DAG(s) dict_keys(['producer']) retrieved from /opt/airflow/dags/producer.py
[2023-10-02T13:18:19.200+0000] {logging_mixin.py:150} INFO - [2023-10-02T13:18:19.200+0000] {dag.py:2742} INFO - Sync 1 DAGs
[2023-10-02T13:18:19.250+0000] {logging_mixin.py:150} INFO - [2023-10-02T13:18:19.250+0000] {dag.py:3504} INFO - Setting next_dagrun for producer to 2023-10-02T00:00:00+00:00, run_after=2023-10-03T00:00:00+00:00
[2023-10-02T13:18:19.301+0000] {processor.py:179} INFO - Processing /opt/airflow/dags/producer.py took 0.168 seconds
[2023-10-02T13:18:49.503+0000] {processor.py:157} INFO - Started process (PID=12449) to work on /opt/airflow/dags/producer.py
[2023-10-02T13:18:49.504+0000] {processor.py:826} INFO - Processing file /opt/airflow/dags/producer.py for tasks to queue
[2023-10-02T13:18:49.510+0000] {logging_mixin.py:150} INFO - [2023-10-02T13:18:49.509+0000] {dagbag.py:541} INFO - Filling up the DagBag from /opt/airflow/dags/producer.py
[2023-10-02T13:18:49.532+0000] {processor.py:836} INFO - DAG(s) dict_keys(['producer']) retrieved from /opt/airflow/dags/producer.py
[2023-10-02T13:18:49.590+0000] {logging_mixin.py:150} INFO - [2023-10-02T13:18:49.590+0000] {dag.py:2742} INFO - Sync 1 DAGs
[2023-10-02T13:18:49.660+0000] {logging_mixin.py:150} INFO - [2023-10-02T13:18:49.660+0000] {dag.py:3504} INFO - Setting next_dagrun for producer to 2023-10-02T00:00:00+00:00, run_after=2023-10-03T00:00:00+00:00
[2023-10-02T13:18:49.721+0000] {processor.py:179} INFO - Processing /opt/airflow/dags/producer.py took 0.223 seconds
[2023-10-02T13:19:20.079+0000] {processor.py:157} INFO - Started process (PID=12475) to work on /opt/airflow/dags/producer.py
[2023-10-02T13:19:20.080+0000] {processor.py:826} INFO - Processing file /opt/airflow/dags/producer.py for tasks to queue
[2023-10-02T13:19:20.081+0000] {logging_mixin.py:150} INFO - [2023-10-02T13:19:20.081+0000] {dagbag.py:541} INFO - Filling up the DagBag from /opt/airflow/dags/producer.py
[2023-10-02T13:19:20.100+0000] {processor.py:836} INFO - DAG(s) dict_keys(['producer']) retrieved from /opt/airflow/dags/producer.py
[2023-10-02T13:19:20.164+0000] {logging_mixin.py:150} INFO - [2023-10-02T13:19:20.163+0000] {dag.py:2742} INFO - Sync 1 DAGs
[2023-10-02T13:19:20.212+0000] {logging_mixin.py:150} INFO - [2023-10-02T13:19:20.211+0000] {dag.py:3504} INFO - Setting next_dagrun for producer to 2023-10-02T00:00:00+00:00, run_after=2023-10-03T00:00:00+00:00
[2023-10-02T13:19:20.264+0000] {processor.py:179} INFO - Processing /opt/airflow/dags/producer.py took 0.194 seconds
[2023-10-02T13:19:50.838+0000] {processor.py:157} INFO - Started process (PID=12503) to work on /opt/airflow/dags/producer.py
[2023-10-02T13:19:50.840+0000] {processor.py:826} INFO - Processing file /opt/airflow/dags/producer.py for tasks to queue
[2023-10-02T13:19:50.841+0000] {logging_mixin.py:150} INFO - [2023-10-02T13:19:50.841+0000] {dagbag.py:541} INFO - Filling up the DagBag from /opt/airflow/dags/producer.py
[2023-10-02T13:19:50.869+0000] {processor.py:836} INFO - DAG(s) dict_keys(['producer']) retrieved from /opt/airflow/dags/producer.py
[2023-10-02T13:19:50.971+0000] {logging_mixin.py:150} INFO - [2023-10-02T13:19:50.970+0000] {dag.py:2742} INFO - Sync 1 DAGs
[2023-10-02T13:19:51.059+0000] {logging_mixin.py:150} INFO - [2023-10-02T13:19:51.054+0000] {dag.py:3504} INFO - Setting next_dagrun for producer to 2023-10-02T00:00:00+00:00, run_after=2023-10-03T00:00:00+00:00
[2023-10-02T13:19:51.160+0000] {processor.py:179} INFO - Processing /opt/airflow/dags/producer.py took 0.330 seconds
[2023-10-02T13:20:21.500+0000] {processor.py:157} INFO - Started process (PID=12531) to work on /opt/airflow/dags/producer.py
[2023-10-02T13:20:21.501+0000] {processor.py:826} INFO - Processing file /opt/airflow/dags/producer.py for tasks to queue
[2023-10-02T13:20:21.502+0000] {logging_mixin.py:150} INFO - [2023-10-02T13:20:21.502+0000] {dagbag.py:541} INFO - Filling up the DagBag from /opt/airflow/dags/producer.py
[2023-10-02T13:20:21.531+0000] {processor.py:836} INFO - DAG(s) dict_keys(['producer']) retrieved from /opt/airflow/dags/producer.py
[2023-10-02T13:20:21.610+0000] {logging_mixin.py:150} INFO - [2023-10-02T13:20:21.604+0000] {dag.py:2742} INFO - Sync 1 DAGs
[2023-10-02T13:20:21.692+0000] {logging_mixin.py:150} INFO - [2023-10-02T13:20:21.692+0000] {dag.py:3504} INFO - Setting next_dagrun for producer to 2023-10-02T00:00:00+00:00, run_after=2023-10-03T00:00:00+00:00
[2023-10-02T13:20:21.793+0000] {processor.py:179} INFO - Processing /opt/airflow/dags/producer.py took 0.301 seconds
[2023-10-02T13:20:52.711+0000] {processor.py:157} INFO - Started process (PID=12558) to work on /opt/airflow/dags/producer.py
[2023-10-02T13:20:52.713+0000] {processor.py:826} INFO - Processing file /opt/airflow/dags/producer.py for tasks to queue
[2023-10-02T13:20:52.718+0000] {logging_mixin.py:150} INFO - [2023-10-02T13:20:52.713+0000] {dagbag.py:541} INFO - Filling up the DagBag from /opt/airflow/dags/producer.py
[2023-10-02T13:20:52.753+0000] {processor.py:836} INFO - DAG(s) dict_keys(['producer']) retrieved from /opt/airflow/dags/producer.py
[2023-10-02T13:20:52.889+0000] {logging_mixin.py:150} INFO - [2023-10-02T13:20:52.888+0000] {dag.py:2742} INFO - Sync 1 DAGs
[2023-10-02T13:20:53.000+0000] {logging_mixin.py:150} INFO - [2023-10-02T13:20:52.999+0000] {dag.py:3504} INFO - Setting next_dagrun for producer to 2023-10-02T00:00:00+00:00, run_after=2023-10-03T00:00:00+00:00
[2023-10-02T13:20:53.113+0000] {processor.py:179} INFO - Processing /opt/airflow/dags/producer.py took 0.423 seconds
[2023-10-02T13:21:23.801+0000] {processor.py:157} INFO - Started process (PID=12586) to work on /opt/airflow/dags/producer.py
[2023-10-02T13:21:23.809+0000] {processor.py:826} INFO - Processing file /opt/airflow/dags/producer.py for tasks to queue
[2023-10-02T13:21:23.810+0000] {logging_mixin.py:150} INFO - [2023-10-02T13:21:23.810+0000] {dagbag.py:541} INFO - Filling up the DagBag from /opt/airflow/dags/producer.py
[2023-10-02T13:21:23.840+0000] {processor.py:836} INFO - DAG(s) dict_keys(['producer']) retrieved from /opt/airflow/dags/producer.py
[2023-10-02T13:21:23.962+0000] {logging_mixin.py:150} INFO - [2023-10-02T13:21:23.962+0000] {dag.py:2742} INFO - Sync 1 DAGs
[2023-10-02T13:21:24.169+0000] {logging_mixin.py:150} INFO - [2023-10-02T13:21:24.168+0000] {dag.py:3504} INFO - Setting next_dagrun for producer to 2023-10-02T00:00:00+00:00, run_after=2023-10-03T00:00:00+00:00
[2023-10-02T13:21:24.260+0000] {processor.py:179} INFO - Processing /opt/airflow/dags/producer.py took 0.471 seconds
[2023-10-02T13:21:54.441+0000] {processor.py:157} INFO - Started process (PID=12604) to work on /opt/airflow/dags/producer.py
[2023-10-02T13:21:54.442+0000] {processor.py:826} INFO - Processing file /opt/airflow/dags/producer.py for tasks to queue
[2023-10-02T13:21:54.443+0000] {logging_mixin.py:150} INFO - [2023-10-02T13:21:54.443+0000] {dagbag.py:541} INFO - Filling up the DagBag from /opt/airflow/dags/producer.py
[2023-10-02T13:21:54.473+0000] {processor.py:836} INFO - DAG(s) dict_keys(['producer']) retrieved from /opt/airflow/dags/producer.py
[2023-10-02T13:21:54.559+0000] {logging_mixin.py:150} INFO - [2023-10-02T13:21:54.558+0000] {dag.py:2742} INFO - Sync 1 DAGs
[2023-10-02T13:21:54.671+0000] {logging_mixin.py:150} INFO - [2023-10-02T13:21:54.671+0000] {dag.py:3504} INFO - Setting next_dagrun for producer to 2023-10-02T00:00:00+00:00, run_after=2023-10-03T00:00:00+00:00
[2023-10-02T13:21:54.758+0000] {processor.py:179} INFO - Processing /opt/airflow/dags/producer.py took 0.330 seconds
[2023-10-02T13:22:26.309+0000] {processor.py:157} INFO - Started process (PID=12632) to work on /opt/airflow/dags/producer.py
[2023-10-02T13:22:26.310+0000] {processor.py:826} INFO - Processing file /opt/airflow/dags/producer.py for tasks to queue
[2023-10-02T13:22:26.312+0000] {logging_mixin.py:150} INFO - [2023-10-02T13:22:26.312+0000] {dagbag.py:541} INFO - Filling up the DagBag from /opt/airflow/dags/producer.py
[2023-10-02T13:22:26.369+0000] {processor.py:836} INFO - DAG(s) dict_keys(['producer']) retrieved from /opt/airflow/dags/producer.py
[2023-10-02T13:22:26.601+0000] {logging_mixin.py:150} INFO - [2023-10-02T13:22:26.600+0000] {dag.py:2742} INFO - Sync 1 DAGs
[2023-10-02T13:22:26.808+0000] {logging_mixin.py:150} INFO - [2023-10-02T13:22:26.802+0000] {dag.py:3504} INFO - Setting next_dagrun for producer to 2023-10-02T00:00:00+00:00, run_after=2023-10-03T00:00:00+00:00
[2023-10-02T13:22:27.108+0000] {processor.py:179} INFO - Processing /opt/airflow/dags/producer.py took 0.806 seconds
[2023-10-02T13:22:57.441+0000] {processor.py:157} INFO - Started process (PID=12659) to work on /opt/airflow/dags/producer.py
[2023-10-02T13:22:57.443+0000] {processor.py:826} INFO - Processing file /opt/airflow/dags/producer.py for tasks to queue
[2023-10-02T13:22:57.450+0000] {logging_mixin.py:150} INFO - [2023-10-02T13:22:57.449+0000] {dagbag.py:541} INFO - Filling up the DagBag from /opt/airflow/dags/producer.py
[2023-10-02T13:22:57.510+0000] {processor.py:836} INFO - DAG(s) dict_keys(['producer']) retrieved from /opt/airflow/dags/producer.py
[2023-10-02T13:22:57.651+0000] {logging_mixin.py:150} INFO - [2023-10-02T13:22:57.650+0000] {dag.py:2742} INFO - Sync 1 DAGs
[2023-10-02T13:22:57.772+0000] {logging_mixin.py:150} INFO - [2023-10-02T13:22:57.772+0000] {dag.py:3504} INFO - Setting next_dagrun for producer to 2023-10-02T00:00:00+00:00, run_after=2023-10-03T00:00:00+00:00
[2023-10-02T13:22:57.902+0000] {processor.py:179} INFO - Processing /opt/airflow/dags/producer.py took 0.473 seconds
[2023-10-02T13:23:28.841+0000] {processor.py:157} INFO - Started process (PID=12686) to work on /opt/airflow/dags/producer.py
[2023-10-02T13:23:28.848+0000] {processor.py:826} INFO - Processing file /opt/airflow/dags/producer.py for tasks to queue
[2023-10-02T13:23:28.852+0000] {logging_mixin.py:150} INFO - [2023-10-02T13:23:28.850+0000] {dagbag.py:541} INFO - Filling up the DagBag from /opt/airflow/dags/producer.py
[2023-10-02T13:23:28.930+0000] {processor.py:836} INFO - DAG(s) dict_keys(['producer']) retrieved from /opt/airflow/dags/producer.py
[2023-10-02T13:23:29.139+0000] {logging_mixin.py:150} INFO - [2023-10-02T13:23:29.132+0000] {dag.py:2742} INFO - Sync 1 DAGs
[2023-10-02T13:23:29.331+0000] {logging_mixin.py:150} INFO - [2023-10-02T13:23:29.331+0000] {dag.py:3504} INFO - Setting next_dagrun for producer to 2023-10-02T00:00:00+00:00, run_after=2023-10-03T00:00:00+00:00
[2023-10-02T13:23:29.532+0000] {processor.py:179} INFO - Processing /opt/airflow/dags/producer.py took 0.733 seconds
[2023-10-02T13:23:59.872+0000] {processor.py:157} INFO - Started process (PID=12713) to work on /opt/airflow/dags/producer.py
[2023-10-02T13:23:59.879+0000] {processor.py:826} INFO - Processing file /opt/airflow/dags/producer.py for tasks to queue
[2023-10-02T13:23:59.880+0000] {logging_mixin.py:150} INFO - [2023-10-02T13:23:59.879+0000] {dagbag.py:541} INFO - Filling up the DagBag from /opt/airflow/dags/producer.py
[2023-10-02T13:23:59.930+0000] {processor.py:836} INFO - DAG(s) dict_keys(['producer']) retrieved from /opt/airflow/dags/producer.py
[2023-10-02T13:24:00.040+0000] {logging_mixin.py:150} INFO - [2023-10-02T13:24:00.039+0000] {dag.py:2742} INFO - Sync 1 DAGs
[2023-10-02T13:24:00.172+0000] {logging_mixin.py:150} INFO - [2023-10-02T13:24:00.172+0000] {dag.py:3504} INFO - Setting next_dagrun for producer to 2023-10-02T00:00:00+00:00, run_after=2023-10-03T00:00:00+00:00
[2023-10-02T13:24:00.322+0000] {processor.py:179} INFO - Processing /opt/airflow/dags/producer.py took 0.470 seconds
[2023-10-02T13:24:30.631+0000] {processor.py:157} INFO - Started process (PID=12740) to work on /opt/airflow/dags/producer.py
[2023-10-02T13:24:30.632+0000] {processor.py:826} INFO - Processing file /opt/airflow/dags/producer.py for tasks to queue
[2023-10-02T13:24:30.639+0000] {logging_mixin.py:150} INFO - [2023-10-02T13:24:30.639+0000] {dagbag.py:541} INFO - Filling up the DagBag from /opt/airflow/dags/producer.py
[2023-10-02T13:24:30.700+0000] {processor.py:836} INFO - DAG(s) dict_keys(['producer']) retrieved from /opt/airflow/dags/producer.py
[2023-10-02T13:24:30.812+0000] {logging_mixin.py:150} INFO - [2023-10-02T13:24:30.803+0000] {dag.py:2742} INFO - Sync 1 DAGs
[2023-10-02T13:24:30.989+0000] {logging_mixin.py:150} INFO - [2023-10-02T13:24:30.988+0000] {dag.py:3504} INFO - Setting next_dagrun for producer to 2023-10-02T00:00:00+00:00, run_after=2023-10-03T00:00:00+00:00
[2023-10-02T13:24:31.131+0000] {processor.py:179} INFO - Processing /opt/airflow/dags/producer.py took 0.512 seconds
[2023-10-02T13:25:01.699+0000] {processor.py:157} INFO - Started process (PID=12767) to work on /opt/airflow/dags/producer.py
[2023-10-02T13:25:01.701+0000] {processor.py:826} INFO - Processing file /opt/airflow/dags/producer.py for tasks to queue
[2023-10-02T13:25:01.708+0000] {logging_mixin.py:150} INFO - [2023-10-02T13:25:01.702+0000] {dagbag.py:541} INFO - Filling up the DagBag from /opt/airflow/dags/producer.py
[2023-10-02T13:25:01.732+0000] {processor.py:836} INFO - DAG(s) dict_keys(['producer']) retrieved from /opt/airflow/dags/producer.py
[2023-10-02T13:25:01.812+0000] {logging_mixin.py:150} INFO - [2023-10-02T13:25:01.811+0000] {dag.py:2742} INFO - Sync 1 DAGs
[2023-10-02T13:25:01.900+0000] {logging_mixin.py:150} INFO - [2023-10-02T13:25:01.899+0000] {dag.py:3504} INFO - Setting next_dagrun for producer to 2023-10-02T00:00:00+00:00, run_after=2023-10-03T00:00:00+00:00
[2023-10-02T13:25:01.989+0000] {processor.py:179} INFO - Processing /opt/airflow/dags/producer.py took 0.307 seconds
[2023-10-02T13:25:32.351+0000] {processor.py:157} INFO - Started process (PID=12793) to work on /opt/airflow/dags/producer.py
[2023-10-02T13:25:32.359+0000] {processor.py:826} INFO - Processing file /opt/airflow/dags/producer.py for tasks to queue
[2023-10-02T13:25:32.360+0000] {logging_mixin.py:150} INFO - [2023-10-02T13:25:32.359+0000] {dagbag.py:541} INFO - Filling up the DagBag from /opt/airflow/dags/producer.py
[2023-10-02T13:25:32.402+0000] {processor.py:836} INFO - DAG(s) dict_keys(['producer']) retrieved from /opt/airflow/dags/producer.py
[2023-10-02T13:25:32.512+0000] {logging_mixin.py:150} INFO - [2023-10-02T13:25:32.512+0000] {dag.py:2742} INFO - Sync 1 DAGs
[2023-10-02T13:25:32.621+0000] {logging_mixin.py:150} INFO - [2023-10-02T13:25:32.621+0000] {dag.py:3504} INFO - Setting next_dagrun for producer to 2023-10-02T00:00:00+00:00, run_after=2023-10-03T00:00:00+00:00
[2023-10-02T13:25:32.759+0000] {processor.py:179} INFO - Processing /opt/airflow/dags/producer.py took 0.418 seconds
[2023-10-02T13:26:03.299+0000] {processor.py:157} INFO - Started process (PID=12829) to work on /opt/airflow/dags/producer.py
[2023-10-02T13:26:03.301+0000] {processor.py:826} INFO - Processing file /opt/airflow/dags/producer.py for tasks to queue
[2023-10-02T13:26:03.302+0000] {logging_mixin.py:150} INFO - [2023-10-02T13:26:03.301+0000] {dagbag.py:541} INFO - Filling up the DagBag from /opt/airflow/dags/producer.py
[2023-10-02T13:26:03.332+0000] {processor.py:836} INFO - DAG(s) dict_keys(['producer']) retrieved from /opt/airflow/dags/producer.py
[2023-10-02T13:26:03.409+0000] {logging_mixin.py:150} INFO - [2023-10-02T13:26:03.408+0000] {dag.py:2742} INFO - Sync 1 DAGs
[2023-10-02T13:26:03.470+0000] {logging_mixin.py:150} INFO - [2023-10-02T13:26:03.470+0000] {dag.py:3504} INFO - Setting next_dagrun for producer to 2023-10-02T00:00:00+00:00, run_after=2023-10-03T00:00:00+00:00
[2023-10-02T13:26:03.548+0000] {processor.py:179} INFO - Processing /opt/airflow/dags/producer.py took 0.266 seconds
[2023-10-02T13:26:33.829+0000] {processor.py:157} INFO - Started process (PID=12857) to work on /opt/airflow/dags/producer.py
[2023-10-02T13:26:33.830+0000] {processor.py:826} INFO - Processing file /opt/airflow/dags/producer.py for tasks to queue
[2023-10-02T13:26:33.831+0000] {logging_mixin.py:150} INFO - [2023-10-02T13:26:33.831+0000] {dagbag.py:541} INFO - Filling up the DagBag from /opt/airflow/dags/producer.py
[2023-10-02T13:26:33.862+0000] {processor.py:836} INFO - DAG(s) dict_keys(['producer']) retrieved from /opt/airflow/dags/producer.py
[2023-10-02T13:26:33.961+0000] {logging_mixin.py:150} INFO - [2023-10-02T13:26:33.960+0000] {dag.py:2742} INFO - Sync 1 DAGs
[2023-10-02T13:26:34.051+0000] {logging_mixin.py:150} INFO - [2023-10-02T13:26:34.050+0000] {dag.py:3504} INFO - Setting next_dagrun for producer to 2023-10-02T00:00:00+00:00, run_after=2023-10-03T00:00:00+00:00
[2023-10-02T13:26:34.160+0000] {processor.py:179} INFO - Processing /opt/airflow/dags/producer.py took 0.342 seconds
[2023-10-02T13:27:04.752+0000] {processor.py:157} INFO - Started process (PID=12884) to work on /opt/airflow/dags/producer.py
[2023-10-02T13:27:04.760+0000] {processor.py:826} INFO - Processing file /opt/airflow/dags/producer.py for tasks to queue
[2023-10-02T13:27:04.769+0000] {logging_mixin.py:150} INFO - [2023-10-02T13:27:04.762+0000] {dagbag.py:541} INFO - Filling up the DagBag from /opt/airflow/dags/producer.py
[2023-10-02T13:27:04.802+0000] {processor.py:836} INFO - DAG(s) dict_keys(['producer']) retrieved from /opt/airflow/dags/producer.py
[2023-10-02T13:27:04.902+0000] {logging_mixin.py:150} INFO - [2023-10-02T13:27:04.902+0000] {dag.py:2742} INFO - Sync 1 DAGs
[2023-10-02T13:27:04.981+0000] {logging_mixin.py:150} INFO - [2023-10-02T13:27:04.981+0000] {dag.py:3504} INFO - Setting next_dagrun for producer to 2023-10-02T00:00:00+00:00, run_after=2023-10-03T00:00:00+00:00
[2023-10-02T13:27:05.051+0000] {processor.py:179} INFO - Processing /opt/airflow/dags/producer.py took 0.321 seconds
[2023-10-02T13:27:35.539+0000] {processor.py:157} INFO - Started process (PID=12911) to work on /opt/airflow/dags/producer.py
[2023-10-02T13:27:35.540+0000] {processor.py:826} INFO - Processing file /opt/airflow/dags/producer.py for tasks to queue
[2023-10-02T13:27:35.541+0000] {logging_mixin.py:150} INFO - [2023-10-02T13:27:35.541+0000] {dagbag.py:541} INFO - Filling up the DagBag from /opt/airflow/dags/producer.py
[2023-10-02T13:27:35.598+0000] {processor.py:836} INFO - DAG(s) dict_keys(['producer']) retrieved from /opt/airflow/dags/producer.py
[2023-10-02T13:27:35.671+0000] {logging_mixin.py:150} INFO - [2023-10-02T13:27:35.671+0000] {dag.py:2742} INFO - Sync 1 DAGs
[2023-10-02T13:27:35.751+0000] {logging_mixin.py:150} INFO - [2023-10-02T13:27:35.751+0000] {dag.py:3504} INFO - Setting next_dagrun for producer to 2023-10-02T00:00:00+00:00, run_after=2023-10-03T00:00:00+00:00
[2023-10-02T13:27:35.841+0000] {processor.py:179} INFO - Processing /opt/airflow/dags/producer.py took 0.313 seconds
[2023-10-02T13:28:06.191+0000] {processor.py:157} INFO - Started process (PID=12938) to work on /opt/airflow/dags/producer.py
[2023-10-02T13:28:06.199+0000] {processor.py:826} INFO - Processing file /opt/airflow/dags/producer.py for tasks to queue
[2023-10-02T13:28:06.200+0000] {logging_mixin.py:150} INFO - [2023-10-02T13:28:06.199+0000] {dagbag.py:541} INFO - Filling up the DagBag from /opt/airflow/dags/producer.py
[2023-10-02T13:28:06.238+0000] {processor.py:836} INFO - DAG(s) dict_keys(['producer']) retrieved from /opt/airflow/dags/producer.py
[2023-10-02T13:28:06.320+0000] {logging_mixin.py:150} INFO - [2023-10-02T13:28:06.320+0000] {dag.py:2742} INFO - Sync 1 DAGs
[2023-10-02T13:28:06.412+0000] {logging_mixin.py:150} INFO - [2023-10-02T13:28:06.412+0000] {dag.py:3504} INFO - Setting next_dagrun for producer to 2023-10-02T00:00:00+00:00, run_after=2023-10-03T00:00:00+00:00
[2023-10-02T13:28:06.519+0000] {processor.py:179} INFO - Processing /opt/airflow/dags/producer.py took 0.339 seconds
[2023-10-02T13:28:38.479+0000] {processor.py:157} INFO - Started process (PID=12965) to work on /opt/airflow/dags/producer.py
[2023-10-02T13:28:38.481+0000] {processor.py:826} INFO - Processing file /opt/airflow/dags/producer.py for tasks to queue
[2023-10-02T13:28:38.511+0000] {logging_mixin.py:150} INFO - [2023-10-02T13:28:38.491+0000] {dagbag.py:541} INFO - Filling up the DagBag from /opt/airflow/dags/producer.py
[2023-10-02T13:28:38.659+0000] {processor.py:836} INFO - DAG(s) dict_keys(['producer']) retrieved from /opt/airflow/dags/producer.py
[2023-10-02T13:28:39.150+0000] {logging_mixin.py:150} INFO - [2023-10-02T13:28:39.139+0000] {dag.py:2742} INFO - Sync 1 DAGs
[2023-10-02T13:28:39.711+0000] {logging_mixin.py:150} INFO - [2023-10-02T13:28:39.710+0000] {dag.py:3504} INFO - Setting next_dagrun for producer to 2023-10-02T00:00:00+00:00, run_after=2023-10-03T00:00:00+00:00
[2023-10-02T13:28:40.211+0000] {processor.py:179} INFO - Processing /opt/airflow/dags/producer.py took 1.800 seconds
[2023-10-02T13:29:10.880+0000] {processor.py:157} INFO - Started process (PID=12992) to work on /opt/airflow/dags/producer.py
[2023-10-02T13:29:10.911+0000] {processor.py:826} INFO - Processing file /opt/airflow/dags/producer.py for tasks to queue
[2023-10-02T13:29:10.948+0000] {logging_mixin.py:150} INFO - [2023-10-02T13:29:10.931+0000] {dagbag.py:541} INFO - Filling up the DagBag from /opt/airflow/dags/producer.py
[2023-10-02T13:29:11.300+0000] {processor.py:836} INFO - DAG(s) dict_keys(['producer']) retrieved from /opt/airflow/dags/producer.py
[2023-10-02T13:29:12.629+0000] {logging_mixin.py:150} INFO - [2023-10-02T13:29:12.611+0000] {dag.py:2742} INFO - Sync 1 DAGs
[2023-10-02T13:29:13.619+0000] {logging_mixin.py:150} INFO - [2023-10-02T13:29:13.601+0000] {dag.py:3504} INFO - Setting next_dagrun for producer to 2023-10-02T00:00:00+00:00, run_after=2023-10-03T00:00:00+00:00
[2023-10-02T13:29:14.091+0000] {processor.py:179} INFO - Processing /opt/airflow/dags/producer.py took 3.330 seconds
[2023-10-02T13:29:49.139+0000] {processor.py:157} INFO - Started process (PID=13019) to work on /opt/airflow/dags/producer.py
[2023-10-02T13:29:49.149+0000] {processor.py:826} INFO - Processing file /opt/airflow/dags/producer.py for tasks to queue
[2023-10-02T13:29:49.158+0000] {logging_mixin.py:150} INFO - [2023-10-02T13:29:49.151+0000] {dagbag.py:541} INFO - Filling up the DagBag from /opt/airflow/dags/producer.py
[2023-10-02T13:29:49.309+0000] {processor.py:836} INFO - DAG(s) dict_keys(['producer']) retrieved from /opt/airflow/dags/producer.py
[2023-10-02T13:29:50.000+0000] {logging_mixin.py:150} INFO - [2023-10-02T13:29:49.999+0000] {dag.py:2742} INFO - Sync 1 DAGs
[2023-10-02T13:29:50.651+0000] {logging_mixin.py:150} INFO - [2023-10-02T13:29:50.650+0000] {dag.py:3504} INFO - Setting next_dagrun for producer to 2023-10-02T00:00:00+00:00, run_after=2023-10-03T00:00:00+00:00
[2023-10-02T13:29:51.349+0000] {processor.py:179} INFO - Processing /opt/airflow/dags/producer.py took 2.278 seconds
[2023-10-02T13:30:23.520+0000] {processor.py:157} INFO - Started process (PID=13046) to work on /opt/airflow/dags/producer.py
[2023-10-02T13:30:23.550+0000] {processor.py:826} INFO - Processing file /opt/airflow/dags/producer.py for tasks to queue
[2023-10-02T13:30:23.570+0000] {logging_mixin.py:150} INFO - [2023-10-02T13:30:23.569+0000] {dagbag.py:541} INFO - Filling up the DagBag from /opt/airflow/dags/producer.py
[2023-10-02T13:30:23.799+0000] {processor.py:836} INFO - DAG(s) dict_keys(['producer']) retrieved from /opt/airflow/dags/producer.py
[2023-10-02T13:30:24.569+0000] {logging_mixin.py:150} INFO - [2023-10-02T13:30:24.551+0000] {dag.py:2742} INFO - Sync 1 DAGs
[2023-10-02T13:30:25.599+0000] {logging_mixin.py:150} INFO - [2023-10-02T13:30:25.599+0000] {dag.py:3504} INFO - Setting next_dagrun for producer to 2023-10-02T00:00:00+00:00, run_after=2023-10-03T00:00:00+00:00
[2023-10-02T13:30:26.800+0000] {processor.py:179} INFO - Processing /opt/airflow/dags/producer.py took 3.351 seconds
[2023-10-02T13:30:57.449+0000] {processor.py:157} INFO - Started process (PID=13065) to work on /opt/airflow/dags/producer.py
[2023-10-02T13:30:57.469+0000] {processor.py:826} INFO - Processing file /opt/airflow/dags/producer.py for tasks to queue
[2023-10-02T13:30:57.471+0000] {logging_mixin.py:150} INFO - [2023-10-02T13:30:57.470+0000] {dagbag.py:541} INFO - Filling up the DagBag from /opt/airflow/dags/producer.py
[2023-10-02T13:30:57.601+0000] {processor.py:836} INFO - DAG(s) dict_keys(['producer']) retrieved from /opt/airflow/dags/producer.py
[2023-10-02T13:30:57.898+0000] {logging_mixin.py:150} INFO - [2023-10-02T13:30:57.881+0000] {dag.py:2742} INFO - Sync 1 DAGs
[2023-10-02T13:30:58.280+0000] {logging_mixin.py:150} INFO - [2023-10-02T13:30:58.271+0000] {dag.py:3504} INFO - Setting next_dagrun for producer to 2023-10-02T00:00:00+00:00, run_after=2023-10-03T00:00:00+00:00
[2023-10-02T13:30:58.831+0000] {processor.py:179} INFO - Processing /opt/airflow/dags/producer.py took 1.430 seconds
[2023-10-02T13:31:29.238+0000] {processor.py:157} INFO - Started process (PID=13091) to work on /opt/airflow/dags/producer.py
[2023-10-02T13:31:29.281+0000] {processor.py:826} INFO - Processing file /opt/airflow/dags/producer.py for tasks to queue
[2023-10-02T13:31:29.301+0000] {logging_mixin.py:150} INFO - [2023-10-02T13:31:29.300+0000] {dagbag.py:541} INFO - Filling up the DagBag from /opt/airflow/dags/producer.py
[2023-10-02T13:31:29.589+0000] {processor.py:836} INFO - DAG(s) dict_keys(['producer']) retrieved from /opt/airflow/dags/producer.py
[2023-10-02T13:31:30.441+0000] {logging_mixin.py:150} INFO - [2023-10-02T13:31:30.439+0000] {dag.py:2742} INFO - Sync 1 DAGs
[2023-10-02T13:31:30.969+0000] {logging_mixin.py:150} INFO - [2023-10-02T13:31:30.968+0000] {dag.py:3504} INFO - Setting next_dagrun for producer to 2023-10-02T00:00:00+00:00, run_after=2023-10-03T00:00:00+00:00
[2023-10-02T13:31:31.739+0000] {processor.py:179} INFO - Processing /opt/airflow/dags/producer.py took 2.589 seconds
[2023-10-02T13:32:02.170+0000] {processor.py:157} INFO - Started process (PID=13119) to work on /opt/airflow/dags/producer.py
[2023-10-02T13:32:02.190+0000] {processor.py:826} INFO - Processing file /opt/airflow/dags/producer.py for tasks to queue
[2023-10-02T13:32:02.199+0000] {logging_mixin.py:150} INFO - [2023-10-02T13:32:02.198+0000] {dagbag.py:541} INFO - Filling up the DagBag from /opt/airflow/dags/producer.py
[2023-10-02T13:32:02.280+0000] {processor.py:836} INFO - DAG(s) dict_keys(['producer']) retrieved from /opt/airflow/dags/producer.py
[2023-10-02T13:32:02.569+0000] {logging_mixin.py:150} INFO - [2023-10-02T13:32:02.569+0000] {dag.py:2742} INFO - Sync 1 DAGs
[2023-10-02T13:32:02.849+0000] {logging_mixin.py:150} INFO - [2023-10-02T13:32:02.841+0000] {dag.py:3504} INFO - Setting next_dagrun for producer to 2023-10-02T00:00:00+00:00, run_after=2023-10-03T00:00:00+00:00
[2023-10-02T13:32:03.069+0000] {processor.py:179} INFO - Processing /opt/airflow/dags/producer.py took 0.920 seconds
[2023-10-02T13:32:34.449+0000] {processor.py:157} INFO - Started process (PID=13150) to work on /opt/airflow/dags/producer.py
[2023-10-02T13:32:34.471+0000] {processor.py:826} INFO - Processing file /opt/airflow/dags/producer.py for tasks to queue
[2023-10-02T13:32:34.509+0000] {logging_mixin.py:150} INFO - [2023-10-02T13:32:34.490+0000] {dagbag.py:541} INFO - Filling up the DagBag from /opt/airflow/dags/producer.py
[2023-10-02T13:32:34.708+0000] {processor.py:836} INFO - DAG(s) dict_keys(['producer']) retrieved from /opt/airflow/dags/producer.py
[2023-10-02T13:32:35.041+0000] {logging_mixin.py:150} INFO - [2023-10-02T13:32:35.040+0000] {dag.py:2742} INFO - Sync 1 DAGs
[2023-10-02T13:32:35.410+0000] {logging_mixin.py:150} INFO - [2023-10-02T13:32:35.410+0000] {dag.py:3504} INFO - Setting next_dagrun for producer to 2023-10-02T00:00:00+00:00, run_after=2023-10-03T00:00:00+00:00
[2023-10-02T13:32:35.740+0000] {processor.py:179} INFO - Processing /opt/airflow/dags/producer.py took 1.331 seconds
[2023-10-02T13:33:11.570+0000] {processor.py:157} INFO - Started process (PID=13177) to work on /opt/airflow/dags/producer.py
[2023-10-02T13:33:11.579+0000] {processor.py:826} INFO - Processing file /opt/airflow/dags/producer.py for tasks to queue
[2023-10-02T13:33:11.580+0000] {logging_mixin.py:150} INFO - [2023-10-02T13:33:11.580+0000] {dagbag.py:541} INFO - Filling up the DagBag from /opt/airflow/dags/producer.py
[2023-10-02T13:33:11.641+0000] {processor.py:836} INFO - DAG(s) dict_keys(['producer']) retrieved from /opt/airflow/dags/producer.py
[2023-10-02T13:33:11.820+0000] {logging_mixin.py:150} INFO - [2023-10-02T13:33:11.820+0000] {dag.py:2742} INFO - Sync 1 DAGs
[2023-10-02T13:33:11.991+0000] {logging_mixin.py:150} INFO - [2023-10-02T13:33:11.990+0000] {dag.py:3504} INFO - Setting next_dagrun for producer to 2023-10-02T00:00:00+00:00, run_after=2023-10-03T00:00:00+00:00
[2023-10-02T13:33:12.191+0000] {processor.py:179} INFO - Processing /opt/airflow/dags/producer.py took 0.641 seconds
[2023-10-02T13:33:44.699+0000] {processor.py:157} INFO - Started process (PID=13206) to work on /opt/airflow/dags/producer.py
[2023-10-02T13:33:44.720+0000] {processor.py:826} INFO - Processing file /opt/airflow/dags/producer.py for tasks to queue
[2023-10-02T13:33:44.730+0000] {logging_mixin.py:150} INFO - [2023-10-02T13:33:44.729+0000] {dagbag.py:541} INFO - Filling up the DagBag from /opt/airflow/dags/producer.py
[2023-10-02T13:33:44.830+0000] {processor.py:836} INFO - DAG(s) dict_keys(['producer']) retrieved from /opt/airflow/dags/producer.py
[2023-10-02T13:33:45.239+0000] {logging_mixin.py:150} INFO - [2023-10-02T13:33:45.239+0000] {dag.py:2742} INFO - Sync 1 DAGs
[2023-10-02T13:33:45.649+0000] {logging_mixin.py:150} INFO - [2023-10-02T13:33:45.610+0000] {dag.py:3504} INFO - Setting next_dagrun for producer to 2023-10-02T00:00:00+00:00, run_after=2023-10-03T00:00:00+00:00
[2023-10-02T13:33:46.230+0000] {processor.py:179} INFO - Processing /opt/airflow/dags/producer.py took 1.570 seconds
[2023-10-02T13:34:17.460+0000] {processor.py:157} INFO - Started process (PID=13223) to work on /opt/airflow/dags/producer.py
[2023-10-02T13:34:17.470+0000] {processor.py:826} INFO - Processing file /opt/airflow/dags/producer.py for tasks to queue
[2023-10-02T13:34:17.480+0000] {logging_mixin.py:150} INFO - [2023-10-02T13:34:17.479+0000] {dagbag.py:541} INFO - Filling up the DagBag from /opt/airflow/dags/producer.py
[2023-10-02T13:34:17.580+0000] {processor.py:836} INFO - DAG(s) dict_keys(['producer']) retrieved from /opt/airflow/dags/producer.py
[2023-10-02T13:34:17.959+0000] {logging_mixin.py:150} INFO - [2023-10-02T13:34:17.958+0000] {dag.py:2742} INFO - Sync 1 DAGs
[2023-10-02T13:34:18.310+0000] {logging_mixin.py:150} INFO - [2023-10-02T13:34:18.310+0000] {dag.py:3504} INFO - Setting next_dagrun for producer to 2023-10-02T00:00:00+00:00, run_after=2023-10-03T00:00:00+00:00
[2023-10-02T13:34:18.699+0000] {processor.py:179} INFO - Processing /opt/airflow/dags/producer.py took 1.301 seconds
[2023-10-02T13:34:48.989+0000] {processor.py:157} INFO - Started process (PID=13251) to work on /opt/airflow/dags/producer.py
[2023-10-02T13:34:48.999+0000] {processor.py:826} INFO - Processing file /opt/airflow/dags/producer.py for tasks to queue
[2023-10-02T13:34:49.000+0000] {logging_mixin.py:150} INFO - [2023-10-02T13:34:49.000+0000] {dagbag.py:541} INFO - Filling up the DagBag from /opt/airflow/dags/producer.py
[2023-10-02T13:34:49.079+0000] {processor.py:836} INFO - DAG(s) dict_keys(['producer']) retrieved from /opt/airflow/dags/producer.py
[2023-10-02T13:34:49.290+0000] {logging_mixin.py:150} INFO - [2023-10-02T13:34:49.290+0000] {dag.py:2742} INFO - Sync 1 DAGs
[2023-10-02T13:34:49.479+0000] {logging_mixin.py:150} INFO - [2023-10-02T13:34:49.478+0000] {dag.py:3504} INFO - Setting next_dagrun for producer to 2023-10-02T00:00:00+00:00, run_after=2023-10-03T00:00:00+00:00
[2023-10-02T13:34:49.750+0000] {processor.py:179} INFO - Processing /opt/airflow/dags/producer.py took 0.800 seconds
[2023-10-02T13:35:20.290+0000] {processor.py:157} INFO - Started process (PID=13278) to work on /opt/airflow/dags/producer.py
[2023-10-02T13:35:21.099+0000] {processor.py:826} INFO - Processing file /opt/airflow/dags/producer.py for tasks to queue
[2023-10-02T13:35:21.118+0000] {logging_mixin.py:150} INFO - [2023-10-02T13:35:21.100+0000] {dagbag.py:541} INFO - Filling up the DagBag from /opt/airflow/dags/producer.py
[2023-10-02T13:35:21.290+0000] {processor.py:836} INFO - DAG(s) dict_keys(['producer']) retrieved from /opt/airflow/dags/producer.py
[2023-10-02T13:35:21.819+0000] {logging_mixin.py:150} INFO - [2023-10-02T13:35:21.809+0000] {dag.py:2742} INFO - Sync 1 DAGs
[2023-10-02T13:35:22.300+0000] {logging_mixin.py:150} INFO - [2023-10-02T13:35:22.300+0000] {dag.py:3504} INFO - Setting next_dagrun for producer to 2023-10-02T00:00:00+00:00, run_after=2023-10-03T00:00:00+00:00
[2023-10-02T13:35:22.790+0000] {processor.py:179} INFO - Processing /opt/airflow/dags/producer.py took 2.570 seconds
[2023-10-02T13:35:53.379+0000] {processor.py:157} INFO - Started process (PID=13305) to work on /opt/airflow/dags/producer.py
[2023-10-02T13:35:53.409+0000] {processor.py:826} INFO - Processing file /opt/airflow/dags/producer.py for tasks to queue
[2023-10-02T13:35:53.429+0000] {logging_mixin.py:150} INFO - [2023-10-02T13:35:53.410+0000] {dagbag.py:541} INFO - Filling up the DagBag from /opt/airflow/dags/producer.py
[2023-10-02T13:35:53.650+0000] {processor.py:836} INFO - DAG(s) dict_keys(['producer']) retrieved from /opt/airflow/dags/producer.py
[2023-10-02T13:35:54.298+0000] {logging_mixin.py:150} INFO - [2023-10-02T13:35:54.290+0000] {dag.py:2742} INFO - Sync 1 DAGs
[2023-10-02T13:35:54.959+0000] {logging_mixin.py:150} INFO - [2023-10-02T13:35:54.928+0000] {dag.py:3504} INFO - Setting next_dagrun for producer to 2023-10-02T00:00:00+00:00, run_after=2023-10-03T00:00:00+00:00
[2023-10-02T13:35:55.820+0000] {processor.py:179} INFO - Processing /opt/airflow/dags/producer.py took 2.510 seconds
[2023-10-02T13:36:26.669+0000] {processor.py:157} INFO - Started process (PID=13332) to work on /opt/airflow/dags/producer.py
[2023-10-02T13:36:26.718+0000] {processor.py:826} INFO - Processing file /opt/airflow/dags/producer.py for tasks to queue
[2023-10-02T13:36:26.720+0000] {logging_mixin.py:150} INFO - [2023-10-02T13:36:26.719+0000] {dagbag.py:541} INFO - Filling up the DagBag from /opt/airflow/dags/producer.py
[2023-10-02T13:36:26.900+0000] {processor.py:836} INFO - DAG(s) dict_keys(['producer']) retrieved from /opt/airflow/dags/producer.py
[2023-10-02T13:36:27.339+0000] {logging_mixin.py:150} INFO - [2023-10-02T13:36:27.338+0000] {dag.py:2742} INFO - Sync 1 DAGs
[2023-10-02T13:36:27.878+0000] {logging_mixin.py:150} INFO - [2023-10-02T13:36:27.860+0000] {dag.py:3504} INFO - Setting next_dagrun for producer to 2023-10-02T00:00:00+00:00, run_after=2023-10-03T00:00:00+00:00
[2023-10-02T13:36:28.479+0000] {processor.py:179} INFO - Processing /opt/airflow/dags/producer.py took 1.869 seconds
[2023-10-02T13:37:01.759+0000] {processor.py:157} INFO - Started process (PID=13367) to work on /opt/airflow/dags/producer.py
[2023-10-02T13:37:01.769+0000] {processor.py:826} INFO - Processing file /opt/airflow/dags/producer.py for tasks to queue
[2023-10-02T13:37:01.778+0000] {logging_mixin.py:150} INFO - [2023-10-02T13:37:01.770+0000] {dagbag.py:541} INFO - Filling up the DagBag from /opt/airflow/dags/producer.py
[2023-10-02T13:37:01.889+0000] {processor.py:836} INFO - DAG(s) dict_keys(['producer']) retrieved from /opt/airflow/dags/producer.py
[2023-10-02T13:37:02.299+0000] {logging_mixin.py:150} INFO - [2023-10-02T13:37:02.299+0000] {dag.py:2742} INFO - Sync 1 DAGs
[2023-10-02T13:37:02.680+0000] {logging_mixin.py:150} INFO - [2023-10-02T13:37:02.679+0000] {dag.py:3504} INFO - Setting next_dagrun for producer to 2023-10-02T00:00:00+00:00, run_after=2023-10-03T00:00:00+00:00
[2023-10-02T13:37:03.039+0000] {processor.py:179} INFO - Processing /opt/airflow/dags/producer.py took 1.320 seconds
[2023-10-02T13:37:35.339+0000] {processor.py:157} INFO - Started process (PID=13393) to work on /opt/airflow/dags/producer.py
[2023-10-02T13:37:35.359+0000] {processor.py:826} INFO - Processing file /opt/airflow/dags/producer.py for tasks to queue
[2023-10-02T13:37:35.369+0000] {logging_mixin.py:150} INFO - [2023-10-02T13:37:35.369+0000] {dagbag.py:541} INFO - Filling up the DagBag from /opt/airflow/dags/producer.py
[2023-10-02T13:37:35.529+0000] {processor.py:836} INFO - DAG(s) dict_keys(['producer']) retrieved from /opt/airflow/dags/producer.py
[2023-10-02T13:37:36.020+0000] {logging_mixin.py:150} INFO - [2023-10-02T13:37:36.019+0000] {dag.py:2742} INFO - Sync 1 DAGs
[2023-10-02T13:37:36.449+0000] {logging_mixin.py:150} INFO - [2023-10-02T13:37:36.449+0000] {dag.py:3504} INFO - Setting next_dagrun for producer to 2023-10-02T00:00:00+00:00, run_after=2023-10-03T00:00:00+00:00
[2023-10-02T13:37:36.929+0000] {processor.py:179} INFO - Processing /opt/airflow/dags/producer.py took 1.670 seconds
[2023-10-02T13:38:07.819+0000] {processor.py:157} INFO - Started process (PID=13412) to work on /opt/airflow/dags/producer.py
[2023-10-02T13:38:07.869+0000] {processor.py:826} INFO - Processing file /opt/airflow/dags/producer.py for tasks to queue
[2023-10-02T13:38:07.919+0000] {logging_mixin.py:150} INFO - [2023-10-02T13:38:07.889+0000] {dagbag.py:541} INFO - Filling up the DagBag from /opt/airflow/dags/producer.py
[2023-10-02T13:38:08.349+0000] {processor.py:836} INFO - DAG(s) dict_keys(['producer']) retrieved from /opt/airflow/dags/producer.py
[2023-10-02T13:38:09.169+0000] {logging_mixin.py:150} INFO - [2023-10-02T13:38:09.159+0000] {dag.py:2742} INFO - Sync 1 DAGs
[2023-10-02T13:38:09.729+0000] {logging_mixin.py:150} INFO - [2023-10-02T13:38:09.729+0000] {dag.py:3504} INFO - Setting next_dagrun for producer to 2023-10-02T00:00:00+00:00, run_after=2023-10-03T00:00:00+00:00
[2023-10-02T13:38:10.199+0000] {processor.py:179} INFO - Processing /opt/airflow/dags/producer.py took 2.490 seconds
[2023-10-02T13:38:41.068+0000] {processor.py:157} INFO - Started process (PID=13441) to work on /opt/airflow/dags/producer.py
[2023-10-02T13:38:41.108+0000] {processor.py:826} INFO - Processing file /opt/airflow/dags/producer.py for tasks to queue
[2023-10-02T13:38:41.119+0000] {logging_mixin.py:150} INFO - [2023-10-02T13:38:41.119+0000] {dagbag.py:541} INFO - Filling up the DagBag from /opt/airflow/dags/producer.py
[2023-10-02T13:38:41.379+0000] {processor.py:836} INFO - DAG(s) dict_keys(['producer']) retrieved from /opt/airflow/dags/producer.py
[2023-10-02T13:38:42.458+0000] {logging_mixin.py:150} INFO - [2023-10-02T13:38:42.438+0000] {dag.py:2742} INFO - Sync 1 DAGs
[2023-10-02T13:38:43.699+0000] {logging_mixin.py:150} INFO - [2023-10-02T13:38:43.698+0000] {dag.py:3504} INFO - Setting next_dagrun for producer to 2023-10-02T00:00:00+00:00, run_after=2023-10-03T00:00:00+00:00
[2023-10-02T13:38:44.389+0000] {processor.py:179} INFO - Processing /opt/airflow/dags/producer.py took 3.420 seconds
[2023-10-02T13:39:15.259+0000] {processor.py:157} INFO - Started process (PID=13468) to work on /opt/airflow/dags/producer.py
[2023-10-02T13:39:15.279+0000] {processor.py:826} INFO - Processing file /opt/airflow/dags/producer.py for tasks to queue
[2023-10-02T13:39:15.289+0000] {logging_mixin.py:150} INFO - [2023-10-02T13:39:15.288+0000] {dagbag.py:541} INFO - Filling up the DagBag from /opt/airflow/dags/producer.py
[2023-10-02T13:39:15.419+0000] {processor.py:836} INFO - DAG(s) dict_keys(['producer']) retrieved from /opt/airflow/dags/producer.py
[2023-10-02T13:39:15.928+0000] {logging_mixin.py:150} INFO - [2023-10-02T13:39:15.879+0000] {dag.py:2742} INFO - Sync 1 DAGs
[2023-10-02T13:39:16.669+0000] {logging_mixin.py:150} INFO - [2023-10-02T13:39:16.649+0000] {dag.py:3504} INFO - Setting next_dagrun for producer to 2023-10-02T00:00:00+00:00, run_after=2023-10-03T00:00:00+00:00
[2023-10-02T13:39:17.689+0000] {processor.py:179} INFO - Processing /opt/airflow/dags/producer.py took 2.470 seconds
[2023-10-02T13:39:57.698+0000] {processor.py:157} INFO - Started process (PID=13495) to work on /opt/airflow/dags/producer.py
[2023-10-02T13:39:57.749+0000] {processor.py:826} INFO - Processing file /opt/airflow/dags/producer.py for tasks to queue
[2023-10-02T13:39:57.809+0000] {logging_mixin.py:150} INFO - [2023-10-02T13:39:57.789+0000] {dagbag.py:541} INFO - Filling up the DagBag from /opt/airflow/dags/producer.py
[2023-10-02T13:39:58.489+0000] {processor.py:836} INFO - DAG(s) dict_keys(['producer']) retrieved from /opt/airflow/dags/producer.py
[2023-10-02T13:40:00.049+0000] {logging_mixin.py:150} INFO - [2023-10-02T13:40:00.029+0000] {dag.py:2742} INFO - Sync 1 DAGs
[2023-10-02T13:40:02.279+0000] {logging_mixin.py:150} INFO - [2023-10-02T13:40:02.278+0000] {dag.py:3504} INFO - Setting next_dagrun for producer to 2023-10-02T00:00:00+00:00, run_after=2023-10-03T00:00:00+00:00
[2023-10-02T13:40:05.399+0000] {processor.py:179} INFO - Processing /opt/airflow/dags/producer.py took 7.950 seconds
[2023-10-02T13:40:52.058+0000] {processor.py:157} INFO - Started process (PID=13530) to work on /opt/airflow/dags/producer.py
[2023-10-02T13:40:52.139+0000] {processor.py:826} INFO - Processing file /opt/airflow/dags/producer.py for tasks to queue
[2023-10-02T13:40:52.199+0000] {logging_mixin.py:150} INFO - [2023-10-02T13:40:52.178+0000] {dagbag.py:541} INFO - Filling up the DagBag from /opt/airflow/dags/producer.py
[2023-10-02T13:40:53.248+0000] {processor.py:836} INFO - DAG(s) dict_keys(['producer']) retrieved from /opt/airflow/dags/producer.py
[2023-10-02T13:40:56.248+0000] {logging_mixin.py:150} INFO - [2023-10-02T13:40:56.229+0000] {dag.py:2742} INFO - Sync 1 DAGs
[2023-10-02T13:41:02.439+0000] {logging_mixin.py:150} INFO - [2023-10-02T13:41:02.419+0000] {dag.py:3504} INFO - Setting next_dagrun for producer to 2023-10-02T00:00:00+00:00, run_after=2023-10-03T00:00:00+00:00
[2023-10-02T13:41:05.818+0000] {processor.py:179} INFO - Processing /opt/airflow/dags/producer.py took 14.099 seconds
[2023-10-02T13:42:34.318+0000] {processor.py:157} INFO - Started process (PID=13554) to work on /opt/airflow/dags/producer.py
[2023-10-02T13:42:35.268+0000] {processor.py:826} INFO - Processing file /opt/airflow/dags/producer.py for tasks to queue
[2023-10-02T13:42:35.909+0000] {logging_mixin.py:150} INFO - [2023-10-02T13:42:35.548+0000] {dagbag.py:541} INFO - Filling up the DagBag from /opt/airflow/dags/producer.py
[2023-10-02T13:42:38.208+0000] {processor.py:836} INFO - DAG(s) dict_keys(['producer']) retrieved from /opt/airflow/dags/producer.py
[2023-10-02T13:42:51.518+0000] {logging_mixin.py:150} INFO - [2023-10-02T13:42:51.358+0000] {dag.py:2742} INFO - Sync 1 DAGs
[2023-10-02T13:43:06.968+0000] {logging_mixin.py:150} INFO - [2023-10-02T13:43:06.908+0000] {dag.py:3504} INFO - Setting next_dagrun for producer to 2023-10-02T00:00:00+00:00, run_after=2023-10-03T00:00:00+00:00
