[2023-10-02T13:00:58.615+0000] {processor.py:157} INFO - Started process (PID=11475) to work on /opt/airflow/dags/user_processing.py
[2023-10-02T13:00:58.616+0000] {processor.py:826} INFO - Processing file /opt/airflow/dags/user_processing.py for tasks to queue
[2023-10-02T13:00:58.617+0000] {logging_mixin.py:150} INFO - [2023-10-02T13:00:58.617+0000] {dagbag.py:541} INFO - Filling up the DagBag from /opt/airflow/dags/user_processing.py
[2023-10-02T13:01:00.665+0000] {processor.py:836} INFO - DAG(s) dict_keys(['user_processing']) retrieved from /opt/airflow/dags/user_processing.py
[2023-10-02T13:01:01.070+0000] {logging_mixin.py:150} INFO - [2023-10-02T13:01:01.067+0000] {dag.py:2742} INFO - Sync 1 DAGs
[2023-10-02T13:01:01.207+0000] {logging_mixin.py:150} INFO - [2023-10-02T13:01:01.207+0000] {dag.py:3504} INFO - Setting next_dagrun for user_processing to 2023-10-01T00:00:00+00:00, run_after=2023-10-02T00:00:00+00:00
[2023-10-02T13:01:01.370+0000] {processor.py:179} INFO - Processing /opt/airflow/dags/user_processing.py took 2.772 seconds
[2023-10-02T13:01:31.792+0000] {processor.py:157} INFO - Started process (PID=11523) to work on /opt/airflow/dags/user_processing.py
[2023-10-02T13:01:31.793+0000] {processor.py:826} INFO - Processing file /opt/airflow/dags/user_processing.py for tasks to queue
[2023-10-02T13:01:31.794+0000] {logging_mixin.py:150} INFO - [2023-10-02T13:01:31.794+0000] {dagbag.py:541} INFO - Filling up the DagBag from /opt/airflow/dags/user_processing.py
[2023-10-02T13:01:32.342+0000] {processor.py:836} INFO - DAG(s) dict_keys(['user_processing']) retrieved from /opt/airflow/dags/user_processing.py
[2023-10-02T13:01:32.374+0000] {logging_mixin.py:150} INFO - [2023-10-02T13:01:32.374+0000] {dag.py:2742} INFO - Sync 1 DAGs
[2023-10-02T13:01:32.409+0000] {logging_mixin.py:150} INFO - [2023-10-02T13:01:32.408+0000] {dag.py:3504} INFO - Setting next_dagrun for user_processing to 2023-10-02T00:00:00+00:00, run_after=2023-10-03T00:00:00+00:00
[2023-10-02T13:01:32.441+0000] {processor.py:179} INFO - Processing /opt/airflow/dags/user_processing.py took 0.653 seconds
[2023-10-02T13:02:02.647+0000] {processor.py:157} INFO - Started process (PID=11550) to work on /opt/airflow/dags/user_processing.py
[2023-10-02T13:02:02.648+0000] {processor.py:826} INFO - Processing file /opt/airflow/dags/user_processing.py for tasks to queue
[2023-10-02T13:02:02.649+0000] {logging_mixin.py:150} INFO - [2023-10-02T13:02:02.649+0000] {dagbag.py:541} INFO - Filling up the DagBag from /opt/airflow/dags/user_processing.py
[2023-10-02T13:02:03.052+0000] {processor.py:836} INFO - DAG(s) dict_keys(['user_processing']) retrieved from /opt/airflow/dags/user_processing.py
[2023-10-02T13:02:03.079+0000] {logging_mixin.py:150} INFO - [2023-10-02T13:02:03.078+0000] {dag.py:2742} INFO - Sync 1 DAGs
[2023-10-02T13:02:03.103+0000] {logging_mixin.py:150} INFO - [2023-10-02T13:02:03.103+0000] {dag.py:3504} INFO - Setting next_dagrun for user_processing to 2023-10-02T00:00:00+00:00, run_after=2023-10-03T00:00:00+00:00
[2023-10-02T13:02:03.124+0000] {processor.py:179} INFO - Processing /opt/airflow/dags/user_processing.py took 0.481 seconds
[2023-10-02T13:02:33.776+0000] {processor.py:157} INFO - Started process (PID=11582) to work on /opt/airflow/dags/user_processing.py
[2023-10-02T13:02:33.776+0000] {processor.py:826} INFO - Processing file /opt/airflow/dags/user_processing.py for tasks to queue
[2023-10-02T13:02:33.777+0000] {logging_mixin.py:150} INFO - [2023-10-02T13:02:33.777+0000] {dagbag.py:541} INFO - Filling up the DagBag from /opt/airflow/dags/user_processing.py
[2023-10-02T13:02:34.194+0000] {processor.py:836} INFO - DAG(s) dict_keys(['user_processing']) retrieved from /opt/airflow/dags/user_processing.py
[2023-10-02T13:02:34.221+0000] {logging_mixin.py:150} INFO - [2023-10-02T13:02:34.220+0000] {dag.py:2742} INFO - Sync 1 DAGs
[2023-10-02T13:02:34.246+0000] {logging_mixin.py:150} INFO - [2023-10-02T13:02:34.246+0000] {dag.py:3504} INFO - Setting next_dagrun for user_processing to 2023-10-02T00:00:00+00:00, run_after=2023-10-03T00:00:00+00:00
[2023-10-02T13:02:34.279+0000] {processor.py:179} INFO - Processing /opt/airflow/dags/user_processing.py took 0.506 seconds
[2023-10-02T13:03:04.966+0000] {processor.py:157} INFO - Started process (PID=11610) to work on /opt/airflow/dags/user_processing.py
[2023-10-02T13:03:04.969+0000] {processor.py:826} INFO - Processing file /opt/airflow/dags/user_processing.py for tasks to queue
[2023-10-02T13:03:04.971+0000] {logging_mixin.py:150} INFO - [2023-10-02T13:03:04.970+0000] {dagbag.py:541} INFO - Filling up the DagBag from /opt/airflow/dags/user_processing.py
[2023-10-02T13:03:05.444+0000] {processor.py:836} INFO - DAG(s) dict_keys(['user_processing']) retrieved from /opt/airflow/dags/user_processing.py
[2023-10-02T13:03:05.476+0000] {logging_mixin.py:150} INFO - [2023-10-02T13:03:05.475+0000] {dag.py:2742} INFO - Sync 1 DAGs
[2023-10-02T13:03:05.506+0000] {logging_mixin.py:150} INFO - [2023-10-02T13:03:05.506+0000] {dag.py:3504} INFO - Setting next_dagrun for user_processing to 2023-10-02T00:00:00+00:00, run_after=2023-10-03T00:00:00+00:00
[2023-10-02T13:03:05.532+0000] {processor.py:179} INFO - Processing /opt/airflow/dags/user_processing.py took 0.570 seconds
[2023-10-02T13:03:36.211+0000] {processor.py:157} INFO - Started process (PID=11637) to work on /opt/airflow/dags/user_processing.py
[2023-10-02T13:03:36.216+0000] {processor.py:826} INFO - Processing file /opt/airflow/dags/user_processing.py for tasks to queue
[2023-10-02T13:03:36.216+0000] {logging_mixin.py:150} INFO - [2023-10-02T13:03:36.216+0000] {dagbag.py:541} INFO - Filling up the DagBag from /opt/airflow/dags/user_processing.py
[2023-10-02T13:03:36.634+0000] {processor.py:836} INFO - DAG(s) dict_keys(['user_processing']) retrieved from /opt/airflow/dags/user_processing.py
[2023-10-02T13:03:36.664+0000] {logging_mixin.py:150} INFO - [2023-10-02T13:03:36.664+0000] {dag.py:2742} INFO - Sync 1 DAGs
[2023-10-02T13:03:36.691+0000] {logging_mixin.py:150} INFO - [2023-10-02T13:03:36.691+0000] {dag.py:3504} INFO - Setting next_dagrun for user_processing to 2023-10-02T00:00:00+00:00, run_after=2023-10-03T00:00:00+00:00
[2023-10-02T13:03:36.723+0000] {processor.py:179} INFO - Processing /opt/airflow/dags/user_processing.py took 0.515 seconds
[2023-10-02T13:04:06.997+0000] {processor.py:157} INFO - Started process (PID=11664) to work on /opt/airflow/dags/user_processing.py
[2023-10-02T13:04:06.999+0000] {processor.py:826} INFO - Processing file /opt/airflow/dags/user_processing.py for tasks to queue
[2023-10-02T13:04:07.000+0000] {logging_mixin.py:150} INFO - [2023-10-02T13:04:06.999+0000] {dagbag.py:541} INFO - Filling up the DagBag from /opt/airflow/dags/user_processing.py
[2023-10-02T13:04:07.584+0000] {processor.py:836} INFO - DAG(s) dict_keys(['user_processing']) retrieved from /opt/airflow/dags/user_processing.py
[2023-10-02T13:04:07.625+0000] {logging_mixin.py:150} INFO - [2023-10-02T13:04:07.624+0000] {dag.py:2742} INFO - Sync 1 DAGs
[2023-10-02T13:04:07.672+0000] {logging_mixin.py:150} INFO - [2023-10-02T13:04:07.672+0000] {dag.py:3504} INFO - Setting next_dagrun for user_processing to 2023-10-02T00:00:00+00:00, run_after=2023-10-03T00:00:00+00:00
[2023-10-02T13:04:07.706+0000] {processor.py:179} INFO - Processing /opt/airflow/dags/user_processing.py took 0.712 seconds
[2023-10-02T13:04:38.190+0000] {processor.py:157} INFO - Started process (PID=11691) to work on /opt/airflow/dags/user_processing.py
[2023-10-02T13:04:38.192+0000] {processor.py:826} INFO - Processing file /opt/airflow/dags/user_processing.py for tasks to queue
[2023-10-02T13:04:38.194+0000] {logging_mixin.py:150} INFO - [2023-10-02T13:04:38.193+0000] {dagbag.py:541} INFO - Filling up the DagBag from /opt/airflow/dags/user_processing.py
[2023-10-02T13:04:38.876+0000] {processor.py:836} INFO - DAG(s) dict_keys(['user_processing']) retrieved from /opt/airflow/dags/user_processing.py
[2023-10-02T13:04:38.926+0000] {logging_mixin.py:150} INFO - [2023-10-02T13:04:38.926+0000] {dag.py:2742} INFO - Sync 1 DAGs
[2023-10-02T13:04:38.974+0000] {logging_mixin.py:150} INFO - [2023-10-02T13:04:38.973+0000] {dag.py:3504} INFO - Setting next_dagrun for user_processing to 2023-10-02T00:00:00+00:00, run_after=2023-10-03T00:00:00+00:00
[2023-10-02T13:04:39.027+0000] {processor.py:179} INFO - Processing /opt/airflow/dags/user_processing.py took 0.843 seconds
[2023-10-02T13:05:09.100+0000] {processor.py:157} INFO - Started process (PID=11718) to work on /opt/airflow/dags/user_processing.py
[2023-10-02T13:05:09.101+0000] {processor.py:826} INFO - Processing file /opt/airflow/dags/user_processing.py for tasks to queue
[2023-10-02T13:05:09.102+0000] {logging_mixin.py:150} INFO - [2023-10-02T13:05:09.101+0000] {dagbag.py:541} INFO - Filling up the DagBag from /opt/airflow/dags/user_processing.py
[2023-10-02T13:05:09.574+0000] {processor.py:836} INFO - DAG(s) dict_keys(['user_processing']) retrieved from /opt/airflow/dags/user_processing.py
[2023-10-02T13:05:09.613+0000] {logging_mixin.py:150} INFO - [2023-10-02T13:05:09.613+0000] {dag.py:2742} INFO - Sync 1 DAGs
[2023-10-02T13:05:09.643+0000] {logging_mixin.py:150} INFO - [2023-10-02T13:05:09.642+0000] {dag.py:3504} INFO - Setting next_dagrun for user_processing to 2023-10-02T00:00:00+00:00, run_after=2023-10-03T00:00:00+00:00
[2023-10-02T13:05:09.665+0000] {processor.py:179} INFO - Processing /opt/airflow/dags/user_processing.py took 0.570 seconds
[2023-10-02T13:05:40.250+0000] {processor.py:157} INFO - Started process (PID=11745) to work on /opt/airflow/dags/user_processing.py
[2023-10-02T13:05:40.251+0000] {processor.py:826} INFO - Processing file /opt/airflow/dags/user_processing.py for tasks to queue
[2023-10-02T13:05:40.252+0000] {logging_mixin.py:150} INFO - [2023-10-02T13:05:40.252+0000] {dagbag.py:541} INFO - Filling up the DagBag from /opt/airflow/dags/user_processing.py
[2023-10-02T13:05:42.115+0000] {processor.py:836} INFO - DAG(s) dict_keys(['user_processing']) retrieved from /opt/airflow/dags/user_processing.py
[2023-10-02T13:05:42.289+0000] {logging_mixin.py:150} INFO - [2023-10-02T13:05:42.289+0000] {dag.py:2742} INFO - Sync 1 DAGs
[2023-10-02T13:05:42.491+0000] {logging_mixin.py:150} INFO - [2023-10-02T13:05:42.490+0000] {dag.py:3504} INFO - Setting next_dagrun for user_processing to 2023-10-02T00:00:00+00:00, run_after=2023-10-03T00:00:00+00:00
[2023-10-02T13:05:42.619+0000] {processor.py:179} INFO - Processing /opt/airflow/dags/user_processing.py took 2.374 seconds
[2023-10-02T13:06:12.892+0000] {processor.py:157} INFO - Started process (PID=11772) to work on /opt/airflow/dags/user_processing.py
[2023-10-02T13:06:12.912+0000] {processor.py:826} INFO - Processing file /opt/airflow/dags/user_processing.py for tasks to queue
[2023-10-02T13:06:12.925+0000] {logging_mixin.py:150} INFO - [2023-10-02T13:06:12.925+0000] {dagbag.py:541} INFO - Filling up the DagBag from /opt/airflow/dags/user_processing.py
[2023-10-02T13:06:14.765+0000] {processor.py:836} INFO - DAG(s) dict_keys(['user_processing']) retrieved from /opt/airflow/dags/user_processing.py
[2023-10-02T13:06:14.873+0000] {logging_mixin.py:150} INFO - [2023-10-02T13:06:14.872+0000] {dag.py:2742} INFO - Sync 1 DAGs
[2023-10-02T13:06:14.971+0000] {logging_mixin.py:150} INFO - [2023-10-02T13:06:14.971+0000] {dag.py:3504} INFO - Setting next_dagrun for user_processing to 2023-10-02T00:00:00+00:00, run_after=2023-10-03T00:00:00+00:00
[2023-10-02T13:06:15.064+0000] {processor.py:179} INFO - Processing /opt/airflow/dags/user_processing.py took 2.183 seconds
[2023-10-02T13:06:45.130+0000] {processor.py:157} INFO - Started process (PID=11799) to work on /opt/airflow/dags/user_processing.py
[2023-10-02T13:06:45.134+0000] {processor.py:826} INFO - Processing file /opt/airflow/dags/user_processing.py for tasks to queue
[2023-10-02T13:06:45.139+0000] {logging_mixin.py:150} INFO - [2023-10-02T13:06:45.139+0000] {dagbag.py:541} INFO - Filling up the DagBag from /opt/airflow/dags/user_processing.py
[2023-10-02T13:06:45.762+0000] {processor.py:836} INFO - DAG(s) dict_keys(['user_processing']) retrieved from /opt/airflow/dags/user_processing.py
[2023-10-02T13:06:45.807+0000] {logging_mixin.py:150} INFO - [2023-10-02T13:06:45.806+0000] {dag.py:2742} INFO - Sync 1 DAGs
[2023-10-02T13:06:45.853+0000] {logging_mixin.py:150} INFO - [2023-10-02T13:06:45.853+0000] {dag.py:3504} INFO - Setting next_dagrun for user_processing to 2023-10-02T00:00:00+00:00, run_after=2023-10-03T00:00:00+00:00
[2023-10-02T13:06:45.895+0000] {processor.py:179} INFO - Processing /opt/airflow/dags/user_processing.py took 0.770 seconds
[2023-10-02T13:07:15.961+0000] {processor.py:157} INFO - Started process (PID=11826) to work on /opt/airflow/dags/user_processing.py
[2023-10-02T13:07:15.968+0000] {processor.py:826} INFO - Processing file /opt/airflow/dags/user_processing.py for tasks to queue
[2023-10-02T13:07:15.969+0000] {logging_mixin.py:150} INFO - [2023-10-02T13:07:15.969+0000] {dagbag.py:541} INFO - Filling up the DagBag from /opt/airflow/dags/user_processing.py
[2023-10-02T13:07:16.610+0000] {processor.py:836} INFO - DAG(s) dict_keys(['user_processing']) retrieved from /opt/airflow/dags/user_processing.py
[2023-10-02T13:07:16.651+0000] {logging_mixin.py:150} INFO - [2023-10-02T13:07:16.650+0000] {dag.py:2742} INFO - Sync 1 DAGs
[2023-10-02T13:07:16.702+0000] {logging_mixin.py:150} INFO - [2023-10-02T13:07:16.701+0000] {dag.py:3504} INFO - Setting next_dagrun for user_processing to 2023-10-02T00:00:00+00:00, run_after=2023-10-03T00:00:00+00:00
[2023-10-02T13:07:16.741+0000] {processor.py:179} INFO - Processing /opt/airflow/dags/user_processing.py took 0.790 seconds
[2023-10-02T13:07:47.580+0000] {processor.py:157} INFO - Started process (PID=11853) to work on /opt/airflow/dags/user_processing.py
[2023-10-02T13:07:47.581+0000] {processor.py:826} INFO - Processing file /opt/airflow/dags/user_processing.py for tasks to queue
[2023-10-02T13:07:47.583+0000] {logging_mixin.py:150} INFO - [2023-10-02T13:07:47.582+0000] {dagbag.py:541} INFO - Filling up the DagBag from /opt/airflow/dags/user_processing.py
[2023-10-02T13:07:48.205+0000] {processor.py:836} INFO - DAG(s) dict_keys(['user_processing']) retrieved from /opt/airflow/dags/user_processing.py
[2023-10-02T13:07:48.254+0000] {logging_mixin.py:150} INFO - [2023-10-02T13:07:48.253+0000] {dag.py:2742} INFO - Sync 1 DAGs
[2023-10-02T13:07:48.294+0000] {logging_mixin.py:150} INFO - [2023-10-02T13:07:48.294+0000] {dag.py:3504} INFO - Setting next_dagrun for user_processing to 2023-10-02T00:00:00+00:00, run_after=2023-10-03T00:00:00+00:00
[2023-10-02T13:07:48.341+0000] {processor.py:179} INFO - Processing /opt/airflow/dags/user_processing.py took 0.767 seconds
[2023-10-02T13:08:18.398+0000] {processor.py:157} INFO - Started process (PID=11880) to work on /opt/airflow/dags/user_processing.py
[2023-10-02T13:08:18.400+0000] {processor.py:826} INFO - Processing file /opt/airflow/dags/user_processing.py for tasks to queue
[2023-10-02T13:08:18.401+0000] {logging_mixin.py:150} INFO - [2023-10-02T13:08:18.400+0000] {dagbag.py:541} INFO - Filling up the DagBag from /opt/airflow/dags/user_processing.py
[2023-10-02T13:08:19.029+0000] {processor.py:836} INFO - DAG(s) dict_keys(['user_processing']) retrieved from /opt/airflow/dags/user_processing.py
[2023-10-02T13:08:19.083+0000] {logging_mixin.py:150} INFO - [2023-10-02T13:08:19.082+0000] {dag.py:2742} INFO - Sync 1 DAGs
[2023-10-02T13:08:19.129+0000] {logging_mixin.py:150} INFO - [2023-10-02T13:08:19.125+0000] {dag.py:3504} INFO - Setting next_dagrun for user_processing to 2023-10-02T00:00:00+00:00, run_after=2023-10-03T00:00:00+00:00
[2023-10-02T13:08:19.171+0000] {processor.py:179} INFO - Processing /opt/airflow/dags/user_processing.py took 0.778 seconds
[2023-10-02T13:08:49.315+0000] {processor.py:157} INFO - Started process (PID=11907) to work on /opt/airflow/dags/user_processing.py
[2023-10-02T13:08:49.319+0000] {processor.py:826} INFO - Processing file /opt/airflow/dags/user_processing.py for tasks to queue
[2023-10-02T13:08:49.320+0000] {logging_mixin.py:150} INFO - [2023-10-02T13:08:49.320+0000] {dagbag.py:541} INFO - Filling up the DagBag from /opt/airflow/dags/user_processing.py
[2023-10-02T13:08:49.903+0000] {processor.py:836} INFO - DAG(s) dict_keys(['user_processing']) retrieved from /opt/airflow/dags/user_processing.py
[2023-10-02T13:08:49.956+0000] {logging_mixin.py:150} INFO - [2023-10-02T13:08:49.955+0000] {dag.py:2742} INFO - Sync 1 DAGs
[2023-10-02T13:08:49.986+0000] {logging_mixin.py:150} INFO - [2023-10-02T13:08:49.986+0000] {dag.py:3504} INFO - Setting next_dagrun for user_processing to 2023-10-02T00:00:00+00:00, run_after=2023-10-03T00:00:00+00:00
[2023-10-02T13:08:50.032+0000] {processor.py:179} INFO - Processing /opt/airflow/dags/user_processing.py took 0.720 seconds
[2023-10-02T13:09:20.252+0000] {processor.py:157} INFO - Started process (PID=11935) to work on /opt/airflow/dags/user_processing.py
[2023-10-02T13:09:20.254+0000] {processor.py:826} INFO - Processing file /opt/airflow/dags/user_processing.py for tasks to queue
[2023-10-02T13:09:20.262+0000] {logging_mixin.py:150} INFO - [2023-10-02T13:09:20.255+0000] {dagbag.py:541} INFO - Filling up the DagBag from /opt/airflow/dags/user_processing.py
[2023-10-02T13:09:21.242+0000] {processor.py:836} INFO - DAG(s) dict_keys(['user_processing']) retrieved from /opt/airflow/dags/user_processing.py
[2023-10-02T13:09:21.292+0000] {logging_mixin.py:150} INFO - [2023-10-02T13:09:21.292+0000] {dag.py:2742} INFO - Sync 1 DAGs
[2023-10-02T13:09:21.351+0000] {logging_mixin.py:150} INFO - [2023-10-02T13:09:21.351+0000] {dag.py:3504} INFO - Setting next_dagrun for user_processing to 2023-10-02T00:00:00+00:00, run_after=2023-10-03T00:00:00+00:00
[2023-10-02T13:09:21.385+0000] {processor.py:179} INFO - Processing /opt/airflow/dags/user_processing.py took 1.136 seconds
[2023-10-02T13:09:51.685+0000] {processor.py:157} INFO - Started process (PID=11962) to work on /opt/airflow/dags/user_processing.py
[2023-10-02T13:09:51.688+0000] {processor.py:826} INFO - Processing file /opt/airflow/dags/user_processing.py for tasks to queue
[2023-10-02T13:09:51.690+0000] {logging_mixin.py:150} INFO - [2023-10-02T13:09:51.689+0000] {dagbag.py:541} INFO - Filling up the DagBag from /opt/airflow/dags/user_processing.py
[2023-10-02T13:09:52.262+0000] {processor.py:836} INFO - DAG(s) dict_keys(['user_processing']) retrieved from /opt/airflow/dags/user_processing.py
[2023-10-02T13:09:52.296+0000] {logging_mixin.py:150} INFO - [2023-10-02T13:09:52.295+0000] {dag.py:2742} INFO - Sync 1 DAGs
[2023-10-02T13:09:52.331+0000] {logging_mixin.py:150} INFO - [2023-10-02T13:09:52.330+0000] {dag.py:3504} INFO - Setting next_dagrun for user_processing to 2023-10-02T00:00:00+00:00, run_after=2023-10-03T00:00:00+00:00
[2023-10-02T13:09:52.361+0000] {processor.py:179} INFO - Processing /opt/airflow/dags/user_processing.py took 0.679 seconds
[2023-10-02T13:10:22.576+0000] {processor.py:157} INFO - Started process (PID=11989) to work on /opt/airflow/dags/user_processing.py
[2023-10-02T13:10:22.579+0000] {processor.py:826} INFO - Processing file /opt/airflow/dags/user_processing.py for tasks to queue
[2023-10-02T13:10:22.580+0000] {logging_mixin.py:150} INFO - [2023-10-02T13:10:22.580+0000] {dagbag.py:541} INFO - Filling up the DagBag from /opt/airflow/dags/user_processing.py
[2023-10-02T13:10:23.104+0000] {processor.py:836} INFO - DAG(s) dict_keys(['user_processing']) retrieved from /opt/airflow/dags/user_processing.py
[2023-10-02T13:10:23.144+0000] {logging_mixin.py:150} INFO - [2023-10-02T13:10:23.143+0000] {dag.py:2742} INFO - Sync 1 DAGs
[2023-10-02T13:10:23.181+0000] {logging_mixin.py:150} INFO - [2023-10-02T13:10:23.181+0000] {dag.py:3504} INFO - Setting next_dagrun for user_processing to 2023-10-02T00:00:00+00:00, run_after=2023-10-03T00:00:00+00:00
[2023-10-02T13:10:23.233+0000] {processor.py:179} INFO - Processing /opt/airflow/dags/user_processing.py took 0.662 seconds
[2023-10-02T13:10:54.039+0000] {processor.py:157} INFO - Started process (PID=12016) to work on /opt/airflow/dags/user_processing.py
[2023-10-02T13:10:54.042+0000] {processor.py:826} INFO - Processing file /opt/airflow/dags/user_processing.py for tasks to queue
[2023-10-02T13:10:54.043+0000] {logging_mixin.py:150} INFO - [2023-10-02T13:10:54.043+0000] {dagbag.py:541} INFO - Filling up the DagBag from /opt/airflow/dags/user_processing.py
[2023-10-02T13:10:54.528+0000] {processor.py:836} INFO - DAG(s) dict_keys(['user_processing']) retrieved from /opt/airflow/dags/user_processing.py
[2023-10-02T13:10:54.569+0000] {logging_mixin.py:150} INFO - [2023-10-02T13:10:54.569+0000] {dag.py:2742} INFO - Sync 1 DAGs
[2023-10-02T13:10:54.599+0000] {logging_mixin.py:150} INFO - [2023-10-02T13:10:54.599+0000] {dag.py:3504} INFO - Setting next_dagrun for user_processing to 2023-10-02T00:00:00+00:00, run_after=2023-10-03T00:00:00+00:00
[2023-10-02T13:10:54.628+0000] {processor.py:179} INFO - Processing /opt/airflow/dags/user_processing.py took 0.595 seconds
[2023-10-02T13:11:25.405+0000] {processor.py:157} INFO - Started process (PID=12050) to work on /opt/airflow/dags/user_processing.py
[2023-10-02T13:11:25.410+0000] {processor.py:826} INFO - Processing file /opt/airflow/dags/user_processing.py for tasks to queue
[2023-10-02T13:11:25.411+0000] {logging_mixin.py:150} INFO - [2023-10-02T13:11:25.410+0000] {dagbag.py:541} INFO - Filling up the DagBag from /opt/airflow/dags/user_processing.py
[2023-10-02T13:11:25.942+0000] {processor.py:836} INFO - DAG(s) dict_keys(['user_processing']) retrieved from /opt/airflow/dags/user_processing.py
[2023-10-02T13:11:25.982+0000] {logging_mixin.py:150} INFO - [2023-10-02T13:11:25.982+0000] {dag.py:2742} INFO - Sync 1 DAGs
[2023-10-02T13:11:26.019+0000] {logging_mixin.py:150} INFO - [2023-10-02T13:11:26.019+0000] {dag.py:3504} INFO - Setting next_dagrun for user_processing to 2023-10-02T00:00:00+00:00, run_after=2023-10-03T00:00:00+00:00
[2023-10-02T13:11:26.049+0000] {processor.py:179} INFO - Processing /opt/airflow/dags/user_processing.py took 0.650 seconds
[2023-10-02T13:11:56.943+0000] {processor.py:157} INFO - Started process (PID=12077) to work on /opt/airflow/dags/user_processing.py
[2023-10-02T13:11:56.944+0000] {processor.py:826} INFO - Processing file /opt/airflow/dags/user_processing.py for tasks to queue
[2023-10-02T13:11:56.945+0000] {logging_mixin.py:150} INFO - [2023-10-02T13:11:56.945+0000] {dagbag.py:541} INFO - Filling up the DagBag from /opt/airflow/dags/user_processing.py
[2023-10-02T13:11:57.522+0000] {processor.py:836} INFO - DAG(s) dict_keys(['user_processing']) retrieved from /opt/airflow/dags/user_processing.py
[2023-10-02T13:11:57.569+0000] {logging_mixin.py:150} INFO - [2023-10-02T13:11:57.565+0000] {dag.py:2742} INFO - Sync 1 DAGs
[2023-10-02T13:11:57.599+0000] {logging_mixin.py:150} INFO - [2023-10-02T13:11:57.599+0000] {dag.py:3504} INFO - Setting next_dagrun for user_processing to 2023-10-02T00:00:00+00:00, run_after=2023-10-03T00:00:00+00:00
[2023-10-02T13:11:57.634+0000] {processor.py:179} INFO - Processing /opt/airflow/dags/user_processing.py took 0.694 seconds
[2023-10-02T13:12:28.510+0000] {processor.py:157} INFO - Started process (PID=12105) to work on /opt/airflow/dags/user_processing.py
[2023-10-02T13:12:28.511+0000] {processor.py:826} INFO - Processing file /opt/airflow/dags/user_processing.py for tasks to queue
[2023-10-02T13:12:28.512+0000] {logging_mixin.py:150} INFO - [2023-10-02T13:12:28.511+0000] {dagbag.py:541} INFO - Filling up the DagBag from /opt/airflow/dags/user_processing.py
[2023-10-02T13:12:29.171+0000] {processor.py:836} INFO - DAG(s) dict_keys(['user_processing']) retrieved from /opt/airflow/dags/user_processing.py
[2023-10-02T13:12:29.218+0000] {logging_mixin.py:150} INFO - [2023-10-02T13:12:29.215+0000] {dag.py:2742} INFO - Sync 1 DAGs
[2023-10-02T13:12:29.263+0000] {logging_mixin.py:150} INFO - [2023-10-02T13:12:29.263+0000] {dag.py:3504} INFO - Setting next_dagrun for user_processing to 2023-10-02T00:00:00+00:00, run_after=2023-10-03T00:00:00+00:00
[2023-10-02T13:12:29.309+0000] {processor.py:179} INFO - Processing /opt/airflow/dags/user_processing.py took 0.806 seconds
[2023-10-02T13:12:59.381+0000] {processor.py:157} INFO - Started process (PID=12132) to work on /opt/airflow/dags/user_processing.py
[2023-10-02T13:12:59.389+0000] {processor.py:826} INFO - Processing file /opt/airflow/dags/user_processing.py for tasks to queue
[2023-10-02T13:12:59.389+0000] {logging_mixin.py:150} INFO - [2023-10-02T13:12:59.389+0000] {dagbag.py:541} INFO - Filling up the DagBag from /opt/airflow/dags/user_processing.py
[2023-10-02T13:12:59.990+0000] {processor.py:836} INFO - DAG(s) dict_keys(['user_processing']) retrieved from /opt/airflow/dags/user_processing.py
[2023-10-02T13:13:00.035+0000] {logging_mixin.py:150} INFO - [2023-10-02T13:13:00.034+0000] {dag.py:2742} INFO - Sync 1 DAGs
[2023-10-02T13:13:00.075+0000] {logging_mixin.py:150} INFO - [2023-10-02T13:13:00.074+0000] {dag.py:3504} INFO - Setting next_dagrun for user_processing to 2023-10-02T00:00:00+00:00, run_after=2023-10-03T00:00:00+00:00
[2023-10-02T13:13:00.119+0000] {processor.py:179} INFO - Processing /opt/airflow/dags/user_processing.py took 0.744 seconds
[2023-10-02T13:13:30.161+0000] {processor.py:157} INFO - Started process (PID=12159) to work on /opt/airflow/dags/user_processing.py
[2023-10-02T13:13:30.161+0000] {processor.py:826} INFO - Processing file /opt/airflow/dags/user_processing.py for tasks to queue
[2023-10-02T13:13:30.162+0000] {logging_mixin.py:150} INFO - [2023-10-02T13:13:30.162+0000] {dagbag.py:541} INFO - Filling up the DagBag from /opt/airflow/dags/user_processing.py
[2023-10-02T13:13:30.800+0000] {processor.py:836} INFO - DAG(s) dict_keys(['user_processing']) retrieved from /opt/airflow/dags/user_processing.py
[2023-10-02T13:13:30.843+0000] {logging_mixin.py:150} INFO - [2023-10-02T13:13:30.843+0000] {dag.py:2742} INFO - Sync 1 DAGs
[2023-10-02T13:13:30.883+0000] {logging_mixin.py:150} INFO - [2023-10-02T13:13:30.882+0000] {dag.py:3504} INFO - Setting next_dagrun for user_processing to 2023-10-02T00:00:00+00:00, run_after=2023-10-03T00:00:00+00:00
[2023-10-02T13:13:30.930+0000] {processor.py:179} INFO - Processing /opt/airflow/dags/user_processing.py took 0.775 seconds
[2023-10-02T13:14:00.964+0000] {processor.py:157} INFO - Started process (PID=12186) to work on /opt/airflow/dags/user_processing.py
[2023-10-02T13:14:00.969+0000] {processor.py:826} INFO - Processing file /opt/airflow/dags/user_processing.py for tasks to queue
[2023-10-02T13:14:00.970+0000] {logging_mixin.py:150} INFO - [2023-10-02T13:14:00.970+0000] {dagbag.py:541} INFO - Filling up the DagBag from /opt/airflow/dags/user_processing.py
[2023-10-02T13:14:01.634+0000] {processor.py:836} INFO - DAG(s) dict_keys(['user_processing']) retrieved from /opt/airflow/dags/user_processing.py
[2023-10-02T13:14:01.675+0000] {logging_mixin.py:150} INFO - [2023-10-02T13:14:01.674+0000] {dag.py:2742} INFO - Sync 1 DAGs
[2023-10-02T13:14:01.714+0000] {logging_mixin.py:150} INFO - [2023-10-02T13:14:01.713+0000] {dag.py:3504} INFO - Setting next_dagrun for user_processing to 2023-10-02T00:00:00+00:00, run_after=2023-10-03T00:00:00+00:00
[2023-10-02T13:14:01.750+0000] {processor.py:179} INFO - Processing /opt/airflow/dags/user_processing.py took 0.789 seconds
[2023-10-02T13:14:32.682+0000] {processor.py:157} INFO - Started process (PID=12213) to work on /opt/airflow/dags/user_processing.py
[2023-10-02T13:14:32.689+0000] {processor.py:826} INFO - Processing file /opt/airflow/dags/user_processing.py for tasks to queue
[2023-10-02T13:14:32.690+0000] {logging_mixin.py:150} INFO - [2023-10-02T13:14:32.690+0000] {dagbag.py:541} INFO - Filling up the DagBag from /opt/airflow/dags/user_processing.py
[2023-10-02T13:14:33.399+0000] {processor.py:836} INFO - DAG(s) dict_keys(['user_processing']) retrieved from /opt/airflow/dags/user_processing.py
[2023-10-02T13:14:33.450+0000] {logging_mixin.py:150} INFO - [2023-10-02T13:14:33.450+0000] {dag.py:2742} INFO - Sync 1 DAGs
[2023-10-02T13:14:33.491+0000] {logging_mixin.py:150} INFO - [2023-10-02T13:14:33.491+0000] {dag.py:3504} INFO - Setting next_dagrun for user_processing to 2023-10-02T00:00:00+00:00, run_after=2023-10-03T00:00:00+00:00
[2023-10-02T13:14:33.531+0000] {processor.py:179} INFO - Processing /opt/airflow/dags/user_processing.py took 0.856 seconds
[2023-10-02T13:15:03.601+0000] {processor.py:157} INFO - Started process (PID=12240) to work on /opt/airflow/dags/user_processing.py
[2023-10-02T13:15:03.604+0000] {processor.py:826} INFO - Processing file /opt/airflow/dags/user_processing.py for tasks to queue
[2023-10-02T13:15:03.609+0000] {logging_mixin.py:150} INFO - [2023-10-02T13:15:03.605+0000] {dagbag.py:541} INFO - Filling up the DagBag from /opt/airflow/dags/user_processing.py
[2023-10-02T13:15:04.262+0000] {processor.py:836} INFO - DAG(s) dict_keys(['user_processing']) retrieved from /opt/airflow/dags/user_processing.py
[2023-10-02T13:15:04.314+0000] {logging_mixin.py:150} INFO - [2023-10-02T13:15:04.313+0000] {dag.py:2742} INFO - Sync 1 DAGs
[2023-10-02T13:15:04.361+0000] {logging_mixin.py:150} INFO - [2023-10-02T13:15:04.360+0000] {dag.py:3504} INFO - Setting next_dagrun for user_processing to 2023-10-02T00:00:00+00:00, run_after=2023-10-03T00:00:00+00:00
[2023-10-02T13:15:04.401+0000] {processor.py:179} INFO - Processing /opt/airflow/dags/user_processing.py took 0.806 seconds
[2023-10-02T13:15:35.270+0000] {processor.py:157} INFO - Started process (PID=12267) to work on /opt/airflow/dags/user_processing.py
[2023-10-02T13:15:35.273+0000] {processor.py:826} INFO - Processing file /opt/airflow/dags/user_processing.py for tasks to queue
[2023-10-02T13:15:35.274+0000] {logging_mixin.py:150} INFO - [2023-10-02T13:15:35.274+0000] {dagbag.py:541} INFO - Filling up the DagBag from /opt/airflow/dags/user_processing.py
[2023-10-02T13:15:35.979+0000] {processor.py:836} INFO - DAG(s) dict_keys(['user_processing']) retrieved from /opt/airflow/dags/user_processing.py
[2023-10-02T13:15:36.022+0000] {logging_mixin.py:150} INFO - [2023-10-02T13:15:36.021+0000] {dag.py:2742} INFO - Sync 1 DAGs
[2023-10-02T13:15:36.070+0000] {logging_mixin.py:150} INFO - [2023-10-02T13:15:36.070+0000] {dag.py:3504} INFO - Setting next_dagrun for user_processing to 2023-10-02T00:00:00+00:00, run_after=2023-10-03T00:00:00+00:00
[2023-10-02T13:15:36.103+0000] {processor.py:179} INFO - Processing /opt/airflow/dags/user_processing.py took 0.842 seconds
[2023-10-02T13:16:06.144+0000] {processor.py:157} INFO - Started process (PID=12295) to work on /opt/airflow/dags/user_processing.py
[2023-10-02T13:16:06.152+0000] {processor.py:826} INFO - Processing file /opt/airflow/dags/user_processing.py for tasks to queue
[2023-10-02T13:16:06.152+0000] {logging_mixin.py:150} INFO - [2023-10-02T13:16:06.152+0000] {dagbag.py:541} INFO - Filling up the DagBag from /opt/airflow/dags/user_processing.py
[2023-10-02T13:16:06.879+0000] {processor.py:836} INFO - DAG(s) dict_keys(['user_processing']) retrieved from /opt/airflow/dags/user_processing.py
[2023-10-02T13:16:06.931+0000] {logging_mixin.py:150} INFO - [2023-10-02T13:16:06.931+0000] {dag.py:2742} INFO - Sync 1 DAGs
[2023-10-02T13:16:06.969+0000] {logging_mixin.py:150} INFO - [2023-10-02T13:16:06.969+0000] {dag.py:3504} INFO - Setting next_dagrun for user_processing to 2023-10-02T00:00:00+00:00, run_after=2023-10-03T00:00:00+00:00
[2023-10-02T13:16:07.008+0000] {processor.py:179} INFO - Processing /opt/airflow/dags/user_processing.py took 0.869 seconds
[2023-10-02T13:16:37.069+0000] {processor.py:157} INFO - Started process (PID=12322) to work on /opt/airflow/dags/user_processing.py
[2023-10-02T13:16:37.070+0000] {processor.py:826} INFO - Processing file /opt/airflow/dags/user_processing.py for tasks to queue
[2023-10-02T13:16:37.071+0000] {logging_mixin.py:150} INFO - [2023-10-02T13:16:37.071+0000] {dagbag.py:541} INFO - Filling up the DagBag from /opt/airflow/dags/user_processing.py
[2023-10-02T13:16:37.764+0000] {processor.py:836} INFO - DAG(s) dict_keys(['user_processing']) retrieved from /opt/airflow/dags/user_processing.py
[2023-10-02T13:16:37.802+0000] {logging_mixin.py:150} INFO - [2023-10-02T13:16:37.802+0000] {dag.py:2742} INFO - Sync 1 DAGs
[2023-10-02T13:16:37.841+0000] {logging_mixin.py:150} INFO - [2023-10-02T13:16:37.841+0000] {dag.py:3504} INFO - Setting next_dagrun for user_processing to 2023-10-02T00:00:00+00:00, run_after=2023-10-03T00:00:00+00:00
[2023-10-02T13:16:37.873+0000] {processor.py:179} INFO - Processing /opt/airflow/dags/user_processing.py took 0.813 seconds
[2023-10-02T13:17:08.578+0000] {processor.py:157} INFO - Started process (PID=12353) to work on /opt/airflow/dags/user_processing.py
[2023-10-02T13:17:08.602+0000] {processor.py:826} INFO - Processing file /opt/airflow/dags/user_processing.py for tasks to queue
[2023-10-02T13:17:08.610+0000] {logging_mixin.py:150} INFO - [2023-10-02T13:17:08.609+0000] {dagbag.py:541} INFO - Filling up the DagBag from /opt/airflow/dags/user_processing.py
[2023-10-02T13:17:09.343+0000] {processor.py:836} INFO - DAG(s) dict_keys(['user_processing']) retrieved from /opt/airflow/dags/user_processing.py
[2023-10-02T13:17:09.381+0000] {logging_mixin.py:150} INFO - [2023-10-02T13:17:09.381+0000] {dag.py:2742} INFO - Sync 1 DAGs
[2023-10-02T13:17:09.424+0000] {logging_mixin.py:150} INFO - [2023-10-02T13:17:09.424+0000] {dag.py:3504} INFO - Setting next_dagrun for user_processing to 2023-10-02T00:00:00+00:00, run_after=2023-10-03T00:00:00+00:00
[2023-10-02T13:17:09.463+0000] {processor.py:179} INFO - Processing /opt/airflow/dags/user_processing.py took 0.894 seconds
[2023-10-02T13:17:39.721+0000] {processor.py:157} INFO - Started process (PID=12380) to work on /opt/airflow/dags/user_processing.py
[2023-10-02T13:17:39.722+0000] {processor.py:826} INFO - Processing file /opt/airflow/dags/user_processing.py for tasks to queue
[2023-10-02T13:17:39.723+0000] {logging_mixin.py:150} INFO - [2023-10-02T13:17:39.723+0000] {dagbag.py:541} INFO - Filling up the DagBag from /opt/airflow/dags/user_processing.py
[2023-10-02T13:17:40.411+0000] {processor.py:836} INFO - DAG(s) dict_keys(['user_processing']) retrieved from /opt/airflow/dags/user_processing.py
[2023-10-02T13:17:40.454+0000] {logging_mixin.py:150} INFO - [2023-10-02T13:17:40.454+0000] {dag.py:2742} INFO - Sync 1 DAGs
[2023-10-02T13:17:40.499+0000] {logging_mixin.py:150} INFO - [2023-10-02T13:17:40.499+0000] {dag.py:3504} INFO - Setting next_dagrun for user_processing to 2023-10-02T00:00:00+00:00, run_after=2023-10-03T00:00:00+00:00
[2023-10-02T13:17:40.539+0000] {processor.py:179} INFO - Processing /opt/airflow/dags/user_processing.py took 0.826 seconds
[2023-10-02T13:18:10.829+0000] {processor.py:157} INFO - Started process (PID=12407) to work on /opt/airflow/dags/user_processing.py
[2023-10-02T13:18:10.830+0000] {processor.py:826} INFO - Processing file /opt/airflow/dags/user_processing.py for tasks to queue
[2023-10-02T13:18:10.831+0000] {logging_mixin.py:150} INFO - [2023-10-02T13:18:10.831+0000] {dagbag.py:541} INFO - Filling up the DagBag from /opt/airflow/dags/user_processing.py
[2023-10-02T13:18:11.453+0000] {processor.py:836} INFO - DAG(s) dict_keys(['user_processing']) retrieved from /opt/airflow/dags/user_processing.py
[2023-10-02T13:18:11.502+0000] {logging_mixin.py:150} INFO - [2023-10-02T13:18:11.501+0000] {dag.py:2742} INFO - Sync 1 DAGs
[2023-10-02T13:18:11.544+0000] {logging_mixin.py:150} INFO - [2023-10-02T13:18:11.544+0000] {dag.py:3504} INFO - Setting next_dagrun for user_processing to 2023-10-02T00:00:00+00:00, run_after=2023-10-03T00:00:00+00:00
[2023-10-02T13:18:11.581+0000] {processor.py:179} INFO - Processing /opt/airflow/dags/user_processing.py took 0.759 seconds
[2023-10-02T13:18:41.724+0000] {processor.py:157} INFO - Started process (PID=12434) to work on /opt/airflow/dags/user_processing.py
[2023-10-02T13:18:41.729+0000] {processor.py:826} INFO - Processing file /opt/airflow/dags/user_processing.py for tasks to queue
[2023-10-02T13:18:41.730+0000] {logging_mixin.py:150} INFO - [2023-10-02T13:18:41.729+0000] {dagbag.py:541} INFO - Filling up the DagBag from /opt/airflow/dags/user_processing.py
[2023-10-02T13:18:42.584+0000] {processor.py:836} INFO - DAG(s) dict_keys(['user_processing']) retrieved from /opt/airflow/dags/user_processing.py
[2023-10-02T13:18:42.693+0000] {logging_mixin.py:150} INFO - [2023-10-02T13:18:42.690+0000] {dag.py:2742} INFO - Sync 1 DAGs
[2023-10-02T13:18:42.779+0000] {logging_mixin.py:150} INFO - [2023-10-02T13:18:42.779+0000] {dag.py:3504} INFO - Setting next_dagrun for user_processing to 2023-10-02T00:00:00+00:00, run_after=2023-10-03T00:00:00+00:00
[2023-10-02T13:18:42.822+0000] {processor.py:179} INFO - Processing /opt/airflow/dags/user_processing.py took 1.102 seconds
[2023-10-02T13:19:13.130+0000] {processor.py:157} INFO - Started process (PID=12460) to work on /opt/airflow/dags/user_processing.py
[2023-10-02T13:19:13.134+0000] {processor.py:826} INFO - Processing file /opt/airflow/dags/user_processing.py for tasks to queue
[2023-10-02T13:19:13.139+0000] {logging_mixin.py:150} INFO - [2023-10-02T13:19:13.139+0000] {dagbag.py:541} INFO - Filling up the DagBag from /opt/airflow/dags/user_processing.py
[2023-10-02T13:19:14.260+0000] {processor.py:836} INFO - DAG(s) dict_keys(['user_processing']) retrieved from /opt/airflow/dags/user_processing.py
[2023-10-02T13:19:14.302+0000] {logging_mixin.py:150} INFO - [2023-10-02T13:19:14.301+0000] {dag.py:2742} INFO - Sync 1 DAGs
[2023-10-02T13:19:14.382+0000] {logging_mixin.py:150} INFO - [2023-10-02T13:19:14.382+0000] {dag.py:3504} INFO - Setting next_dagrun for user_processing to 2023-10-02T00:00:00+00:00, run_after=2023-10-03T00:00:00+00:00
[2023-10-02T13:19:14.513+0000] {processor.py:179} INFO - Processing /opt/airflow/dags/user_processing.py took 1.391 seconds
[2023-10-02T13:19:44.752+0000] {processor.py:157} INFO - Started process (PID=12488) to work on /opt/airflow/dags/user_processing.py
[2023-10-02T13:19:44.753+0000] {processor.py:826} INFO - Processing file /opt/airflow/dags/user_processing.py for tasks to queue
[2023-10-02T13:19:44.759+0000] {logging_mixin.py:150} INFO - [2023-10-02T13:19:44.754+0000] {dagbag.py:541} INFO - Filling up the DagBag from /opt/airflow/dags/user_processing.py
[2023-10-02T13:19:45.720+0000] {processor.py:836} INFO - DAG(s) dict_keys(['user_processing']) retrieved from /opt/airflow/dags/user_processing.py
[2023-10-02T13:19:45.782+0000] {logging_mixin.py:150} INFO - [2023-10-02T13:19:45.781+0000] {dag.py:2742} INFO - Sync 1 DAGs
[2023-10-02T13:19:45.902+0000] {logging_mixin.py:150} INFO - [2023-10-02T13:19:45.901+0000] {dag.py:3504} INFO - Setting next_dagrun for user_processing to 2023-10-02T00:00:00+00:00, run_after=2023-10-03T00:00:00+00:00
[2023-10-02T13:19:46.020+0000] {processor.py:179} INFO - Processing /opt/airflow/dags/user_processing.py took 1.271 seconds
[2023-10-02T13:20:17.059+0000] {processor.py:157} INFO - Started process (PID=12518) to work on /opt/airflow/dags/user_processing.py
[2023-10-02T13:20:17.061+0000] {processor.py:826} INFO - Processing file /opt/airflow/dags/user_processing.py for tasks to queue
[2023-10-02T13:20:17.062+0000] {logging_mixin.py:150} INFO - [2023-10-02T13:20:17.062+0000] {dagbag.py:541} INFO - Filling up the DagBag from /opt/airflow/dags/user_processing.py
[2023-10-02T13:20:18.580+0000] {processor.py:836} INFO - DAG(s) dict_keys(['user_processing']) retrieved from /opt/airflow/dags/user_processing.py
[2023-10-02T13:20:18.659+0000] {logging_mixin.py:150} INFO - [2023-10-02T13:20:18.653+0000] {dag.py:2742} INFO - Sync 1 DAGs
[2023-10-02T13:20:18.764+0000] {logging_mixin.py:150} INFO - [2023-10-02T13:20:18.763+0000] {dag.py:3504} INFO - Setting next_dagrun for user_processing to 2023-10-02T00:00:00+00:00, run_after=2023-10-03T00:00:00+00:00
[2023-10-02T13:20:18.843+0000] {processor.py:179} INFO - Processing /opt/airflow/dags/user_processing.py took 1.794 seconds
[2023-10-02T13:20:49.492+0000] {processor.py:157} INFO - Started process (PID=12546) to work on /opt/airflow/dags/user_processing.py
[2023-10-02T13:20:49.503+0000] {processor.py:826} INFO - Processing file /opt/airflow/dags/user_processing.py for tasks to queue
[2023-10-02T13:20:49.510+0000] {logging_mixin.py:150} INFO - [2023-10-02T13:20:49.509+0000] {dagbag.py:541} INFO - Filling up the DagBag from /opt/airflow/dags/user_processing.py
[2023-10-02T13:20:51.519+0000] {processor.py:836} INFO - DAG(s) dict_keys(['user_processing']) retrieved from /opt/airflow/dags/user_processing.py
[2023-10-02T13:20:51.640+0000] {logging_mixin.py:150} INFO - [2023-10-02T13:20:51.640+0000] {dag.py:2742} INFO - Sync 1 DAGs
[2023-10-02T13:20:51.749+0000] {logging_mixin.py:150} INFO - [2023-10-02T13:20:51.749+0000] {dag.py:3504} INFO - Setting next_dagrun for user_processing to 2023-10-02T00:00:00+00:00, run_after=2023-10-03T00:00:00+00:00
[2023-10-02T13:20:51.883+0000] {processor.py:179} INFO - Processing /opt/airflow/dags/user_processing.py took 2.422 seconds
[2023-10-02T13:21:22.489+0000] {processor.py:157} INFO - Started process (PID=12575) to work on /opt/airflow/dags/user_processing.py
[2023-10-02T13:21:22.490+0000] {processor.py:826} INFO - Processing file /opt/airflow/dags/user_processing.py for tasks to queue
[2023-10-02T13:21:22.491+0000] {logging_mixin.py:150} INFO - [2023-10-02T13:21:22.491+0000] {dagbag.py:541} INFO - Filling up the DagBag from /opt/airflow/dags/user_processing.py
[2023-10-02T13:21:24.062+0000] {processor.py:836} INFO - DAG(s) dict_keys(['user_processing']) retrieved from /opt/airflow/dags/user_processing.py
[2023-10-02T13:21:24.199+0000] {logging_mixin.py:150} INFO - [2023-10-02T13:21:24.193+0000] {dag.py:2742} INFO - Sync 1 DAGs
[2023-10-02T13:21:24.299+0000] {logging_mixin.py:150} INFO - [2023-10-02T13:21:24.298+0000] {dag.py:3504} INFO - Setting next_dagrun for user_processing to 2023-10-02T00:00:00+00:00, run_after=2023-10-03T00:00:00+00:00
[2023-10-02T13:21:24.412+0000] {processor.py:179} INFO - Processing /opt/airflow/dags/user_processing.py took 1.941 seconds
[2023-10-02T13:21:54.839+0000] {processor.py:157} INFO - Started process (PID=12605) to work on /opt/airflow/dags/user_processing.py
[2023-10-02T13:21:54.840+0000] {processor.py:826} INFO - Processing file /opt/airflow/dags/user_processing.py for tasks to queue
[2023-10-02T13:21:54.841+0000] {logging_mixin.py:150} INFO - [2023-10-02T13:21:54.841+0000] {dagbag.py:541} INFO - Filling up the DagBag from /opt/airflow/dags/user_processing.py
[2023-10-02T13:21:56.303+0000] {processor.py:836} INFO - DAG(s) dict_keys(['user_processing']) retrieved from /opt/airflow/dags/user_processing.py
[2023-10-02T13:21:56.418+0000] {logging_mixin.py:150} INFO - [2023-10-02T13:21:56.411+0000] {dag.py:2742} INFO - Sync 1 DAGs
[2023-10-02T13:21:56.500+0000] {logging_mixin.py:150} INFO - [2023-10-02T13:21:56.499+0000] {dag.py:3504} INFO - Setting next_dagrun for user_processing to 2023-10-02T00:00:00+00:00, run_after=2023-10-03T00:00:00+00:00
[2023-10-02T13:21:56.560+0000] {processor.py:179} INFO - Processing /opt/airflow/dags/user_processing.py took 1.730 seconds
[2023-10-02T13:22:26.893+0000] {processor.py:157} INFO - Started process (PID=12633) to work on /opt/airflow/dags/user_processing.py
[2023-10-02T13:22:26.918+0000] {processor.py:826} INFO - Processing file /opt/airflow/dags/user_processing.py for tasks to queue
[2023-10-02T13:22:26.921+0000] {logging_mixin.py:150} INFO - [2023-10-02T13:22:26.920+0000] {dagbag.py:541} INFO - Filling up the DagBag from /opt/airflow/dags/user_processing.py
[2023-10-02T13:22:30.229+0000] {processor.py:836} INFO - DAG(s) dict_keys(['user_processing']) retrieved from /opt/airflow/dags/user_processing.py
[2023-10-02T13:22:30.393+0000] {logging_mixin.py:150} INFO - [2023-10-02T13:22:30.392+0000] {dag.py:2742} INFO - Sync 1 DAGs
[2023-10-02T13:22:30.709+0000] {logging_mixin.py:150} INFO - [2023-10-02T13:22:30.703+0000] {dag.py:3504} INFO - Setting next_dagrun for user_processing to 2023-10-02T00:00:00+00:00, run_after=2023-10-03T00:00:00+00:00
[2023-10-02T13:22:30.972+0000] {processor.py:179} INFO - Processing /opt/airflow/dags/user_processing.py took 4.129 seconds
[2023-10-02T13:23:01.762+0000] {processor.py:157} INFO - Started process (PID=12667) to work on /opt/airflow/dags/user_processing.py
[2023-10-02T13:23:01.769+0000] {processor.py:826} INFO - Processing file /opt/airflow/dags/user_processing.py for tasks to queue
[2023-10-02T13:23:01.770+0000] {logging_mixin.py:150} INFO - [2023-10-02T13:23:01.770+0000] {dagbag.py:541} INFO - Filling up the DagBag from /opt/airflow/dags/user_processing.py
[2023-10-02T13:23:04.108+0000] {processor.py:836} INFO - DAG(s) dict_keys(['user_processing']) retrieved from /opt/airflow/dags/user_processing.py
[2023-10-02T13:23:04.232+0000] {logging_mixin.py:150} INFO - [2023-10-02T13:23:04.231+0000] {dag.py:2742} INFO - Sync 1 DAGs
[2023-10-02T13:23:04.361+0000] {logging_mixin.py:150} INFO - [2023-10-02T13:23:04.361+0000] {dag.py:3504} INFO - Setting next_dagrun for user_processing to 2023-10-02T00:00:00+00:00, run_after=2023-10-03T00:00:00+00:00
[2023-10-02T13:23:04.443+0000] {processor.py:179} INFO - Processing /opt/airflow/dags/user_processing.py took 2.711 seconds
[2023-10-02T13:23:34.728+0000] {processor.py:157} INFO - Started process (PID=12694) to work on /opt/airflow/dags/user_processing.py
[2023-10-02T13:23:34.729+0000] {processor.py:826} INFO - Processing file /opt/airflow/dags/user_processing.py for tasks to queue
[2023-10-02T13:23:34.730+0000] {logging_mixin.py:150} INFO - [2023-10-02T13:23:34.730+0000] {dagbag.py:541} INFO - Filling up the DagBag from /opt/airflow/dags/user_processing.py
[2023-10-02T13:23:36.642+0000] {processor.py:836} INFO - DAG(s) dict_keys(['user_processing']) retrieved from /opt/airflow/dags/user_processing.py
[2023-10-02T13:23:36.782+0000] {logging_mixin.py:150} INFO - [2023-10-02T13:23:36.782+0000] {dag.py:2742} INFO - Sync 1 DAGs
[2023-10-02T13:23:36.911+0000] {logging_mixin.py:150} INFO - [2023-10-02T13:23:36.911+0000] {dag.py:3504} INFO - Setting next_dagrun for user_processing to 2023-10-02T00:00:00+00:00, run_after=2023-10-03T00:00:00+00:00
[2023-10-02T13:23:37.032+0000] {processor.py:179} INFO - Processing /opt/airflow/dags/user_processing.py took 2.322 seconds
[2023-10-02T13:24:07.479+0000] {processor.py:157} INFO - Started process (PID=12721) to work on /opt/airflow/dags/user_processing.py
[2023-10-02T13:24:07.480+0000] {processor.py:826} INFO - Processing file /opt/airflow/dags/user_processing.py for tasks to queue
[2023-10-02T13:24:07.481+0000] {logging_mixin.py:150} INFO - [2023-10-02T13:24:07.480+0000] {dagbag.py:541} INFO - Filling up the DagBag from /opt/airflow/dags/user_processing.py
[2023-10-02T13:24:09.261+0000] {processor.py:836} INFO - DAG(s) dict_keys(['user_processing']) retrieved from /opt/airflow/dags/user_processing.py
[2023-10-02T13:24:09.370+0000] {logging_mixin.py:150} INFO - [2023-10-02T13:24:09.369+0000] {dag.py:2742} INFO - Sync 1 DAGs
[2023-10-02T13:24:09.492+0000] {logging_mixin.py:150} INFO - [2023-10-02T13:24:09.491+0000] {dag.py:3504} INFO - Setting next_dagrun for user_processing to 2023-10-02T00:00:00+00:00, run_after=2023-10-03T00:00:00+00:00
[2023-10-02T13:24:09.630+0000] {processor.py:179} INFO - Processing /opt/airflow/dags/user_processing.py took 2.169 seconds
[2023-10-02T13:24:40.250+0000] {processor.py:157} INFO - Started process (PID=12748) to work on /opt/airflow/dags/user_processing.py
[2023-10-02T13:24:40.268+0000] {processor.py:826} INFO - Processing file /opt/airflow/dags/user_processing.py for tasks to queue
[2023-10-02T13:24:40.270+0000] {logging_mixin.py:150} INFO - [2023-10-02T13:24:40.270+0000] {dagbag.py:541} INFO - Filling up the DagBag from /opt/airflow/dags/user_processing.py
[2023-10-02T13:24:42.569+0000] {processor.py:836} INFO - DAG(s) dict_keys(['user_processing']) retrieved from /opt/airflow/dags/user_processing.py
[2023-10-02T13:24:42.659+0000] {logging_mixin.py:150} INFO - [2023-10-02T13:24:42.652+0000] {dag.py:2742} INFO - Sync 1 DAGs
[2023-10-02T13:24:42.752+0000] {logging_mixin.py:150} INFO - [2023-10-02T13:24:42.752+0000] {dag.py:3504} INFO - Setting next_dagrun for user_processing to 2023-10-02T00:00:00+00:00, run_after=2023-10-03T00:00:00+00:00
[2023-10-02T13:24:42.861+0000] {processor.py:179} INFO - Processing /opt/airflow/dags/user_processing.py took 2.661 seconds
[2023-10-02T13:25:13.181+0000] {processor.py:157} INFO - Started process (PID=12774) to work on /opt/airflow/dags/user_processing.py
[2023-10-02T13:25:13.189+0000] {processor.py:826} INFO - Processing file /opt/airflow/dags/user_processing.py for tasks to queue
[2023-10-02T13:25:13.191+0000] {logging_mixin.py:150} INFO - [2023-10-02T13:25:13.190+0000] {dagbag.py:541} INFO - Filling up the DagBag from /opt/airflow/dags/user_processing.py
[2023-10-02T13:25:14.278+0000] {processor.py:836} INFO - DAG(s) dict_keys(['user_processing']) retrieved from /opt/airflow/dags/user_processing.py
[2023-10-02T13:25:14.340+0000] {logging_mixin.py:150} INFO - [2023-10-02T13:25:14.339+0000] {dag.py:2742} INFO - Sync 1 DAGs
[2023-10-02T13:25:14.409+0000] {logging_mixin.py:150} INFO - [2023-10-02T13:25:14.408+0000] {dag.py:3504} INFO - Setting next_dagrun for user_processing to 2023-10-02T00:00:00+00:00, run_after=2023-10-03T00:00:00+00:00
[2023-10-02T13:25:14.470+0000] {processor.py:179} INFO - Processing /opt/airflow/dags/user_processing.py took 1.298 seconds
[2023-10-02T13:25:44.591+0000] {processor.py:157} INFO - Started process (PID=12803) to work on /opt/airflow/dags/user_processing.py
[2023-10-02T13:25:44.591+0000] {processor.py:826} INFO - Processing file /opt/airflow/dags/user_processing.py for tasks to queue
[2023-10-02T13:25:44.592+0000] {logging_mixin.py:150} INFO - [2023-10-02T13:25:44.592+0000] {dagbag.py:541} INFO - Filling up the DagBag from /opt/airflow/dags/user_processing.py
[2023-10-02T13:25:45.512+0000] {processor.py:836} INFO - DAG(s) dict_keys(['user_processing']) retrieved from /opt/airflow/dags/user_processing.py
[2023-10-02T13:25:45.579+0000] {logging_mixin.py:150} INFO - [2023-10-02T13:25:45.572+0000] {dag.py:2742} INFO - Sync 1 DAGs
[2023-10-02T13:25:45.651+0000] {logging_mixin.py:150} INFO - [2023-10-02T13:25:45.651+0000] {dag.py:3504} INFO - Setting next_dagrun for user_processing to 2023-10-02T00:00:00+00:00, run_after=2023-10-03T00:00:00+00:00
[2023-10-02T13:25:45.710+0000] {processor.py:179} INFO - Processing /opt/airflow/dags/user_processing.py took 1.129 seconds
[2023-10-02T13:26:15.870+0000] {processor.py:157} INFO - Started process (PID=12831) to work on /opt/airflow/dags/user_processing.py
[2023-10-02T13:26:15.882+0000] {processor.py:826} INFO - Processing file /opt/airflow/dags/user_processing.py for tasks to queue
[2023-10-02T13:26:15.898+0000] {logging_mixin.py:150} INFO - [2023-10-02T13:26:15.890+0000] {dagbag.py:541} INFO - Filling up the DagBag from /opt/airflow/dags/user_processing.py
[2023-10-02T13:26:17.270+0000] {processor.py:836} INFO - DAG(s) dict_keys(['user_processing']) retrieved from /opt/airflow/dags/user_processing.py
[2023-10-02T13:26:17.341+0000] {logging_mixin.py:150} INFO - [2023-10-02T13:26:17.341+0000] {dag.py:2742} INFO - Sync 1 DAGs
[2023-10-02T13:26:17.412+0000] {logging_mixin.py:150} INFO - [2023-10-02T13:26:17.411+0000] {dag.py:3504} INFO - Setting next_dagrun for user_processing to 2023-10-02T00:00:00+00:00, run_after=2023-10-03T00:00:00+00:00
[2023-10-02T13:26:17.481+0000] {processor.py:179} INFO - Processing /opt/airflow/dags/user_processing.py took 1.640 seconds
[2023-10-02T13:26:47.570+0000] {processor.py:157} INFO - Started process (PID=12861) to work on /opt/airflow/dags/user_processing.py
[2023-10-02T13:26:47.570+0000] {processor.py:826} INFO - Processing file /opt/airflow/dags/user_processing.py for tasks to queue
[2023-10-02T13:26:47.571+0000] {logging_mixin.py:150} INFO - [2023-10-02T13:26:47.571+0000] {dagbag.py:541} INFO - Filling up the DagBag from /opt/airflow/dags/user_processing.py
[2023-10-02T13:26:48.902+0000] {processor.py:836} INFO - DAG(s) dict_keys(['user_processing']) retrieved from /opt/airflow/dags/user_processing.py
[2023-10-02T13:26:48.982+0000] {logging_mixin.py:150} INFO - [2023-10-02T13:26:48.981+0000] {dag.py:2742} INFO - Sync 1 DAGs
[2023-10-02T13:26:49.071+0000] {logging_mixin.py:150} INFO - [2023-10-02T13:26:49.071+0000] {dag.py:3504} INFO - Setting next_dagrun for user_processing to 2023-10-02T00:00:00+00:00, run_after=2023-10-03T00:00:00+00:00
[2023-10-02T13:26:49.141+0000] {processor.py:179} INFO - Processing /opt/airflow/dags/user_processing.py took 1.590 seconds
[2023-10-02T13:27:19.261+0000] {processor.py:157} INFO - Started process (PID=12888) to work on /opt/airflow/dags/user_processing.py
[2023-10-02T13:27:19.269+0000] {processor.py:826} INFO - Processing file /opt/airflow/dags/user_processing.py for tasks to queue
[2023-10-02T13:27:19.269+0000] {logging_mixin.py:150} INFO - [2023-10-02T13:27:19.269+0000] {dagbag.py:541} INFO - Filling up the DagBag from /opt/airflow/dags/user_processing.py
[2023-10-02T13:27:20.400+0000] {processor.py:836} INFO - DAG(s) dict_keys(['user_processing']) retrieved from /opt/airflow/dags/user_processing.py
[2023-10-02T13:27:20.471+0000] {logging_mixin.py:150} INFO - [2023-10-02T13:27:20.470+0000] {dag.py:2742} INFO - Sync 1 DAGs
[2023-10-02T13:27:20.541+0000] {logging_mixin.py:150} INFO - [2023-10-02T13:27:20.541+0000] {dag.py:3504} INFO - Setting next_dagrun for user_processing to 2023-10-02T00:00:00+00:00, run_after=2023-10-03T00:00:00+00:00
[2023-10-02T13:27:20.620+0000] {processor.py:179} INFO - Processing /opt/airflow/dags/user_processing.py took 1.369 seconds
[2023-10-02T13:27:50.999+0000] {processor.py:157} INFO - Started process (PID=12915) to work on /opt/airflow/dags/user_processing.py
[2023-10-02T13:27:51.000+0000] {processor.py:826} INFO - Processing file /opt/airflow/dags/user_processing.py for tasks to queue
[2023-10-02T13:27:51.001+0000] {logging_mixin.py:150} INFO - [2023-10-02T13:27:51.001+0000] {dagbag.py:541} INFO - Filling up the DagBag from /opt/airflow/dags/user_processing.py
[2023-10-02T13:27:52.150+0000] {processor.py:836} INFO - DAG(s) dict_keys(['user_processing']) retrieved from /opt/airflow/dags/user_processing.py
[2023-10-02T13:27:52.219+0000] {logging_mixin.py:150} INFO - [2023-10-02T13:27:52.212+0000] {dag.py:2742} INFO - Sync 1 DAGs
[2023-10-02T13:27:52.290+0000] {logging_mixin.py:150} INFO - [2023-10-02T13:27:52.290+0000] {dag.py:3504} INFO - Setting next_dagrun for user_processing to 2023-10-02T00:00:00+00:00, run_after=2023-10-03T00:00:00+00:00
[2023-10-02T13:27:52.342+0000] {processor.py:179} INFO - Processing /opt/airflow/dags/user_processing.py took 1.353 seconds
[2023-10-02T13:28:22.491+0000] {processor.py:157} INFO - Started process (PID=12942) to work on /opt/airflow/dags/user_processing.py
[2023-10-02T13:28:22.509+0000] {processor.py:826} INFO - Processing file /opt/airflow/dags/user_processing.py for tasks to queue
[2023-10-02T13:28:22.510+0000] {logging_mixin.py:150} INFO - [2023-10-02T13:28:22.510+0000] {dagbag.py:541} INFO - Filling up the DagBag from /opt/airflow/dags/user_processing.py
[2023-10-02T13:28:27.180+0000] {processor.py:836} INFO - DAG(s) dict_keys(['user_processing']) retrieved from /opt/airflow/dags/user_processing.py
[2023-10-02T13:28:27.430+0000] {logging_mixin.py:150} INFO - [2023-10-02T13:28:27.428+0000] {dag.py:2742} INFO - Sync 1 DAGs
[2023-10-02T13:28:27.782+0000] {logging_mixin.py:150} INFO - [2023-10-02T13:28:27.781+0000] {dag.py:3504} INFO - Setting next_dagrun for user_processing to 2023-10-02T00:00:00+00:00, run_after=2023-10-03T00:00:00+00:00
[2023-10-02T13:28:28.889+0000] {processor.py:179} INFO - Processing /opt/airflow/dags/user_processing.py took 6.411 seconds
[2023-10-02T13:28:59.780+0000] {processor.py:157} INFO - Started process (PID=12971) to work on /opt/airflow/dags/user_processing.py
[2023-10-02T13:28:59.790+0000] {processor.py:826} INFO - Processing file /opt/airflow/dags/user_processing.py for tasks to queue
[2023-10-02T13:28:59.799+0000] {logging_mixin.py:150} INFO - [2023-10-02T13:28:59.792+0000] {dagbag.py:541} INFO - Filling up the DagBag from /opt/airflow/dags/user_processing.py
[2023-10-02T13:29:04.281+0000] {processor.py:836} INFO - DAG(s) dict_keys(['user_processing']) retrieved from /opt/airflow/dags/user_processing.py
[2023-10-02T13:29:04.650+0000] {logging_mixin.py:150} INFO - [2023-10-02T13:29:04.640+0000] {dag.py:2742} INFO - Sync 1 DAGs
[2023-10-02T13:29:05.012+0000] {logging_mixin.py:150} INFO - [2023-10-02T13:29:05.011+0000] {dag.py:3504} INFO - Setting next_dagrun for user_processing to 2023-10-02T00:00:00+00:00, run_after=2023-10-03T00:00:00+00:00
[2023-10-02T13:29:05.231+0000] {processor.py:179} INFO - Processing /opt/airflow/dags/user_processing.py took 5.490 seconds
[2023-10-02T13:29:36.750+0000] {processor.py:157} INFO - Started process (PID=12999) to work on /opt/airflow/dags/user_processing.py
[2023-10-02T13:29:36.862+0000] {processor.py:826} INFO - Processing file /opt/airflow/dags/user_processing.py for tasks to queue
[2023-10-02T13:29:37.029+0000] {logging_mixin.py:150} INFO - [2023-10-02T13:29:36.911+0000] {dagbag.py:541} INFO - Filling up the DagBag from /opt/airflow/dags/user_processing.py
[2023-10-02T13:29:46.569+0000] {processor.py:836} INFO - DAG(s) dict_keys(['user_processing']) retrieved from /opt/airflow/dags/user_processing.py
[2023-10-02T13:29:47.329+0000] {logging_mixin.py:150} INFO - [2023-10-02T13:29:47.270+0000] {dag.py:2742} INFO - Sync 1 DAGs
[2023-10-02T13:29:48.170+0000] {logging_mixin.py:150} INFO - [2023-10-02T13:29:48.170+0000] {dag.py:3504} INFO - Setting next_dagrun for user_processing to 2023-10-02T00:00:00+00:00, run_after=2023-10-03T00:00:00+00:00
[2023-10-02T13:29:48.719+0000] {processor.py:179} INFO - Processing /opt/airflow/dags/user_processing.py took 12.229 seconds
[2023-10-02T13:30:19.469+0000] {processor.py:157} INFO - Started process (PID=13036) to work on /opt/airflow/dags/user_processing.py
[2023-10-02T13:30:19.481+0000] {processor.py:826} INFO - Processing file /opt/airflow/dags/user_processing.py for tasks to queue
[2023-10-02T13:30:19.501+0000] {logging_mixin.py:150} INFO - [2023-10-02T13:30:19.500+0000] {dagbag.py:541} INFO - Filling up the DagBag from /opt/airflow/dags/user_processing.py
[2023-10-02T13:30:28.679+0000] {processor.py:836} INFO - DAG(s) dict_keys(['user_processing']) retrieved from /opt/airflow/dags/user_processing.py
[2023-10-02T13:30:29.479+0000] {logging_mixin.py:150} INFO - [2023-10-02T13:30:29.470+0000] {dag.py:2742} INFO - Sync 1 DAGs
[2023-10-02T13:30:30.501+0000] {logging_mixin.py:150} INFO - [2023-10-02T13:30:30.500+0000] {dag.py:3504} INFO - Setting next_dagrun for user_processing to 2023-10-02T00:00:00+00:00, run_after=2023-10-03T00:00:00+00:00
[2023-10-02T13:30:30.930+0000] {processor.py:179} INFO - Processing /opt/airflow/dags/user_processing.py took 11.559 seconds
[2023-10-02T13:31:01.429+0000] {processor.py:157} INFO - Started process (PID=13069) to work on /opt/airflow/dags/user_processing.py
[2023-10-02T13:31:01.451+0000] {processor.py:826} INFO - Processing file /opt/airflow/dags/user_processing.py for tasks to queue
[2023-10-02T13:31:01.471+0000] {logging_mixin.py:150} INFO - [2023-10-02T13:31:01.470+0000] {dagbag.py:541} INFO - Filling up the DagBag from /opt/airflow/dags/user_processing.py
[2023-10-02T13:31:07.579+0000] {processor.py:836} INFO - DAG(s) dict_keys(['user_processing']) retrieved from /opt/airflow/dags/user_processing.py
[2023-10-02T13:31:07.919+0000] {logging_mixin.py:150} INFO - [2023-10-02T13:31:07.901+0000] {dag.py:2742} INFO - Sync 1 DAGs
[2023-10-02T13:31:08.331+0000] {logging_mixin.py:150} INFO - [2023-10-02T13:31:08.330+0000] {dag.py:3504} INFO - Setting next_dagrun for user_processing to 2023-10-02T00:00:00+00:00, run_after=2023-10-03T00:00:00+00:00
[2023-10-02T13:31:08.669+0000] {processor.py:179} INFO - Processing /opt/airflow/dags/user_processing.py took 7.319 seconds
[2023-10-02T13:31:39.641+0000] {processor.py:157} INFO - Started process (PID=13096) to work on /opt/airflow/dags/user_processing.py
[2023-10-02T13:31:39.650+0000] {processor.py:826} INFO - Processing file /opt/airflow/dags/user_processing.py for tasks to queue
[2023-10-02T13:31:39.660+0000] {logging_mixin.py:150} INFO - [2023-10-02T13:31:39.651+0000] {dagbag.py:541} INFO - Filling up the DagBag from /opt/airflow/dags/user_processing.py
[2023-10-02T13:31:43.431+0000] {processor.py:836} INFO - DAG(s) dict_keys(['user_processing']) retrieved from /opt/airflow/dags/user_processing.py
[2023-10-02T13:31:43.748+0000] {logging_mixin.py:150} INFO - [2023-10-02T13:31:43.740+0000] {dag.py:2742} INFO - Sync 1 DAGs
[2023-10-02T13:31:44.051+0000] {logging_mixin.py:150} INFO - [2023-10-02T13:31:44.050+0000] {dag.py:3504} INFO - Setting next_dagrun for user_processing to 2023-10-02T00:00:00+00:00, run_after=2023-10-03T00:00:00+00:00
[2023-10-02T13:31:44.299+0000] {processor.py:179} INFO - Processing /opt/airflow/dags/user_processing.py took 4.679 seconds
[2023-10-02T13:32:14.779+0000] {processor.py:157} INFO - Started process (PID=13123) to work on /opt/airflow/dags/user_processing.py
[2023-10-02T13:32:14.819+0000] {processor.py:826} INFO - Processing file /opt/airflow/dags/user_processing.py for tasks to queue
[2023-10-02T13:32:14.820+0000] {logging_mixin.py:150} INFO - [2023-10-02T13:32:14.820+0000] {dagbag.py:541} INFO - Filling up the DagBag from /opt/airflow/dags/user_processing.py
[2023-10-02T13:32:19.341+0000] {processor.py:836} INFO - DAG(s) dict_keys(['user_processing']) retrieved from /opt/airflow/dags/user_processing.py
[2023-10-02T13:32:19.608+0000] {logging_mixin.py:150} INFO - [2023-10-02T13:32:19.600+0000] {dag.py:2742} INFO - Sync 1 DAGs
[2023-10-02T13:32:19.849+0000] {logging_mixin.py:150} INFO - [2023-10-02T13:32:19.831+0000] {dag.py:3504} INFO - Setting next_dagrun for user_processing to 2023-10-02T00:00:00+00:00, run_after=2023-10-03T00:00:00+00:00
[2023-10-02T13:32:20.020+0000] {processor.py:179} INFO - Processing /opt/airflow/dags/user_processing.py took 5.312 seconds
[2023-10-02T13:32:56.420+0000] {processor.py:157} INFO - Started process (PID=13161) to work on /opt/airflow/dags/user_processing.py
[2023-10-02T13:32:56.459+0000] {processor.py:826} INFO - Processing file /opt/airflow/dags/user_processing.py for tasks to queue
[2023-10-02T13:32:56.479+0000] {logging_mixin.py:150} INFO - [2023-10-02T13:32:56.478+0000] {dagbag.py:541} INFO - Filling up the DagBag from /opt/airflow/dags/user_processing.py
[2023-10-02T13:33:09.170+0000] {processor.py:836} INFO - DAG(s) dict_keys(['user_processing']) retrieved from /opt/airflow/dags/user_processing.py
[2023-10-02T13:33:09.860+0000] {logging_mixin.py:150} INFO - [2023-10-02T13:33:09.840+0000] {dag.py:2742} INFO - Sync 1 DAGs
[2023-10-02T13:33:10.641+0000] {logging_mixin.py:150} INFO - [2023-10-02T13:33:10.629+0000] {dag.py:3504} INFO - Setting next_dagrun for user_processing to 2023-10-02T00:00:00+00:00, run_after=2023-10-03T00:00:00+00:00
[2023-10-02T13:33:10.950+0000] {processor.py:179} INFO - Processing /opt/airflow/dags/user_processing.py took 14.621 seconds
[2023-10-02T13:33:41.629+0000] {processor.py:157} INFO - Started process (PID=13195) to work on /opt/airflow/dags/user_processing.py
[2023-10-02T13:33:41.659+0000] {processor.py:826} INFO - Processing file /opt/airflow/dags/user_processing.py for tasks to queue
[2023-10-02T13:33:41.660+0000] {logging_mixin.py:150} INFO - [2023-10-02T13:33:41.660+0000] {dagbag.py:541} INFO - Filling up the DagBag from /opt/airflow/dags/user_processing.py
[2023-10-02T13:33:47.380+0000] {processor.py:836} INFO - DAG(s) dict_keys(['user_processing']) retrieved from /opt/airflow/dags/user_processing.py
[2023-10-02T13:33:47.788+0000] {logging_mixin.py:150} INFO - [2023-10-02T13:33:47.780+0000] {dag.py:2742} INFO - Sync 1 DAGs
[2023-10-02T13:33:48.138+0000] {logging_mixin.py:150} INFO - [2023-10-02T13:33:48.130+0000] {dag.py:3504} INFO - Setting next_dagrun for user_processing to 2023-10-02T00:00:00+00:00, run_after=2023-10-03T00:00:00+00:00
[2023-10-02T13:33:48.530+0000] {processor.py:179} INFO - Processing /opt/airflow/dags/user_processing.py took 6.960 seconds
[2023-10-02T13:34:18.970+0000] {processor.py:157} INFO - Started process (PID=13224) to work on /opt/airflow/dags/user_processing.py
[2023-10-02T13:34:18.990+0000] {processor.py:826} INFO - Processing file /opt/airflow/dags/user_processing.py for tasks to queue
[2023-10-02T13:34:19.000+0000] {logging_mixin.py:150} INFO - [2023-10-02T13:34:18.999+0000] {dagbag.py:541} INFO - Filling up the DagBag from /opt/airflow/dags/user_processing.py
[2023-10-02T13:34:26.020+0000] {processor.py:836} INFO - DAG(s) dict_keys(['user_processing']) retrieved from /opt/airflow/dags/user_processing.py
[2023-10-02T13:34:26.310+0000] {logging_mixin.py:150} INFO - [2023-10-02T13:34:26.309+0000] {dag.py:2742} INFO - Sync 1 DAGs
[2023-10-02T13:34:26.580+0000] {logging_mixin.py:150} INFO - [2023-10-02T13:34:26.579+0000] {dag.py:3504} INFO - Setting next_dagrun for user_processing to 2023-10-02T00:00:00+00:00, run_after=2023-10-03T00:00:00+00:00
[2023-10-02T13:34:26.760+0000] {processor.py:179} INFO - Processing /opt/airflow/dags/user_processing.py took 7.850 seconds
[2023-10-02T13:34:57.539+0000] {processor.py:157} INFO - Started process (PID=13259) to work on /opt/airflow/dags/user_processing.py
[2023-10-02T13:34:57.550+0000] {processor.py:826} INFO - Processing file /opt/airflow/dags/user_processing.py for tasks to queue
[2023-10-02T13:34:57.579+0000] {logging_mixin.py:150} INFO - [2023-10-02T13:34:57.570+0000] {dagbag.py:541} INFO - Filling up the DagBag from /opt/airflow/dags/user_processing.py
[2023-10-02T13:35:04.229+0000] {processor.py:836} INFO - DAG(s) dict_keys(['user_processing']) retrieved from /opt/airflow/dags/user_processing.py
[2023-10-02T13:35:04.498+0000] {logging_mixin.py:150} INFO - [2023-10-02T13:35:04.490+0000] {dag.py:2742} INFO - Sync 1 DAGs
[2023-10-02T13:35:04.750+0000] {logging_mixin.py:150} INFO - [2023-10-02T13:35:04.749+0000] {dag.py:3504} INFO - Setting next_dagrun for user_processing to 2023-10-02T00:00:00+00:00, run_after=2023-10-03T00:00:00+00:00
[2023-10-02T13:35:05.030+0000] {processor.py:179} INFO - Processing /opt/airflow/dags/user_processing.py took 7.591 seconds
[2023-10-02T13:35:35.629+0000] {processor.py:157} INFO - Started process (PID=13288) to work on /opt/airflow/dags/user_processing.py
[2023-10-02T13:35:35.639+0000] {processor.py:826} INFO - Processing file /opt/airflow/dags/user_processing.py for tasks to queue
[2023-10-02T13:35:35.649+0000] {logging_mixin.py:150} INFO - [2023-10-02T13:35:35.640+0000] {dagbag.py:541} INFO - Filling up the DagBag from /opt/airflow/dags/user_processing.py
[2023-10-02T13:35:42.488+0000] {processor.py:836} INFO - DAG(s) dict_keys(['user_processing']) retrieved from /opt/airflow/dags/user_processing.py
[2023-10-02T13:35:43.030+0000] {logging_mixin.py:150} INFO - [2023-10-02T13:35:42.990+0000] {dag.py:2742} INFO - Sync 1 DAGs
[2023-10-02T13:35:44.009+0000] {logging_mixin.py:150} INFO - [2023-10-02T13:35:44.008+0000] {dag.py:3504} INFO - Setting next_dagrun for user_processing to 2023-10-02T00:00:00+00:00, run_after=2023-10-03T00:00:00+00:00
[2023-10-02T13:35:46.039+0000] {processor.py:179} INFO - Processing /opt/airflow/dags/user_processing.py took 10.470 seconds
[2023-10-02T13:36:17.569+0000] {processor.py:157} INFO - Started process (PID=13321) to work on /opt/airflow/dags/user_processing.py
[2023-10-02T13:36:17.589+0000] {processor.py:826} INFO - Processing file /opt/airflow/dags/user_processing.py for tasks to queue
[2023-10-02T13:36:17.600+0000] {logging_mixin.py:150} INFO - [2023-10-02T13:36:17.590+0000] {dagbag.py:541} INFO - Filling up the DagBag from /opt/airflow/dags/user_processing.py
[2023-10-02T13:36:23.140+0000] {processor.py:836} INFO - DAG(s) dict_keys(['user_processing']) retrieved from /opt/airflow/dags/user_processing.py
[2023-10-02T13:36:23.440+0000] {logging_mixin.py:150} INFO - [2023-10-02T13:36:23.439+0000] {dag.py:2742} INFO - Sync 1 DAGs
[2023-10-02T13:36:23.838+0000] {logging_mixin.py:150} INFO - [2023-10-02T13:36:23.829+0000] {dag.py:3504} INFO - Setting next_dagrun for user_processing to 2023-10-02T00:00:00+00:00, run_after=2023-10-03T00:00:00+00:00
[2023-10-02T13:36:24.098+0000] {processor.py:179} INFO - Processing /opt/airflow/dags/user_processing.py took 6.610 seconds
[2023-10-02T13:36:54.539+0000] {processor.py:157} INFO - Started process (PID=13350) to work on /opt/airflow/dags/user_processing.py
[2023-10-02T13:36:54.549+0000] {processor.py:826} INFO - Processing file /opt/airflow/dags/user_processing.py for tasks to queue
[2023-10-02T13:36:54.559+0000] {logging_mixin.py:150} INFO - [2023-10-02T13:36:54.559+0000] {dagbag.py:541} INFO - Filling up the DagBag from /opt/airflow/dags/user_processing.py
[2023-10-02T13:36:59.659+0000] {processor.py:836} INFO - DAG(s) dict_keys(['user_processing']) retrieved from /opt/airflow/dags/user_processing.py
[2023-10-02T13:37:00.240+0000] {logging_mixin.py:150} INFO - [2023-10-02T13:37:00.239+0000] {dag.py:2742} INFO - Sync 1 DAGs
[2023-10-02T13:37:00.998+0000] {logging_mixin.py:150} INFO - [2023-10-02T13:37:00.990+0000] {dag.py:3504} INFO - Setting next_dagrun for user_processing to 2023-10-02T00:00:00+00:00, run_after=2023-10-03T00:00:00+00:00
[2023-10-02T13:37:01.428+0000] {processor.py:179} INFO - Processing /opt/airflow/dags/user_processing.py took 6.949 seconds
[2023-10-02T13:37:32.549+0000] {processor.py:157} INFO - Started process (PID=13385) to work on /opt/airflow/dags/user_processing.py
[2023-10-02T13:37:32.588+0000] {processor.py:826} INFO - Processing file /opt/airflow/dags/user_processing.py for tasks to queue
[2023-10-02T13:37:32.609+0000] {logging_mixin.py:150} INFO - [2023-10-02T13:37:32.590+0000] {dagbag.py:541} INFO - Filling up the DagBag from /opt/airflow/dags/user_processing.py
[2023-10-02T13:37:39.538+0000] {processor.py:836} INFO - DAG(s) dict_keys(['user_processing']) retrieved from /opt/airflow/dags/user_processing.py
[2023-10-02T13:37:39.990+0000] {logging_mixin.py:150} INFO - [2023-10-02T13:37:39.989+0000] {dag.py:2742} INFO - Sync 1 DAGs
[2023-10-02T13:37:40.400+0000] {logging_mixin.py:150} INFO - [2023-10-02T13:37:40.399+0000] {dag.py:3504} INFO - Setting next_dagrun for user_processing to 2023-10-02T00:00:00+00:00, run_after=2023-10-03T00:00:00+00:00
[2023-10-02T13:37:40.759+0000] {processor.py:179} INFO - Processing /opt/airflow/dags/user_processing.py took 8.270 seconds
[2023-10-02T13:38:11.269+0000] {processor.py:157} INFO - Started process (PID=13413) to work on /opt/airflow/dags/user_processing.py
[2023-10-02T13:38:11.289+0000] {processor.py:826} INFO - Processing file /opt/airflow/dags/user_processing.py for tasks to queue
[2023-10-02T13:38:11.309+0000] {logging_mixin.py:150} INFO - [2023-10-02T13:38:11.308+0000] {dagbag.py:541} INFO - Filling up the DagBag from /opt/airflow/dags/user_processing.py
[2023-10-02T13:38:17.089+0000] {processor.py:836} INFO - DAG(s) dict_keys(['user_processing']) retrieved from /opt/airflow/dags/user_processing.py
[2023-10-02T13:38:17.459+0000] {logging_mixin.py:150} INFO - [2023-10-02T13:38:17.449+0000] {dag.py:2742} INFO - Sync 1 DAGs
[2023-10-02T13:38:17.759+0000] {logging_mixin.py:150} INFO - [2023-10-02T13:38:17.759+0000] {dag.py:3504} INFO - Setting next_dagrun for user_processing to 2023-10-02T00:00:00+00:00, run_after=2023-10-03T00:00:00+00:00
[2023-10-02T13:38:17.998+0000] {processor.py:179} INFO - Processing /opt/airflow/dags/user_processing.py took 6.809 seconds
[2023-10-02T13:38:48.628+0000] {processor.py:157} INFO - Started process (PID=13444) to work on /opt/airflow/dags/user_processing.py
[2023-10-02T13:38:48.649+0000] {processor.py:826} INFO - Processing file /opt/airflow/dags/user_processing.py for tasks to queue
[2023-10-02T13:38:48.669+0000] {logging_mixin.py:150} INFO - [2023-10-02T13:38:48.668+0000] {dagbag.py:541} INFO - Filling up the DagBag from /opt/airflow/dags/user_processing.py
[2023-10-02T13:38:56.169+0000] {processor.py:836} INFO - DAG(s) dict_keys(['user_processing']) retrieved from /opt/airflow/dags/user_processing.py
[2023-10-02T13:38:56.488+0000] {logging_mixin.py:150} INFO - [2023-10-02T13:38:56.478+0000] {dag.py:2742} INFO - Sync 1 DAGs
[2023-10-02T13:38:57.049+0000] {logging_mixin.py:150} INFO - [2023-10-02T13:38:57.048+0000] {dag.py:3504} INFO - Setting next_dagrun for user_processing to 2023-10-02T00:00:00+00:00, run_after=2023-10-03T00:00:00+00:00
[2023-10-02T13:38:57.479+0000] {processor.py:179} INFO - Processing /opt/airflow/dags/user_processing.py took 8.930 seconds
[2023-10-02T13:39:28.119+0000] {processor.py:157} INFO - Started process (PID=13477) to work on /opt/airflow/dags/user_processing.py
[2023-10-02T13:39:28.139+0000] {processor.py:826} INFO - Processing file /opt/airflow/dags/user_processing.py for tasks to queue
[2023-10-02T13:39:28.149+0000] {logging_mixin.py:150} INFO - [2023-10-02T13:39:28.149+0000] {dagbag.py:541} INFO - Filling up the DagBag from /opt/airflow/dags/user_processing.py
[2023-10-02T13:39:46.998+0000] {processor.py:836} INFO - DAG(s) dict_keys(['user_processing']) retrieved from /opt/airflow/dags/user_processing.py
[2023-10-02T13:39:48.899+0000] {logging_mixin.py:150} INFO - [2023-10-02T13:39:48.719+0000] {dag.py:2742} INFO - Sync 1 DAGs
[2023-10-02T13:39:54.049+0000] {logging_mixin.py:150} INFO - [2023-10-02T13:39:54.049+0000] {dag.py:3504} INFO - Setting next_dagrun for user_processing to 2023-10-02T00:00:00+00:00, run_after=2023-10-03T00:00:00+00:00
[2023-10-02T13:39:55.919+0000] {processor.py:179} INFO - Processing /opt/airflow/dags/user_processing.py took 27.870 seconds
[2023-10-02T13:40:28.478+0000] {processor.py:157} INFO - Started process (PID=13512) to work on /opt/airflow/dags/user_processing.py
[2023-10-02T13:40:28.579+0000] {processor.py:826} INFO - Processing file /opt/airflow/dags/user_processing.py for tasks to queue
[2023-10-02T13:40:28.709+0000] {logging_mixin.py:150} INFO - [2023-10-02T13:40:28.699+0000] {dagbag.py:541} INFO - Filling up the DagBag from /opt/airflow/dags/user_processing.py
[2023-10-02T13:40:59.309+0000] {logging_mixin.py:150} INFO - [2023-10-02T13:40:59.048+0000] {timeout.py:68} ERROR - Process timed out, PID: 13512
[2023-10-02T13:41:00.669+0000] {logging_mixin.py:150} INFO - [2023-10-02T13:40:59.389+0000] {dagbag.py:350} ERROR - Failed to import: /opt/airflow/dags/user_processing.py
Traceback (most recent call last):
  File "/home/airflow/.local/lib/python3.10/site-packages/airflow/models/dagbag.py", line 346, in parse
    loader.exec_module(new_module)
  File "<frozen importlib._bootstrap_external>", line 883, in exec_module
  File "<frozen importlib._bootstrap>", line 241, in _call_with_frames_removed
  File "/opt/airflow/dags/user_processing.py", line 10, in <module>
    from pandas import json_normalize
  File "/home/airflow/.local/lib/python3.10/site-packages/pandas/__init__.py", line 48, in <module>
    from pandas.core.api import (
  File "/home/airflow/.local/lib/python3.10/site-packages/pandas/core/api.py", line 47, in <module>
    from pandas.core.groupby import (
  File "/home/airflow/.local/lib/python3.10/site-packages/pandas/core/groupby/__init__.py", line 1, in <module>
    from pandas.core.groupby.generic import (
  File "/home/airflow/.local/lib/python3.10/site-packages/pandas/core/groupby/generic.py", line 76, in <module>
    from pandas.core.frame import DataFrame
  File "/home/airflow/.local/lib/python3.10/site-packages/pandas/core/frame.py", line 172, in <module>
    from pandas.core.generic import NDFrame
  File "/home/airflow/.local/lib/python3.10/site-packages/pandas/core/generic.py", line 131, in <module>
    from pandas.core import (
  File "/home/airflow/.local/lib/python3.10/site-packages/pandas/core/indexing.py", line 68, in <module>
    from pandas.core.indexes.api import (
  File "/home/airflow/.local/lib/python3.10/site-packages/pandas/core/indexes/api.py", line 27, in <module>
    from pandas.core.indexes.interval import IntervalIndex
  File "/home/airflow/.local/lib/python3.10/site-packages/pandas/core/indexes/interval.py", line 71, in <module>
    import pandas.core.common as com
  File "<frozen importlib._bootstrap>", line 216, in _lock_unlock_module
  File "/home/airflow/.local/lib/python3.10/site-packages/airflow/utils/timeout.py", line 69, in handle_timeout
    raise AirflowTaskTimeout(self.error_message)
airflow.exceptions.AirflowTaskTimeout: DagBag import timeout for /opt/airflow/dags/user_processing.py after 30.0s.
Please take a look at these docs to improve your DAG import time:
* https://airflow.apache.org/docs/apache-airflow/2.6.3/best-practices.html#top-level-python-code
* https://airflow.apache.org/docs/apache-airflow/2.6.3/best-practices.html#reducing-dag-complexity, PID: 13512
[2023-10-02T13:41:00.909+0000] {processor.py:838} WARNING - No viable dags retrieved from /opt/airflow/dags/user_processing.py
[2023-10-02T13:41:03.059+0000] {processor.py:179} INFO - Processing /opt/airflow/dags/user_processing.py took 35.150 seconds
[2023-10-02T13:42:54.308+0000] {processor.py:157} INFO - Started process (PID=13561) to work on /opt/airflow/dags/user_processing.py
[2023-10-02T13:42:54.708+0000] {processor.py:826} INFO - Processing file /opt/airflow/dags/user_processing.py for tasks to queue
[2023-10-02T13:42:55.318+0000] {logging_mixin.py:150} INFO - [2023-10-02T13:42:55.188+0000] {dagbag.py:541} INFO - Filling up the DagBag from /opt/airflow/dags/user_processing.py
[2023-10-02T13:43:28.968+0000] {logging_mixin.py:150} INFO - [2023-10-02T13:43:27.088+0000] {timeout.py:68} ERROR - Process timed out, PID: 13561
[2023-10-02T13:43:32.838+0000] {logging_mixin.py:150} INFO - [2023-10-02T13:43:29.518+0000] {dagbag.py:350} ERROR - Failed to import: /opt/airflow/dags/user_processing.py
Traceback (most recent call last):
  File "/home/airflow/.local/lib/python3.10/site-packages/airflow/models/dagbag.py", line 346, in parse
    loader.exec_module(new_module)
  File "<frozen importlib._bootstrap_external>", line 883, in exec_module
  File "<frozen importlib._bootstrap>", line 241, in _call_with_frames_removed
  File "/opt/airflow/dags/user_processing.py", line 10, in <module>
    from pandas import json_normalize
  File "/home/airflow/.local/lib/python3.10/site-packages/pandas/__init__.py", line 11, in <module>
    __import__(_dependency)
  File "/home/airflow/.local/lib/python3.10/site-packages/numpy/__init__.py", line 144, in <module>
    from . import lib
  File "/home/airflow/.local/lib/python3.10/site-packages/numpy/lib/__init__.py", line 26, in <module>
    from . import index_tricks
  File "/home/airflow/.local/lib/python3.10/site-packages/numpy/lib/index_tricks.py", line 13, in <module>
    from .function_base import diff
  File "<frozen importlib._bootstrap>", line 1027, in _find_and_load
  File "<frozen importlib._bootstrap>", line 1006, in _find_and_load_unlocked
  File "<frozen importlib._bootstrap>", line 688, in _load_unlocked
  File "<frozen importlib._bootstrap_external>", line 879, in exec_module
  File "<frozen importlib._bootstrap_external>", line 1012, in get_code
  File "<frozen importlib._bootstrap_external>", line 672, in _compile_bytecode
  File "/home/airflow/.local/lib/python3.10/site-packages/airflow/utils/timeout.py", line 69, in handle_timeout
    raise AirflowTaskTimeout(self.error_message)
airflow.exceptions.AirflowTaskTimeout: DagBag import timeout for /opt/airflow/dags/user_processing.py after 30.0s.
Please take a look at these docs to improve your DAG import time:
* https://airflow.apache.org/docs/apache-airflow/2.6.3/best-practices.html#top-level-python-code
* https://airflow.apache.org/docs/apache-airflow/2.6.3/best-practices.html#reducing-dag-complexity, PID: 13561
[2023-10-02T13:43:33.628+0000] {processor.py:838} WARNING - No viable dags retrieved from /opt/airflow/dags/user_processing.py
