[2023-10-02T13:00:56.462+0000] {processor.py:157} INFO - Started process (PID=11462) to work on /opt/airflow/dags/xcom_dag.py
[2023-10-02T13:00:56.464+0000] {processor.py:826} INFO - Processing file /opt/airflow/dags/xcom_dag.py for tasks to queue
[2023-10-02T13:00:56.469+0000] {logging_mixin.py:150} INFO - [2023-10-02T13:00:56.468+0000] {dagbag.py:541} INFO - Filling up the DagBag from /opt/airflow/dags/xcom_dag.py
[2023-10-02T13:00:56.573+0000] {processor.py:836} INFO - DAG(s) dict_keys(['xcom_dag']) retrieved from /opt/airflow/dags/xcom_dag.py
[2023-10-02T13:00:56.708+0000] {logging_mixin.py:150} INFO - [2023-10-02T13:00:56.708+0000] {dag.py:2742} INFO - Sync 1 DAGs
[2023-10-02T13:00:56.885+0000] {logging_mixin.py:150} INFO - [2023-10-02T13:00:56.885+0000] {dag.py:3504} INFO - Setting next_dagrun for xcom_dag to 2023-10-01T00:00:00+00:00, run_after=2023-10-02T00:00:00+00:00
[2023-10-02T13:00:57.220+0000] {processor.py:179} INFO - Processing /opt/airflow/dags/xcom_dag.py took 0.790 seconds
[2023-10-02T13:01:28.197+0000] {processor.py:157} INFO - Started process (PID=11512) to work on /opt/airflow/dags/xcom_dag.py
[2023-10-02T13:01:28.199+0000] {processor.py:826} INFO - Processing file /opt/airflow/dags/xcom_dag.py for tasks to queue
[2023-10-02T13:01:28.210+0000] {logging_mixin.py:150} INFO - [2023-10-02T13:01:28.210+0000] {dagbag.py:541} INFO - Filling up the DagBag from /opt/airflow/dags/xcom_dag.py
[2023-10-02T13:01:28.239+0000] {processor.py:836} INFO - DAG(s) dict_keys(['xcom_dag']) retrieved from /opt/airflow/dags/xcom_dag.py
[2023-10-02T13:01:28.315+0000] {logging_mixin.py:150} INFO - [2023-10-02T13:01:28.314+0000] {dag.py:2742} INFO - Sync 1 DAGs
[2023-10-02T13:01:28.383+0000] {logging_mixin.py:150} INFO - [2023-10-02T13:01:28.382+0000] {dag.py:3504} INFO - Setting next_dagrun for xcom_dag to 2023-10-01T00:00:00+00:00, run_after=2023-10-02T00:00:00+00:00
[2023-10-02T13:01:28.434+0000] {processor.py:179} INFO - Processing /opt/airflow/dags/xcom_dag.py took 0.244 seconds
[2023-10-02T13:01:59.372+0000] {processor.py:157} INFO - Started process (PID=11546) to work on /opt/airflow/dags/xcom_dag.py
[2023-10-02T13:01:59.374+0000] {processor.py:826} INFO - Processing file /opt/airflow/dags/xcom_dag.py for tasks to queue
[2023-10-02T13:01:59.374+0000] {logging_mixin.py:150} INFO - [2023-10-02T13:01:59.374+0000] {dagbag.py:541} INFO - Filling up the DagBag from /opt/airflow/dags/xcom_dag.py
[2023-10-02T13:01:59.384+0000] {processor.py:836} INFO - DAG(s) dict_keys(['xcom_dag']) retrieved from /opt/airflow/dags/xcom_dag.py
[2023-10-02T13:01:59.413+0000] {logging_mixin.py:150} INFO - [2023-10-02T13:01:59.413+0000] {dag.py:2742} INFO - Sync 1 DAGs
[2023-10-02T13:01:59.439+0000] {logging_mixin.py:150} INFO - [2023-10-02T13:01:59.438+0000] {dag.py:3504} INFO - Setting next_dagrun for xcom_dag to 2023-10-01T00:00:00+00:00, run_after=2023-10-02T00:00:00+00:00
[2023-10-02T13:01:59.462+0000] {processor.py:179} INFO - Processing /opt/airflow/dags/xcom_dag.py took 0.094 seconds
[2023-10-02T13:02:29.512+0000] {processor.py:157} INFO - Started process (PID=11578) to work on /opt/airflow/dags/xcom_dag.py
[2023-10-02T13:02:29.513+0000] {processor.py:826} INFO - Processing file /opt/airflow/dags/xcom_dag.py for tasks to queue
[2023-10-02T13:02:29.513+0000] {logging_mixin.py:150} INFO - [2023-10-02T13:02:29.513+0000] {dagbag.py:541} INFO - Filling up the DagBag from /opt/airflow/dags/xcom_dag.py
[2023-10-02T13:02:29.523+0000] {processor.py:836} INFO - DAG(s) dict_keys(['xcom_dag']) retrieved from /opt/airflow/dags/xcom_dag.py
[2023-10-02T13:02:29.551+0000] {logging_mixin.py:150} INFO - [2023-10-02T13:02:29.551+0000] {dag.py:2742} INFO - Sync 1 DAGs
[2023-10-02T13:02:29.580+0000] {logging_mixin.py:150} INFO - [2023-10-02T13:02:29.579+0000] {dag.py:3504} INFO - Setting next_dagrun for xcom_dag to 2023-10-01T00:00:00+00:00, run_after=2023-10-02T00:00:00+00:00
[2023-10-02T13:02:29.603+0000] {processor.py:179} INFO - Processing /opt/airflow/dags/xcom_dag.py took 0.095 seconds
[2023-10-02T13:02:59.692+0000] {processor.py:157} INFO - Started process (PID=11606) to work on /opt/airflow/dags/xcom_dag.py
[2023-10-02T13:02:59.697+0000] {processor.py:826} INFO - Processing file /opt/airflow/dags/xcom_dag.py for tasks to queue
[2023-10-02T13:02:59.698+0000] {logging_mixin.py:150} INFO - [2023-10-02T13:02:59.697+0000] {dagbag.py:541} INFO - Filling up the DagBag from /opt/airflow/dags/xcom_dag.py
[2023-10-02T13:02:59.707+0000] {processor.py:836} INFO - DAG(s) dict_keys(['xcom_dag']) retrieved from /opt/airflow/dags/xcom_dag.py
[2023-10-02T13:02:59.734+0000] {logging_mixin.py:150} INFO - [2023-10-02T13:02:59.734+0000] {dag.py:2742} INFO - Sync 1 DAGs
[2023-10-02T13:02:59.762+0000] {logging_mixin.py:150} INFO - [2023-10-02T13:02:59.762+0000] {dag.py:3504} INFO - Setting next_dagrun for xcom_dag to 2023-10-01T00:00:00+00:00, run_after=2023-10-02T00:00:00+00:00
[2023-10-02T13:02:59.788+0000] {processor.py:179} INFO - Processing /opt/airflow/dags/xcom_dag.py took 0.099 seconds
[2023-10-02T13:03:29.810+0000] {processor.py:157} INFO - Started process (PID=11633) to work on /opt/airflow/dags/xcom_dag.py
[2023-10-02T13:03:29.810+0000] {processor.py:826} INFO - Processing file /opt/airflow/dags/xcom_dag.py for tasks to queue
[2023-10-02T13:03:29.811+0000] {logging_mixin.py:150} INFO - [2023-10-02T13:03:29.811+0000] {dagbag.py:541} INFO - Filling up the DagBag from /opt/airflow/dags/xcom_dag.py
[2023-10-02T13:03:29.820+0000] {processor.py:836} INFO - DAG(s) dict_keys(['xcom_dag']) retrieved from /opt/airflow/dags/xcom_dag.py
[2023-10-02T13:03:29.849+0000] {logging_mixin.py:150} INFO - [2023-10-02T13:03:29.848+0000] {dag.py:2742} INFO - Sync 1 DAGs
[2023-10-02T13:03:29.877+0000] {logging_mixin.py:150} INFO - [2023-10-02T13:03:29.877+0000] {dag.py:3504} INFO - Setting next_dagrun for xcom_dag to 2023-10-01T00:00:00+00:00, run_after=2023-10-02T00:00:00+00:00
[2023-10-02T13:03:29.904+0000] {processor.py:179} INFO - Processing /opt/airflow/dags/xcom_dag.py took 0.098 seconds
[2023-10-02T13:04:00.411+0000] {processor.py:157} INFO - Started process (PID=11660) to work on /opt/airflow/dags/xcom_dag.py
[2023-10-02T13:04:00.419+0000] {processor.py:826} INFO - Processing file /opt/airflow/dags/xcom_dag.py for tasks to queue
[2023-10-02T13:04:00.421+0000] {logging_mixin.py:150} INFO - [2023-10-02T13:04:00.420+0000] {dagbag.py:541} INFO - Filling up the DagBag from /opt/airflow/dags/xcom_dag.py
[2023-10-02T13:04:00.441+0000] {processor.py:836} INFO - DAG(s) dict_keys(['xcom_dag']) retrieved from /opt/airflow/dags/xcom_dag.py
[2023-10-02T13:04:00.499+0000] {logging_mixin.py:150} INFO - [2023-10-02T13:04:00.499+0000] {dag.py:2742} INFO - Sync 1 DAGs
[2023-10-02T13:04:00.557+0000] {logging_mixin.py:150} INFO - [2023-10-02T13:04:00.557+0000] {dag.py:3504} INFO - Setting next_dagrun for xcom_dag to 2023-10-01T00:00:00+00:00, run_after=2023-10-02T00:00:00+00:00
[2023-10-02T13:04:00.616+0000] {processor.py:179} INFO - Processing /opt/airflow/dags/xcom_dag.py took 0.212 seconds
[2023-10-02T13:04:30.832+0000] {processor.py:157} INFO - Started process (PID=11687) to work on /opt/airflow/dags/xcom_dag.py
[2023-10-02T13:04:30.833+0000] {processor.py:826} INFO - Processing file /opt/airflow/dags/xcom_dag.py for tasks to queue
[2023-10-02T13:04:30.835+0000] {logging_mixin.py:150} INFO - [2023-10-02T13:04:30.834+0000] {dagbag.py:541} INFO - Filling up the DagBag from /opt/airflow/dags/xcom_dag.py
[2023-10-02T13:04:30.846+0000] {processor.py:836} INFO - DAG(s) dict_keys(['xcom_dag']) retrieved from /opt/airflow/dags/xcom_dag.py
[2023-10-02T13:04:30.892+0000] {logging_mixin.py:150} INFO - [2023-10-02T13:04:30.892+0000] {dag.py:2742} INFO - Sync 1 DAGs
[2023-10-02T13:04:30.930+0000] {logging_mixin.py:150} INFO - [2023-10-02T13:04:30.930+0000] {dag.py:3504} INFO - Setting next_dagrun for xcom_dag to 2023-10-01T00:00:00+00:00, run_after=2023-10-02T00:00:00+00:00
[2023-10-02T13:04:30.963+0000] {processor.py:179} INFO - Processing /opt/airflow/dags/xcom_dag.py took 0.137 seconds
[2023-10-02T13:05:01.753+0000] {processor.py:157} INFO - Started process (PID=11714) to work on /opt/airflow/dags/xcom_dag.py
[2023-10-02T13:05:01.758+0000] {processor.py:826} INFO - Processing file /opt/airflow/dags/xcom_dag.py for tasks to queue
[2023-10-02T13:05:01.759+0000] {logging_mixin.py:150} INFO - [2023-10-02T13:05:01.759+0000] {dagbag.py:541} INFO - Filling up the DagBag from /opt/airflow/dags/xcom_dag.py
[2023-10-02T13:05:01.770+0000] {processor.py:836} INFO - DAG(s) dict_keys(['xcom_dag']) retrieved from /opt/airflow/dags/xcom_dag.py
[2023-10-02T13:05:01.801+0000] {logging_mixin.py:150} INFO - [2023-10-02T13:05:01.801+0000] {dag.py:2742} INFO - Sync 1 DAGs
[2023-10-02T13:05:01.832+0000] {logging_mixin.py:150} INFO - [2023-10-02T13:05:01.832+0000] {dag.py:3504} INFO - Setting next_dagrun for xcom_dag to 2023-10-01T00:00:00+00:00, run_after=2023-10-02T00:00:00+00:00
[2023-10-02T13:05:01.856+0000] {processor.py:179} INFO - Processing /opt/airflow/dags/xcom_dag.py took 0.107 seconds
[2023-10-02T13:05:31.955+0000] {processor.py:157} INFO - Started process (PID=11741) to work on /opt/airflow/dags/xcom_dag.py
[2023-10-02T13:05:31.959+0000] {processor.py:826} INFO - Processing file /opt/airflow/dags/xcom_dag.py for tasks to queue
[2023-10-02T13:05:31.960+0000] {logging_mixin.py:150} INFO - [2023-10-02T13:05:31.960+0000] {dagbag.py:541} INFO - Filling up the DagBag from /opt/airflow/dags/xcom_dag.py
[2023-10-02T13:05:31.970+0000] {processor.py:836} INFO - DAG(s) dict_keys(['xcom_dag']) retrieved from /opt/airflow/dags/xcom_dag.py
[2023-10-02T13:05:32.001+0000] {logging_mixin.py:150} INFO - [2023-10-02T13:05:32.001+0000] {dag.py:2742} INFO - Sync 1 DAGs
[2023-10-02T13:05:32.032+0000] {logging_mixin.py:150} INFO - [2023-10-02T13:05:32.032+0000] {dag.py:3504} INFO - Setting next_dagrun for xcom_dag to 2023-10-01T00:00:00+00:00, run_after=2023-10-02T00:00:00+00:00
[2023-10-02T13:05:32.060+0000] {processor.py:179} INFO - Processing /opt/airflow/dags/xcom_dag.py took 0.108 seconds
[2023-10-02T13:06:02.178+0000] {processor.py:157} INFO - Started process (PID=11768) to work on /opt/airflow/dags/xcom_dag.py
[2023-10-02T13:06:02.181+0000] {processor.py:826} INFO - Processing file /opt/airflow/dags/xcom_dag.py for tasks to queue
[2023-10-02T13:06:02.182+0000] {logging_mixin.py:150} INFO - [2023-10-02T13:06:02.182+0000] {dagbag.py:541} INFO - Filling up the DagBag from /opt/airflow/dags/xcom_dag.py
[2023-10-02T13:06:02.204+0000] {processor.py:836} INFO - DAG(s) dict_keys(['xcom_dag']) retrieved from /opt/airflow/dags/xcom_dag.py
[2023-10-02T13:06:02.265+0000] {logging_mixin.py:150} INFO - [2023-10-02T13:06:02.264+0000] {dag.py:2742} INFO - Sync 1 DAGs
[2023-10-02T13:06:02.306+0000] {logging_mixin.py:150} INFO - [2023-10-02T13:06:02.305+0000] {dag.py:3504} INFO - Setting next_dagrun for xcom_dag to 2023-10-01T00:00:00+00:00, run_after=2023-10-02T00:00:00+00:00
[2023-10-02T13:06:02.344+0000] {processor.py:179} INFO - Processing /opt/airflow/dags/xcom_dag.py took 0.172 seconds
[2023-10-02T13:06:32.682+0000] {processor.py:157} INFO - Started process (PID=11795) to work on /opt/airflow/dags/xcom_dag.py
[2023-10-02T13:06:32.683+0000] {processor.py:826} INFO - Processing file /opt/airflow/dags/xcom_dag.py for tasks to queue
[2023-10-02T13:06:32.686+0000] {logging_mixin.py:150} INFO - [2023-10-02T13:06:32.686+0000] {dagbag.py:541} INFO - Filling up the DagBag from /opt/airflow/dags/xcom_dag.py
[2023-10-02T13:06:32.706+0000] {processor.py:836} INFO - DAG(s) dict_keys(['xcom_dag']) retrieved from /opt/airflow/dags/xcom_dag.py
[2023-10-02T13:06:32.747+0000] {logging_mixin.py:150} INFO - [2023-10-02T13:06:32.746+0000] {dag.py:2742} INFO - Sync 1 DAGs
[2023-10-02T13:06:32.804+0000] {logging_mixin.py:150} INFO - [2023-10-02T13:06:32.804+0000] {dag.py:3504} INFO - Setting next_dagrun for xcom_dag to 2023-10-01T00:00:00+00:00, run_after=2023-10-02T00:00:00+00:00
[2023-10-02T13:06:32.839+0000] {processor.py:179} INFO - Processing /opt/airflow/dags/xcom_dag.py took 0.164 seconds
[2023-10-02T13:07:03.492+0000] {processor.py:157} INFO - Started process (PID=11822) to work on /opt/airflow/dags/xcom_dag.py
[2023-10-02T13:07:03.496+0000] {processor.py:826} INFO - Processing file /opt/airflow/dags/xcom_dag.py for tasks to queue
[2023-10-02T13:07:03.502+0000] {logging_mixin.py:150} INFO - [2023-10-02T13:07:03.501+0000] {dagbag.py:541} INFO - Filling up the DagBag from /opt/airflow/dags/xcom_dag.py
[2023-10-02T13:07:03.513+0000] {processor.py:836} INFO - DAG(s) dict_keys(['xcom_dag']) retrieved from /opt/airflow/dags/xcom_dag.py
[2023-10-02T13:07:03.560+0000] {logging_mixin.py:150} INFO - [2023-10-02T13:07:03.560+0000] {dag.py:2742} INFO - Sync 1 DAGs
[2023-10-02T13:07:03.612+0000] {logging_mixin.py:150} INFO - [2023-10-02T13:07:03.612+0000] {dag.py:3504} INFO - Setting next_dagrun for xcom_dag to 2023-10-01T00:00:00+00:00, run_after=2023-10-02T00:00:00+00:00
[2023-10-02T13:07:03.646+0000] {processor.py:179} INFO - Processing /opt/airflow/dags/xcom_dag.py took 0.165 seconds
[2023-10-02T13:07:34.112+0000] {processor.py:157} INFO - Started process (PID=11849) to work on /opt/airflow/dags/xcom_dag.py
[2023-10-02T13:07:34.120+0000] {processor.py:826} INFO - Processing file /opt/airflow/dags/xcom_dag.py for tasks to queue
[2023-10-02T13:07:34.120+0000] {logging_mixin.py:150} INFO - [2023-10-02T13:07:34.120+0000] {dagbag.py:541} INFO - Filling up the DagBag from /opt/airflow/dags/xcom_dag.py
[2023-10-02T13:07:34.131+0000] {processor.py:836} INFO - DAG(s) dict_keys(['xcom_dag']) retrieved from /opt/airflow/dags/xcom_dag.py
[2023-10-02T13:07:34.174+0000] {logging_mixin.py:150} INFO - [2023-10-02T13:07:34.174+0000] {dag.py:2742} INFO - Sync 1 DAGs
[2023-10-02T13:07:34.229+0000] {logging_mixin.py:150} INFO - [2023-10-02T13:07:34.228+0000] {dag.py:3504} INFO - Setting next_dagrun for xcom_dag to 2023-10-01T00:00:00+00:00, run_after=2023-10-02T00:00:00+00:00
[2023-10-02T13:07:34.264+0000] {processor.py:179} INFO - Processing /opt/airflow/dags/xcom_dag.py took 0.155 seconds
[2023-10-02T13:08:04.850+0000] {processor.py:157} INFO - Started process (PID=11876) to work on /opt/airflow/dags/xcom_dag.py
[2023-10-02T13:08:04.851+0000] {processor.py:826} INFO - Processing file /opt/airflow/dags/xcom_dag.py for tasks to queue
[2023-10-02T13:08:04.853+0000] {logging_mixin.py:150} INFO - [2023-10-02T13:08:04.852+0000] {dagbag.py:541} INFO - Filling up the DagBag from /opt/airflow/dags/xcom_dag.py
[2023-10-02T13:08:04.864+0000] {processor.py:836} INFO - DAG(s) dict_keys(['xcom_dag']) retrieved from /opt/airflow/dags/xcom_dag.py
[2023-10-02T13:08:04.914+0000] {logging_mixin.py:150} INFO - [2023-10-02T13:08:04.914+0000] {dag.py:2742} INFO - Sync 1 DAGs
[2023-10-02T13:08:04.965+0000] {logging_mixin.py:150} INFO - [2023-10-02T13:08:04.965+0000] {dag.py:3504} INFO - Setting next_dagrun for xcom_dag to 2023-10-01T00:00:00+00:00, run_after=2023-10-02T00:00:00+00:00
[2023-10-02T13:08:04.993+0000] {processor.py:179} INFO - Processing /opt/airflow/dags/xcom_dag.py took 0.149 seconds
[2023-10-02T13:08:35.471+0000] {processor.py:157} INFO - Started process (PID=11903) to work on /opt/airflow/dags/xcom_dag.py
[2023-10-02T13:08:35.473+0000] {processor.py:826} INFO - Processing file /opt/airflow/dags/xcom_dag.py for tasks to queue
[2023-10-02T13:08:35.475+0000] {logging_mixin.py:150} INFO - [2023-10-02T13:08:35.474+0000] {dagbag.py:541} INFO - Filling up the DagBag from /opt/airflow/dags/xcom_dag.py
[2023-10-02T13:08:35.524+0000] {processor.py:836} INFO - DAG(s) dict_keys(['xcom_dag']) retrieved from /opt/airflow/dags/xcom_dag.py
[2023-10-02T13:08:35.640+0000] {logging_mixin.py:150} INFO - [2023-10-02T13:08:35.639+0000] {dag.py:2742} INFO - Sync 1 DAGs
[2023-10-02T13:08:35.748+0000] {logging_mixin.py:150} INFO - [2023-10-02T13:08:35.746+0000] {dag.py:3504} INFO - Setting next_dagrun for xcom_dag to 2023-10-01T00:00:00+00:00, run_after=2023-10-02T00:00:00+00:00
[2023-10-02T13:08:35.813+0000] {processor.py:179} INFO - Processing /opt/airflow/dags/xcom_dag.py took 0.351 seconds
[2023-10-02T13:09:06.769+0000] {processor.py:157} INFO - Started process (PID=11931) to work on /opt/airflow/dags/xcom_dag.py
[2023-10-02T13:09:06.772+0000] {processor.py:826} INFO - Processing file /opt/airflow/dags/xcom_dag.py for tasks to queue
[2023-10-02T13:09:06.774+0000] {logging_mixin.py:150} INFO - [2023-10-02T13:09:06.773+0000] {dagbag.py:541} INFO - Filling up the DagBag from /opt/airflow/dags/xcom_dag.py
[2023-10-02T13:09:06.790+0000] {processor.py:836} INFO - DAG(s) dict_keys(['xcom_dag']) retrieved from /opt/airflow/dags/xcom_dag.py
[2023-10-02T13:09:06.832+0000] {logging_mixin.py:150} INFO - [2023-10-02T13:09:06.832+0000] {dag.py:2742} INFO - Sync 1 DAGs
[2023-10-02T13:09:06.883+0000] {logging_mixin.py:150} INFO - [2023-10-02T13:09:06.883+0000] {dag.py:3504} INFO - Setting next_dagrun for xcom_dag to 2023-10-01T00:00:00+00:00, run_after=2023-10-02T00:00:00+00:00
[2023-10-02T13:09:06.912+0000] {processor.py:179} INFO - Processing /opt/airflow/dags/xcom_dag.py took 0.157 seconds
[2023-10-02T13:09:37.004+0000] {processor.py:157} INFO - Started process (PID=11958) to work on /opt/airflow/dags/xcom_dag.py
[2023-10-02T13:09:37.010+0000] {processor.py:826} INFO - Processing file /opt/airflow/dags/xcom_dag.py for tasks to queue
[2023-10-02T13:09:37.015+0000] {logging_mixin.py:150} INFO - [2023-10-02T13:09:37.015+0000] {dagbag.py:541} INFO - Filling up the DagBag from /opt/airflow/dags/xcom_dag.py
[2023-10-02T13:09:37.036+0000] {processor.py:836} INFO - DAG(s) dict_keys(['xcom_dag']) retrieved from /opt/airflow/dags/xcom_dag.py
[2023-10-02T13:09:37.118+0000] {logging_mixin.py:150} INFO - [2023-10-02T13:09:37.118+0000] {dag.py:2742} INFO - Sync 1 DAGs
[2023-10-02T13:09:37.198+0000] {logging_mixin.py:150} INFO - [2023-10-02T13:09:37.195+0000] {dag.py:3504} INFO - Setting next_dagrun for xcom_dag to 2023-10-01T00:00:00+00:00, run_after=2023-10-02T00:00:00+00:00
[2023-10-02T13:09:37.234+0000] {processor.py:179} INFO - Processing /opt/airflow/dags/xcom_dag.py took 0.233 seconds
[2023-10-02T13:10:08.216+0000] {processor.py:157} INFO - Started process (PID=11985) to work on /opt/airflow/dags/xcom_dag.py
[2023-10-02T13:10:08.219+0000] {processor.py:826} INFO - Processing file /opt/airflow/dags/xcom_dag.py for tasks to queue
[2023-10-02T13:10:08.219+0000] {logging_mixin.py:150} INFO - [2023-10-02T13:10:08.219+0000] {dagbag.py:541} INFO - Filling up the DagBag from /opt/airflow/dags/xcom_dag.py
[2023-10-02T13:10:08.234+0000] {processor.py:836} INFO - DAG(s) dict_keys(['xcom_dag']) retrieved from /opt/airflow/dags/xcom_dag.py
[2023-10-02T13:10:08.274+0000] {logging_mixin.py:150} INFO - [2023-10-02T13:10:08.274+0000] {dag.py:2742} INFO - Sync 1 DAGs
[2023-10-02T13:10:08.308+0000] {logging_mixin.py:150} INFO - [2023-10-02T13:10:08.306+0000] {dag.py:3504} INFO - Setting next_dagrun for xcom_dag to 2023-10-01T00:00:00+00:00, run_after=2023-10-02T00:00:00+00:00
[2023-10-02T13:10:08.339+0000] {processor.py:179} INFO - Processing /opt/airflow/dags/xcom_dag.py took 0.127 seconds
[2023-10-02T13:10:38.633+0000] {processor.py:157} INFO - Started process (PID=12012) to work on /opt/airflow/dags/xcom_dag.py
[2023-10-02T13:10:38.648+0000] {processor.py:826} INFO - Processing file /opt/airflow/dags/xcom_dag.py for tasks to queue
[2023-10-02T13:10:38.649+0000] {logging_mixin.py:150} INFO - [2023-10-02T13:10:38.649+0000] {dagbag.py:541} INFO - Filling up the DagBag from /opt/airflow/dags/xcom_dag.py
[2023-10-02T13:10:38.661+0000] {processor.py:836} INFO - DAG(s) dict_keys(['xcom_dag']) retrieved from /opt/airflow/dags/xcom_dag.py
[2023-10-02T13:10:38.701+0000] {logging_mixin.py:150} INFO - [2023-10-02T13:10:38.701+0000] {dag.py:2742} INFO - Sync 1 DAGs
[2023-10-02T13:10:38.733+0000] {logging_mixin.py:150} INFO - [2023-10-02T13:10:38.733+0000] {dag.py:3504} INFO - Setting next_dagrun for xcom_dag to 2023-10-01T00:00:00+00:00, run_after=2023-10-02T00:00:00+00:00
[2023-10-02T13:10:38.762+0000] {processor.py:179} INFO - Processing /opt/airflow/dags/xcom_dag.py took 0.132 seconds
[2023-10-02T13:11:09.023+0000] {processor.py:157} INFO - Started process (PID=12039) to work on /opt/airflow/dags/xcom_dag.py
[2023-10-02T13:11:09.025+0000] {processor.py:826} INFO - Processing file /opt/airflow/dags/xcom_dag.py for tasks to queue
[2023-10-02T13:11:09.026+0000] {logging_mixin.py:150} INFO - [2023-10-02T13:11:09.025+0000] {dagbag.py:541} INFO - Filling up the DagBag from /opt/airflow/dags/xcom_dag.py
[2023-10-02T13:11:09.039+0000] {processor.py:836} INFO - DAG(s) dict_keys(['xcom_dag']) retrieved from /opt/airflow/dags/xcom_dag.py
[2023-10-02T13:11:09.074+0000] {logging_mixin.py:150} INFO - [2023-10-02T13:11:09.074+0000] {dag.py:2742} INFO - Sync 1 DAGs
[2023-10-02T13:11:09.109+0000] {logging_mixin.py:150} INFO - [2023-10-02T13:11:09.109+0000] {dag.py:3504} INFO - Setting next_dagrun for xcom_dag to 2023-10-01T00:00:00+00:00, run_after=2023-10-02T00:00:00+00:00
[2023-10-02T13:11:09.139+0000] {processor.py:179} INFO - Processing /opt/airflow/dags/xcom_dag.py took 0.119 seconds
[2023-10-02T13:11:39.513+0000] {processor.py:157} INFO - Started process (PID=12066) to work on /opt/airflow/dags/xcom_dag.py
[2023-10-02T13:11:39.515+0000] {processor.py:826} INFO - Processing file /opt/airflow/dags/xcom_dag.py for tasks to queue
[2023-10-02T13:11:39.515+0000] {logging_mixin.py:150} INFO - [2023-10-02T13:11:39.515+0000] {dagbag.py:541} INFO - Filling up the DagBag from /opt/airflow/dags/xcom_dag.py
[2023-10-02T13:11:39.531+0000] {processor.py:836} INFO - DAG(s) dict_keys(['xcom_dag']) retrieved from /opt/airflow/dags/xcom_dag.py
[2023-10-02T13:11:39.572+0000] {logging_mixin.py:150} INFO - [2023-10-02T13:11:39.572+0000] {dag.py:2742} INFO - Sync 1 DAGs
[2023-10-02T13:11:39.609+0000] {logging_mixin.py:150} INFO - [2023-10-02T13:11:39.609+0000] {dag.py:3504} INFO - Setting next_dagrun for xcom_dag to 2023-10-01T00:00:00+00:00, run_after=2023-10-02T00:00:00+00:00
[2023-10-02T13:11:39.644+0000] {processor.py:179} INFO - Processing /opt/airflow/dags/xcom_dag.py took 0.135 seconds
[2023-10-02T13:12:10.071+0000] {processor.py:157} INFO - Started process (PID=12093) to work on /opt/airflow/dags/xcom_dag.py
[2023-10-02T13:12:10.074+0000] {processor.py:826} INFO - Processing file /opt/airflow/dags/xcom_dag.py for tasks to queue
[2023-10-02T13:12:10.075+0000] {logging_mixin.py:150} INFO - [2023-10-02T13:12:10.075+0000] {dagbag.py:541} INFO - Filling up the DagBag from /opt/airflow/dags/xcom_dag.py
[2023-10-02T13:12:10.091+0000] {processor.py:836} INFO - DAG(s) dict_keys(['xcom_dag']) retrieved from /opt/airflow/dags/xcom_dag.py
[2023-10-02T13:12:10.132+0000] {logging_mixin.py:150} INFO - [2023-10-02T13:12:10.132+0000] {dag.py:2742} INFO - Sync 1 DAGs
[2023-10-02T13:12:10.171+0000] {logging_mixin.py:150} INFO - [2023-10-02T13:12:10.171+0000] {dag.py:3504} INFO - Setting next_dagrun for xcom_dag to 2023-10-01T00:00:00+00:00, run_after=2023-10-02T00:00:00+00:00
[2023-10-02T13:12:10.203+0000] {processor.py:179} INFO - Processing /opt/airflow/dags/xcom_dag.py took 0.139 seconds
[2023-10-02T13:12:40.753+0000] {processor.py:157} INFO - Started process (PID=12121) to work on /opt/airflow/dags/xcom_dag.py
[2023-10-02T13:12:40.754+0000] {processor.py:826} INFO - Processing file /opt/airflow/dags/xcom_dag.py for tasks to queue
[2023-10-02T13:12:40.759+0000] {logging_mixin.py:150} INFO - [2023-10-02T13:12:40.755+0000] {dagbag.py:541} INFO - Filling up the DagBag from /opt/airflow/dags/xcom_dag.py
[2023-10-02T13:12:40.781+0000] {processor.py:836} INFO - DAG(s) dict_keys(['xcom_dag']) retrieved from /opt/airflow/dags/xcom_dag.py
[2023-10-02T13:12:40.838+0000] {logging_mixin.py:150} INFO - [2023-10-02T13:12:40.835+0000] {dag.py:2742} INFO - Sync 1 DAGs
[2023-10-02T13:12:40.892+0000] {logging_mixin.py:150} INFO - [2023-10-02T13:12:40.892+0000] {dag.py:3504} INFO - Setting next_dagrun for xcom_dag to 2023-10-01T00:00:00+00:00, run_after=2023-10-02T00:00:00+00:00
[2023-10-02T13:12:40.951+0000] {processor.py:179} INFO - Processing /opt/airflow/dags/xcom_dag.py took 0.207 seconds
[2023-10-02T13:13:11.624+0000] {processor.py:157} INFO - Started process (PID=12148) to work on /opt/airflow/dags/xcom_dag.py
[2023-10-02T13:13:11.629+0000] {processor.py:826} INFO - Processing file /opt/airflow/dags/xcom_dag.py for tasks to queue
[2023-10-02T13:13:11.630+0000] {logging_mixin.py:150} INFO - [2023-10-02T13:13:11.629+0000] {dagbag.py:541} INFO - Filling up the DagBag from /opt/airflow/dags/xcom_dag.py
[2023-10-02T13:13:11.644+0000] {processor.py:836} INFO - DAG(s) dict_keys(['xcom_dag']) retrieved from /opt/airflow/dags/xcom_dag.py
[2023-10-02T13:13:11.691+0000] {logging_mixin.py:150} INFO - [2023-10-02T13:13:11.690+0000] {dag.py:2742} INFO - Sync 1 DAGs
[2023-10-02T13:13:11.740+0000] {logging_mixin.py:150} INFO - [2023-10-02T13:13:11.740+0000] {dag.py:3504} INFO - Setting next_dagrun for xcom_dag to 2023-10-01T00:00:00+00:00, run_after=2023-10-02T00:00:00+00:00
[2023-10-02T13:13:11.775+0000] {processor.py:179} INFO - Processing /opt/airflow/dags/xcom_dag.py took 0.155 seconds
[2023-10-02T13:13:42.412+0000] {processor.py:157} INFO - Started process (PID=12175) to work on /opt/airflow/dags/xcom_dag.py
[2023-10-02T13:13:42.414+0000] {processor.py:826} INFO - Processing file /opt/airflow/dags/xcom_dag.py for tasks to queue
[2023-10-02T13:13:42.415+0000] {logging_mixin.py:150} INFO - [2023-10-02T13:13:42.414+0000] {dagbag.py:541} INFO - Filling up the DagBag from /opt/airflow/dags/xcom_dag.py
[2023-10-02T13:13:42.430+0000] {processor.py:836} INFO - DAG(s) dict_keys(['xcom_dag']) retrieved from /opt/airflow/dags/xcom_dag.py
[2023-10-02T13:13:42.469+0000] {logging_mixin.py:150} INFO - [2023-10-02T13:13:42.469+0000] {dag.py:2742} INFO - Sync 1 DAGs
[2023-10-02T13:13:42.505+0000] {logging_mixin.py:150} INFO - [2023-10-02T13:13:42.504+0000] {dag.py:3504} INFO - Setting next_dagrun for xcom_dag to 2023-10-01T00:00:00+00:00, run_after=2023-10-02T00:00:00+00:00
[2023-10-02T13:13:42.571+0000] {processor.py:179} INFO - Processing /opt/airflow/dags/xcom_dag.py took 0.161 seconds
[2023-10-02T13:14:13.231+0000] {processor.py:157} INFO - Started process (PID=12202) to work on /opt/airflow/dags/xcom_dag.py
[2023-10-02T13:14:13.233+0000] {processor.py:826} INFO - Processing file /opt/airflow/dags/xcom_dag.py for tasks to queue
[2023-10-02T13:14:13.233+0000] {logging_mixin.py:150} INFO - [2023-10-02T13:14:13.233+0000] {dagbag.py:541} INFO - Filling up the DagBag from /opt/airflow/dags/xcom_dag.py
[2023-10-02T13:14:13.251+0000] {processor.py:836} INFO - DAG(s) dict_keys(['xcom_dag']) retrieved from /opt/airflow/dags/xcom_dag.py
[2023-10-02T13:14:13.293+0000] {logging_mixin.py:150} INFO - [2023-10-02T13:14:13.292+0000] {dag.py:2742} INFO - Sync 1 DAGs
[2023-10-02T13:14:13.334+0000] {logging_mixin.py:150} INFO - [2023-10-02T13:14:13.333+0000] {dag.py:3504} INFO - Setting next_dagrun for xcom_dag to 2023-10-01T00:00:00+00:00, run_after=2023-10-02T00:00:00+00:00
[2023-10-02T13:14:13.371+0000] {processor.py:179} INFO - Processing /opt/airflow/dags/xcom_dag.py took 0.147 seconds
[2023-10-02T13:14:44.041+0000] {processor.py:157} INFO - Started process (PID=12229) to work on /opt/airflow/dags/xcom_dag.py
[2023-10-02T13:14:44.049+0000] {processor.py:826} INFO - Processing file /opt/airflow/dags/xcom_dag.py for tasks to queue
[2023-10-02T13:14:44.049+0000] {logging_mixin.py:150} INFO - [2023-10-02T13:14:44.049+0000] {dagbag.py:541} INFO - Filling up the DagBag from /opt/airflow/dags/xcom_dag.py
[2023-10-02T13:14:44.062+0000] {processor.py:836} INFO - DAG(s) dict_keys(['xcom_dag']) retrieved from /opt/airflow/dags/xcom_dag.py
[2023-10-02T13:14:44.113+0000] {logging_mixin.py:150} INFO - [2023-10-02T13:14:44.113+0000] {dag.py:2742} INFO - Sync 1 DAGs
[2023-10-02T13:14:44.159+0000] {logging_mixin.py:150} INFO - [2023-10-02T13:14:44.159+0000] {dag.py:3504} INFO - Setting next_dagrun for xcom_dag to 2023-10-01T00:00:00+00:00, run_after=2023-10-02T00:00:00+00:00
[2023-10-02T13:14:44.193+0000] {processor.py:179} INFO - Processing /opt/airflow/dags/xcom_dag.py took 0.159 seconds
[2023-10-02T13:15:14.734+0000] {processor.py:157} INFO - Started process (PID=12256) to work on /opt/airflow/dags/xcom_dag.py
[2023-10-02T13:15:14.734+0000] {processor.py:826} INFO - Processing file /opt/airflow/dags/xcom_dag.py for tasks to queue
[2023-10-02T13:15:14.739+0000] {logging_mixin.py:150} INFO - [2023-10-02T13:15:14.738+0000] {dagbag.py:541} INFO - Filling up the DagBag from /opt/airflow/dags/xcom_dag.py
[2023-10-02T13:15:14.753+0000] {processor.py:836} INFO - DAG(s) dict_keys(['xcom_dag']) retrieved from /opt/airflow/dags/xcom_dag.py
[2023-10-02T13:15:14.802+0000] {logging_mixin.py:150} INFO - [2023-10-02T13:15:14.802+0000] {dag.py:2742} INFO - Sync 1 DAGs
[2023-10-02T13:15:14.852+0000] {logging_mixin.py:150} INFO - [2023-10-02T13:15:14.851+0000] {dag.py:3504} INFO - Setting next_dagrun for xcom_dag to 2023-10-01T00:00:00+00:00, run_after=2023-10-02T00:00:00+00:00
[2023-10-02T13:15:14.884+0000] {processor.py:179} INFO - Processing /opt/airflow/dags/xcom_dag.py took 0.155 seconds
[2023-10-02T13:15:45.624+0000] {processor.py:157} INFO - Started process (PID=12283) to work on /opt/airflow/dags/xcom_dag.py
[2023-10-02T13:15:45.630+0000] {processor.py:826} INFO - Processing file /opt/airflow/dags/xcom_dag.py for tasks to queue
[2023-10-02T13:15:45.631+0000] {logging_mixin.py:150} INFO - [2023-10-02T13:15:45.631+0000] {dagbag.py:541} INFO - Filling up the DagBag from /opt/airflow/dags/xcom_dag.py
[2023-10-02T13:15:45.644+0000] {processor.py:836} INFO - DAG(s) dict_keys(['xcom_dag']) retrieved from /opt/airflow/dags/xcom_dag.py
[2023-10-02T13:15:45.693+0000] {logging_mixin.py:150} INFO - [2023-10-02T13:15:45.692+0000] {dag.py:2742} INFO - Sync 1 DAGs
[2023-10-02T13:15:45.734+0000] {logging_mixin.py:150} INFO - [2023-10-02T13:15:45.734+0000] {dag.py:3504} INFO - Setting next_dagrun for xcom_dag to 2023-10-01T00:00:00+00:00, run_after=2023-10-02T00:00:00+00:00
[2023-10-02T13:15:45.770+0000] {processor.py:179} INFO - Processing /opt/airflow/dags/xcom_dag.py took 0.149 seconds
[2023-10-02T13:16:16.539+0000] {processor.py:157} INFO - Started process (PID=12311) to work on /opt/airflow/dags/xcom_dag.py
[2023-10-02T13:16:16.548+0000] {processor.py:826} INFO - Processing file /opt/airflow/dags/xcom_dag.py for tasks to queue
[2023-10-02T13:16:16.549+0000] {logging_mixin.py:150} INFO - [2023-10-02T13:16:16.549+0000] {dagbag.py:541} INFO - Filling up the DagBag from /opt/airflow/dags/xcom_dag.py
[2023-10-02T13:16:16.570+0000] {processor.py:836} INFO - DAG(s) dict_keys(['xcom_dag']) retrieved from /opt/airflow/dags/xcom_dag.py
[2023-10-02T13:16:16.621+0000] {logging_mixin.py:150} INFO - [2023-10-02T13:16:16.620+0000] {dag.py:2742} INFO - Sync 1 DAGs
[2023-10-02T13:16:16.671+0000] {logging_mixin.py:150} INFO - [2023-10-02T13:16:16.671+0000] {dag.py:3504} INFO - Setting next_dagrun for xcom_dag to 2023-10-01T00:00:00+00:00, run_after=2023-10-02T00:00:00+00:00
[2023-10-02T13:16:16.712+0000] {processor.py:179} INFO - Processing /opt/airflow/dags/xcom_dag.py took 0.181 seconds
[2023-10-02T13:16:46.893+0000] {processor.py:157} INFO - Started process (PID=12338) to work on /opt/airflow/dags/xcom_dag.py
[2023-10-02T13:16:46.893+0000] {processor.py:826} INFO - Processing file /opt/airflow/dags/xcom_dag.py for tasks to queue
[2023-10-02T13:16:46.894+0000] {logging_mixin.py:150} INFO - [2023-10-02T13:16:46.894+0000] {dagbag.py:541} INFO - Filling up the DagBag from /opt/airflow/dags/xcom_dag.py
[2023-10-02T13:16:46.912+0000] {processor.py:836} INFO - DAG(s) dict_keys(['xcom_dag']) retrieved from /opt/airflow/dags/xcom_dag.py
[2023-10-02T13:16:46.962+0000] {logging_mixin.py:150} INFO - [2023-10-02T13:16:46.962+0000] {dag.py:2742} INFO - Sync 1 DAGs
[2023-10-02T13:16:47.004+0000] {logging_mixin.py:150} INFO - [2023-10-02T13:16:47.003+0000] {dag.py:3504} INFO - Setting next_dagrun for xcom_dag to 2023-10-01T00:00:00+00:00, run_after=2023-10-02T00:00:00+00:00
[2023-10-02T13:16:47.042+0000] {processor.py:179} INFO - Processing /opt/airflow/dags/xcom_dag.py took 0.153 seconds
[2023-10-02T13:17:17.792+0000] {processor.py:157} INFO - Started process (PID=12365) to work on /opt/airflow/dags/xcom_dag.py
[2023-10-02T13:17:17.793+0000] {processor.py:826} INFO - Processing file /opt/airflow/dags/xcom_dag.py for tasks to queue
[2023-10-02T13:17:17.794+0000] {logging_mixin.py:150} INFO - [2023-10-02T13:17:17.794+0000] {dagbag.py:541} INFO - Filling up the DagBag from /opt/airflow/dags/xcom_dag.py
[2023-10-02T13:17:17.822+0000] {processor.py:836} INFO - DAG(s) dict_keys(['xcom_dag']) retrieved from /opt/airflow/dags/xcom_dag.py
[2023-10-02T13:17:17.911+0000] {logging_mixin.py:150} INFO - [2023-10-02T13:17:17.910+0000] {dag.py:2742} INFO - Sync 1 DAGs
[2023-10-02T13:17:17.984+0000] {logging_mixin.py:150} INFO - [2023-10-02T13:17:17.983+0000] {dag.py:3504} INFO - Setting next_dagrun for xcom_dag to 2023-10-01T00:00:00+00:00, run_after=2023-10-02T00:00:00+00:00
[2023-10-02T13:17:18.053+0000] {processor.py:179} INFO - Processing /opt/airflow/dags/xcom_dag.py took 0.270 seconds
[2023-10-02T13:17:48.189+0000] {processor.py:157} INFO - Started process (PID=12392) to work on /opt/airflow/dags/xcom_dag.py
[2023-10-02T13:17:48.194+0000] {processor.py:826} INFO - Processing file /opt/airflow/dags/xcom_dag.py for tasks to queue
[2023-10-02T13:17:48.198+0000] {logging_mixin.py:150} INFO - [2023-10-02T13:17:48.194+0000] {dagbag.py:541} INFO - Filling up the DagBag from /opt/airflow/dags/xcom_dag.py
[2023-10-02T13:17:48.210+0000] {processor.py:836} INFO - DAG(s) dict_keys(['xcom_dag']) retrieved from /opt/airflow/dags/xcom_dag.py
[2023-10-02T13:17:48.258+0000] {logging_mixin.py:150} INFO - [2023-10-02T13:17:48.254+0000] {dag.py:2742} INFO - Sync 1 DAGs
[2023-10-02T13:17:48.301+0000] {logging_mixin.py:150} INFO - [2023-10-02T13:17:48.301+0000] {dag.py:3504} INFO - Setting next_dagrun for xcom_dag to 2023-10-01T00:00:00+00:00, run_after=2023-10-02T00:00:00+00:00
[2023-10-02T13:17:48.340+0000] {processor.py:179} INFO - Processing /opt/airflow/dags/xcom_dag.py took 0.157 seconds
[2023-10-02T13:18:18.894+0000] {processor.py:157} INFO - Started process (PID=12419) to work on /opt/airflow/dags/xcom_dag.py
[2023-10-02T13:18:18.902+0000] {processor.py:826} INFO - Processing file /opt/airflow/dags/xcom_dag.py for tasks to queue
[2023-10-02T13:18:18.904+0000] {logging_mixin.py:150} INFO - [2023-10-02T13:18:18.903+0000] {dagbag.py:541} INFO - Filling up the DagBag from /opt/airflow/dags/xcom_dag.py
[2023-10-02T13:18:18.923+0000] {processor.py:836} INFO - DAG(s) dict_keys(['xcom_dag']) retrieved from /opt/airflow/dags/xcom_dag.py
[2023-10-02T13:18:18.974+0000] {logging_mixin.py:150} INFO - [2023-10-02T13:18:18.974+0000] {dag.py:2742} INFO - Sync 1 DAGs
[2023-10-02T13:18:19.032+0000] {logging_mixin.py:150} INFO - [2023-10-02T13:18:19.031+0000] {dag.py:3504} INFO - Setting next_dagrun for xcom_dag to 2023-10-01T00:00:00+00:00, run_after=2023-10-02T00:00:00+00:00
[2023-10-02T13:18:19.064+0000] {processor.py:179} INFO - Processing /opt/airflow/dags/xcom_dag.py took 0.173 seconds
[2023-10-02T13:18:49.190+0000] {processor.py:157} INFO - Started process (PID=12446) to work on /opt/airflow/dags/xcom_dag.py
[2023-10-02T13:18:49.192+0000] {processor.py:826} INFO - Processing file /opt/airflow/dags/xcom_dag.py for tasks to queue
[2023-10-02T13:18:49.193+0000] {logging_mixin.py:150} INFO - [2023-10-02T13:18:49.193+0000] {dagbag.py:541} INFO - Filling up the DagBag from /opt/airflow/dags/xcom_dag.py
[2023-10-02T13:18:49.214+0000] {processor.py:836} INFO - DAG(s) dict_keys(['xcom_dag']) retrieved from /opt/airflow/dags/xcom_dag.py
[2023-10-02T13:18:49.288+0000] {logging_mixin.py:150} INFO - [2023-10-02T13:18:49.284+0000] {dag.py:2742} INFO - Sync 1 DAGs
[2023-10-02T13:18:49.333+0000] {logging_mixin.py:150} INFO - [2023-10-02T13:18:49.332+0000] {dag.py:3504} INFO - Setting next_dagrun for xcom_dag to 2023-10-01T00:00:00+00:00, run_after=2023-10-02T00:00:00+00:00
[2023-10-02T13:18:49.382+0000] {processor.py:179} INFO - Processing /opt/airflow/dags/xcom_dag.py took 0.209 seconds
[2023-10-02T13:19:19.701+0000] {processor.py:157} INFO - Started process (PID=12472) to work on /opt/airflow/dags/xcom_dag.py
[2023-10-02T13:19:19.702+0000] {processor.py:826} INFO - Processing file /opt/airflow/dags/xcom_dag.py for tasks to queue
[2023-10-02T13:19:19.708+0000] {logging_mixin.py:150} INFO - [2023-10-02T13:19:19.703+0000] {dagbag.py:541} INFO - Filling up the DagBag from /opt/airflow/dags/xcom_dag.py
[2023-10-02T13:19:19.729+0000] {processor.py:836} INFO - DAG(s) dict_keys(['xcom_dag']) retrieved from /opt/airflow/dags/xcom_dag.py
[2023-10-02T13:19:19.800+0000] {logging_mixin.py:150} INFO - [2023-10-02T13:19:19.800+0000] {dag.py:2742} INFO - Sync 1 DAGs
[2023-10-02T13:19:19.850+0000] {logging_mixin.py:150} INFO - [2023-10-02T13:19:19.850+0000] {dag.py:3504} INFO - Setting next_dagrun for xcom_dag to 2023-10-01T00:00:00+00:00, run_after=2023-10-02T00:00:00+00:00
[2023-10-02T13:19:19.912+0000] {processor.py:179} INFO - Processing /opt/airflow/dags/xcom_dag.py took 0.229 seconds
[2023-10-02T13:19:50.333+0000] {processor.py:157} INFO - Started process (PID=12500) to work on /opt/airflow/dags/xcom_dag.py
[2023-10-02T13:19:50.334+0000] {processor.py:826} INFO - Processing file /opt/airflow/dags/xcom_dag.py for tasks to queue
[2023-10-02T13:19:50.341+0000] {logging_mixin.py:150} INFO - [2023-10-02T13:19:50.340+0000] {dagbag.py:541} INFO - Filling up the DagBag from /opt/airflow/dags/xcom_dag.py
[2023-10-02T13:19:50.362+0000] {processor.py:836} INFO - DAG(s) dict_keys(['xcom_dag']) retrieved from /opt/airflow/dags/xcom_dag.py
[2023-10-02T13:19:50.453+0000] {logging_mixin.py:150} INFO - [2023-10-02T13:19:50.453+0000] {dag.py:2742} INFO - Sync 1 DAGs
[2023-10-02T13:19:50.551+0000] {logging_mixin.py:150} INFO - [2023-10-02T13:19:50.551+0000] {dag.py:3504} INFO - Setting next_dagrun for xcom_dag to 2023-10-01T00:00:00+00:00, run_after=2023-10-02T00:00:00+00:00
[2023-10-02T13:19:50.632+0000] {processor.py:179} INFO - Processing /opt/airflow/dags/xcom_dag.py took 0.318 seconds
[2023-10-02T13:20:20.921+0000] {processor.py:157} INFO - Started process (PID=12528) to work on /opt/airflow/dags/xcom_dag.py
[2023-10-02T13:20:20.923+0000] {processor.py:826} INFO - Processing file /opt/airflow/dags/xcom_dag.py for tasks to queue
[2023-10-02T13:20:20.929+0000] {logging_mixin.py:150} INFO - [2023-10-02T13:20:20.929+0000] {dagbag.py:541} INFO - Filling up the DagBag from /opt/airflow/dags/xcom_dag.py
[2023-10-02T13:20:21.010+0000] {processor.py:836} INFO - DAG(s) dict_keys(['xcom_dag']) retrieved from /opt/airflow/dags/xcom_dag.py
[2023-10-02T13:20:21.150+0000] {logging_mixin.py:150} INFO - [2023-10-02T13:20:21.150+0000] {dag.py:2742} INFO - Sync 1 DAGs
[2023-10-02T13:20:21.252+0000] {logging_mixin.py:150} INFO - [2023-10-02T13:20:21.252+0000] {dag.py:3504} INFO - Setting next_dagrun for xcom_dag to 2023-10-01T00:00:00+00:00, run_after=2023-10-02T00:00:00+00:00
[2023-10-02T13:20:21.359+0000] {processor.py:179} INFO - Processing /opt/airflow/dags/xcom_dag.py took 0.455 seconds
[2023-10-02T13:20:51.539+0000] {processor.py:157} INFO - Started process (PID=12555) to work on /opt/airflow/dags/xcom_dag.py
[2023-10-02T13:20:51.541+0000] {processor.py:826} INFO - Processing file /opt/airflow/dags/xcom_dag.py for tasks to queue
[2023-10-02T13:20:51.549+0000] {logging_mixin.py:150} INFO - [2023-10-02T13:20:51.543+0000] {dagbag.py:541} INFO - Filling up the DagBag from /opt/airflow/dags/xcom_dag.py
[2023-10-02T13:20:51.581+0000] {processor.py:836} INFO - DAG(s) dict_keys(['xcom_dag']) retrieved from /opt/airflow/dags/xcom_dag.py
[2023-10-02T13:20:51.683+0000] {logging_mixin.py:150} INFO - [2023-10-02T13:20:51.682+0000] {dag.py:2742} INFO - Sync 1 DAGs
[2023-10-02T13:20:51.840+0000] {logging_mixin.py:150} INFO - [2023-10-02T13:20:51.840+0000] {dag.py:3504} INFO - Setting next_dagrun for xcom_dag to 2023-10-01T00:00:00+00:00, run_after=2023-10-02T00:00:00+00:00
[2023-10-02T13:20:51.963+0000] {processor.py:179} INFO - Processing /opt/airflow/dags/xcom_dag.py took 0.454 seconds
[2023-10-02T13:21:22.470+0000] {processor.py:157} INFO - Started process (PID=12574) to work on /opt/airflow/dags/xcom_dag.py
[2023-10-02T13:21:22.472+0000] {processor.py:826} INFO - Processing file /opt/airflow/dags/xcom_dag.py for tasks to queue
[2023-10-02T13:21:22.472+0000] {logging_mixin.py:150} INFO - [2023-10-02T13:21:22.472+0000] {dagbag.py:541} INFO - Filling up the DagBag from /opt/airflow/dags/xcom_dag.py
[2023-10-02T13:21:22.502+0000] {processor.py:836} INFO - DAG(s) dict_keys(['xcom_dag']) retrieved from /opt/airflow/dags/xcom_dag.py
[2023-10-02T13:21:22.592+0000] {logging_mixin.py:150} INFO - [2023-10-02T13:21:22.591+0000] {dag.py:2742} INFO - Sync 1 DAGs
[2023-10-02T13:21:22.713+0000] {logging_mixin.py:150} INFO - [2023-10-02T13:21:22.712+0000] {dag.py:3504} INFO - Setting next_dagrun for xcom_dag to 2023-10-01T00:00:00+00:00, run_after=2023-10-02T00:00:00+00:00
[2023-10-02T13:21:22.783+0000] {processor.py:179} INFO - Processing /opt/airflow/dags/xcom_dag.py took 0.324 seconds
[2023-10-02T13:21:53.080+0000] {processor.py:157} INFO - Started process (PID=12601) to work on /opt/airflow/dags/xcom_dag.py
[2023-10-02T13:21:53.083+0000] {processor.py:826} INFO - Processing file /opt/airflow/dags/xcom_dag.py for tasks to queue
[2023-10-02T13:21:53.089+0000] {logging_mixin.py:150} INFO - [2023-10-02T13:21:53.089+0000] {dagbag.py:541} INFO - Filling up the DagBag from /opt/airflow/dags/xcom_dag.py
[2023-10-02T13:21:53.211+0000] {processor.py:836} INFO - DAG(s) dict_keys(['xcom_dag']) retrieved from /opt/airflow/dags/xcom_dag.py
[2023-10-02T13:21:53.353+0000] {logging_mixin.py:150} INFO - [2023-10-02T13:21:53.353+0000] {dag.py:2742} INFO - Sync 1 DAGs
[2023-10-02T13:21:53.462+0000] {logging_mixin.py:150} INFO - [2023-10-02T13:21:53.461+0000] {dag.py:3504} INFO - Setting next_dagrun for xcom_dag to 2023-10-01T00:00:00+00:00, run_after=2023-10-02T00:00:00+00:00
[2023-10-02T13:21:53.533+0000] {processor.py:179} INFO - Processing /opt/airflow/dags/xcom_dag.py took 0.491 seconds
[2023-10-02T13:22:23.859+0000] {processor.py:157} INFO - Started process (PID=12629) to work on /opt/airflow/dags/xcom_dag.py
[2023-10-02T13:22:23.868+0000] {processor.py:826} INFO - Processing file /opt/airflow/dags/xcom_dag.py for tasks to queue
[2023-10-02T13:22:23.871+0000] {logging_mixin.py:150} INFO - [2023-10-02T13:22:23.871+0000] {dagbag.py:541} INFO - Filling up the DagBag from /opt/airflow/dags/xcom_dag.py
[2023-10-02T13:22:23.949+0000] {processor.py:836} INFO - DAG(s) dict_keys(['xcom_dag']) retrieved from /opt/airflow/dags/xcom_dag.py
[2023-10-02T13:22:24.192+0000] {logging_mixin.py:150} INFO - [2023-10-02T13:22:24.191+0000] {dag.py:2742} INFO - Sync 1 DAGs
[2023-10-02T13:22:24.389+0000] {logging_mixin.py:150} INFO - [2023-10-02T13:22:24.389+0000] {dag.py:3504} INFO - Setting next_dagrun for xcom_dag to 2023-10-01T00:00:00+00:00, run_after=2023-10-02T00:00:00+00:00
[2023-10-02T13:22:24.760+0000] {processor.py:179} INFO - Processing /opt/airflow/dags/xcom_dag.py took 0.929 seconds
[2023-10-02T13:22:55.499+0000] {processor.py:157} INFO - Started process (PID=12656) to work on /opt/airflow/dags/xcom_dag.py
[2023-10-02T13:22:55.509+0000] {processor.py:826} INFO - Processing file /opt/airflow/dags/xcom_dag.py for tasks to queue
[2023-10-02T13:22:55.510+0000] {logging_mixin.py:150} INFO - [2023-10-02T13:22:55.510+0000] {dagbag.py:541} INFO - Filling up the DagBag from /opt/airflow/dags/xcom_dag.py
[2023-10-02T13:22:55.550+0000] {processor.py:836} INFO - DAG(s) dict_keys(['xcom_dag']) retrieved from /opt/airflow/dags/xcom_dag.py
[2023-10-02T13:22:55.710+0000] {logging_mixin.py:150} INFO - [2023-10-02T13:22:55.702+0000] {dag.py:2742} INFO - Sync 1 DAGs
[2023-10-02T13:22:55.880+0000] {logging_mixin.py:150} INFO - [2023-10-02T13:22:55.880+0000] {dag.py:3504} INFO - Setting next_dagrun for xcom_dag to 2023-10-01T00:00:00+00:00, run_after=2023-10-02T00:00:00+00:00
[2023-10-02T13:22:56.021+0000] {processor.py:179} INFO - Processing /opt/airflow/dags/xcom_dag.py took 0.532 seconds
[2023-10-02T13:23:26.361+0000] {processor.py:157} INFO - Started process (PID=12683) to work on /opt/airflow/dags/xcom_dag.py
[2023-10-02T13:23:26.380+0000] {processor.py:826} INFO - Processing file /opt/airflow/dags/xcom_dag.py for tasks to queue
[2023-10-02T13:23:26.388+0000] {logging_mixin.py:150} INFO - [2023-10-02T13:23:26.382+0000] {dagbag.py:541} INFO - Filling up the DagBag from /opt/airflow/dags/xcom_dag.py
[2023-10-02T13:23:26.491+0000] {processor.py:836} INFO - DAG(s) dict_keys(['xcom_dag']) retrieved from /opt/airflow/dags/xcom_dag.py
[2023-10-02T13:23:26.711+0000] {logging_mixin.py:150} INFO - [2023-10-02T13:23:26.700+0000] {dag.py:2742} INFO - Sync 1 DAGs
[2023-10-02T13:23:27.141+0000] {logging_mixin.py:150} INFO - [2023-10-02T13:23:27.141+0000] {dag.py:3504} INFO - Setting next_dagrun for xcom_dag to 2023-10-01T00:00:00+00:00, run_after=2023-10-02T00:00:00+00:00
[2023-10-02T13:23:27.332+0000] {processor.py:179} INFO - Processing /opt/airflow/dags/xcom_dag.py took 0.998 seconds
[2023-10-02T13:23:57.449+0000] {processor.py:157} INFO - Started process (PID=12710) to work on /opt/airflow/dags/xcom_dag.py
[2023-10-02T13:23:57.450+0000] {processor.py:826} INFO - Processing file /opt/airflow/dags/xcom_dag.py for tasks to queue
[2023-10-02T13:23:57.458+0000] {logging_mixin.py:150} INFO - [2023-10-02T13:23:57.451+0000] {dagbag.py:541} INFO - Filling up the DagBag from /opt/airflow/dags/xcom_dag.py
[2023-10-02T13:23:57.482+0000] {processor.py:836} INFO - DAG(s) dict_keys(['xcom_dag']) retrieved from /opt/airflow/dags/xcom_dag.py
[2023-10-02T13:23:57.581+0000] {logging_mixin.py:150} INFO - [2023-10-02T13:23:57.580+0000] {dag.py:2742} INFO - Sync 1 DAGs
[2023-10-02T13:23:57.671+0000] {logging_mixin.py:150} INFO - [2023-10-02T13:23:57.671+0000] {dag.py:3504} INFO - Setting next_dagrun for xcom_dag to 2023-10-01T00:00:00+00:00, run_after=2023-10-02T00:00:00+00:00
[2023-10-02T13:23:57.758+0000] {processor.py:179} INFO - Processing /opt/airflow/dags/xcom_dag.py took 0.326 seconds
[2023-10-02T13:24:28.430+0000] {processor.py:157} INFO - Started process (PID=12737) to work on /opt/airflow/dags/xcom_dag.py
[2023-10-02T13:24:28.432+0000] {processor.py:826} INFO - Processing file /opt/airflow/dags/xcom_dag.py for tasks to queue
[2023-10-02T13:24:28.440+0000] {logging_mixin.py:150} INFO - [2023-10-02T13:24:28.439+0000] {dagbag.py:541} INFO - Filling up the DagBag from /opt/airflow/dags/xcom_dag.py
[2023-10-02T13:24:28.482+0000] {processor.py:836} INFO - DAG(s) dict_keys(['xcom_dag']) retrieved from /opt/airflow/dags/xcom_dag.py
[2023-10-02T13:24:28.603+0000] {logging_mixin.py:150} INFO - [2023-10-02T13:24:28.602+0000] {dag.py:2742} INFO - Sync 1 DAGs
[2023-10-02T13:24:28.731+0000] {logging_mixin.py:150} INFO - [2023-10-02T13:24:28.731+0000] {dag.py:3504} INFO - Setting next_dagrun for xcom_dag to 2023-10-01T00:00:00+00:00, run_after=2023-10-02T00:00:00+00:00
[2023-10-02T13:24:28.849+0000] {processor.py:179} INFO - Processing /opt/airflow/dags/xcom_dag.py took 0.447 seconds
[2023-10-02T13:24:58.938+0000] {processor.py:157} INFO - Started process (PID=12764) to work on /opt/airflow/dags/xcom_dag.py
[2023-10-02T13:24:58.940+0000] {processor.py:826} INFO - Processing file /opt/airflow/dags/xcom_dag.py for tasks to queue
[2023-10-02T13:24:58.941+0000] {logging_mixin.py:150} INFO - [2023-10-02T13:24:58.941+0000] {dagbag.py:541} INFO - Filling up the DagBag from /opt/airflow/dags/xcom_dag.py
[2023-10-02T13:24:58.972+0000] {processor.py:836} INFO - DAG(s) dict_keys(['xcom_dag']) retrieved from /opt/airflow/dags/xcom_dag.py
[2023-10-02T13:24:59.061+0000] {logging_mixin.py:150} INFO - [2023-10-02T13:24:59.061+0000] {dag.py:2742} INFO - Sync 1 DAGs
[2023-10-02T13:24:59.171+0000] {logging_mixin.py:150} INFO - [2023-10-02T13:24:59.170+0000] {dag.py:3504} INFO - Setting next_dagrun for xcom_dag to 2023-10-01T00:00:00+00:00, run_after=2023-10-02T00:00:00+00:00
[2023-10-02T13:24:59.251+0000] {processor.py:179} INFO - Processing /opt/airflow/dags/xcom_dag.py took 0.328 seconds
[2023-10-02T13:25:29.552+0000] {processor.py:157} INFO - Started process (PID=12790) to work on /opt/airflow/dags/xcom_dag.py
[2023-10-02T13:25:29.559+0000] {processor.py:826} INFO - Processing file /opt/airflow/dags/xcom_dag.py for tasks to queue
[2023-10-02T13:25:29.560+0000] {logging_mixin.py:150} INFO - [2023-10-02T13:25:29.560+0000] {dagbag.py:541} INFO - Filling up the DagBag from /opt/airflow/dags/xcom_dag.py
[2023-10-02T13:25:29.591+0000] {processor.py:836} INFO - DAG(s) dict_keys(['xcom_dag']) retrieved from /opt/airflow/dags/xcom_dag.py
[2023-10-02T13:25:29.672+0000] {logging_mixin.py:150} INFO - [2023-10-02T13:25:29.672+0000] {dag.py:2742} INFO - Sync 1 DAGs
[2023-10-02T13:25:29.750+0000] {logging_mixin.py:150} INFO - [2023-10-02T13:25:29.749+0000] {dag.py:3504} INFO - Setting next_dagrun for xcom_dag to 2023-10-01T00:00:00+00:00, run_after=2023-10-02T00:00:00+00:00
[2023-10-02T13:25:29.822+0000] {processor.py:179} INFO - Processing /opt/airflow/dags/xcom_dag.py took 0.279 seconds
[2023-10-02T13:25:59.899+0000] {processor.py:157} INFO - Started process (PID=12819) to work on /opt/airflow/dags/xcom_dag.py
[2023-10-02T13:25:59.900+0000] {processor.py:826} INFO - Processing file /opt/airflow/dags/xcom_dag.py for tasks to queue
[2023-10-02T13:25:59.901+0000] {logging_mixin.py:150} INFO - [2023-10-02T13:25:59.901+0000] {dagbag.py:541} INFO - Filling up the DagBag from /opt/airflow/dags/xcom_dag.py
[2023-10-02T13:25:59.931+0000] {processor.py:836} INFO - DAG(s) dict_keys(['xcom_dag']) retrieved from /opt/airflow/dags/xcom_dag.py
[2023-10-02T13:26:00.021+0000] {logging_mixin.py:150} INFO - [2023-10-02T13:26:00.020+0000] {dag.py:2742} INFO - Sync 1 DAGs
[2023-10-02T13:26:00.099+0000] {logging_mixin.py:150} INFO - [2023-10-02T13:26:00.099+0000] {dag.py:3504} INFO - Setting next_dagrun for xcom_dag to 2023-10-01T00:00:00+00:00, run_after=2023-10-02T00:00:00+00:00
[2023-10-02T13:26:00.161+0000] {processor.py:179} INFO - Processing /opt/airflow/dags/xcom_dag.py took 0.272 seconds
[2023-10-02T13:26:31.071+0000] {processor.py:157} INFO - Started process (PID=12846) to work on /opt/airflow/dags/xcom_dag.py
[2023-10-02T13:26:31.072+0000] {processor.py:826} INFO - Processing file /opt/airflow/dags/xcom_dag.py for tasks to queue
[2023-10-02T13:26:31.079+0000] {logging_mixin.py:150} INFO - [2023-10-02T13:26:31.079+0000] {dagbag.py:541} INFO - Filling up the DagBag from /opt/airflow/dags/xcom_dag.py
[2023-10-02T13:26:31.099+0000] {processor.py:836} INFO - DAG(s) dict_keys(['xcom_dag']) retrieved from /opt/airflow/dags/xcom_dag.py
[2023-10-02T13:26:31.160+0000] {logging_mixin.py:150} INFO - [2023-10-02T13:26:31.160+0000] {dag.py:2742} INFO - Sync 1 DAGs
[2023-10-02T13:26:31.232+0000] {logging_mixin.py:150} INFO - [2023-10-02T13:26:31.232+0000] {dag.py:3504} INFO - Setting next_dagrun for xcom_dag to 2023-10-01T00:00:00+00:00, run_after=2023-10-02T00:00:00+00:00
[2023-10-02T13:26:31.291+0000] {processor.py:179} INFO - Processing /opt/airflow/dags/xcom_dag.py took 0.222 seconds
[2023-10-02T13:27:02.281+0000] {processor.py:157} INFO - Started process (PID=12874) to work on /opt/airflow/dags/xcom_dag.py
[2023-10-02T13:27:02.309+0000] {processor.py:826} INFO - Processing file /opt/airflow/dags/xcom_dag.py for tasks to queue
[2023-10-02T13:27:02.309+0000] {logging_mixin.py:150} INFO - [2023-10-02T13:27:02.309+0000] {dagbag.py:541} INFO - Filling up the DagBag from /opt/airflow/dags/xcom_dag.py
[2023-10-02T13:27:02.331+0000] {processor.py:836} INFO - DAG(s) dict_keys(['xcom_dag']) retrieved from /opt/airflow/dags/xcom_dag.py
[2023-10-02T13:27:02.401+0000] {logging_mixin.py:150} INFO - [2023-10-02T13:27:02.400+0000] {dag.py:2742} INFO - Sync 1 DAGs
[2023-10-02T13:27:02.471+0000] {logging_mixin.py:150} INFO - [2023-10-02T13:27:02.471+0000] {dag.py:3504} INFO - Setting next_dagrun for xcom_dag to 2023-10-01T00:00:00+00:00, run_after=2023-10-02T00:00:00+00:00
[2023-10-02T13:27:02.551+0000] {processor.py:179} INFO - Processing /opt/airflow/dags/xcom_dag.py took 0.280 seconds
[2023-10-02T13:27:33.058+0000] {processor.py:157} INFO - Started process (PID=12901) to work on /opt/airflow/dags/xcom_dag.py
[2023-10-02T13:27:33.060+0000] {processor.py:826} INFO - Processing file /opt/airflow/dags/xcom_dag.py for tasks to queue
[2023-10-02T13:27:33.061+0000] {logging_mixin.py:150} INFO - [2023-10-02T13:27:33.060+0000] {dagbag.py:541} INFO - Filling up the DagBag from /opt/airflow/dags/xcom_dag.py
[2023-10-02T13:27:33.098+0000] {processor.py:836} INFO - DAG(s) dict_keys(['xcom_dag']) retrieved from /opt/airflow/dags/xcom_dag.py
[2023-10-02T13:27:33.169+0000] {logging_mixin.py:150} INFO - [2023-10-02T13:27:33.169+0000] {dag.py:2742} INFO - Sync 1 DAGs
[2023-10-02T13:27:33.239+0000] {logging_mixin.py:150} INFO - [2023-10-02T13:27:33.239+0000] {dag.py:3504} INFO - Setting next_dagrun for xcom_dag to 2023-10-01T00:00:00+00:00, run_after=2023-10-02T00:00:00+00:00
[2023-10-02T13:27:33.292+0000] {processor.py:179} INFO - Processing /opt/airflow/dags/xcom_dag.py took 0.243 seconds
[2023-10-02T13:28:03.759+0000] {processor.py:157} INFO - Started process (PID=12928) to work on /opt/airflow/dags/xcom_dag.py
[2023-10-02T13:28:03.762+0000] {processor.py:826} INFO - Processing file /opt/airflow/dags/xcom_dag.py for tasks to queue
[2023-10-02T13:28:03.771+0000] {logging_mixin.py:150} INFO - [2023-10-02T13:28:03.770+0000] {dagbag.py:541} INFO - Filling up the DagBag from /opt/airflow/dags/xcom_dag.py
[2023-10-02T13:28:03.809+0000] {processor.py:836} INFO - DAG(s) dict_keys(['xcom_dag']) retrieved from /opt/airflow/dags/xcom_dag.py
[2023-10-02T13:28:03.911+0000] {logging_mixin.py:150} INFO - [2023-10-02T13:28:03.911+0000] {dag.py:2742} INFO - Sync 1 DAGs
[2023-10-02T13:28:04.021+0000] {logging_mixin.py:150} INFO - [2023-10-02T13:28:04.020+0000] {dag.py:3504} INFO - Setting next_dagrun for xcom_dag to 2023-10-01T00:00:00+00:00, run_after=2023-10-02T00:00:00+00:00
[2023-10-02T13:28:04.102+0000] {processor.py:179} INFO - Processing /opt/airflow/dags/xcom_dag.py took 0.361 seconds
[2023-10-02T13:28:34.361+0000] {processor.py:157} INFO - Started process (PID=12955) to work on /opt/airflow/dags/xcom_dag.py
[2023-10-02T13:28:34.421+0000] {processor.py:826} INFO - Processing file /opt/airflow/dags/xcom_dag.py for tasks to queue
[2023-10-02T13:28:34.439+0000] {logging_mixin.py:150} INFO - [2023-10-02T13:28:34.439+0000] {dagbag.py:541} INFO - Filling up the DagBag from /opt/airflow/dags/xcom_dag.py
[2023-10-02T13:28:34.621+0000] {processor.py:836} INFO - DAG(s) dict_keys(['xcom_dag']) retrieved from /opt/airflow/dags/xcom_dag.py
[2023-10-02T13:28:35.190+0000] {logging_mixin.py:150} INFO - [2023-10-02T13:28:35.180+0000] {dag.py:2742} INFO - Sync 1 DAGs
[2023-10-02T13:28:35.840+0000] {logging_mixin.py:150} INFO - [2023-10-02T13:28:35.832+0000] {dag.py:3504} INFO - Setting next_dagrun for xcom_dag to 2023-10-01T00:00:00+00:00, run_after=2023-10-02T00:00:00+00:00
[2023-10-02T13:28:36.180+0000] {processor.py:179} INFO - Processing /opt/airflow/dags/xcom_dag.py took 1.891 seconds
[2023-10-02T13:29:06.579+0000] {processor.py:157} INFO - Started process (PID=12989) to work on /opt/airflow/dags/xcom_dag.py
[2023-10-02T13:29:06.589+0000] {processor.py:826} INFO - Processing file /opt/airflow/dags/xcom_dag.py for tasks to queue
[2023-10-02T13:29:06.591+0000] {logging_mixin.py:150} INFO - [2023-10-02T13:29:06.590+0000] {dagbag.py:541} INFO - Filling up the DagBag from /opt/airflow/dags/xcom_dag.py
[2023-10-02T13:29:06.689+0000] {processor.py:836} INFO - DAG(s) dict_keys(['xcom_dag']) retrieved from /opt/airflow/dags/xcom_dag.py
[2023-10-02T13:29:06.951+0000] {logging_mixin.py:150} INFO - [2023-10-02T13:29:06.950+0000] {dag.py:2742} INFO - Sync 1 DAGs
[2023-10-02T13:29:07.351+0000] {logging_mixin.py:150} INFO - [2023-10-02T13:29:07.350+0000] {dag.py:3504} INFO - Setting next_dagrun for xcom_dag to 2023-10-01T00:00:00+00:00, run_after=2023-10-02T00:00:00+00:00
[2023-10-02T13:29:07.651+0000] {processor.py:179} INFO - Processing /opt/airflow/dags/xcom_dag.py took 1.140 seconds
[2023-10-02T13:29:40.889+0000] {processor.py:157} INFO - Started process (PID=13016) to work on /opt/airflow/dags/xcom_dag.py
[2023-10-02T13:29:40.901+0000] {processor.py:826} INFO - Processing file /opt/airflow/dags/xcom_dag.py for tasks to queue
[2023-10-02T13:29:40.929+0000] {logging_mixin.py:150} INFO - [2023-10-02T13:29:40.920+0000] {dagbag.py:541} INFO - Filling up the DagBag from /opt/airflow/dags/xcom_dag.py
[2023-10-02T13:29:41.100+0000] {processor.py:836} INFO - DAG(s) dict_keys(['xcom_dag']) retrieved from /opt/airflow/dags/xcom_dag.py
[2023-10-02T13:29:41.750+0000] {logging_mixin.py:150} INFO - [2023-10-02T13:29:41.749+0000] {dag.py:2742} INFO - Sync 1 DAGs
[2023-10-02T13:29:42.481+0000] {logging_mixin.py:150} INFO - [2023-10-02T13:29:42.480+0000] {dag.py:3504} INFO - Setting next_dagrun for xcom_dag to 2023-10-01T00:00:00+00:00, run_after=2023-10-02T00:00:00+00:00
[2023-10-02T13:29:43.051+0000] {processor.py:179} INFO - Processing /opt/airflow/dags/xcom_dag.py took 2.222 seconds
[2023-10-02T13:30:13.649+0000] {processor.py:157} INFO - Started process (PID=13034) to work on /opt/airflow/dags/xcom_dag.py
[2023-10-02T13:30:13.669+0000] {processor.py:826} INFO - Processing file /opt/airflow/dags/xcom_dag.py for tasks to queue
[2023-10-02T13:30:13.680+0000] {logging_mixin.py:150} INFO - [2023-10-02T13:30:13.679+0000] {dagbag.py:541} INFO - Filling up the DagBag from /opt/airflow/dags/xcom_dag.py
[2023-10-02T13:30:13.801+0000] {processor.py:836} INFO - DAG(s) dict_keys(['xcom_dag']) retrieved from /opt/airflow/dags/xcom_dag.py
[2023-10-02T13:30:14.180+0000] {logging_mixin.py:150} INFO - [2023-10-02T13:30:14.179+0000] {dag.py:2742} INFO - Sync 1 DAGs
[2023-10-02T13:30:14.509+0000] {logging_mixin.py:150} INFO - [2023-10-02T13:30:14.501+0000] {dag.py:3504} INFO - Setting next_dagrun for xcom_dag to 2023-10-01T00:00:00+00:00, run_after=2023-10-02T00:00:00+00:00
[2023-10-02T13:30:14.800+0000] {processor.py:179} INFO - Processing /opt/airflow/dags/xcom_dag.py took 1.202 seconds
[2023-10-02T13:30:45.121+0000] {processor.py:157} INFO - Started process (PID=13062) to work on /opt/airflow/dags/xcom_dag.py
[2023-10-02T13:30:45.139+0000] {processor.py:826} INFO - Processing file /opt/airflow/dags/xcom_dag.py for tasks to queue
[2023-10-02T13:30:45.150+0000] {logging_mixin.py:150} INFO - [2023-10-02T13:30:45.149+0000] {dagbag.py:541} INFO - Filling up the DagBag from /opt/airflow/dags/xcom_dag.py
[2023-10-02T13:30:45.270+0000] {processor.py:836} INFO - DAG(s) dict_keys(['xcom_dag']) retrieved from /opt/airflow/dags/xcom_dag.py
[2023-10-02T13:30:45.730+0000] {logging_mixin.py:150} INFO - [2023-10-02T13:30:45.721+0000] {dag.py:2742} INFO - Sync 1 DAGs
[2023-10-02T13:30:46.480+0000] {logging_mixin.py:150} INFO - [2023-10-02T13:30:46.480+0000] {dag.py:3504} INFO - Setting next_dagrun for xcom_dag to 2023-10-01T00:00:00+00:00, run_after=2023-10-02T00:00:00+00:00
[2023-10-02T13:30:46.781+0000] {processor.py:179} INFO - Processing /opt/airflow/dags/xcom_dag.py took 1.701 seconds
[2023-10-02T13:31:17.389+0000] {processor.py:157} INFO - Started process (PID=13088) to work on /opt/airflow/dags/xcom_dag.py
[2023-10-02T13:31:17.399+0000] {processor.py:826} INFO - Processing file /opt/airflow/dags/xcom_dag.py for tasks to queue
[2023-10-02T13:31:17.420+0000] {logging_mixin.py:150} INFO - [2023-10-02T13:31:17.401+0000] {dagbag.py:541} INFO - Filling up the DagBag from /opt/airflow/dags/xcom_dag.py
[2023-10-02T13:31:17.611+0000] {processor.py:836} INFO - DAG(s) dict_keys(['xcom_dag']) retrieved from /opt/airflow/dags/xcom_dag.py
[2023-10-02T13:31:18.241+0000] {logging_mixin.py:150} INFO - [2023-10-02T13:31:18.240+0000] {dag.py:2742} INFO - Sync 1 DAGs
[2023-10-02T13:31:19.978+0000] {logging_mixin.py:150} INFO - [2023-10-02T13:31:19.960+0000] {dag.py:3504} INFO - Setting next_dagrun for xcom_dag to 2023-10-01T00:00:00+00:00, run_after=2023-10-02T00:00:00+00:00
[2023-10-02T13:31:21.209+0000] {processor.py:179} INFO - Processing /opt/airflow/dags/xcom_dag.py took 3.862 seconds
[2023-10-02T13:31:52.150+0000] {processor.py:157} INFO - Started process (PID=13115) to work on /opt/airflow/dags/xcom_dag.py
[2023-10-02T13:31:52.159+0000] {processor.py:826} INFO - Processing file /opt/airflow/dags/xcom_dag.py for tasks to queue
[2023-10-02T13:31:52.180+0000] {logging_mixin.py:150} INFO - [2023-10-02T13:31:52.161+0000] {dagbag.py:541} INFO - Filling up the DagBag from /opt/airflow/dags/xcom_dag.py
[2023-10-02T13:31:52.289+0000] {processor.py:836} INFO - DAG(s) dict_keys(['xcom_dag']) retrieved from /opt/airflow/dags/xcom_dag.py
[2023-10-02T13:31:52.499+0000] {logging_mixin.py:150} INFO - [2023-10-02T13:31:52.498+0000] {dag.py:2742} INFO - Sync 1 DAGs
[2023-10-02T13:31:52.680+0000] {logging_mixin.py:150} INFO - [2023-10-02T13:31:52.680+0000] {dag.py:3504} INFO - Setting next_dagrun for xcom_dag to 2023-10-01T00:00:00+00:00, run_after=2023-10-02T00:00:00+00:00
[2023-10-02T13:31:52.838+0000] {processor.py:179} INFO - Processing /opt/airflow/dags/xcom_dag.py took 0.719 seconds
[2023-10-02T13:32:23.720+0000] {processor.py:157} INFO - Started process (PID=13143) to work on /opt/airflow/dags/xcom_dag.py
[2023-10-02T13:32:23.759+0000] {processor.py:826} INFO - Processing file /opt/airflow/dags/xcom_dag.py for tasks to queue
[2023-10-02T13:32:23.769+0000] {logging_mixin.py:150} INFO - [2023-10-02T13:32:23.760+0000] {dagbag.py:541} INFO - Filling up the DagBag from /opt/airflow/dags/xcom_dag.py
[2023-10-02T13:32:24.109+0000] {processor.py:836} INFO - DAG(s) dict_keys(['xcom_dag']) retrieved from /opt/airflow/dags/xcom_dag.py
[2023-10-02T13:32:25.438+0000] {logging_mixin.py:150} INFO - [2023-10-02T13:32:25.419+0000] {dag.py:2742} INFO - Sync 1 DAGs
[2023-10-02T13:32:25.779+0000] {logging_mixin.py:150} INFO - [2023-10-02T13:32:25.778+0000] {dag.py:3504} INFO - Setting next_dagrun for xcom_dag to 2023-10-01T00:00:00+00:00, run_after=2023-10-02T00:00:00+00:00
[2023-10-02T13:32:26.111+0000] {processor.py:179} INFO - Processing /opt/airflow/dags/xcom_dag.py took 2.491 seconds
[2023-10-02T13:32:59.840+0000] {processor.py:157} INFO - Started process (PID=13169) to work on /opt/airflow/dags/xcom_dag.py
[2023-10-02T13:32:59.880+0000] {processor.py:826} INFO - Processing file /opt/airflow/dags/xcom_dag.py for tasks to queue
[2023-10-02T13:32:59.910+0000] {logging_mixin.py:150} INFO - [2023-10-02T13:32:59.909+0000] {dagbag.py:541} INFO - Filling up the DagBag from /opt/airflow/dags/xcom_dag.py
[2023-10-02T13:33:00.290+0000] {processor.py:836} INFO - DAG(s) dict_keys(['xcom_dag']) retrieved from /opt/airflow/dags/xcom_dag.py
[2023-10-02T13:33:01.249+0000] {logging_mixin.py:150} INFO - [2023-10-02T13:33:01.231+0000] {dag.py:2742} INFO - Sync 1 DAGs
[2023-10-02T13:33:02.360+0000] {logging_mixin.py:150} INFO - [2023-10-02T13:33:02.359+0000] {dag.py:3504} INFO - Setting next_dagrun for xcom_dag to 2023-10-01T00:00:00+00:00, run_after=2023-10-02T00:00:00+00:00
[2023-10-02T13:33:03.338+0000] {processor.py:179} INFO - Processing /opt/airflow/dags/xcom_dag.py took 3.631 seconds
[2023-10-02T13:33:34.479+0000] {processor.py:157} INFO - Started process (PID=13190) to work on /opt/airflow/dags/xcom_dag.py
[2023-10-02T13:33:34.500+0000] {processor.py:826} INFO - Processing file /opt/airflow/dags/xcom_dag.py for tasks to queue
[2023-10-02T13:33:34.529+0000] {logging_mixin.py:150} INFO - [2023-10-02T13:33:34.528+0000] {dagbag.py:541} INFO - Filling up the DagBag from /opt/airflow/dags/xcom_dag.py
[2023-10-02T13:33:34.619+0000] {processor.py:836} INFO - DAG(s) dict_keys(['xcom_dag']) retrieved from /opt/airflow/dags/xcom_dag.py
[2023-10-02T13:33:34.979+0000] {logging_mixin.py:150} INFO - [2023-10-02T13:33:34.979+0000] {dag.py:2742} INFO - Sync 1 DAGs
[2023-10-02T13:33:35.329+0000] {logging_mixin.py:150} INFO - [2023-10-02T13:33:35.329+0000] {dag.py:3504} INFO - Setting next_dagrun for xcom_dag to 2023-10-01T00:00:00+00:00, run_after=2023-10-02T00:00:00+00:00
[2023-10-02T13:33:35.629+0000] {processor.py:179} INFO - Processing /opt/airflow/dags/xcom_dag.py took 1.250 seconds
[2023-10-02T13:34:05.810+0000] {processor.py:157} INFO - Started process (PID=13216) to work on /opt/airflow/dags/xcom_dag.py
[2023-10-02T13:34:05.820+0000] {processor.py:826} INFO - Processing file /opt/airflow/dags/xcom_dag.py for tasks to queue
[2023-10-02T13:34:05.830+0000] {logging_mixin.py:150} INFO - [2023-10-02T13:34:05.829+0000] {dagbag.py:541} INFO - Filling up the DagBag from /opt/airflow/dags/xcom_dag.py
[2023-10-02T13:34:06.018+0000] {processor.py:836} INFO - DAG(s) dict_keys(['xcom_dag']) retrieved from /opt/airflow/dags/xcom_dag.py
[2023-10-02T13:34:06.308+0000] {logging_mixin.py:150} INFO - [2023-10-02T13:34:06.299+0000] {dag.py:2742} INFO - Sync 1 DAGs
[2023-10-02T13:34:06.629+0000] {logging_mixin.py:150} INFO - [2023-10-02T13:34:06.620+0000] {dag.py:3504} INFO - Setting next_dagrun for xcom_dag to 2023-10-01T00:00:00+00:00, run_after=2023-10-02T00:00:00+00:00
[2023-10-02T13:34:06.840+0000] {processor.py:179} INFO - Processing /opt/airflow/dags/xcom_dag.py took 1.060 seconds
[2023-10-02T13:34:37.290+0000] {processor.py:157} INFO - Started process (PID=13244) to work on /opt/airflow/dags/xcom_dag.py
[2023-10-02T13:34:37.300+0000] {processor.py:826} INFO - Processing file /opt/airflow/dags/xcom_dag.py for tasks to queue
[2023-10-02T13:34:37.309+0000] {logging_mixin.py:150} INFO - [2023-10-02T13:34:37.309+0000] {dagbag.py:541} INFO - Filling up the DagBag from /opt/airflow/dags/xcom_dag.py
[2023-10-02T13:34:37.429+0000] {processor.py:836} INFO - DAG(s) dict_keys(['xcom_dag']) retrieved from /opt/airflow/dags/xcom_dag.py
[2023-10-02T13:34:37.659+0000] {logging_mixin.py:150} INFO - [2023-10-02T13:34:37.659+0000] {dag.py:2742} INFO - Sync 1 DAGs
[2023-10-02T13:34:37.958+0000] {logging_mixin.py:150} INFO - [2023-10-02T13:34:37.949+0000] {dag.py:3504} INFO - Setting next_dagrun for xcom_dag to 2023-10-01T00:00:00+00:00, run_after=2023-10-02T00:00:00+00:00
[2023-10-02T13:34:38.249+0000] {processor.py:179} INFO - Processing /opt/airflow/dags/xcom_dag.py took 0.980 seconds
[2023-10-02T13:35:08.609+0000] {processor.py:157} INFO - Started process (PID=13271) to work on /opt/airflow/dags/xcom_dag.py
[2023-10-02T13:35:08.610+0000] {processor.py:826} INFO - Processing file /opt/airflow/dags/xcom_dag.py for tasks to queue
[2023-10-02T13:35:08.619+0000] {logging_mixin.py:150} INFO - [2023-10-02T13:35:08.619+0000] {dagbag.py:541} INFO - Filling up the DagBag from /opt/airflow/dags/xcom_dag.py
[2023-10-02T13:35:08.778+0000] {processor.py:836} INFO - DAG(s) dict_keys(['xcom_dag']) retrieved from /opt/airflow/dags/xcom_dag.py
[2023-10-02T13:35:09.190+0000] {logging_mixin.py:150} INFO - [2023-10-02T13:35:09.189+0000] {dag.py:2742} INFO - Sync 1 DAGs
[2023-10-02T13:35:09.538+0000] {logging_mixin.py:150} INFO - [2023-10-02T13:35:09.530+0000] {dag.py:3504} INFO - Setting next_dagrun for xcom_dag to 2023-10-01T00:00:00+00:00, run_after=2023-10-02T00:00:00+00:00
[2023-10-02T13:35:09.868+0000] {processor.py:179} INFO - Processing /opt/airflow/dags/xcom_dag.py took 1.292 seconds
[2023-10-02T13:35:40.799+0000] {processor.py:157} INFO - Started process (PID=13298) to work on /opt/airflow/dags/xcom_dag.py
[2023-10-02T13:35:40.819+0000] {processor.py:826} INFO - Processing file /opt/airflow/dags/xcom_dag.py for tasks to queue
[2023-10-02T13:35:40.828+0000] {logging_mixin.py:150} INFO - [2023-10-02T13:35:40.820+0000] {dagbag.py:541} INFO - Filling up the DagBag from /opt/airflow/dags/xcom_dag.py
[2023-10-02T13:35:41.019+0000] {processor.py:836} INFO - DAG(s) dict_keys(['xcom_dag']) retrieved from /opt/airflow/dags/xcom_dag.py
[2023-10-02T13:35:41.358+0000] {logging_mixin.py:150} INFO - [2023-10-02T13:35:41.350+0000] {dag.py:2742} INFO - Sync 1 DAGs
[2023-10-02T13:35:41.820+0000] {logging_mixin.py:150} INFO - [2023-10-02T13:35:41.820+0000] {dag.py:3504} INFO - Setting next_dagrun for xcom_dag to 2023-10-01T00:00:00+00:00, run_after=2023-10-02T00:00:00+00:00
[2023-10-02T13:35:42.199+0000] {processor.py:179} INFO - Processing /opt/airflow/dags/xcom_dag.py took 1.430 seconds
[2023-10-02T13:36:13.100+0000] {processor.py:157} INFO - Started process (PID=13316) to work on /opt/airflow/dags/xcom_dag.py
[2023-10-02T13:36:13.119+0000] {processor.py:826} INFO - Processing file /opt/airflow/dags/xcom_dag.py for tasks to queue
[2023-10-02T13:36:13.120+0000] {logging_mixin.py:150} INFO - [2023-10-02T13:36:13.119+0000] {dagbag.py:541} INFO - Filling up the DagBag from /opt/airflow/dags/xcom_dag.py
[2023-10-02T13:36:13.220+0000] {processor.py:836} INFO - DAG(s) dict_keys(['xcom_dag']) retrieved from /opt/airflow/dags/xcom_dag.py
[2023-10-02T13:36:13.469+0000] {logging_mixin.py:150} INFO - [2023-10-02T13:36:13.469+0000] {dag.py:2742} INFO - Sync 1 DAGs
[2023-10-02T13:36:13.820+0000] {logging_mixin.py:150} INFO - [2023-10-02T13:36:13.820+0000] {dag.py:3504} INFO - Setting next_dagrun for xcom_dag to 2023-10-01T00:00:00+00:00, run_after=2023-10-02T00:00:00+00:00
[2023-10-02T13:36:14.069+0000] {processor.py:179} INFO - Processing /opt/airflow/dags/xcom_dag.py took 1.009 seconds
[2023-10-02T13:36:44.738+0000] {processor.py:157} INFO - Started process (PID=13344) to work on /opt/airflow/dags/xcom_dag.py
[2023-10-02T13:36:44.740+0000] {processor.py:826} INFO - Processing file /opt/airflow/dags/xcom_dag.py for tasks to queue
[2023-10-02T13:36:44.778+0000] {logging_mixin.py:150} INFO - [2023-10-02T13:36:44.759+0000] {dagbag.py:541} INFO - Filling up the DagBag from /opt/airflow/dags/xcom_dag.py
[2023-10-02T13:36:44.949+0000] {processor.py:836} INFO - DAG(s) dict_keys(['xcom_dag']) retrieved from /opt/airflow/dags/xcom_dag.py
[2023-10-02T13:36:45.369+0000] {logging_mixin.py:150} INFO - [2023-10-02T13:36:45.368+0000] {dag.py:2742} INFO - Sync 1 DAGs
[2023-10-02T13:36:45.809+0000] {logging_mixin.py:150} INFO - [2023-10-02T13:36:45.790+0000] {dag.py:3504} INFO - Setting next_dagrun for xcom_dag to 2023-10-01T00:00:00+00:00, run_after=2023-10-02T00:00:00+00:00
[2023-10-02T13:36:46.229+0000] {processor.py:179} INFO - Processing /opt/airflow/dags/xcom_dag.py took 1.529 seconds
[2023-10-02T13:37:16.708+0000] {processor.py:157} INFO - Started process (PID=13373) to work on /opt/airflow/dags/xcom_dag.py
[2023-10-02T13:37:16.729+0000] {processor.py:826} INFO - Processing file /opt/airflow/dags/xcom_dag.py for tasks to queue
[2023-10-02T13:37:16.739+0000] {logging_mixin.py:150} INFO - [2023-10-02T13:37:16.739+0000] {dagbag.py:541} INFO - Filling up the DagBag from /opt/airflow/dags/xcom_dag.py
[2023-10-02T13:37:16.899+0000] {processor.py:836} INFO - DAG(s) dict_keys(['xcom_dag']) retrieved from /opt/airflow/dags/xcom_dag.py
[2023-10-02T13:37:17.359+0000] {logging_mixin.py:150} INFO - [2023-10-02T13:37:17.359+0000] {dag.py:2742} INFO - Sync 1 DAGs
[2023-10-02T13:37:17.859+0000] {logging_mixin.py:150} INFO - [2023-10-02T13:37:17.859+0000] {dag.py:3504} INFO - Setting next_dagrun for xcom_dag to 2023-10-01T00:00:00+00:00, run_after=2023-10-02T00:00:00+00:00
[2023-10-02T13:37:18.208+0000] {processor.py:179} INFO - Processing /opt/airflow/dags/xcom_dag.py took 1.591 seconds
[2023-10-02T13:37:48.999+0000] {processor.py:157} INFO - Started process (PID=13400) to work on /opt/airflow/dags/xcom_dag.py
[2023-10-02T13:37:49.029+0000] {processor.py:826} INFO - Processing file /opt/airflow/dags/xcom_dag.py for tasks to queue
[2023-10-02T13:37:49.049+0000] {logging_mixin.py:150} INFO - [2023-10-02T13:37:49.039+0000] {dagbag.py:541} INFO - Filling up the DagBag from /opt/airflow/dags/xcom_dag.py
[2023-10-02T13:37:49.279+0000] {processor.py:836} INFO - DAG(s) dict_keys(['xcom_dag']) retrieved from /opt/airflow/dags/xcom_dag.py
[2023-10-02T13:37:49.859+0000] {logging_mixin.py:150} INFO - [2023-10-02T13:37:49.858+0000] {dag.py:2742} INFO - Sync 1 DAGs
[2023-10-02T13:37:50.509+0000] {logging_mixin.py:150} INFO - [2023-10-02T13:37:50.508+0000] {dag.py:3504} INFO - Setting next_dagrun for xcom_dag to 2023-10-01T00:00:00+00:00, run_after=2023-10-02T00:00:00+00:00
[2023-10-02T13:37:50.879+0000] {processor.py:179} INFO - Processing /opt/airflow/dags/xcom_dag.py took 1.980 seconds
[2023-10-02T13:38:21.339+0000] {processor.py:157} INFO - Started process (PID=13428) to work on /opt/airflow/dags/xcom_dag.py
[2023-10-02T13:38:21.359+0000] {processor.py:826} INFO - Processing file /opt/airflow/dags/xcom_dag.py for tasks to queue
[2023-10-02T13:38:21.369+0000] {logging_mixin.py:150} INFO - [2023-10-02T13:38:21.368+0000] {dagbag.py:541} INFO - Filling up the DagBag from /opt/airflow/dags/xcom_dag.py
[2023-10-02T13:38:21.479+0000] {processor.py:836} INFO - DAG(s) dict_keys(['xcom_dag']) retrieved from /opt/airflow/dags/xcom_dag.py
[2023-10-02T13:38:21.778+0000] {logging_mixin.py:150} INFO - [2023-10-02T13:38:21.770+0000] {dag.py:2742} INFO - Sync 1 DAGs
[2023-10-02T13:38:22.048+0000] {logging_mixin.py:150} INFO - [2023-10-02T13:38:22.039+0000] {dag.py:3504} INFO - Setting next_dagrun for xcom_dag to 2023-10-01T00:00:00+00:00, run_after=2023-10-02T00:00:00+00:00
[2023-10-02T13:38:22.259+0000] {processor.py:179} INFO - Processing /opt/airflow/dags/xcom_dag.py took 0.969 seconds
[2023-10-02T13:38:54.219+0000] {processor.py:157} INFO - Started process (PID=13457) to work on /opt/airflow/dags/xcom_dag.py
[2023-10-02T13:38:54.229+0000] {processor.py:826} INFO - Processing file /opt/airflow/dags/xcom_dag.py for tasks to queue
[2023-10-02T13:38:54.239+0000] {logging_mixin.py:150} INFO - [2023-10-02T13:38:54.229+0000] {dagbag.py:541} INFO - Filling up the DagBag from /opt/airflow/dags/xcom_dag.py
[2023-10-02T13:38:54.368+0000] {processor.py:836} INFO - DAG(s) dict_keys(['xcom_dag']) retrieved from /opt/airflow/dags/xcom_dag.py
[2023-10-02T13:38:54.749+0000] {logging_mixin.py:150} INFO - [2023-10-02T13:38:54.749+0000] {dag.py:2742} INFO - Sync 1 DAGs
[2023-10-02T13:38:55.189+0000] {logging_mixin.py:150} INFO - [2023-10-02T13:38:55.188+0000] {dag.py:3504} INFO - Setting next_dagrun for xcom_dag to 2023-10-01T00:00:00+00:00, run_after=2023-10-02T00:00:00+00:00
[2023-10-02T13:38:55.538+0000] {processor.py:179} INFO - Processing /opt/airflow/dags/xcom_dag.py took 1.379 seconds
[2023-10-02T13:39:26.428+0000] {processor.py:157} INFO - Started process (PID=13475) to work on /opt/airflow/dags/xcom_dag.py
[2023-10-02T13:39:26.469+0000] {processor.py:826} INFO - Processing file /opt/airflow/dags/xcom_dag.py for tasks to queue
[2023-10-02T13:39:26.489+0000] {logging_mixin.py:150} INFO - [2023-10-02T13:39:26.479+0000] {dagbag.py:541} INFO - Filling up the DagBag from /opt/airflow/dags/xcom_dag.py
[2023-10-02T13:39:26.678+0000] {processor.py:836} INFO - DAG(s) dict_keys(['xcom_dag']) retrieved from /opt/airflow/dags/xcom_dag.py
[2023-10-02T13:39:27.068+0000] {logging_mixin.py:150} INFO - [2023-10-02T13:39:27.059+0000] {dag.py:2742} INFO - Sync 1 DAGs
[2023-10-02T13:39:27.489+0000] {logging_mixin.py:150} INFO - [2023-10-02T13:39:27.488+0000] {dag.py:3504} INFO - Setting next_dagrun for xcom_dag to 2023-10-01T00:00:00+00:00, run_after=2023-10-02T00:00:00+00:00
[2023-10-02T13:39:27.909+0000] {processor.py:179} INFO - Processing /opt/airflow/dags/xcom_dag.py took 1.570 seconds
[2023-10-02T13:40:01.719+0000] {processor.py:157} INFO - Started process (PID=13496) to work on /opt/airflow/dags/xcom_dag.py
[2023-10-02T13:40:01.749+0000] {processor.py:826} INFO - Processing file /opt/airflow/dags/xcom_dag.py for tasks to queue
[2023-10-02T13:40:01.869+0000] {logging_mixin.py:150} INFO - [2023-10-02T13:40:01.839+0000] {dagbag.py:541} INFO - Filling up the DagBag from /opt/airflow/dags/xcom_dag.py
[2023-10-02T13:40:02.809+0000] {processor.py:836} INFO - DAG(s) dict_keys(['xcom_dag']) retrieved from /opt/airflow/dags/xcom_dag.py
[2023-10-02T13:40:04.839+0000] {logging_mixin.py:150} INFO - [2023-10-02T13:40:04.829+0000] {dag.py:2742} INFO - Sync 1 DAGs
[2023-10-02T13:40:07.119+0000] {logging_mixin.py:150} INFO - [2023-10-02T13:40:07.079+0000] {dag.py:3504} INFO - Setting next_dagrun for xcom_dag to 2023-10-01T00:00:00+00:00, run_after=2023-10-02T00:00:00+00:00
[2023-10-02T13:40:08.429+0000] {processor.py:179} INFO - Processing /opt/airflow/dags/xcom_dag.py took 6.950 seconds
[2023-10-02T13:41:05.258+0000] {processor.py:157} INFO - Started process (PID=13531) to work on /opt/airflow/dags/xcom_dag.py
[2023-10-02T13:41:05.379+0000] {processor.py:826} INFO - Processing file /opt/airflow/dags/xcom_dag.py for tasks to queue
[2023-10-02T13:41:05.449+0000] {logging_mixin.py:150} INFO - [2023-10-02T13:41:05.418+0000] {dagbag.py:541} INFO - Filling up the DagBag from /opt/airflow/dags/xcom_dag.py
[2023-10-02T13:41:06.799+0000] {processor.py:836} INFO - DAG(s) dict_keys(['xcom_dag']) retrieved from /opt/airflow/dags/xcom_dag.py
[2023-10-02T13:41:10.498+0000] {logging_mixin.py:150} INFO - [2023-10-02T13:41:10.379+0000] {dag.py:2742} INFO - Sync 1 DAGs
[2023-10-02T13:41:16.468+0000] {logging_mixin.py:150} INFO - [2023-10-02T13:41:16.458+0000] {dag.py:3504} INFO - Setting next_dagrun for xcom_dag to 2023-10-01T00:00:00+00:00, run_after=2023-10-02T00:00:00+00:00
[2023-10-02T13:41:19.138+0000] {processor.py:179} INFO - Processing /opt/airflow/dags/xcom_dag.py took 14.440 seconds
[2023-10-02T13:43:30.688+0000] {processor.py:157} INFO - Started process (PID=13577) to work on /opt/airflow/dags/xcom_dag.py
[2023-10-02T13:43:31.888+0000] {processor.py:826} INFO - Processing file /opt/airflow/dags/xcom_dag.py for tasks to queue
[2023-10-02T13:43:34.038+0000] {logging_mixin.py:150} INFO - [2023-10-02T13:43:33.278+0000] {dagbag.py:541} INFO - Filling up the DagBag from /opt/airflow/dags/xcom_dag.py
[2023-10-02T13:43:45.788+0000] {processor.py:836} INFO - DAG(s) dict_keys(['xcom_dag']) retrieved from /opt/airflow/dags/xcom_dag.py
