[2023-09-28T23:24:14.553+0000] {processor.py:157} INFO - Started process (PID=6798) to work on /opt/airflow/dags/subdags/subdag_transforms.py
[2023-09-28T23:24:14.554+0000] {processor.py:826} INFO - Processing file /opt/airflow/dags/subdags/subdag_transforms.py for tasks to queue
[2023-09-28T23:24:14.554+0000] {logging_mixin.py:150} INFO - [2023-09-28T23:24:14.554+0000] {dagbag.py:541} INFO - Filling up the DagBag from /opt/airflow/dags/subdags/subdag_transforms.py
[2023-09-28T23:24:14.558+0000] {processor.py:838} WARNING - No viable dags retrieved from /opt/airflow/dags/subdags/subdag_transforms.py
[2023-09-28T23:24:14.581+0000] {processor.py:179} INFO - Processing /opt/airflow/dags/subdags/subdag_transforms.py took 0.032 seconds
[2023-09-28T23:24:44.877+0000] {processor.py:157} INFO - Started process (PID=6822) to work on /opt/airflow/dags/subdags/subdag_transforms.py
[2023-09-28T23:24:44.878+0000] {processor.py:826} INFO - Processing file /opt/airflow/dags/subdags/subdag_transforms.py for tasks to queue
[2023-09-28T23:24:44.878+0000] {logging_mixin.py:150} INFO - [2023-09-28T23:24:44.878+0000] {dagbag.py:541} INFO - Filling up the DagBag from /opt/airflow/dags/subdags/subdag_transforms.py
[2023-09-28T23:24:44.880+0000] {processor.py:838} WARNING - No viable dags retrieved from /opt/airflow/dags/subdags/subdag_transforms.py
[2023-09-28T23:24:44.899+0000] {processor.py:179} INFO - Processing /opt/airflow/dags/subdags/subdag_transforms.py took 0.026 seconds
[2023-09-28T23:25:15.538+0000] {processor.py:157} INFO - Started process (PID=6846) to work on /opt/airflow/dags/subdags/subdag_transforms.py
[2023-09-28T23:25:15.544+0000] {processor.py:826} INFO - Processing file /opt/airflow/dags/subdags/subdag_transforms.py for tasks to queue
[2023-09-28T23:25:15.546+0000] {logging_mixin.py:150} INFO - [2023-09-28T23:25:15.545+0000] {dagbag.py:541} INFO - Filling up the DagBag from /opt/airflow/dags/subdags/subdag_transforms.py
[2023-09-28T23:25:15.554+0000] {processor.py:838} WARNING - No viable dags retrieved from /opt/airflow/dags/subdags/subdag_transforms.py
[2023-09-28T23:25:15.575+0000] {processor.py:179} INFO - Processing /opt/airflow/dags/subdags/subdag_transforms.py took 0.041 seconds
[2023-09-28T23:25:46.564+0000] {processor.py:157} INFO - Started process (PID=6871) to work on /opt/airflow/dags/subdags/subdag_transforms.py
[2023-09-28T23:25:46.566+0000] {processor.py:826} INFO - Processing file /opt/airflow/dags/subdags/subdag_transforms.py for tasks to queue
[2023-09-28T23:25:46.567+0000] {logging_mixin.py:150} INFO - [2023-09-28T23:25:46.566+0000] {dagbag.py:541} INFO - Filling up the DagBag from /opt/airflow/dags/subdags/subdag_transforms.py
[2023-09-28T23:25:46.569+0000] {processor.py:838} WARNING - No viable dags retrieved from /opt/airflow/dags/subdags/subdag_transforms.py
[2023-09-28T23:25:46.586+0000] {processor.py:179} INFO - Processing /opt/airflow/dags/subdags/subdag_transforms.py took 0.025 seconds
[2023-09-28T23:26:16.695+0000] {processor.py:157} INFO - Started process (PID=6894) to work on /opt/airflow/dags/subdags/subdag_transforms.py
[2023-09-28T23:26:16.696+0000] {processor.py:826} INFO - Processing file /opt/airflow/dags/subdags/subdag_transforms.py for tasks to queue
[2023-09-28T23:26:16.697+0000] {logging_mixin.py:150} INFO - [2023-09-28T23:26:16.697+0000] {dagbag.py:541} INFO - Filling up the DagBag from /opt/airflow/dags/subdags/subdag_transforms.py
[2023-09-28T23:26:16.700+0000] {processor.py:838} WARNING - No viable dags retrieved from /opt/airflow/dags/subdags/subdag_transforms.py
[2023-09-28T23:26:16.720+0000] {processor.py:179} INFO - Processing /opt/airflow/dags/subdags/subdag_transforms.py took 0.027 seconds
[2023-09-28T23:26:47.311+0000] {processor.py:157} INFO - Started process (PID=6919) to work on /opt/airflow/dags/subdags/subdag_transforms.py
[2023-09-28T23:26:47.312+0000] {processor.py:826} INFO - Processing file /opt/airflow/dags/subdags/subdag_transforms.py for tasks to queue
[2023-09-28T23:26:47.313+0000] {logging_mixin.py:150} INFO - [2023-09-28T23:26:47.313+0000] {dagbag.py:541} INFO - Filling up the DagBag from /opt/airflow/dags/subdags/subdag_transforms.py
[2023-09-28T23:26:47.315+0000] {processor.py:838} WARNING - No viable dags retrieved from /opt/airflow/dags/subdags/subdag_transforms.py
[2023-09-28T23:26:47.337+0000] {processor.py:179} INFO - Processing /opt/airflow/dags/subdags/subdag_transforms.py took 0.030 seconds
[2023-09-28T23:27:17.955+0000] {processor.py:157} INFO - Started process (PID=6943) to work on /opt/airflow/dags/subdags/subdag_transforms.py
[2023-09-28T23:27:17.957+0000] {processor.py:826} INFO - Processing file /opt/airflow/dags/subdags/subdag_transforms.py for tasks to queue
[2023-09-28T23:27:17.959+0000] {logging_mixin.py:150} INFO - [2023-09-28T23:27:17.957+0000] {dagbag.py:541} INFO - Filling up the DagBag from /opt/airflow/dags/subdags/subdag_transforms.py
[2023-09-28T23:27:17.961+0000] {processor.py:838} WARNING - No viable dags retrieved from /opt/airflow/dags/subdags/subdag_transforms.py
[2023-09-28T23:27:17.978+0000] {processor.py:179} INFO - Processing /opt/airflow/dags/subdags/subdag_transforms.py took 0.026 seconds
[2023-09-28T23:27:48.087+0000] {processor.py:157} INFO - Started process (PID=6966) to work on /opt/airflow/dags/subdags/subdag_transforms.py
[2023-09-28T23:27:48.089+0000] {processor.py:826} INFO - Processing file /opt/airflow/dags/subdags/subdag_transforms.py for tasks to queue
[2023-09-28T23:27:48.090+0000] {logging_mixin.py:150} INFO - [2023-09-28T23:27:48.089+0000] {dagbag.py:541} INFO - Filling up the DagBag from /opt/airflow/dags/subdags/subdag_transforms.py
[2023-09-28T23:27:48.093+0000] {processor.py:838} WARNING - No viable dags retrieved from /opt/airflow/dags/subdags/subdag_transforms.py
[2023-09-28T23:27:48.111+0000] {processor.py:179} INFO - Processing /opt/airflow/dags/subdags/subdag_transforms.py took 0.029 seconds
[2023-09-28T23:28:18.172+0000] {processor.py:157} INFO - Started process (PID=6990) to work on /opt/airflow/dags/subdags/subdag_transforms.py
[2023-09-28T23:28:18.177+0000] {processor.py:826} INFO - Processing file /opt/airflow/dags/subdags/subdag_transforms.py for tasks to queue
[2023-09-28T23:28:18.178+0000] {logging_mixin.py:150} INFO - [2023-09-28T23:28:18.177+0000] {dagbag.py:541} INFO - Filling up the DagBag from /opt/airflow/dags/subdags/subdag_transforms.py
[2023-09-28T23:28:18.180+0000] {processor.py:838} WARNING - No viable dags retrieved from /opt/airflow/dags/subdags/subdag_transforms.py
[2023-09-28T23:28:18.195+0000] {processor.py:179} INFO - Processing /opt/airflow/dags/subdags/subdag_transforms.py took 0.027 seconds
[2023-09-28T23:28:48.786+0000] {processor.py:157} INFO - Started process (PID=7015) to work on /opt/airflow/dags/subdags/subdag_transforms.py
[2023-09-28T23:28:48.788+0000] {processor.py:826} INFO - Processing file /opt/airflow/dags/subdags/subdag_transforms.py for tasks to queue
[2023-09-28T23:28:48.788+0000] {logging_mixin.py:150} INFO - [2023-09-28T23:28:48.788+0000] {dagbag.py:541} INFO - Filling up the DagBag from /opt/airflow/dags/subdags/subdag_transforms.py
[2023-09-28T23:28:48.790+0000] {processor.py:838} WARNING - No viable dags retrieved from /opt/airflow/dags/subdags/subdag_transforms.py
[2023-09-28T23:28:48.805+0000] {processor.py:179} INFO - Processing /opt/airflow/dags/subdags/subdag_transforms.py took 0.022 seconds
[2023-09-28T23:29:19.824+0000] {processor.py:157} INFO - Started process (PID=7042) to work on /opt/airflow/dags/subdags/subdag_transforms.py
[2023-09-28T23:29:19.825+0000] {processor.py:826} INFO - Processing file /opt/airflow/dags/subdags/subdag_transforms.py for tasks to queue
[2023-09-28T23:29:19.826+0000] {logging_mixin.py:150} INFO - [2023-09-28T23:29:19.826+0000] {dagbag.py:541} INFO - Filling up the DagBag from /opt/airflow/dags/subdags/subdag_transforms.py
[2023-09-28T23:29:19.828+0000] {processor.py:838} WARNING - No viable dags retrieved from /opt/airflow/dags/subdags/subdag_transforms.py
[2023-09-28T23:29:19.842+0000] {processor.py:179} INFO - Processing /opt/airflow/dags/subdags/subdag_transforms.py took 0.022 seconds
[2023-09-28T23:29:50.024+0000] {processor.py:157} INFO - Started process (PID=7068) to work on /opt/airflow/dags/subdags/subdag_transforms.py
[2023-09-28T23:29:50.028+0000] {processor.py:826} INFO - Processing file /opt/airflow/dags/subdags/subdag_transforms.py for tasks to queue
[2023-09-28T23:29:50.030+0000] {logging_mixin.py:150} INFO - [2023-09-28T23:29:50.029+0000] {dagbag.py:541} INFO - Filling up the DagBag from /opt/airflow/dags/subdags/subdag_transforms.py
[2023-09-28T23:29:50.031+0000] {processor.py:838} WARNING - No viable dags retrieved from /opt/airflow/dags/subdags/subdag_transforms.py
[2023-09-28T23:29:50.046+0000] {processor.py:179} INFO - Processing /opt/airflow/dags/subdags/subdag_transforms.py took 0.026 seconds
[2023-09-28T23:30:20.258+0000] {processor.py:157} INFO - Started process (PID=7095) to work on /opt/airflow/dags/subdags/subdag_transforms.py
[2023-09-28T23:30:20.260+0000] {processor.py:826} INFO - Processing file /opt/airflow/dags/subdags/subdag_transforms.py for tasks to queue
[2023-09-28T23:30:20.261+0000] {logging_mixin.py:150} INFO - [2023-09-28T23:30:20.260+0000] {dagbag.py:541} INFO - Filling up the DagBag from /opt/airflow/dags/subdags/subdag_transforms.py
[2023-09-28T23:30:20.266+0000] {processor.py:838} WARNING - No viable dags retrieved from /opt/airflow/dags/subdags/subdag_transforms.py
[2023-09-28T23:30:20.283+0000] {processor.py:179} INFO - Processing /opt/airflow/dags/subdags/subdag_transforms.py took 0.029 seconds
[2023-09-28T23:30:50.624+0000] {processor.py:157} INFO - Started process (PID=7121) to work on /opt/airflow/dags/subdags/subdag_transforms.py
[2023-09-28T23:30:50.626+0000] {processor.py:826} INFO - Processing file /opt/airflow/dags/subdags/subdag_transforms.py for tasks to queue
[2023-09-28T23:30:50.627+0000] {logging_mixin.py:150} INFO - [2023-09-28T23:30:50.626+0000] {dagbag.py:541} INFO - Filling up the DagBag from /opt/airflow/dags/subdags/subdag_transforms.py
[2023-09-28T23:30:50.630+0000] {processor.py:838} WARNING - No viable dags retrieved from /opt/airflow/dags/subdags/subdag_transforms.py
[2023-09-28T23:30:50.651+0000] {processor.py:179} INFO - Processing /opt/airflow/dags/subdags/subdag_transforms.py took 0.031 seconds
[2023-09-28T23:31:21.005+0000] {processor.py:157} INFO - Started process (PID=7148) to work on /opt/airflow/dags/subdags/subdag_transforms.py
[2023-09-28T23:31:21.009+0000] {processor.py:826} INFO - Processing file /opt/airflow/dags/subdags/subdag_transforms.py for tasks to queue
[2023-09-28T23:31:21.010+0000] {logging_mixin.py:150} INFO - [2023-09-28T23:31:21.010+0000] {dagbag.py:541} INFO - Filling up the DagBag from /opt/airflow/dags/subdags/subdag_transforms.py
[2023-09-28T23:31:21.012+0000] {processor.py:838} WARNING - No viable dags retrieved from /opt/airflow/dags/subdags/subdag_transforms.py
[2023-09-28T23:31:21.029+0000] {processor.py:179} INFO - Processing /opt/airflow/dags/subdags/subdag_transforms.py took 0.027 seconds
[2023-09-28T23:31:51.223+0000] {processor.py:157} INFO - Started process (PID=7174) to work on /opt/airflow/dags/subdags/subdag_transforms.py
[2023-09-28T23:31:51.227+0000] {processor.py:826} INFO - Processing file /opt/airflow/dags/subdags/subdag_transforms.py for tasks to queue
[2023-09-28T23:31:51.228+0000] {logging_mixin.py:150} INFO - [2023-09-28T23:31:51.228+0000] {dagbag.py:541} INFO - Filling up the DagBag from /opt/airflow/dags/subdags/subdag_transforms.py
[2023-09-28T23:31:51.230+0000] {processor.py:838} WARNING - No viable dags retrieved from /opt/airflow/dags/subdags/subdag_transforms.py
[2023-09-28T23:31:51.245+0000] {processor.py:179} INFO - Processing /opt/airflow/dags/subdags/subdag_transforms.py took 0.026 seconds
[2023-09-28T23:32:21.356+0000] {processor.py:157} INFO - Started process (PID=7201) to work on /opt/airflow/dags/subdags/subdag_transforms.py
[2023-09-28T23:32:21.358+0000] {processor.py:826} INFO - Processing file /opt/airflow/dags/subdags/subdag_transforms.py for tasks to queue
[2023-09-28T23:32:21.359+0000] {logging_mixin.py:150} INFO - [2023-09-28T23:32:21.359+0000] {dagbag.py:541} INFO - Filling up the DagBag from /opt/airflow/dags/subdags/subdag_transforms.py
[2023-09-28T23:32:21.362+0000] {processor.py:838} WARNING - No viable dags retrieved from /opt/airflow/dags/subdags/subdag_transforms.py
[2023-09-28T23:32:21.380+0000] {processor.py:179} INFO - Processing /opt/airflow/dags/subdags/subdag_transforms.py took 0.027 seconds
[2023-09-28T23:32:51.502+0000] {processor.py:157} INFO - Started process (PID=7227) to work on /opt/airflow/dags/subdags/subdag_transforms.py
[2023-09-28T23:32:51.504+0000] {processor.py:826} INFO - Processing file /opt/airflow/dags/subdags/subdag_transforms.py for tasks to queue
[2023-09-28T23:32:51.505+0000] {logging_mixin.py:150} INFO - [2023-09-28T23:32:51.505+0000] {dagbag.py:541} INFO - Filling up the DagBag from /opt/airflow/dags/subdags/subdag_transforms.py
[2023-09-28T23:32:51.508+0000] {processor.py:838} WARNING - No viable dags retrieved from /opt/airflow/dags/subdags/subdag_transforms.py
[2023-09-28T23:32:51.527+0000] {processor.py:179} INFO - Processing /opt/airflow/dags/subdags/subdag_transforms.py took 0.030 seconds
[2023-09-28T23:33:21.641+0000] {processor.py:157} INFO - Started process (PID=7254) to work on /opt/airflow/dags/subdags/subdag_transforms.py
[2023-09-28T23:33:21.642+0000] {processor.py:826} INFO - Processing file /opt/airflow/dags/subdags/subdag_transforms.py for tasks to queue
[2023-09-28T23:33:21.643+0000] {logging_mixin.py:150} INFO - [2023-09-28T23:33:21.642+0000] {dagbag.py:541} INFO - Filling up the DagBag from /opt/airflow/dags/subdags/subdag_transforms.py
[2023-09-28T23:33:21.644+0000] {processor.py:838} WARNING - No viable dags retrieved from /opt/airflow/dags/subdags/subdag_transforms.py
[2023-09-28T23:33:21.660+0000] {processor.py:179} INFO - Processing /opt/airflow/dags/subdags/subdag_transforms.py took 0.022 seconds
[2023-09-28T23:33:51.880+0000] {processor.py:157} INFO - Started process (PID=7286) to work on /opt/airflow/dags/subdags/subdag_transforms.py
[2023-09-28T23:33:51.882+0000] {processor.py:826} INFO - Processing file /opt/airflow/dags/subdags/subdag_transforms.py for tasks to queue
[2023-09-28T23:33:51.883+0000] {logging_mixin.py:150} INFO - [2023-09-28T23:33:51.883+0000] {dagbag.py:541} INFO - Filling up the DagBag from /opt/airflow/dags/subdags/subdag_transforms.py
[2023-09-28T23:33:51.885+0000] {processor.py:838} WARNING - No viable dags retrieved from /opt/airflow/dags/subdags/subdag_transforms.py
[2023-09-28T23:33:51.901+0000] {processor.py:179} INFO - Processing /opt/airflow/dags/subdags/subdag_transforms.py took 0.024 seconds
[2023-09-28T23:34:22.498+0000] {processor.py:157} INFO - Started process (PID=7312) to work on /opt/airflow/dags/subdags/subdag_transforms.py
[2023-09-28T23:34:22.502+0000] {processor.py:826} INFO - Processing file /opt/airflow/dags/subdags/subdag_transforms.py for tasks to queue
[2023-09-28T23:34:22.503+0000] {logging_mixin.py:150} INFO - [2023-09-28T23:34:22.503+0000] {dagbag.py:541} INFO - Filling up the DagBag from /opt/airflow/dags/subdags/subdag_transforms.py
[2023-09-28T23:34:22.505+0000] {processor.py:838} WARNING - No viable dags retrieved from /opt/airflow/dags/subdags/subdag_transforms.py
[2023-09-28T23:34:22.524+0000] {processor.py:179} INFO - Processing /opt/airflow/dags/subdags/subdag_transforms.py took 0.030 seconds
[2023-09-28T23:34:52.918+0000] {processor.py:157} INFO - Started process (PID=7338) to work on /opt/airflow/dags/subdags/subdag_transforms.py
[2023-09-28T23:34:52.923+0000] {processor.py:826} INFO - Processing file /opt/airflow/dags/subdags/subdag_transforms.py for tasks to queue
[2023-09-28T23:34:52.925+0000] {logging_mixin.py:150} INFO - [2023-09-28T23:34:52.924+0000] {dagbag.py:541} INFO - Filling up the DagBag from /opt/airflow/dags/subdags/subdag_transforms.py
[2023-09-28T23:34:52.931+0000] {processor.py:838} WARNING - No viable dags retrieved from /opt/airflow/dags/subdags/subdag_transforms.py
[2023-09-28T23:34:52.962+0000] {processor.py:179} INFO - Processing /opt/airflow/dags/subdags/subdag_transforms.py took 0.047 seconds
[2023-09-28T23:35:23.086+0000] {processor.py:157} INFO - Started process (PID=7369) to work on /opt/airflow/dags/subdags/subdag_transforms.py
[2023-09-28T23:35:23.087+0000] {processor.py:826} INFO - Processing file /opt/airflow/dags/subdags/subdag_transforms.py for tasks to queue
[2023-09-28T23:35:23.088+0000] {logging_mixin.py:150} INFO - [2023-09-28T23:35:23.088+0000] {dagbag.py:541} INFO - Filling up the DagBag from /opt/airflow/dags/subdags/subdag_transforms.py
[2023-09-28T23:35:23.090+0000] {processor.py:838} WARNING - No viable dags retrieved from /opt/airflow/dags/subdags/subdag_transforms.py
[2023-09-28T23:35:23.104+0000] {processor.py:179} INFO - Processing /opt/airflow/dags/subdags/subdag_transforms.py took 0.022 seconds
[2023-09-28T23:35:53.424+0000] {processor.py:157} INFO - Started process (PID=7395) to work on /opt/airflow/dags/subdags/subdag_transforms.py
[2023-09-28T23:35:53.426+0000] {processor.py:826} INFO - Processing file /opt/airflow/dags/subdags/subdag_transforms.py for tasks to queue
[2023-09-28T23:35:53.427+0000] {logging_mixin.py:150} INFO - [2023-09-28T23:35:53.427+0000] {dagbag.py:541} INFO - Filling up the DagBag from /opt/airflow/dags/subdags/subdag_transforms.py
[2023-09-28T23:35:53.429+0000] {processor.py:838} WARNING - No viable dags retrieved from /opt/airflow/dags/subdags/subdag_transforms.py
[2023-09-28T23:35:53.443+0000] {processor.py:179} INFO - Processing /opt/airflow/dags/subdags/subdag_transforms.py took 0.022 seconds
[2023-09-28T23:36:23.524+0000] {processor.py:157} INFO - Started process (PID=7421) to work on /opt/airflow/dags/subdags/subdag_transforms.py
[2023-09-28T23:36:23.526+0000] {processor.py:826} INFO - Processing file /opt/airflow/dags/subdags/subdag_transforms.py for tasks to queue
[2023-09-28T23:36:23.527+0000] {logging_mixin.py:150} INFO - [2023-09-28T23:36:23.527+0000] {dagbag.py:541} INFO - Filling up the DagBag from /opt/airflow/dags/subdags/subdag_transforms.py
[2023-09-28T23:36:23.532+0000] {processor.py:838} WARNING - No viable dags retrieved from /opt/airflow/dags/subdags/subdag_transforms.py
[2023-09-28T23:36:23.554+0000] {processor.py:179} INFO - Processing /opt/airflow/dags/subdags/subdag_transforms.py took 0.034 seconds
[2023-09-28T23:36:53.808+0000] {processor.py:157} INFO - Started process (PID=7449) to work on /opt/airflow/dags/subdags/subdag_transforms.py
[2023-09-28T23:36:53.809+0000] {processor.py:826} INFO - Processing file /opt/airflow/dags/subdags/subdag_transforms.py for tasks to queue
[2023-09-28T23:36:53.810+0000] {logging_mixin.py:150} INFO - [2023-09-28T23:36:53.810+0000] {dagbag.py:541} INFO - Filling up the DagBag from /opt/airflow/dags/subdags/subdag_transforms.py
[2023-09-28T23:36:53.812+0000] {processor.py:838} WARNING - No viable dags retrieved from /opt/airflow/dags/subdags/subdag_transforms.py
[2023-09-28T23:36:53.828+0000] {processor.py:179} INFO - Processing /opt/airflow/dags/subdags/subdag_transforms.py took 0.023 seconds
[2023-09-28T23:37:24.148+0000] {processor.py:157} INFO - Started process (PID=7476) to work on /opt/airflow/dags/subdags/subdag_transforms.py
[2023-09-28T23:37:24.152+0000] {processor.py:826} INFO - Processing file /opt/airflow/dags/subdags/subdag_transforms.py for tasks to queue
[2023-09-28T23:37:24.153+0000] {logging_mixin.py:150} INFO - [2023-09-28T23:37:24.153+0000] {dagbag.py:541} INFO - Filling up the DagBag from /opt/airflow/dags/subdags/subdag_transforms.py
[2023-09-28T23:37:24.156+0000] {processor.py:838} WARNING - No viable dags retrieved from /opt/airflow/dags/subdags/subdag_transforms.py
[2023-09-28T23:37:24.178+0000] {processor.py:179} INFO - Processing /opt/airflow/dags/subdags/subdag_transforms.py took 0.033 seconds
[2023-09-28T23:37:54.268+0000] {processor.py:157} INFO - Started process (PID=7502) to work on /opt/airflow/dags/subdags/subdag_transforms.py
[2023-09-28T23:37:54.270+0000] {processor.py:826} INFO - Processing file /opt/airflow/dags/subdags/subdag_transforms.py for tasks to queue
[2023-09-28T23:37:54.271+0000] {logging_mixin.py:150} INFO - [2023-09-28T23:37:54.271+0000] {dagbag.py:541} INFO - Filling up the DagBag from /opt/airflow/dags/subdags/subdag_transforms.py
[2023-09-28T23:37:54.273+0000] {processor.py:838} WARNING - No viable dags retrieved from /opt/airflow/dags/subdags/subdag_transforms.py
[2023-09-28T23:37:54.374+0000] {processor.py:179} INFO - Processing /opt/airflow/dags/subdags/subdag_transforms.py took 0.109 seconds
[2023-09-28T23:38:25.072+0000] {processor.py:157} INFO - Started process (PID=7519) to work on /opt/airflow/dags/subdags/subdag_transforms.py
[2023-09-28T23:38:25.073+0000] {processor.py:826} INFO - Processing file /opt/airflow/dags/subdags/subdag_transforms.py for tasks to queue
[2023-09-28T23:38:25.074+0000] {logging_mixin.py:150} INFO - [2023-09-28T23:38:25.074+0000] {dagbag.py:541} INFO - Filling up the DagBag from /opt/airflow/dags/subdags/subdag_transforms.py
[2023-09-28T23:38:25.076+0000] {processor.py:838} WARNING - No viable dags retrieved from /opt/airflow/dags/subdags/subdag_transforms.py
[2023-09-28T23:38:25.095+0000] {processor.py:179} INFO - Processing /opt/airflow/dags/subdags/subdag_transforms.py took 0.027 seconds
[2023-09-28T23:38:56.089+0000] {processor.py:157} INFO - Started process (PID=7545) to work on /opt/airflow/dags/subdags/subdag_transforms.py
[2023-09-28T23:38:56.093+0000] {processor.py:826} INFO - Processing file /opt/airflow/dags/subdags/subdag_transforms.py for tasks to queue
[2023-09-28T23:38:56.098+0000] {logging_mixin.py:150} INFO - [2023-09-28T23:38:56.097+0000] {dagbag.py:541} INFO - Filling up the DagBag from /opt/airflow/dags/subdags/subdag_transforms.py
[2023-09-28T23:38:56.103+0000] {processor.py:838} WARNING - No viable dags retrieved from /opt/airflow/dags/subdags/subdag_transforms.py
[2023-09-28T23:38:56.133+0000] {processor.py:179} INFO - Processing /opt/airflow/dags/subdags/subdag_transforms.py took 0.049 seconds
[2023-09-28T23:39:26.856+0000] {processor.py:157} INFO - Started process (PID=7571) to work on /opt/airflow/dags/subdags/subdag_transforms.py
[2023-09-28T23:39:26.857+0000] {processor.py:826} INFO - Processing file /opt/airflow/dags/subdags/subdag_transforms.py for tasks to queue
[2023-09-28T23:39:26.858+0000] {logging_mixin.py:150} INFO - [2023-09-28T23:39:26.858+0000] {dagbag.py:541} INFO - Filling up the DagBag from /opt/airflow/dags/subdags/subdag_transforms.py
[2023-09-28T23:39:26.862+0000] {processor.py:838} WARNING - No viable dags retrieved from /opt/airflow/dags/subdags/subdag_transforms.py
[2023-09-28T23:39:26.879+0000] {processor.py:179} INFO - Processing /opt/airflow/dags/subdags/subdag_transforms.py took 0.027 seconds
[2023-09-28T23:39:57.516+0000] {processor.py:157} INFO - Started process (PID=7597) to work on /opt/airflow/dags/subdags/subdag_transforms.py
[2023-09-28T23:39:57.517+0000] {processor.py:826} INFO - Processing file /opt/airflow/dags/subdags/subdag_transforms.py for tasks to queue
[2023-09-28T23:39:57.517+0000] {logging_mixin.py:150} INFO - [2023-09-28T23:39:57.517+0000] {dagbag.py:541} INFO - Filling up the DagBag from /opt/airflow/dags/subdags/subdag_transforms.py
[2023-09-28T23:39:57.520+0000] {processor.py:838} WARNING - No viable dags retrieved from /opt/airflow/dags/subdags/subdag_transforms.py
[2023-09-28T23:39:57.537+0000] {processor.py:179} INFO - Processing /opt/airflow/dags/subdags/subdag_transforms.py took 0.026 seconds
[2023-09-28T23:40:27.702+0000] {processor.py:157} INFO - Started process (PID=7624) to work on /opt/airflow/dags/subdags/subdag_transforms.py
[2023-09-28T23:40:27.703+0000] {processor.py:826} INFO - Processing file /opt/airflow/dags/subdags/subdag_transforms.py for tasks to queue
[2023-09-28T23:40:27.704+0000] {logging_mixin.py:150} INFO - [2023-09-28T23:40:27.704+0000] {dagbag.py:541} INFO - Filling up the DagBag from /opt/airflow/dags/subdags/subdag_transforms.py
[2023-09-28T23:40:27.707+0000] {processor.py:838} WARNING - No viable dags retrieved from /opt/airflow/dags/subdags/subdag_transforms.py
[2023-09-28T23:40:27.730+0000] {processor.py:179} INFO - Processing /opt/airflow/dags/subdags/subdag_transforms.py took 0.032 seconds
[2023-09-28T23:40:58.006+0000] {processor.py:157} INFO - Started process (PID=7650) to work on /opt/airflow/dags/subdags/subdag_transforms.py
[2023-09-28T23:40:58.007+0000] {processor.py:826} INFO - Processing file /opt/airflow/dags/subdags/subdag_transforms.py for tasks to queue
[2023-09-28T23:40:58.008+0000] {logging_mixin.py:150} INFO - [2023-09-28T23:40:58.008+0000] {dagbag.py:541} INFO - Filling up the DagBag from /opt/airflow/dags/subdags/subdag_transforms.py
[2023-09-28T23:40:58.011+0000] {processor.py:838} WARNING - No viable dags retrieved from /opt/airflow/dags/subdags/subdag_transforms.py
[2023-09-28T23:40:58.037+0000] {processor.py:179} INFO - Processing /opt/airflow/dags/subdags/subdag_transforms.py took 0.036 seconds
[2023-09-28T23:41:28.380+0000] {processor.py:157} INFO - Started process (PID=7676) to work on /opt/airflow/dags/subdags/subdag_transforms.py
[2023-09-28T23:41:28.382+0000] {processor.py:826} INFO - Processing file /opt/airflow/dags/subdags/subdag_transforms.py for tasks to queue
[2023-09-28T23:41:28.384+0000] {logging_mixin.py:150} INFO - [2023-09-28T23:41:28.383+0000] {dagbag.py:541} INFO - Filling up the DagBag from /opt/airflow/dags/subdags/subdag_transforms.py
[2023-09-28T23:41:28.393+0000] {processor.py:838} WARNING - No viable dags retrieved from /opt/airflow/dags/subdags/subdag_transforms.py
[2023-09-28T23:41:28.416+0000] {processor.py:179} INFO - Processing /opt/airflow/dags/subdags/subdag_transforms.py took 0.041 seconds
[2023-09-28T23:41:58.516+0000] {processor.py:157} INFO - Started process (PID=7702) to work on /opt/airflow/dags/subdags/subdag_transforms.py
[2023-09-28T23:41:58.516+0000] {processor.py:826} INFO - Processing file /opt/airflow/dags/subdags/subdag_transforms.py for tasks to queue
[2023-09-28T23:41:58.517+0000] {logging_mixin.py:150} INFO - [2023-09-28T23:41:58.517+0000] {dagbag.py:541} INFO - Filling up the DagBag from /opt/airflow/dags/subdags/subdag_transforms.py
[2023-09-28T23:41:58.520+0000] {processor.py:838} WARNING - No viable dags retrieved from /opt/airflow/dags/subdags/subdag_transforms.py
[2023-09-28T23:41:58.538+0000] {processor.py:179} INFO - Processing /opt/airflow/dags/subdags/subdag_transforms.py took 0.026 seconds
[2023-09-28T23:42:28.675+0000] {processor.py:157} INFO - Started process (PID=7728) to work on /opt/airflow/dags/subdags/subdag_transforms.py
[2023-09-28T23:42:28.676+0000] {processor.py:826} INFO - Processing file /opt/airflow/dags/subdags/subdag_transforms.py for tasks to queue
[2023-09-28T23:42:28.677+0000] {logging_mixin.py:150} INFO - [2023-09-28T23:42:28.677+0000] {dagbag.py:541} INFO - Filling up the DagBag from /opt/airflow/dags/subdags/subdag_transforms.py
[2023-09-28T23:42:28.679+0000] {processor.py:838} WARNING - No viable dags retrieved from /opt/airflow/dags/subdags/subdag_transforms.py
[2023-09-28T23:42:28.695+0000] {processor.py:179} INFO - Processing /opt/airflow/dags/subdags/subdag_transforms.py took 0.025 seconds
[2023-09-28T23:42:58.865+0000] {processor.py:157} INFO - Started process (PID=7754) to work on /opt/airflow/dags/subdags/subdag_transforms.py
[2023-09-28T23:42:58.866+0000] {processor.py:826} INFO - Processing file /opt/airflow/dags/subdags/subdag_transforms.py for tasks to queue
[2023-09-28T23:42:58.868+0000] {logging_mixin.py:150} INFO - [2023-09-28T23:42:58.867+0000] {dagbag.py:541} INFO - Filling up the DagBag from /opt/airflow/dags/subdags/subdag_transforms.py
[2023-09-28T23:42:58.870+0000] {processor.py:838} WARNING - No viable dags retrieved from /opt/airflow/dags/subdags/subdag_transforms.py
[2023-09-28T23:42:58.890+0000] {processor.py:179} INFO - Processing /opt/airflow/dags/subdags/subdag_transforms.py took 0.027 seconds
[2023-09-28T23:43:29.219+0000] {processor.py:157} INFO - Started process (PID=7781) to work on /opt/airflow/dags/subdags/subdag_transforms.py
[2023-09-28T23:43:29.223+0000] {processor.py:826} INFO - Processing file /opt/airflow/dags/subdags/subdag_transforms.py for tasks to queue
[2023-09-28T23:43:29.225+0000] {logging_mixin.py:150} INFO - [2023-09-28T23:43:29.224+0000] {dagbag.py:541} INFO - Filling up the DagBag from /opt/airflow/dags/subdags/subdag_transforms.py
[2023-09-28T23:43:29.228+0000] {processor.py:838} WARNING - No viable dags retrieved from /opt/airflow/dags/subdags/subdag_transforms.py
[2023-09-28T23:43:29.253+0000] {processor.py:179} INFO - Processing /opt/airflow/dags/subdags/subdag_transforms.py took 0.039 seconds
[2023-09-28T23:43:59.423+0000] {processor.py:157} INFO - Started process (PID=7807) to work on /opt/airflow/dags/subdags/subdag_transforms.py
[2023-09-28T23:43:59.426+0000] {processor.py:826} INFO - Processing file /opt/airflow/dags/subdags/subdag_transforms.py for tasks to queue
[2023-09-28T23:43:59.428+0000] {logging_mixin.py:150} INFO - [2023-09-28T23:43:59.427+0000] {dagbag.py:541} INFO - Filling up the DagBag from /opt/airflow/dags/subdags/subdag_transforms.py
[2023-09-28T23:43:59.432+0000] {processor.py:838} WARNING - No viable dags retrieved from /opt/airflow/dags/subdags/subdag_transforms.py
[2023-09-28T23:43:59.451+0000] {processor.py:179} INFO - Processing /opt/airflow/dags/subdags/subdag_transforms.py took 0.033 seconds
[2023-09-28T23:44:30.112+0000] {processor.py:157} INFO - Started process (PID=7834) to work on /opt/airflow/dags/subdags/subdag_transforms.py
[2023-09-28T23:44:30.114+0000] {processor.py:826} INFO - Processing file /opt/airflow/dags/subdags/subdag_transforms.py for tasks to queue
[2023-09-28T23:44:30.115+0000] {logging_mixin.py:150} INFO - [2023-09-28T23:44:30.115+0000] {dagbag.py:541} INFO - Filling up the DagBag from /opt/airflow/dags/subdags/subdag_transforms.py
[2023-09-28T23:44:30.118+0000] {processor.py:838} WARNING - No viable dags retrieved from /opt/airflow/dags/subdags/subdag_transforms.py
[2023-09-28T23:44:30.141+0000] {processor.py:179} INFO - Processing /opt/airflow/dags/subdags/subdag_transforms.py took 0.033 seconds
[2023-09-28T23:45:00.718+0000] {processor.py:157} INFO - Started process (PID=7861) to work on /opt/airflow/dags/subdags/subdag_transforms.py
[2023-09-28T23:45:00.719+0000] {processor.py:826} INFO - Processing file /opt/airflow/dags/subdags/subdag_transforms.py for tasks to queue
[2023-09-28T23:45:00.720+0000] {logging_mixin.py:150} INFO - [2023-09-28T23:45:00.720+0000] {dagbag.py:541} INFO - Filling up the DagBag from /opt/airflow/dags/subdags/subdag_transforms.py
[2023-09-28T23:45:00.723+0000] {processor.py:838} WARNING - No viable dags retrieved from /opt/airflow/dags/subdags/subdag_transforms.py
[2023-09-28T23:45:00.746+0000] {processor.py:179} INFO - Processing /opt/airflow/dags/subdags/subdag_transforms.py took 0.034 seconds
[2023-09-28T23:45:31.154+0000] {processor.py:157} INFO - Started process (PID=7893) to work on /opt/airflow/dags/subdags/subdag_transforms.py
[2023-09-28T23:45:31.155+0000] {processor.py:826} INFO - Processing file /opt/airflow/dags/subdags/subdag_transforms.py for tasks to queue
[2023-09-28T23:45:31.157+0000] {logging_mixin.py:150} INFO - [2023-09-28T23:45:31.156+0000] {dagbag.py:541} INFO - Filling up the DagBag from /opt/airflow/dags/subdags/subdag_transforms.py
[2023-09-28T23:45:31.159+0000] {processor.py:838} WARNING - No viable dags retrieved from /opt/airflow/dags/subdags/subdag_transforms.py
[2023-09-28T23:45:31.182+0000] {processor.py:179} INFO - Processing /opt/airflow/dags/subdags/subdag_transforms.py took 0.033 seconds
[2023-09-28T23:46:01.899+0000] {processor.py:157} INFO - Started process (PID=7925) to work on /opt/airflow/dags/subdags/subdag_transforms.py
[2023-09-28T23:46:01.901+0000] {processor.py:826} INFO - Processing file /opt/airflow/dags/subdags/subdag_transforms.py for tasks to queue
[2023-09-28T23:46:01.902+0000] {logging_mixin.py:150} INFO - [2023-09-28T23:46:01.902+0000] {dagbag.py:541} INFO - Filling up the DagBag from /opt/airflow/dags/subdags/subdag_transforms.py
[2023-09-28T23:46:01.904+0000] {processor.py:838} WARNING - No viable dags retrieved from /opt/airflow/dags/subdags/subdag_transforms.py
[2023-09-28T23:46:01.923+0000] {processor.py:179} INFO - Processing /opt/airflow/dags/subdags/subdag_transforms.py took 0.030 seconds
[2023-09-28T23:46:32.518+0000] {processor.py:157} INFO - Started process (PID=7952) to work on /opt/airflow/dags/subdags/subdag_transforms.py
[2023-09-28T23:46:32.520+0000] {processor.py:826} INFO - Processing file /opt/airflow/dags/subdags/subdag_transforms.py for tasks to queue
[2023-09-28T23:46:32.521+0000] {logging_mixin.py:150} INFO - [2023-09-28T23:46:32.521+0000] {dagbag.py:541} INFO - Filling up the DagBag from /opt/airflow/dags/subdags/subdag_transforms.py
[2023-09-28T23:46:32.523+0000] {processor.py:838} WARNING - No viable dags retrieved from /opt/airflow/dags/subdags/subdag_transforms.py
[2023-09-28T23:46:32.542+0000] {processor.py:179} INFO - Processing /opt/airflow/dags/subdags/subdag_transforms.py took 0.027 seconds
[2023-09-28T23:47:03.246+0000] {processor.py:157} INFO - Started process (PID=7984) to work on /opt/airflow/dags/subdags/subdag_transforms.py
[2023-09-28T23:47:03.283+0000] {processor.py:826} INFO - Processing file /opt/airflow/dags/subdags/subdag_transforms.py for tasks to queue
[2023-09-28T23:47:03.285+0000] {logging_mixin.py:150} INFO - [2023-09-28T23:47:03.284+0000] {dagbag.py:541} INFO - Filling up the DagBag from /opt/airflow/dags/subdags/subdag_transforms.py
[2023-09-28T23:47:03.288+0000] {processor.py:838} WARNING - No viable dags retrieved from /opt/airflow/dags/subdags/subdag_transforms.py
[2023-09-28T23:47:03.305+0000] {processor.py:179} INFO - Processing /opt/airflow/dags/subdags/subdag_transforms.py took 0.063 seconds
[2023-09-28T23:47:33.377+0000] {processor.py:157} INFO - Started process (PID=8016) to work on /opt/airflow/dags/subdags/subdag_transforms.py
[2023-09-28T23:47:33.416+0000] {processor.py:826} INFO - Processing file /opt/airflow/dags/subdags/subdag_transforms.py for tasks to queue
[2023-09-28T23:47:33.419+0000] {logging_mixin.py:150} INFO - [2023-09-28T23:47:33.418+0000] {dagbag.py:541} INFO - Filling up the DagBag from /opt/airflow/dags/subdags/subdag_transforms.py
[2023-09-28T23:47:33.422+0000] {processor.py:838} WARNING - No viable dags retrieved from /opt/airflow/dags/subdags/subdag_transforms.py
[2023-09-28T23:47:33.442+0000] {processor.py:179} INFO - Processing /opt/airflow/dags/subdags/subdag_transforms.py took 0.068 seconds
[2023-09-28T23:48:03.663+0000] {processor.py:157} INFO - Started process (PID=8043) to work on /opt/airflow/dags/subdags/subdag_transforms.py
[2023-09-28T23:48:03.664+0000] {processor.py:826} INFO - Processing file /opt/airflow/dags/subdags/subdag_transforms.py for tasks to queue
[2023-09-28T23:48:03.665+0000] {logging_mixin.py:150} INFO - [2023-09-28T23:48:03.664+0000] {dagbag.py:541} INFO - Filling up the DagBag from /opt/airflow/dags/subdags/subdag_transforms.py
[2023-09-28T23:48:03.667+0000] {processor.py:838} WARNING - No viable dags retrieved from /opt/airflow/dags/subdags/subdag_transforms.py
[2023-09-28T23:48:03.686+0000] {processor.py:179} INFO - Processing /opt/airflow/dags/subdags/subdag_transforms.py took 0.027 seconds
[2023-09-28T23:48:33.784+0000] {processor.py:157} INFO - Started process (PID=8070) to work on /opt/airflow/dags/subdags/subdag_transforms.py
[2023-09-28T23:48:33.786+0000] {processor.py:826} INFO - Processing file /opt/airflow/dags/subdags/subdag_transforms.py for tasks to queue
[2023-09-28T23:48:33.787+0000] {logging_mixin.py:150} INFO - [2023-09-28T23:48:33.786+0000] {dagbag.py:541} INFO - Filling up the DagBag from /opt/airflow/dags/subdags/subdag_transforms.py
[2023-09-28T23:48:33.789+0000] {processor.py:838} WARNING - No viable dags retrieved from /opt/airflow/dags/subdags/subdag_transforms.py
[2023-09-28T23:48:33.805+0000] {processor.py:179} INFO - Processing /opt/airflow/dags/subdags/subdag_transforms.py took 0.024 seconds
[2023-09-28T23:49:04.077+0000] {processor.py:157} INFO - Started process (PID=8097) to work on /opt/airflow/dags/subdags/subdag_transforms.py
[2023-09-28T23:49:04.078+0000] {processor.py:826} INFO - Processing file /opt/airflow/dags/subdags/subdag_transforms.py for tasks to queue
[2023-09-28T23:49:04.079+0000] {logging_mixin.py:150} INFO - [2023-09-28T23:49:04.078+0000] {dagbag.py:541} INFO - Filling up the DagBag from /opt/airflow/dags/subdags/subdag_transforms.py
[2023-09-28T23:49:04.081+0000] {processor.py:838} WARNING - No viable dags retrieved from /opt/airflow/dags/subdags/subdag_transforms.py
[2023-09-28T23:49:04.097+0000] {processor.py:179} INFO - Processing /opt/airflow/dags/subdags/subdag_transforms.py took 0.024 seconds
[2023-09-28T23:49:34.176+0000] {processor.py:157} INFO - Started process (PID=8124) to work on /opt/airflow/dags/subdags/subdag_transforms.py
[2023-09-28T23:49:34.177+0000] {processor.py:826} INFO - Processing file /opt/airflow/dags/subdags/subdag_transforms.py for tasks to queue
[2023-09-28T23:49:34.178+0000] {logging_mixin.py:150} INFO - [2023-09-28T23:49:34.178+0000] {dagbag.py:541} INFO - Filling up the DagBag from /opt/airflow/dags/subdags/subdag_transforms.py
[2023-09-28T23:49:34.180+0000] {processor.py:838} WARNING - No viable dags retrieved from /opt/airflow/dags/subdags/subdag_transforms.py
[2023-09-28T23:49:34.198+0000] {processor.py:179} INFO - Processing /opt/airflow/dags/subdags/subdag_transforms.py took 0.025 seconds
[2023-09-28T23:50:04.278+0000] {processor.py:157} INFO - Started process (PID=8151) to work on /opt/airflow/dags/subdags/subdag_transforms.py
[2023-09-28T23:50:04.279+0000] {processor.py:826} INFO - Processing file /opt/airflow/dags/subdags/subdag_transforms.py for tasks to queue
[2023-09-28T23:50:04.280+0000] {logging_mixin.py:150} INFO - [2023-09-28T23:50:04.280+0000] {dagbag.py:541} INFO - Filling up the DagBag from /opt/airflow/dags/subdags/subdag_transforms.py
[2023-09-28T23:50:04.282+0000] {processor.py:838} WARNING - No viable dags retrieved from /opt/airflow/dags/subdags/subdag_transforms.py
[2023-09-28T23:50:04.299+0000] {processor.py:179} INFO - Processing /opt/airflow/dags/subdags/subdag_transforms.py took 0.025 seconds
[2023-09-28T23:50:34.509+0000] {processor.py:157} INFO - Started process (PID=8178) to work on /opt/airflow/dags/subdags/subdag_transforms.py
[2023-09-28T23:50:34.511+0000] {processor.py:826} INFO - Processing file /opt/airflow/dags/subdags/subdag_transforms.py for tasks to queue
[2023-09-28T23:50:34.512+0000] {logging_mixin.py:150} INFO - [2023-09-28T23:50:34.512+0000] {dagbag.py:541} INFO - Filling up the DagBag from /opt/airflow/dags/subdags/subdag_transforms.py
[2023-09-28T23:50:34.514+0000] {processor.py:838} WARNING - No viable dags retrieved from /opt/airflow/dags/subdags/subdag_transforms.py
[2023-09-28T23:50:34.531+0000] {processor.py:179} INFO - Processing /opt/airflow/dags/subdags/subdag_transforms.py took 0.026 seconds
[2023-09-28T23:51:04.598+0000] {processor.py:157} INFO - Started process (PID=8205) to work on /opt/airflow/dags/subdags/subdag_transforms.py
[2023-09-28T23:51:04.599+0000] {processor.py:826} INFO - Processing file /opt/airflow/dags/subdags/subdag_transforms.py for tasks to queue
[2023-09-28T23:51:04.600+0000] {logging_mixin.py:150} INFO - [2023-09-28T23:51:04.599+0000] {dagbag.py:541} INFO - Filling up the DagBag from /opt/airflow/dags/subdags/subdag_transforms.py
[2023-09-28T23:51:04.602+0000] {processor.py:838} WARNING - No viable dags retrieved from /opt/airflow/dags/subdags/subdag_transforms.py
[2023-09-28T23:51:04.618+0000] {processor.py:179} INFO - Processing /opt/airflow/dags/subdags/subdag_transforms.py took 0.024 seconds
[2023-09-28T23:51:35.004+0000] {processor.py:157} INFO - Started process (PID=8232) to work on /opt/airflow/dags/subdags/subdag_transforms.py
[2023-09-28T23:51:35.006+0000] {processor.py:826} INFO - Processing file /opt/airflow/dags/subdags/subdag_transforms.py for tasks to queue
[2023-09-28T23:51:35.007+0000] {logging_mixin.py:150} INFO - [2023-09-28T23:51:35.007+0000] {dagbag.py:541} INFO - Filling up the DagBag from /opt/airflow/dags/subdags/subdag_transforms.py
[2023-09-28T23:51:35.009+0000] {processor.py:838} WARNING - No viable dags retrieved from /opt/airflow/dags/subdags/subdag_transforms.py
[2023-09-28T23:51:35.038+0000] {processor.py:179} INFO - Processing /opt/airflow/dags/subdags/subdag_transforms.py took 0.042 seconds
[2023-09-28T23:52:05.177+0000] {processor.py:157} INFO - Started process (PID=8259) to work on /opt/airflow/dags/subdags/subdag_transforms.py
[2023-09-28T23:52:05.178+0000] {processor.py:826} INFO - Processing file /opt/airflow/dags/subdags/subdag_transforms.py for tasks to queue
[2023-09-28T23:52:05.179+0000] {logging_mixin.py:150} INFO - [2023-09-28T23:52:05.179+0000] {dagbag.py:541} INFO - Filling up the DagBag from /opt/airflow/dags/subdags/subdag_transforms.py
[2023-09-28T23:52:05.185+0000] {processor.py:838} WARNING - No viable dags retrieved from /opt/airflow/dags/subdags/subdag_transforms.py
[2023-09-28T23:52:05.209+0000] {processor.py:179} INFO - Processing /opt/airflow/dags/subdags/subdag_transforms.py took 0.035 seconds
[2023-09-28T23:52:35.499+0000] {processor.py:157} INFO - Started process (PID=8287) to work on /opt/airflow/dags/subdags/subdag_transforms.py
[2023-09-28T23:52:35.500+0000] {processor.py:826} INFO - Processing file /opt/airflow/dags/subdags/subdag_transforms.py for tasks to queue
[2023-09-28T23:52:35.500+0000] {logging_mixin.py:150} INFO - [2023-09-28T23:52:35.500+0000] {dagbag.py:541} INFO - Filling up the DagBag from /opt/airflow/dags/subdags/subdag_transforms.py
[2023-09-28T23:52:35.503+0000] {processor.py:838} WARNING - No viable dags retrieved from /opt/airflow/dags/subdags/subdag_transforms.py
[2023-09-28T23:52:35.520+0000] {processor.py:179} INFO - Processing /opt/airflow/dags/subdags/subdag_transforms.py took 0.025 seconds
[2023-09-28T23:53:05.671+0000] {processor.py:157} INFO - Started process (PID=8314) to work on /opt/airflow/dags/subdags/subdag_transforms.py
[2023-09-28T23:53:05.672+0000] {processor.py:826} INFO - Processing file /opt/airflow/dags/subdags/subdag_transforms.py for tasks to queue
[2023-09-28T23:53:05.673+0000] {logging_mixin.py:150} INFO - [2023-09-28T23:53:05.673+0000] {dagbag.py:541} INFO - Filling up the DagBag from /opt/airflow/dags/subdags/subdag_transforms.py
[2023-09-28T23:53:05.676+0000] {processor.py:838} WARNING - No viable dags retrieved from /opt/airflow/dags/subdags/subdag_transforms.py
[2023-09-28T23:53:05.696+0000] {processor.py:179} INFO - Processing /opt/airflow/dags/subdags/subdag_transforms.py took 0.028 seconds
[2023-09-28T23:53:35.774+0000] {processor.py:157} INFO - Started process (PID=8341) to work on /opt/airflow/dags/subdags/subdag_transforms.py
[2023-09-28T23:53:35.775+0000] {processor.py:826} INFO - Processing file /opt/airflow/dags/subdags/subdag_transforms.py for tasks to queue
[2023-09-28T23:53:35.776+0000] {logging_mixin.py:150} INFO - [2023-09-28T23:53:35.776+0000] {dagbag.py:541} INFO - Filling up the DagBag from /opt/airflow/dags/subdags/subdag_transforms.py
[2023-09-28T23:53:35.779+0000] {processor.py:838} WARNING - No viable dags retrieved from /opt/airflow/dags/subdags/subdag_transforms.py
[2023-09-28T23:53:35.797+0000] {processor.py:179} INFO - Processing /opt/airflow/dags/subdags/subdag_transforms.py took 0.026 seconds
[2023-09-28T23:54:06.152+0000] {processor.py:157} INFO - Started process (PID=8368) to work on /opt/airflow/dags/subdags/subdag_transforms.py
[2023-09-28T23:54:06.153+0000] {processor.py:826} INFO - Processing file /opt/airflow/dags/subdags/subdag_transforms.py for tasks to queue
[2023-09-28T23:54:06.154+0000] {logging_mixin.py:150} INFO - [2023-09-28T23:54:06.154+0000] {dagbag.py:541} INFO - Filling up the DagBag from /opt/airflow/dags/subdags/subdag_transforms.py
[2023-09-28T23:54:06.157+0000] {processor.py:838} WARNING - No viable dags retrieved from /opt/airflow/dags/subdags/subdag_transforms.py
[2023-09-28T23:54:06.246+0000] {processor.py:179} INFO - Processing /opt/airflow/dags/subdags/subdag_transforms.py took 0.098 seconds
[2023-09-28T23:54:36.358+0000] {processor.py:157} INFO - Started process (PID=8396) to work on /opt/airflow/dags/subdags/subdag_transforms.py
[2023-09-28T23:54:36.359+0000] {processor.py:826} INFO - Processing file /opt/airflow/dags/subdags/subdag_transforms.py for tasks to queue
[2023-09-28T23:54:36.360+0000] {logging_mixin.py:150} INFO - [2023-09-28T23:54:36.360+0000] {dagbag.py:541} INFO - Filling up the DagBag from /opt/airflow/dags/subdags/subdag_transforms.py
[2023-09-28T23:54:36.362+0000] {processor.py:838} WARNING - No viable dags retrieved from /opt/airflow/dags/subdags/subdag_transforms.py
[2023-09-28T23:54:36.380+0000] {processor.py:179} INFO - Processing /opt/airflow/dags/subdags/subdag_transforms.py took 0.026 seconds
[2023-09-28T23:55:06.606+0000] {processor.py:157} INFO - Started process (PID=8423) to work on /opt/airflow/dags/subdags/subdag_transforms.py
[2023-09-28T23:55:06.608+0000] {processor.py:826} INFO - Processing file /opt/airflow/dags/subdags/subdag_transforms.py for tasks to queue
[2023-09-28T23:55:06.609+0000] {logging_mixin.py:150} INFO - [2023-09-28T23:55:06.608+0000] {dagbag.py:541} INFO - Filling up the DagBag from /opt/airflow/dags/subdags/subdag_transforms.py
[2023-09-28T23:55:06.612+0000] {processor.py:838} WARNING - No viable dags retrieved from /opt/airflow/dags/subdags/subdag_transforms.py
[2023-09-28T23:55:06.632+0000] {processor.py:179} INFO - Processing /opt/airflow/dags/subdags/subdag_transforms.py took 0.031 seconds
[2023-09-28T23:55:36.707+0000] {processor.py:157} INFO - Started process (PID=8450) to work on /opt/airflow/dags/subdags/subdag_transforms.py
[2023-09-28T23:55:36.708+0000] {processor.py:826} INFO - Processing file /opt/airflow/dags/subdags/subdag_transforms.py for tasks to queue
[2023-09-28T23:55:36.709+0000] {logging_mixin.py:150} INFO - [2023-09-28T23:55:36.709+0000] {dagbag.py:541} INFO - Filling up the DagBag from /opt/airflow/dags/subdags/subdag_transforms.py
[2023-09-28T23:55:36.711+0000] {processor.py:838} WARNING - No viable dags retrieved from /opt/airflow/dags/subdags/subdag_transforms.py
[2023-09-28T23:55:36.729+0000] {processor.py:179} INFO - Processing /opt/airflow/dags/subdags/subdag_transforms.py took 0.026 seconds
[2023-09-28T23:56:07.169+0000] {processor.py:157} INFO - Started process (PID=8477) to work on /opt/airflow/dags/subdags/subdag_transforms.py
[2023-09-28T23:56:07.171+0000] {processor.py:826} INFO - Processing file /opt/airflow/dags/subdags/subdag_transforms.py for tasks to queue
[2023-09-28T23:56:07.172+0000] {logging_mixin.py:150} INFO - [2023-09-28T23:56:07.171+0000] {dagbag.py:541} INFO - Filling up the DagBag from /opt/airflow/dags/subdags/subdag_transforms.py
[2023-09-28T23:56:07.174+0000] {processor.py:838} WARNING - No viable dags retrieved from /opt/airflow/dags/subdags/subdag_transforms.py
[2023-09-28T23:56:07.192+0000] {processor.py:179} INFO - Processing /opt/airflow/dags/subdags/subdag_transforms.py took 0.027 seconds
[2023-09-28T23:56:37.824+0000] {processor.py:157} INFO - Started process (PID=8495) to work on /opt/airflow/dags/subdags/subdag_transforms.py
[2023-09-28T23:56:37.825+0000] {processor.py:826} INFO - Processing file /opt/airflow/dags/subdags/subdag_transforms.py for tasks to queue
[2023-09-28T23:56:37.825+0000] {logging_mixin.py:150} INFO - [2023-09-28T23:56:37.825+0000] {dagbag.py:541} INFO - Filling up the DagBag from /opt/airflow/dags/subdags/subdag_transforms.py
[2023-09-28T23:56:37.829+0000] {processor.py:838} WARNING - No viable dags retrieved from /opt/airflow/dags/subdags/subdag_transforms.py
[2023-09-28T23:56:37.856+0000] {processor.py:179} INFO - Processing /opt/airflow/dags/subdags/subdag_transforms.py took 0.035 seconds
[2023-09-28T23:57:08.185+0000] {processor.py:157} INFO - Started process (PID=8522) to work on /opt/airflow/dags/subdags/subdag_transforms.py
[2023-09-28T23:57:08.186+0000] {processor.py:826} INFO - Processing file /opt/airflow/dags/subdags/subdag_transforms.py for tasks to queue
[2023-09-28T23:57:08.187+0000] {logging_mixin.py:150} INFO - [2023-09-28T23:57:08.187+0000] {dagbag.py:541} INFO - Filling up the DagBag from /opt/airflow/dags/subdags/subdag_transforms.py
[2023-09-28T23:57:08.189+0000] {processor.py:838} WARNING - No viable dags retrieved from /opt/airflow/dags/subdags/subdag_transforms.py
[2023-09-28T23:57:08.210+0000] {processor.py:179} INFO - Processing /opt/airflow/dags/subdags/subdag_transforms.py took 0.033 seconds
[2023-09-28T23:57:38.429+0000] {processor.py:157} INFO - Started process (PID=8549) to work on /opt/airflow/dags/subdags/subdag_transforms.py
[2023-09-28T23:57:38.431+0000] {processor.py:826} INFO - Processing file /opt/airflow/dags/subdags/subdag_transforms.py for tasks to queue
[2023-09-28T23:57:38.431+0000] {logging_mixin.py:150} INFO - [2023-09-28T23:57:38.431+0000] {dagbag.py:541} INFO - Filling up the DagBag from /opt/airflow/dags/subdags/subdag_transforms.py
[2023-09-28T23:57:38.433+0000] {processor.py:838} WARNING - No viable dags retrieved from /opt/airflow/dags/subdags/subdag_transforms.py
[2023-09-28T23:57:38.452+0000] {processor.py:179} INFO - Processing /opt/airflow/dags/subdags/subdag_transforms.py took 0.026 seconds
[2023-09-28T23:58:08.611+0000] {processor.py:157} INFO - Started process (PID=8576) to work on /opt/airflow/dags/subdags/subdag_transforms.py
[2023-09-28T23:58:08.613+0000] {processor.py:826} INFO - Processing file /opt/airflow/dags/subdags/subdag_transforms.py for tasks to queue
[2023-09-28T23:58:08.613+0000] {logging_mixin.py:150} INFO - [2023-09-28T23:58:08.613+0000] {dagbag.py:541} INFO - Filling up the DagBag from /opt/airflow/dags/subdags/subdag_transforms.py
[2023-09-28T23:58:08.616+0000] {processor.py:838} WARNING - No viable dags retrieved from /opt/airflow/dags/subdags/subdag_transforms.py
[2023-09-28T23:58:08.633+0000] {processor.py:179} INFO - Processing /opt/airflow/dags/subdags/subdag_transforms.py took 0.025 seconds
[2023-09-28T23:58:38.838+0000] {processor.py:157} INFO - Started process (PID=8604) to work on /opt/airflow/dags/subdags/subdag_transforms.py
[2023-09-28T23:58:38.840+0000] {processor.py:826} INFO - Processing file /opt/airflow/dags/subdags/subdag_transforms.py for tasks to queue
[2023-09-28T23:58:38.841+0000] {logging_mixin.py:150} INFO - [2023-09-28T23:58:38.840+0000] {dagbag.py:541} INFO - Filling up the DagBag from /opt/airflow/dags/subdags/subdag_transforms.py
[2023-09-28T23:58:38.843+0000] {processor.py:838} WARNING - No viable dags retrieved from /opt/airflow/dags/subdags/subdag_transforms.py
[2023-09-28T23:58:38.861+0000] {processor.py:179} INFO - Processing /opt/airflow/dags/subdags/subdag_transforms.py took 0.026 seconds
[2023-09-28T23:59:09.156+0000] {processor.py:157} INFO - Started process (PID=8632) to work on /opt/airflow/dags/subdags/subdag_transforms.py
[2023-09-28T23:59:09.157+0000] {processor.py:826} INFO - Processing file /opt/airflow/dags/subdags/subdag_transforms.py for tasks to queue
[2023-09-28T23:59:09.158+0000] {logging_mixin.py:150} INFO - [2023-09-28T23:59:09.157+0000] {dagbag.py:541} INFO - Filling up the DagBag from /opt/airflow/dags/subdags/subdag_transforms.py
[2023-09-28T23:59:09.160+0000] {processor.py:838} WARNING - No viable dags retrieved from /opt/airflow/dags/subdags/subdag_transforms.py
[2023-09-28T23:59:09.177+0000] {processor.py:179} INFO - Processing /opt/airflow/dags/subdags/subdag_transforms.py took 0.025 seconds
[2023-09-28T23:59:39.286+0000] {processor.py:157} INFO - Started process (PID=8659) to work on /opt/airflow/dags/subdags/subdag_transforms.py
[2023-09-28T23:59:39.288+0000] {processor.py:826} INFO - Processing file /opt/airflow/dags/subdags/subdag_transforms.py for tasks to queue
[2023-09-28T23:59:39.289+0000] {logging_mixin.py:150} INFO - [2023-09-28T23:59:39.288+0000] {dagbag.py:541} INFO - Filling up the DagBag from /opt/airflow/dags/subdags/subdag_transforms.py
[2023-09-28T23:59:39.291+0000] {processor.py:838} WARNING - No viable dags retrieved from /opt/airflow/dags/subdags/subdag_transforms.py
[2023-09-28T23:59:39.309+0000] {processor.py:179} INFO - Processing /opt/airflow/dags/subdags/subdag_transforms.py took 0.026 seconds
