[2023-10-01T13:21:52.304+0000] {processor.py:157} INFO - Started process (PID=9239) to work on /opt/airflow/dags/groups/group_downloads.py
[2023-10-01T13:21:52.306+0000] {processor.py:826} INFO - Processing file /opt/airflow/dags/groups/group_downloads.py for tasks to queue
[2023-10-01T13:21:52.321+0000] {logging_mixin.py:150} INFO - [2023-10-01T13:21:52.320+0000] {dagbag.py:541} INFO - Filling up the DagBag from /opt/airflow/dags/groups/group_downloads.py
[2023-10-01T13:21:52.336+0000] {processor.py:838} WARNING - No viable dags retrieved from /opt/airflow/dags/groups/group_downloads.py
[2023-10-01T13:21:52.446+0000] {processor.py:179} INFO - Processing /opt/airflow/dags/groups/group_downloads.py took 0.158 seconds
[2023-10-01T13:22:22.828+0000] {processor.py:157} INFO - Started process (PID=9267) to work on /opt/airflow/dags/groups/group_downloads.py
[2023-10-01T13:22:22.828+0000] {processor.py:826} INFO - Processing file /opt/airflow/dags/groups/group_downloads.py for tasks to queue
[2023-10-01T13:22:22.829+0000] {logging_mixin.py:150} INFO - [2023-10-01T13:22:22.829+0000] {dagbag.py:541} INFO - Filling up the DagBag from /opt/airflow/dags/groups/group_downloads.py
[2023-10-01T13:22:22.831+0000] {processor.py:838} WARNING - No viable dags retrieved from /opt/airflow/dags/groups/group_downloads.py
[2023-10-01T13:22:22.846+0000] {processor.py:179} INFO - Processing /opt/airflow/dags/groups/group_downloads.py took 0.022 seconds
[2023-10-01T13:22:52.883+0000] {processor.py:157} INFO - Started process (PID=9299) to work on /opt/airflow/dags/groups/group_downloads.py
[2023-10-01T13:22:52.922+0000] {processor.py:826} INFO - Processing file /opt/airflow/dags/groups/group_downloads.py for tasks to queue
[2023-10-01T13:22:52.922+0000] {logging_mixin.py:150} INFO - [2023-10-01T13:22:52.922+0000] {dagbag.py:541} INFO - Filling up the DagBag from /opt/airflow/dags/groups/group_downloads.py
[2023-10-01T13:22:52.924+0000] {processor.py:838} WARNING - No viable dags retrieved from /opt/airflow/dags/groups/group_downloads.py
[2023-10-01T13:22:52.938+0000] {processor.py:179} INFO - Processing /opt/airflow/dags/groups/group_downloads.py took 0.059 seconds
[2023-10-01T13:23:23.079+0000] {processor.py:157} INFO - Started process (PID=9331) to work on /opt/airflow/dags/groups/group_downloads.py
[2023-10-01T13:23:23.080+0000] {processor.py:826} INFO - Processing file /opt/airflow/dags/groups/group_downloads.py for tasks to queue
[2023-10-01T13:23:23.081+0000] {logging_mixin.py:150} INFO - [2023-10-01T13:23:23.081+0000] {dagbag.py:541} INFO - Filling up the DagBag from /opt/airflow/dags/groups/group_downloads.py
[2023-10-01T13:23:23.084+0000] {processor.py:838} WARNING - No viable dags retrieved from /opt/airflow/dags/groups/group_downloads.py
[2023-10-01T13:23:23.102+0000] {processor.py:179} INFO - Processing /opt/airflow/dags/groups/group_downloads.py took 0.028 seconds
[2023-10-01T13:23:53.234+0000] {processor.py:157} INFO - Started process (PID=9358) to work on /opt/airflow/dags/groups/group_downloads.py
[2023-10-01T13:23:53.239+0000] {processor.py:826} INFO - Processing file /opt/airflow/dags/groups/group_downloads.py for tasks to queue
[2023-10-01T13:23:53.240+0000] {logging_mixin.py:150} INFO - [2023-10-01T13:23:53.239+0000] {dagbag.py:541} INFO - Filling up the DagBag from /opt/airflow/dags/groups/group_downloads.py
[2023-10-01T13:23:53.242+0000] {processor.py:838} WARNING - No viable dags retrieved from /opt/airflow/dags/groups/group_downloads.py
[2023-10-01T13:23:53.321+0000] {processor.py:179} INFO - Processing /opt/airflow/dags/groups/group_downloads.py took 0.094 seconds
[2023-10-01T13:24:23.458+0000] {processor.py:157} INFO - Started process (PID=9385) to work on /opt/airflow/dags/groups/group_downloads.py
[2023-10-01T13:24:23.462+0000] {processor.py:826} INFO - Processing file /opt/airflow/dags/groups/group_downloads.py for tasks to queue
[2023-10-01T13:24:23.463+0000] {logging_mixin.py:150} INFO - [2023-10-01T13:24:23.463+0000] {dagbag.py:541} INFO - Filling up the DagBag from /opt/airflow/dags/groups/group_downloads.py
[2023-10-01T13:24:23.465+0000] {processor.py:838} WARNING - No viable dags retrieved from /opt/airflow/dags/groups/group_downloads.py
[2023-10-01T13:24:23.480+0000] {processor.py:179} INFO - Processing /opt/airflow/dags/groups/group_downloads.py took 0.025 seconds
[2023-10-01T13:24:53.609+0000] {processor.py:157} INFO - Started process (PID=9412) to work on /opt/airflow/dags/groups/group_downloads.py
[2023-10-01T13:24:53.610+0000] {processor.py:826} INFO - Processing file /opt/airflow/dags/groups/group_downloads.py for tasks to queue
[2023-10-01T13:24:53.610+0000] {logging_mixin.py:150} INFO - [2023-10-01T13:24:53.610+0000] {dagbag.py:541} INFO - Filling up the DagBag from /opt/airflow/dags/groups/group_downloads.py
[2023-10-01T13:24:53.612+0000] {processor.py:838} WARNING - No viable dags retrieved from /opt/airflow/dags/groups/group_downloads.py
[2023-10-01T13:24:53.627+0000] {processor.py:179} INFO - Processing /opt/airflow/dags/groups/group_downloads.py took 0.021 seconds
[2023-10-01T13:25:23.959+0000] {processor.py:157} INFO - Started process (PID=9439) to work on /opt/airflow/dags/groups/group_downloads.py
[2023-10-01T13:25:23.960+0000] {processor.py:826} INFO - Processing file /opt/airflow/dags/groups/group_downloads.py for tasks to queue
[2023-10-01T13:25:23.961+0000] {logging_mixin.py:150} INFO - [2023-10-01T13:25:23.961+0000] {dagbag.py:541} INFO - Filling up the DagBag from /opt/airflow/dags/groups/group_downloads.py
[2023-10-01T13:25:23.963+0000] {processor.py:838} WARNING - No viable dags retrieved from /opt/airflow/dags/groups/group_downloads.py
[2023-10-01T13:25:23.980+0000] {processor.py:179} INFO - Processing /opt/airflow/dags/groups/group_downloads.py took 0.026 seconds
[2023-10-01T13:25:54.119+0000] {processor.py:157} INFO - Started process (PID=9465) to work on /opt/airflow/dags/groups/group_downloads.py
[2023-10-01T13:25:54.120+0000] {processor.py:826} INFO - Processing file /opt/airflow/dags/groups/group_downloads.py for tasks to queue
[2023-10-01T13:25:54.120+0000] {logging_mixin.py:150} INFO - [2023-10-01T13:25:54.120+0000] {dagbag.py:541} INFO - Filling up the DagBag from /opt/airflow/dags/groups/group_downloads.py
[2023-10-01T13:25:54.122+0000] {processor.py:838} WARNING - No viable dags retrieved from /opt/airflow/dags/groups/group_downloads.py
[2023-10-01T13:25:54.140+0000] {processor.py:179} INFO - Processing /opt/airflow/dags/groups/group_downloads.py took 0.026 seconds
[2023-10-01T13:26:24.305+0000] {processor.py:157} INFO - Started process (PID=9492) to work on /opt/airflow/dags/groups/group_downloads.py
[2023-10-01T13:26:24.307+0000] {processor.py:826} INFO - Processing file /opt/airflow/dags/groups/group_downloads.py for tasks to queue
[2023-10-01T13:26:24.308+0000] {logging_mixin.py:150} INFO - [2023-10-01T13:26:24.308+0000] {dagbag.py:541} INFO - Filling up the DagBag from /opt/airflow/dags/groups/group_downloads.py
[2023-10-01T13:26:24.311+0000] {processor.py:838} WARNING - No viable dags retrieved from /opt/airflow/dags/groups/group_downloads.py
[2023-10-01T13:26:24.327+0000] {processor.py:179} INFO - Processing /opt/airflow/dags/groups/group_downloads.py took 0.025 seconds
[2023-10-01T13:26:54.621+0000] {processor.py:157} INFO - Started process (PID=9518) to work on /opt/airflow/dags/groups/group_downloads.py
[2023-10-01T13:26:54.622+0000] {processor.py:826} INFO - Processing file /opt/airflow/dags/groups/group_downloads.py for tasks to queue
[2023-10-01T13:26:54.622+0000] {logging_mixin.py:150} INFO - [2023-10-01T13:26:54.622+0000] {dagbag.py:541} INFO - Filling up the DagBag from /opt/airflow/dags/groups/group_downloads.py
[2023-10-01T13:26:54.624+0000] {processor.py:838} WARNING - No viable dags retrieved from /opt/airflow/dags/groups/group_downloads.py
[2023-10-01T13:26:54.640+0000] {processor.py:179} INFO - Processing /opt/airflow/dags/groups/group_downloads.py took 0.022 seconds
[2023-10-01T13:27:24.861+0000] {processor.py:157} INFO - Started process (PID=9545) to work on /opt/airflow/dags/groups/group_downloads.py
[2023-10-01T13:27:24.862+0000] {processor.py:826} INFO - Processing file /opt/airflow/dags/groups/group_downloads.py for tasks to queue
[2023-10-01T13:27:24.863+0000] {logging_mixin.py:150} INFO - [2023-10-01T13:27:24.863+0000] {dagbag.py:541} INFO - Filling up the DagBag from /opt/airflow/dags/groups/group_downloads.py
[2023-10-01T13:27:24.864+0000] {processor.py:838} WARNING - No viable dags retrieved from /opt/airflow/dags/groups/group_downloads.py
[2023-10-01T13:27:24.882+0000] {processor.py:179} INFO - Processing /opt/airflow/dags/groups/group_downloads.py took 0.024 seconds
[2023-10-01T13:27:55.102+0000] {processor.py:157} INFO - Started process (PID=9572) to work on /opt/airflow/dags/groups/group_downloads.py
[2023-10-01T13:27:55.106+0000] {processor.py:826} INFO - Processing file /opt/airflow/dags/groups/group_downloads.py for tasks to queue
[2023-10-01T13:27:55.107+0000] {logging_mixin.py:150} INFO - [2023-10-01T13:27:55.107+0000] {dagbag.py:541} INFO - Filling up the DagBag from /opt/airflow/dags/groups/group_downloads.py
[2023-10-01T13:27:55.108+0000] {processor.py:838} WARNING - No viable dags retrieved from /opt/airflow/dags/groups/group_downloads.py
[2023-10-01T13:27:55.123+0000] {processor.py:179} INFO - Processing /opt/airflow/dags/groups/group_downloads.py took 0.024 seconds
[2023-10-01T13:28:25.690+0000] {processor.py:157} INFO - Started process (PID=9600) to work on /opt/airflow/dags/groups/group_downloads.py
[2023-10-01T13:28:25.691+0000] {processor.py:826} INFO - Processing file /opt/airflow/dags/groups/group_downloads.py for tasks to queue
[2023-10-01T13:28:25.691+0000] {logging_mixin.py:150} INFO - [2023-10-01T13:28:25.691+0000] {dagbag.py:541} INFO - Filling up the DagBag from /opt/airflow/dags/groups/group_downloads.py
[2023-10-01T13:28:25.693+0000] {processor.py:838} WARNING - No viable dags retrieved from /opt/airflow/dags/groups/group_downloads.py
[2023-10-01T13:28:25.709+0000] {processor.py:179} INFO - Processing /opt/airflow/dags/groups/group_downloads.py took 0.025 seconds
[2023-10-01T13:28:56.311+0000] {processor.py:157} INFO - Started process (PID=9627) to work on /opt/airflow/dags/groups/group_downloads.py
[2023-10-01T13:28:56.312+0000] {processor.py:826} INFO - Processing file /opt/airflow/dags/groups/group_downloads.py for tasks to queue
[2023-10-01T13:28:56.313+0000] {logging_mixin.py:150} INFO - [2023-10-01T13:28:56.312+0000] {dagbag.py:541} INFO - Filling up the DagBag from /opt/airflow/dags/groups/group_downloads.py
[2023-10-01T13:28:56.314+0000] {processor.py:838} WARNING - No viable dags retrieved from /opt/airflow/dags/groups/group_downloads.py
[2023-10-01T13:28:56.332+0000] {processor.py:179} INFO - Processing /opt/airflow/dags/groups/group_downloads.py took 0.024 seconds
[2023-10-01T13:29:26.912+0000] {processor.py:157} INFO - Started process (PID=9654) to work on /opt/airflow/dags/groups/group_downloads.py
[2023-10-01T13:29:26.912+0000] {processor.py:826} INFO - Processing file /opt/airflow/dags/groups/group_downloads.py for tasks to queue
[2023-10-01T13:29:26.913+0000] {logging_mixin.py:150} INFO - [2023-10-01T13:29:26.913+0000] {dagbag.py:541} INFO - Filling up the DagBag from /opt/airflow/dags/groups/group_downloads.py
[2023-10-01T13:29:26.914+0000] {processor.py:838} WARNING - No viable dags retrieved from /opt/airflow/dags/groups/group_downloads.py
[2023-10-01T13:29:26.933+0000] {processor.py:179} INFO - Processing /opt/airflow/dags/groups/group_downloads.py took 0.025 seconds
[2023-10-01T13:29:57.457+0000] {processor.py:157} INFO - Started process (PID=9682) to work on /opt/airflow/dags/groups/group_downloads.py
[2023-10-01T13:29:57.458+0000] {processor.py:826} INFO - Processing file /opt/airflow/dags/groups/group_downloads.py for tasks to queue
[2023-10-01T13:29:57.459+0000] {logging_mixin.py:150} INFO - [2023-10-01T13:29:57.459+0000] {dagbag.py:541} INFO - Filling up the DagBag from /opt/airflow/dags/groups/group_downloads.py
[2023-10-01T13:29:57.461+0000] {processor.py:838} WARNING - No viable dags retrieved from /opt/airflow/dags/groups/group_downloads.py
[2023-10-01T13:29:57.478+0000] {processor.py:179} INFO - Processing /opt/airflow/dags/groups/group_downloads.py took 0.025 seconds
[2023-10-01T13:30:27.672+0000] {processor.py:157} INFO - Started process (PID=9709) to work on /opt/airflow/dags/groups/group_downloads.py
[2023-10-01T13:30:27.673+0000] {processor.py:826} INFO - Processing file /opt/airflow/dags/groups/group_downloads.py for tasks to queue
[2023-10-01T13:30:27.673+0000] {logging_mixin.py:150} INFO - [2023-10-01T13:30:27.673+0000] {dagbag.py:541} INFO - Filling up the DagBag from /opt/airflow/dags/groups/group_downloads.py
[2023-10-01T13:30:27.680+0000] {processor.py:838} WARNING - No viable dags retrieved from /opt/airflow/dags/groups/group_downloads.py
[2023-10-01T13:30:27.702+0000] {processor.py:179} INFO - Processing /opt/airflow/dags/groups/group_downloads.py took 0.033 seconds
[2023-10-01T13:30:57.957+0000] {processor.py:157} INFO - Started process (PID=9736) to work on /opt/airflow/dags/groups/group_downloads.py
[2023-10-01T13:30:57.962+0000] {processor.py:826} INFO - Processing file /opt/airflow/dags/groups/group_downloads.py for tasks to queue
[2023-10-01T13:30:57.963+0000] {logging_mixin.py:150} INFO - [2023-10-01T13:30:57.962+0000] {dagbag.py:541} INFO - Filling up the DagBag from /opt/airflow/dags/groups/group_downloads.py
[2023-10-01T13:30:57.966+0000] {processor.py:838} WARNING - No viable dags retrieved from /opt/airflow/dags/groups/group_downloads.py
[2023-10-01T13:30:57.988+0000] {processor.py:179} INFO - Processing /opt/airflow/dags/groups/group_downloads.py took 0.036 seconds
[2023-10-01T13:31:28.551+0000] {processor.py:157} INFO - Started process (PID=9764) to work on /opt/airflow/dags/groups/group_downloads.py
[2023-10-01T13:31:28.553+0000] {processor.py:826} INFO - Processing file /opt/airflow/dags/groups/group_downloads.py for tasks to queue
[2023-10-01T13:31:28.554+0000] {logging_mixin.py:150} INFO - [2023-10-01T13:31:28.553+0000] {dagbag.py:541} INFO - Filling up the DagBag from /opt/airflow/dags/groups/group_downloads.py
[2023-10-01T13:31:28.557+0000] {processor.py:838} WARNING - No viable dags retrieved from /opt/airflow/dags/groups/group_downloads.py
[2023-10-01T13:31:28.572+0000] {processor.py:179} INFO - Processing /opt/airflow/dags/groups/group_downloads.py took 0.024 seconds
[2023-10-01T13:31:58.772+0000] {processor.py:157} INFO - Started process (PID=9791) to work on /opt/airflow/dags/groups/group_downloads.py
[2023-10-01T13:31:58.773+0000] {processor.py:826} INFO - Processing file /opt/airflow/dags/groups/group_downloads.py for tasks to queue
[2023-10-01T13:31:58.776+0000] {logging_mixin.py:150} INFO - [2023-10-01T13:31:58.774+0000] {dagbag.py:541} INFO - Filling up the DagBag from /opt/airflow/dags/groups/group_downloads.py
[2023-10-01T13:31:58.779+0000] {processor.py:838} WARNING - No viable dags retrieved from /opt/airflow/dags/groups/group_downloads.py
[2023-10-01T13:31:58.800+0000] {processor.py:179} INFO - Processing /opt/airflow/dags/groups/group_downloads.py took 0.032 seconds
[2023-10-01T13:32:29.098+0000] {processor.py:157} INFO - Started process (PID=9818) to work on /opt/airflow/dags/groups/group_downloads.py
[2023-10-01T13:32:29.100+0000] {processor.py:826} INFO - Processing file /opt/airflow/dags/groups/group_downloads.py for tasks to queue
[2023-10-01T13:32:29.101+0000] {logging_mixin.py:150} INFO - [2023-10-01T13:32:29.101+0000] {dagbag.py:541} INFO - Filling up the DagBag from /opt/airflow/dags/groups/group_downloads.py
[2023-10-01T13:32:29.107+0000] {processor.py:838} WARNING - No viable dags retrieved from /opt/airflow/dags/groups/group_downloads.py
[2023-10-01T13:32:29.138+0000] {processor.py:179} INFO - Processing /opt/airflow/dags/groups/group_downloads.py took 0.046 seconds
[2023-10-01T13:32:59.933+0000] {processor.py:157} INFO - Started process (PID=9845) to work on /opt/airflow/dags/groups/group_downloads.py
[2023-10-01T13:32:59.937+0000] {processor.py:826} INFO - Processing file /opt/airflow/dags/groups/group_downloads.py for tasks to queue
[2023-10-01T13:32:59.938+0000] {logging_mixin.py:150} INFO - [2023-10-01T13:32:59.938+0000] {dagbag.py:541} INFO - Filling up the DagBag from /opt/airflow/dags/groups/group_downloads.py
[2023-10-01T13:32:59.940+0000] {processor.py:838} WARNING - No viable dags retrieved from /opt/airflow/dags/groups/group_downloads.py
[2023-10-01T13:32:59.968+0000] {processor.py:179} INFO - Processing /opt/airflow/dags/groups/group_downloads.py took 0.039 seconds
[2023-10-01T13:33:30.669+0000] {processor.py:157} INFO - Started process (PID=9872) to work on /opt/airflow/dags/groups/group_downloads.py
[2023-10-01T13:33:30.671+0000] {processor.py:826} INFO - Processing file /opt/airflow/dags/groups/group_downloads.py for tasks to queue
[2023-10-01T13:33:30.672+0000] {logging_mixin.py:150} INFO - [2023-10-01T13:33:30.671+0000] {dagbag.py:541} INFO - Filling up the DagBag from /opt/airflow/dags/groups/group_downloads.py
[2023-10-01T13:33:30.676+0000] {processor.py:838} WARNING - No viable dags retrieved from /opt/airflow/dags/groups/group_downloads.py
[2023-10-01T13:33:30.696+0000] {processor.py:179} INFO - Processing /opt/airflow/dags/groups/group_downloads.py took 0.034 seconds
[2023-10-01T13:34:01.119+0000] {processor.py:157} INFO - Started process (PID=9899) to work on /opt/airflow/dags/groups/group_downloads.py
[2023-10-01T13:34:01.119+0000] {processor.py:826} INFO - Processing file /opt/airflow/dags/groups/group_downloads.py for tasks to queue
[2023-10-01T13:34:01.120+0000] {logging_mixin.py:150} INFO - [2023-10-01T13:34:01.120+0000] {dagbag.py:541} INFO - Filling up the DagBag from /opt/airflow/dags/groups/group_downloads.py
[2023-10-01T13:34:01.122+0000] {processor.py:838} WARNING - No viable dags retrieved from /opt/airflow/dags/groups/group_downloads.py
[2023-10-01T13:34:01.146+0000] {processor.py:179} INFO - Processing /opt/airflow/dags/groups/group_downloads.py took 0.035 seconds
[2023-10-01T13:34:31.590+0000] {processor.py:157} INFO - Started process (PID=9926) to work on /opt/airflow/dags/groups/group_downloads.py
[2023-10-01T13:34:31.593+0000] {processor.py:826} INFO - Processing file /opt/airflow/dags/groups/group_downloads.py for tasks to queue
[2023-10-01T13:34:31.596+0000] {logging_mixin.py:150} INFO - [2023-10-01T13:34:31.596+0000] {dagbag.py:541} INFO - Filling up the DagBag from /opt/airflow/dags/groups/group_downloads.py
[2023-10-01T13:34:31.598+0000] {processor.py:838} WARNING - No viable dags retrieved from /opt/airflow/dags/groups/group_downloads.py
[2023-10-01T13:34:31.620+0000] {processor.py:179} INFO - Processing /opt/airflow/dags/groups/group_downloads.py took 0.033 seconds
[2023-10-01T13:35:02.080+0000] {processor.py:157} INFO - Started process (PID=9954) to work on /opt/airflow/dags/groups/group_downloads.py
[2023-10-01T13:35:02.080+0000] {processor.py:826} INFO - Processing file /opt/airflow/dags/groups/group_downloads.py for tasks to queue
[2023-10-01T13:35:02.081+0000] {logging_mixin.py:150} INFO - [2023-10-01T13:35:02.081+0000] {dagbag.py:541} INFO - Filling up the DagBag from /opt/airflow/dags/groups/group_downloads.py
[2023-10-01T13:35:02.083+0000] {processor.py:838} WARNING - No viable dags retrieved from /opt/airflow/dags/groups/group_downloads.py
[2023-10-01T13:35:02.106+0000] {processor.py:179} INFO - Processing /opt/airflow/dags/groups/group_downloads.py took 0.029 seconds
[2023-10-01T13:35:32.537+0000] {processor.py:157} INFO - Started process (PID=9980) to work on /opt/airflow/dags/groups/group_downloads.py
[2023-10-01T13:35:32.556+0000] {processor.py:826} INFO - Processing file /opt/airflow/dags/groups/group_downloads.py for tasks to queue
[2023-10-01T13:35:32.557+0000] {logging_mixin.py:150} INFO - [2023-10-01T13:35:32.557+0000] {dagbag.py:541} INFO - Filling up the DagBag from /opt/airflow/dags/groups/group_downloads.py
[2023-10-01T13:35:32.559+0000] {processor.py:838} WARNING - No viable dags retrieved from /opt/airflow/dags/groups/group_downloads.py
[2023-10-01T13:35:32.580+0000] {processor.py:179} INFO - Processing /opt/airflow/dags/groups/group_downloads.py took 0.049 seconds
[2023-10-01T13:36:02.859+0000] {processor.py:157} INFO - Started process (PID=10007) to work on /opt/airflow/dags/groups/group_downloads.py
[2023-10-01T13:36:02.860+0000] {processor.py:826} INFO - Processing file /opt/airflow/dags/groups/group_downloads.py for tasks to queue
[2023-10-01T13:36:02.860+0000] {logging_mixin.py:150} INFO - [2023-10-01T13:36:02.860+0000] {dagbag.py:541} INFO - Filling up the DagBag from /opt/airflow/dags/groups/group_downloads.py
[2023-10-01T13:36:02.862+0000] {processor.py:838} WARNING - No viable dags retrieved from /opt/airflow/dags/groups/group_downloads.py
[2023-10-01T13:36:02.882+0000] {processor.py:179} INFO - Processing /opt/airflow/dags/groups/group_downloads.py took 0.031 seconds
[2023-10-01T13:36:33.360+0000] {processor.py:157} INFO - Started process (PID=10034) to work on /opt/airflow/dags/groups/group_downloads.py
[2023-10-01T13:36:33.367+0000] {processor.py:826} INFO - Processing file /opt/airflow/dags/groups/group_downloads.py for tasks to queue
[2023-10-01T13:36:33.367+0000] {logging_mixin.py:150} INFO - [2023-10-01T13:36:33.367+0000] {dagbag.py:541} INFO - Filling up the DagBag from /opt/airflow/dags/groups/group_downloads.py
[2023-10-01T13:36:33.369+0000] {processor.py:838} WARNING - No viable dags retrieved from /opt/airflow/dags/groups/group_downloads.py
[2023-10-01T13:36:33.391+0000] {processor.py:179} INFO - Processing /opt/airflow/dags/groups/group_downloads.py took 0.034 seconds
[2023-10-01T13:37:03.861+0000] {processor.py:157} INFO - Started process (PID=10061) to work on /opt/airflow/dags/groups/group_downloads.py
[2023-10-01T13:37:03.861+0000] {processor.py:826} INFO - Processing file /opt/airflow/dags/groups/group_downloads.py for tasks to queue
[2023-10-01T13:37:03.862+0000] {logging_mixin.py:150} INFO - [2023-10-01T13:37:03.862+0000] {dagbag.py:541} INFO - Filling up the DagBag from /opt/airflow/dags/groups/group_downloads.py
[2023-10-01T13:37:03.867+0000] {processor.py:838} WARNING - No viable dags retrieved from /opt/airflow/dags/groups/group_downloads.py
[2023-10-01T13:37:03.889+0000] {processor.py:179} INFO - Processing /opt/airflow/dags/groups/group_downloads.py took 0.031 seconds
[2023-10-01T13:37:34.298+0000] {processor.py:157} INFO - Started process (PID=10088) to work on /opt/airflow/dags/groups/group_downloads.py
[2023-10-01T13:37:34.300+0000] {processor.py:826} INFO - Processing file /opt/airflow/dags/groups/group_downloads.py for tasks to queue
[2023-10-01T13:37:34.301+0000] {logging_mixin.py:150} INFO - [2023-10-01T13:37:34.301+0000] {dagbag.py:541} INFO - Filling up the DagBag from /opt/airflow/dags/groups/group_downloads.py
[2023-10-01T13:37:34.307+0000] {processor.py:838} WARNING - No viable dags retrieved from /opt/airflow/dags/groups/group_downloads.py
[2023-10-01T13:37:34.338+0000] {processor.py:179} INFO - Processing /opt/airflow/dags/groups/group_downloads.py took 0.047 seconds
[2023-10-01T13:38:04.737+0000] {processor.py:157} INFO - Started process (PID=10116) to work on /opt/airflow/dags/groups/group_downloads.py
[2023-10-01T13:38:04.741+0000] {processor.py:826} INFO - Processing file /opt/airflow/dags/groups/group_downloads.py for tasks to queue
[2023-10-01T13:38:04.742+0000] {logging_mixin.py:150} INFO - [2023-10-01T13:38:04.742+0000] {dagbag.py:541} INFO - Filling up the DagBag from /opt/airflow/dags/groups/group_downloads.py
[2023-10-01T13:38:04.748+0000] {processor.py:838} WARNING - No viable dags retrieved from /opt/airflow/dags/groups/group_downloads.py
[2023-10-01T13:38:04.771+0000] {processor.py:179} INFO - Processing /opt/airflow/dags/groups/group_downloads.py took 0.041 seconds
[2023-10-01T13:38:35.289+0000] {processor.py:157} INFO - Started process (PID=10143) to work on /opt/airflow/dags/groups/group_downloads.py
[2023-10-01T13:38:35.290+0000] {processor.py:826} INFO - Processing file /opt/airflow/dags/groups/group_downloads.py for tasks to queue
[2023-10-01T13:38:35.291+0000] {logging_mixin.py:150} INFO - [2023-10-01T13:38:35.291+0000] {dagbag.py:541} INFO - Filling up the DagBag from /opt/airflow/dags/groups/group_downloads.py
[2023-10-01T13:38:35.292+0000] {processor.py:838} WARNING - No viable dags retrieved from /opt/airflow/dags/groups/group_downloads.py
[2023-10-01T13:38:35.317+0000] {processor.py:179} INFO - Processing /opt/airflow/dags/groups/group_downloads.py took 0.031 seconds
[2023-10-01T13:39:05.778+0000] {processor.py:157} INFO - Started process (PID=10170) to work on /opt/airflow/dags/groups/group_downloads.py
[2023-10-01T13:39:05.779+0000] {processor.py:826} INFO - Processing file /opt/airflow/dags/groups/group_downloads.py for tasks to queue
[2023-10-01T13:39:05.780+0000] {logging_mixin.py:150} INFO - [2023-10-01T13:39:05.780+0000] {dagbag.py:541} INFO - Filling up the DagBag from /opt/airflow/dags/groups/group_downloads.py
[2023-10-01T13:39:05.786+0000] {processor.py:838} WARNING - No viable dags retrieved from /opt/airflow/dags/groups/group_downloads.py
[2023-10-01T13:39:05.811+0000] {processor.py:179} INFO - Processing /opt/airflow/dags/groups/group_downloads.py took 0.040 seconds
[2023-10-01T13:39:36.432+0000] {processor.py:157} INFO - Started process (PID=10197) to work on /opt/airflow/dags/groups/group_downloads.py
[2023-10-01T13:39:36.438+0000] {processor.py:826} INFO - Processing file /opt/airflow/dags/groups/group_downloads.py for tasks to queue
[2023-10-01T13:39:36.439+0000] {logging_mixin.py:150} INFO - [2023-10-01T13:39:36.439+0000] {dagbag.py:541} INFO - Filling up the DagBag from /opt/airflow/dags/groups/group_downloads.py
[2023-10-01T13:39:36.441+0000] {processor.py:838} WARNING - No viable dags retrieved from /opt/airflow/dags/groups/group_downloads.py
[2023-10-01T13:39:36.468+0000] {processor.py:179} INFO - Processing /opt/airflow/dags/groups/group_downloads.py took 0.040 seconds
[2023-10-01T13:40:07.198+0000] {processor.py:157} INFO - Started process (PID=10216) to work on /opt/airflow/dags/groups/group_downloads.py
[2023-10-01T13:40:07.200+0000] {processor.py:826} INFO - Processing file /opt/airflow/dags/groups/group_downloads.py for tasks to queue
[2023-10-01T13:40:07.200+0000] {logging_mixin.py:150} INFO - [2023-10-01T13:40:07.200+0000] {dagbag.py:541} INFO - Filling up the DagBag from /opt/airflow/dags/groups/group_downloads.py
[2023-10-01T13:40:07.207+0000] {processor.py:838} WARNING - No viable dags retrieved from /opt/airflow/dags/groups/group_downloads.py
[2023-10-01T13:40:07.232+0000] {processor.py:179} INFO - Processing /opt/airflow/dags/groups/group_downloads.py took 0.041 seconds
[2023-10-01T13:40:37.999+0000] {processor.py:157} INFO - Started process (PID=10243) to work on /opt/airflow/dags/groups/group_downloads.py
[2023-10-01T13:40:38.000+0000] {processor.py:826} INFO - Processing file /opt/airflow/dags/groups/group_downloads.py for tasks to queue
[2023-10-01T13:40:38.001+0000] {logging_mixin.py:150} INFO - [2023-10-01T13:40:38.001+0000] {dagbag.py:541} INFO - Filling up the DagBag from /opt/airflow/dags/groups/group_downloads.py
[2023-10-01T13:40:38.008+0000] {processor.py:838} WARNING - No viable dags retrieved from /opt/airflow/dags/groups/group_downloads.py
[2023-10-01T13:40:38.040+0000] {processor.py:179} INFO - Processing /opt/airflow/dags/groups/group_downloads.py took 0.049 seconds
[2023-10-01T13:41:08.296+0000] {processor.py:157} INFO - Started process (PID=10270) to work on /opt/airflow/dags/groups/group_downloads.py
[2023-10-01T13:41:08.298+0000] {processor.py:826} INFO - Processing file /opt/airflow/dags/groups/group_downloads.py for tasks to queue
[2023-10-01T13:41:08.299+0000] {logging_mixin.py:150} INFO - [2023-10-01T13:41:08.299+0000] {dagbag.py:541} INFO - Filling up the DagBag from /opt/airflow/dags/groups/group_downloads.py
[2023-10-01T13:41:08.307+0000] {processor.py:838} WARNING - No viable dags retrieved from /opt/airflow/dags/groups/group_downloads.py
[2023-10-01T13:41:08.331+0000] {processor.py:179} INFO - Processing /opt/airflow/dags/groups/group_downloads.py took 0.044 seconds
[2023-10-01T13:41:38.391+0000] {processor.py:157} INFO - Started process (PID=10297) to work on /opt/airflow/dags/groups/group_downloads.py
[2023-10-01T13:41:38.396+0000] {processor.py:826} INFO - Processing file /opt/airflow/dags/groups/group_downloads.py for tasks to queue
[2023-10-01T13:41:38.397+0000] {logging_mixin.py:150} INFO - [2023-10-01T13:41:38.397+0000] {dagbag.py:541} INFO - Filling up the DagBag from /opt/airflow/dags/groups/group_downloads.py
[2023-10-01T13:41:38.399+0000] {processor.py:838} WARNING - No viable dags retrieved from /opt/airflow/dags/groups/group_downloads.py
[2023-10-01T13:41:38.421+0000] {processor.py:179} INFO - Processing /opt/airflow/dags/groups/group_downloads.py took 0.033 seconds
[2023-10-01T13:42:08.639+0000] {processor.py:157} INFO - Started process (PID=10323) to work on /opt/airflow/dags/groups/group_downloads.py
[2023-10-01T13:42:08.641+0000] {processor.py:826} INFO - Processing file /opt/airflow/dags/groups/group_downloads.py for tasks to queue
[2023-10-01T13:42:08.647+0000] {logging_mixin.py:150} INFO - [2023-10-01T13:42:08.646+0000] {dagbag.py:541} INFO - Filling up the DagBag from /opt/airflow/dags/groups/group_downloads.py
[2023-10-01T13:42:08.649+0000] {processor.py:838} WARNING - No viable dags retrieved from /opt/airflow/dags/groups/group_downloads.py
[2023-10-01T13:42:08.686+0000] {processor.py:179} INFO - Processing /opt/airflow/dags/groups/group_downloads.py took 0.055 seconds
[2023-10-01T13:42:38.810+0000] {processor.py:157} INFO - Started process (PID=10352) to work on /opt/airflow/dags/groups/group_downloads.py
[2023-10-01T13:42:38.816+0000] {processor.py:826} INFO - Processing file /opt/airflow/dags/groups/group_downloads.py for tasks to queue
[2023-10-01T13:42:38.817+0000] {logging_mixin.py:150} INFO - [2023-10-01T13:42:38.817+0000] {dagbag.py:541} INFO - Filling up the DagBag from /opt/airflow/dags/groups/group_downloads.py
[2023-10-01T13:42:38.819+0000] {processor.py:838} WARNING - No viable dags retrieved from /opt/airflow/dags/groups/group_downloads.py
[2023-10-01T13:42:38.848+0000] {processor.py:179} INFO - Processing /opt/airflow/dags/groups/group_downloads.py took 0.047 seconds
[2023-10-01T13:43:08.918+0000] {processor.py:157} INFO - Started process (PID=10378) to work on /opt/airflow/dags/groups/group_downloads.py
[2023-10-01T13:43:08.919+0000] {processor.py:826} INFO - Processing file /opt/airflow/dags/groups/group_downloads.py for tasks to queue
[2023-10-01T13:43:08.920+0000] {logging_mixin.py:150} INFO - [2023-10-01T13:43:08.919+0000] {dagbag.py:541} INFO - Filling up the DagBag from /opt/airflow/dags/groups/group_downloads.py
[2023-10-01T13:43:08.926+0000] {processor.py:838} WARNING - No viable dags retrieved from /opt/airflow/dags/groups/group_downloads.py
[2023-10-01T13:43:08.950+0000] {processor.py:179} INFO - Processing /opt/airflow/dags/groups/group_downloads.py took 0.041 seconds
[2023-10-01T13:43:39.689+0000] {processor.py:157} INFO - Started process (PID=10405) to work on /opt/airflow/dags/groups/group_downloads.py
[2023-10-01T13:43:39.691+0000] {processor.py:826} INFO - Processing file /opt/airflow/dags/groups/group_downloads.py for tasks to queue
[2023-10-01T13:43:39.697+0000] {logging_mixin.py:150} INFO - [2023-10-01T13:43:39.696+0000] {dagbag.py:541} INFO - Filling up the DagBag from /opt/airflow/dags/groups/group_downloads.py
[2023-10-01T13:43:39.700+0000] {processor.py:838} WARNING - No viable dags retrieved from /opt/airflow/dags/groups/group_downloads.py
[2023-10-01T13:43:39.736+0000] {processor.py:179} INFO - Processing /opt/airflow/dags/groups/group_downloads.py took 0.056 seconds
[2023-10-01T13:44:10.121+0000] {processor.py:157} INFO - Started process (PID=10432) to work on /opt/airflow/dags/groups/group_downloads.py
[2023-10-01T13:44:10.127+0000] {processor.py:826} INFO - Processing file /opt/airflow/dags/groups/group_downloads.py for tasks to queue
[2023-10-01T13:44:10.128+0000] {logging_mixin.py:150} INFO - [2023-10-01T13:44:10.128+0000] {dagbag.py:541} INFO - Filling up the DagBag from /opt/airflow/dags/groups/group_downloads.py
[2023-10-01T13:44:10.131+0000] {processor.py:838} WARNING - No viable dags retrieved from /opt/airflow/dags/groups/group_downloads.py
[2023-10-01T13:44:10.179+0000] {processor.py:179} INFO - Processing /opt/airflow/dags/groups/group_downloads.py took 0.062 seconds
[2023-10-01T13:44:40.649+0000] {processor.py:157} INFO - Started process (PID=10459) to work on /opt/airflow/dags/groups/group_downloads.py
[2023-10-01T13:44:40.651+0000] {processor.py:826} INFO - Processing file /opt/airflow/dags/groups/group_downloads.py for tasks to queue
[2023-10-01T13:44:40.657+0000] {logging_mixin.py:150} INFO - [2023-10-01T13:44:40.657+0000] {dagbag.py:541} INFO - Filling up the DagBag from /opt/airflow/dags/groups/group_downloads.py
[2023-10-01T13:44:40.659+0000] {processor.py:838} WARNING - No viable dags retrieved from /opt/airflow/dags/groups/group_downloads.py
[2023-10-01T13:44:40.708+0000] {processor.py:179} INFO - Processing /opt/airflow/dags/groups/group_downloads.py took 0.067 seconds
[2023-10-01T13:45:11.167+0000] {processor.py:157} INFO - Started process (PID=10487) to work on /opt/airflow/dags/groups/group_downloads.py
[2023-10-01T13:45:11.169+0000] {processor.py:826} INFO - Processing file /opt/airflow/dags/groups/group_downloads.py for tasks to queue
[2023-10-01T13:45:11.170+0000] {logging_mixin.py:150} INFO - [2023-10-01T13:45:11.170+0000] {dagbag.py:541} INFO - Filling up the DagBag from /opt/airflow/dags/groups/group_downloads.py
[2023-10-01T13:45:11.180+0000] {processor.py:838} WARNING - No viable dags retrieved from /opt/airflow/dags/groups/group_downloads.py
[2023-10-01T13:45:11.248+0000] {processor.py:179} INFO - Processing /opt/airflow/dags/groups/group_downloads.py took 0.090 seconds
[2023-10-01T13:45:42.127+0000] {processor.py:157} INFO - Started process (PID=10513) to work on /opt/airflow/dags/groups/group_downloads.py
[2023-10-01T13:45:42.130+0000] {processor.py:826} INFO - Processing file /opt/airflow/dags/groups/group_downloads.py for tasks to queue
[2023-10-01T13:45:42.139+0000] {logging_mixin.py:150} INFO - [2023-10-01T13:45:42.139+0000] {dagbag.py:541} INFO - Filling up the DagBag from /opt/airflow/dags/groups/group_downloads.py
[2023-10-01T13:45:42.158+0000] {processor.py:838} WARNING - No viable dags retrieved from /opt/airflow/dags/groups/group_downloads.py
[2023-10-01T13:45:42.318+0000] {processor.py:179} INFO - Processing /opt/airflow/dags/groups/group_downloads.py took 0.209 seconds
[2023-10-01T13:46:13.039+0000] {processor.py:157} INFO - Started process (PID=10540) to work on /opt/airflow/dags/groups/group_downloads.py
[2023-10-01T13:46:13.040+0000] {processor.py:826} INFO - Processing file /opt/airflow/dags/groups/group_downloads.py for tasks to queue
[2023-10-01T13:46:13.047+0000] {logging_mixin.py:150} INFO - [2023-10-01T13:46:13.047+0000] {dagbag.py:541} INFO - Filling up the DagBag from /opt/airflow/dags/groups/group_downloads.py
[2023-10-01T13:46:13.050+0000] {processor.py:838} WARNING - No viable dags retrieved from /opt/airflow/dags/groups/group_downloads.py
[2023-10-01T13:46:13.107+0000] {processor.py:179} INFO - Processing /opt/airflow/dags/groups/group_downloads.py took 0.088 seconds
[2023-10-01T13:46:43.350+0000] {processor.py:157} INFO - Started process (PID=10567) to work on /opt/airflow/dags/groups/group_downloads.py
[2023-10-01T13:46:43.367+0000] {processor.py:826} INFO - Processing file /opt/airflow/dags/groups/group_downloads.py for tasks to queue
[2023-10-01T13:46:43.368+0000] {logging_mixin.py:150} INFO - [2023-10-01T13:46:43.368+0000] {dagbag.py:541} INFO - Filling up the DagBag from /opt/airflow/dags/groups/group_downloads.py
[2023-10-01T13:46:43.380+0000] {processor.py:838} WARNING - No viable dags retrieved from /opt/airflow/dags/groups/group_downloads.py
[2023-10-01T13:46:43.448+0000] {processor.py:179} INFO - Processing /opt/airflow/dags/groups/group_downloads.py took 0.110 seconds
[2023-10-01T13:47:13.670+0000] {processor.py:157} INFO - Started process (PID=10594) to work on /opt/airflow/dags/groups/group_downloads.py
[2023-10-01T13:47:13.677+0000] {processor.py:826} INFO - Processing file /opt/airflow/dags/groups/group_downloads.py for tasks to queue
[2023-10-01T13:47:13.678+0000] {logging_mixin.py:150} INFO - [2023-10-01T13:47:13.678+0000] {dagbag.py:541} INFO - Filling up the DagBag from /opt/airflow/dags/groups/group_downloads.py
[2023-10-01T13:47:13.687+0000] {processor.py:838} WARNING - No viable dags retrieved from /opt/airflow/dags/groups/group_downloads.py
[2023-10-01T13:47:13.757+0000] {processor.py:179} INFO - Processing /opt/airflow/dags/groups/group_downloads.py took 0.098 seconds
[2023-10-01T13:47:44.120+0000] {processor.py:157} INFO - Started process (PID=10620) to work on /opt/airflow/dags/groups/group_downloads.py
[2023-10-01T13:47:44.136+0000] {processor.py:826} INFO - Processing file /opt/airflow/dags/groups/group_downloads.py for tasks to queue
[2023-10-01T13:47:44.146+0000] {logging_mixin.py:150} INFO - [2023-10-01T13:47:44.138+0000] {dagbag.py:541} INFO - Filling up the DagBag from /opt/airflow/dags/groups/group_downloads.py
[2023-10-01T13:47:44.157+0000] {processor.py:838} WARNING - No viable dags retrieved from /opt/airflow/dags/groups/group_downloads.py
[2023-10-01T13:47:44.277+0000] {processor.py:179} INFO - Processing /opt/airflow/dags/groups/group_downloads.py took 0.162 seconds
[2023-10-01T13:48:14.469+0000] {processor.py:157} INFO - Started process (PID=10647) to work on /opt/airflow/dags/groups/group_downloads.py
[2023-10-01T13:48:14.470+0000] {processor.py:826} INFO - Processing file /opt/airflow/dags/groups/group_downloads.py for tasks to queue
[2023-10-01T13:48:14.477+0000] {logging_mixin.py:150} INFO - [2023-10-01T13:48:14.476+0000] {dagbag.py:541} INFO - Filling up the DagBag from /opt/airflow/dags/groups/group_downloads.py
[2023-10-01T13:48:14.479+0000] {processor.py:838} WARNING - No viable dags retrieved from /opt/airflow/dags/groups/group_downloads.py
[2023-10-01T13:48:14.538+0000] {processor.py:179} INFO - Processing /opt/airflow/dags/groups/group_downloads.py took 0.080 seconds
[2023-10-01T13:48:45.198+0000] {processor.py:157} INFO - Started process (PID=10674) to work on /opt/airflow/dags/groups/group_downloads.py
[2023-10-01T13:48:45.200+0000] {processor.py:826} INFO - Processing file /opt/airflow/dags/groups/group_downloads.py for tasks to queue
[2023-10-01T13:48:45.208+0000] {logging_mixin.py:150} INFO - [2023-10-01T13:48:45.207+0000] {dagbag.py:541} INFO - Filling up the DagBag from /opt/airflow/dags/groups/group_downloads.py
[2023-10-01T13:48:45.217+0000] {processor.py:838} WARNING - No viable dags retrieved from /opt/airflow/dags/groups/group_downloads.py
[2023-10-01T13:48:45.307+0000] {processor.py:179} INFO - Processing /opt/airflow/dags/groups/group_downloads.py took 0.128 seconds
[2023-10-01T13:49:15.437+0000] {processor.py:157} INFO - Started process (PID=10702) to work on /opt/airflow/dags/groups/group_downloads.py
[2023-10-01T13:49:15.449+0000] {processor.py:826} INFO - Processing file /opt/airflow/dags/groups/group_downloads.py for tasks to queue
[2023-10-01T13:49:15.457+0000] {logging_mixin.py:150} INFO - [2023-10-01T13:49:15.456+0000] {dagbag.py:541} INFO - Filling up the DagBag from /opt/airflow/dags/groups/group_downloads.py
[2023-10-01T13:49:15.466+0000] {processor.py:838} WARNING - No viable dags retrieved from /opt/airflow/dags/groups/group_downloads.py
[2023-10-01T13:49:15.537+0000] {processor.py:179} INFO - Processing /opt/airflow/dags/groups/group_downloads.py took 0.111 seconds
[2023-10-01T13:49:45.906+0000] {processor.py:157} INFO - Started process (PID=10729) to work on /opt/airflow/dags/groups/group_downloads.py
[2023-10-01T13:49:45.908+0000] {processor.py:826} INFO - Processing file /opt/airflow/dags/groups/group_downloads.py for tasks to queue
[2023-10-01T13:49:45.909+0000] {logging_mixin.py:150} INFO - [2023-10-01T13:49:45.909+0000] {dagbag.py:541} INFO - Filling up the DagBag from /opt/airflow/dags/groups/group_downloads.py
[2023-10-01T13:49:45.917+0000] {processor.py:838} WARNING - No viable dags retrieved from /opt/airflow/dags/groups/group_downloads.py
[2023-10-01T13:49:45.969+0000] {processor.py:179} INFO - Processing /opt/airflow/dags/groups/group_downloads.py took 0.079 seconds
[2023-10-01T13:50:16.808+0000] {processor.py:157} INFO - Started process (PID=10757) to work on /opt/airflow/dags/groups/group_downloads.py
[2023-10-01T13:50:16.810+0000] {processor.py:826} INFO - Processing file /opt/airflow/dags/groups/group_downloads.py for tasks to queue
[2023-10-01T13:50:16.818+0000] {logging_mixin.py:150} INFO - [2023-10-01T13:50:16.817+0000] {dagbag.py:541} INFO - Filling up the DagBag from /opt/airflow/dags/groups/group_downloads.py
[2023-10-01T13:50:16.827+0000] {processor.py:838} WARNING - No viable dags retrieved from /opt/airflow/dags/groups/group_downloads.py
[2023-10-01T13:50:16.877+0000] {processor.py:179} INFO - Processing /opt/airflow/dags/groups/group_downloads.py took 0.080 seconds
[2023-10-01T13:50:47.538+0000] {processor.py:157} INFO - Started process (PID=10785) to work on /opt/airflow/dags/groups/group_downloads.py
[2023-10-01T13:50:47.540+0000] {processor.py:826} INFO - Processing file /opt/airflow/dags/groups/group_downloads.py for tasks to queue
[2023-10-01T13:50:47.547+0000] {logging_mixin.py:150} INFO - [2023-10-01T13:50:47.547+0000] {dagbag.py:541} INFO - Filling up the DagBag from /opt/airflow/dags/groups/group_downloads.py
[2023-10-01T13:50:47.559+0000] {processor.py:838} WARNING - No viable dags retrieved from /opt/airflow/dags/groups/group_downloads.py
[2023-10-01T13:50:47.618+0000] {processor.py:179} INFO - Processing /opt/airflow/dags/groups/group_downloads.py took 0.091 seconds
[2023-10-01T13:51:17.789+0000] {processor.py:157} INFO - Started process (PID=10812) to work on /opt/airflow/dags/groups/group_downloads.py
[2023-10-01T13:51:17.798+0000] {processor.py:826} INFO - Processing file /opt/airflow/dags/groups/group_downloads.py for tasks to queue
[2023-10-01T13:51:17.809+0000] {logging_mixin.py:150} INFO - [2023-10-01T13:51:17.799+0000] {dagbag.py:541} INFO - Filling up the DagBag from /opt/airflow/dags/groups/group_downloads.py
[2023-10-01T13:51:17.829+0000] {processor.py:838} WARNING - No viable dags retrieved from /opt/airflow/dags/groups/group_downloads.py
[2023-10-01T13:51:17.968+0000] {processor.py:179} INFO - Processing /opt/airflow/dags/groups/group_downloads.py took 0.202 seconds
[2023-10-01T13:51:48.727+0000] {processor.py:157} INFO - Started process (PID=10830) to work on /opt/airflow/dags/groups/group_downloads.py
[2023-10-01T13:51:48.729+0000] {processor.py:826} INFO - Processing file /opt/airflow/dags/groups/group_downloads.py for tasks to queue
[2023-10-01T13:51:48.737+0000] {logging_mixin.py:150} INFO - [2023-10-01T13:51:48.736+0000] {dagbag.py:541} INFO - Filling up the DagBag from /opt/airflow/dags/groups/group_downloads.py
[2023-10-01T13:51:48.746+0000] {processor.py:838} WARNING - No viable dags retrieved from /opt/airflow/dags/groups/group_downloads.py
[2023-10-01T13:51:48.819+0000] {processor.py:179} INFO - Processing /opt/airflow/dags/groups/group_downloads.py took 0.109 seconds
[2023-10-01T13:52:19.517+0000] {processor.py:157} INFO - Started process (PID=10858) to work on /opt/airflow/dags/groups/group_downloads.py
[2023-10-01T13:52:19.518+0000] {processor.py:826} INFO - Processing file /opt/airflow/dags/groups/group_downloads.py for tasks to queue
[2023-10-01T13:52:19.526+0000] {logging_mixin.py:150} INFO - [2023-10-01T13:52:19.519+0000] {dagbag.py:541} INFO - Filling up the DagBag from /opt/airflow/dags/groups/group_downloads.py
[2023-10-01T13:52:19.536+0000] {processor.py:838} WARNING - No viable dags retrieved from /opt/airflow/dags/groups/group_downloads.py
[2023-10-01T13:52:19.589+0000] {processor.py:179} INFO - Processing /opt/airflow/dags/groups/group_downloads.py took 0.099 seconds
[2023-10-01T13:52:49.849+0000] {processor.py:157} INFO - Started process (PID=10885) to work on /opt/airflow/dags/groups/group_downloads.py
[2023-10-01T13:52:49.858+0000] {processor.py:826} INFO - Processing file /opt/airflow/dags/groups/group_downloads.py for tasks to queue
[2023-10-01T13:52:49.859+0000] {logging_mixin.py:150} INFO - [2023-10-01T13:52:49.859+0000] {dagbag.py:541} INFO - Filling up the DagBag from /opt/airflow/dags/groups/group_downloads.py
[2023-10-01T13:52:49.869+0000] {processor.py:838} WARNING - No viable dags retrieved from /opt/airflow/dags/groups/group_downloads.py
[2023-10-01T13:52:49.967+0000] {processor.py:179} INFO - Processing /opt/airflow/dags/groups/group_downloads.py took 0.130 seconds
[2023-10-01T13:53:20.446+0000] {processor.py:157} INFO - Started process (PID=10912) to work on /opt/airflow/dags/groups/group_downloads.py
[2023-10-01T13:53:20.448+0000] {processor.py:826} INFO - Processing file /opt/airflow/dags/groups/group_downloads.py for tasks to queue
[2023-10-01T13:53:20.456+0000] {logging_mixin.py:150} INFO - [2023-10-01T13:53:20.449+0000] {dagbag.py:541} INFO - Filling up the DagBag from /opt/airflow/dags/groups/group_downloads.py
[2023-10-01T13:53:20.466+0000] {processor.py:838} WARNING - No viable dags retrieved from /opt/airflow/dags/groups/group_downloads.py
[2023-10-01T13:53:20.538+0000] {processor.py:179} INFO - Processing /opt/airflow/dags/groups/group_downloads.py took 0.111 seconds
[2023-10-01T13:53:50.647+0000] {processor.py:157} INFO - Started process (PID=10939) to work on /opt/airflow/dags/groups/group_downloads.py
[2023-10-01T13:53:50.648+0000] {processor.py:826} INFO - Processing file /opt/airflow/dags/groups/group_downloads.py for tasks to queue
[2023-10-01T13:53:50.656+0000] {logging_mixin.py:150} INFO - [2023-10-01T13:53:50.649+0000] {dagbag.py:541} INFO - Filling up the DagBag from /opt/airflow/dags/groups/group_downloads.py
[2023-10-01T13:53:50.658+0000] {processor.py:838} WARNING - No viable dags retrieved from /opt/airflow/dags/groups/group_downloads.py
[2023-10-01T13:53:50.718+0000] {processor.py:179} INFO - Processing /opt/airflow/dags/groups/group_downloads.py took 0.091 seconds
[2023-10-01T13:54:20.867+0000] {processor.py:157} INFO - Started process (PID=10965) to work on /opt/airflow/dags/groups/group_downloads.py
[2023-10-01T13:54:20.869+0000] {processor.py:826} INFO - Processing file /opt/airflow/dags/groups/group_downloads.py for tasks to queue
[2023-10-01T13:54:20.878+0000] {logging_mixin.py:150} INFO - [2023-10-01T13:54:20.877+0000] {dagbag.py:541} INFO - Filling up the DagBag from /opt/airflow/dags/groups/group_downloads.py
[2023-10-01T13:54:20.889+0000] {processor.py:838} WARNING - No viable dags retrieved from /opt/airflow/dags/groups/group_downloads.py
[2023-10-01T13:54:20.996+0000] {processor.py:179} INFO - Processing /opt/airflow/dags/groups/group_downloads.py took 0.149 seconds
[2023-10-01T13:54:51.457+0000] {processor.py:157} INFO - Started process (PID=10992) to work on /opt/airflow/dags/groups/group_downloads.py
[2023-10-01T13:54:51.478+0000] {processor.py:826} INFO - Processing file /opt/airflow/dags/groups/group_downloads.py for tasks to queue
[2023-10-01T13:54:51.487+0000] {logging_mixin.py:150} INFO - [2023-10-01T13:54:51.487+0000] {dagbag.py:541} INFO - Filling up the DagBag from /opt/airflow/dags/groups/group_downloads.py
[2023-10-01T13:54:51.507+0000] {processor.py:838} WARNING - No viable dags retrieved from /opt/airflow/dags/groups/group_downloads.py
[2023-10-01T13:54:51.689+0000] {processor.py:179} INFO - Processing /opt/airflow/dags/groups/group_downloads.py took 0.280 seconds
[2023-10-01T13:55:21.937+0000] {processor.py:157} INFO - Started process (PID=11019) to work on /opt/airflow/dags/groups/group_downloads.py
[2023-10-01T13:55:21.938+0000] {processor.py:826} INFO - Processing file /opt/airflow/dags/groups/group_downloads.py for tasks to queue
[2023-10-01T13:55:21.947+0000] {logging_mixin.py:150} INFO - [2023-10-01T13:55:21.947+0000] {dagbag.py:541} INFO - Filling up the DagBag from /opt/airflow/dags/groups/group_downloads.py
[2023-10-01T13:55:21.958+0000] {processor.py:838} WARNING - No viable dags retrieved from /opt/airflow/dags/groups/group_downloads.py
[2023-10-01T13:55:22.068+0000] {processor.py:179} INFO - Processing /opt/airflow/dags/groups/group_downloads.py took 0.151 seconds
[2023-10-01T13:55:52.358+0000] {processor.py:157} INFO - Started process (PID=11046) to work on /opt/airflow/dags/groups/group_downloads.py
[2023-10-01T13:55:52.368+0000] {processor.py:826} INFO - Processing file /opt/airflow/dags/groups/group_downloads.py for tasks to queue
[2023-10-01T13:55:52.377+0000] {logging_mixin.py:150} INFO - [2023-10-01T13:55:52.376+0000] {dagbag.py:541} INFO - Filling up the DagBag from /opt/airflow/dags/groups/group_downloads.py
[2023-10-01T13:55:52.387+0000] {processor.py:838} WARNING - No viable dags retrieved from /opt/airflow/dags/groups/group_downloads.py
[2023-10-01T13:55:52.477+0000] {processor.py:179} INFO - Processing /opt/airflow/dags/groups/group_downloads.py took 0.140 seconds
[2023-10-01T13:56:22.898+0000] {processor.py:157} INFO - Started process (PID=11074) to work on /opt/airflow/dags/groups/group_downloads.py
[2023-10-01T13:56:22.927+0000] {processor.py:826} INFO - Processing file /opt/airflow/dags/groups/group_downloads.py for tasks to queue
[2023-10-01T13:56:22.928+0000] {logging_mixin.py:150} INFO - [2023-10-01T13:56:22.928+0000] {dagbag.py:541} INFO - Filling up the DagBag from /opt/airflow/dags/groups/group_downloads.py
[2023-10-01T13:56:22.976+0000] {processor.py:838} WARNING - No viable dags retrieved from /opt/airflow/dags/groups/group_downloads.py
[2023-10-01T13:56:23.277+0000] {processor.py:179} INFO - Processing /opt/airflow/dags/groups/group_downloads.py took 0.409 seconds
[2023-10-01T13:56:53.537+0000] {processor.py:157} INFO - Started process (PID=11092) to work on /opt/airflow/dags/groups/group_downloads.py
[2023-10-01T13:56:53.538+0000] {processor.py:826} INFO - Processing file /opt/airflow/dags/groups/group_downloads.py for tasks to queue
[2023-10-01T13:56:53.547+0000] {logging_mixin.py:150} INFO - [2023-10-01T13:56:53.546+0000] {dagbag.py:541} INFO - Filling up the DagBag from /opt/airflow/dags/groups/group_downloads.py
[2023-10-01T13:56:53.567+0000] {processor.py:838} WARNING - No viable dags retrieved from /opt/airflow/dags/groups/group_downloads.py
[2023-10-01T13:56:53.696+0000] {processor.py:179} INFO - Processing /opt/airflow/dags/groups/group_downloads.py took 0.190 seconds
[2023-10-01T13:57:24.317+0000] {processor.py:157} INFO - Started process (PID=11119) to work on /opt/airflow/dags/groups/group_downloads.py
[2023-10-01T13:57:24.336+0000] {processor.py:826} INFO - Processing file /opt/airflow/dags/groups/group_downloads.py for tasks to queue
[2023-10-01T13:57:24.347+0000] {logging_mixin.py:150} INFO - [2023-10-01T13:57:24.338+0000] {dagbag.py:541} INFO - Filling up the DagBag from /opt/airflow/dags/groups/group_downloads.py
[2023-10-01T13:57:24.367+0000] {processor.py:838} WARNING - No viable dags retrieved from /opt/airflow/dags/groups/group_downloads.py
[2023-10-01T13:57:24.547+0000] {processor.py:179} INFO - Processing /opt/airflow/dags/groups/group_downloads.py took 0.260 seconds
[2023-10-01T13:57:54.816+0000] {processor.py:157} INFO - Started process (PID=11146) to work on /opt/airflow/dags/groups/group_downloads.py
[2023-10-01T13:57:54.827+0000] {processor.py:826} INFO - Processing file /opt/airflow/dags/groups/group_downloads.py for tasks to queue
[2023-10-01T13:57:54.837+0000] {logging_mixin.py:150} INFO - [2023-10-01T13:57:54.828+0000] {dagbag.py:541} INFO - Filling up the DagBag from /opt/airflow/dags/groups/group_downloads.py
[2023-10-01T13:57:54.848+0000] {processor.py:838} WARNING - No viable dags retrieved from /opt/airflow/dags/groups/group_downloads.py
[2023-10-01T13:57:55.037+0000] {processor.py:179} INFO - Processing /opt/airflow/dags/groups/group_downloads.py took 0.281 seconds
[2023-10-01T13:58:25.376+0000] {processor.py:157} INFO - Started process (PID=11174) to work on /opt/airflow/dags/groups/group_downloads.py
[2023-10-01T13:58:25.377+0000] {processor.py:826} INFO - Processing file /opt/airflow/dags/groups/group_downloads.py for tasks to queue
[2023-10-01T13:58:25.387+0000] {logging_mixin.py:150} INFO - [2023-10-01T13:58:25.387+0000] {dagbag.py:541} INFO - Filling up the DagBag from /opt/airflow/dags/groups/group_downloads.py
[2023-10-01T13:58:25.407+0000] {processor.py:838} WARNING - No viable dags retrieved from /opt/airflow/dags/groups/group_downloads.py
[2023-10-01T13:58:25.557+0000] {processor.py:179} INFO - Processing /opt/airflow/dags/groups/group_downloads.py took 0.220 seconds
[2023-10-01T13:58:55.778+0000] {processor.py:157} INFO - Started process (PID=11201) to work on /opt/airflow/dags/groups/group_downloads.py
[2023-10-01T13:58:55.788+0000] {processor.py:826} INFO - Processing file /opt/airflow/dags/groups/group_downloads.py for tasks to queue
[2023-10-01T13:58:55.797+0000] {logging_mixin.py:150} INFO - [2023-10-01T13:58:55.797+0000] {dagbag.py:541} INFO - Filling up the DagBag from /opt/airflow/dags/groups/group_downloads.py
[2023-10-01T13:58:55.817+0000] {processor.py:838} WARNING - No viable dags retrieved from /opt/airflow/dags/groups/group_downloads.py
[2023-10-01T13:58:55.947+0000] {processor.py:179} INFO - Processing /opt/airflow/dags/groups/group_downloads.py took 0.201 seconds
[2023-10-01T13:59:26.357+0000] {processor.py:157} INFO - Started process (PID=11228) to work on /opt/airflow/dags/groups/group_downloads.py
[2023-10-01T13:59:26.377+0000] {processor.py:826} INFO - Processing file /opt/airflow/dags/groups/group_downloads.py for tasks to queue
[2023-10-01T13:59:26.397+0000] {logging_mixin.py:150} INFO - [2023-10-01T13:59:26.387+0000] {dagbag.py:541} INFO - Filling up the DagBag from /opt/airflow/dags/groups/group_downloads.py
[2023-10-01T13:59:26.426+0000] {processor.py:838} WARNING - No viable dags retrieved from /opt/airflow/dags/groups/group_downloads.py
[2023-10-01T13:59:26.716+0000] {processor.py:179} INFO - Processing /opt/airflow/dags/groups/group_downloads.py took 0.381 seconds
[2023-10-01T13:59:57.777+0000] {processor.py:157} INFO - Started process (PID=11247) to work on /opt/airflow/dags/groups/group_downloads.py
[2023-10-01T13:59:57.797+0000] {processor.py:826} INFO - Processing file /opt/airflow/dags/groups/group_downloads.py for tasks to queue
[2023-10-01T13:59:57.807+0000] {logging_mixin.py:150} INFO - [2023-10-01T13:59:57.807+0000] {dagbag.py:541} INFO - Filling up the DagBag from /opt/airflow/dags/groups/group_downloads.py
[2023-10-01T13:59:57.847+0000] {processor.py:838} WARNING - No viable dags retrieved from /opt/airflow/dags/groups/group_downloads.py
[2023-10-01T13:59:58.207+0000] {processor.py:179} INFO - Processing /opt/airflow/dags/groups/group_downloads.py took 0.490 seconds
[2023-10-01T14:00:29.207+0000] {processor.py:157} INFO - Started process (PID=11274) to work on /opt/airflow/dags/groups/group_downloads.py
[2023-10-01T14:00:29.217+0000] {processor.py:826} INFO - Processing file /opt/airflow/dags/groups/group_downloads.py for tasks to queue
[2023-10-01T14:00:29.227+0000] {logging_mixin.py:150} INFO - [2023-10-01T14:00:29.217+0000] {dagbag.py:541} INFO - Filling up the DagBag from /opt/airflow/dags/groups/group_downloads.py
[2023-10-01T14:00:29.256+0000] {processor.py:838} WARNING - No viable dags retrieved from /opt/airflow/dags/groups/group_downloads.py
[2023-10-01T14:00:29.556+0000] {processor.py:179} INFO - Processing /opt/airflow/dags/groups/group_downloads.py took 0.429 seconds
[2023-10-01T14:01:00.446+0000] {processor.py:157} INFO - Started process (PID=11302) to work on /opt/airflow/dags/groups/group_downloads.py
[2023-10-01T14:01:00.477+0000] {processor.py:826} INFO - Processing file /opt/airflow/dags/groups/group_downloads.py for tasks to queue
[2023-10-01T14:01:00.507+0000] {logging_mixin.py:150} INFO - [2023-10-01T14:01:00.487+0000] {dagbag.py:541} INFO - Filling up the DagBag from /opt/airflow/dags/groups/group_downloads.py
[2023-10-01T14:01:00.556+0000] {processor.py:838} WARNING - No viable dags retrieved from /opt/airflow/dags/groups/group_downloads.py
[2023-10-01T14:01:01.016+0000] {processor.py:179} INFO - Processing /opt/airflow/dags/groups/group_downloads.py took 0.739 seconds
[2023-10-01T14:01:37.466+0000] {processor.py:157} INFO - Started process (PID=11328) to work on /opt/airflow/dags/groups/group_downloads.py
[2023-10-01T14:01:37.497+0000] {processor.py:826} INFO - Processing file /opt/airflow/dags/groups/group_downloads.py for tasks to queue
[2023-10-01T14:01:37.507+0000] {logging_mixin.py:150} INFO - [2023-10-01T14:01:37.507+0000] {dagbag.py:541} INFO - Filling up the DagBag from /opt/airflow/dags/groups/group_downloads.py
[2023-10-01T14:01:37.576+0000] {processor.py:838} WARNING - No viable dags retrieved from /opt/airflow/dags/groups/group_downloads.py
[2023-10-01T14:01:38.077+0000] {processor.py:179} INFO - Processing /opt/airflow/dags/groups/group_downloads.py took 0.750 seconds
[2023-10-01T14:02:09.316+0000] {processor.py:157} INFO - Started process (PID=11346) to work on /opt/airflow/dags/groups/group_downloads.py
[2023-10-01T14:02:09.337+0000] {processor.py:826} INFO - Processing file /opt/airflow/dags/groups/group_downloads.py for tasks to queue
[2023-10-01T14:02:09.357+0000] {logging_mixin.py:150} INFO - [2023-10-01T14:02:09.356+0000] {dagbag.py:541} INFO - Filling up the DagBag from /opt/airflow/dags/groups/group_downloads.py
[2023-10-01T14:02:09.456+0000] {processor.py:838} WARNING - No viable dags retrieved from /opt/airflow/dags/groups/group_downloads.py
[2023-10-01T14:02:10.006+0000] {processor.py:179} INFO - Processing /opt/airflow/dags/groups/group_downloads.py took 0.810 seconds
[2023-10-01T14:02:45.116+0000] {processor.py:157} INFO - Started process (PID=11372) to work on /opt/airflow/dags/groups/group_downloads.py
[2023-10-01T14:02:45.186+0000] {processor.py:826} INFO - Processing file /opt/airflow/dags/groups/group_downloads.py for tasks to queue
[2023-10-01T14:02:45.297+0000] {logging_mixin.py:150} INFO - [2023-10-01T14:02:45.257+0000] {dagbag.py:541} INFO - Filling up the DagBag from /opt/airflow/dags/groups/group_downloads.py
[2023-10-01T14:02:45.456+0000] {processor.py:838} WARNING - No viable dags retrieved from /opt/airflow/dags/groups/group_downloads.py
[2023-10-01T14:02:46.326+0000] {processor.py:179} INFO - Processing /opt/airflow/dags/groups/group_downloads.py took 1.370 seconds
[2023-10-01T14:03:45.566+0000] {processor.py:157} INFO - Started process (PID=11405) to work on /opt/airflow/dags/groups/group_downloads.py
[2023-10-01T14:03:45.636+0000] {processor.py:826} INFO - Processing file /opt/airflow/dags/groups/group_downloads.py for tasks to queue
[2023-10-01T14:03:45.987+0000] {logging_mixin.py:150} INFO - [2023-10-01T14:03:45.866+0000] {dagbag.py:541} INFO - Filling up the DagBag from /opt/airflow/dags/groups/group_downloads.py
[2023-10-01T14:03:46.226+0000] {processor.py:838} WARNING - No viable dags retrieved from /opt/airflow/dags/groups/group_downloads.py
[2023-10-01T14:03:47.796+0000] {processor.py:179} INFO - Processing /opt/airflow/dags/groups/group_downloads.py took 2.660 seconds
[2023-10-01T14:04:42.236+0000] {processor.py:157} INFO - Started process (PID=11421) to work on /opt/airflow/dags/groups/group_downloads.py
[2023-10-01T14:04:42.316+0000] {processor.py:826} INFO - Processing file /opt/airflow/dags/groups/group_downloads.py for tasks to queue
[2023-10-01T14:04:42.416+0000] {logging_mixin.py:150} INFO - [2023-10-01T14:04:42.386+0000] {dagbag.py:541} INFO - Filling up the DagBag from /opt/airflow/dags/groups/group_downloads.py
[2023-10-01T14:04:42.776+0000] {processor.py:838} WARNING - No viable dags retrieved from /opt/airflow/dags/groups/group_downloads.py
[2023-10-01T14:04:45.596+0000] {processor.py:179} INFO - Processing /opt/airflow/dags/groups/group_downloads.py took 3.590 seconds
[2023-10-01T14:05:35.636+0000] {processor.py:157} INFO - Started process (PID=11439) to work on /opt/airflow/dags/groups/group_downloads.py
[2023-10-01T14:05:35.846+0000] {processor.py:826} INFO - Processing file /opt/airflow/dags/groups/group_downloads.py for tasks to queue
[2023-10-01T14:05:36.606+0000] {logging_mixin.py:150} INFO - [2023-10-01T14:05:36.296+0000] {dagbag.py:541} INFO - Filling up the DagBag from /opt/airflow/dags/groups/group_downloads.py
[2023-10-01T14:05:38.126+0000] {processor.py:838} WARNING - No viable dags retrieved from /opt/airflow/dags/groups/group_downloads.py
[2023-10-01T14:05:46.686+0000] {processor.py:179} INFO - Processing /opt/airflow/dags/groups/group_downloads.py took 13.640 seconds
