[2023-10-01T13:21:52.668+0000] {processor.py:157} INFO - Started process (PID=9240) to work on /opt/airflow/dags/groups/group_transforms.py
[2023-10-01T13:21:52.701+0000] {processor.py:826} INFO - Processing file /opt/airflow/dags/groups/group_transforms.py for tasks to queue
[2023-10-01T13:21:52.703+0000] {logging_mixin.py:150} INFO - [2023-10-01T13:21:52.702+0000] {dagbag.py:541} INFO - Filling up the DagBag from /opt/airflow/dags/groups/group_transforms.py
[2023-10-01T13:21:52.730+0000] {processor.py:838} WARNING - No viable dags retrieved from /opt/airflow/dags/groups/group_transforms.py
[2023-10-01T13:21:52.958+0000] {processor.py:179} INFO - Processing /opt/airflow/dags/groups/group_transforms.py took 0.337 seconds
[2023-10-01T13:22:23.870+0000] {processor.py:157} INFO - Started process (PID=9268) to work on /opt/airflow/dags/groups/group_transforms.py
[2023-10-01T13:22:23.871+0000] {processor.py:826} INFO - Processing file /opt/airflow/dags/groups/group_transforms.py for tasks to queue
[2023-10-01T13:22:23.872+0000] {logging_mixin.py:150} INFO - [2023-10-01T13:22:23.871+0000] {dagbag.py:541} INFO - Filling up the DagBag from /opt/airflow/dags/groups/group_transforms.py
[2023-10-01T13:22:23.873+0000] {processor.py:838} WARNING - No viable dags retrieved from /opt/airflow/dags/groups/group_transforms.py
[2023-10-01T13:22:23.889+0000] {processor.py:179} INFO - Processing /opt/airflow/dags/groups/group_transforms.py took 0.023 seconds
[2023-10-01T13:22:53.967+0000] {processor.py:157} INFO - Started process (PID=9301) to work on /opt/airflow/dags/groups/group_transforms.py
[2023-10-01T13:22:54.024+0000] {processor.py:826} INFO - Processing file /opt/airflow/dags/groups/group_transforms.py for tasks to queue
[2023-10-01T13:22:54.025+0000] {logging_mixin.py:150} INFO - [2023-10-01T13:22:54.025+0000] {dagbag.py:541} INFO - Filling up the DagBag from /opt/airflow/dags/groups/group_transforms.py
[2023-10-01T13:22:54.027+0000] {processor.py:838} WARNING - No viable dags retrieved from /opt/airflow/dags/groups/group_transforms.py
[2023-10-01T13:22:54.044+0000] {processor.py:179} INFO - Processing /opt/airflow/dags/groups/group_transforms.py took 0.080 seconds
[2023-10-01T13:23:24.165+0000] {processor.py:157} INFO - Started process (PID=9333) to work on /opt/airflow/dags/groups/group_transforms.py
[2023-10-01T13:23:24.165+0000] {processor.py:826} INFO - Processing file /opt/airflow/dags/groups/group_transforms.py for tasks to queue
[2023-10-01T13:23:24.166+0000] {logging_mixin.py:150} INFO - [2023-10-01T13:23:24.166+0000] {dagbag.py:541} INFO - Filling up the DagBag from /opt/airflow/dags/groups/group_transforms.py
[2023-10-01T13:23:24.168+0000] {processor.py:838} WARNING - No viable dags retrieved from /opt/airflow/dags/groups/group_transforms.py
[2023-10-01T13:23:24.183+0000] {processor.py:179} INFO - Processing /opt/airflow/dags/groups/group_transforms.py took 0.022 seconds
[2023-10-01T13:23:54.329+0000] {processor.py:157} INFO - Started process (PID=9360) to work on /opt/airflow/dags/groups/group_transforms.py
[2023-10-01T13:23:54.330+0000] {processor.py:826} INFO - Processing file /opt/airflow/dags/groups/group_transforms.py for tasks to queue
[2023-10-01T13:23:54.331+0000] {logging_mixin.py:150} INFO - [2023-10-01T13:23:54.330+0000] {dagbag.py:541} INFO - Filling up the DagBag from /opt/airflow/dags/groups/group_transforms.py
[2023-10-01T13:23:54.333+0000] {processor.py:838} WARNING - No viable dags retrieved from /opt/airflow/dags/groups/group_transforms.py
[2023-10-01T13:23:54.350+0000] {processor.py:179} INFO - Processing /opt/airflow/dags/groups/group_transforms.py took 0.025 seconds
[2023-10-01T13:24:24.481+0000] {processor.py:157} INFO - Started process (PID=9387) to work on /opt/airflow/dags/groups/group_transforms.py
[2023-10-01T13:24:24.527+0000] {processor.py:826} INFO - Processing file /opt/airflow/dags/groups/group_transforms.py for tasks to queue
[2023-10-01T13:24:24.528+0000] {logging_mixin.py:150} INFO - [2023-10-01T13:24:24.528+0000] {dagbag.py:541} INFO - Filling up the DagBag from /opt/airflow/dags/groups/group_transforms.py
[2023-10-01T13:24:24.531+0000] {processor.py:838} WARNING - No viable dags retrieved from /opt/airflow/dags/groups/group_transforms.py
[2023-10-01T13:24:24.549+0000] {processor.py:179} INFO - Processing /opt/airflow/dags/groups/group_transforms.py took 0.071 seconds
[2023-10-01T13:24:54.619+0000] {processor.py:157} INFO - Started process (PID=9413) to work on /opt/airflow/dags/groups/group_transforms.py
[2023-10-01T13:24:54.619+0000] {processor.py:826} INFO - Processing file /opt/airflow/dags/groups/group_transforms.py for tasks to queue
[2023-10-01T13:24:54.620+0000] {logging_mixin.py:150} INFO - [2023-10-01T13:24:54.620+0000] {dagbag.py:541} INFO - Filling up the DagBag from /opt/airflow/dags/groups/group_transforms.py
[2023-10-01T13:24:54.622+0000] {processor.py:838} WARNING - No viable dags retrieved from /opt/airflow/dags/groups/group_transforms.py
[2023-10-01T13:24:54.639+0000] {processor.py:179} INFO - Processing /opt/airflow/dags/groups/group_transforms.py took 0.024 seconds
[2023-10-01T13:25:24.974+0000] {processor.py:157} INFO - Started process (PID=9441) to work on /opt/airflow/dags/groups/group_transforms.py
[2023-10-01T13:25:24.976+0000] {processor.py:826} INFO - Processing file /opt/airflow/dags/groups/group_transforms.py for tasks to queue
[2023-10-01T13:25:24.977+0000] {logging_mixin.py:150} INFO - [2023-10-01T13:25:24.977+0000] {dagbag.py:541} INFO - Filling up the DagBag from /opt/airflow/dags/groups/group_transforms.py
[2023-10-01T13:25:24.980+0000] {processor.py:838} WARNING - No viable dags retrieved from /opt/airflow/dags/groups/group_transforms.py
[2023-10-01T13:25:24.997+0000] {processor.py:179} INFO - Processing /opt/airflow/dags/groups/group_transforms.py took 0.026 seconds
[2023-10-01T13:25:55.132+0000] {processor.py:157} INFO - Started process (PID=9467) to work on /opt/airflow/dags/groups/group_transforms.py
[2023-10-01T13:25:55.133+0000] {processor.py:826} INFO - Processing file /opt/airflow/dags/groups/group_transforms.py for tasks to queue
[2023-10-01T13:25:55.133+0000] {logging_mixin.py:150} INFO - [2023-10-01T13:25:55.133+0000] {dagbag.py:541} INFO - Filling up the DagBag from /opt/airflow/dags/groups/group_transforms.py
[2023-10-01T13:25:55.135+0000] {processor.py:838} WARNING - No viable dags retrieved from /opt/airflow/dags/groups/group_transforms.py
[2023-10-01T13:25:55.152+0000] {processor.py:179} INFO - Processing /opt/airflow/dags/groups/group_transforms.py took 0.023 seconds
[2023-10-01T13:26:25.327+0000] {processor.py:157} INFO - Started process (PID=9494) to work on /opt/airflow/dags/groups/group_transforms.py
[2023-10-01T13:26:25.329+0000] {processor.py:826} INFO - Processing file /opt/airflow/dags/groups/group_transforms.py for tasks to queue
[2023-10-01T13:26:25.330+0000] {logging_mixin.py:150} INFO - [2023-10-01T13:26:25.329+0000] {dagbag.py:541} INFO - Filling up the DagBag from /opt/airflow/dags/groups/group_transforms.py
[2023-10-01T13:26:25.331+0000] {processor.py:838} WARNING - No viable dags retrieved from /opt/airflow/dags/groups/group_transforms.py
[2023-10-01T13:26:25.350+0000] {processor.py:179} INFO - Processing /opt/airflow/dags/groups/group_transforms.py took 0.026 seconds
[2023-10-01T13:26:55.641+0000] {processor.py:157} INFO - Started process (PID=9520) to work on /opt/airflow/dags/groups/group_transforms.py
[2023-10-01T13:26:55.641+0000] {processor.py:826} INFO - Processing file /opt/airflow/dags/groups/group_transforms.py for tasks to queue
[2023-10-01T13:26:55.642+0000] {logging_mixin.py:150} INFO - [2023-10-01T13:26:55.642+0000] {dagbag.py:541} INFO - Filling up the DagBag from /opt/airflow/dags/groups/group_transforms.py
[2023-10-01T13:26:55.643+0000] {processor.py:838} WARNING - No viable dags retrieved from /opt/airflow/dags/groups/group_transforms.py
[2023-10-01T13:26:55.663+0000] {processor.py:179} INFO - Processing /opt/airflow/dags/groups/group_transforms.py took 0.025 seconds
[2023-10-01T13:27:25.883+0000] {processor.py:157} INFO - Started process (PID=9547) to work on /opt/airflow/dags/groups/group_transforms.py
[2023-10-01T13:27:25.907+0000] {processor.py:826} INFO - Processing file /opt/airflow/dags/groups/group_transforms.py for tasks to queue
[2023-10-01T13:27:25.908+0000] {logging_mixin.py:150} INFO - [2023-10-01T13:27:25.908+0000] {dagbag.py:541} INFO - Filling up the DagBag from /opt/airflow/dags/groups/group_transforms.py
[2023-10-01T13:27:25.910+0000] {processor.py:838} WARNING - No viable dags retrieved from /opt/airflow/dags/groups/group_transforms.py
[2023-10-01T13:27:25.927+0000] {processor.py:179} INFO - Processing /opt/airflow/dags/groups/group_transforms.py took 0.048 seconds
[2023-10-01T13:27:56.122+0000] {processor.py:157} INFO - Started process (PID=9574) to work on /opt/airflow/dags/groups/group_transforms.py
[2023-10-01T13:27:56.123+0000] {processor.py:826} INFO - Processing file /opt/airflow/dags/groups/group_transforms.py for tasks to queue
[2023-10-01T13:27:56.124+0000] {logging_mixin.py:150} INFO - [2023-10-01T13:27:56.124+0000] {dagbag.py:541} INFO - Filling up the DagBag from /opt/airflow/dags/groups/group_transforms.py
[2023-10-01T13:27:56.127+0000] {processor.py:838} WARNING - No viable dags retrieved from /opt/airflow/dags/groups/group_transforms.py
[2023-10-01T13:27:56.147+0000] {processor.py:179} INFO - Processing /opt/airflow/dags/groups/group_transforms.py took 0.028 seconds
[2023-10-01T13:28:26.710+0000] {processor.py:157} INFO - Started process (PID=9602) to work on /opt/airflow/dags/groups/group_transforms.py
[2023-10-01T13:28:26.711+0000] {processor.py:826} INFO - Processing file /opt/airflow/dags/groups/group_transforms.py for tasks to queue
[2023-10-01T13:28:26.712+0000] {logging_mixin.py:150} INFO - [2023-10-01T13:28:26.711+0000] {dagbag.py:541} INFO - Filling up the DagBag from /opt/airflow/dags/groups/group_transforms.py
[2023-10-01T13:28:26.713+0000] {processor.py:838} WARNING - No viable dags retrieved from /opt/airflow/dags/groups/group_transforms.py
[2023-10-01T13:28:26.731+0000] {processor.py:179} INFO - Processing /opt/airflow/dags/groups/group_transforms.py took 0.024 seconds
[2023-10-01T13:28:57.329+0000] {processor.py:157} INFO - Started process (PID=9629) to work on /opt/airflow/dags/groups/group_transforms.py
[2023-10-01T13:28:57.341+0000] {processor.py:826} INFO - Processing file /opt/airflow/dags/groups/group_transforms.py for tasks to queue
[2023-10-01T13:28:57.342+0000] {logging_mixin.py:150} INFO - [2023-10-01T13:28:57.342+0000] {dagbag.py:541} INFO - Filling up the DagBag from /opt/airflow/dags/groups/group_transforms.py
[2023-10-01T13:28:57.344+0000] {processor.py:838} WARNING - No viable dags retrieved from /opt/airflow/dags/groups/group_transforms.py
[2023-10-01T13:28:57.364+0000] {processor.py:179} INFO - Processing /opt/airflow/dags/groups/group_transforms.py took 0.039 seconds
[2023-10-01T13:29:27.931+0000] {processor.py:157} INFO - Started process (PID=9656) to work on /opt/airflow/dags/groups/group_transforms.py
[2023-10-01T13:29:27.932+0000] {processor.py:826} INFO - Processing file /opt/airflow/dags/groups/group_transforms.py for tasks to queue
[2023-10-01T13:29:27.932+0000] {logging_mixin.py:150} INFO - [2023-10-01T13:29:27.932+0000] {dagbag.py:541} INFO - Filling up the DagBag from /opt/airflow/dags/groups/group_transforms.py
[2023-10-01T13:29:27.934+0000] {processor.py:838} WARNING - No viable dags retrieved from /opt/airflow/dags/groups/group_transforms.py
[2023-10-01T13:29:27.959+0000] {processor.py:179} INFO - Processing /opt/airflow/dags/groups/group_transforms.py took 0.031 seconds
[2023-10-01T13:29:58.473+0000] {processor.py:157} INFO - Started process (PID=9684) to work on /opt/airflow/dags/groups/group_transforms.py
[2023-10-01T13:29:58.474+0000] {processor.py:826} INFO - Processing file /opt/airflow/dags/groups/group_transforms.py for tasks to queue
[2023-10-01T13:29:58.476+0000] {logging_mixin.py:150} INFO - [2023-10-01T13:29:58.476+0000] {dagbag.py:541} INFO - Filling up the DagBag from /opt/airflow/dags/groups/group_transforms.py
[2023-10-01T13:29:58.478+0000] {processor.py:838} WARNING - No viable dags retrieved from /opt/airflow/dags/groups/group_transforms.py
[2023-10-01T13:29:58.496+0000] {processor.py:179} INFO - Processing /opt/airflow/dags/groups/group_transforms.py took 0.028 seconds
[2023-10-01T13:30:28.687+0000] {processor.py:157} INFO - Started process (PID=9711) to work on /opt/airflow/dags/groups/group_transforms.py
[2023-10-01T13:30:28.688+0000] {processor.py:826} INFO - Processing file /opt/airflow/dags/groups/group_transforms.py for tasks to queue
[2023-10-01T13:30:28.688+0000] {logging_mixin.py:150} INFO - [2023-10-01T13:30:28.688+0000] {dagbag.py:541} INFO - Filling up the DagBag from /opt/airflow/dags/groups/group_transforms.py
[2023-10-01T13:30:28.690+0000] {processor.py:838} WARNING - No viable dags retrieved from /opt/airflow/dags/groups/group_transforms.py
[2023-10-01T13:30:28.711+0000] {processor.py:179} INFO - Processing /opt/airflow/dags/groups/group_transforms.py took 0.029 seconds
[2023-10-01T13:30:58.980+0000] {processor.py:157} INFO - Started process (PID=9738) to work on /opt/airflow/dags/groups/group_transforms.py
[2023-10-01T13:30:58.981+0000] {processor.py:826} INFO - Processing file /opt/airflow/dags/groups/group_transforms.py for tasks to queue
[2023-10-01T13:30:58.982+0000] {logging_mixin.py:150} INFO - [2023-10-01T13:30:58.982+0000] {dagbag.py:541} INFO - Filling up the DagBag from /opt/airflow/dags/groups/group_transforms.py
[2023-10-01T13:30:58.983+0000] {processor.py:838} WARNING - No viable dags retrieved from /opt/airflow/dags/groups/group_transforms.py
[2023-10-01T13:30:59.007+0000] {processor.py:179} INFO - Processing /opt/airflow/dags/groups/group_transforms.py took 0.035 seconds
[2023-10-01T13:31:29.577+0000] {processor.py:157} INFO - Started process (PID=9766) to work on /opt/airflow/dags/groups/group_transforms.py
[2023-10-01T13:31:29.579+0000] {processor.py:826} INFO - Processing file /opt/airflow/dags/groups/group_transforms.py for tasks to queue
[2023-10-01T13:31:29.579+0000] {logging_mixin.py:150} INFO - [2023-10-01T13:31:29.579+0000] {dagbag.py:541} INFO - Filling up the DagBag from /opt/airflow/dags/groups/group_transforms.py
[2023-10-01T13:31:29.581+0000] {processor.py:838} WARNING - No viable dags retrieved from /opt/airflow/dags/groups/group_transforms.py
[2023-10-01T13:31:29.603+0000] {processor.py:179} INFO - Processing /opt/airflow/dags/groups/group_transforms.py took 0.032 seconds
[2023-10-01T13:31:59.791+0000] {processor.py:157} INFO - Started process (PID=9793) to work on /opt/airflow/dags/groups/group_transforms.py
[2023-10-01T13:31:59.792+0000] {processor.py:826} INFO - Processing file /opt/airflow/dags/groups/group_transforms.py for tasks to queue
[2023-10-01T13:31:59.793+0000] {logging_mixin.py:150} INFO - [2023-10-01T13:31:59.793+0000] {dagbag.py:541} INFO - Filling up the DagBag from /opt/airflow/dags/groups/group_transforms.py
[2023-10-01T13:31:59.798+0000] {processor.py:838} WARNING - No viable dags retrieved from /opt/airflow/dags/groups/group_transforms.py
[2023-10-01T13:31:59.818+0000] {processor.py:179} INFO - Processing /opt/airflow/dags/groups/group_transforms.py took 0.030 seconds
[2023-10-01T13:32:30.130+0000] {processor.py:157} INFO - Started process (PID=9820) to work on /opt/airflow/dags/groups/group_transforms.py
[2023-10-01T13:32:30.132+0000] {processor.py:826} INFO - Processing file /opt/airflow/dags/groups/group_transforms.py for tasks to queue
[2023-10-01T13:32:30.133+0000] {logging_mixin.py:150} INFO - [2023-10-01T13:32:30.132+0000] {dagbag.py:541} INFO - Filling up the DagBag from /opt/airflow/dags/groups/group_transforms.py
[2023-10-01T13:32:30.139+0000] {processor.py:838} WARNING - No viable dags retrieved from /opt/airflow/dags/groups/group_transforms.py
[2023-10-01T13:32:30.167+0000] {processor.py:179} INFO - Processing /opt/airflow/dags/groups/group_transforms.py took 0.048 seconds
[2023-10-01T13:33:00.968+0000] {processor.py:157} INFO - Started process (PID=9847) to work on /opt/airflow/dags/groups/group_transforms.py
[2023-10-01T13:33:00.969+0000] {processor.py:826} INFO - Processing file /opt/airflow/dags/groups/group_transforms.py for tasks to queue
[2023-10-01T13:33:00.971+0000] {logging_mixin.py:150} INFO - [2023-10-01T13:33:00.971+0000] {dagbag.py:541} INFO - Filling up the DagBag from /opt/airflow/dags/groups/group_transforms.py
[2023-10-01T13:33:00.977+0000] {processor.py:838} WARNING - No viable dags retrieved from /opt/airflow/dags/groups/group_transforms.py
[2023-10-01T13:33:01.007+0000] {processor.py:179} INFO - Processing /opt/airflow/dags/groups/group_transforms.py took 0.049 seconds
[2023-10-01T13:33:31.698+0000] {processor.py:157} INFO - Started process (PID=9874) to work on /opt/airflow/dags/groups/group_transforms.py
[2023-10-01T13:33:31.701+0000] {processor.py:826} INFO - Processing file /opt/airflow/dags/groups/group_transforms.py for tasks to queue
[2023-10-01T13:33:31.702+0000] {logging_mixin.py:150} INFO - [2023-10-01T13:33:31.701+0000] {dagbag.py:541} INFO - Filling up the DagBag from /opt/airflow/dags/groups/group_transforms.py
[2023-10-01T13:33:31.707+0000] {processor.py:838} WARNING - No viable dags retrieved from /opt/airflow/dags/groups/group_transforms.py
[2023-10-01T13:33:31.730+0000] {processor.py:179} INFO - Processing /opt/airflow/dags/groups/group_transforms.py took 0.039 seconds
[2023-10-01T13:34:02.142+0000] {processor.py:157} INFO - Started process (PID=9901) to work on /opt/airflow/dags/groups/group_transforms.py
[2023-10-01T13:34:02.142+0000] {processor.py:826} INFO - Processing file /opt/airflow/dags/groups/group_transforms.py for tasks to queue
[2023-10-01T13:34:02.143+0000] {logging_mixin.py:150} INFO - [2023-10-01T13:34:02.143+0000] {dagbag.py:541} INFO - Filling up the DagBag from /opt/airflow/dags/groups/group_transforms.py
[2023-10-01T13:34:02.148+0000] {processor.py:838} WARNING - No viable dags retrieved from /opt/airflow/dags/groups/group_transforms.py
[2023-10-01T13:34:02.171+0000] {processor.py:179} INFO - Processing /opt/airflow/dags/groups/group_transforms.py took 0.034 seconds
[2023-10-01T13:34:32.616+0000] {processor.py:157} INFO - Started process (PID=9928) to work on /opt/airflow/dags/groups/group_transforms.py
[2023-10-01T13:34:32.618+0000] {processor.py:826} INFO - Processing file /opt/airflow/dags/groups/group_transforms.py for tasks to queue
[2023-10-01T13:34:32.619+0000] {logging_mixin.py:150} INFO - [2023-10-01T13:34:32.619+0000] {dagbag.py:541} INFO - Filling up the DagBag from /opt/airflow/dags/groups/group_transforms.py
[2023-10-01T13:34:32.621+0000] {processor.py:838} WARNING - No viable dags retrieved from /opt/airflow/dags/groups/group_transforms.py
[2023-10-01T13:34:32.647+0000] {processor.py:179} INFO - Processing /opt/airflow/dags/groups/group_transforms.py took 0.037 seconds
[2023-10-01T13:35:03.100+0000] {processor.py:157} INFO - Started process (PID=9956) to work on /opt/airflow/dags/groups/group_transforms.py
[2023-10-01T13:35:03.100+0000] {processor.py:826} INFO - Processing file /opt/airflow/dags/groups/group_transforms.py for tasks to queue
[2023-10-01T13:35:03.101+0000] {logging_mixin.py:150} INFO - [2023-10-01T13:35:03.101+0000] {dagbag.py:541} INFO - Filling up the DagBag from /opt/airflow/dags/groups/group_transforms.py
[2023-10-01T13:35:03.103+0000] {processor.py:838} WARNING - No viable dags retrieved from /opt/airflow/dags/groups/group_transforms.py
[2023-10-01T13:35:03.132+0000] {processor.py:179} INFO - Processing /opt/airflow/dags/groups/group_transforms.py took 0.036 seconds
[2023-10-01T13:35:33.580+0000] {processor.py:157} INFO - Started process (PID=9982) to work on /opt/airflow/dags/groups/group_transforms.py
[2023-10-01T13:35:33.581+0000] {processor.py:826} INFO - Processing file /opt/airflow/dags/groups/group_transforms.py for tasks to queue
[2023-10-01T13:35:33.582+0000] {logging_mixin.py:150} INFO - [2023-10-01T13:35:33.581+0000] {dagbag.py:541} INFO - Filling up the DagBag from /opt/airflow/dags/groups/group_transforms.py
[2023-10-01T13:35:33.586+0000] {processor.py:838} WARNING - No viable dags retrieved from /opt/airflow/dags/groups/group_transforms.py
[2023-10-01T13:35:33.611+0000] {processor.py:179} INFO - Processing /opt/airflow/dags/groups/group_transforms.py took 0.034 seconds
[2023-10-01T13:36:03.878+0000] {processor.py:157} INFO - Started process (PID=10009) to work on /opt/airflow/dags/groups/group_transforms.py
[2023-10-01T13:36:03.879+0000] {processor.py:826} INFO - Processing file /opt/airflow/dags/groups/group_transforms.py for tasks to queue
[2023-10-01T13:36:03.880+0000] {logging_mixin.py:150} INFO - [2023-10-01T13:36:03.879+0000] {dagbag.py:541} INFO - Filling up the DagBag from /opt/airflow/dags/groups/group_transforms.py
[2023-10-01T13:36:03.881+0000] {processor.py:838} WARNING - No viable dags retrieved from /opt/airflow/dags/groups/group_transforms.py
[2023-10-01T13:36:03.910+0000] {processor.py:179} INFO - Processing /opt/airflow/dags/groups/group_transforms.py took 0.039 seconds
[2023-10-01T13:36:34.382+0000] {processor.py:157} INFO - Started process (PID=10036) to work on /opt/airflow/dags/groups/group_transforms.py
[2023-10-01T13:36:34.386+0000] {processor.py:826} INFO - Processing file /opt/airflow/dags/groups/group_transforms.py for tasks to queue
[2023-10-01T13:36:34.387+0000] {logging_mixin.py:150} INFO - [2023-10-01T13:36:34.387+0000] {dagbag.py:541} INFO - Filling up the DagBag from /opt/airflow/dags/groups/group_transforms.py
[2023-10-01T13:36:34.389+0000] {processor.py:838} WARNING - No viable dags retrieved from /opt/airflow/dags/groups/group_transforms.py
[2023-10-01T13:36:34.417+0000] {processor.py:179} INFO - Processing /opt/airflow/dags/groups/group_transforms.py took 0.039 seconds
[2023-10-01T13:37:04.887+0000] {processor.py:157} INFO - Started process (PID=10063) to work on /opt/airflow/dags/groups/group_transforms.py
[2023-10-01T13:37:04.888+0000] {processor.py:826} INFO - Processing file /opt/airflow/dags/groups/group_transforms.py for tasks to queue
[2023-10-01T13:37:04.889+0000] {logging_mixin.py:150} INFO - [2023-10-01T13:37:04.889+0000] {dagbag.py:541} INFO - Filling up the DagBag from /opt/airflow/dags/groups/group_transforms.py
[2023-10-01T13:37:04.890+0000] {processor.py:838} WARNING - No viable dags retrieved from /opt/airflow/dags/groups/group_transforms.py
[2023-10-01T13:37:04.919+0000] {processor.py:179} INFO - Processing /opt/airflow/dags/groups/group_transforms.py took 0.038 seconds
[2023-10-01T13:37:35.322+0000] {processor.py:157} INFO - Started process (PID=10090) to work on /opt/airflow/dags/groups/group_transforms.py
[2023-10-01T13:37:35.327+0000] {processor.py:826} INFO - Processing file /opt/airflow/dags/groups/group_transforms.py for tasks to queue
[2023-10-01T13:37:35.328+0000] {logging_mixin.py:150} INFO - [2023-10-01T13:37:35.328+0000] {dagbag.py:541} INFO - Filling up the DagBag from /opt/airflow/dags/groups/group_transforms.py
[2023-10-01T13:37:35.332+0000] {processor.py:838} WARNING - No viable dags retrieved from /opt/airflow/dags/groups/group_transforms.py
[2023-10-01T13:37:35.358+0000] {processor.py:179} INFO - Processing /opt/airflow/dags/groups/group_transforms.py took 0.040 seconds
[2023-10-01T13:38:05.850+0000] {processor.py:157} INFO - Started process (PID=10118) to work on /opt/airflow/dags/groups/group_transforms.py
[2023-10-01T13:38:05.851+0000] {processor.py:826} INFO - Processing file /opt/airflow/dags/groups/group_transforms.py for tasks to queue
[2023-10-01T13:38:05.852+0000] {logging_mixin.py:150} INFO - [2023-10-01T13:38:05.852+0000] {dagbag.py:541} INFO - Filling up the DagBag from /opt/airflow/dags/groups/group_transforms.py
[2023-10-01T13:38:05.857+0000] {processor.py:838} WARNING - No viable dags retrieved from /opt/airflow/dags/groups/group_transforms.py
[2023-10-01T13:38:05.879+0000] {processor.py:179} INFO - Processing /opt/airflow/dags/groups/group_transforms.py took 0.032 seconds
[2023-10-01T13:38:36.317+0000] {processor.py:157} INFO - Started process (PID=10145) to work on /opt/airflow/dags/groups/group_transforms.py
[2023-10-01T13:38:36.318+0000] {processor.py:826} INFO - Processing file /opt/airflow/dags/groups/group_transforms.py for tasks to queue
[2023-10-01T13:38:36.318+0000] {logging_mixin.py:150} INFO - [2023-10-01T13:38:36.318+0000] {dagbag.py:541} INFO - Filling up the DagBag from /opt/airflow/dags/groups/group_transforms.py
[2023-10-01T13:38:36.320+0000] {processor.py:838} WARNING - No viable dags retrieved from /opt/airflow/dags/groups/group_transforms.py
[2023-10-01T13:38:36.349+0000] {processor.py:179} INFO - Processing /opt/airflow/dags/groups/group_transforms.py took 0.039 seconds
[2023-10-01T13:39:06.806+0000] {processor.py:157} INFO - Started process (PID=10172) to work on /opt/airflow/dags/groups/group_transforms.py
[2023-10-01T13:39:06.808+0000] {processor.py:826} INFO - Processing file /opt/airflow/dags/groups/group_transforms.py for tasks to queue
[2023-10-01T13:39:06.809+0000] {logging_mixin.py:150} INFO - [2023-10-01T13:39:06.809+0000] {dagbag.py:541} INFO - Filling up the DagBag from /opt/airflow/dags/groups/group_transforms.py
[2023-10-01T13:39:06.811+0000] {processor.py:838} WARNING - No viable dags retrieved from /opt/airflow/dags/groups/group_transforms.py
[2023-10-01T13:39:06.840+0000] {processor.py:179} INFO - Processing /opt/airflow/dags/groups/group_transforms.py took 0.042 seconds
[2023-10-01T13:39:37.460+0000] {processor.py:157} INFO - Started process (PID=10199) to work on /opt/airflow/dags/groups/group_transforms.py
[2023-10-01T13:39:37.462+0000] {processor.py:826} INFO - Processing file /opt/airflow/dags/groups/group_transforms.py for tasks to queue
[2023-10-01T13:39:37.467+0000] {logging_mixin.py:150} INFO - [2023-10-01T13:39:37.466+0000] {dagbag.py:541} INFO - Filling up the DagBag from /opt/airflow/dags/groups/group_transforms.py
[2023-10-01T13:39:37.469+0000] {processor.py:838} WARNING - No viable dags retrieved from /opt/airflow/dags/groups/group_transforms.py
[2023-10-01T13:39:37.501+0000] {processor.py:179} INFO - Processing /opt/airflow/dags/groups/group_transforms.py took 0.044 seconds
[2023-10-01T13:40:08.101+0000] {processor.py:157} INFO - Started process (PID=10227) to work on /opt/airflow/dags/groups/group_transforms.py
[2023-10-01T13:40:08.102+0000] {processor.py:826} INFO - Processing file /opt/airflow/dags/groups/group_transforms.py for tasks to queue
[2023-10-01T13:40:08.107+0000] {logging_mixin.py:150} INFO - [2023-10-01T13:40:08.106+0000] {dagbag.py:541} INFO - Filling up the DagBag from /opt/airflow/dags/groups/group_transforms.py
[2023-10-01T13:40:08.109+0000] {processor.py:838} WARNING - No viable dags retrieved from /opt/airflow/dags/groups/group_transforms.py
[2023-10-01T13:40:08.137+0000] {processor.py:179} INFO - Processing /opt/airflow/dags/groups/group_transforms.py took 0.040 seconds
[2023-10-01T13:40:39.051+0000] {processor.py:157} INFO - Started process (PID=10254) to work on /opt/airflow/dags/groups/group_transforms.py
[2023-10-01T13:40:39.057+0000] {processor.py:826} INFO - Processing file /opt/airflow/dags/groups/group_transforms.py for tasks to queue
[2023-10-01T13:40:39.058+0000] {logging_mixin.py:150} INFO - [2023-10-01T13:40:39.057+0000] {dagbag.py:541} INFO - Filling up the DagBag from /opt/airflow/dags/groups/group_transforms.py
[2023-10-01T13:40:39.060+0000] {processor.py:838} WARNING - No viable dags retrieved from /opt/airflow/dags/groups/group_transforms.py
[2023-10-01T13:40:39.091+0000] {processor.py:179} INFO - Processing /opt/airflow/dags/groups/group_transforms.py took 0.044 seconds
[2023-10-01T13:41:09.327+0000] {processor.py:157} INFO - Started process (PID=10272) to work on /opt/airflow/dags/groups/group_transforms.py
[2023-10-01T13:41:09.328+0000] {processor.py:826} INFO - Processing file /opt/airflow/dags/groups/group_transforms.py for tasks to queue
[2023-10-01T13:41:09.329+0000] {logging_mixin.py:150} INFO - [2023-10-01T13:41:09.329+0000] {dagbag.py:541} INFO - Filling up the DagBag from /opt/airflow/dags/groups/group_transforms.py
[2023-10-01T13:41:09.341+0000] {processor.py:838} WARNING - No viable dags retrieved from /opt/airflow/dags/groups/group_transforms.py
[2023-10-01T13:41:09.380+0000] {processor.py:179} INFO - Processing /opt/airflow/dags/groups/group_transforms.py took 0.062 seconds
[2023-10-01T13:41:39.468+0000] {processor.py:157} INFO - Started process (PID=10298) to work on /opt/airflow/dags/groups/group_transforms.py
[2023-10-01T13:41:39.469+0000] {processor.py:826} INFO - Processing file /opt/airflow/dags/groups/group_transforms.py for tasks to queue
[2023-10-01T13:41:39.470+0000] {logging_mixin.py:150} INFO - [2023-10-01T13:41:39.469+0000] {dagbag.py:541} INFO - Filling up the DagBag from /opt/airflow/dags/groups/group_transforms.py
[2023-10-01T13:41:39.480+0000] {processor.py:838} WARNING - No viable dags retrieved from /opt/airflow/dags/groups/group_transforms.py
[2023-10-01T13:41:39.519+0000] {processor.py:179} INFO - Processing /opt/airflow/dags/groups/group_transforms.py took 0.059 seconds
[2023-10-01T13:42:09.727+0000] {processor.py:157} INFO - Started process (PID=10325) to work on /opt/airflow/dags/groups/group_transforms.py
[2023-10-01T13:42:09.729+0000] {processor.py:826} INFO - Processing file /opt/airflow/dags/groups/group_transforms.py for tasks to queue
[2023-10-01T13:42:09.730+0000] {logging_mixin.py:150} INFO - [2023-10-01T13:42:09.729+0000] {dagbag.py:541} INFO - Filling up the DagBag from /opt/airflow/dags/groups/group_transforms.py
[2023-10-01T13:42:09.736+0000] {processor.py:838} WARNING - No viable dags retrieved from /opt/airflow/dags/groups/group_transforms.py
[2023-10-01T13:42:09.769+0000] {processor.py:179} INFO - Processing /opt/airflow/dags/groups/group_transforms.py took 0.049 seconds
[2023-10-01T13:42:39.911+0000] {processor.py:157} INFO - Started process (PID=10354) to work on /opt/airflow/dags/groups/group_transforms.py
[2023-10-01T13:42:39.917+0000] {processor.py:826} INFO - Processing file /opt/airflow/dags/groups/group_transforms.py for tasks to queue
[2023-10-01T13:42:39.918+0000] {logging_mixin.py:150} INFO - [2023-10-01T13:42:39.917+0000] {dagbag.py:541} INFO - Filling up the DagBag from /opt/airflow/dags/groups/group_transforms.py
[2023-10-01T13:42:39.919+0000] {processor.py:838} WARNING - No viable dags retrieved from /opt/airflow/dags/groups/group_transforms.py
[2023-10-01T13:42:39.960+0000] {processor.py:179} INFO - Processing /opt/airflow/dags/groups/group_transforms.py took 0.053 seconds
[2023-10-01T13:43:10.018+0000] {processor.py:157} INFO - Started process (PID=10380) to work on /opt/airflow/dags/groups/group_transforms.py
[2023-10-01T13:43:10.020+0000] {processor.py:826} INFO - Processing file /opt/airflow/dags/groups/group_transforms.py for tasks to queue
[2023-10-01T13:43:10.020+0000] {logging_mixin.py:150} INFO - [2023-10-01T13:43:10.020+0000] {dagbag.py:541} INFO - Filling up the DagBag from /opt/airflow/dags/groups/group_transforms.py
[2023-10-01T13:43:10.027+0000] {processor.py:838} WARNING - No viable dags retrieved from /opt/airflow/dags/groups/group_transforms.py
[2023-10-01T13:43:10.059+0000] {processor.py:179} INFO - Processing /opt/airflow/dags/groups/group_transforms.py took 0.051 seconds
[2023-10-01T13:43:40.756+0000] {processor.py:157} INFO - Started process (PID=10406) to work on /opt/airflow/dags/groups/group_transforms.py
[2023-10-01T13:43:40.757+0000] {processor.py:826} INFO - Processing file /opt/airflow/dags/groups/group_transforms.py for tasks to queue
[2023-10-01T13:43:40.759+0000] {logging_mixin.py:150} INFO - [2023-10-01T13:43:40.758+0000] {dagbag.py:541} INFO - Filling up the DagBag from /opt/airflow/dags/groups/group_transforms.py
[2023-10-01T13:43:40.766+0000] {processor.py:838} WARNING - No viable dags retrieved from /opt/airflow/dags/groups/group_transforms.py
[2023-10-01T13:43:40.807+0000] {processor.py:179} INFO - Processing /opt/airflow/dags/groups/group_transforms.py took 0.068 seconds
[2023-10-01T13:44:11.180+0000] {processor.py:157} INFO - Started process (PID=10433) to work on /opt/airflow/dags/groups/group_transforms.py
[2023-10-01T13:44:11.187+0000] {processor.py:826} INFO - Processing file /opt/airflow/dags/groups/group_transforms.py for tasks to queue
[2023-10-01T13:44:11.188+0000] {logging_mixin.py:150} INFO - [2023-10-01T13:44:11.187+0000] {dagbag.py:541} INFO - Filling up the DagBag from /opt/airflow/dags/groups/group_transforms.py
[2023-10-01T13:44:11.198+0000] {processor.py:838} WARNING - No viable dags retrieved from /opt/airflow/dags/groups/group_transforms.py
[2023-10-01T13:44:11.258+0000] {processor.py:179} INFO - Processing /opt/airflow/dags/groups/group_transforms.py took 0.088 seconds
[2023-10-01T13:44:41.719+0000] {processor.py:157} INFO - Started process (PID=10460) to work on /opt/airflow/dags/groups/group_transforms.py
[2023-10-01T13:44:41.721+0000] {processor.py:826} INFO - Processing file /opt/airflow/dags/groups/group_transforms.py for tasks to queue
[2023-10-01T13:44:41.727+0000] {logging_mixin.py:150} INFO - [2023-10-01T13:44:41.727+0000] {dagbag.py:541} INFO - Filling up the DagBag from /opt/airflow/dags/groups/group_transforms.py
[2023-10-01T13:44:41.730+0000] {processor.py:838} WARNING - No viable dags retrieved from /opt/airflow/dags/groups/group_transforms.py
[2023-10-01T13:44:41.790+0000] {processor.py:179} INFO - Processing /opt/airflow/dags/groups/group_transforms.py took 0.080 seconds
[2023-10-01T13:45:12.217+0000] {processor.py:157} INFO - Started process (PID=10488) to work on /opt/airflow/dags/groups/group_transforms.py
[2023-10-01T13:45:12.218+0000] {processor.py:826} INFO - Processing file /opt/airflow/dags/groups/group_transforms.py for tasks to queue
[2023-10-01T13:45:12.218+0000] {logging_mixin.py:150} INFO - [2023-10-01T13:45:12.218+0000] {dagbag.py:541} INFO - Filling up the DagBag from /opt/airflow/dags/groups/group_transforms.py
[2023-10-01T13:45:12.230+0000] {processor.py:838} WARNING - No viable dags retrieved from /opt/airflow/dags/groups/group_transforms.py
[2023-10-01T13:45:12.299+0000] {processor.py:179} INFO - Processing /opt/airflow/dags/groups/group_transforms.py took 0.098 seconds
[2023-10-01T13:45:42.478+0000] {processor.py:157} INFO - Started process (PID=10514) to work on /opt/airflow/dags/groups/group_transforms.py
[2023-10-01T13:45:42.488+0000] {processor.py:826} INFO - Processing file /opt/airflow/dags/groups/group_transforms.py for tasks to queue
[2023-10-01T13:45:42.498+0000] {logging_mixin.py:150} INFO - [2023-10-01T13:45:42.489+0000] {dagbag.py:541} INFO - Filling up the DagBag from /opt/airflow/dags/groups/group_transforms.py
[2023-10-01T13:45:42.507+0000] {processor.py:838} WARNING - No viable dags retrieved from /opt/airflow/dags/groups/group_transforms.py
[2023-10-01T13:45:42.657+0000] {processor.py:179} INFO - Processing /opt/airflow/dags/groups/group_transforms.py took 0.197 seconds
[2023-10-01T13:46:13.058+0000] {processor.py:157} INFO - Started process (PID=10541) to work on /opt/airflow/dags/groups/group_transforms.py
[2023-10-01T13:46:13.059+0000] {processor.py:826} INFO - Processing file /opt/airflow/dags/groups/group_transforms.py for tasks to queue
[2023-10-01T13:46:13.067+0000] {logging_mixin.py:150} INFO - [2023-10-01T13:46:13.060+0000] {dagbag.py:541} INFO - Filling up the DagBag from /opt/airflow/dags/groups/group_transforms.py
[2023-10-01T13:46:13.076+0000] {processor.py:838} WARNING - No viable dags retrieved from /opt/airflow/dags/groups/group_transforms.py
[2023-10-01T13:46:13.120+0000] {processor.py:179} INFO - Processing /opt/airflow/dags/groups/group_transforms.py took 0.072 seconds
[2023-10-01T13:46:43.527+0000] {processor.py:157} INFO - Started process (PID=10568) to work on /opt/airflow/dags/groups/group_transforms.py
[2023-10-01T13:46:43.529+0000] {processor.py:826} INFO - Processing file /opt/airflow/dags/groups/group_transforms.py for tasks to queue
[2023-10-01T13:46:43.537+0000] {logging_mixin.py:150} INFO - [2023-10-01T13:46:43.530+0000] {dagbag.py:541} INFO - Filling up the DagBag from /opt/airflow/dags/groups/group_transforms.py
[2023-10-01T13:46:43.547+0000] {processor.py:838} WARNING - No viable dags retrieved from /opt/airflow/dags/groups/group_transforms.py
[2023-10-01T13:46:43.640+0000] {processor.py:179} INFO - Processing /opt/airflow/dags/groups/group_transforms.py took 0.130 seconds
[2023-10-01T13:47:13.830+0000] {processor.py:157} INFO - Started process (PID=10596) to work on /opt/airflow/dags/groups/group_transforms.py
[2023-10-01T13:47:13.837+0000] {processor.py:826} INFO - Processing file /opt/airflow/dags/groups/group_transforms.py for tasks to queue
[2023-10-01T13:47:13.840+0000] {logging_mixin.py:150} INFO - [2023-10-01T13:47:13.839+0000] {dagbag.py:541} INFO - Filling up the DagBag from /opt/airflow/dags/groups/group_transforms.py
[2023-10-01T13:47:13.860+0000] {processor.py:838} WARNING - No viable dags retrieved from /opt/airflow/dags/groups/group_transforms.py
[2023-10-01T13:47:13.976+0000] {processor.py:179} INFO - Processing /opt/airflow/dags/groups/group_transforms.py took 0.158 seconds
[2023-10-01T13:47:44.148+0000] {processor.py:157} INFO - Started process (PID=10621) to work on /opt/airflow/dags/groups/group_transforms.py
[2023-10-01T13:47:44.167+0000] {processor.py:826} INFO - Processing file /opt/airflow/dags/groups/group_transforms.py for tasks to queue
[2023-10-01T13:47:44.169+0000] {logging_mixin.py:150} INFO - [2023-10-01T13:47:44.168+0000] {dagbag.py:541} INFO - Filling up the DagBag from /opt/airflow/dags/groups/group_transforms.py
[2023-10-01T13:47:44.180+0000] {processor.py:838} WARNING - No viable dags retrieved from /opt/airflow/dags/groups/group_transforms.py
[2023-10-01T13:47:44.296+0000] {processor.py:179} INFO - Processing /opt/airflow/dags/groups/group_transforms.py took 0.162 seconds
[2023-10-01T13:48:14.480+0000] {processor.py:157} INFO - Started process (PID=10648) to work on /opt/airflow/dags/groups/group_transforms.py
[2023-10-01T13:48:14.487+0000] {processor.py:826} INFO - Processing file /opt/airflow/dags/groups/group_transforms.py for tasks to queue
[2023-10-01T13:48:14.488+0000] {logging_mixin.py:150} INFO - [2023-10-01T13:48:14.487+0000] {dagbag.py:541} INFO - Filling up the DagBag from /opt/airflow/dags/groups/group_transforms.py
[2023-10-01T13:48:14.496+0000] {processor.py:838} WARNING - No viable dags retrieved from /opt/airflow/dags/groups/group_transforms.py
[2023-10-01T13:48:14.538+0000] {processor.py:179} INFO - Processing /opt/airflow/dags/groups/group_transforms.py took 0.061 seconds
[2023-10-01T13:48:45.230+0000] {processor.py:157} INFO - Started process (PID=10675) to work on /opt/airflow/dags/groups/group_transforms.py
[2023-10-01T13:48:45.248+0000] {processor.py:826} INFO - Processing file /opt/airflow/dags/groups/group_transforms.py for tasks to queue
[2023-10-01T13:48:45.250+0000] {logging_mixin.py:150} INFO - [2023-10-01T13:48:45.249+0000] {dagbag.py:541} INFO - Filling up the DagBag from /opt/airflow/dags/groups/group_transforms.py
[2023-10-01T13:48:45.259+0000] {processor.py:838} WARNING - No viable dags retrieved from /opt/airflow/dags/groups/group_transforms.py
[2023-10-01T13:48:45.367+0000] {processor.py:179} INFO - Processing /opt/airflow/dags/groups/group_transforms.py took 0.150 seconds
[2023-10-01T13:49:15.468+0000] {processor.py:157} INFO - Started process (PID=10703) to work on /opt/airflow/dags/groups/group_transforms.py
[2023-10-01T13:49:15.477+0000] {processor.py:826} INFO - Processing file /opt/airflow/dags/groups/group_transforms.py for tasks to queue
[2023-10-01T13:49:15.478+0000] {logging_mixin.py:150} INFO - [2023-10-01T13:49:15.478+0000] {dagbag.py:541} INFO - Filling up the DagBag from /opt/airflow/dags/groups/group_transforms.py
[2023-10-01T13:49:15.488+0000] {processor.py:838} WARNING - No viable dags retrieved from /opt/airflow/dags/groups/group_transforms.py
[2023-10-01T13:49:15.549+0000] {processor.py:179} INFO - Processing /opt/airflow/dags/groups/group_transforms.py took 0.092 seconds
[2023-10-01T13:49:45.927+0000] {processor.py:157} INFO - Started process (PID=10730) to work on /opt/airflow/dags/groups/group_transforms.py
[2023-10-01T13:49:45.929+0000] {processor.py:826} INFO - Processing file /opt/airflow/dags/groups/group_transforms.py for tasks to queue
[2023-10-01T13:49:45.937+0000] {logging_mixin.py:150} INFO - [2023-10-01T13:49:45.936+0000] {dagbag.py:541} INFO - Filling up the DagBag from /opt/airflow/dags/groups/group_transforms.py
[2023-10-01T13:49:45.939+0000] {processor.py:838} WARNING - No viable dags retrieved from /opt/airflow/dags/groups/group_transforms.py
[2023-10-01T13:49:46.007+0000] {processor.py:179} INFO - Processing /opt/airflow/dags/groups/group_transforms.py took 0.090 seconds
[2023-10-01T13:50:16.828+0000] {processor.py:157} INFO - Started process (PID=10758) to work on /opt/airflow/dags/groups/group_transforms.py
[2023-10-01T13:50:16.829+0000] {processor.py:826} INFO - Processing file /opt/airflow/dags/groups/group_transforms.py for tasks to queue
[2023-10-01T13:50:16.837+0000] {logging_mixin.py:150} INFO - [2023-10-01T13:50:16.836+0000] {dagbag.py:541} INFO - Filling up the DagBag from /opt/airflow/dags/groups/group_transforms.py
[2023-10-01T13:50:16.846+0000] {processor.py:838} WARNING - No viable dags retrieved from /opt/airflow/dags/groups/group_transforms.py
[2023-10-01T13:50:16.889+0000] {processor.py:179} INFO - Processing /opt/airflow/dags/groups/group_transforms.py took 0.072 seconds
[2023-10-01T13:50:47.558+0000] {processor.py:157} INFO - Started process (PID=10786) to work on /opt/airflow/dags/groups/group_transforms.py
[2023-10-01T13:50:47.559+0000] {processor.py:826} INFO - Processing file /opt/airflow/dags/groups/group_transforms.py for tasks to queue
[2023-10-01T13:50:47.567+0000] {logging_mixin.py:150} INFO - [2023-10-01T13:50:47.567+0000] {dagbag.py:541} INFO - Filling up the DagBag from /opt/airflow/dags/groups/group_transforms.py
[2023-10-01T13:50:47.569+0000] {processor.py:838} WARNING - No viable dags retrieved from /opt/airflow/dags/groups/group_transforms.py
[2023-10-01T13:50:47.618+0000] {processor.py:179} INFO - Processing /opt/airflow/dags/groups/group_transforms.py took 0.070 seconds
[2023-10-01T13:51:18.098+0000] {processor.py:157} INFO - Started process (PID=10813) to work on /opt/airflow/dags/groups/group_transforms.py
[2023-10-01T13:51:18.099+0000] {processor.py:826} INFO - Processing file /opt/airflow/dags/groups/group_transforms.py for tasks to queue
[2023-10-01T13:51:18.107+0000] {logging_mixin.py:150} INFO - [2023-10-01T13:51:18.107+0000] {dagbag.py:541} INFO - Filling up the DagBag from /opt/airflow/dags/groups/group_transforms.py
[2023-10-01T13:51:18.129+0000] {processor.py:838} WARNING - No viable dags retrieved from /opt/airflow/dags/groups/group_transforms.py
[2023-10-01T13:51:18.236+0000] {processor.py:179} INFO - Processing /opt/airflow/dags/groups/group_transforms.py took 0.152 seconds
[2023-10-01T13:51:48.748+0000] {processor.py:157} INFO - Started process (PID=10831) to work on /opt/airflow/dags/groups/group_transforms.py
[2023-10-01T13:51:48.756+0000] {processor.py:826} INFO - Processing file /opt/airflow/dags/groups/group_transforms.py for tasks to queue
[2023-10-01T13:51:48.757+0000] {logging_mixin.py:150} INFO - [2023-10-01T13:51:48.757+0000] {dagbag.py:541} INFO - Filling up the DagBag from /opt/airflow/dags/groups/group_transforms.py
[2023-10-01T13:51:48.766+0000] {processor.py:838} WARNING - No viable dags retrieved from /opt/airflow/dags/groups/group_transforms.py
[2023-10-01T13:51:48.818+0000] {processor.py:179} INFO - Processing /opt/airflow/dags/groups/group_transforms.py took 0.081 seconds
[2023-10-01T13:52:19.539+0000] {processor.py:157} INFO - Started process (PID=10859) to work on /opt/airflow/dags/groups/group_transforms.py
[2023-10-01T13:52:19.547+0000] {processor.py:826} INFO - Processing file /opt/airflow/dags/groups/group_transforms.py for tasks to queue
[2023-10-01T13:52:19.549+0000] {logging_mixin.py:150} INFO - [2023-10-01T13:52:19.548+0000] {dagbag.py:541} INFO - Filling up the DagBag from /opt/airflow/dags/groups/group_transforms.py
[2023-10-01T13:52:19.559+0000] {processor.py:838} WARNING - No viable dags retrieved from /opt/airflow/dags/groups/group_transforms.py
[2023-10-01T13:52:19.629+0000] {processor.py:179} INFO - Processing /opt/airflow/dags/groups/group_transforms.py took 0.110 seconds
[2023-10-01T13:52:49.878+0000] {processor.py:157} INFO - Started process (PID=10886) to work on /opt/airflow/dags/groups/group_transforms.py
[2023-10-01T13:52:49.886+0000] {processor.py:826} INFO - Processing file /opt/airflow/dags/groups/group_transforms.py for tasks to queue
[2023-10-01T13:52:49.888+0000] {logging_mixin.py:150} INFO - [2023-10-01T13:52:49.887+0000] {dagbag.py:541} INFO - Filling up the DagBag from /opt/airflow/dags/groups/group_transforms.py
[2023-10-01T13:52:49.898+0000] {processor.py:838} WARNING - No viable dags retrieved from /opt/airflow/dags/groups/group_transforms.py
[2023-10-01T13:52:49.988+0000] {processor.py:179} INFO - Processing /opt/airflow/dags/groups/group_transforms.py took 0.121 seconds
[2023-10-01T13:53:20.477+0000] {processor.py:157} INFO - Started process (PID=10913) to work on /opt/airflow/dags/groups/group_transforms.py
[2023-10-01T13:53:20.478+0000] {processor.py:826} INFO - Processing file /opt/airflow/dags/groups/group_transforms.py for tasks to queue
[2023-10-01T13:53:20.487+0000] {logging_mixin.py:150} INFO - [2023-10-01T13:53:20.486+0000] {dagbag.py:541} INFO - Filling up the DagBag from /opt/airflow/dags/groups/group_transforms.py
[2023-10-01T13:53:20.498+0000] {processor.py:838} WARNING - No viable dags retrieved from /opt/airflow/dags/groups/group_transforms.py
[2023-10-01T13:53:20.578+0000] {processor.py:179} INFO - Processing /opt/airflow/dags/groups/group_transforms.py took 0.121 seconds
[2023-10-01T13:53:50.808+0000] {processor.py:157} INFO - Started process (PID=10940) to work on /opt/airflow/dags/groups/group_transforms.py
[2023-10-01T13:53:50.817+0000] {processor.py:826} INFO - Processing file /opt/airflow/dags/groups/group_transforms.py for tasks to queue
[2023-10-01T13:53:50.818+0000] {logging_mixin.py:150} INFO - [2023-10-01T13:53:50.817+0000] {dagbag.py:541} INFO - Filling up the DagBag from /opt/airflow/dags/groups/group_transforms.py
[2023-10-01T13:53:50.828+0000] {processor.py:838} WARNING - No viable dags retrieved from /opt/airflow/dags/groups/group_transforms.py
[2023-10-01T13:53:50.897+0000] {processor.py:179} INFO - Processing /opt/airflow/dags/groups/group_transforms.py took 0.100 seconds
[2023-10-01T13:54:21.147+0000] {processor.py:157} INFO - Started process (PID=10966) to work on /opt/airflow/dags/groups/group_transforms.py
[2023-10-01T13:54:21.148+0000] {processor.py:826} INFO - Processing file /opt/airflow/dags/groups/group_transforms.py for tasks to queue
[2023-10-01T13:54:21.158+0000] {logging_mixin.py:150} INFO - [2023-10-01T13:54:21.157+0000] {dagbag.py:541} INFO - Filling up the DagBag from /opt/airflow/dags/groups/group_transforms.py
[2023-10-01T13:54:21.169+0000] {processor.py:838} WARNING - No viable dags retrieved from /opt/airflow/dags/groups/group_transforms.py
[2023-10-01T13:54:21.288+0000] {processor.py:179} INFO - Processing /opt/airflow/dags/groups/group_transforms.py took 0.170 seconds
[2023-10-01T13:54:51.599+0000] {processor.py:157} INFO - Started process (PID=10993) to work on /opt/airflow/dags/groups/group_transforms.py
[2023-10-01T13:54:51.637+0000] {processor.py:826} INFO - Processing file /opt/airflow/dags/groups/group_transforms.py for tasks to queue
[2023-10-01T13:54:51.638+0000] {logging_mixin.py:150} INFO - [2023-10-01T13:54:51.638+0000] {dagbag.py:541} INFO - Filling up the DagBag from /opt/airflow/dags/groups/group_transforms.py
[2023-10-01T13:54:51.658+0000] {processor.py:838} WARNING - No viable dags retrieved from /opt/airflow/dags/groups/group_transforms.py
[2023-10-01T13:54:51.876+0000] {processor.py:179} INFO - Processing /opt/airflow/dags/groups/group_transforms.py took 0.312 seconds
[2023-10-01T13:55:22.138+0000] {processor.py:157} INFO - Started process (PID=11020) to work on /opt/airflow/dags/groups/group_transforms.py
[2023-10-01T13:55:22.147+0000] {processor.py:826} INFO - Processing file /opt/airflow/dags/groups/group_transforms.py for tasks to queue
[2023-10-01T13:55:22.148+0000] {logging_mixin.py:150} INFO - [2023-10-01T13:55:22.148+0000] {dagbag.py:541} INFO - Filling up the DagBag from /opt/airflow/dags/groups/group_transforms.py
[2023-10-01T13:55:22.158+0000] {processor.py:838} WARNING - No viable dags retrieved from /opt/airflow/dags/groups/group_transforms.py
[2023-10-01T13:55:22.278+0000] {processor.py:179} INFO - Processing /opt/airflow/dags/groups/group_transforms.py took 0.161 seconds
[2023-10-01T13:55:52.618+0000] {processor.py:157} INFO - Started process (PID=11047) to work on /opt/airflow/dags/groups/group_transforms.py
[2023-10-01T13:55:52.627+0000] {processor.py:826} INFO - Processing file /opt/airflow/dags/groups/group_transforms.py for tasks to queue
[2023-10-01T13:55:52.628+0000] {logging_mixin.py:150} INFO - [2023-10-01T13:55:52.628+0000] {dagbag.py:541} INFO - Filling up the DagBag from /opt/airflow/dags/groups/group_transforms.py
[2023-10-01T13:55:52.647+0000] {processor.py:838} WARNING - No viable dags retrieved from /opt/airflow/dags/groups/group_transforms.py
[2023-10-01T13:55:52.766+0000] {processor.py:179} INFO - Processing /opt/airflow/dags/groups/group_transforms.py took 0.161 seconds
[2023-10-01T13:56:23.507+0000] {processor.py:157} INFO - Started process (PID=11075) to work on /opt/airflow/dags/groups/group_transforms.py
[2023-10-01T13:56:23.527+0000] {processor.py:826} INFO - Processing file /opt/airflow/dags/groups/group_transforms.py for tasks to queue
[2023-10-01T13:56:23.528+0000] {logging_mixin.py:150} INFO - [2023-10-01T13:56:23.528+0000] {dagbag.py:541} INFO - Filling up the DagBag from /opt/airflow/dags/groups/group_transforms.py
[2023-10-01T13:56:23.548+0000] {processor.py:838} WARNING - No viable dags retrieved from /opt/airflow/dags/groups/group_transforms.py
[2023-10-01T13:56:23.688+0000] {processor.py:179} INFO - Processing /opt/airflow/dags/groups/group_transforms.py took 0.251 seconds
[2023-10-01T13:56:53.926+0000] {processor.py:157} INFO - Started process (PID=11101) to work on /opt/airflow/dags/groups/group_transforms.py
[2023-10-01T13:56:53.928+0000] {processor.py:826} INFO - Processing file /opt/airflow/dags/groups/group_transforms.py for tasks to queue
[2023-10-01T13:56:53.937+0000] {logging_mixin.py:150} INFO - [2023-10-01T13:56:53.936+0000] {dagbag.py:541} INFO - Filling up the DagBag from /opt/airflow/dags/groups/group_transforms.py
[2023-10-01T13:56:53.948+0000] {processor.py:838} WARNING - No viable dags retrieved from /opt/airflow/dags/groups/group_transforms.py
[2023-10-01T13:56:54.078+0000] {processor.py:179} INFO - Processing /opt/airflow/dags/groups/group_transforms.py took 0.212 seconds
[2023-10-01T13:57:24.396+0000] {processor.py:157} INFO - Started process (PID=11120) to work on /opt/airflow/dags/groups/group_transforms.py
[2023-10-01T13:57:24.416+0000] {processor.py:826} INFO - Processing file /opt/airflow/dags/groups/group_transforms.py for tasks to queue
[2023-10-01T13:57:24.418+0000] {logging_mixin.py:150} INFO - [2023-10-01T13:57:24.417+0000] {dagbag.py:541} INFO - Filling up the DagBag from /opt/airflow/dags/groups/group_transforms.py
[2023-10-01T13:57:24.438+0000] {processor.py:838} WARNING - No viable dags retrieved from /opt/airflow/dags/groups/group_transforms.py
[2023-10-01T13:57:24.646+0000] {processor.py:179} INFO - Processing /opt/airflow/dags/groups/group_transforms.py took 0.290 seconds
[2023-10-01T13:57:55.328+0000] {processor.py:157} INFO - Started process (PID=11147) to work on /opt/airflow/dags/groups/group_transforms.py
[2023-10-01T13:57:55.347+0000] {processor.py:826} INFO - Processing file /opt/airflow/dags/groups/group_transforms.py for tasks to queue
[2023-10-01T13:57:55.367+0000] {logging_mixin.py:150} INFO - [2023-10-01T13:57:55.358+0000] {dagbag.py:541} INFO - Filling up the DagBag from /opt/airflow/dags/groups/group_transforms.py
[2023-10-01T13:57:55.396+0000] {processor.py:838} WARNING - No viable dags retrieved from /opt/airflow/dags/groups/group_transforms.py
[2023-10-01T13:57:55.627+0000] {processor.py:179} INFO - Processing /opt/airflow/dags/groups/group_transforms.py took 0.349 seconds
[2023-10-01T13:58:26.486+0000] {processor.py:157} INFO - Started process (PID=11175) to work on /opt/airflow/dags/groups/group_transforms.py
[2023-10-01T13:58:26.496+0000] {processor.py:826} INFO - Processing file /opt/airflow/dags/groups/group_transforms.py for tasks to queue
[2023-10-01T13:58:26.498+0000] {logging_mixin.py:150} INFO - [2023-10-01T13:58:26.497+0000] {dagbag.py:541} INFO - Filling up the DagBag from /opt/airflow/dags/groups/group_transforms.py
[2023-10-01T13:58:26.526+0000] {processor.py:838} WARNING - No viable dags retrieved from /opt/airflow/dags/groups/group_transforms.py
[2023-10-01T13:58:26.667+0000] {processor.py:179} INFO - Processing /opt/airflow/dags/groups/group_transforms.py took 0.220 seconds
[2023-10-01T13:58:57.127+0000] {processor.py:157} INFO - Started process (PID=11202) to work on /opt/airflow/dags/groups/group_transforms.py
[2023-10-01T13:58:57.137+0000] {processor.py:826} INFO - Processing file /opt/airflow/dags/groups/group_transforms.py for tasks to queue
[2023-10-01T13:58:57.147+0000] {logging_mixin.py:150} INFO - [2023-10-01T13:58:57.147+0000] {dagbag.py:541} INFO - Filling up the DagBag from /opt/airflow/dags/groups/group_transforms.py
[2023-10-01T13:58:57.167+0000] {processor.py:838} WARNING - No viable dags retrieved from /opt/airflow/dags/groups/group_transforms.py
[2023-10-01T13:58:57.327+0000] {processor.py:179} INFO - Processing /opt/airflow/dags/groups/group_transforms.py took 0.229 seconds
[2023-10-01T13:59:28.178+0000] {processor.py:157} INFO - Started process (PID=11229) to work on /opt/airflow/dags/groups/group_transforms.py
[2023-10-01T13:59:28.187+0000] {processor.py:826} INFO - Processing file /opt/airflow/dags/groups/group_transforms.py for tasks to queue
[2023-10-01T13:59:28.217+0000] {logging_mixin.py:150} INFO - [2023-10-01T13:59:28.207+0000] {dagbag.py:541} INFO - Filling up the DagBag from /opt/airflow/dags/groups/group_transforms.py
[2023-10-01T13:59:28.257+0000] {processor.py:838} WARNING - No viable dags retrieved from /opt/airflow/dags/groups/group_transforms.py
[2023-10-01T13:59:28.616+0000] {processor.py:179} INFO - Processing /opt/airflow/dags/groups/group_transforms.py took 0.499 seconds
[2023-10-01T13:59:59.797+0000] {processor.py:157} INFO - Started process (PID=11256) to work on /opt/airflow/dags/groups/group_transforms.py
[2023-10-01T13:59:59.827+0000] {processor.py:826} INFO - Processing file /opt/airflow/dags/groups/group_transforms.py for tasks to queue
[2023-10-01T13:59:59.847+0000] {logging_mixin.py:150} INFO - [2023-10-01T13:59:59.846+0000] {dagbag.py:541} INFO - Filling up the DagBag from /opt/airflow/dags/groups/group_transforms.py
[2023-10-01T13:59:59.897+0000] {processor.py:838} WARNING - No viable dags retrieved from /opt/airflow/dags/groups/group_transforms.py
[2023-10-01T14:00:00.277+0000] {processor.py:179} INFO - Processing /opt/airflow/dags/groups/group_transforms.py took 0.559 seconds
[2023-10-01T14:00:30.717+0000] {processor.py:157} INFO - Started process (PID=11276) to work on /opt/airflow/dags/groups/group_transforms.py
[2023-10-01T14:00:30.737+0000] {processor.py:826} INFO - Processing file /opt/airflow/dags/groups/group_transforms.py for tasks to queue
[2023-10-01T14:00:30.757+0000] {logging_mixin.py:150} INFO - [2023-10-01T14:00:30.757+0000] {dagbag.py:541} INFO - Filling up the DagBag from /opt/airflow/dags/groups/group_transforms.py
[2023-10-01T14:00:30.807+0000] {processor.py:838} WARNING - No viable dags retrieved from /opt/airflow/dags/groups/group_transforms.py
[2023-10-01T14:00:31.296+0000] {processor.py:179} INFO - Processing /opt/airflow/dags/groups/group_transforms.py took 0.660 seconds
[2023-10-01T14:01:02.397+0000] {processor.py:157} INFO - Started process (PID=11303) to work on /opt/airflow/dags/groups/group_transforms.py
[2023-10-01T14:01:02.427+0000] {processor.py:826} INFO - Processing file /opt/airflow/dags/groups/group_transforms.py for tasks to queue
[2023-10-01T14:01:02.457+0000] {logging_mixin.py:150} INFO - [2023-10-01T14:01:02.447+0000] {dagbag.py:541} INFO - Filling up the DagBag from /opt/airflow/dags/groups/group_transforms.py
[2023-10-01T14:01:02.497+0000] {processor.py:838} WARNING - No viable dags retrieved from /opt/airflow/dags/groups/group_transforms.py
[2023-10-01T14:01:02.907+0000] {processor.py:179} INFO - Processing /opt/airflow/dags/groups/group_transforms.py took 0.620 seconds
[2023-10-01T14:01:38.897+0000] {processor.py:157} INFO - Started process (PID=11329) to work on /opt/airflow/dags/groups/group_transforms.py
[2023-10-01T14:01:38.917+0000] {processor.py:826} INFO - Processing file /opt/airflow/dags/groups/group_transforms.py for tasks to queue
[2023-10-01T14:01:38.957+0000] {logging_mixin.py:150} INFO - [2023-10-01T14:01:38.956+0000] {dagbag.py:541} INFO - Filling up the DagBag from /opt/airflow/dags/groups/group_transforms.py
[2023-10-01T14:01:39.027+0000] {processor.py:838} WARNING - No viable dags retrieved from /opt/airflow/dags/groups/group_transforms.py
[2023-10-01T14:01:39.577+0000] {processor.py:179} INFO - Processing /opt/airflow/dags/groups/group_transforms.py took 0.780 seconds
[2023-10-01T14:02:13.497+0000] {processor.py:157} INFO - Started process (PID=11355) to work on /opt/airflow/dags/groups/group_transforms.py
[2023-10-01T14:02:13.536+0000] {processor.py:826} INFO - Processing file /opt/airflow/dags/groups/group_transforms.py for tasks to queue
[2023-10-01T14:02:13.556+0000] {logging_mixin.py:150} INFO - [2023-10-01T14:02:13.546+0000] {dagbag.py:541} INFO - Filling up the DagBag from /opt/airflow/dags/groups/group_transforms.py
[2023-10-01T14:02:13.597+0000] {processor.py:838} WARNING - No viable dags retrieved from /opt/airflow/dags/groups/group_transforms.py
[2023-10-01T14:02:14.046+0000] {processor.py:179} INFO - Processing /opt/airflow/dags/groups/group_transforms.py took 0.649 seconds
[2023-10-01T14:02:51.186+0000] {processor.py:157} INFO - Started process (PID=11374) to work on /opt/airflow/dags/groups/group_transforms.py
[2023-10-01T14:02:51.246+0000] {processor.py:826} INFO - Processing file /opt/airflow/dags/groups/group_transforms.py for tasks to queue
[2023-10-01T14:02:51.287+0000] {logging_mixin.py:150} INFO - [2023-10-01T14:02:51.257+0000] {dagbag.py:541} INFO - Filling up the DagBag from /opt/airflow/dags/groups/group_transforms.py
[2023-10-01T14:02:51.376+0000] {processor.py:838} WARNING - No viable dags retrieved from /opt/airflow/dags/groups/group_transforms.py
[2023-10-01T14:02:52.026+0000] {processor.py:179} INFO - Processing /opt/airflow/dags/groups/group_transforms.py took 1.050 seconds
[2023-10-01T14:03:51.846+0000] {processor.py:157} INFO - Started process (PID=11407) to work on /opt/airflow/dags/groups/group_transforms.py
[2023-10-01T14:03:52.077+0000] {processor.py:826} INFO - Processing file /opt/airflow/dags/groups/group_transforms.py for tasks to queue
[2023-10-01T14:03:52.376+0000] {logging_mixin.py:150} INFO - [2023-10-01T14:03:52.257+0000] {dagbag.py:541} INFO - Filling up the DagBag from /opt/airflow/dags/groups/group_transforms.py
[2023-10-01T14:03:52.716+0000] {processor.py:838} WARNING - No viable dags retrieved from /opt/airflow/dags/groups/group_transforms.py
[2023-10-01T14:03:55.336+0000] {processor.py:179} INFO - Processing /opt/airflow/dags/groups/group_transforms.py took 4.200 seconds
[2023-10-01T14:05:59.566+0000] {processor.py:157} INFO - Started process (PID=11447) to work on /opt/airflow/dags/groups/group_transforms.py
[2023-10-01T14:05:59.716+0000] {processor.py:826} INFO - Processing file /opt/airflow/dags/groups/group_transforms.py for tasks to queue
[2023-10-01T14:06:00.246+0000] {logging_mixin.py:150} INFO - [2023-10-01T14:05:59.916+0000] {dagbag.py:541} INFO - Filling up the DagBag from /opt/airflow/dags/groups/group_transforms.py
[2023-10-01T14:06:02.746+0000] {processor.py:838} WARNING - No viable dags retrieved from /opt/airflow/dags/groups/group_transforms.py
[2023-10-02T13:00:51.375+0000] {processor.py:179} INFO - Processing /opt/airflow/dags/groups/group_transforms.py took 48050.777 seconds
