[2023-07-20T00:00:14.101+0000] {processor.py:157} INFO - Started process (PID=9814) to work on /opt/airflow/dags/user_processing.py
[2023-07-20T00:00:14.101+0000] {processor.py:826} INFO - Processing file /opt/airflow/dags/user_processing.py for tasks to queue
[2023-07-20T00:00:14.102+0000] {logging_mixin.py:150} INFO - [2023-07-20T00:00:14.102+0000] {dagbag.py:541} INFO - Filling up the DagBag from /opt/airflow/dags/user_processing.py
[2023-07-20T00:00:14.109+0000] {processor.py:836} INFO - DAG(s) dict_keys(['user_processing']) retrieved from /opt/airflow/dags/user_processing.py
[2023-07-20T00:00:14.137+0000] {logging_mixin.py:150} INFO - [2023-07-20T00:00:14.137+0000] {dag.py:2742} INFO - Sync 1 DAGs
[2023-07-20T00:00:14.293+0000] {logging_mixin.py:150} INFO - [2023-07-20T00:00:14.293+0000] {dag.py:3508} INFO - Setting next_dagrun for user_processing to 2023-07-19T00:00:00+00:00, run_after=2023-07-20T00:00:00+00:00
[2023-07-20T00:00:14.323+0000] {processor.py:179} INFO - Processing /opt/airflow/dags/user_processing.py took 0.226 seconds
[2023-07-20T00:00:45.042+0000] {processor.py:157} INFO - Started process (PID=9876) to work on /opt/airflow/dags/user_processing.py
[2023-07-20T00:00:45.046+0000] {processor.py:826} INFO - Processing file /opt/airflow/dags/user_processing.py for tasks to queue
[2023-07-20T00:00:45.047+0000] {logging_mixin.py:150} INFO - [2023-07-20T00:00:45.047+0000] {dagbag.py:541} INFO - Filling up the DagBag from /opt/airflow/dags/user_processing.py
[2023-07-20T00:00:45.055+0000] {processor.py:836} INFO - DAG(s) dict_keys(['user_processing']) retrieved from /opt/airflow/dags/user_processing.py
[2023-07-20T00:00:45.083+0000] {logging_mixin.py:150} INFO - [2023-07-20T00:00:45.083+0000] {dag.py:2742} INFO - Sync 1 DAGs
[2023-07-20T00:00:45.115+0000] {logging_mixin.py:150} INFO - [2023-07-20T00:00:45.114+0000] {dag.py:3508} INFO - Setting next_dagrun for user_processing to 2023-07-19T00:00:00+00:00, run_after=2023-07-20T00:00:00+00:00
[2023-07-20T00:00:45.140+0000] {processor.py:179} INFO - Processing /opt/airflow/dags/user_processing.py took 0.103 seconds
[2023-07-20T00:01:15.905+0000] {processor.py:157} INFO - Started process (PID=9938) to work on /opt/airflow/dags/user_processing.py
[2023-07-20T00:01:15.909+0000] {processor.py:826} INFO - Processing file /opt/airflow/dags/user_processing.py for tasks to queue
[2023-07-20T00:01:15.910+0000] {logging_mixin.py:150} INFO - [2023-07-20T00:01:15.910+0000] {dagbag.py:541} INFO - Filling up the DagBag from /opt/airflow/dags/user_processing.py
[2023-07-20T00:01:15.917+0000] {processor.py:836} INFO - DAG(s) dict_keys(['user_processing']) retrieved from /opt/airflow/dags/user_processing.py
[2023-07-20T00:01:15.948+0000] {logging_mixin.py:150} INFO - [2023-07-20T00:01:15.947+0000] {dag.py:2742} INFO - Sync 1 DAGs
[2023-07-20T00:01:16.092+0000] {logging_mixin.py:150} INFO - [2023-07-20T00:01:16.091+0000] {dag.py:3508} INFO - Setting next_dagrun for user_processing to 2023-07-19T00:00:00+00:00, run_after=2023-07-20T00:00:00+00:00
[2023-07-20T00:01:16.117+0000] {processor.py:179} INFO - Processing /opt/airflow/dags/user_processing.py took 0.216 seconds
[2023-07-20T00:01:47.075+0000] {processor.py:157} INFO - Started process (PID=10000) to work on /opt/airflow/dags/user_processing.py
[2023-07-20T00:01:47.077+0000] {processor.py:826} INFO - Processing file /opt/airflow/dags/user_processing.py for tasks to queue
[2023-07-20T00:01:47.079+0000] {logging_mixin.py:150} INFO - [2023-07-20T00:01:47.078+0000] {dagbag.py:541} INFO - Filling up the DagBag from /opt/airflow/dags/user_processing.py
[2023-07-20T00:01:47.089+0000] {processor.py:836} INFO - DAG(s) dict_keys(['user_processing']) retrieved from /opt/airflow/dags/user_processing.py
[2023-07-20T00:01:47.118+0000] {logging_mixin.py:150} INFO - [2023-07-20T00:01:47.118+0000] {dag.py:2742} INFO - Sync 1 DAGs
[2023-07-20T00:01:47.149+0000] {logging_mixin.py:150} INFO - [2023-07-20T00:01:47.148+0000] {dag.py:3508} INFO - Setting next_dagrun for user_processing to 2023-07-19T00:00:00+00:00, run_after=2023-07-20T00:00:00+00:00
[2023-07-20T00:01:47.306+0000] {processor.py:179} INFO - Processing /opt/airflow/dags/user_processing.py took 0.235 seconds
[2023-07-20T00:02:17.715+0000] {processor.py:157} INFO - Started process (PID=10062) to work on /opt/airflow/dags/user_processing.py
[2023-07-20T00:02:17.720+0000] {processor.py:826} INFO - Processing file /opt/airflow/dags/user_processing.py for tasks to queue
[2023-07-20T00:02:17.721+0000] {logging_mixin.py:150} INFO - [2023-07-20T00:02:17.720+0000] {dagbag.py:541} INFO - Filling up the DagBag from /opt/airflow/dags/user_processing.py
[2023-07-20T00:02:17.729+0000] {processor.py:836} INFO - DAG(s) dict_keys(['user_processing']) retrieved from /opt/airflow/dags/user_processing.py
[2023-07-20T00:02:17.900+0000] {logging_mixin.py:150} INFO - [2023-07-20T00:02:17.899+0000] {dag.py:2742} INFO - Sync 1 DAGs
[2023-07-20T00:02:17.936+0000] {logging_mixin.py:150} INFO - [2023-07-20T00:02:17.936+0000] {dag.py:3508} INFO - Setting next_dagrun for user_processing to 2023-07-19T00:00:00+00:00, run_after=2023-07-20T00:00:00+00:00
[2023-07-20T00:02:17.961+0000] {processor.py:179} INFO - Processing /opt/airflow/dags/user_processing.py took 0.249 seconds
[2023-07-20T00:02:48.005+0000] {processor.py:157} INFO - Started process (PID=10131) to work on /opt/airflow/dags/user_processing.py
[2023-07-20T00:02:48.011+0000] {processor.py:826} INFO - Processing file /opt/airflow/dags/user_processing.py for tasks to queue
[2023-07-20T00:02:48.012+0000] {logging_mixin.py:150} INFO - [2023-07-20T00:02:48.011+0000] {dagbag.py:541} INFO - Filling up the DagBag from /opt/airflow/dags/user_processing.py
[2023-07-20T00:02:48.023+0000] {processor.py:836} INFO - DAG(s) dict_keys(['user_processing']) retrieved from /opt/airflow/dags/user_processing.py
[2023-07-20T00:02:48.051+0000] {logging_mixin.py:150} INFO - [2023-07-20T00:02:48.051+0000] {dag.py:2742} INFO - Sync 1 DAGs
[2023-07-20T00:02:48.083+0000] {logging_mixin.py:150} INFO - [2023-07-20T00:02:48.082+0000] {dag.py:3508} INFO - Setting next_dagrun for user_processing to 2023-07-19T00:00:00+00:00, run_after=2023-07-20T00:00:00+00:00
[2023-07-20T00:02:48.242+0000] {processor.py:179} INFO - Processing /opt/airflow/dags/user_processing.py took 0.242 seconds
[2023-07-20T00:03:18.841+0000] {processor.py:157} INFO - Started process (PID=10195) to work on /opt/airflow/dags/user_processing.py
[2023-07-20T00:03:18.842+0000] {processor.py:826} INFO - Processing file /opt/airflow/dags/user_processing.py for tasks to queue
[2023-07-20T00:03:18.843+0000] {logging_mixin.py:150} INFO - [2023-07-20T00:03:18.843+0000] {dagbag.py:541} INFO - Filling up the DagBag from /opt/airflow/dags/user_processing.py
[2023-07-20T00:03:18.851+0000] {processor.py:836} INFO - DAG(s) dict_keys(['user_processing']) retrieved from /opt/airflow/dags/user_processing.py
[2023-07-20T00:03:18.994+0000] {logging_mixin.py:150} INFO - [2023-07-20T00:03:18.994+0000] {dag.py:2742} INFO - Sync 1 DAGs
[2023-07-20T00:03:19.021+0000] {logging_mixin.py:150} INFO - [2023-07-20T00:03:19.020+0000] {dag.py:3508} INFO - Setting next_dagrun for user_processing to 2023-07-19T00:00:00+00:00, run_after=2023-07-20T00:00:00+00:00
[2023-07-20T00:03:19.044+0000] {processor.py:179} INFO - Processing /opt/airflow/dags/user_processing.py took 0.208 seconds
[2023-07-20T00:03:49.119+0000] {processor.py:157} INFO - Started process (PID=10257) to work on /opt/airflow/dags/user_processing.py
[2023-07-20T00:03:49.120+0000] {processor.py:826} INFO - Processing file /opt/airflow/dags/user_processing.py for tasks to queue
[2023-07-20T00:03:49.121+0000] {logging_mixin.py:150} INFO - [2023-07-20T00:03:49.120+0000] {dagbag.py:541} INFO - Filling up the DagBag from /opt/airflow/dags/user_processing.py
[2023-07-20T00:03:49.130+0000] {processor.py:836} INFO - DAG(s) dict_keys(['user_processing']) retrieved from /opt/airflow/dags/user_processing.py
[2023-07-20T00:03:49.159+0000] {logging_mixin.py:150} INFO - [2023-07-20T00:03:49.158+0000] {dag.py:2742} INFO - Sync 1 DAGs
[2023-07-20T00:03:49.189+0000] {logging_mixin.py:150} INFO - [2023-07-20T00:03:49.189+0000] {dag.py:3508} INFO - Setting next_dagrun for user_processing to 2023-07-19T00:00:00+00:00, run_after=2023-07-20T00:00:00+00:00
[2023-07-20T00:03:49.215+0000] {processor.py:179} INFO - Processing /opt/airflow/dags/user_processing.py took 0.101 seconds
[2023-07-20T00:04:19.659+0000] {processor.py:157} INFO - Started process (PID=10319) to work on /opt/airflow/dags/user_processing.py
[2023-07-20T00:04:19.661+0000] {processor.py:826} INFO - Processing file /opt/airflow/dags/user_processing.py for tasks to queue
[2023-07-20T00:04:19.662+0000] {logging_mixin.py:150} INFO - [2023-07-20T00:04:19.662+0000] {dagbag.py:541} INFO - Filling up the DagBag from /opt/airflow/dags/user_processing.py
[2023-07-20T00:04:19.672+0000] {processor.py:836} INFO - DAG(s) dict_keys(['user_processing']) retrieved from /opt/airflow/dags/user_processing.py
[2023-07-20T00:04:19.699+0000] {logging_mixin.py:150} INFO - [2023-07-20T00:04:19.699+0000] {dag.py:2742} INFO - Sync 1 DAGs
[2023-07-20T00:04:19.731+0000] {logging_mixin.py:150} INFO - [2023-07-20T00:04:19.731+0000] {dag.py:3508} INFO - Setting next_dagrun for user_processing to 2023-07-19T00:00:00+00:00, run_after=2023-07-20T00:00:00+00:00
[2023-07-20T00:04:19.762+0000] {processor.py:179} INFO - Processing /opt/airflow/dags/user_processing.py took 0.107 seconds
[2023-07-20T00:04:49.808+0000] {processor.py:157} INFO - Started process (PID=10381) to work on /opt/airflow/dags/user_processing.py
[2023-07-20T00:04:49.813+0000] {processor.py:826} INFO - Processing file /opt/airflow/dags/user_processing.py for tasks to queue
[2023-07-20T00:04:49.813+0000] {logging_mixin.py:150} INFO - [2023-07-20T00:04:49.813+0000] {dagbag.py:541} INFO - Filling up the DagBag from /opt/airflow/dags/user_processing.py
[2023-07-20T00:04:49.821+0000] {processor.py:836} INFO - DAG(s) dict_keys(['user_processing']) retrieved from /opt/airflow/dags/user_processing.py
[2023-07-20T00:04:49.848+0000] {logging_mixin.py:150} INFO - [2023-07-20T00:04:49.848+0000] {dag.py:2742} INFO - Sync 1 DAGs
[2023-07-20T00:04:49.878+0000] {logging_mixin.py:150} INFO - [2023-07-20T00:04:49.877+0000] {dag.py:3508} INFO - Setting next_dagrun for user_processing to 2023-07-19T00:00:00+00:00, run_after=2023-07-20T00:00:00+00:00
[2023-07-20T00:04:49.904+0000] {processor.py:179} INFO - Processing /opt/airflow/dags/user_processing.py took 0.099 seconds
[2023-07-20T00:05:20.539+0000] {processor.py:157} INFO - Started process (PID=10443) to work on /opt/airflow/dags/user_processing.py
[2023-07-20T00:05:20.543+0000] {processor.py:826} INFO - Processing file /opt/airflow/dags/user_processing.py for tasks to queue
[2023-07-20T00:05:20.544+0000] {logging_mixin.py:150} INFO - [2023-07-20T00:05:20.544+0000] {dagbag.py:541} INFO - Filling up the DagBag from /opt/airflow/dags/user_processing.py
[2023-07-20T00:05:20.552+0000] {processor.py:836} INFO - DAG(s) dict_keys(['user_processing']) retrieved from /opt/airflow/dags/user_processing.py
[2023-07-20T00:05:20.580+0000] {logging_mixin.py:150} INFO - [2023-07-20T00:05:20.580+0000] {dag.py:2742} INFO - Sync 1 DAGs
[2023-07-20T00:05:20.611+0000] {logging_mixin.py:150} INFO - [2023-07-20T00:05:20.611+0000] {dag.py:3508} INFO - Setting next_dagrun for user_processing to 2023-07-19T00:00:00+00:00, run_after=2023-07-20T00:00:00+00:00
[2023-07-20T00:05:20.636+0000] {processor.py:179} INFO - Processing /opt/airflow/dags/user_processing.py took 0.102 seconds
[2023-07-20T00:05:51.344+0000] {processor.py:157} INFO - Started process (PID=10505) to work on /opt/airflow/dags/user_processing.py
[2023-07-20T00:05:51.345+0000] {processor.py:826} INFO - Processing file /opt/airflow/dags/user_processing.py for tasks to queue
[2023-07-20T00:05:51.347+0000] {logging_mixin.py:150} INFO - [2023-07-20T00:05:51.346+0000] {dagbag.py:541} INFO - Filling up the DagBag from /opt/airflow/dags/user_processing.py
[2023-07-20T00:05:51.358+0000] {processor.py:836} INFO - DAG(s) dict_keys(['user_processing']) retrieved from /opt/airflow/dags/user_processing.py
[2023-07-20T00:05:51.388+0000] {logging_mixin.py:150} INFO - [2023-07-20T00:05:51.387+0000] {dag.py:2742} INFO - Sync 1 DAGs
[2023-07-20T00:05:51.417+0000] {logging_mixin.py:150} INFO - [2023-07-20T00:05:51.417+0000] {dag.py:3508} INFO - Setting next_dagrun for user_processing to 2023-07-19T00:00:00+00:00, run_after=2023-07-20T00:00:00+00:00
[2023-07-20T00:05:51.444+0000] {processor.py:179} INFO - Processing /opt/airflow/dags/user_processing.py took 0.104 seconds
[2023-07-20T00:06:21.853+0000] {processor.py:157} INFO - Started process (PID=10567) to work on /opt/airflow/dags/user_processing.py
[2023-07-20T00:06:21.854+0000] {processor.py:826} INFO - Processing file /opt/airflow/dags/user_processing.py for tasks to queue
[2023-07-20T00:06:21.855+0000] {logging_mixin.py:150} INFO - [2023-07-20T00:06:21.855+0000] {dagbag.py:541} INFO - Filling up the DagBag from /opt/airflow/dags/user_processing.py
[2023-07-20T00:06:21.862+0000] {processor.py:836} INFO - DAG(s) dict_keys(['user_processing']) retrieved from /opt/airflow/dags/user_processing.py
[2023-07-20T00:06:21.891+0000] {logging_mixin.py:150} INFO - [2023-07-20T00:06:21.890+0000] {dag.py:2742} INFO - Sync 1 DAGs
[2023-07-20T00:06:21.920+0000] {logging_mixin.py:150} INFO - [2023-07-20T00:06:21.920+0000] {dag.py:3508} INFO - Setting next_dagrun for user_processing to 2023-07-19T00:00:00+00:00, run_after=2023-07-20T00:00:00+00:00
[2023-07-20T00:06:21.948+0000] {processor.py:179} INFO - Processing /opt/airflow/dags/user_processing.py took 0.099 seconds
[2023-07-20T00:06:52.918+0000] {processor.py:157} INFO - Started process (PID=10629) to work on /opt/airflow/dags/user_processing.py
[2023-07-20T00:06:52.924+0000] {processor.py:826} INFO - Processing file /opt/airflow/dags/user_processing.py for tasks to queue
[2023-07-20T00:06:52.925+0000] {logging_mixin.py:150} INFO - [2023-07-20T00:06:52.924+0000] {dagbag.py:541} INFO - Filling up the DagBag from /opt/airflow/dags/user_processing.py
[2023-07-20T00:06:52.933+0000] {processor.py:836} INFO - DAG(s) dict_keys(['user_processing']) retrieved from /opt/airflow/dags/user_processing.py
[2023-07-20T00:06:52.961+0000] {logging_mixin.py:150} INFO - [2023-07-20T00:06:52.961+0000] {dag.py:2742} INFO - Sync 1 DAGs
[2023-07-20T00:06:52.991+0000] {logging_mixin.py:150} INFO - [2023-07-20T00:06:52.991+0000] {dag.py:3508} INFO - Setting next_dagrun for user_processing to 2023-07-19T00:00:00+00:00, run_after=2023-07-20T00:00:00+00:00
[2023-07-20T00:06:53.020+0000] {processor.py:179} INFO - Processing /opt/airflow/dags/user_processing.py took 0.105 seconds
[2023-07-20T00:07:23.631+0000] {processor.py:157} INFO - Started process (PID=10691) to work on /opt/airflow/dags/user_processing.py
[2023-07-20T00:07:23.633+0000] {processor.py:826} INFO - Processing file /opt/airflow/dags/user_processing.py for tasks to queue
[2023-07-20T00:07:23.634+0000] {logging_mixin.py:150} INFO - [2023-07-20T00:07:23.633+0000] {dagbag.py:541} INFO - Filling up the DagBag from /opt/airflow/dags/user_processing.py
[2023-07-20T00:07:23.643+0000] {processor.py:836} INFO - DAG(s) dict_keys(['user_processing']) retrieved from /opt/airflow/dags/user_processing.py
[2023-07-20T00:07:23.674+0000] {logging_mixin.py:150} INFO - [2023-07-20T00:07:23.673+0000] {dag.py:2742} INFO - Sync 1 DAGs
[2023-07-20T00:07:23.704+0000] {logging_mixin.py:150} INFO - [2023-07-20T00:07:23.704+0000] {dag.py:3508} INFO - Setting next_dagrun for user_processing to 2023-07-19T00:00:00+00:00, run_after=2023-07-20T00:00:00+00:00
[2023-07-20T00:07:23.730+0000] {processor.py:179} INFO - Processing /opt/airflow/dags/user_processing.py took 0.103 seconds
[2023-07-20T00:07:54.089+0000] {processor.py:157} INFO - Started process (PID=10753) to work on /opt/airflow/dags/user_processing.py
[2023-07-20T00:07:54.090+0000] {processor.py:826} INFO - Processing file /opt/airflow/dags/user_processing.py for tasks to queue
[2023-07-20T00:07:54.091+0000] {logging_mixin.py:150} INFO - [2023-07-20T00:07:54.091+0000] {dagbag.py:541} INFO - Filling up the DagBag from /opt/airflow/dags/user_processing.py
[2023-07-20T00:07:54.101+0000] {processor.py:836} INFO - DAG(s) dict_keys(['user_processing']) retrieved from /opt/airflow/dags/user_processing.py
[2023-07-20T00:07:54.130+0000] {logging_mixin.py:150} INFO - [2023-07-20T00:07:54.130+0000] {dag.py:2742} INFO - Sync 1 DAGs
[2023-07-20T00:07:54.164+0000] {logging_mixin.py:150} INFO - [2023-07-20T00:07:54.164+0000] {dag.py:3508} INFO - Setting next_dagrun for user_processing to 2023-07-19T00:00:00+00:00, run_after=2023-07-20T00:00:00+00:00
[2023-07-20T00:07:54.193+0000] {processor.py:179} INFO - Processing /opt/airflow/dags/user_processing.py took 0.107 seconds
[2023-07-20T00:08:24.762+0000] {processor.py:157} INFO - Started process (PID=10815) to work on /opt/airflow/dags/user_processing.py
[2023-07-20T00:08:24.764+0000] {processor.py:826} INFO - Processing file /opt/airflow/dags/user_processing.py for tasks to queue
[2023-07-20T00:08:24.765+0000] {logging_mixin.py:150} INFO - [2023-07-20T00:08:24.765+0000] {dagbag.py:541} INFO - Filling up the DagBag from /opt/airflow/dags/user_processing.py
[2023-07-20T00:08:24.773+0000] {processor.py:836} INFO - DAG(s) dict_keys(['user_processing']) retrieved from /opt/airflow/dags/user_processing.py
[2023-07-20T00:08:24.801+0000] {logging_mixin.py:150} INFO - [2023-07-20T00:08:24.801+0000] {dag.py:2742} INFO - Sync 1 DAGs
[2023-07-20T00:08:24.834+0000] {logging_mixin.py:150} INFO - [2023-07-20T00:08:24.833+0000] {dag.py:3508} INFO - Setting next_dagrun for user_processing to 2023-07-19T00:00:00+00:00, run_after=2023-07-20T00:00:00+00:00
[2023-07-20T00:08:24.859+0000] {processor.py:179} INFO - Processing /opt/airflow/dags/user_processing.py took 0.101 seconds
[2023-07-20T00:08:55.089+0000] {processor.py:157} INFO - Started process (PID=10877) to work on /opt/airflow/dags/user_processing.py
[2023-07-20T00:08:55.089+0000] {processor.py:826} INFO - Processing file /opt/airflow/dags/user_processing.py for tasks to queue
[2023-07-20T00:08:55.090+0000] {logging_mixin.py:150} INFO - [2023-07-20T00:08:55.090+0000] {dagbag.py:541} INFO - Filling up the DagBag from /opt/airflow/dags/user_processing.py
[2023-07-20T00:08:55.098+0000] {processor.py:836} INFO - DAG(s) dict_keys(['user_processing']) retrieved from /opt/airflow/dags/user_processing.py
[2023-07-20T00:08:55.127+0000] {logging_mixin.py:150} INFO - [2023-07-20T00:08:55.126+0000] {dag.py:2742} INFO - Sync 1 DAGs
[2023-07-20T00:08:55.158+0000] {logging_mixin.py:150} INFO - [2023-07-20T00:08:55.158+0000] {dag.py:3508} INFO - Setting next_dagrun for user_processing to 2023-07-19T00:00:00+00:00, run_after=2023-07-20T00:00:00+00:00
[2023-07-20T00:08:55.184+0000] {processor.py:179} INFO - Processing /opt/airflow/dags/user_processing.py took 0.100 seconds
[2023-07-20T00:09:25.381+0000] {processor.py:157} INFO - Started process (PID=10939) to work on /opt/airflow/dags/user_processing.py
[2023-07-20T00:09:25.383+0000] {processor.py:826} INFO - Processing file /opt/airflow/dags/user_processing.py for tasks to queue
[2023-07-20T00:09:25.384+0000] {logging_mixin.py:150} INFO - [2023-07-20T00:09:25.383+0000] {dagbag.py:541} INFO - Filling up the DagBag from /opt/airflow/dags/user_processing.py
[2023-07-20T00:09:25.395+0000] {processor.py:836} INFO - DAG(s) dict_keys(['user_processing']) retrieved from /opt/airflow/dags/user_processing.py
[2023-07-20T00:09:25.423+0000] {logging_mixin.py:150} INFO - [2023-07-20T00:09:25.423+0000] {dag.py:2742} INFO - Sync 1 DAGs
[2023-07-20T00:09:25.454+0000] {logging_mixin.py:150} INFO - [2023-07-20T00:09:25.453+0000] {dag.py:3508} INFO - Setting next_dagrun for user_processing to 2023-07-19T00:00:00+00:00, run_after=2023-07-20T00:00:00+00:00
[2023-07-20T00:09:25.478+0000] {processor.py:179} INFO - Processing /opt/airflow/dags/user_processing.py took 0.103 seconds
[2023-07-20T00:09:55.825+0000] {processor.py:157} INFO - Started process (PID=11001) to work on /opt/airflow/dags/user_processing.py
[2023-07-20T00:09:55.830+0000] {processor.py:826} INFO - Processing file /opt/airflow/dags/user_processing.py for tasks to queue
[2023-07-20T00:09:55.831+0000] {logging_mixin.py:150} INFO - [2023-07-20T00:09:55.831+0000] {dagbag.py:541} INFO - Filling up the DagBag from /opt/airflow/dags/user_processing.py
[2023-07-20T00:09:55.840+0000] {processor.py:836} INFO - DAG(s) dict_keys(['user_processing']) retrieved from /opt/airflow/dags/user_processing.py
[2023-07-20T00:09:55.867+0000] {logging_mixin.py:150} INFO - [2023-07-20T00:09:55.867+0000] {dag.py:2742} INFO - Sync 1 DAGs
[2023-07-20T00:09:55.898+0000] {logging_mixin.py:150} INFO - [2023-07-20T00:09:55.898+0000] {dag.py:3508} INFO - Setting next_dagrun for user_processing to 2023-07-19T00:00:00+00:00, run_after=2023-07-20T00:00:00+00:00
[2023-07-20T00:09:55.927+0000] {processor.py:179} INFO - Processing /opt/airflow/dags/user_processing.py took 0.105 seconds
[2023-07-20T00:10:26.342+0000] {processor.py:157} INFO - Started process (PID=11063) to work on /opt/airflow/dags/user_processing.py
[2023-07-20T00:10:26.344+0000] {processor.py:826} INFO - Processing file /opt/airflow/dags/user_processing.py for tasks to queue
[2023-07-20T00:10:26.344+0000] {logging_mixin.py:150} INFO - [2023-07-20T00:10:26.344+0000] {dagbag.py:541} INFO - Filling up the DagBag from /opt/airflow/dags/user_processing.py
[2023-07-20T00:10:26.352+0000] {processor.py:836} INFO - DAG(s) dict_keys(['user_processing']) retrieved from /opt/airflow/dags/user_processing.py
[2023-07-20T00:10:26.380+0000] {logging_mixin.py:150} INFO - [2023-07-20T00:10:26.379+0000] {dag.py:2742} INFO - Sync 1 DAGs
[2023-07-20T00:10:26.417+0000] {logging_mixin.py:150} INFO - [2023-07-20T00:10:26.417+0000] {dag.py:3508} INFO - Setting next_dagrun for user_processing to 2023-07-19T00:00:00+00:00, run_after=2023-07-20T00:00:00+00:00
[2023-07-20T00:10:26.449+0000] {processor.py:179} INFO - Processing /opt/airflow/dags/user_processing.py took 0.111 seconds
[2023-07-20T00:10:56.766+0000] {processor.py:157} INFO - Started process (PID=11125) to work on /opt/airflow/dags/user_processing.py
[2023-07-20T00:10:56.767+0000] {processor.py:826} INFO - Processing file /opt/airflow/dags/user_processing.py for tasks to queue
[2023-07-20T00:10:56.768+0000] {logging_mixin.py:150} INFO - [2023-07-20T00:10:56.768+0000] {dagbag.py:541} INFO - Filling up the DagBag from /opt/airflow/dags/user_processing.py
[2023-07-20T00:10:56.777+0000] {processor.py:836} INFO - DAG(s) dict_keys(['user_processing']) retrieved from /opt/airflow/dags/user_processing.py
[2023-07-20T00:10:56.806+0000] {logging_mixin.py:150} INFO - [2023-07-20T00:10:56.806+0000] {dag.py:2742} INFO - Sync 1 DAGs
[2023-07-20T00:10:56.841+0000] {logging_mixin.py:150} INFO - [2023-07-20T00:10:56.841+0000] {dag.py:3508} INFO - Setting next_dagrun for user_processing to 2023-07-19T00:00:00+00:00, run_after=2023-07-20T00:00:00+00:00
[2023-07-20T00:10:56.867+0000] {processor.py:179} INFO - Processing /opt/airflow/dags/user_processing.py took 0.106 seconds
[2023-07-20T00:11:27.239+0000] {processor.py:157} INFO - Started process (PID=11187) to work on /opt/airflow/dags/user_processing.py
[2023-07-20T00:11:27.243+0000] {processor.py:826} INFO - Processing file /opt/airflow/dags/user_processing.py for tasks to queue
[2023-07-20T00:11:27.244+0000] {logging_mixin.py:150} INFO - [2023-07-20T00:11:27.244+0000] {dagbag.py:541} INFO - Filling up the DagBag from /opt/airflow/dags/user_processing.py
[2023-07-20T00:11:27.251+0000] {processor.py:836} INFO - DAG(s) dict_keys(['user_processing']) retrieved from /opt/airflow/dags/user_processing.py
[2023-07-20T00:11:27.280+0000] {logging_mixin.py:150} INFO - [2023-07-20T00:11:27.280+0000] {dag.py:2742} INFO - Sync 1 DAGs
[2023-07-20T00:11:27.317+0000] {logging_mixin.py:150} INFO - [2023-07-20T00:11:27.317+0000] {dag.py:3508} INFO - Setting next_dagrun for user_processing to 2023-07-19T00:00:00+00:00, run_after=2023-07-20T00:00:00+00:00
[2023-07-20T00:11:27.345+0000] {processor.py:179} INFO - Processing /opt/airflow/dags/user_processing.py took 0.110 seconds
[2023-07-20T00:11:57.808+0000] {processor.py:157} INFO - Started process (PID=11249) to work on /opt/airflow/dags/user_processing.py
[2023-07-20T00:11:57.809+0000] {processor.py:826} INFO - Processing file /opt/airflow/dags/user_processing.py for tasks to queue
[2023-07-20T00:11:57.811+0000] {logging_mixin.py:150} INFO - [2023-07-20T00:11:57.810+0000] {dagbag.py:541} INFO - Filling up the DagBag from /opt/airflow/dags/user_processing.py
[2023-07-20T00:11:57.819+0000] {processor.py:836} INFO - DAG(s) dict_keys(['user_processing']) retrieved from /opt/airflow/dags/user_processing.py
[2023-07-20T00:11:57.847+0000] {logging_mixin.py:150} INFO - [2023-07-20T00:11:57.847+0000] {dag.py:2742} INFO - Sync 1 DAGs
[2023-07-20T00:11:57.877+0000] {logging_mixin.py:150} INFO - [2023-07-20T00:11:57.876+0000] {dag.py:3508} INFO - Setting next_dagrun for user_processing to 2023-07-19T00:00:00+00:00, run_after=2023-07-20T00:00:00+00:00
[2023-07-20T00:11:57.904+0000] {processor.py:179} INFO - Processing /opt/airflow/dags/user_processing.py took 0.100 seconds
[2023-07-20T00:12:28.298+0000] {processor.py:157} INFO - Started process (PID=11311) to work on /opt/airflow/dags/user_processing.py
[2023-07-20T00:12:28.330+0000] {processor.py:826} INFO - Processing file /opt/airflow/dags/user_processing.py for tasks to queue
[2023-07-20T00:12:28.331+0000] {logging_mixin.py:150} INFO - [2023-07-20T00:12:28.331+0000] {dagbag.py:541} INFO - Filling up the DagBag from /opt/airflow/dags/user_processing.py
[2023-07-20T00:12:28.339+0000] {processor.py:836} INFO - DAG(s) dict_keys(['user_processing']) retrieved from /opt/airflow/dags/user_processing.py
[2023-07-20T00:12:28.367+0000] {logging_mixin.py:150} INFO - [2023-07-20T00:12:28.366+0000] {dag.py:2742} INFO - Sync 1 DAGs
[2023-07-20T00:12:28.397+0000] {logging_mixin.py:150} INFO - [2023-07-20T00:12:28.396+0000] {dag.py:3508} INFO - Setting next_dagrun for user_processing to 2023-07-19T00:00:00+00:00, run_after=2023-07-20T00:00:00+00:00
[2023-07-20T00:12:28.424+0000] {processor.py:179} INFO - Processing /opt/airflow/dags/user_processing.py took 0.131 seconds
[2023-07-20T00:12:58.788+0000] {processor.py:157} INFO - Started process (PID=11373) to work on /opt/airflow/dags/user_processing.py
[2023-07-20T00:12:58.809+0000] {processor.py:826} INFO - Processing file /opt/airflow/dags/user_processing.py for tasks to queue
[2023-07-20T00:12:58.809+0000] {logging_mixin.py:150} INFO - [2023-07-20T00:12:58.809+0000] {dagbag.py:541} INFO - Filling up the DagBag from /opt/airflow/dags/user_processing.py
[2023-07-20T00:12:58.817+0000] {processor.py:836} INFO - DAG(s) dict_keys(['user_processing']) retrieved from /opt/airflow/dags/user_processing.py
[2023-07-20T00:12:58.842+0000] {logging_mixin.py:150} INFO - [2023-07-20T00:12:58.842+0000] {dag.py:2742} INFO - Sync 1 DAGs
[2023-07-20T00:12:58.872+0000] {logging_mixin.py:150} INFO - [2023-07-20T00:12:58.872+0000] {dag.py:3508} INFO - Setting next_dagrun for user_processing to 2023-07-19T00:00:00+00:00, run_after=2023-07-20T00:00:00+00:00
[2023-07-20T00:12:58.902+0000] {processor.py:179} INFO - Processing /opt/airflow/dags/user_processing.py took 0.118 seconds
[2023-07-20T00:13:29.326+0000] {processor.py:157} INFO - Started process (PID=11435) to work on /opt/airflow/dags/user_processing.py
[2023-07-20T00:13:29.330+0000] {processor.py:826} INFO - Processing file /opt/airflow/dags/user_processing.py for tasks to queue
[2023-07-20T00:13:29.331+0000] {logging_mixin.py:150} INFO - [2023-07-20T00:13:29.331+0000] {dagbag.py:541} INFO - Filling up the DagBag from /opt/airflow/dags/user_processing.py
[2023-07-20T00:13:29.339+0000] {processor.py:836} INFO - DAG(s) dict_keys(['user_processing']) retrieved from /opt/airflow/dags/user_processing.py
[2023-07-20T00:13:29.368+0000] {logging_mixin.py:150} INFO - [2023-07-20T00:13:29.368+0000] {dag.py:2742} INFO - Sync 1 DAGs
[2023-07-20T00:13:29.397+0000] {logging_mixin.py:150} INFO - [2023-07-20T00:13:29.397+0000] {dag.py:3508} INFO - Setting next_dagrun for user_processing to 2023-07-19T00:00:00+00:00, run_after=2023-07-20T00:00:00+00:00
[2023-07-20T00:13:29.425+0000] {processor.py:179} INFO - Processing /opt/airflow/dags/user_processing.py took 0.103 seconds
[2023-07-20T00:13:59.696+0000] {processor.py:157} INFO - Started process (PID=11497) to work on /opt/airflow/dags/user_processing.py
[2023-07-20T00:13:59.701+0000] {processor.py:826} INFO - Processing file /opt/airflow/dags/user_processing.py for tasks to queue
[2023-07-20T00:13:59.702+0000] {logging_mixin.py:150} INFO - [2023-07-20T00:13:59.702+0000] {dagbag.py:541} INFO - Filling up the DagBag from /opt/airflow/dags/user_processing.py
[2023-07-20T00:13:59.710+0000] {processor.py:836} INFO - DAG(s) dict_keys(['user_processing']) retrieved from /opt/airflow/dags/user_processing.py
[2023-07-20T00:13:59.739+0000] {logging_mixin.py:150} INFO - [2023-07-20T00:13:59.739+0000] {dag.py:2742} INFO - Sync 1 DAGs
[2023-07-20T00:13:59.769+0000] {logging_mixin.py:150} INFO - [2023-07-20T00:13:59.769+0000] {dag.py:3508} INFO - Setting next_dagrun for user_processing to 2023-07-19T00:00:00+00:00, run_after=2023-07-20T00:00:00+00:00
[2023-07-20T00:13:59.797+0000] {processor.py:179} INFO - Processing /opt/airflow/dags/user_processing.py took 0.104 seconds
[2023-07-20T00:14:29.843+0000] {processor.py:157} INFO - Started process (PID=11559) to work on /opt/airflow/dags/user_processing.py
[2023-07-20T00:14:29.844+0000] {processor.py:826} INFO - Processing file /opt/airflow/dags/user_processing.py for tasks to queue
[2023-07-20T00:14:29.845+0000] {logging_mixin.py:150} INFO - [2023-07-20T00:14:29.845+0000] {dagbag.py:541} INFO - Filling up the DagBag from /opt/airflow/dags/user_processing.py
[2023-07-20T00:14:29.853+0000] {processor.py:836} INFO - DAG(s) dict_keys(['user_processing']) retrieved from /opt/airflow/dags/user_processing.py
[2023-07-20T00:14:29.882+0000] {logging_mixin.py:150} INFO - [2023-07-20T00:14:29.882+0000] {dag.py:2742} INFO - Sync 1 DAGs
[2023-07-20T00:14:29.915+0000] {logging_mixin.py:150} INFO - [2023-07-20T00:14:29.915+0000] {dag.py:3508} INFO - Setting next_dagrun for user_processing to 2023-07-19T00:00:00+00:00, run_after=2023-07-20T00:00:00+00:00
[2023-07-20T00:14:29.943+0000] {processor.py:179} INFO - Processing /opt/airflow/dags/user_processing.py took 0.104 seconds
[2023-07-20T00:15:00.365+0000] {processor.py:157} INFO - Started process (PID=11621) to work on /opt/airflow/dags/user_processing.py
[2023-07-20T00:15:00.366+0000] {processor.py:826} INFO - Processing file /opt/airflow/dags/user_processing.py for tasks to queue
[2023-07-20T00:15:00.367+0000] {logging_mixin.py:150} INFO - [2023-07-20T00:15:00.367+0000] {dagbag.py:541} INFO - Filling up the DagBag from /opt/airflow/dags/user_processing.py
[2023-07-20T00:15:00.375+0000] {processor.py:836} INFO - DAG(s) dict_keys(['user_processing']) retrieved from /opt/airflow/dags/user_processing.py
[2023-07-20T00:15:00.403+0000] {logging_mixin.py:150} INFO - [2023-07-20T00:15:00.403+0000] {dag.py:2742} INFO - Sync 1 DAGs
[2023-07-20T00:15:00.432+0000] {logging_mixin.py:150} INFO - [2023-07-20T00:15:00.432+0000] {dag.py:3508} INFO - Setting next_dagrun for user_processing to 2023-07-19T00:00:00+00:00, run_after=2023-07-20T00:00:00+00:00
[2023-07-20T00:15:00.456+0000] {processor.py:179} INFO - Processing /opt/airflow/dags/user_processing.py took 0.095 seconds
[2023-07-20T00:15:30.835+0000] {processor.py:157} INFO - Started process (PID=11683) to work on /opt/airflow/dags/user_processing.py
[2023-07-20T00:15:30.836+0000] {processor.py:826} INFO - Processing file /opt/airflow/dags/user_processing.py for tasks to queue
[2023-07-20T00:15:30.837+0000] {logging_mixin.py:150} INFO - [2023-07-20T00:15:30.837+0000] {dagbag.py:541} INFO - Filling up the DagBag from /opt/airflow/dags/user_processing.py
[2023-07-20T00:15:30.845+0000] {processor.py:836} INFO - DAG(s) dict_keys(['user_processing']) retrieved from /opt/airflow/dags/user_processing.py
[2023-07-20T00:15:30.872+0000] {logging_mixin.py:150} INFO - [2023-07-20T00:15:30.872+0000] {dag.py:2742} INFO - Sync 1 DAGs
[2023-07-20T00:15:30.906+0000] {logging_mixin.py:150} INFO - [2023-07-20T00:15:30.905+0000] {dag.py:3508} INFO - Setting next_dagrun for user_processing to 2023-07-19T00:00:00+00:00, run_after=2023-07-20T00:00:00+00:00
[2023-07-20T00:15:30.933+0000] {processor.py:179} INFO - Processing /opt/airflow/dags/user_processing.py took 0.102 seconds
[2023-07-20T00:16:01.192+0000] {processor.py:157} INFO - Started process (PID=11746) to work on /opt/airflow/dags/user_processing.py
[2023-07-20T00:16:01.194+0000] {processor.py:826} INFO - Processing file /opt/airflow/dags/user_processing.py for tasks to queue
[2023-07-20T00:16:01.194+0000] {logging_mixin.py:150} INFO - [2023-07-20T00:16:01.194+0000] {dagbag.py:541} INFO - Filling up the DagBag from /opt/airflow/dags/user_processing.py
[2023-07-20T00:16:01.202+0000] {processor.py:836} INFO - DAG(s) dict_keys(['user_processing']) retrieved from /opt/airflow/dags/user_processing.py
[2023-07-20T00:16:01.229+0000] {logging_mixin.py:150} INFO - [2023-07-20T00:16:01.229+0000] {dag.py:2742} INFO - Sync 1 DAGs
[2023-07-20T00:16:01.260+0000] {logging_mixin.py:150} INFO - [2023-07-20T00:16:01.260+0000] {dag.py:3508} INFO - Setting next_dagrun for user_processing to 2023-07-19T00:00:00+00:00, run_after=2023-07-20T00:00:00+00:00
[2023-07-20T00:16:01.292+0000] {processor.py:179} INFO - Processing /opt/airflow/dags/user_processing.py took 0.105 seconds
[2023-07-20T00:16:31.540+0000] {processor.py:157} INFO - Started process (PID=11808) to work on /opt/airflow/dags/user_processing.py
[2023-07-20T00:16:31.542+0000] {processor.py:826} INFO - Processing file /opt/airflow/dags/user_processing.py for tasks to queue
[2023-07-20T00:16:31.543+0000] {logging_mixin.py:150} INFO - [2023-07-20T00:16:31.543+0000] {dagbag.py:541} INFO - Filling up the DagBag from /opt/airflow/dags/user_processing.py
[2023-07-20T00:16:31.551+0000] {processor.py:836} INFO - DAG(s) dict_keys(['user_processing']) retrieved from /opt/airflow/dags/user_processing.py
[2023-07-20T00:16:31.576+0000] {logging_mixin.py:150} INFO - [2023-07-20T00:16:31.576+0000] {dag.py:2742} INFO - Sync 1 DAGs
[2023-07-20T00:16:31.611+0000] {logging_mixin.py:150} INFO - [2023-07-20T00:16:31.611+0000] {dag.py:3508} INFO - Setting next_dagrun for user_processing to 2023-07-19T00:00:00+00:00, run_after=2023-07-20T00:00:00+00:00
[2023-07-20T00:16:31.636+0000] {processor.py:179} INFO - Processing /opt/airflow/dags/user_processing.py took 0.100 seconds
[2023-07-20T00:17:02.108+0000] {processor.py:157} INFO - Started process (PID=11869) to work on /opt/airflow/dags/user_processing.py
[2023-07-20T00:17:02.109+0000] {processor.py:826} INFO - Processing file /opt/airflow/dags/user_processing.py for tasks to queue
[2023-07-20T00:17:02.110+0000] {logging_mixin.py:150} INFO - [2023-07-20T00:17:02.110+0000] {dagbag.py:541} INFO - Filling up the DagBag from /opt/airflow/dags/user_processing.py
[2023-07-20T00:17:02.118+0000] {processor.py:836} INFO - DAG(s) dict_keys(['user_processing']) retrieved from /opt/airflow/dags/user_processing.py
[2023-07-20T00:17:02.148+0000] {logging_mixin.py:150} INFO - [2023-07-20T00:17:02.148+0000] {dag.py:2742} INFO - Sync 1 DAGs
[2023-07-20T00:17:02.187+0000] {logging_mixin.py:150} INFO - [2023-07-20T00:17:02.187+0000] {dag.py:3508} INFO - Setting next_dagrun for user_processing to 2023-07-19T00:00:00+00:00, run_after=2023-07-20T00:00:00+00:00
[2023-07-20T00:17:02.215+0000] {processor.py:179} INFO - Processing /opt/airflow/dags/user_processing.py took 0.111 seconds
[2023-07-20T00:17:32.347+0000] {processor.py:157} INFO - Started process (PID=11928) to work on /opt/airflow/dags/user_processing.py
[2023-07-20T00:17:32.348+0000] {processor.py:826} INFO - Processing file /opt/airflow/dags/user_processing.py for tasks to queue
[2023-07-20T00:17:32.349+0000] {logging_mixin.py:150} INFO - [2023-07-20T00:17:32.349+0000] {dagbag.py:541} INFO - Filling up the DagBag from /opt/airflow/dags/user_processing.py
[2023-07-20T00:17:32.357+0000] {processor.py:836} INFO - DAG(s) dict_keys(['user_processing']) retrieved from /opt/airflow/dags/user_processing.py
[2023-07-20T00:17:32.383+0000] {logging_mixin.py:150} INFO - [2023-07-20T00:17:32.382+0000] {dag.py:2742} INFO - Sync 1 DAGs
[2023-07-20T00:17:32.410+0000] {logging_mixin.py:150} INFO - [2023-07-20T00:17:32.409+0000] {dag.py:3508} INFO - Setting next_dagrun for user_processing to 2023-07-19T00:00:00+00:00, run_after=2023-07-20T00:00:00+00:00
[2023-07-20T00:17:32.435+0000] {processor.py:179} INFO - Processing /opt/airflow/dags/user_processing.py took 0.092 seconds
[2023-07-20T00:18:02.475+0000] {processor.py:157} INFO - Started process (PID=11985) to work on /opt/airflow/dags/user_processing.py
[2023-07-20T00:18:02.476+0000] {processor.py:826} INFO - Processing file /opt/airflow/dags/user_processing.py for tasks to queue
[2023-07-20T00:18:02.477+0000] {logging_mixin.py:150} INFO - [2023-07-20T00:18:02.477+0000] {dagbag.py:541} INFO - Filling up the DagBag from /opt/airflow/dags/user_processing.py
[2023-07-20T00:18:02.487+0000] {processor.py:836} INFO - DAG(s) dict_keys(['user_processing']) retrieved from /opt/airflow/dags/user_processing.py
[2023-07-20T00:18:02.519+0000] {logging_mixin.py:150} INFO - [2023-07-20T00:18:02.519+0000] {dag.py:2742} INFO - Sync 1 DAGs
[2023-07-20T00:18:02.558+0000] {logging_mixin.py:150} INFO - [2023-07-20T00:18:02.558+0000] {dag.py:3508} INFO - Setting next_dagrun for user_processing to 2023-07-19T00:00:00+00:00, run_after=2023-07-20T00:00:00+00:00
[2023-07-20T00:18:02.586+0000] {processor.py:179} INFO - Processing /opt/airflow/dags/user_processing.py took 0.116 seconds
[2023-07-20T00:18:32.800+0000] {processor.py:157} INFO - Started process (PID=12047) to work on /opt/airflow/dags/user_processing.py
[2023-07-20T00:18:32.801+0000] {processor.py:826} INFO - Processing file /opt/airflow/dags/user_processing.py for tasks to queue
[2023-07-20T00:18:32.802+0000] {logging_mixin.py:150} INFO - [2023-07-20T00:18:32.802+0000] {dagbag.py:541} INFO - Filling up the DagBag from /opt/airflow/dags/user_processing.py
[2023-07-20T00:18:32.810+0000] {processor.py:836} INFO - DAG(s) dict_keys(['user_processing']) retrieved from /opt/airflow/dags/user_processing.py
[2023-07-20T00:18:32.841+0000] {logging_mixin.py:150} INFO - [2023-07-20T00:18:32.840+0000] {dag.py:2742} INFO - Sync 1 DAGs
[2023-07-20T00:18:32.881+0000] {logging_mixin.py:150} INFO - [2023-07-20T00:18:32.881+0000] {dag.py:3508} INFO - Setting next_dagrun for user_processing to 2023-07-19T00:00:00+00:00, run_after=2023-07-20T00:00:00+00:00
[2023-07-20T00:18:32.906+0000] {processor.py:179} INFO - Processing /opt/airflow/dags/user_processing.py took 0.111 seconds
[2023-07-20T00:19:03.204+0000] {processor.py:157} INFO - Started process (PID=12109) to work on /opt/airflow/dags/user_processing.py
[2023-07-20T00:19:03.204+0000] {processor.py:826} INFO - Processing file /opt/airflow/dags/user_processing.py for tasks to queue
[2023-07-20T00:19:03.205+0000] {logging_mixin.py:150} INFO - [2023-07-20T00:19:03.205+0000] {dagbag.py:541} INFO - Filling up the DagBag from /opt/airflow/dags/user_processing.py
[2023-07-20T00:19:03.213+0000] {processor.py:836} INFO - DAG(s) dict_keys(['user_processing']) retrieved from /opt/airflow/dags/user_processing.py
[2023-07-20T00:19:03.240+0000] {logging_mixin.py:150} INFO - [2023-07-20T00:19:03.240+0000] {dag.py:2742} INFO - Sync 1 DAGs
[2023-07-20T00:19:03.273+0000] {logging_mixin.py:150} INFO - [2023-07-20T00:19:03.273+0000] {dag.py:3508} INFO - Setting next_dagrun for user_processing to 2023-07-19T00:00:00+00:00, run_after=2023-07-20T00:00:00+00:00
[2023-07-20T00:19:03.298+0000] {processor.py:179} INFO - Processing /opt/airflow/dags/user_processing.py took 0.099 seconds
[2023-07-20T00:19:33.359+0000] {processor.py:157} INFO - Started process (PID=12170) to work on /opt/airflow/dags/user_processing.py
[2023-07-20T00:19:33.361+0000] {processor.py:826} INFO - Processing file /opt/airflow/dags/user_processing.py for tasks to queue
[2023-07-20T00:19:33.362+0000] {logging_mixin.py:150} INFO - [2023-07-20T00:19:33.361+0000] {dagbag.py:541} INFO - Filling up the DagBag from /opt/airflow/dags/user_processing.py
[2023-07-20T00:19:33.369+0000] {processor.py:836} INFO - DAG(s) dict_keys(['user_processing']) retrieved from /opt/airflow/dags/user_processing.py
[2023-07-20T00:19:33.400+0000] {logging_mixin.py:150} INFO - [2023-07-20T00:19:33.400+0000] {dag.py:2742} INFO - Sync 1 DAGs
[2023-07-20T00:19:33.430+0000] {logging_mixin.py:150} INFO - [2023-07-20T00:19:33.430+0000] {dag.py:3508} INFO - Setting next_dagrun for user_processing to 2023-07-19T00:00:00+00:00, run_after=2023-07-20T00:00:00+00:00
[2023-07-20T00:19:33.456+0000] {processor.py:179} INFO - Processing /opt/airflow/dags/user_processing.py took 0.100 seconds
[2023-07-20T00:20:03.496+0000] {processor.py:157} INFO - Started process (PID=12230) to work on /opt/airflow/dags/user_processing.py
[2023-07-20T00:20:03.497+0000] {processor.py:826} INFO - Processing file /opt/airflow/dags/user_processing.py for tasks to queue
[2023-07-20T00:20:03.498+0000] {logging_mixin.py:150} INFO - [2023-07-20T00:20:03.498+0000] {dagbag.py:541} INFO - Filling up the DagBag from /opt/airflow/dags/user_processing.py
[2023-07-20T00:20:03.505+0000] {processor.py:836} INFO - DAG(s) dict_keys(['user_processing']) retrieved from /opt/airflow/dags/user_processing.py
[2023-07-20T00:20:03.532+0000] {logging_mixin.py:150} INFO - [2023-07-20T00:20:03.532+0000] {dag.py:2742} INFO - Sync 1 DAGs
[2023-07-20T00:20:03.562+0000] {logging_mixin.py:150} INFO - [2023-07-20T00:20:03.562+0000] {dag.py:3508} INFO - Setting next_dagrun for user_processing to 2023-07-19T00:00:00+00:00, run_after=2023-07-20T00:00:00+00:00
[2023-07-20T00:20:03.587+0000] {processor.py:179} INFO - Processing /opt/airflow/dags/user_processing.py took 0.094 seconds
[2023-07-20T00:20:33.827+0000] {processor.py:157} INFO - Started process (PID=12292) to work on /opt/airflow/dags/user_processing.py
[2023-07-20T00:20:33.831+0000] {processor.py:826} INFO - Processing file /opt/airflow/dags/user_processing.py for tasks to queue
[2023-07-20T00:20:33.832+0000] {logging_mixin.py:150} INFO - [2023-07-20T00:20:33.832+0000] {dagbag.py:541} INFO - Filling up the DagBag from /opt/airflow/dags/user_processing.py
[2023-07-20T00:20:33.845+0000] {processor.py:836} INFO - DAG(s) dict_keys(['user_processing']) retrieved from /opt/airflow/dags/user_processing.py
[2023-07-20T00:20:33.877+0000] {logging_mixin.py:150} INFO - [2023-07-20T00:20:33.877+0000] {dag.py:2742} INFO - Sync 1 DAGs
[2023-07-20T00:20:33.914+0000] {logging_mixin.py:150} INFO - [2023-07-20T00:20:33.914+0000] {dag.py:3508} INFO - Setting next_dagrun for user_processing to 2023-07-19T00:00:00+00:00, run_after=2023-07-20T00:00:00+00:00
[2023-07-20T00:20:33.946+0000] {processor.py:179} INFO - Processing /opt/airflow/dags/user_processing.py took 0.124 seconds
[2023-07-20T00:21:04.105+0000] {processor.py:157} INFO - Started process (PID=12354) to work on /opt/airflow/dags/user_processing.py
[2023-07-20T00:21:04.109+0000] {processor.py:826} INFO - Processing file /opt/airflow/dags/user_processing.py for tasks to queue
[2023-07-20T00:21:04.110+0000] {logging_mixin.py:150} INFO - [2023-07-20T00:21:04.110+0000] {dagbag.py:541} INFO - Filling up the DagBag from /opt/airflow/dags/user_processing.py
[2023-07-20T00:21:04.121+0000] {processor.py:836} INFO - DAG(s) dict_keys(['user_processing']) retrieved from /opt/airflow/dags/user_processing.py
[2023-07-20T00:21:04.150+0000] {logging_mixin.py:150} INFO - [2023-07-20T00:21:04.150+0000] {dag.py:2742} INFO - Sync 1 DAGs
[2023-07-20T00:21:04.182+0000] {logging_mixin.py:150} INFO - [2023-07-20T00:21:04.182+0000] {dag.py:3508} INFO - Setting next_dagrun for user_processing to 2023-07-19T00:00:00+00:00, run_after=2023-07-20T00:00:00+00:00
[2023-07-20T00:21:04.207+0000] {processor.py:179} INFO - Processing /opt/airflow/dags/user_processing.py took 0.107 seconds
[2023-07-20T00:21:34.459+0000] {processor.py:157} INFO - Started process (PID=12416) to work on /opt/airflow/dags/user_processing.py
[2023-07-20T00:21:34.463+0000] {processor.py:826} INFO - Processing file /opt/airflow/dags/user_processing.py for tasks to queue
[2023-07-20T00:21:34.464+0000] {logging_mixin.py:150} INFO - [2023-07-20T00:21:34.464+0000] {dagbag.py:541} INFO - Filling up the DagBag from /opt/airflow/dags/user_processing.py
[2023-07-20T00:21:34.471+0000] {processor.py:836} INFO - DAG(s) dict_keys(['user_processing']) retrieved from /opt/airflow/dags/user_processing.py
[2023-07-20T00:21:34.500+0000] {logging_mixin.py:150} INFO - [2023-07-20T00:21:34.499+0000] {dag.py:2742} INFO - Sync 1 DAGs
[2023-07-20T00:21:34.531+0000] {logging_mixin.py:150} INFO - [2023-07-20T00:21:34.530+0000] {dag.py:3508} INFO - Setting next_dagrun for user_processing to 2023-07-19T00:00:00+00:00, run_after=2023-07-20T00:00:00+00:00
[2023-07-20T00:21:34.556+0000] {processor.py:179} INFO - Processing /opt/airflow/dags/user_processing.py took 0.101 seconds
[2023-07-20T00:22:04.983+0000] {processor.py:157} INFO - Started process (PID=12478) to work on /opt/airflow/dags/user_processing.py
[2023-07-20T00:22:04.988+0000] {processor.py:826} INFO - Processing file /opt/airflow/dags/user_processing.py for tasks to queue
[2023-07-20T00:22:04.989+0000] {logging_mixin.py:150} INFO - [2023-07-20T00:22:04.989+0000] {dagbag.py:541} INFO - Filling up the DagBag from /opt/airflow/dags/user_processing.py
[2023-07-20T00:22:04.997+0000] {processor.py:836} INFO - DAG(s) dict_keys(['user_processing']) retrieved from /opt/airflow/dags/user_processing.py
[2023-07-20T00:22:05.025+0000] {logging_mixin.py:150} INFO - [2023-07-20T00:22:05.025+0000] {dag.py:2742} INFO - Sync 1 DAGs
[2023-07-20T00:22:05.055+0000] {logging_mixin.py:150} INFO - [2023-07-20T00:22:05.055+0000] {dag.py:3508} INFO - Setting next_dagrun for user_processing to 2023-07-19T00:00:00+00:00, run_after=2023-07-20T00:00:00+00:00
[2023-07-20T00:22:05.083+0000] {processor.py:179} INFO - Processing /opt/airflow/dags/user_processing.py took 0.103 seconds
[2023-07-20T00:22:35.292+0000] {processor.py:157} INFO - Started process (PID=12540) to work on /opt/airflow/dags/user_processing.py
[2023-07-20T00:22:35.293+0000] {processor.py:826} INFO - Processing file /opt/airflow/dags/user_processing.py for tasks to queue
[2023-07-20T00:22:35.293+0000] {logging_mixin.py:150} INFO - [2023-07-20T00:22:35.293+0000] {dagbag.py:541} INFO - Filling up the DagBag from /opt/airflow/dags/user_processing.py
[2023-07-20T00:22:35.302+0000] {processor.py:836} INFO - DAG(s) dict_keys(['user_processing']) retrieved from /opt/airflow/dags/user_processing.py
[2023-07-20T00:22:35.332+0000] {logging_mixin.py:150} INFO - [2023-07-20T00:22:35.332+0000] {dag.py:2742} INFO - Sync 1 DAGs
[2023-07-20T00:22:35.362+0000] {logging_mixin.py:150} INFO - [2023-07-20T00:22:35.362+0000] {dag.py:3508} INFO - Setting next_dagrun for user_processing to 2023-07-19T00:00:00+00:00, run_after=2023-07-20T00:00:00+00:00
[2023-07-20T00:22:35.387+0000] {processor.py:179} INFO - Processing /opt/airflow/dags/user_processing.py took 0.100 seconds
[2023-07-20T00:23:05.567+0000] {processor.py:157} INFO - Started process (PID=12602) to work on /opt/airflow/dags/user_processing.py
[2023-07-20T00:23:05.569+0000] {processor.py:826} INFO - Processing file /opt/airflow/dags/user_processing.py for tasks to queue
[2023-07-20T00:23:05.569+0000] {logging_mixin.py:150} INFO - [2023-07-20T00:23:05.569+0000] {dagbag.py:541} INFO - Filling up the DagBag from /opt/airflow/dags/user_processing.py
[2023-07-20T00:23:05.577+0000] {processor.py:836} INFO - DAG(s) dict_keys(['user_processing']) retrieved from /opt/airflow/dags/user_processing.py
[2023-07-20T00:23:05.605+0000] {logging_mixin.py:150} INFO - [2023-07-20T00:23:05.605+0000] {dag.py:2742} INFO - Sync 1 DAGs
[2023-07-20T00:23:05.636+0000] {logging_mixin.py:150} INFO - [2023-07-20T00:23:05.636+0000] {dag.py:3508} INFO - Setting next_dagrun for user_processing to 2023-07-19T00:00:00+00:00, run_after=2023-07-20T00:00:00+00:00
[2023-07-20T00:23:05.660+0000] {processor.py:179} INFO - Processing /opt/airflow/dags/user_processing.py took 0.097 seconds
[2023-07-20T00:23:35.952+0000] {processor.py:157} INFO - Started process (PID=12664) to work on /opt/airflow/dags/user_processing.py
[2023-07-20T00:23:35.954+0000] {processor.py:826} INFO - Processing file /opt/airflow/dags/user_processing.py for tasks to queue
[2023-07-20T00:23:35.955+0000] {logging_mixin.py:150} INFO - [2023-07-20T00:23:35.954+0000] {dagbag.py:541} INFO - Filling up the DagBag from /opt/airflow/dags/user_processing.py
[2023-07-20T00:23:35.962+0000] {processor.py:836} INFO - DAG(s) dict_keys(['user_processing']) retrieved from /opt/airflow/dags/user_processing.py
[2023-07-20T00:23:35.990+0000] {logging_mixin.py:150} INFO - [2023-07-20T00:23:35.990+0000] {dag.py:2742} INFO - Sync 1 DAGs
[2023-07-20T00:23:36.022+0000] {logging_mixin.py:150} INFO - [2023-07-20T00:23:36.021+0000] {dag.py:3508} INFO - Setting next_dagrun for user_processing to 2023-07-19T00:00:00+00:00, run_after=2023-07-20T00:00:00+00:00
[2023-07-20T00:23:36.048+0000] {processor.py:179} INFO - Processing /opt/airflow/dags/user_processing.py took 0.100 seconds
[2023-07-20T00:24:06.186+0000] {processor.py:157} INFO - Started process (PID=12726) to work on /opt/airflow/dags/user_processing.py
[2023-07-20T00:24:06.187+0000] {processor.py:826} INFO - Processing file /opt/airflow/dags/user_processing.py for tasks to queue
[2023-07-20T00:24:06.188+0000] {logging_mixin.py:150} INFO - [2023-07-20T00:24:06.188+0000] {dagbag.py:541} INFO - Filling up the DagBag from /opt/airflow/dags/user_processing.py
[2023-07-20T00:24:06.196+0000] {processor.py:836} INFO - DAG(s) dict_keys(['user_processing']) retrieved from /opt/airflow/dags/user_processing.py
[2023-07-20T00:24:06.223+0000] {logging_mixin.py:150} INFO - [2023-07-20T00:24:06.223+0000] {dag.py:2742} INFO - Sync 1 DAGs
[2023-07-20T00:24:06.254+0000] {logging_mixin.py:150} INFO - [2023-07-20T00:24:06.253+0000] {dag.py:3508} INFO - Setting next_dagrun for user_processing to 2023-07-19T00:00:00+00:00, run_after=2023-07-20T00:00:00+00:00
[2023-07-20T00:24:06.279+0000] {processor.py:179} INFO - Processing /opt/airflow/dags/user_processing.py took 0.098 seconds
[2023-07-20T00:24:36.947+0000] {processor.py:157} INFO - Started process (PID=12788) to work on /opt/airflow/dags/user_processing.py
[2023-07-20T00:24:36.948+0000] {processor.py:826} INFO - Processing file /opt/airflow/dags/user_processing.py for tasks to queue
[2023-07-20T00:24:36.949+0000] {logging_mixin.py:150} INFO - [2023-07-20T00:24:36.949+0000] {dagbag.py:541} INFO - Filling up the DagBag from /opt/airflow/dags/user_processing.py
[2023-07-20T00:24:36.957+0000] {processor.py:836} INFO - DAG(s) dict_keys(['user_processing']) retrieved from /opt/airflow/dags/user_processing.py
[2023-07-20T00:24:36.985+0000] {logging_mixin.py:150} INFO - [2023-07-20T00:24:36.985+0000] {dag.py:2742} INFO - Sync 1 DAGs
[2023-07-20T00:24:37.017+0000] {logging_mixin.py:150} INFO - [2023-07-20T00:24:37.017+0000] {dag.py:3508} INFO - Setting next_dagrun for user_processing to 2023-07-19T00:00:00+00:00, run_after=2023-07-20T00:00:00+00:00
[2023-07-20T00:24:37.043+0000] {processor.py:179} INFO - Processing /opt/airflow/dags/user_processing.py took 0.100 seconds
[2023-07-20T00:25:07.396+0000] {processor.py:157} INFO - Started process (PID=12850) to work on /opt/airflow/dags/user_processing.py
[2023-07-20T00:25:07.401+0000] {processor.py:826} INFO - Processing file /opt/airflow/dags/user_processing.py for tasks to queue
[2023-07-20T00:25:07.401+0000] {logging_mixin.py:150} INFO - [2023-07-20T00:25:07.401+0000] {dagbag.py:541} INFO - Filling up the DagBag from /opt/airflow/dags/user_processing.py
[2023-07-20T00:25:07.409+0000] {processor.py:836} INFO - DAG(s) dict_keys(['user_processing']) retrieved from /opt/airflow/dags/user_processing.py
[2023-07-20T00:25:07.435+0000] {logging_mixin.py:150} INFO - [2023-07-20T00:25:07.435+0000] {dag.py:2742} INFO - Sync 1 DAGs
[2023-07-20T00:25:07.468+0000] {logging_mixin.py:150} INFO - [2023-07-20T00:25:07.468+0000] {dag.py:3508} INFO - Setting next_dagrun for user_processing to 2023-07-19T00:00:00+00:00, run_after=2023-07-20T00:00:00+00:00
[2023-07-20T00:25:07.495+0000] {processor.py:179} INFO - Processing /opt/airflow/dags/user_processing.py took 0.102 seconds
[2023-07-20T00:25:37.977+0000] {processor.py:157} INFO - Started process (PID=12912) to work on /opt/airflow/dags/user_processing.py
[2023-07-20T00:25:37.978+0000] {processor.py:826} INFO - Processing file /opt/airflow/dags/user_processing.py for tasks to queue
[2023-07-20T00:25:37.979+0000] {logging_mixin.py:150} INFO - [2023-07-20T00:25:37.979+0000] {dagbag.py:541} INFO - Filling up the DagBag from /opt/airflow/dags/user_processing.py
[2023-07-20T00:25:37.986+0000] {processor.py:836} INFO - DAG(s) dict_keys(['user_processing']) retrieved from /opt/airflow/dags/user_processing.py
[2023-07-20T00:25:38.014+0000] {logging_mixin.py:150} INFO - [2023-07-20T00:25:38.013+0000] {dag.py:2742} INFO - Sync 1 DAGs
[2023-07-20T00:25:38.047+0000] {logging_mixin.py:150} INFO - [2023-07-20T00:25:38.046+0000] {dag.py:3508} INFO - Setting next_dagrun for user_processing to 2023-07-19T00:00:00+00:00, run_after=2023-07-20T00:00:00+00:00
[2023-07-20T00:25:38.075+0000] {processor.py:179} INFO - Processing /opt/airflow/dags/user_processing.py took 0.102 seconds
[2023-07-20T00:26:08.407+0000] {processor.py:157} INFO - Started process (PID=12974) to work on /opt/airflow/dags/user_processing.py
[2023-07-20T00:26:08.410+0000] {processor.py:826} INFO - Processing file /opt/airflow/dags/user_processing.py for tasks to queue
[2023-07-20T00:26:08.411+0000] {logging_mixin.py:150} INFO - [2023-07-20T00:26:08.411+0000] {dagbag.py:541} INFO - Filling up the DagBag from /opt/airflow/dags/user_processing.py
[2023-07-20T00:26:08.423+0000] {processor.py:836} INFO - DAG(s) dict_keys(['user_processing']) retrieved from /opt/airflow/dags/user_processing.py
[2023-07-20T00:26:08.455+0000] {logging_mixin.py:150} INFO - [2023-07-20T00:26:08.455+0000] {dag.py:2742} INFO - Sync 1 DAGs
[2023-07-20T00:26:08.486+0000] {logging_mixin.py:150} INFO - [2023-07-20T00:26:08.486+0000] {dag.py:3508} INFO - Setting next_dagrun for user_processing to 2023-07-19T00:00:00+00:00, run_after=2023-07-20T00:00:00+00:00
[2023-07-20T00:26:08.513+0000] {processor.py:179} INFO - Processing /opt/airflow/dags/user_processing.py took 0.110 seconds
[2023-07-20T00:26:39.042+0000] {processor.py:157} INFO - Started process (PID=13036) to work on /opt/airflow/dags/user_processing.py
[2023-07-20T00:26:39.047+0000] {processor.py:826} INFO - Processing file /opt/airflow/dags/user_processing.py for tasks to queue
[2023-07-20T00:26:39.048+0000] {logging_mixin.py:150} INFO - [2023-07-20T00:26:39.047+0000] {dagbag.py:541} INFO - Filling up the DagBag from /opt/airflow/dags/user_processing.py
[2023-07-20T00:26:39.055+0000] {processor.py:836} INFO - DAG(s) dict_keys(['user_processing']) retrieved from /opt/airflow/dags/user_processing.py
[2023-07-20T00:26:39.083+0000] {logging_mixin.py:150} INFO - [2023-07-20T00:26:39.083+0000] {dag.py:2742} INFO - Sync 1 DAGs
[2023-07-20T00:26:39.113+0000] {logging_mixin.py:150} INFO - [2023-07-20T00:26:39.113+0000] {dag.py:3508} INFO - Setting next_dagrun for user_processing to 2023-07-19T00:00:00+00:00, run_after=2023-07-20T00:00:00+00:00
[2023-07-20T00:26:39.139+0000] {processor.py:179} INFO - Processing /opt/airflow/dags/user_processing.py took 0.101 seconds
[2023-07-20T00:27:09.336+0000] {processor.py:157} INFO - Started process (PID=13098) to work on /opt/airflow/dags/user_processing.py
[2023-07-20T00:27:09.341+0000] {processor.py:826} INFO - Processing file /opt/airflow/dags/user_processing.py for tasks to queue
[2023-07-20T00:27:09.341+0000] {logging_mixin.py:150} INFO - [2023-07-20T00:27:09.341+0000] {dagbag.py:541} INFO - Filling up the DagBag from /opt/airflow/dags/user_processing.py
[2023-07-20T00:27:09.350+0000] {processor.py:836} INFO - DAG(s) dict_keys(['user_processing']) retrieved from /opt/airflow/dags/user_processing.py
[2023-07-20T00:27:09.378+0000] {logging_mixin.py:150} INFO - [2023-07-20T00:27:09.378+0000] {dag.py:2742} INFO - Sync 1 DAGs
[2023-07-20T00:27:09.408+0000] {logging_mixin.py:150} INFO - [2023-07-20T00:27:09.407+0000] {dag.py:3508} INFO - Setting next_dagrun for user_processing to 2023-07-19T00:00:00+00:00, run_after=2023-07-20T00:00:00+00:00
[2023-07-20T00:27:09.441+0000] {processor.py:179} INFO - Processing /opt/airflow/dags/user_processing.py took 0.109 seconds
[2023-07-20T00:27:40.059+0000] {processor.py:157} INFO - Started process (PID=13160) to work on /opt/airflow/dags/user_processing.py
[2023-07-20T00:27:40.064+0000] {processor.py:826} INFO - Processing file /opt/airflow/dags/user_processing.py for tasks to queue
[2023-07-20T00:27:40.065+0000] {logging_mixin.py:150} INFO - [2023-07-20T00:27:40.065+0000] {dagbag.py:541} INFO - Filling up the DagBag from /opt/airflow/dags/user_processing.py
[2023-07-20T00:27:40.073+0000] {processor.py:836} INFO - DAG(s) dict_keys(['user_processing']) retrieved from /opt/airflow/dags/user_processing.py
[2023-07-20T00:27:40.102+0000] {logging_mixin.py:150} INFO - [2023-07-20T00:27:40.102+0000] {dag.py:2742} INFO - Sync 1 DAGs
[2023-07-20T00:27:40.132+0000] {logging_mixin.py:150} INFO - [2023-07-20T00:27:40.131+0000] {dag.py:3508} INFO - Setting next_dagrun for user_processing to 2023-07-19T00:00:00+00:00, run_after=2023-07-20T00:00:00+00:00
[2023-07-20T00:27:40.156+0000] {processor.py:179} INFO - Processing /opt/airflow/dags/user_processing.py took 0.101 seconds
[2023-07-20T00:28:10.406+0000] {processor.py:157} INFO - Started process (PID=13223) to work on /opt/airflow/dags/user_processing.py
[2023-07-20T00:28:10.411+0000] {processor.py:826} INFO - Processing file /opt/airflow/dags/user_processing.py for tasks to queue
[2023-07-20T00:28:10.411+0000] {logging_mixin.py:150} INFO - [2023-07-20T00:28:10.411+0000] {dagbag.py:541} INFO - Filling up the DagBag from /opt/airflow/dags/user_processing.py
[2023-07-20T00:28:10.420+0000] {processor.py:836} INFO - DAG(s) dict_keys(['user_processing']) retrieved from /opt/airflow/dags/user_processing.py
[2023-07-20T00:28:10.448+0000] {logging_mixin.py:150} INFO - [2023-07-20T00:28:10.447+0000] {dag.py:2742} INFO - Sync 1 DAGs
[2023-07-20T00:28:10.478+0000] {logging_mixin.py:150} INFO - [2023-07-20T00:28:10.478+0000] {dag.py:3508} INFO - Setting next_dagrun for user_processing to 2023-07-19T00:00:00+00:00, run_after=2023-07-20T00:00:00+00:00
[2023-07-20T00:28:10.503+0000] {processor.py:179} INFO - Processing /opt/airflow/dags/user_processing.py took 0.101 seconds
[2023-07-20T00:28:40.814+0000] {processor.py:157} INFO - Started process (PID=13285) to work on /opt/airflow/dags/user_processing.py
[2023-07-20T00:28:40.815+0000] {processor.py:826} INFO - Processing file /opt/airflow/dags/user_processing.py for tasks to queue
[2023-07-20T00:28:40.816+0000] {logging_mixin.py:150} INFO - [2023-07-20T00:28:40.816+0000] {dagbag.py:541} INFO - Filling up the DagBag from /opt/airflow/dags/user_processing.py
[2023-07-20T00:28:40.824+0000] {processor.py:836} INFO - DAG(s) dict_keys(['user_processing']) retrieved from /opt/airflow/dags/user_processing.py
[2023-07-20T00:28:40.855+0000] {logging_mixin.py:150} INFO - [2023-07-20T00:28:40.855+0000] {dag.py:2742} INFO - Sync 1 DAGs
[2023-07-20T00:28:40.885+0000] {logging_mixin.py:150} INFO - [2023-07-20T00:28:40.884+0000] {dag.py:3508} INFO - Setting next_dagrun for user_processing to 2023-07-19T00:00:00+00:00, run_after=2023-07-20T00:00:00+00:00
[2023-07-20T00:28:40.913+0000] {processor.py:179} INFO - Processing /opt/airflow/dags/user_processing.py took 0.103 seconds
[2023-07-20T00:29:11.286+0000] {processor.py:157} INFO - Started process (PID=13348) to work on /opt/airflow/dags/user_processing.py
[2023-07-20T00:29:11.291+0000] {processor.py:826} INFO - Processing file /opt/airflow/dags/user_processing.py for tasks to queue
[2023-07-20T00:29:11.292+0000] {logging_mixin.py:150} INFO - [2023-07-20T00:29:11.292+0000] {dagbag.py:541} INFO - Filling up the DagBag from /opt/airflow/dags/user_processing.py
[2023-07-20T00:29:11.301+0000] {processor.py:836} INFO - DAG(s) dict_keys(['user_processing']) retrieved from /opt/airflow/dags/user_processing.py
[2023-07-20T00:29:11.329+0000] {logging_mixin.py:150} INFO - [2023-07-20T00:29:11.329+0000] {dag.py:2742} INFO - Sync 1 DAGs
[2023-07-20T00:29:11.361+0000] {logging_mixin.py:150} INFO - [2023-07-20T00:29:11.361+0000] {dag.py:3508} INFO - Setting next_dagrun for user_processing to 2023-07-19T00:00:00+00:00, run_after=2023-07-20T00:00:00+00:00
[2023-07-20T00:29:11.385+0000] {processor.py:179} INFO - Processing /opt/airflow/dags/user_processing.py took 0.103 seconds
[2023-07-20T00:29:41.827+0000] {processor.py:157} INFO - Started process (PID=13410) to work on /opt/airflow/dags/user_processing.py
[2023-07-20T00:29:41.829+0000] {processor.py:826} INFO - Processing file /opt/airflow/dags/user_processing.py for tasks to queue
[2023-07-20T00:29:41.829+0000] {logging_mixin.py:150} INFO - [2023-07-20T00:29:41.829+0000] {dagbag.py:541} INFO - Filling up the DagBag from /opt/airflow/dags/user_processing.py
[2023-07-20T00:29:41.837+0000] {processor.py:836} INFO - DAG(s) dict_keys(['user_processing']) retrieved from /opt/airflow/dags/user_processing.py
[2023-07-20T00:29:41.867+0000] {logging_mixin.py:150} INFO - [2023-07-20T00:29:41.866+0000] {dag.py:2742} INFO - Sync 1 DAGs
[2023-07-20T00:29:41.897+0000] {logging_mixin.py:150} INFO - [2023-07-20T00:29:41.896+0000] {dag.py:3508} INFO - Setting next_dagrun for user_processing to 2023-07-19T00:00:00+00:00, run_after=2023-07-20T00:00:00+00:00
[2023-07-20T00:29:41.923+0000] {processor.py:179} INFO - Processing /opt/airflow/dags/user_processing.py took 0.099 seconds
[2023-07-20T00:30:12.677+0000] {processor.py:157} INFO - Started process (PID=13472) to work on /opt/airflow/dags/user_processing.py
[2023-07-20T00:30:12.681+0000] {processor.py:826} INFO - Processing file /opt/airflow/dags/user_processing.py for tasks to queue
[2023-07-20T00:30:12.682+0000] {logging_mixin.py:150} INFO - [2023-07-20T00:30:12.682+0000] {dagbag.py:541} INFO - Filling up the DagBag from /opt/airflow/dags/user_processing.py
[2023-07-20T00:30:12.689+0000] {processor.py:836} INFO - DAG(s) dict_keys(['user_processing']) retrieved from /opt/airflow/dags/user_processing.py
[2023-07-20T00:30:12.717+0000] {logging_mixin.py:150} INFO - [2023-07-20T00:30:12.716+0000] {dag.py:2742} INFO - Sync 1 DAGs
[2023-07-20T00:30:12.750+0000] {logging_mixin.py:150} INFO - [2023-07-20T00:30:12.750+0000] {dag.py:3508} INFO - Setting next_dagrun for user_processing to 2023-07-19T00:00:00+00:00, run_after=2023-07-20T00:00:00+00:00
[2023-07-20T00:30:12.777+0000] {processor.py:179} INFO - Processing /opt/airflow/dags/user_processing.py took 0.104 seconds
[2023-07-20T00:30:42.864+0000] {processor.py:157} INFO - Started process (PID=13534) to work on /opt/airflow/dags/user_processing.py
[2023-07-20T00:30:42.869+0000] {processor.py:826} INFO - Processing file /opt/airflow/dags/user_processing.py for tasks to queue
[2023-07-20T00:30:42.870+0000] {logging_mixin.py:150} INFO - [2023-07-20T00:30:42.870+0000] {dagbag.py:541} INFO - Filling up the DagBag from /opt/airflow/dags/user_processing.py
[2023-07-20T00:30:42.878+0000] {processor.py:836} INFO - DAG(s) dict_keys(['user_processing']) retrieved from /opt/airflow/dags/user_processing.py
[2023-07-20T00:30:42.906+0000] {logging_mixin.py:150} INFO - [2023-07-20T00:30:42.906+0000] {dag.py:2742} INFO - Sync 1 DAGs
[2023-07-20T00:30:42.939+0000] {logging_mixin.py:150} INFO - [2023-07-20T00:30:42.938+0000] {dag.py:3508} INFO - Setting next_dagrun for user_processing to 2023-07-19T00:00:00+00:00, run_after=2023-07-20T00:00:00+00:00
[2023-07-20T00:30:42.967+0000] {processor.py:179} INFO - Processing /opt/airflow/dags/user_processing.py took 0.108 seconds
[2023-07-20T00:31:13.108+0000] {processor.py:157} INFO - Started process (PID=13596) to work on /opt/airflow/dags/user_processing.py
[2023-07-20T00:31:13.110+0000] {processor.py:826} INFO - Processing file /opt/airflow/dags/user_processing.py for tasks to queue
[2023-07-20T00:31:13.111+0000] {logging_mixin.py:150} INFO - [2023-07-20T00:31:13.111+0000] {dagbag.py:541} INFO - Filling up the DagBag from /opt/airflow/dags/user_processing.py
[2023-07-20T00:31:13.118+0000] {processor.py:836} INFO - DAG(s) dict_keys(['user_processing']) retrieved from /opt/airflow/dags/user_processing.py
[2023-07-20T00:31:13.147+0000] {logging_mixin.py:150} INFO - [2023-07-20T00:31:13.146+0000] {dag.py:2742} INFO - Sync 1 DAGs
[2023-07-20T00:31:13.176+0000] {logging_mixin.py:150} INFO - [2023-07-20T00:31:13.176+0000] {dag.py:3508} INFO - Setting next_dagrun for user_processing to 2023-07-19T00:00:00+00:00, run_after=2023-07-20T00:00:00+00:00
[2023-07-20T00:31:13.204+0000] {processor.py:179} INFO - Processing /opt/airflow/dags/user_processing.py took 0.100 seconds
[2023-07-20T00:31:43.596+0000] {processor.py:157} INFO - Started process (PID=13658) to work on /opt/airflow/dags/user_processing.py
[2023-07-20T00:31:43.597+0000] {processor.py:826} INFO - Processing file /opt/airflow/dags/user_processing.py for tasks to queue
[2023-07-20T00:31:43.598+0000] {logging_mixin.py:150} INFO - [2023-07-20T00:31:43.598+0000] {dagbag.py:541} INFO - Filling up the DagBag from /opt/airflow/dags/user_processing.py
[2023-07-20T00:31:43.605+0000] {processor.py:836} INFO - DAG(s) dict_keys(['user_processing']) retrieved from /opt/airflow/dags/user_processing.py
[2023-07-20T00:31:43.634+0000] {logging_mixin.py:150} INFO - [2023-07-20T00:31:43.634+0000] {dag.py:2742} INFO - Sync 1 DAGs
[2023-07-20T00:31:43.667+0000] {logging_mixin.py:150} INFO - [2023-07-20T00:31:43.667+0000] {dag.py:3508} INFO - Setting next_dagrun for user_processing to 2023-07-19T00:00:00+00:00, run_after=2023-07-20T00:00:00+00:00
[2023-07-20T00:31:43.694+0000] {processor.py:179} INFO - Processing /opt/airflow/dags/user_processing.py took 0.103 seconds
[2023-07-20T00:32:14.166+0000] {processor.py:157} INFO - Started process (PID=13720) to work on /opt/airflow/dags/user_processing.py
[2023-07-20T00:32:14.167+0000] {processor.py:826} INFO - Processing file /opt/airflow/dags/user_processing.py for tasks to queue
[2023-07-20T00:32:14.168+0000] {logging_mixin.py:150} INFO - [2023-07-20T00:32:14.168+0000] {dagbag.py:541} INFO - Filling up the DagBag from /opt/airflow/dags/user_processing.py
[2023-07-20T00:32:14.176+0000] {processor.py:836} INFO - DAG(s) dict_keys(['user_processing']) retrieved from /opt/airflow/dags/user_processing.py
[2023-07-20T00:32:14.205+0000] {logging_mixin.py:150} INFO - [2023-07-20T00:32:14.205+0000] {dag.py:2742} INFO - Sync 1 DAGs
[2023-07-20T00:32:14.235+0000] {logging_mixin.py:150} INFO - [2023-07-20T00:32:14.235+0000] {dag.py:3508} INFO - Setting next_dagrun for user_processing to 2023-07-19T00:00:00+00:00, run_after=2023-07-20T00:00:00+00:00
[2023-07-20T00:32:14.260+0000] {processor.py:179} INFO - Processing /opt/airflow/dags/user_processing.py took 0.098 seconds
[2023-07-20T00:32:44.593+0000] {processor.py:157} INFO - Started process (PID=13782) to work on /opt/airflow/dags/user_processing.py
[2023-07-20T00:32:44.598+0000] {processor.py:826} INFO - Processing file /opt/airflow/dags/user_processing.py for tasks to queue
[2023-07-20T00:32:44.599+0000] {logging_mixin.py:150} INFO - [2023-07-20T00:32:44.599+0000] {dagbag.py:541} INFO - Filling up the DagBag from /opt/airflow/dags/user_processing.py
[2023-07-20T00:32:44.606+0000] {processor.py:836} INFO - DAG(s) dict_keys(['user_processing']) retrieved from /opt/airflow/dags/user_processing.py
[2023-07-20T00:32:44.635+0000] {logging_mixin.py:150} INFO - [2023-07-20T00:32:44.634+0000] {dag.py:2742} INFO - Sync 1 DAGs
[2023-07-20T00:32:44.663+0000] {logging_mixin.py:150} INFO - [2023-07-20T00:32:44.663+0000] {dag.py:3508} INFO - Setting next_dagrun for user_processing to 2023-07-19T00:00:00+00:00, run_after=2023-07-20T00:00:00+00:00
[2023-07-20T00:32:44.690+0000] {processor.py:179} INFO - Processing /opt/airflow/dags/user_processing.py took 0.101 seconds
[2023-07-20T00:33:14.977+0000] {processor.py:157} INFO - Started process (PID=13844) to work on /opt/airflow/dags/user_processing.py
[2023-07-20T00:33:14.978+0000] {processor.py:826} INFO - Processing file /opt/airflow/dags/user_processing.py for tasks to queue
[2023-07-20T00:33:14.979+0000] {logging_mixin.py:150} INFO - [2023-07-20T00:33:14.979+0000] {dagbag.py:541} INFO - Filling up the DagBag from /opt/airflow/dags/user_processing.py
[2023-07-20T00:33:14.987+0000] {processor.py:836} INFO - DAG(s) dict_keys(['user_processing']) retrieved from /opt/airflow/dags/user_processing.py
[2023-07-20T00:33:15.016+0000] {logging_mixin.py:150} INFO - [2023-07-20T00:33:15.016+0000] {dag.py:2742} INFO - Sync 1 DAGs
[2023-07-20T00:33:15.047+0000] {logging_mixin.py:150} INFO - [2023-07-20T00:33:15.046+0000] {dag.py:3508} INFO - Setting next_dagrun for user_processing to 2023-07-19T00:00:00+00:00, run_after=2023-07-20T00:00:00+00:00
[2023-07-20T00:33:15.074+0000] {processor.py:179} INFO - Processing /opt/airflow/dags/user_processing.py took 0.101 seconds
[2023-07-20T00:33:45.451+0000] {processor.py:157} INFO - Started process (PID=13906) to work on /opt/airflow/dags/user_processing.py
[2023-07-20T00:33:45.453+0000] {processor.py:826} INFO - Processing file /opt/airflow/dags/user_processing.py for tasks to queue
[2023-07-20T00:33:45.454+0000] {logging_mixin.py:150} INFO - [2023-07-20T00:33:45.454+0000] {dagbag.py:541} INFO - Filling up the DagBag from /opt/airflow/dags/user_processing.py
[2023-07-20T00:33:45.463+0000] {processor.py:836} INFO - DAG(s) dict_keys(['user_processing']) retrieved from /opt/airflow/dags/user_processing.py
[2023-07-20T00:33:45.489+0000] {logging_mixin.py:150} INFO - [2023-07-20T00:33:45.489+0000] {dag.py:2742} INFO - Sync 1 DAGs
[2023-07-20T00:33:45.521+0000] {logging_mixin.py:150} INFO - [2023-07-20T00:33:45.520+0000] {dag.py:3508} INFO - Setting next_dagrun for user_processing to 2023-07-19T00:00:00+00:00, run_after=2023-07-20T00:00:00+00:00
[2023-07-20T00:33:45.546+0000] {processor.py:179} INFO - Processing /opt/airflow/dags/user_processing.py took 0.098 seconds
[2023-07-20T00:34:15.968+0000] {processor.py:157} INFO - Started process (PID=13968) to work on /opt/airflow/dags/user_processing.py
[2023-07-20T00:34:15.969+0000] {processor.py:826} INFO - Processing file /opt/airflow/dags/user_processing.py for tasks to queue
[2023-07-20T00:34:15.971+0000] {logging_mixin.py:150} INFO - [2023-07-20T00:34:15.970+0000] {dagbag.py:541} INFO - Filling up the DagBag from /opt/airflow/dags/user_processing.py
[2023-07-20T00:34:15.981+0000] {processor.py:836} INFO - DAG(s) dict_keys(['user_processing']) retrieved from /opt/airflow/dags/user_processing.py
[2023-07-20T00:34:16.009+0000] {logging_mixin.py:150} INFO - [2023-07-20T00:34:16.008+0000] {dag.py:2742} INFO - Sync 1 DAGs
[2023-07-20T00:34:16.041+0000] {logging_mixin.py:150} INFO - [2023-07-20T00:34:16.040+0000] {dag.py:3508} INFO - Setting next_dagrun for user_processing to 2023-07-19T00:00:00+00:00, run_after=2023-07-20T00:00:00+00:00
[2023-07-20T00:34:16.067+0000] {processor.py:179} INFO - Processing /opt/airflow/dags/user_processing.py took 0.103 seconds
[2023-07-20T00:34:46.488+0000] {processor.py:157} INFO - Started process (PID=14030) to work on /opt/airflow/dags/user_processing.py
[2023-07-20T00:34:46.506+0000] {processor.py:826} INFO - Processing file /opt/airflow/dags/user_processing.py for tasks to queue
[2023-07-20T00:34:46.509+0000] {logging_mixin.py:150} INFO - [2023-07-20T00:34:46.508+0000] {dagbag.py:541} INFO - Filling up the DagBag from /opt/airflow/dags/user_processing.py
[2023-07-20T00:34:46.531+0000] {processor.py:836} INFO - DAG(s) dict_keys(['user_processing']) retrieved from /opt/airflow/dags/user_processing.py
[2023-07-20T00:34:46.593+0000] {logging_mixin.py:150} INFO - [2023-07-20T00:34:46.592+0000] {dag.py:2742} INFO - Sync 1 DAGs
[2023-07-20T00:34:46.639+0000] {logging_mixin.py:150} INFO - [2023-07-20T00:34:46.638+0000] {dag.py:3508} INFO - Setting next_dagrun for user_processing to 2023-07-19T00:00:00+00:00, run_after=2023-07-20T00:00:00+00:00
[2023-07-20T00:34:46.668+0000] {processor.py:179} INFO - Processing /opt/airflow/dags/user_processing.py took 0.185 seconds
[2023-07-20T00:35:17.097+0000] {processor.py:157} INFO - Started process (PID=14092) to work on /opt/airflow/dags/user_processing.py
[2023-07-20T00:35:17.101+0000] {processor.py:826} INFO - Processing file /opt/airflow/dags/user_processing.py for tasks to queue
[2023-07-20T00:35:17.102+0000] {logging_mixin.py:150} INFO - [2023-07-20T00:35:17.102+0000] {dagbag.py:541} INFO - Filling up the DagBag from /opt/airflow/dags/user_processing.py
[2023-07-20T00:35:17.110+0000] {processor.py:836} INFO - DAG(s) dict_keys(['user_processing']) retrieved from /opt/airflow/dags/user_processing.py
[2023-07-20T00:35:17.140+0000] {logging_mixin.py:150} INFO - [2023-07-20T00:35:17.139+0000] {dag.py:2742} INFO - Sync 1 DAGs
[2023-07-20T00:35:17.173+0000] {logging_mixin.py:150} INFO - [2023-07-20T00:35:17.173+0000] {dag.py:3508} INFO - Setting next_dagrun for user_processing to 2023-07-19T00:00:00+00:00, run_after=2023-07-20T00:00:00+00:00
[2023-07-20T00:35:17.202+0000] {processor.py:179} INFO - Processing /opt/airflow/dags/user_processing.py took 0.108 seconds
[2023-07-20T00:35:47.546+0000] {processor.py:157} INFO - Started process (PID=14154) to work on /opt/airflow/dags/user_processing.py
[2023-07-20T00:35:47.546+0000] {processor.py:826} INFO - Processing file /opt/airflow/dags/user_processing.py for tasks to queue
[2023-07-20T00:35:47.547+0000] {logging_mixin.py:150} INFO - [2023-07-20T00:35:47.547+0000] {dagbag.py:541} INFO - Filling up the DagBag from /opt/airflow/dags/user_processing.py
[2023-07-20T00:35:47.555+0000] {processor.py:836} INFO - DAG(s) dict_keys(['user_processing']) retrieved from /opt/airflow/dags/user_processing.py
[2023-07-20T00:35:47.583+0000] {logging_mixin.py:150} INFO - [2023-07-20T00:35:47.583+0000] {dag.py:2742} INFO - Sync 1 DAGs
[2023-07-20T00:35:47.614+0000] {logging_mixin.py:150} INFO - [2023-07-20T00:35:47.613+0000] {dag.py:3508} INFO - Setting next_dagrun for user_processing to 2023-07-19T00:00:00+00:00, run_after=2023-07-20T00:00:00+00:00
[2023-07-20T00:35:47.639+0000] {processor.py:179} INFO - Processing /opt/airflow/dags/user_processing.py took 0.099 seconds
[2023-07-20T00:36:18.154+0000] {processor.py:157} INFO - Started process (PID=14216) to work on /opt/airflow/dags/user_processing.py
[2023-07-20T00:36:18.159+0000] {processor.py:826} INFO - Processing file /opt/airflow/dags/user_processing.py for tasks to queue
[2023-07-20T00:36:18.159+0000] {logging_mixin.py:150} INFO - [2023-07-20T00:36:18.159+0000] {dagbag.py:541} INFO - Filling up the DagBag from /opt/airflow/dags/user_processing.py
[2023-07-20T00:36:18.167+0000] {processor.py:836} INFO - DAG(s) dict_keys(['user_processing']) retrieved from /opt/airflow/dags/user_processing.py
[2023-07-20T00:36:18.197+0000] {logging_mixin.py:150} INFO - [2023-07-20T00:36:18.197+0000] {dag.py:2742} INFO - Sync 1 DAGs
[2023-07-20T00:36:18.226+0000] {logging_mixin.py:150} INFO - [2023-07-20T00:36:18.226+0000] {dag.py:3508} INFO - Setting next_dagrun for user_processing to 2023-07-19T00:00:00+00:00, run_after=2023-07-20T00:00:00+00:00
[2023-07-20T00:36:18.256+0000] {processor.py:179} INFO - Processing /opt/airflow/dags/user_processing.py took 0.106 seconds
[2023-07-20T00:36:48.850+0000] {processor.py:157} INFO - Started process (PID=14278) to work on /opt/airflow/dags/user_processing.py
[2023-07-20T00:36:48.851+0000] {processor.py:826} INFO - Processing file /opt/airflow/dags/user_processing.py for tasks to queue
[2023-07-20T00:36:48.852+0000] {logging_mixin.py:150} INFO - [2023-07-20T00:36:48.851+0000] {dagbag.py:541} INFO - Filling up the DagBag from /opt/airflow/dags/user_processing.py
[2023-07-20T00:36:48.860+0000] {processor.py:836} INFO - DAG(s) dict_keys(['user_processing']) retrieved from /opt/airflow/dags/user_processing.py
[2023-07-20T00:36:48.889+0000] {logging_mixin.py:150} INFO - [2023-07-20T00:36:48.889+0000] {dag.py:2742} INFO - Sync 1 DAGs
[2023-07-20T00:36:48.924+0000] {logging_mixin.py:150} INFO - [2023-07-20T00:36:48.924+0000] {dag.py:3508} INFO - Setting next_dagrun for user_processing to 2023-07-19T00:00:00+00:00, run_after=2023-07-20T00:00:00+00:00
[2023-07-20T00:36:48.950+0000] {processor.py:179} INFO - Processing /opt/airflow/dags/user_processing.py took 0.104 seconds
[2023-07-20T00:37:19.328+0000] {processor.py:157} INFO - Started process (PID=14340) to work on /opt/airflow/dags/user_processing.py
[2023-07-20T00:37:19.330+0000] {processor.py:826} INFO - Processing file /opt/airflow/dags/user_processing.py for tasks to queue
[2023-07-20T00:37:19.331+0000] {logging_mixin.py:150} INFO - [2023-07-20T00:37:19.330+0000] {dagbag.py:541} INFO - Filling up the DagBag from /opt/airflow/dags/user_processing.py
[2023-07-20T00:37:19.340+0000] {processor.py:836} INFO - DAG(s) dict_keys(['user_processing']) retrieved from /opt/airflow/dags/user_processing.py
[2023-07-20T00:37:19.368+0000] {logging_mixin.py:150} INFO - [2023-07-20T00:37:19.368+0000] {dag.py:2742} INFO - Sync 1 DAGs
[2023-07-20T00:37:19.399+0000] {logging_mixin.py:150} INFO - [2023-07-20T00:37:19.398+0000] {dag.py:3508} INFO - Setting next_dagrun for user_processing to 2023-07-19T00:00:00+00:00, run_after=2023-07-20T00:00:00+00:00
[2023-07-20T00:37:19.426+0000] {processor.py:179} INFO - Processing /opt/airflow/dags/user_processing.py took 0.101 seconds
[2023-07-20T00:37:49.767+0000] {processor.py:157} INFO - Started process (PID=14402) to work on /opt/airflow/dags/user_processing.py
[2023-07-20T00:37:49.771+0000] {processor.py:826} INFO - Processing file /opt/airflow/dags/user_processing.py for tasks to queue
[2023-07-20T00:37:49.772+0000] {logging_mixin.py:150} INFO - [2023-07-20T00:37:49.772+0000] {dagbag.py:541} INFO - Filling up the DagBag from /opt/airflow/dags/user_processing.py
[2023-07-20T00:37:49.781+0000] {processor.py:836} INFO - DAG(s) dict_keys(['user_processing']) retrieved from /opt/airflow/dags/user_processing.py
[2023-07-20T00:37:49.808+0000] {logging_mixin.py:150} INFO - [2023-07-20T00:37:49.807+0000] {dag.py:2742} INFO - Sync 1 DAGs
[2023-07-20T00:37:49.837+0000] {logging_mixin.py:150} INFO - [2023-07-20T00:37:49.837+0000] {dag.py:3508} INFO - Setting next_dagrun for user_processing to 2023-07-19T00:00:00+00:00, run_after=2023-07-20T00:00:00+00:00
[2023-07-20T00:37:49.862+0000] {processor.py:179} INFO - Processing /opt/airflow/dags/user_processing.py took 0.100 seconds
[2023-07-20T00:38:19.884+0000] {processor.py:157} INFO - Started process (PID=14463) to work on /opt/airflow/dags/user_processing.py
[2023-07-20T00:38:19.887+0000] {processor.py:826} INFO - Processing file /opt/airflow/dags/user_processing.py for tasks to queue
[2023-07-20T00:38:19.888+0000] {logging_mixin.py:150} INFO - [2023-07-20T00:38:19.888+0000] {dagbag.py:541} INFO - Filling up the DagBag from /opt/airflow/dags/user_processing.py
[2023-07-20T00:38:19.897+0000] {processor.py:836} INFO - DAG(s) dict_keys(['user_processing']) retrieved from /opt/airflow/dags/user_processing.py
[2023-07-20T00:38:19.959+0000] {logging_mixin.py:150} INFO - [2023-07-20T00:38:19.958+0000] {dag.py:2742} INFO - Sync 1 DAGs
[2023-07-20T00:38:19.999+0000] {logging_mixin.py:150} INFO - [2023-07-20T00:38:19.998+0000] {dag.py:3508} INFO - Setting next_dagrun for user_processing to 2023-07-19T00:00:00+00:00, run_after=2023-07-20T00:00:00+00:00
[2023-07-20T00:38:20.028+0000] {processor.py:179} INFO - Processing /opt/airflow/dags/user_processing.py took 0.149 seconds
[2023-07-20T00:38:50.129+0000] {processor.py:157} INFO - Started process (PID=14517) to work on /opt/airflow/dags/user_processing.py
[2023-07-20T00:38:50.141+0000] {processor.py:826} INFO - Processing file /opt/airflow/dags/user_processing.py for tasks to queue
[2023-07-20T00:38:50.142+0000] {logging_mixin.py:150} INFO - [2023-07-20T00:38:50.142+0000] {dagbag.py:541} INFO - Filling up the DagBag from /opt/airflow/dags/user_processing.py
[2023-07-20T00:38:50.150+0000] {processor.py:836} INFO - DAG(s) dict_keys(['user_processing']) retrieved from /opt/airflow/dags/user_processing.py
[2023-07-20T00:38:50.174+0000] {logging_mixin.py:150} INFO - [2023-07-20T00:38:50.173+0000] {dag.py:2742} INFO - Sync 1 DAGs
[2023-07-20T00:38:50.200+0000] {logging_mixin.py:150} INFO - [2023-07-20T00:38:50.200+0000] {dag.py:3508} INFO - Setting next_dagrun for user_processing to 2023-07-19T00:00:00+00:00, run_after=2023-07-20T00:00:00+00:00
[2023-07-20T00:38:50.226+0000] {processor.py:179} INFO - Processing /opt/airflow/dags/user_processing.py took 0.101 seconds
[2023-07-20T00:39:20.556+0000] {processor.py:157} INFO - Started process (PID=14579) to work on /opt/airflow/dags/user_processing.py
[2023-07-20T00:39:20.558+0000] {processor.py:826} INFO - Processing file /opt/airflow/dags/user_processing.py for tasks to queue
[2023-07-20T00:39:20.559+0000] {logging_mixin.py:150} INFO - [2023-07-20T00:39:20.558+0000] {dagbag.py:541} INFO - Filling up the DagBag from /opt/airflow/dags/user_processing.py
[2023-07-20T00:39:20.566+0000] {processor.py:836} INFO - DAG(s) dict_keys(['user_processing']) retrieved from /opt/airflow/dags/user_processing.py
[2023-07-20T00:39:20.593+0000] {logging_mixin.py:150} INFO - [2023-07-20T00:39:20.593+0000] {dag.py:2742} INFO - Sync 1 DAGs
[2023-07-20T00:39:20.623+0000] {logging_mixin.py:150} INFO - [2023-07-20T00:39:20.623+0000] {dag.py:3508} INFO - Setting next_dagrun for user_processing to 2023-07-19T00:00:00+00:00, run_after=2023-07-20T00:00:00+00:00
[2023-07-20T00:39:20.648+0000] {processor.py:179} INFO - Processing /opt/airflow/dags/user_processing.py took 0.096 seconds
[2023-07-20T00:40:19.551+0000] {processor.py:157} INFO - Started process (PID=14649) to work on /opt/airflow/dags/user_processing.py
[2023-07-20T00:40:19.576+0000] {processor.py:826} INFO - Processing file /opt/airflow/dags/user_processing.py for tasks to queue
[2023-07-20T00:40:19.579+0000] {logging_mixin.py:150} INFO - [2023-07-20T00:40:19.579+0000] {dagbag.py:541} INFO - Filling up the DagBag from /opt/airflow/dags/user_processing.py
[2023-07-20T00:40:19.640+0000] {processor.py:836} INFO - DAG(s) dict_keys(['user_processing']) retrieved from /opt/airflow/dags/user_processing.py
[2023-07-20T00:40:19.820+0000] {logging_mixin.py:150} INFO - [2023-07-20T00:40:19.811+0000] {dag.py:2742} INFO - Sync 1 DAGs
[2023-07-20T00:40:20.056+0000] {logging_mixin.py:150} INFO - [2023-07-20T00:40:20.056+0000] {dag.py:3508} INFO - Setting next_dagrun for user_processing to 2023-07-19T00:00:00+00:00, run_after=2023-07-20T00:00:00+00:00
[2023-07-20T00:40:20.286+0000] {processor.py:179} INFO - Processing /opt/airflow/dags/user_processing.py took 0.790 seconds
[2023-07-20T00:40:50.770+0000] {processor.py:157} INFO - Started process (PID=14710) to work on /opt/airflow/dags/user_processing.py
[2023-07-20T00:40:50.773+0000] {processor.py:826} INFO - Processing file /opt/airflow/dags/user_processing.py for tasks to queue
[2023-07-20T00:40:50.774+0000] {logging_mixin.py:150} INFO - [2023-07-20T00:40:50.773+0000] {dagbag.py:541} INFO - Filling up the DagBag from /opt/airflow/dags/user_processing.py
[2023-07-20T00:40:50.785+0000] {processor.py:836} INFO - DAG(s) dict_keys(['user_processing']) retrieved from /opt/airflow/dags/user_processing.py
[2023-07-20T00:40:50.818+0000] {logging_mixin.py:150} INFO - [2023-07-20T00:40:50.818+0000] {dag.py:2742} INFO - Sync 1 DAGs
[2023-07-20T00:40:50.863+0000] {logging_mixin.py:150} INFO - [2023-07-20T00:40:50.863+0000] {dag.py:3508} INFO - Setting next_dagrun for user_processing to 2023-07-19T00:00:00+00:00, run_after=2023-07-20T00:00:00+00:00
[2023-07-20T00:40:50.896+0000] {processor.py:179} INFO - Processing /opt/airflow/dags/user_processing.py took 0.137 seconds
[2023-07-20T00:41:21.254+0000] {processor.py:157} INFO - Started process (PID=14772) to work on /opt/airflow/dags/user_processing.py
[2023-07-20T00:41:21.256+0000] {processor.py:826} INFO - Processing file /opt/airflow/dags/user_processing.py for tasks to queue
[2023-07-20T00:41:21.258+0000] {logging_mixin.py:150} INFO - [2023-07-20T00:41:21.257+0000] {dagbag.py:541} INFO - Filling up the DagBag from /opt/airflow/dags/user_processing.py
[2023-07-20T00:41:21.274+0000] {processor.py:836} INFO - DAG(s) dict_keys(['user_processing']) retrieved from /opt/airflow/dags/user_processing.py
[2023-07-20T00:41:21.324+0000] {logging_mixin.py:150} INFO - [2023-07-20T00:41:21.323+0000] {dag.py:2742} INFO - Sync 1 DAGs
[2023-07-20T00:41:21.433+0000] {logging_mixin.py:150} INFO - [2023-07-20T00:41:21.433+0000] {dag.py:3508} INFO - Setting next_dagrun for user_processing to 2023-07-19T00:00:00+00:00, run_after=2023-07-20T00:00:00+00:00
[2023-07-20T00:41:21.637+0000] {processor.py:179} INFO - Processing /opt/airflow/dags/user_processing.py took 0.390 seconds
[2023-07-20T00:41:51.902+0000] {processor.py:157} INFO - Started process (PID=14834) to work on /opt/airflow/dags/user_processing.py
[2023-07-20T00:41:51.904+0000] {processor.py:826} INFO - Processing file /opt/airflow/dags/user_processing.py for tasks to queue
[2023-07-20T00:41:51.905+0000] {logging_mixin.py:150} INFO - [2023-07-20T00:41:51.904+0000] {dagbag.py:541} INFO - Filling up the DagBag from /opt/airflow/dags/user_processing.py
[2023-07-20T00:41:51.913+0000] {processor.py:836} INFO - DAG(s) dict_keys(['user_processing']) retrieved from /opt/airflow/dags/user_processing.py
[2023-07-20T00:41:51.962+0000] {logging_mixin.py:150} INFO - [2023-07-20T00:41:51.962+0000] {dag.py:2742} INFO - Sync 1 DAGs
[2023-07-20T00:41:52.026+0000] {logging_mixin.py:150} INFO - [2023-07-20T00:41:52.023+0000] {dag.py:3508} INFO - Setting next_dagrun for user_processing to 2023-07-19T00:00:00+00:00, run_after=2023-07-20T00:00:00+00:00
[2023-07-20T00:41:52.098+0000] {processor.py:179} INFO - Processing /opt/airflow/dags/user_processing.py took 0.215 seconds
[2023-07-20T00:42:23.088+0000] {processor.py:157} INFO - Started process (PID=14896) to work on /opt/airflow/dags/user_processing.py
[2023-07-20T00:42:23.093+0000] {processor.py:826} INFO - Processing file /opt/airflow/dags/user_processing.py for tasks to queue
[2023-07-20T00:42:23.094+0000] {logging_mixin.py:150} INFO - [2023-07-20T00:42:23.093+0000] {dagbag.py:541} INFO - Filling up the DagBag from /opt/airflow/dags/user_processing.py
[2023-07-20T00:42:23.104+0000] {processor.py:836} INFO - DAG(s) dict_keys(['user_processing']) retrieved from /opt/airflow/dags/user_processing.py
[2023-07-20T00:42:23.139+0000] {logging_mixin.py:150} INFO - [2023-07-20T00:42:23.138+0000] {dag.py:2742} INFO - Sync 1 DAGs
[2023-07-20T00:42:23.175+0000] {logging_mixin.py:150} INFO - [2023-07-20T00:42:23.175+0000] {dag.py:3508} INFO - Setting next_dagrun for user_processing to 2023-07-19T00:00:00+00:00, run_after=2023-07-20T00:00:00+00:00
[2023-07-20T00:42:23.225+0000] {processor.py:179} INFO - Processing /opt/airflow/dags/user_processing.py took 0.144 seconds
[2023-07-20T00:42:53.706+0000] {processor.py:157} INFO - Started process (PID=14958) to work on /opt/airflow/dags/user_processing.py
[2023-07-20T00:42:53.707+0000] {processor.py:826} INFO - Processing file /opt/airflow/dags/user_processing.py for tasks to queue
[2023-07-20T00:42:53.708+0000] {logging_mixin.py:150} INFO - [2023-07-20T00:42:53.707+0000] {dagbag.py:541} INFO - Filling up the DagBag from /opt/airflow/dags/user_processing.py
[2023-07-20T00:42:53.719+0000] {processor.py:836} INFO - DAG(s) dict_keys(['user_processing']) retrieved from /opt/airflow/dags/user_processing.py
[2023-07-20T00:42:53.765+0000] {logging_mixin.py:150} INFO - [2023-07-20T00:42:53.765+0000] {dag.py:2742} INFO - Sync 1 DAGs
[2023-07-20T00:42:53.814+0000] {logging_mixin.py:150} INFO - [2023-07-20T00:42:53.813+0000] {dag.py:3508} INFO - Setting next_dagrun for user_processing to 2023-07-19T00:00:00+00:00, run_after=2023-07-20T00:00:00+00:00
[2023-07-20T00:42:53.850+0000] {processor.py:179} INFO - Processing /opt/airflow/dags/user_processing.py took 0.150 seconds
