[2023-09-28T18:32:30.119+0000] {taskinstance.py:1103} INFO - Dependencies all met for dep_context=non-requeueable deps ti=<TaskInstance: consumer.read_dataset dataset_triggered__2023-09-28T18:32:29.110566+00:00 [queued]>
[2023-09-28T18:32:30.132+0000] {taskinstance.py:1103} INFO - Dependencies all met for dep_context=requeueable deps ti=<TaskInstance: consumer.read_dataset dataset_triggered__2023-09-28T18:32:29.110566+00:00 [queued]>
[2023-09-28T18:32:30.132+0000] {taskinstance.py:1308} INFO - Starting attempt 1 of 1
[2023-09-28T18:32:30.147+0000] {taskinstance.py:1327} INFO - Executing <Task(_PythonDecoratedOperator): read_dataset> on 2023-09-28 18:32:29.110566+00:00
[2023-09-28T18:32:30.152+0000] {standard_task_runner.py:57} INFO - Started process 72 to run task
[2023-09-28T18:32:30.155+0000] {standard_task_runner.py:84} INFO - Running: ['***', 'tasks', 'run', 'consumer', 'read_dataset', 'dataset_triggered__2023-09-28T18:32:29.110566+00:00', '--job-id', '326', '--raw', '--subdir', 'DAGS_FOLDER/consumer.py', '--cfg-path', '/tmp/tmp2ujc89he']
[2023-09-28T18:32:30.156+0000] {standard_task_runner.py:85} INFO - Job 326: Subtask read_dataset
[2023-09-28T18:32:30.208+0000] {task_command.py:410} INFO - Running <TaskInstance: consumer.read_dataset dataset_triggered__2023-09-28T18:32:29.110566+00:00 [running]> on host 8106be9c0b63
[2023-09-28T18:32:30.294+0000] {taskinstance.py:1545} INFO - Exporting env vars: AIRFLOW_CTX_DAG_OWNER='***' AIRFLOW_CTX_DAG_ID='consumer' AIRFLOW_CTX_TASK_ID='read_dataset' AIRFLOW_CTX_EXECUTION_DATE='2023-09-28T18:32:29.110566+00:00' AIRFLOW_CTX_TRY_NUMBER='1' AIRFLOW_CTX_DAG_RUN_ID='dataset_triggered__2023-09-28T18:32:29.110566+00:00'
[2023-09-28T18:32:30.296+0000] {taskinstance.py:1824} ERROR - Task failed with exception
Traceback (most recent call last):
  File "/home/airflow/.local/lib/python3.10/site-packages/airflow/decorators/base.py", line 220, in execute
    return_value = super().execute(context)
  File "/home/airflow/.local/lib/python3.10/site-packages/airflow/operators/python.py", line 181, in execute
    return_value = self.execute_callable()
  File "/home/airflow/.local/lib/python3.10/site-packages/airflow/operators/python.py", line 198, in execute_callable
    return self.python_callable(*self.op_args, **self.op_kwargs)
  File "/opt/airflow/dags/consumer.py", line 17, in read_dataset
    with open(my_file.uri, 'r') as f:
FileNotFoundError: [Errno 2] No such file or directory: '/tmp/my_file.txt'
[2023-09-28T18:32:30.307+0000] {taskinstance.py:1345} INFO - Marking task as FAILED. dag_id=consumer, task_id=read_dataset, execution_date=20230928T183229, start_date=20230928T183230, end_date=20230928T183230
[2023-09-28T18:32:30.320+0000] {standard_task_runner.py:104} ERROR - Failed to execute job 326 for task read_dataset ([Errno 2] No such file or directory: '/tmp/my_file.txt'; 72)
[2023-09-28T18:32:30.328+0000] {local_task_job_runner.py:225} INFO - Task exited with return code 1
[2023-09-28T18:32:30.346+0000] {taskinstance.py:2653} INFO - 0 downstream tasks scheduled from follow-on schedule check
