[2023-10-17T00:00:15.234+0000] {processor.py:157} INFO - Started process (PID=3761) to work on /opt/airflow/dags/groups/group_downloads.py
[2023-10-17T00:00:15.237+0000] {processor.py:826} INFO - Processing file /opt/airflow/dags/groups/group_downloads.py for tasks to queue
[2023-10-17T00:00:15.247+0000] {logging_mixin.py:150} INFO - [2023-10-17T00:00:15.245+0000] {dagbag.py:541} INFO - Filling up the DagBag from /opt/airflow/dags/groups/group_downloads.py
[2023-10-17T00:00:15.252+0000] {processor.py:838} WARNING - No viable dags retrieved from /opt/airflow/dags/groups/group_downloads.py
[2023-10-17T00:00:15.323+0000] {processor.py:179} INFO - Processing /opt/airflow/dags/groups/group_downloads.py took 0.104 seconds
[2023-10-17T00:00:46.349+0000] {processor.py:157} INFO - Started process (PID=3798) to work on /opt/airflow/dags/groups/group_downloads.py
[2023-10-17T00:00:46.351+0000] {processor.py:826} INFO - Processing file /opt/airflow/dags/groups/group_downloads.py for tasks to queue
[2023-10-17T00:00:46.352+0000] {logging_mixin.py:150} INFO - [2023-10-17T00:00:46.351+0000] {dagbag.py:541} INFO - Filling up the DagBag from /opt/airflow/dags/groups/group_downloads.py
[2023-10-17T00:00:46.354+0000] {processor.py:838} WARNING - No viable dags retrieved from /opt/airflow/dags/groups/group_downloads.py
[2023-10-17T00:00:46.374+0000] {processor.py:179} INFO - Processing /opt/airflow/dags/groups/group_downloads.py took 0.033 seconds
[2023-10-17T00:01:16.494+0000] {processor.py:157} INFO - Started process (PID=3819) to work on /opt/airflow/dags/groups/group_downloads.py
[2023-10-17T00:01:16.500+0000] {processor.py:826} INFO - Processing file /opt/airflow/dags/groups/group_downloads.py for tasks to queue
[2023-10-17T00:01:16.501+0000] {logging_mixin.py:150} INFO - [2023-10-17T00:01:16.501+0000] {dagbag.py:541} INFO - Filling up the DagBag from /opt/airflow/dags/groups/group_downloads.py
[2023-10-17T00:01:16.505+0000] {processor.py:838} WARNING - No viable dags retrieved from /opt/airflow/dags/groups/group_downloads.py
[2023-10-17T00:01:16.528+0000] {processor.py:179} INFO - Processing /opt/airflow/dags/groups/group_downloads.py took 0.037 seconds
[2023-10-17T00:01:46.732+0000] {processor.py:157} INFO - Started process (PID=3845) to work on /opt/airflow/dags/groups/group_downloads.py
[2023-10-17T00:01:46.734+0000] {processor.py:826} INFO - Processing file /opt/airflow/dags/groups/group_downloads.py for tasks to queue
[2023-10-17T00:01:46.735+0000] {logging_mixin.py:150} INFO - [2023-10-17T00:01:46.735+0000] {dagbag.py:541} INFO - Filling up the DagBag from /opt/airflow/dags/groups/group_downloads.py
[2023-10-17T00:01:46.738+0000] {processor.py:838} WARNING - No viable dags retrieved from /opt/airflow/dags/groups/group_downloads.py
[2023-10-17T00:01:46.760+0000] {processor.py:179} INFO - Processing /opt/airflow/dags/groups/group_downloads.py took 0.035 seconds
[2023-10-17T00:02:17.114+0000] {processor.py:157} INFO - Started process (PID=3866) to work on /opt/airflow/dags/groups/group_downloads.py
[2023-10-17T00:02:17.117+0000] {processor.py:826} INFO - Processing file /opt/airflow/dags/groups/group_downloads.py for tasks to queue
[2023-10-17T00:02:17.121+0000] {logging_mixin.py:150} INFO - [2023-10-17T00:02:17.120+0000] {dagbag.py:541} INFO - Filling up the DagBag from /opt/airflow/dags/groups/group_downloads.py
[2023-10-17T00:02:17.125+0000] {processor.py:838} WARNING - No viable dags retrieved from /opt/airflow/dags/groups/group_downloads.py
[2023-10-17T00:02:17.145+0000] {processor.py:179} INFO - Processing /opt/airflow/dags/groups/group_downloads.py took 0.035 seconds
[2023-10-17T00:02:47.615+0000] {processor.py:157} INFO - Started process (PID=3887) to work on /opt/airflow/dags/groups/group_downloads.py
[2023-10-17T00:02:47.617+0000] {processor.py:826} INFO - Processing file /opt/airflow/dags/groups/group_downloads.py for tasks to queue
[2023-10-17T00:02:47.633+0000] {logging_mixin.py:150} INFO - [2023-10-17T00:02:47.621+0000] {dagbag.py:541} INFO - Filling up the DagBag from /opt/airflow/dags/groups/group_downloads.py
[2023-10-17T00:02:47.641+0000] {processor.py:838} WARNING - No viable dags retrieved from /opt/airflow/dags/groups/group_downloads.py
[2023-10-17T00:02:47.753+0000] {processor.py:179} INFO - Processing /opt/airflow/dags/groups/group_downloads.py took 0.160 seconds
[2023-10-17T00:03:18.357+0000] {processor.py:157} INFO - Started process (PID=3907) to work on /opt/airflow/dags/groups/group_downloads.py
[2023-10-17T00:03:18.359+0000] {processor.py:826} INFO - Processing file /opt/airflow/dags/groups/group_downloads.py for tasks to queue
[2023-10-17T00:03:18.360+0000] {logging_mixin.py:150} INFO - [2023-10-17T00:03:18.360+0000] {dagbag.py:541} INFO - Filling up the DagBag from /opt/airflow/dags/groups/group_downloads.py
[2023-10-17T00:03:18.362+0000] {processor.py:838} WARNING - No viable dags retrieved from /opt/airflow/dags/groups/group_downloads.py
[2023-10-17T00:03:18.380+0000] {processor.py:179} INFO - Processing /opt/airflow/dags/groups/group_downloads.py took 0.030 seconds
[2023-10-17T00:03:49.535+0000] {processor.py:157} INFO - Started process (PID=3929) to work on /opt/airflow/dags/groups/group_downloads.py
[2023-10-17T00:03:49.537+0000] {processor.py:826} INFO - Processing file /opt/airflow/dags/groups/group_downloads.py for tasks to queue
[2023-10-17T00:03:49.541+0000] {logging_mixin.py:150} INFO - [2023-10-17T00:03:49.539+0000] {dagbag.py:541} INFO - Filling up the DagBag from /opt/airflow/dags/groups/group_downloads.py
[2023-10-17T00:03:49.545+0000] {processor.py:838} WARNING - No viable dags retrieved from /opt/airflow/dags/groups/group_downloads.py
[2023-10-17T00:03:49.570+0000] {processor.py:179} INFO - Processing /opt/airflow/dags/groups/group_downloads.py took 0.038 seconds
[2023-10-17T00:04:19.818+0000] {processor.py:157} INFO - Started process (PID=3950) to work on /opt/airflow/dags/groups/group_downloads.py
[2023-10-17T00:04:19.819+0000] {processor.py:826} INFO - Processing file /opt/airflow/dags/groups/group_downloads.py for tasks to queue
[2023-10-17T00:04:19.820+0000] {logging_mixin.py:150} INFO - [2023-10-17T00:04:19.820+0000] {dagbag.py:541} INFO - Filling up the DagBag from /opt/airflow/dags/groups/group_downloads.py
[2023-10-17T00:04:19.827+0000] {processor.py:838} WARNING - No viable dags retrieved from /opt/airflow/dags/groups/group_downloads.py
[2023-10-17T00:04:19.853+0000] {processor.py:179} INFO - Processing /opt/airflow/dags/groups/group_downloads.py took 0.039 seconds
[2023-10-17T00:04:50.219+0000] {processor.py:157} INFO - Started process (PID=3971) to work on /opt/airflow/dags/groups/group_downloads.py
[2023-10-17T00:04:50.220+0000] {processor.py:826} INFO - Processing file /opt/airflow/dags/groups/group_downloads.py for tasks to queue
[2023-10-17T00:04:50.221+0000] {logging_mixin.py:150} INFO - [2023-10-17T00:04:50.221+0000] {dagbag.py:541} INFO - Filling up the DagBag from /opt/airflow/dags/groups/group_downloads.py
[2023-10-17T00:04:50.224+0000] {processor.py:838} WARNING - No viable dags retrieved from /opt/airflow/dags/groups/group_downloads.py
[2023-10-17T00:04:50.246+0000] {processor.py:179} INFO - Processing /opt/airflow/dags/groups/group_downloads.py took 0.030 seconds
[2023-10-17T00:05:20.496+0000] {processor.py:157} INFO - Started process (PID=3991) to work on /opt/airflow/dags/groups/group_downloads.py
[2023-10-17T00:05:20.498+0000] {processor.py:826} INFO - Processing file /opt/airflow/dags/groups/group_downloads.py for tasks to queue
[2023-10-17T00:05:20.499+0000] {logging_mixin.py:150} INFO - [2023-10-17T00:05:20.498+0000] {dagbag.py:541} INFO - Filling up the DagBag from /opt/airflow/dags/groups/group_downloads.py
[2023-10-17T00:05:20.501+0000] {processor.py:838} WARNING - No viable dags retrieved from /opt/airflow/dags/groups/group_downloads.py
[2023-10-17T00:05:20.521+0000] {processor.py:179} INFO - Processing /opt/airflow/dags/groups/group_downloads.py took 0.033 seconds
[2023-10-17T00:05:50.737+0000] {processor.py:157} INFO - Started process (PID=4013) to work on /opt/airflow/dags/groups/group_downloads.py
[2023-10-17T00:05:50.738+0000] {processor.py:826} INFO - Processing file /opt/airflow/dags/groups/group_downloads.py for tasks to queue
[2023-10-17T00:05:50.741+0000] {logging_mixin.py:150} INFO - [2023-10-17T00:05:50.740+0000] {dagbag.py:541} INFO - Filling up the DagBag from /opt/airflow/dags/groups/group_downloads.py
[2023-10-17T00:05:50.748+0000] {processor.py:838} WARNING - No viable dags retrieved from /opt/airflow/dags/groups/group_downloads.py
[2023-10-17T00:05:50.781+0000] {processor.py:179} INFO - Processing /opt/airflow/dags/groups/group_downloads.py took 0.055 seconds
[2023-10-17T00:06:21.237+0000] {processor.py:157} INFO - Started process (PID=4034) to work on /opt/airflow/dags/groups/group_downloads.py
[2023-10-17T00:06:21.244+0000] {processor.py:826} INFO - Processing file /opt/airflow/dags/groups/group_downloads.py for tasks to queue
[2023-10-17T00:06:21.253+0000] {logging_mixin.py:150} INFO - [2023-10-17T00:06:21.246+0000] {dagbag.py:541} INFO - Filling up the DagBag from /opt/airflow/dags/groups/group_downloads.py
[2023-10-17T00:06:21.272+0000] {processor.py:838} WARNING - No viable dags retrieved from /opt/airflow/dags/groups/group_downloads.py
[2023-10-17T00:06:21.341+0000] {processor.py:179} INFO - Processing /opt/airflow/dags/groups/group_downloads.py took 0.120 seconds
[2023-10-17T00:06:52.076+0000] {processor.py:157} INFO - Started process (PID=4054) to work on /opt/airflow/dags/groups/group_downloads.py
[2023-10-17T00:06:52.078+0000] {processor.py:826} INFO - Processing file /opt/airflow/dags/groups/group_downloads.py for tasks to queue
[2023-10-17T00:06:52.090+0000] {logging_mixin.py:150} INFO - [2023-10-17T00:06:52.080+0000] {dagbag.py:541} INFO - Filling up the DagBag from /opt/airflow/dags/groups/group_downloads.py
[2023-10-17T00:06:52.107+0000] {processor.py:838} WARNING - No viable dags retrieved from /opt/airflow/dags/groups/group_downloads.py
[2023-10-17T00:06:52.182+0000] {processor.py:179} INFO - Processing /opt/airflow/dags/groups/group_downloads.py took 0.136 seconds
[2023-10-17T00:07:22.690+0000] {processor.py:157} INFO - Started process (PID=4076) to work on /opt/airflow/dags/groups/group_downloads.py
[2023-10-17T00:07:22.826+0000] {processor.py:826} INFO - Processing file /opt/airflow/dags/groups/group_downloads.py for tasks to queue
[2023-10-17T00:07:22.828+0000] {logging_mixin.py:150} INFO - [2023-10-17T00:07:22.827+0000] {dagbag.py:541} INFO - Filling up the DagBag from /opt/airflow/dags/groups/group_downloads.py
[2023-10-17T00:07:22.834+0000] {processor.py:838} WARNING - No viable dags retrieved from /opt/airflow/dags/groups/group_downloads.py
[2023-10-17T00:07:22.864+0000] {processor.py:179} INFO - Processing /opt/airflow/dags/groups/group_downloads.py took 0.179 seconds
[2023-10-17T00:07:53.231+0000] {processor.py:157} INFO - Started process (PID=4096) to work on /opt/airflow/dags/groups/group_downloads.py
[2023-10-17T00:07:53.233+0000] {processor.py:826} INFO - Processing file /opt/airflow/dags/groups/group_downloads.py for tasks to queue
[2023-10-17T00:07:53.234+0000] {logging_mixin.py:150} INFO - [2023-10-17T00:07:53.234+0000] {dagbag.py:541} INFO - Filling up the DagBag from /opt/airflow/dags/groups/group_downloads.py
[2023-10-17T00:07:53.237+0000] {processor.py:838} WARNING - No viable dags retrieved from /opt/airflow/dags/groups/group_downloads.py
[2023-10-17T00:07:53.255+0000] {processor.py:179} INFO - Processing /opt/airflow/dags/groups/group_downloads.py took 0.029 seconds
[2023-10-17T00:08:24.122+0000] {processor.py:157} INFO - Started process (PID=4117) to work on /opt/airflow/dags/groups/group_downloads.py
[2023-10-17T00:08:24.124+0000] {processor.py:826} INFO - Processing file /opt/airflow/dags/groups/group_downloads.py for tasks to queue
[2023-10-17T00:08:24.125+0000] {logging_mixin.py:150} INFO - [2023-10-17T00:08:24.125+0000] {dagbag.py:541} INFO - Filling up the DagBag from /opt/airflow/dags/groups/group_downloads.py
[2023-10-17T00:08:24.127+0000] {processor.py:838} WARNING - No viable dags retrieved from /opt/airflow/dags/groups/group_downloads.py
[2023-10-17T00:08:24.141+0000] {processor.py:179} INFO - Processing /opt/airflow/dags/groups/group_downloads.py took 0.025 seconds
[2023-10-17T00:08:55.090+0000] {processor.py:157} INFO - Started process (PID=4138) to work on /opt/airflow/dags/groups/group_downloads.py
[2023-10-17T00:08:55.091+0000] {processor.py:826} INFO - Processing file /opt/airflow/dags/groups/group_downloads.py for tasks to queue
[2023-10-17T00:08:55.092+0000] {logging_mixin.py:150} INFO - [2023-10-17T00:08:55.092+0000] {dagbag.py:541} INFO - Filling up the DagBag from /opt/airflow/dags/groups/group_downloads.py
[2023-10-17T00:08:55.095+0000] {processor.py:838} WARNING - No viable dags retrieved from /opt/airflow/dags/groups/group_downloads.py
[2023-10-17T00:08:55.117+0000] {processor.py:179} INFO - Processing /opt/airflow/dags/groups/group_downloads.py took 0.034 seconds
[2023-10-17T00:09:25.388+0000] {processor.py:157} INFO - Started process (PID=4159) to work on /opt/airflow/dags/groups/group_downloads.py
[2023-10-17T00:09:25.390+0000] {processor.py:826} INFO - Processing file /opt/airflow/dags/groups/group_downloads.py for tasks to queue
[2023-10-17T00:09:25.392+0000] {logging_mixin.py:150} INFO - [2023-10-17T00:09:25.391+0000] {dagbag.py:541} INFO - Filling up the DagBag from /opt/airflow/dags/groups/group_downloads.py
[2023-10-17T00:09:25.395+0000] {processor.py:838} WARNING - No viable dags retrieved from /opt/airflow/dags/groups/group_downloads.py
[2023-10-17T00:09:25.415+0000] {processor.py:179} INFO - Processing /opt/airflow/dags/groups/group_downloads.py took 0.030 seconds
[2023-10-17T00:09:55.619+0000] {processor.py:157} INFO - Started process (PID=4180) to work on /opt/airflow/dags/groups/group_downloads.py
[2023-10-17T00:09:55.620+0000] {processor.py:826} INFO - Processing file /opt/airflow/dags/groups/group_downloads.py for tasks to queue
[2023-10-17T00:09:55.621+0000] {logging_mixin.py:150} INFO - [2023-10-17T00:09:55.621+0000] {dagbag.py:541} INFO - Filling up the DagBag from /opt/airflow/dags/groups/group_downloads.py
[2023-10-17T00:09:55.623+0000] {processor.py:838} WARNING - No viable dags retrieved from /opt/airflow/dags/groups/group_downloads.py
[2023-10-17T00:09:55.644+0000] {processor.py:179} INFO - Processing /opt/airflow/dags/groups/group_downloads.py took 0.029 seconds
[2023-10-17T00:10:25.815+0000] {processor.py:157} INFO - Started process (PID=4202) to work on /opt/airflow/dags/groups/group_downloads.py
[2023-10-17T00:10:25.817+0000] {processor.py:826} INFO - Processing file /opt/airflow/dags/groups/group_downloads.py for tasks to queue
[2023-10-17T00:10:25.818+0000] {logging_mixin.py:150} INFO - [2023-10-17T00:10:25.818+0000] {dagbag.py:541} INFO - Filling up the DagBag from /opt/airflow/dags/groups/group_downloads.py
[2023-10-17T00:10:25.822+0000] {processor.py:838} WARNING - No viable dags retrieved from /opt/airflow/dags/groups/group_downloads.py
[2023-10-17T00:10:25.843+0000] {processor.py:179} INFO - Processing /opt/airflow/dags/groups/group_downloads.py took 0.035 seconds
[2023-10-17T00:10:56.351+0000] {processor.py:157} INFO - Started process (PID=4223) to work on /opt/airflow/dags/groups/group_downloads.py
[2023-10-17T00:10:56.355+0000] {processor.py:826} INFO - Processing file /opt/airflow/dags/groups/group_downloads.py for tasks to queue
[2023-10-17T00:10:56.365+0000] {logging_mixin.py:150} INFO - [2023-10-17T00:10:56.358+0000] {dagbag.py:541} INFO - Filling up the DagBag from /opt/airflow/dags/groups/group_downloads.py
[2023-10-17T00:10:56.372+0000] {processor.py:838} WARNING - No viable dags retrieved from /opt/airflow/dags/groups/group_downloads.py
[2023-10-17T00:10:56.424+0000] {processor.py:179} INFO - Processing /opt/airflow/dags/groups/group_downloads.py took 0.095 seconds
[2023-10-17T00:11:26.522+0000] {processor.py:157} INFO - Started process (PID=4244) to work on /opt/airflow/dags/groups/group_downloads.py
[2023-10-17T00:11:26.523+0000] {processor.py:826} INFO - Processing file /opt/airflow/dags/groups/group_downloads.py for tasks to queue
[2023-10-17T00:11:26.524+0000] {logging_mixin.py:150} INFO - [2023-10-17T00:11:26.524+0000] {dagbag.py:541} INFO - Filling up the DagBag from /opt/airflow/dags/groups/group_downloads.py
[2023-10-17T00:11:26.526+0000] {processor.py:838} WARNING - No viable dags retrieved from /opt/airflow/dags/groups/group_downloads.py
[2023-10-17T00:11:26.545+0000] {processor.py:179} INFO - Processing /opt/airflow/dags/groups/group_downloads.py took 0.028 seconds
[2023-10-17T00:11:56.625+0000] {processor.py:157} INFO - Started process (PID=4264) to work on /opt/airflow/dags/groups/group_downloads.py
[2023-10-17T00:11:56.627+0000] {processor.py:826} INFO - Processing file /opt/airflow/dags/groups/group_downloads.py for tasks to queue
[2023-10-17T00:11:56.628+0000] {logging_mixin.py:150} INFO - [2023-10-17T00:11:56.628+0000] {dagbag.py:541} INFO - Filling up the DagBag from /opt/airflow/dags/groups/group_downloads.py
[2023-10-17T00:11:56.635+0000] {processor.py:838} WARNING - No viable dags retrieved from /opt/airflow/dags/groups/group_downloads.py
[2023-10-17T00:11:56.657+0000] {processor.py:179} INFO - Processing /opt/airflow/dags/groups/group_downloads.py took 0.036 seconds
[2023-10-17T00:12:26.762+0000] {processor.py:157} INFO - Started process (PID=4284) to work on /opt/airflow/dags/groups/group_downloads.py
[2023-10-17T00:12:26.763+0000] {processor.py:826} INFO - Processing file /opt/airflow/dags/groups/group_downloads.py for tasks to queue
[2023-10-17T00:12:26.764+0000] {logging_mixin.py:150} INFO - [2023-10-17T00:12:26.764+0000] {dagbag.py:541} INFO - Filling up the DagBag from /opt/airflow/dags/groups/group_downloads.py
[2023-10-17T00:12:26.770+0000] {processor.py:838} WARNING - No viable dags retrieved from /opt/airflow/dags/groups/group_downloads.py
[2023-10-17T00:12:26.830+0000] {processor.py:179} INFO - Processing /opt/airflow/dags/groups/group_downloads.py took 0.081 seconds
[2023-10-17T00:12:56.982+0000] {processor.py:157} INFO - Started process (PID=4305) to work on /opt/airflow/dags/groups/group_downloads.py
[2023-10-17T00:12:56.984+0000] {processor.py:826} INFO - Processing file /opt/airflow/dags/groups/group_downloads.py for tasks to queue
[2023-10-17T00:12:56.986+0000] {logging_mixin.py:150} INFO - [2023-10-17T00:12:56.985+0000] {dagbag.py:541} INFO - Filling up the DagBag from /opt/airflow/dags/groups/group_downloads.py
[2023-10-17T00:12:56.990+0000] {processor.py:838} WARNING - No viable dags retrieved from /opt/airflow/dags/groups/group_downloads.py
[2023-10-17T00:12:57.015+0000] {processor.py:179} INFO - Processing /opt/airflow/dags/groups/group_downloads.py took 0.036 seconds
[2023-10-17T00:13:27.293+0000] {processor.py:157} INFO - Started process (PID=4326) to work on /opt/airflow/dags/groups/group_downloads.py
[2023-10-17T00:13:27.295+0000] {processor.py:826} INFO - Processing file /opt/airflow/dags/groups/group_downloads.py for tasks to queue
[2023-10-17T00:13:27.297+0000] {logging_mixin.py:150} INFO - [2023-10-17T00:13:27.296+0000] {dagbag.py:541} INFO - Filling up the DagBag from /opt/airflow/dags/groups/group_downloads.py
[2023-10-17T00:13:27.299+0000] {processor.py:838} WARNING - No viable dags retrieved from /opt/airflow/dags/groups/group_downloads.py
[2023-10-17T00:13:27.329+0000] {processor.py:179} INFO - Processing /opt/airflow/dags/groups/group_downloads.py took 0.043 seconds
[2023-10-17T00:13:57.517+0000] {processor.py:157} INFO - Started process (PID=4347) to work on /opt/airflow/dags/groups/group_downloads.py
[2023-10-17T00:13:57.519+0000] {processor.py:826} INFO - Processing file /opt/airflow/dags/groups/group_downloads.py for tasks to queue
[2023-10-17T00:13:57.520+0000] {logging_mixin.py:150} INFO - [2023-10-17T00:13:57.519+0000] {dagbag.py:541} INFO - Filling up the DagBag from /opt/airflow/dags/groups/group_downloads.py
[2023-10-17T00:13:57.524+0000] {processor.py:838} WARNING - No viable dags retrieved from /opt/airflow/dags/groups/group_downloads.py
[2023-10-17T00:13:57.551+0000] {processor.py:179} INFO - Processing /opt/airflow/dags/groups/group_downloads.py took 0.043 seconds
[2023-10-17T00:14:27.629+0000] {processor.py:157} INFO - Started process (PID=4368) to work on /opt/airflow/dags/groups/group_downloads.py
[2023-10-17T00:14:27.635+0000] {processor.py:826} INFO - Processing file /opt/airflow/dags/groups/group_downloads.py for tasks to queue
[2023-10-17T00:14:27.636+0000] {logging_mixin.py:150} INFO - [2023-10-17T00:14:27.636+0000] {dagbag.py:541} INFO - Filling up the DagBag from /opt/airflow/dags/groups/group_downloads.py
[2023-10-17T00:14:27.639+0000] {processor.py:838} WARNING - No viable dags retrieved from /opt/airflow/dags/groups/group_downloads.py
[2023-10-17T00:14:27.663+0000] {processor.py:179} INFO - Processing /opt/airflow/dags/groups/group_downloads.py took 0.041 seconds
[2023-10-17T00:14:57.949+0000] {processor.py:157} INFO - Started process (PID=4389) to work on /opt/airflow/dags/groups/group_downloads.py
[2023-10-17T00:14:57.950+0000] {processor.py:826} INFO - Processing file /opt/airflow/dags/groups/group_downloads.py for tasks to queue
[2023-10-17T00:14:57.951+0000] {logging_mixin.py:150} INFO - [2023-10-17T00:14:57.951+0000] {dagbag.py:541} INFO - Filling up the DagBag from /opt/airflow/dags/groups/group_downloads.py
[2023-10-17T00:14:57.953+0000] {processor.py:838} WARNING - No viable dags retrieved from /opt/airflow/dags/groups/group_downloads.py
[2023-10-17T00:14:57.974+0000] {processor.py:179} INFO - Processing /opt/airflow/dags/groups/group_downloads.py took 0.033 seconds
[2023-10-17T00:15:28.609+0000] {processor.py:157} INFO - Started process (PID=4410) to work on /opt/airflow/dags/groups/group_downloads.py
[2023-10-17T00:15:28.612+0000] {processor.py:826} INFO - Processing file /opt/airflow/dags/groups/group_downloads.py for tasks to queue
[2023-10-17T00:15:28.614+0000] {logging_mixin.py:150} INFO - [2023-10-17T00:15:28.613+0000] {dagbag.py:541} INFO - Filling up the DagBag from /opt/airflow/dags/groups/group_downloads.py
[2023-10-17T00:15:28.617+0000] {processor.py:838} WARNING - No viable dags retrieved from /opt/airflow/dags/groups/group_downloads.py
[2023-10-17T00:15:28.643+0000] {processor.py:179} INFO - Processing /opt/airflow/dags/groups/group_downloads.py took 0.043 seconds
[2023-10-17T00:15:59.194+0000] {processor.py:157} INFO - Started process (PID=4431) to work on /opt/airflow/dags/groups/group_downloads.py
[2023-10-17T00:15:59.197+0000] {processor.py:826} INFO - Processing file /opt/airflow/dags/groups/group_downloads.py for tasks to queue
[2023-10-17T00:15:59.199+0000] {logging_mixin.py:150} INFO - [2023-10-17T00:15:59.198+0000] {dagbag.py:541} INFO - Filling up the DagBag from /opt/airflow/dags/groups/group_downloads.py
[2023-10-17T00:15:59.202+0000] {processor.py:838} WARNING - No viable dags retrieved from /opt/airflow/dags/groups/group_downloads.py
[2023-10-17T00:15:59.226+0000] {processor.py:179} INFO - Processing /opt/airflow/dags/groups/group_downloads.py took 0.037 seconds
[2023-10-17T00:16:29.574+0000] {processor.py:157} INFO - Started process (PID=4452) to work on /opt/airflow/dags/groups/group_downloads.py
[2023-10-17T00:16:29.576+0000] {processor.py:826} INFO - Processing file /opt/airflow/dags/groups/group_downloads.py for tasks to queue
[2023-10-17T00:16:29.577+0000] {logging_mixin.py:150} INFO - [2023-10-17T00:16:29.576+0000] {dagbag.py:541} INFO - Filling up the DagBag from /opt/airflow/dags/groups/group_downloads.py
[2023-10-17T00:16:29.579+0000] {processor.py:838} WARNING - No viable dags retrieved from /opt/airflow/dags/groups/group_downloads.py
[2023-10-17T00:16:29.603+0000] {processor.py:179} INFO - Processing /opt/airflow/dags/groups/group_downloads.py took 0.033 seconds
[2023-10-17T00:16:59.792+0000] {processor.py:157} INFO - Started process (PID=4473) to work on /opt/airflow/dags/groups/group_downloads.py
[2023-10-17T00:16:59.793+0000] {processor.py:826} INFO - Processing file /opt/airflow/dags/groups/group_downloads.py for tasks to queue
[2023-10-17T00:16:59.794+0000] {logging_mixin.py:150} INFO - [2023-10-17T00:16:59.794+0000] {dagbag.py:541} INFO - Filling up the DagBag from /opt/airflow/dags/groups/group_downloads.py
[2023-10-17T00:16:59.796+0000] {processor.py:838} WARNING - No viable dags retrieved from /opt/airflow/dags/groups/group_downloads.py
[2023-10-17T00:16:59.822+0000] {processor.py:179} INFO - Processing /opt/airflow/dags/groups/group_downloads.py took 0.035 seconds
[2023-10-17T00:17:30.095+0000] {processor.py:157} INFO - Started process (PID=4494) to work on /opt/airflow/dags/groups/group_downloads.py
[2023-10-17T00:17:30.097+0000] {processor.py:826} INFO - Processing file /opt/airflow/dags/groups/group_downloads.py for tasks to queue
[2023-10-17T00:17:30.098+0000] {logging_mixin.py:150} INFO - [2023-10-17T00:17:30.098+0000] {dagbag.py:541} INFO - Filling up the DagBag from /opt/airflow/dags/groups/group_downloads.py
[2023-10-17T00:17:30.102+0000] {processor.py:838} WARNING - No viable dags retrieved from /opt/airflow/dags/groups/group_downloads.py
[2023-10-17T00:17:30.129+0000] {processor.py:179} INFO - Processing /opt/airflow/dags/groups/group_downloads.py took 0.042 seconds
[2023-10-17T00:18:00.301+0000] {processor.py:157} INFO - Started process (PID=4515) to work on /opt/airflow/dags/groups/group_downloads.py
[2023-10-17T00:18:00.307+0000] {processor.py:826} INFO - Processing file /opt/airflow/dags/groups/group_downloads.py for tasks to queue
[2023-10-17T00:18:00.310+0000] {logging_mixin.py:150} INFO - [2023-10-17T00:18:00.309+0000] {dagbag.py:541} INFO - Filling up the DagBag from /opt/airflow/dags/groups/group_downloads.py
[2023-10-17T00:18:00.314+0000] {processor.py:838} WARNING - No viable dags retrieved from /opt/airflow/dags/groups/group_downloads.py
[2023-10-17T00:18:00.350+0000] {processor.py:179} INFO - Processing /opt/airflow/dags/groups/group_downloads.py took 0.055 seconds
[2023-10-17T00:18:30.678+0000] {processor.py:157} INFO - Started process (PID=4536) to work on /opt/airflow/dags/groups/group_downloads.py
[2023-10-17T00:18:30.680+0000] {processor.py:826} INFO - Processing file /opt/airflow/dags/groups/group_downloads.py for tasks to queue
[2023-10-17T00:18:30.681+0000] {logging_mixin.py:150} INFO - [2023-10-17T00:18:30.681+0000] {dagbag.py:541} INFO - Filling up the DagBag from /opt/airflow/dags/groups/group_downloads.py
[2023-10-17T00:18:30.684+0000] {processor.py:838} WARNING - No viable dags retrieved from /opt/airflow/dags/groups/group_downloads.py
[2023-10-17T00:18:30.703+0000] {processor.py:179} INFO - Processing /opt/airflow/dags/groups/group_downloads.py took 0.034 seconds
[2023-10-17T00:19:00.837+0000] {processor.py:157} INFO - Started process (PID=4557) to work on /opt/airflow/dags/groups/group_downloads.py
[2023-10-17T00:19:00.845+0000] {processor.py:826} INFO - Processing file /opt/airflow/dags/groups/group_downloads.py for tasks to queue
[2023-10-17T00:19:00.846+0000] {logging_mixin.py:150} INFO - [2023-10-17T00:19:00.846+0000] {dagbag.py:541} INFO - Filling up the DagBag from /opt/airflow/dags/groups/group_downloads.py
[2023-10-17T00:19:00.849+0000] {processor.py:838} WARNING - No viable dags retrieved from /opt/airflow/dags/groups/group_downloads.py
[2023-10-17T00:19:00.871+0000] {processor.py:179} INFO - Processing /opt/airflow/dags/groups/group_downloads.py took 0.039 seconds
[2023-10-17T00:19:31.072+0000] {processor.py:157} INFO - Started process (PID=4578) to work on /opt/airflow/dags/groups/group_downloads.py
[2023-10-17T00:19:31.077+0000] {processor.py:826} INFO - Processing file /opt/airflow/dags/groups/group_downloads.py for tasks to queue
[2023-10-17T00:19:31.079+0000] {logging_mixin.py:150} INFO - [2023-10-17T00:19:31.078+0000] {dagbag.py:541} INFO - Filling up the DagBag from /opt/airflow/dags/groups/group_downloads.py
[2023-10-17T00:19:31.082+0000] {processor.py:838} WARNING - No viable dags retrieved from /opt/airflow/dags/groups/group_downloads.py
[2023-10-17T00:19:31.102+0000] {processor.py:179} INFO - Processing /opt/airflow/dags/groups/group_downloads.py took 0.036 seconds
[2023-10-17T00:20:01.241+0000] {processor.py:157} INFO - Started process (PID=4599) to work on /opt/airflow/dags/groups/group_downloads.py
[2023-10-17T00:20:01.243+0000] {processor.py:826} INFO - Processing file /opt/airflow/dags/groups/group_downloads.py for tasks to queue
[2023-10-17T00:20:01.245+0000] {logging_mixin.py:150} INFO - [2023-10-17T00:20:01.245+0000] {dagbag.py:541} INFO - Filling up the DagBag from /opt/airflow/dags/groups/group_downloads.py
[2023-10-17T00:20:01.249+0000] {processor.py:838} WARNING - No viable dags retrieved from /opt/airflow/dags/groups/group_downloads.py
[2023-10-17T00:20:01.268+0000] {processor.py:179} INFO - Processing /opt/airflow/dags/groups/group_downloads.py took 0.031 seconds
[2023-10-17T00:20:31.409+0000] {processor.py:157} INFO - Started process (PID=4619) to work on /opt/airflow/dags/groups/group_downloads.py
[2023-10-17T00:20:31.411+0000] {processor.py:826} INFO - Processing file /opt/airflow/dags/groups/group_downloads.py for tasks to queue
[2023-10-17T00:20:31.415+0000] {logging_mixin.py:150} INFO - [2023-10-17T00:20:31.414+0000] {dagbag.py:541} INFO - Filling up the DagBag from /opt/airflow/dags/groups/group_downloads.py
[2023-10-17T00:20:31.419+0000] {processor.py:838} WARNING - No viable dags retrieved from /opt/airflow/dags/groups/group_downloads.py
[2023-10-17T00:20:31.440+0000] {processor.py:179} INFO - Processing /opt/airflow/dags/groups/group_downloads.py took 0.035 seconds
[2023-10-17T00:21:01.473+0000] {processor.py:157} INFO - Started process (PID=4638) to work on /opt/airflow/dags/groups/group_downloads.py
[2023-10-17T00:21:01.477+0000] {processor.py:826} INFO - Processing file /opt/airflow/dags/groups/group_downloads.py for tasks to queue
[2023-10-17T00:21:01.478+0000] {logging_mixin.py:150} INFO - [2023-10-17T00:21:01.478+0000] {dagbag.py:541} INFO - Filling up the DagBag from /opt/airflow/dags/groups/group_downloads.py
[2023-10-17T00:21:01.483+0000] {processor.py:838} WARNING - No viable dags retrieved from /opt/airflow/dags/groups/group_downloads.py
[2023-10-17T00:21:01.509+0000] {processor.py:179} INFO - Processing /opt/airflow/dags/groups/group_downloads.py took 0.040 seconds
[2023-10-17T00:21:31.808+0000] {processor.py:157} INFO - Started process (PID=4659) to work on /opt/airflow/dags/groups/group_downloads.py
[2023-10-17T00:21:31.809+0000] {processor.py:826} INFO - Processing file /opt/airflow/dags/groups/group_downloads.py for tasks to queue
[2023-10-17T00:21:31.810+0000] {logging_mixin.py:150} INFO - [2023-10-17T00:21:31.810+0000] {dagbag.py:541} INFO - Filling up the DagBag from /opt/airflow/dags/groups/group_downloads.py
[2023-10-17T00:21:31.812+0000] {processor.py:838} WARNING - No viable dags retrieved from /opt/airflow/dags/groups/group_downloads.py
[2023-10-17T00:21:31.843+0000] {processor.py:179} INFO - Processing /opt/airflow/dags/groups/group_downloads.py took 0.040 seconds
[2023-10-17T00:22:02.138+0000] {processor.py:157} INFO - Started process (PID=4680) to work on /opt/airflow/dags/groups/group_downloads.py
[2023-10-17T00:22:02.140+0000] {processor.py:826} INFO - Processing file /opt/airflow/dags/groups/group_downloads.py for tasks to queue
[2023-10-17T00:22:02.142+0000] {logging_mixin.py:150} INFO - [2023-10-17T00:22:02.141+0000] {dagbag.py:541} INFO - Filling up the DagBag from /opt/airflow/dags/groups/group_downloads.py
[2023-10-17T00:22:02.145+0000] {processor.py:838} WARNING - No viable dags retrieved from /opt/airflow/dags/groups/group_downloads.py
[2023-10-17T00:22:02.173+0000] {processor.py:179} INFO - Processing /opt/airflow/dags/groups/group_downloads.py took 0.043 seconds
[2023-10-17T00:22:32.263+0000] {processor.py:157} INFO - Started process (PID=4701) to work on /opt/airflow/dags/groups/group_downloads.py
[2023-10-17T00:22:32.268+0000] {processor.py:826} INFO - Processing file /opt/airflow/dags/groups/group_downloads.py for tasks to queue
[2023-10-17T00:22:32.269+0000] {logging_mixin.py:150} INFO - [2023-10-17T00:22:32.269+0000] {dagbag.py:541} INFO - Filling up the DagBag from /opt/airflow/dags/groups/group_downloads.py
[2023-10-17T00:22:32.273+0000] {processor.py:838} WARNING - No viable dags retrieved from /opt/airflow/dags/groups/group_downloads.py
[2023-10-17T00:22:32.291+0000] {processor.py:179} INFO - Processing /opt/airflow/dags/groups/group_downloads.py took 0.031 seconds
[2023-10-17T00:23:02.484+0000] {processor.py:157} INFO - Started process (PID=4722) to work on /opt/airflow/dags/groups/group_downloads.py
[2023-10-17T00:23:02.486+0000] {processor.py:826} INFO - Processing file /opt/airflow/dags/groups/group_downloads.py for tasks to queue
[2023-10-17T00:23:02.488+0000] {logging_mixin.py:150} INFO - [2023-10-17T00:23:02.487+0000] {dagbag.py:541} INFO - Filling up the DagBag from /opt/airflow/dags/groups/group_downloads.py
[2023-10-17T00:23:02.493+0000] {processor.py:838} WARNING - No viable dags retrieved from /opt/airflow/dags/groups/group_downloads.py
[2023-10-17T00:23:02.512+0000] {processor.py:179} INFO - Processing /opt/airflow/dags/groups/group_downloads.py took 0.031 seconds
[2023-10-17T00:23:32.615+0000] {processor.py:157} INFO - Started process (PID=4743) to work on /opt/airflow/dags/groups/group_downloads.py
[2023-10-17T00:23:32.617+0000] {processor.py:826} INFO - Processing file /opt/airflow/dags/groups/group_downloads.py for tasks to queue
[2023-10-17T00:23:32.618+0000] {logging_mixin.py:150} INFO - [2023-10-17T00:23:32.618+0000] {dagbag.py:541} INFO - Filling up the DagBag from /opt/airflow/dags/groups/group_downloads.py
[2023-10-17T00:23:32.623+0000] {processor.py:838} WARNING - No viable dags retrieved from /opt/airflow/dags/groups/group_downloads.py
[2023-10-17T00:23:32.647+0000] {processor.py:179} INFO - Processing /opt/airflow/dags/groups/group_downloads.py took 0.036 seconds
[2023-10-17T00:24:02.943+0000] {processor.py:157} INFO - Started process (PID=4764) to work on /opt/airflow/dags/groups/group_downloads.py
[2023-10-17T00:24:02.944+0000] {processor.py:826} INFO - Processing file /opt/airflow/dags/groups/group_downloads.py for tasks to queue
[2023-10-17T00:24:02.945+0000] {logging_mixin.py:150} INFO - [2023-10-17T00:24:02.945+0000] {dagbag.py:541} INFO - Filling up the DagBag from /opt/airflow/dags/groups/group_downloads.py
[2023-10-17T00:24:02.949+0000] {processor.py:838} WARNING - No viable dags retrieved from /opt/airflow/dags/groups/group_downloads.py
[2023-10-17T00:24:02.971+0000] {processor.py:179} INFO - Processing /opt/airflow/dags/groups/group_downloads.py took 0.034 seconds
[2023-10-17T00:24:36.171+0000] {processor.py:157} INFO - Started process (PID=4785) to work on /opt/airflow/dags/groups/group_downloads.py
[2023-10-17T00:24:36.173+0000] {processor.py:826} INFO - Processing file /opt/airflow/dags/groups/group_downloads.py for tasks to queue
[2023-10-17T00:24:36.174+0000] {logging_mixin.py:150} INFO - [2023-10-17T00:24:36.173+0000] {dagbag.py:541} INFO - Filling up the DagBag from /opt/airflow/dags/groups/group_downloads.py
[2023-10-17T00:24:36.180+0000] {processor.py:838} WARNING - No viable dags retrieved from /opt/airflow/dags/groups/group_downloads.py
[2023-10-17T00:24:36.211+0000] {processor.py:179} INFO - Processing /opt/airflow/dags/groups/group_downloads.py took 0.045 seconds
