[2023-10-17T00:00:15.445+0000] {processor.py:157} INFO - Started process (PID=3763) to work on /opt/airflow/dags/groups/group_transforms.py
[2023-10-17T00:00:15.448+0000] {processor.py:826} INFO - Processing file /opt/airflow/dags/groups/group_transforms.py for tasks to queue
[2023-10-17T00:00:15.455+0000] {logging_mixin.py:150} INFO - [2023-10-17T00:00:15.455+0000] {dagbag.py:541} INFO - Filling up the DagBag from /opt/airflow/dags/groups/group_transforms.py
[2023-10-17T00:00:15.463+0000] {processor.py:838} WARNING - No viable dags retrieved from /opt/airflow/dags/groups/group_transforms.py
[2023-10-17T00:00:15.502+0000] {processor.py:179} INFO - Processing /opt/airflow/dags/groups/group_transforms.py took 0.078 seconds
[2023-10-17T00:00:46.355+0000] {processor.py:157} INFO - Started process (PID=3799) to work on /opt/airflow/dags/groups/group_transforms.py
[2023-10-17T00:00:46.357+0000] {processor.py:826} INFO - Processing file /opt/airflow/dags/groups/group_transforms.py for tasks to queue
[2023-10-17T00:00:46.359+0000] {logging_mixin.py:150} INFO - [2023-10-17T00:00:46.358+0000] {dagbag.py:541} INFO - Filling up the DagBag from /opt/airflow/dags/groups/group_transforms.py
[2023-10-17T00:00:46.364+0000] {processor.py:838} WARNING - No viable dags retrieved from /opt/airflow/dags/groups/group_transforms.py
[2023-10-17T00:00:46.385+0000] {processor.py:179} INFO - Processing /opt/airflow/dags/groups/group_transforms.py took 0.034 seconds
[2023-10-17T00:01:16.561+0000] {processor.py:157} INFO - Started process (PID=3820) to work on /opt/airflow/dags/groups/group_transforms.py
[2023-10-17T00:01:16.566+0000] {processor.py:826} INFO - Processing file /opt/airflow/dags/groups/group_transforms.py for tasks to queue
[2023-10-17T00:01:16.568+0000] {logging_mixin.py:150} INFO - [2023-10-17T00:01:16.567+0000] {dagbag.py:541} INFO - Filling up the DagBag from /opt/airflow/dags/groups/group_transforms.py
[2023-10-17T00:01:16.570+0000] {processor.py:838} WARNING - No viable dags retrieved from /opt/airflow/dags/groups/group_transforms.py
[2023-10-17T00:01:16.594+0000] {processor.py:179} INFO - Processing /opt/airflow/dags/groups/group_transforms.py took 0.037 seconds
[2023-10-17T00:01:46.790+0000] {processor.py:157} INFO - Started process (PID=3846) to work on /opt/airflow/dags/groups/group_transforms.py
[2023-10-17T00:01:46.791+0000] {processor.py:826} INFO - Processing file /opt/airflow/dags/groups/group_transforms.py for tasks to queue
[2023-10-17T00:01:46.791+0000] {logging_mixin.py:150} INFO - [2023-10-17T00:01:46.791+0000] {dagbag.py:541} INFO - Filling up the DagBag from /opt/airflow/dags/groups/group_transforms.py
[2023-10-17T00:01:46.794+0000] {processor.py:838} WARNING - No viable dags retrieved from /opt/airflow/dags/groups/group_transforms.py
[2023-10-17T00:01:46.811+0000] {processor.py:179} INFO - Processing /opt/airflow/dags/groups/group_transforms.py took 0.026 seconds
[2023-10-17T00:02:17.128+0000] {processor.py:157} INFO - Started process (PID=3867) to work on /opt/airflow/dags/groups/group_transforms.py
[2023-10-17T00:02:17.130+0000] {processor.py:826} INFO - Processing file /opt/airflow/dags/groups/group_transforms.py for tasks to queue
[2023-10-17T00:02:17.131+0000] {logging_mixin.py:150} INFO - [2023-10-17T00:02:17.130+0000] {dagbag.py:541} INFO - Filling up the DagBag from /opt/airflow/dags/groups/group_transforms.py
[2023-10-17T00:02:17.136+0000] {processor.py:838} WARNING - No viable dags retrieved from /opt/airflow/dags/groups/group_transforms.py
[2023-10-17T00:02:17.157+0000] {processor.py:179} INFO - Processing /opt/airflow/dags/groups/group_transforms.py took 0.033 seconds
[2023-10-17T00:02:47.904+0000] {processor.py:157} INFO - Started process (PID=3888) to work on /opt/airflow/dags/groups/group_transforms.py
[2023-10-17T00:02:47.913+0000] {processor.py:826} INFO - Processing file /opt/airflow/dags/groups/group_transforms.py for tasks to queue
[2023-10-17T00:02:47.917+0000] {logging_mixin.py:150} INFO - [2023-10-17T00:02:47.916+0000] {dagbag.py:541} INFO - Filling up the DagBag from /opt/airflow/dags/groups/group_transforms.py
[2023-10-17T00:02:47.932+0000] {processor.py:838} WARNING - No viable dags retrieved from /opt/airflow/dags/groups/group_transforms.py
[2023-10-17T00:02:48.014+0000] {processor.py:179} INFO - Processing /opt/airflow/dags/groups/group_transforms.py took 0.127 seconds
[2023-10-17T00:03:18.375+0000] {processor.py:157} INFO - Started process (PID=3908) to work on /opt/airflow/dags/groups/group_transforms.py
[2023-10-17T00:03:18.377+0000] {processor.py:826} INFO - Processing file /opt/airflow/dags/groups/group_transforms.py for tasks to queue
[2023-10-17T00:03:18.378+0000] {logging_mixin.py:150} INFO - [2023-10-17T00:03:18.377+0000] {dagbag.py:541} INFO - Filling up the DagBag from /opt/airflow/dags/groups/group_transforms.py
[2023-10-17T00:03:18.380+0000] {processor.py:838} WARNING - No viable dags retrieved from /opt/airflow/dags/groups/group_transforms.py
[2023-10-17T00:03:18.406+0000] {processor.py:179} INFO - Processing /opt/airflow/dags/groups/group_transforms.py took 0.036 seconds
[2023-10-17T00:03:49.598+0000] {processor.py:157} INFO - Started process (PID=3930) to work on /opt/airflow/dags/groups/group_transforms.py
[2023-10-17T00:03:49.600+0000] {processor.py:826} INFO - Processing file /opt/airflow/dags/groups/group_transforms.py for tasks to queue
[2023-10-17T00:03:49.601+0000] {logging_mixin.py:150} INFO - [2023-10-17T00:03:49.600+0000] {dagbag.py:541} INFO - Filling up the DagBag from /opt/airflow/dags/groups/group_transforms.py
[2023-10-17T00:03:49.603+0000] {processor.py:838} WARNING - No viable dags retrieved from /opt/airflow/dags/groups/group_transforms.py
[2023-10-17T00:03:49.625+0000] {processor.py:179} INFO - Processing /opt/airflow/dags/groups/group_transforms.py took 0.031 seconds
[2023-10-17T00:04:19.899+0000] {processor.py:157} INFO - Started process (PID=3951) to work on /opt/airflow/dags/groups/group_transforms.py
[2023-10-17T00:04:19.900+0000] {processor.py:826} INFO - Processing file /opt/airflow/dags/groups/group_transforms.py for tasks to queue
[2023-10-17T00:04:19.901+0000] {logging_mixin.py:150} INFO - [2023-10-17T00:04:19.901+0000] {dagbag.py:541} INFO - Filling up the DagBag from /opt/airflow/dags/groups/group_transforms.py
[2023-10-17T00:04:19.904+0000] {processor.py:838} WARNING - No viable dags retrieved from /opt/airflow/dags/groups/group_transforms.py
[2023-10-17T00:04:19.936+0000] {processor.py:179} INFO - Processing /opt/airflow/dags/groups/group_transforms.py took 0.045 seconds
[2023-10-17T00:04:50.273+0000] {processor.py:157} INFO - Started process (PID=3972) to work on /opt/airflow/dags/groups/group_transforms.py
[2023-10-17T00:04:50.277+0000] {processor.py:826} INFO - Processing file /opt/airflow/dags/groups/group_transforms.py for tasks to queue
[2023-10-17T00:04:50.278+0000] {logging_mixin.py:150} INFO - [2023-10-17T00:04:50.278+0000] {dagbag.py:541} INFO - Filling up the DagBag from /opt/airflow/dags/groups/group_transforms.py
[2023-10-17T00:04:50.281+0000] {processor.py:838} WARNING - No viable dags retrieved from /opt/airflow/dags/groups/group_transforms.py
[2023-10-17T00:04:50.300+0000] {processor.py:179} INFO - Processing /opt/airflow/dags/groups/group_transforms.py took 0.030 seconds
[2023-10-17T00:05:20.515+0000] {processor.py:157} INFO - Started process (PID=3992) to work on /opt/airflow/dags/groups/group_transforms.py
[2023-10-17T00:05:20.516+0000] {processor.py:826} INFO - Processing file /opt/airflow/dags/groups/group_transforms.py for tasks to queue
[2023-10-17T00:05:20.517+0000] {logging_mixin.py:150} INFO - [2023-10-17T00:05:20.517+0000] {dagbag.py:541} INFO - Filling up the DagBag from /opt/airflow/dags/groups/group_transforms.py
[2023-10-17T00:05:20.519+0000] {processor.py:838} WARNING - No viable dags retrieved from /opt/airflow/dags/groups/group_transforms.py
[2023-10-17T00:05:20.548+0000] {processor.py:179} INFO - Processing /opt/airflow/dags/groups/group_transforms.py took 0.040 seconds
[2023-10-17T00:05:50.817+0000] {processor.py:157} INFO - Started process (PID=4014) to work on /opt/airflow/dags/groups/group_transforms.py
[2023-10-17T00:05:50.821+0000] {processor.py:826} INFO - Processing file /opt/airflow/dags/groups/group_transforms.py for tasks to queue
[2023-10-17T00:05:50.823+0000] {logging_mixin.py:150} INFO - [2023-10-17T00:05:50.822+0000] {dagbag.py:541} INFO - Filling up the DagBag from /opt/airflow/dags/groups/group_transforms.py
[2023-10-17T00:05:50.826+0000] {processor.py:838} WARNING - No viable dags retrieved from /opt/airflow/dags/groups/group_transforms.py
[2023-10-17T00:05:50.857+0000] {processor.py:179} INFO - Processing /opt/airflow/dags/groups/group_transforms.py took 0.051 seconds
[2023-10-17T00:06:21.486+0000] {processor.py:157} INFO - Started process (PID=4036) to work on /opt/airflow/dags/groups/group_transforms.py
[2023-10-17T00:06:21.492+0000] {processor.py:826} INFO - Processing file /opt/airflow/dags/groups/group_transforms.py for tasks to queue
[2023-10-17T00:06:21.501+0000] {logging_mixin.py:150} INFO - [2023-10-17T00:06:21.500+0000] {dagbag.py:541} INFO - Filling up the DagBag from /opt/airflow/dags/groups/group_transforms.py
[2023-10-17T00:06:21.518+0000] {processor.py:838} WARNING - No viable dags retrieved from /opt/airflow/dags/groups/group_transforms.py
[2023-10-17T00:06:21.585+0000] {processor.py:179} INFO - Processing /opt/airflow/dags/groups/group_transforms.py took 0.114 seconds
[2023-10-17T00:06:53.030+0000] {processor.py:157} INFO - Started process (PID=4056) to work on /opt/airflow/dags/groups/group_transforms.py
[2023-10-17T00:06:53.032+0000] {processor.py:826} INFO - Processing file /opt/airflow/dags/groups/group_transforms.py for tasks to queue
[2023-10-17T00:06:53.045+0000] {logging_mixin.py:150} INFO - [2023-10-17T00:06:53.034+0000] {dagbag.py:541} INFO - Filling up the DagBag from /opt/airflow/dags/groups/group_transforms.py
[2023-10-17T00:06:53.062+0000] {processor.py:838} WARNING - No viable dags retrieved from /opt/airflow/dags/groups/group_transforms.py
[2023-10-17T00:06:53.136+0000] {processor.py:179} INFO - Processing /opt/airflow/dags/groups/group_transforms.py took 0.141 seconds
[2023-10-17T00:07:23.773+0000] {processor.py:157} INFO - Started process (PID=4078) to work on /opt/airflow/dags/groups/group_transforms.py
[2023-10-17T00:07:23.776+0000] {processor.py:826} INFO - Processing file /opt/airflow/dags/groups/group_transforms.py for tasks to queue
[2023-10-17T00:07:23.777+0000] {logging_mixin.py:150} INFO - [2023-10-17T00:07:23.777+0000] {dagbag.py:541} INFO - Filling up the DagBag from /opt/airflow/dags/groups/group_transforms.py
[2023-10-17T00:07:23.782+0000] {processor.py:838} WARNING - No viable dags retrieved from /opt/airflow/dags/groups/group_transforms.py
[2023-10-17T00:07:23.838+0000] {processor.py:179} INFO - Processing /opt/airflow/dags/groups/group_transforms.py took 0.087 seconds
[2023-10-17T00:07:54.266+0000] {processor.py:157} INFO - Started process (PID=4098) to work on /opt/airflow/dags/groups/group_transforms.py
[2023-10-17T00:07:54.267+0000] {processor.py:826} INFO - Processing file /opt/airflow/dags/groups/group_transforms.py for tasks to queue
[2023-10-17T00:07:54.269+0000] {logging_mixin.py:150} INFO - [2023-10-17T00:07:54.268+0000] {dagbag.py:541} INFO - Filling up the DagBag from /opt/airflow/dags/groups/group_transforms.py
[2023-10-17T00:07:54.271+0000] {processor.py:838} WARNING - No viable dags retrieved from /opt/airflow/dags/groups/group_transforms.py
[2023-10-17T00:07:54.291+0000] {processor.py:179} INFO - Processing /opt/airflow/dags/groups/group_transforms.py took 0.030 seconds
[2023-10-17T00:08:25.155+0000] {processor.py:157} INFO - Started process (PID=4119) to work on /opt/airflow/dags/groups/group_transforms.py
[2023-10-17T00:08:25.157+0000] {processor.py:826} INFO - Processing file /opt/airflow/dags/groups/group_transforms.py for tasks to queue
[2023-10-17T00:08:25.158+0000] {logging_mixin.py:150} INFO - [2023-10-17T00:08:25.157+0000] {dagbag.py:541} INFO - Filling up the DagBag from /opt/airflow/dags/groups/group_transforms.py
[2023-10-17T00:08:25.160+0000] {processor.py:838} WARNING - No viable dags retrieved from /opt/airflow/dags/groups/group_transforms.py
[2023-10-17T00:08:25.178+0000] {processor.py:179} INFO - Processing /opt/airflow/dags/groups/group_transforms.py took 0.026 seconds
[2023-10-17T00:08:56.114+0000] {processor.py:157} INFO - Started process (PID=4140) to work on /opt/airflow/dags/groups/group_transforms.py
[2023-10-17T00:08:56.116+0000] {processor.py:826} INFO - Processing file /opt/airflow/dags/groups/group_transforms.py for tasks to queue
[2023-10-17T00:08:56.117+0000] {logging_mixin.py:150} INFO - [2023-10-17T00:08:56.116+0000] {dagbag.py:541} INFO - Filling up the DagBag from /opt/airflow/dags/groups/group_transforms.py
[2023-10-17T00:08:56.119+0000] {processor.py:838} WARNING - No viable dags retrieved from /opt/airflow/dags/groups/group_transforms.py
[2023-10-17T00:08:56.145+0000] {processor.py:179} INFO - Processing /opt/airflow/dags/groups/group_transforms.py took 0.038 seconds
[2023-10-17T00:09:26.422+0000] {processor.py:157} INFO - Started process (PID=4161) to work on /opt/airflow/dags/groups/group_transforms.py
[2023-10-17T00:09:26.424+0000] {processor.py:826} INFO - Processing file /opt/airflow/dags/groups/group_transforms.py for tasks to queue
[2023-10-17T00:09:26.426+0000] {logging_mixin.py:150} INFO - [2023-10-17T00:09:26.425+0000] {dagbag.py:541} INFO - Filling up the DagBag from /opt/airflow/dags/groups/group_transforms.py
[2023-10-17T00:09:26.430+0000] {processor.py:838} WARNING - No viable dags retrieved from /opt/airflow/dags/groups/group_transforms.py
[2023-10-17T00:09:26.455+0000] {processor.py:179} INFO - Processing /opt/airflow/dags/groups/group_transforms.py took 0.037 seconds
[2023-10-17T00:09:56.734+0000] {processor.py:157} INFO - Started process (PID=4182) to work on /opt/airflow/dags/groups/group_transforms.py
[2023-10-17T00:09:56.737+0000] {processor.py:826} INFO - Processing file /opt/airflow/dags/groups/group_transforms.py for tasks to queue
[2023-10-17T00:09:56.739+0000] {logging_mixin.py:150} INFO - [2023-10-17T00:09:56.738+0000] {dagbag.py:541} INFO - Filling up the DagBag from /opt/airflow/dags/groups/group_transforms.py
[2023-10-17T00:09:56.747+0000] {processor.py:838} WARNING - No viable dags retrieved from /opt/airflow/dags/groups/group_transforms.py
[2023-10-17T00:09:56.781+0000] {processor.py:179} INFO - Processing /opt/airflow/dags/groups/group_transforms.py took 0.060 seconds
[2023-10-17T00:10:26.840+0000] {processor.py:157} INFO - Started process (PID=4203) to work on /opt/airflow/dags/groups/group_transforms.py
[2023-10-17T00:10:26.841+0000] {processor.py:826} INFO - Processing file /opt/airflow/dags/groups/group_transforms.py for tasks to queue
[2023-10-17T00:10:26.843+0000] {logging_mixin.py:150} INFO - [2023-10-17T00:10:26.842+0000] {dagbag.py:541} INFO - Filling up the DagBag from /opt/airflow/dags/groups/group_transforms.py
[2023-10-17T00:10:26.849+0000] {processor.py:838} WARNING - No viable dags retrieved from /opt/airflow/dags/groups/group_transforms.py
[2023-10-17T00:10:26.872+0000] {processor.py:179} INFO - Processing /opt/airflow/dags/groups/group_transforms.py took 0.037 seconds
[2023-10-17T00:10:57.371+0000] {processor.py:157} INFO - Started process (PID=4225) to work on /opt/airflow/dags/groups/group_transforms.py
[2023-10-17T00:10:57.372+0000] {processor.py:826} INFO - Processing file /opt/airflow/dags/groups/group_transforms.py for tasks to queue
[2023-10-17T00:10:57.373+0000] {logging_mixin.py:150} INFO - [2023-10-17T00:10:57.373+0000] {dagbag.py:541} INFO - Filling up the DagBag from /opt/airflow/dags/groups/group_transforms.py
[2023-10-17T00:10:57.376+0000] {processor.py:838} WARNING - No viable dags retrieved from /opt/airflow/dags/groups/group_transforms.py
[2023-10-17T00:10:57.409+0000] {processor.py:179} INFO - Processing /opt/airflow/dags/groups/group_transforms.py took 0.046 seconds
[2023-10-17T00:11:27.591+0000] {processor.py:157} INFO - Started process (PID=4245) to work on /opt/airflow/dags/groups/group_transforms.py
[2023-10-17T00:11:27.593+0000] {processor.py:826} INFO - Processing file /opt/airflow/dags/groups/group_transforms.py for tasks to queue
[2023-10-17T00:11:27.594+0000] {logging_mixin.py:150} INFO - [2023-10-17T00:11:27.594+0000] {dagbag.py:541} INFO - Filling up the DagBag from /opt/airflow/dags/groups/group_transforms.py
[2023-10-17T00:11:27.600+0000] {processor.py:838} WARNING - No viable dags retrieved from /opt/airflow/dags/groups/group_transforms.py
[2023-10-17T00:11:27.625+0000] {processor.py:179} INFO - Processing /opt/airflow/dags/groups/group_transforms.py took 0.041 seconds
[2023-10-17T00:11:57.774+0000] {processor.py:157} INFO - Started process (PID=4266) to work on /opt/airflow/dags/groups/group_transforms.py
[2023-10-17T00:11:57.776+0000] {processor.py:826} INFO - Processing file /opt/airflow/dags/groups/group_transforms.py for tasks to queue
[2023-10-17T00:11:57.777+0000] {logging_mixin.py:150} INFO - [2023-10-17T00:11:57.776+0000] {dagbag.py:541} INFO - Filling up the DagBag from /opt/airflow/dags/groups/group_transforms.py
[2023-10-17T00:11:57.779+0000] {processor.py:838} WARNING - No viable dags retrieved from /opt/airflow/dags/groups/group_transforms.py
[2023-10-17T00:11:57.804+0000] {processor.py:179} INFO - Processing /opt/airflow/dags/groups/group_transforms.py took 0.037 seconds
[2023-10-17T00:12:28.131+0000] {processor.py:157} INFO - Started process (PID=4288) to work on /opt/airflow/dags/groups/group_transforms.py
[2023-10-17T00:12:28.132+0000] {processor.py:826} INFO - Processing file /opt/airflow/dags/groups/group_transforms.py for tasks to queue
[2023-10-17T00:12:28.134+0000] {logging_mixin.py:150} INFO - [2023-10-17T00:12:28.133+0000] {dagbag.py:541} INFO - Filling up the DagBag from /opt/airflow/dags/groups/group_transforms.py
[2023-10-17T00:12:28.140+0000] {processor.py:838} WARNING - No viable dags retrieved from /opt/airflow/dags/groups/group_transforms.py
[2023-10-17T00:12:28.164+0000] {processor.py:179} INFO - Processing /opt/airflow/dags/groups/group_transforms.py took 0.038 seconds
[2023-10-17T00:12:59.168+0000] {processor.py:157} INFO - Started process (PID=4309) to work on /opt/airflow/dags/groups/group_transforms.py
[2023-10-17T00:12:59.172+0000] {processor.py:826} INFO - Processing file /opt/airflow/dags/groups/group_transforms.py for tasks to queue
[2023-10-17T00:12:59.176+0000] {logging_mixin.py:150} INFO - [2023-10-17T00:12:59.175+0000] {dagbag.py:541} INFO - Filling up the DagBag from /opt/airflow/dags/groups/group_transforms.py
[2023-10-17T00:12:59.181+0000] {processor.py:838} WARNING - No viable dags retrieved from /opt/airflow/dags/groups/group_transforms.py
[2023-10-17T00:12:59.209+0000] {processor.py:179} INFO - Processing /opt/airflow/dags/groups/group_transforms.py took 0.046 seconds
[2023-10-17T00:13:29.389+0000] {processor.py:157} INFO - Started process (PID=4330) to work on /opt/airflow/dags/groups/group_transforms.py
[2023-10-17T00:13:29.391+0000] {processor.py:826} INFO - Processing file /opt/airflow/dags/groups/group_transforms.py for tasks to queue
[2023-10-17T00:13:29.392+0000] {logging_mixin.py:150} INFO - [2023-10-17T00:13:29.392+0000] {dagbag.py:541} INFO - Filling up the DagBag from /opt/airflow/dags/groups/group_transforms.py
[2023-10-17T00:13:29.395+0000] {processor.py:838} WARNING - No viable dags retrieved from /opt/airflow/dags/groups/group_transforms.py
[2023-10-17T00:13:29.419+0000] {processor.py:179} INFO - Processing /opt/airflow/dags/groups/group_transforms.py took 0.037 seconds
[2023-10-17T00:13:59.698+0000] {processor.py:157} INFO - Started process (PID=4350) to work on /opt/airflow/dags/groups/group_transforms.py
[2023-10-17T00:13:59.699+0000] {processor.py:826} INFO - Processing file /opt/airflow/dags/groups/group_transforms.py for tasks to queue
[2023-10-17T00:13:59.700+0000] {logging_mixin.py:150} INFO - [2023-10-17T00:13:59.699+0000] {dagbag.py:541} INFO - Filling up the DagBag from /opt/airflow/dags/groups/group_transforms.py
[2023-10-17T00:13:59.702+0000] {processor.py:838} WARNING - No viable dags retrieved from /opt/airflow/dags/groups/group_transforms.py
[2023-10-17T00:13:59.722+0000] {processor.py:179} INFO - Processing /opt/airflow/dags/groups/group_transforms.py took 0.029 seconds
[2023-10-17T00:14:29.868+0000] {processor.py:157} INFO - Started process (PID=4371) to work on /opt/airflow/dags/groups/group_transforms.py
[2023-10-17T00:14:29.869+0000] {processor.py:826} INFO - Processing file /opt/airflow/dags/groups/group_transforms.py for tasks to queue
[2023-10-17T00:14:29.870+0000] {logging_mixin.py:150} INFO - [2023-10-17T00:14:29.870+0000] {dagbag.py:541} INFO - Filling up the DagBag from /opt/airflow/dags/groups/group_transforms.py
[2023-10-17T00:14:29.873+0000] {processor.py:838} WARNING - No viable dags retrieved from /opt/airflow/dags/groups/group_transforms.py
[2023-10-17T00:14:29.899+0000] {processor.py:179} INFO - Processing /opt/airflow/dags/groups/group_transforms.py took 0.035 seconds
[2023-10-17T00:14:59.990+0000] {processor.py:157} INFO - Started process (PID=4391) to work on /opt/airflow/dags/groups/group_transforms.py
[2023-10-17T00:14:59.992+0000] {processor.py:826} INFO - Processing file /opt/airflow/dags/groups/group_transforms.py for tasks to queue
[2023-10-17T00:14:59.996+0000] {logging_mixin.py:150} INFO - [2023-10-17T00:14:59.995+0000] {dagbag.py:541} INFO - Filling up the DagBag from /opt/airflow/dags/groups/group_transforms.py
[2023-10-17T00:15:00.001+0000] {processor.py:838} WARNING - No viable dags retrieved from /opt/airflow/dags/groups/group_transforms.py
[2023-10-17T00:15:00.037+0000] {processor.py:179} INFO - Processing /opt/airflow/dags/groups/group_transforms.py took 0.051 seconds
[2023-10-17T00:15:31.018+0000] {processor.py:157} INFO - Started process (PID=4414) to work on /opt/airflow/dags/groups/group_transforms.py
[2023-10-17T00:15:31.021+0000] {processor.py:826} INFO - Processing file /opt/airflow/dags/groups/group_transforms.py for tasks to queue
[2023-10-17T00:15:31.022+0000] {logging_mixin.py:150} INFO - [2023-10-17T00:15:31.021+0000] {dagbag.py:541} INFO - Filling up the DagBag from /opt/airflow/dags/groups/group_transforms.py
[2023-10-17T00:15:31.025+0000] {processor.py:838} WARNING - No viable dags retrieved from /opt/airflow/dags/groups/group_transforms.py
[2023-10-17T00:15:31.056+0000] {processor.py:179} INFO - Processing /opt/airflow/dags/groups/group_transforms.py took 0.049 seconds
[2023-10-17T00:16:01.375+0000] {processor.py:157} INFO - Started process (PID=4434) to work on /opt/airflow/dags/groups/group_transforms.py
[2023-10-17T00:16:01.376+0000] {processor.py:826} INFO - Processing file /opt/airflow/dags/groups/group_transforms.py for tasks to queue
[2023-10-17T00:16:01.377+0000] {logging_mixin.py:150} INFO - [2023-10-17T00:16:01.377+0000] {dagbag.py:541} INFO - Filling up the DagBag from /opt/airflow/dags/groups/group_transforms.py
[2023-10-17T00:16:01.383+0000] {processor.py:838} WARNING - No viable dags retrieved from /opt/airflow/dags/groups/group_transforms.py
[2023-10-17T00:16:01.406+0000] {processor.py:179} INFO - Processing /opt/airflow/dags/groups/group_transforms.py took 0.034 seconds
[2023-10-17T00:16:31.777+0000] {processor.py:157} INFO - Started process (PID=4456) to work on /opt/airflow/dags/groups/group_transforms.py
[2023-10-17T00:16:31.778+0000] {processor.py:826} INFO - Processing file /opt/airflow/dags/groups/group_transforms.py for tasks to queue
[2023-10-17T00:16:31.779+0000] {logging_mixin.py:150} INFO - [2023-10-17T00:16:31.779+0000] {dagbag.py:541} INFO - Filling up the DagBag from /opt/airflow/dags/groups/group_transforms.py
[2023-10-17T00:16:31.786+0000] {processor.py:838} WARNING - No viable dags retrieved from /opt/airflow/dags/groups/group_transforms.py
[2023-10-17T00:16:31.809+0000] {processor.py:179} INFO - Processing /opt/airflow/dags/groups/group_transforms.py took 0.037 seconds
[2023-10-17T00:17:01.978+0000] {processor.py:157} INFO - Started process (PID=4476) to work on /opt/airflow/dags/groups/group_transforms.py
[2023-10-17T00:17:01.980+0000] {processor.py:826} INFO - Processing file /opt/airflow/dags/groups/group_transforms.py for tasks to queue
[2023-10-17T00:17:01.981+0000] {logging_mixin.py:150} INFO - [2023-10-17T00:17:01.980+0000] {dagbag.py:541} INFO - Filling up the DagBag from /opt/airflow/dags/groups/group_transforms.py
[2023-10-17T00:17:01.987+0000] {processor.py:838} WARNING - No viable dags retrieved from /opt/airflow/dags/groups/group_transforms.py
[2023-10-17T00:17:02.009+0000] {processor.py:179} INFO - Processing /opt/airflow/dags/groups/group_transforms.py took 0.035 seconds
[2023-10-17T00:17:32.320+0000] {processor.py:157} INFO - Started process (PID=4497) to work on /opt/airflow/dags/groups/group_transforms.py
[2023-10-17T00:17:32.322+0000] {processor.py:826} INFO - Processing file /opt/airflow/dags/groups/group_transforms.py for tasks to queue
[2023-10-17T00:17:32.324+0000] {logging_mixin.py:150} INFO - [2023-10-17T00:17:32.323+0000] {dagbag.py:541} INFO - Filling up the DagBag from /opt/airflow/dags/groups/group_transforms.py
[2023-10-17T00:17:32.327+0000] {processor.py:838} WARNING - No viable dags retrieved from /opt/airflow/dags/groups/group_transforms.py
[2023-10-17T00:17:32.346+0000] {processor.py:179} INFO - Processing /opt/airflow/dags/groups/group_transforms.py took 0.035 seconds
[2023-10-17T00:18:02.610+0000] {processor.py:157} INFO - Started process (PID=4518) to work on /opt/airflow/dags/groups/group_transforms.py
[2023-10-17T00:18:02.612+0000] {processor.py:826} INFO - Processing file /opt/airflow/dags/groups/group_transforms.py for tasks to queue
[2023-10-17T00:18:02.613+0000] {logging_mixin.py:150} INFO - [2023-10-17T00:18:02.612+0000] {dagbag.py:541} INFO - Filling up the DagBag from /opt/airflow/dags/groups/group_transforms.py
[2023-10-17T00:18:02.616+0000] {processor.py:838} WARNING - No viable dags retrieved from /opt/airflow/dags/groups/group_transforms.py
[2023-10-17T00:18:02.656+0000] {processor.py:179} INFO - Processing /opt/airflow/dags/groups/group_transforms.py took 0.056 seconds
[2023-10-17T00:18:32.710+0000] {processor.py:157} INFO - Started process (PID=4538) to work on /opt/airflow/dags/groups/group_transforms.py
[2023-10-17T00:18:32.712+0000] {processor.py:826} INFO - Processing file /opt/airflow/dags/groups/group_transforms.py for tasks to queue
[2023-10-17T00:18:32.713+0000] {logging_mixin.py:150} INFO - [2023-10-17T00:18:32.713+0000] {dagbag.py:541} INFO - Filling up the DagBag from /opt/airflow/dags/groups/group_transforms.py
[2023-10-17T00:18:32.716+0000] {processor.py:838} WARNING - No viable dags retrieved from /opt/airflow/dags/groups/group_transforms.py
[2023-10-17T00:18:32.736+0000] {processor.py:179} INFO - Processing /opt/airflow/dags/groups/group_transforms.py took 0.032 seconds
[2023-10-17T00:19:02.884+0000] {processor.py:157} INFO - Started process (PID=4559) to work on /opt/airflow/dags/groups/group_transforms.py
[2023-10-17T00:19:02.885+0000] {processor.py:826} INFO - Processing file /opt/airflow/dags/groups/group_transforms.py for tasks to queue
[2023-10-17T00:19:02.886+0000] {logging_mixin.py:150} INFO - [2023-10-17T00:19:02.886+0000] {dagbag.py:541} INFO - Filling up the DagBag from /opt/airflow/dags/groups/group_transforms.py
[2023-10-17T00:19:02.889+0000] {processor.py:838} WARNING - No viable dags retrieved from /opt/airflow/dags/groups/group_transforms.py
[2023-10-17T00:19:02.917+0000] {processor.py:179} INFO - Processing /opt/airflow/dags/groups/group_transforms.py took 0.040 seconds
[2023-10-17T00:19:33.104+0000] {processor.py:157} INFO - Started process (PID=4580) to work on /opt/airflow/dags/groups/group_transforms.py
[2023-10-17T00:19:33.106+0000] {processor.py:826} INFO - Processing file /opt/airflow/dags/groups/group_transforms.py for tasks to queue
[2023-10-17T00:19:33.109+0000] {logging_mixin.py:150} INFO - [2023-10-17T00:19:33.107+0000] {dagbag.py:541} INFO - Filling up the DagBag from /opt/airflow/dags/groups/group_transforms.py
[2023-10-17T00:19:33.114+0000] {processor.py:838} WARNING - No viable dags retrieved from /opt/airflow/dags/groups/group_transforms.py
[2023-10-17T00:19:33.140+0000] {processor.py:179} INFO - Processing /opt/airflow/dags/groups/group_transforms.py took 0.042 seconds
[2023-10-17T00:20:03.324+0000] {processor.py:157} INFO - Started process (PID=4601) to work on /opt/airflow/dags/groups/group_transforms.py
[2023-10-17T00:20:03.325+0000] {processor.py:826} INFO - Processing file /opt/airflow/dags/groups/group_transforms.py for tasks to queue
[2023-10-17T00:20:03.328+0000] {logging_mixin.py:150} INFO - [2023-10-17T00:20:03.326+0000] {dagbag.py:541} INFO - Filling up the DagBag from /opt/airflow/dags/groups/group_transforms.py
[2023-10-17T00:20:03.332+0000] {processor.py:838} WARNING - No viable dags retrieved from /opt/airflow/dags/groups/group_transforms.py
[2023-10-17T00:20:03.355+0000] {processor.py:179} INFO - Processing /opt/airflow/dags/groups/group_transforms.py took 0.035 seconds
[2023-10-17T00:20:33.494+0000] {processor.py:157} INFO - Started process (PID=4622) to work on /opt/airflow/dags/groups/group_transforms.py
[2023-10-17T00:20:33.498+0000] {processor.py:826} INFO - Processing file /opt/airflow/dags/groups/group_transforms.py for tasks to queue
[2023-10-17T00:20:33.500+0000] {logging_mixin.py:150} INFO - [2023-10-17T00:20:33.499+0000] {dagbag.py:541} INFO - Filling up the DagBag from /opt/airflow/dags/groups/group_transforms.py
[2023-10-17T00:20:33.504+0000] {processor.py:838} WARNING - No viable dags retrieved from /opt/airflow/dags/groups/group_transforms.py
[2023-10-17T00:20:33.526+0000] {processor.py:179} INFO - Processing /opt/airflow/dags/groups/group_transforms.py took 0.036 seconds
[2023-10-17T00:21:04.185+0000] {processor.py:157} INFO - Started process (PID=4645) to work on /opt/airflow/dags/groups/group_transforms.py
[2023-10-17T00:21:04.187+0000] {processor.py:826} INFO - Processing file /opt/airflow/dags/groups/group_transforms.py for tasks to queue
[2023-10-17T00:21:04.188+0000] {logging_mixin.py:150} INFO - [2023-10-17T00:21:04.188+0000] {dagbag.py:541} INFO - Filling up the DagBag from /opt/airflow/dags/groups/group_transforms.py
[2023-10-17T00:21:04.191+0000] {processor.py:838} WARNING - No viable dags retrieved from /opt/airflow/dags/groups/group_transforms.py
[2023-10-17T00:21:04.212+0000] {processor.py:179} INFO - Processing /opt/airflow/dags/groups/group_transforms.py took 0.035 seconds
[2023-10-17T00:21:34.510+0000] {processor.py:157} INFO - Started process (PID=4666) to work on /opt/airflow/dags/groups/group_transforms.py
[2023-10-17T00:21:34.511+0000] {processor.py:826} INFO - Processing file /opt/airflow/dags/groups/group_transforms.py for tasks to queue
[2023-10-17T00:21:34.512+0000] {logging_mixin.py:150} INFO - [2023-10-17T00:21:34.512+0000] {dagbag.py:541} INFO - Filling up the DagBag from /opt/airflow/dags/groups/group_transforms.py
[2023-10-17T00:21:34.518+0000] {processor.py:838} WARNING - No viable dags retrieved from /opt/airflow/dags/groups/group_transforms.py
[2023-10-17T00:21:34.540+0000] {processor.py:179} INFO - Processing /opt/airflow/dags/groups/group_transforms.py took 0.034 seconds
[2023-10-17T00:22:04.601+0000] {processor.py:157} INFO - Started process (PID=4687) to work on /opt/airflow/dags/groups/group_transforms.py
[2023-10-17T00:22:04.603+0000] {processor.py:826} INFO - Processing file /opt/airflow/dags/groups/group_transforms.py for tasks to queue
[2023-10-17T00:22:04.605+0000] {logging_mixin.py:150} INFO - [2023-10-17T00:22:04.604+0000] {dagbag.py:541} INFO - Filling up the DagBag from /opt/airflow/dags/groups/group_transforms.py
[2023-10-17T00:22:04.607+0000] {processor.py:838} WARNING - No viable dags retrieved from /opt/airflow/dags/groups/group_transforms.py
[2023-10-17T00:22:04.627+0000] {processor.py:179} INFO - Processing /opt/airflow/dags/groups/group_transforms.py took 0.031 seconds
[2023-10-17T00:22:34.904+0000] {processor.py:157} INFO - Started process (PID=4708) to work on /opt/airflow/dags/groups/group_transforms.py
[2023-10-17T00:22:34.905+0000] {processor.py:826} INFO - Processing file /opt/airflow/dags/groups/group_transforms.py for tasks to queue
[2023-10-17T00:22:34.906+0000] {logging_mixin.py:150} INFO - [2023-10-17T00:22:34.906+0000] {dagbag.py:541} INFO - Filling up the DagBag from /opt/airflow/dags/groups/group_transforms.py
[2023-10-17T00:22:34.910+0000] {processor.py:838} WARNING - No viable dags retrieved from /opt/airflow/dags/groups/group_transforms.py
[2023-10-17T00:22:34.934+0000] {processor.py:179} INFO - Processing /opt/airflow/dags/groups/group_transforms.py took 0.035 seconds
[2023-10-17T00:23:05.242+0000] {processor.py:157} INFO - Started process (PID=4729) to work on /opt/airflow/dags/groups/group_transforms.py
[2023-10-17T00:23:05.244+0000] {processor.py:826} INFO - Processing file /opt/airflow/dags/groups/group_transforms.py for tasks to queue
[2023-10-17T00:23:05.246+0000] {logging_mixin.py:150} INFO - [2023-10-17T00:23:05.245+0000] {dagbag.py:541} INFO - Filling up the DagBag from /opt/airflow/dags/groups/group_transforms.py
[2023-10-17T00:23:05.248+0000] {processor.py:838} WARNING - No viable dags retrieved from /opt/airflow/dags/groups/group_transforms.py
[2023-10-17T00:23:05.272+0000] {processor.py:179} INFO - Processing /opt/airflow/dags/groups/group_transforms.py took 0.038 seconds
[2023-10-17T00:23:35.379+0000] {processor.py:157} INFO - Started process (PID=4750) to work on /opt/airflow/dags/groups/group_transforms.py
[2023-10-17T00:23:35.381+0000] {processor.py:826} INFO - Processing file /opt/airflow/dags/groups/group_transforms.py for tasks to queue
[2023-10-17T00:23:35.382+0000] {logging_mixin.py:150} INFO - [2023-10-17T00:23:35.381+0000] {dagbag.py:541} INFO - Filling up the DagBag from /opt/airflow/dags/groups/group_transforms.py
[2023-10-17T00:23:35.384+0000] {processor.py:838} WARNING - No viable dags retrieved from /opt/airflow/dags/groups/group_transforms.py
[2023-10-17T00:23:35.410+0000] {processor.py:179} INFO - Processing /opt/airflow/dags/groups/group_transforms.py took 0.036 seconds
[2023-10-17T00:24:05.447+0000] {processor.py:157} INFO - Started process (PID=4771) to work on /opt/airflow/dags/groups/group_transforms.py
[2023-10-17T00:24:05.448+0000] {processor.py:826} INFO - Processing file /opt/airflow/dags/groups/group_transforms.py for tasks to queue
[2023-10-17T00:24:05.449+0000] {logging_mixin.py:150} INFO - [2023-10-17T00:24:05.448+0000] {dagbag.py:541} INFO - Filling up the DagBag from /opt/airflow/dags/groups/group_transforms.py
[2023-10-17T00:24:05.451+0000] {processor.py:838} WARNING - No viable dags retrieved from /opt/airflow/dags/groups/group_transforms.py
[2023-10-17T00:24:05.468+0000] {processor.py:179} INFO - Processing /opt/airflow/dags/groups/group_transforms.py took 0.028 seconds
[2023-10-17T00:24:36.692+0000] {processor.py:157} INFO - Started process (PID=4789) to work on /opt/airflow/dags/groups/group_transforms.py
[2023-10-17T00:24:36.696+0000] {processor.py:826} INFO - Processing file /opt/airflow/dags/groups/group_transforms.py for tasks to queue
[2023-10-17T00:24:36.699+0000] {logging_mixin.py:150} INFO - [2023-10-17T00:24:36.698+0000] {dagbag.py:541} INFO - Filling up the DagBag from /opt/airflow/dags/groups/group_transforms.py
[2023-10-17T00:24:36.704+0000] {processor.py:838} WARNING - No viable dags retrieved from /opt/airflow/dags/groups/group_transforms.py
[2023-10-17T00:24:36.754+0000] {processor.py:179} INFO - Processing /opt/airflow/dags/groups/group_transforms.py took 0.072 seconds
