[2023-09-28T23:29:14.749+0000] {processor.py:157} INFO - Started process (PID=7041) to work on /opt/airflow/dags/groups/group_transforms.py
[2023-09-28T23:29:14.750+0000] {processor.py:826} INFO - Processing file /opt/airflow/dags/groups/group_transforms.py for tasks to queue
[2023-09-28T23:29:14.751+0000] {logging_mixin.py:150} INFO - [2023-09-28T23:29:14.750+0000] {dagbag.py:541} INFO - Filling up the DagBag from /opt/airflow/dags/groups/group_transforms.py
[2023-09-28T23:29:14.753+0000] {processor.py:838} WARNING - No viable dags retrieved from /opt/airflow/dags/groups/group_transforms.py
[2023-09-28T23:29:14.772+0000] {processor.py:179} INFO - Processing /opt/airflow/dags/groups/group_transforms.py took 0.027 seconds
[2023-09-28T23:29:44.959+0000] {processor.py:157} INFO - Started process (PID=7067) to work on /opt/airflow/dags/groups/group_transforms.py
[2023-09-28T23:29:44.960+0000] {processor.py:826} INFO - Processing file /opt/airflow/dags/groups/group_transforms.py for tasks to queue
[2023-09-28T23:29:44.961+0000] {logging_mixin.py:150} INFO - [2023-09-28T23:29:44.960+0000] {dagbag.py:541} INFO - Filling up the DagBag from /opt/airflow/dags/groups/group_transforms.py
[2023-09-28T23:29:44.963+0000] {processor.py:838} WARNING - No viable dags retrieved from /opt/airflow/dags/groups/group_transforms.py
[2023-09-28T23:29:44.981+0000] {processor.py:179} INFO - Processing /opt/airflow/dags/groups/group_transforms.py took 0.026 seconds
[2023-09-28T23:30:15.182+0000] {processor.py:157} INFO - Started process (PID=7093) to work on /opt/airflow/dags/groups/group_transforms.py
[2023-09-28T23:30:15.183+0000] {processor.py:826} INFO - Processing file /opt/airflow/dags/groups/group_transforms.py for tasks to queue
[2023-09-28T23:30:15.183+0000] {logging_mixin.py:150} INFO - [2023-09-28T23:30:15.183+0000] {dagbag.py:541} INFO - Filling up the DagBag from /opt/airflow/dags/groups/group_transforms.py
[2023-09-28T23:30:15.185+0000] {processor.py:838} WARNING - No viable dags retrieved from /opt/airflow/dags/groups/group_transforms.py
[2023-09-28T23:30:15.201+0000] {processor.py:179} INFO - Processing /opt/airflow/dags/groups/group_transforms.py took 0.022 seconds
[2023-09-28T23:30:45.581+0000] {processor.py:157} INFO - Started process (PID=7120) to work on /opt/airflow/dags/groups/group_transforms.py
[2023-09-28T23:30:45.586+0000] {processor.py:826} INFO - Processing file /opt/airflow/dags/groups/group_transforms.py for tasks to queue
[2023-09-28T23:30:45.587+0000] {logging_mixin.py:150} INFO - [2023-09-28T23:30:45.587+0000] {dagbag.py:541} INFO - Filling up the DagBag from /opt/airflow/dags/groups/group_transforms.py
[2023-09-28T23:30:45.589+0000] {processor.py:838} WARNING - No viable dags retrieved from /opt/airflow/dags/groups/group_transforms.py
[2023-09-28T23:30:45.609+0000] {processor.py:179} INFO - Processing /opt/airflow/dags/groups/group_transforms.py took 0.035 seconds
[2023-09-28T23:31:15.967+0000] {processor.py:157} INFO - Started process (PID=7147) to work on /opt/airflow/dags/groups/group_transforms.py
[2023-09-28T23:31:15.970+0000] {processor.py:826} INFO - Processing file /opt/airflow/dags/groups/group_transforms.py for tasks to queue
[2023-09-28T23:31:15.971+0000] {logging_mixin.py:150} INFO - [2023-09-28T23:31:15.970+0000] {dagbag.py:541} INFO - Filling up the DagBag from /opt/airflow/dags/groups/group_transforms.py
[2023-09-28T23:31:15.972+0000] {processor.py:838} WARNING - No viable dags retrieved from /opt/airflow/dags/groups/group_transforms.py
[2023-09-28T23:31:15.991+0000] {processor.py:179} INFO - Processing /opt/airflow/dags/groups/group_transforms.py took 0.028 seconds
[2023-09-28T23:31:46.180+0000] {processor.py:157} INFO - Started process (PID=7173) to work on /opt/airflow/dags/groups/group_transforms.py
[2023-09-28T23:31:46.182+0000] {processor.py:826} INFO - Processing file /opt/airflow/dags/groups/group_transforms.py for tasks to queue
[2023-09-28T23:31:46.183+0000] {logging_mixin.py:150} INFO - [2023-09-28T23:31:46.183+0000] {dagbag.py:541} INFO - Filling up the DagBag from /opt/airflow/dags/groups/group_transforms.py
[2023-09-28T23:31:46.185+0000] {processor.py:838} WARNING - No viable dags retrieved from /opt/airflow/dags/groups/group_transforms.py
[2023-09-28T23:31:46.200+0000] {processor.py:179} INFO - Processing /opt/airflow/dags/groups/group_transforms.py took 0.023 seconds
[2023-09-28T23:32:16.308+0000] {processor.py:157} INFO - Started process (PID=7199) to work on /opt/airflow/dags/groups/group_transforms.py
[2023-09-28T23:32:16.310+0000] {processor.py:826} INFO - Processing file /opt/airflow/dags/groups/group_transforms.py for tasks to queue
[2023-09-28T23:32:16.311+0000] {logging_mixin.py:150} INFO - [2023-09-28T23:32:16.311+0000] {dagbag.py:541} INFO - Filling up the DagBag from /opt/airflow/dags/groups/group_transforms.py
[2023-09-28T23:32:16.312+0000] {processor.py:838} WARNING - No viable dags retrieved from /opt/airflow/dags/groups/group_transforms.py
[2023-09-28T23:32:16.329+0000] {processor.py:179} INFO - Processing /opt/airflow/dags/groups/group_transforms.py took 0.024 seconds
[2023-09-28T23:32:46.458+0000] {processor.py:157} INFO - Started process (PID=7225) to work on /opt/airflow/dags/groups/group_transforms.py
[2023-09-28T23:32:46.460+0000] {processor.py:826} INFO - Processing file /opt/airflow/dags/groups/group_transforms.py for tasks to queue
[2023-09-28T23:32:46.461+0000] {logging_mixin.py:150} INFO - [2023-09-28T23:32:46.461+0000] {dagbag.py:541} INFO - Filling up the DagBag from /opt/airflow/dags/groups/group_transforms.py
[2023-09-28T23:32:46.463+0000] {processor.py:838} WARNING - No viable dags retrieved from /opt/airflow/dags/groups/group_transforms.py
[2023-09-28T23:32:46.482+0000] {processor.py:179} INFO - Processing /opt/airflow/dags/groups/group_transforms.py took 0.028 seconds
[2023-09-28T23:33:16.600+0000] {processor.py:157} INFO - Started process (PID=7253) to work on /opt/airflow/dags/groups/group_transforms.py
[2023-09-28T23:33:16.605+0000] {processor.py:826} INFO - Processing file /opt/airflow/dags/groups/group_transforms.py for tasks to queue
[2023-09-28T23:33:16.605+0000] {logging_mixin.py:150} INFO - [2023-09-28T23:33:16.605+0000] {dagbag.py:541} INFO - Filling up the DagBag from /opt/airflow/dags/groups/group_transforms.py
[2023-09-28T23:33:16.607+0000] {processor.py:838} WARNING - No viable dags retrieved from /opt/airflow/dags/groups/group_transforms.py
[2023-09-28T23:33:16.624+0000] {processor.py:179} INFO - Processing /opt/airflow/dags/groups/group_transforms.py took 0.027 seconds
[2023-09-28T23:33:46.862+0000] {processor.py:157} INFO - Started process (PID=7285) to work on /opt/airflow/dags/groups/group_transforms.py
[2023-09-28T23:33:46.869+0000] {processor.py:826} INFO - Processing file /opt/airflow/dags/groups/group_transforms.py for tasks to queue
[2023-09-28T23:33:46.874+0000] {logging_mixin.py:150} INFO - [2023-09-28T23:33:46.873+0000] {dagbag.py:541} INFO - Filling up the DagBag from /opt/airflow/dags/groups/group_transforms.py
[2023-09-28T23:33:46.878+0000] {processor.py:838} WARNING - No viable dags retrieved from /opt/airflow/dags/groups/group_transforms.py
[2023-09-28T23:33:46.915+0000] {processor.py:179} INFO - Processing /opt/airflow/dags/groups/group_transforms.py took 0.077 seconds
[2023-09-28T23:34:17.461+0000] {processor.py:157} INFO - Started process (PID=7311) to work on /opt/airflow/dags/groups/group_transforms.py
[2023-09-28T23:34:17.462+0000] {processor.py:826} INFO - Processing file /opt/airflow/dags/groups/group_transforms.py for tasks to queue
[2023-09-28T23:34:17.463+0000] {logging_mixin.py:150} INFO - [2023-09-28T23:34:17.462+0000] {dagbag.py:541} INFO - Filling up the DagBag from /opt/airflow/dags/groups/group_transforms.py
[2023-09-28T23:34:17.466+0000] {processor.py:838} WARNING - No viable dags retrieved from /opt/airflow/dags/groups/group_transforms.py
[2023-09-28T23:34:17.488+0000] {processor.py:179} INFO - Processing /opt/airflow/dags/groups/group_transforms.py took 0.030 seconds
[2023-09-28T23:34:47.886+0000] {processor.py:157} INFO - Started process (PID=7337) to work on /opt/airflow/dags/groups/group_transforms.py
[2023-09-28T23:34:47.896+0000] {processor.py:826} INFO - Processing file /opt/airflow/dags/groups/group_transforms.py for tasks to queue
[2023-09-28T23:34:47.898+0000] {logging_mixin.py:150} INFO - [2023-09-28T23:34:47.897+0000] {dagbag.py:541} INFO - Filling up the DagBag from /opt/airflow/dags/groups/group_transforms.py
[2023-09-28T23:34:47.903+0000] {processor.py:838} WARNING - No viable dags retrieved from /opt/airflow/dags/groups/group_transforms.py
[2023-09-28T23:34:47.985+0000] {processor.py:179} INFO - Processing /opt/airflow/dags/groups/group_transforms.py took 0.116 seconds
[2023-09-28T23:35:18.048+0000] {processor.py:157} INFO - Started process (PID=7368) to work on /opt/airflow/dags/groups/group_transforms.py
[2023-09-28T23:35:18.049+0000] {processor.py:826} INFO - Processing file /opt/airflow/dags/groups/group_transforms.py for tasks to queue
[2023-09-28T23:35:18.050+0000] {logging_mixin.py:150} INFO - [2023-09-28T23:35:18.050+0000] {dagbag.py:541} INFO - Filling up the DagBag from /opt/airflow/dags/groups/group_transforms.py
[2023-09-28T23:35:18.052+0000] {processor.py:838} WARNING - No viable dags retrieved from /opt/airflow/dags/groups/group_transforms.py
[2023-09-28T23:35:18.069+0000] {processor.py:179} INFO - Processing /opt/airflow/dags/groups/group_transforms.py took 0.026 seconds
[2023-09-28T23:35:48.588+0000] {processor.py:157} INFO - Started process (PID=7385) to work on /opt/airflow/dags/groups/group_transforms.py
[2023-09-28T23:35:48.590+0000] {processor.py:826} INFO - Processing file /opt/airflow/dags/groups/group_transforms.py for tasks to queue
[2023-09-28T23:35:48.592+0000] {logging_mixin.py:150} INFO - [2023-09-28T23:35:48.591+0000] {dagbag.py:541} INFO - Filling up the DagBag from /opt/airflow/dags/groups/group_transforms.py
[2023-09-28T23:35:48.596+0000] {processor.py:838} WARNING - No viable dags retrieved from /opt/airflow/dags/groups/group_transforms.py
[2023-09-28T23:35:48.618+0000] {processor.py:179} INFO - Processing /opt/airflow/dags/groups/group_transforms.py took 0.035 seconds
[2023-09-28T23:36:03.656+0000] {processor.py:157} INFO - Started process (PID=7399) to work on /opt/airflow/dags/groups/group_transforms.py
[2023-09-28T23:36:03.657+0000] {processor.py:826} INFO - Processing file /opt/airflow/dags/groups/group_transforms.py for tasks to queue
[2023-09-28T23:36:03.658+0000] {logging_mixin.py:150} INFO - [2023-09-28T23:36:03.657+0000] {dagbag.py:541} INFO - Filling up the DagBag from /opt/airflow/dags/groups/group_transforms.py
[2023-09-28T23:36:03.662+0000] {processor.py:838} WARNING - No viable dags retrieved from /opt/airflow/dags/groups/group_transforms.py
[2023-09-28T23:36:03.691+0000] {processor.py:179} INFO - Processing /opt/airflow/dags/groups/group_transforms.py took 0.039 seconds
[2023-09-28T23:36:33.755+0000] {processor.py:157} INFO - Started process (PID=7425) to work on /opt/airflow/dags/groups/group_transforms.py
[2023-09-28T23:36:33.757+0000] {processor.py:826} INFO - Processing file /opt/airflow/dags/groups/group_transforms.py for tasks to queue
[2023-09-28T23:36:33.758+0000] {logging_mixin.py:150} INFO - [2023-09-28T23:36:33.758+0000] {dagbag.py:541} INFO - Filling up the DagBag from /opt/airflow/dags/groups/group_transforms.py
[2023-09-28T23:36:33.760+0000] {processor.py:838} WARNING - No viable dags retrieved from /opt/airflow/dags/groups/group_transforms.py
[2023-09-28T23:36:33.787+0000] {processor.py:179} INFO - Processing /opt/airflow/dags/groups/group_transforms.py took 0.042 seconds
[2023-09-28T23:36:35.764+0000] {processor.py:157} INFO - Started process (PID=7433) to work on /opt/airflow/dags/groups/group_transforms.py
[2023-09-28T23:36:35.765+0000] {processor.py:826} INFO - Processing file /opt/airflow/dags/groups/group_transforms.py for tasks to queue
[2023-09-28T23:36:35.765+0000] {logging_mixin.py:150} INFO - [2023-09-28T23:36:35.765+0000] {dagbag.py:541} INFO - Filling up the DagBag from /opt/airflow/dags/groups/group_transforms.py
[2023-09-28T23:36:35.768+0000] {processor.py:838} WARNING - No viable dags retrieved from /opt/airflow/dags/groups/group_transforms.py
[2023-09-28T23:36:35.785+0000] {processor.py:179} INFO - Processing /opt/airflow/dags/groups/group_transforms.py took 0.025 seconds
[2023-09-28T23:36:53.807+0000] {processor.py:157} INFO - Started process (PID=7448) to work on /opt/airflow/dags/groups/group_transforms.py
[2023-09-28T23:36:53.808+0000] {processor.py:826} INFO - Processing file /opt/airflow/dags/groups/group_transforms.py for tasks to queue
[2023-09-28T23:36:53.809+0000] {logging_mixin.py:150} INFO - [2023-09-28T23:36:53.809+0000] {dagbag.py:541} INFO - Filling up the DagBag from /opt/airflow/dags/groups/group_transforms.py
[2023-09-28T23:36:53.812+0000] {processor.py:838} WARNING - No viable dags retrieved from /opt/airflow/dags/groups/group_transforms.py
[2023-09-28T23:36:53.828+0000] {processor.py:179} INFO - Processing /opt/airflow/dags/groups/group_transforms.py took 0.025 seconds
[2023-09-28T23:37:24.142+0000] {processor.py:157} INFO - Started process (PID=7475) to work on /opt/airflow/dags/groups/group_transforms.py
[2023-09-28T23:37:24.143+0000] {processor.py:826} INFO - Processing file /opt/airflow/dags/groups/group_transforms.py for tasks to queue
[2023-09-28T23:37:24.145+0000] {logging_mixin.py:150} INFO - [2023-09-28T23:37:24.144+0000] {dagbag.py:541} INFO - Filling up the DagBag from /opt/airflow/dags/groups/group_transforms.py
[2023-09-28T23:37:24.146+0000] {processor.py:838} WARNING - No viable dags retrieved from /opt/airflow/dags/groups/group_transforms.py
[2023-09-28T23:37:24.171+0000] {processor.py:179} INFO - Processing /opt/airflow/dags/groups/group_transforms.py took 0.037 seconds
[2023-09-28T23:37:54.261+0000] {processor.py:157} INFO - Started process (PID=7501) to work on /opt/airflow/dags/groups/group_transforms.py
[2023-09-28T23:37:54.263+0000] {processor.py:826} INFO - Processing file /opt/airflow/dags/groups/group_transforms.py for tasks to queue
[2023-09-28T23:37:54.264+0000] {logging_mixin.py:150} INFO - [2023-09-28T23:37:54.264+0000] {dagbag.py:541} INFO - Filling up the DagBag from /opt/airflow/dags/groups/group_transforms.py
[2023-09-28T23:37:54.266+0000] {processor.py:838} WARNING - No viable dags retrieved from /opt/airflow/dags/groups/group_transforms.py
[2023-09-28T23:37:54.374+0000] {processor.py:179} INFO - Processing /opt/airflow/dags/groups/group_transforms.py took 0.116 seconds
[2023-09-28T23:38:25.065+0000] {processor.py:157} INFO - Started process (PID=7518) to work on /opt/airflow/dags/groups/group_transforms.py
[2023-09-28T23:38:25.066+0000] {processor.py:826} INFO - Processing file /opt/airflow/dags/groups/group_transforms.py for tasks to queue
[2023-09-28T23:38:25.068+0000] {logging_mixin.py:150} INFO - [2023-09-28T23:38:25.067+0000] {dagbag.py:541} INFO - Filling up the DagBag from /opt/airflow/dags/groups/group_transforms.py
[2023-09-28T23:38:25.070+0000] {processor.py:838} WARNING - No viable dags retrieved from /opt/airflow/dags/groups/group_transforms.py
[2023-09-28T23:38:25.089+0000] {processor.py:179} INFO - Processing /opt/airflow/dags/groups/group_transforms.py took 0.028 seconds
[2023-09-28T23:38:56.075+0000] {processor.py:157} INFO - Started process (PID=7544) to work on /opt/airflow/dags/groups/group_transforms.py
[2023-09-28T23:38:56.080+0000] {processor.py:826} INFO - Processing file /opt/airflow/dags/groups/group_transforms.py for tasks to queue
[2023-09-28T23:38:56.082+0000] {logging_mixin.py:150} INFO - [2023-09-28T23:38:56.082+0000] {dagbag.py:541} INFO - Filling up the DagBag from /opt/airflow/dags/groups/group_transforms.py
[2023-09-28T23:38:56.084+0000] {processor.py:838} WARNING - No viable dags retrieved from /opt/airflow/dags/groups/group_transforms.py
[2023-09-28T23:38:56.118+0000] {processor.py:179} INFO - Processing /opt/airflow/dags/groups/group_transforms.py took 0.060 seconds
[2023-09-28T23:39:26.849+0000] {processor.py:157} INFO - Started process (PID=7570) to work on /opt/airflow/dags/groups/group_transforms.py
[2023-09-28T23:39:26.851+0000] {processor.py:826} INFO - Processing file /opt/airflow/dags/groups/group_transforms.py for tasks to queue
[2023-09-28T23:39:26.852+0000] {logging_mixin.py:150} INFO - [2023-09-28T23:39:26.852+0000] {dagbag.py:541} INFO - Filling up the DagBag from /opt/airflow/dags/groups/group_transforms.py
[2023-09-28T23:39:26.855+0000] {processor.py:838} WARNING - No viable dags retrieved from /opt/airflow/dags/groups/group_transforms.py
[2023-09-28T23:39:26.872+0000] {processor.py:179} INFO - Processing /opt/airflow/dags/groups/group_transforms.py took 0.026 seconds
[2023-09-28T23:39:57.511+0000] {processor.py:157} INFO - Started process (PID=7596) to work on /opt/airflow/dags/groups/group_transforms.py
[2023-09-28T23:39:57.515+0000] {processor.py:826} INFO - Processing file /opt/airflow/dags/groups/group_transforms.py for tasks to queue
[2023-09-28T23:39:57.516+0000] {logging_mixin.py:150} INFO - [2023-09-28T23:39:57.515+0000] {dagbag.py:541} INFO - Filling up the DagBag from /opt/airflow/dags/groups/group_transforms.py
[2023-09-28T23:39:57.518+0000] {processor.py:838} WARNING - No viable dags retrieved from /opt/airflow/dags/groups/group_transforms.py
[2023-09-28T23:39:57.535+0000] {processor.py:179} INFO - Processing /opt/airflow/dags/groups/group_transforms.py took 0.032 seconds
[2023-09-28T23:40:27.691+0000] {processor.py:157} INFO - Started process (PID=7623) to work on /opt/airflow/dags/groups/group_transforms.py
[2023-09-28T23:40:27.697+0000] {processor.py:826} INFO - Processing file /opt/airflow/dags/groups/group_transforms.py for tasks to queue
[2023-09-28T23:40:27.698+0000] {logging_mixin.py:150} INFO - [2023-09-28T23:40:27.698+0000] {dagbag.py:541} INFO - Filling up the DagBag from /opt/airflow/dags/groups/group_transforms.py
[2023-09-28T23:40:27.700+0000] {processor.py:838} WARNING - No viable dags retrieved from /opt/airflow/dags/groups/group_transforms.py
[2023-09-28T23:40:27.721+0000] {processor.py:179} INFO - Processing /opt/airflow/dags/groups/group_transforms.py took 0.033 seconds
[2023-09-28T23:40:57.996+0000] {processor.py:157} INFO - Started process (PID=7649) to work on /opt/airflow/dags/groups/group_transforms.py
[2023-09-28T23:40:58.001+0000] {processor.py:826} INFO - Processing file /opt/airflow/dags/groups/group_transforms.py for tasks to queue
[2023-09-28T23:40:58.002+0000] {logging_mixin.py:150} INFO - [2023-09-28T23:40:58.002+0000] {dagbag.py:541} INFO - Filling up the DagBag from /opt/airflow/dags/groups/group_transforms.py
[2023-09-28T23:40:58.007+0000] {processor.py:838} WARNING - No viable dags retrieved from /opt/airflow/dags/groups/group_transforms.py
[2023-09-28T23:40:58.029+0000] {processor.py:179} INFO - Processing /opt/airflow/dags/groups/group_transforms.py took 0.038 seconds
[2023-09-28T23:41:28.369+0000] {processor.py:157} INFO - Started process (PID=7675) to work on /opt/airflow/dags/groups/group_transforms.py
[2023-09-28T23:41:28.370+0000] {processor.py:826} INFO - Processing file /opt/airflow/dags/groups/group_transforms.py for tasks to queue
[2023-09-28T23:41:28.372+0000] {logging_mixin.py:150} INFO - [2023-09-28T23:41:28.371+0000] {dagbag.py:541} INFO - Filling up the DagBag from /opt/airflow/dags/groups/group_transforms.py
[2023-09-28T23:41:28.375+0000] {processor.py:838} WARNING - No viable dags retrieved from /opt/airflow/dags/groups/group_transforms.py
[2023-09-28T23:41:28.397+0000] {processor.py:179} INFO - Processing /opt/airflow/dags/groups/group_transforms.py took 0.036 seconds
[2023-09-28T23:41:58.510+0000] {processor.py:157} INFO - Started process (PID=7701) to work on /opt/airflow/dags/groups/group_transforms.py
[2023-09-28T23:41:58.511+0000] {processor.py:826} INFO - Processing file /opt/airflow/dags/groups/group_transforms.py for tasks to queue
[2023-09-28T23:41:58.511+0000] {logging_mixin.py:150} INFO - [2023-09-28T23:41:58.511+0000] {dagbag.py:541} INFO - Filling up the DagBag from /opt/airflow/dags/groups/group_transforms.py
[2023-09-28T23:41:58.513+0000] {processor.py:838} WARNING - No viable dags retrieved from /opt/airflow/dags/groups/group_transforms.py
[2023-09-28T23:41:58.531+0000] {processor.py:179} INFO - Processing /opt/airflow/dags/groups/group_transforms.py took 0.024 seconds
[2023-09-28T23:42:28.668+0000] {processor.py:157} INFO - Started process (PID=7727) to work on /opt/airflow/dags/groups/group_transforms.py
[2023-09-28T23:42:28.669+0000] {processor.py:826} INFO - Processing file /opt/airflow/dags/groups/group_transforms.py for tasks to queue
[2023-09-28T23:42:28.670+0000] {logging_mixin.py:150} INFO - [2023-09-28T23:42:28.670+0000] {dagbag.py:541} INFO - Filling up the DagBag from /opt/airflow/dags/groups/group_transforms.py
[2023-09-28T23:42:28.672+0000] {processor.py:838} WARNING - No viable dags retrieved from /opt/airflow/dags/groups/group_transforms.py
[2023-09-28T23:42:28.687+0000] {processor.py:179} INFO - Processing /opt/airflow/dags/groups/group_transforms.py took 0.023 seconds
[2023-09-28T23:42:58.859+0000] {processor.py:157} INFO - Started process (PID=7753) to work on /opt/airflow/dags/groups/group_transforms.py
[2023-09-28T23:42:58.860+0000] {processor.py:826} INFO - Processing file /opt/airflow/dags/groups/group_transforms.py for tasks to queue
[2023-09-28T23:42:58.861+0000] {logging_mixin.py:150} INFO - [2023-09-28T23:42:58.861+0000] {dagbag.py:541} INFO - Filling up the DagBag from /opt/airflow/dags/groups/group_transforms.py
[2023-09-28T23:42:58.863+0000] {processor.py:838} WARNING - No viable dags retrieved from /opt/airflow/dags/groups/group_transforms.py
[2023-09-28T23:42:58.881+0000] {processor.py:179} INFO - Processing /opt/airflow/dags/groups/group_transforms.py took 0.025 seconds
[2023-09-28T23:43:29.210+0000] {processor.py:157} INFO - Started process (PID=7780) to work on /opt/airflow/dags/groups/group_transforms.py
[2023-09-28T23:43:29.212+0000] {processor.py:826} INFO - Processing file /opt/airflow/dags/groups/group_transforms.py for tasks to queue
[2023-09-28T23:43:29.214+0000] {logging_mixin.py:150} INFO - [2023-09-28T23:43:29.213+0000] {dagbag.py:541} INFO - Filling up the DagBag from /opt/airflow/dags/groups/group_transforms.py
[2023-09-28T23:43:29.217+0000] {processor.py:838} WARNING - No viable dags retrieved from /opt/airflow/dags/groups/group_transforms.py
[2023-09-28T23:43:29.242+0000] {processor.py:179} INFO - Processing /opt/airflow/dags/groups/group_transforms.py took 0.038 seconds
[2023-09-28T23:43:59.415+0000] {processor.py:157} INFO - Started process (PID=7806) to work on /opt/airflow/dags/groups/group_transforms.py
[2023-09-28T23:43:59.416+0000] {processor.py:826} INFO - Processing file /opt/airflow/dags/groups/group_transforms.py for tasks to queue
[2023-09-28T23:43:59.417+0000] {logging_mixin.py:150} INFO - [2023-09-28T23:43:59.417+0000] {dagbag.py:541} INFO - Filling up the DagBag from /opt/airflow/dags/groups/group_transforms.py
[2023-09-28T23:43:59.420+0000] {processor.py:838} WARNING - No viable dags retrieved from /opt/airflow/dags/groups/group_transforms.py
[2023-09-28T23:43:59.443+0000] {processor.py:179} INFO - Processing /opt/airflow/dags/groups/group_transforms.py took 0.033 seconds
[2023-09-28T23:44:30.102+0000] {processor.py:157} INFO - Started process (PID=7833) to work on /opt/airflow/dags/groups/group_transforms.py
[2023-09-28T23:44:30.104+0000] {processor.py:826} INFO - Processing file /opt/airflow/dags/groups/group_transforms.py for tasks to queue
[2023-09-28T23:44:30.106+0000] {logging_mixin.py:150} INFO - [2023-09-28T23:44:30.105+0000] {dagbag.py:541} INFO - Filling up the DagBag from /opt/airflow/dags/groups/group_transforms.py
[2023-09-28T23:44:30.110+0000] {processor.py:838} WARNING - No viable dags retrieved from /opt/airflow/dags/groups/group_transforms.py
[2023-09-28T23:44:30.131+0000] {processor.py:179} INFO - Processing /opt/airflow/dags/groups/group_transforms.py took 0.032 seconds
[2023-09-28T23:45:00.705+0000] {processor.py:157} INFO - Started process (PID=7860) to work on /opt/airflow/dags/groups/group_transforms.py
[2023-09-28T23:45:00.707+0000] {processor.py:826} INFO - Processing file /opt/airflow/dags/groups/group_transforms.py for tasks to queue
[2023-09-28T23:45:00.712+0000] {logging_mixin.py:150} INFO - [2023-09-28T23:45:00.711+0000] {dagbag.py:541} INFO - Filling up the DagBag from /opt/airflow/dags/groups/group_transforms.py
[2023-09-28T23:45:00.716+0000] {processor.py:838} WARNING - No viable dags retrieved from /opt/airflow/dags/groups/group_transforms.py
[2023-09-28T23:45:00.743+0000] {processor.py:179} INFO - Processing /opt/airflow/dags/groups/group_transforms.py took 0.043 seconds
[2023-09-28T23:45:31.147+0000] {processor.py:157} INFO - Started process (PID=7892) to work on /opt/airflow/dags/groups/group_transforms.py
[2023-09-28T23:45:31.149+0000] {processor.py:826} INFO - Processing file /opt/airflow/dags/groups/group_transforms.py for tasks to queue
[2023-09-28T23:45:31.150+0000] {logging_mixin.py:150} INFO - [2023-09-28T23:45:31.150+0000] {dagbag.py:541} INFO - Filling up the DagBag from /opt/airflow/dags/groups/group_transforms.py
[2023-09-28T23:45:31.152+0000] {processor.py:838} WARNING - No viable dags retrieved from /opt/airflow/dags/groups/group_transforms.py
[2023-09-28T23:45:31.172+0000] {processor.py:179} INFO - Processing /opt/airflow/dags/groups/group_transforms.py took 0.032 seconds
[2023-09-28T23:46:01.890+0000] {processor.py:157} INFO - Started process (PID=7924) to work on /opt/airflow/dags/groups/group_transforms.py
[2023-09-28T23:46:01.894+0000] {processor.py:826} INFO - Processing file /opt/airflow/dags/groups/group_transforms.py for tasks to queue
[2023-09-28T23:46:01.895+0000] {logging_mixin.py:150} INFO - [2023-09-28T23:46:01.895+0000] {dagbag.py:541} INFO - Filling up the DagBag from /opt/airflow/dags/groups/group_transforms.py
[2023-09-28T23:46:01.901+0000] {processor.py:838} WARNING - No viable dags retrieved from /opt/airflow/dags/groups/group_transforms.py
[2023-09-28T23:46:01.921+0000] {processor.py:179} INFO - Processing /opt/airflow/dags/groups/group_transforms.py took 0.034 seconds
[2023-09-28T23:46:32.510+0000] {processor.py:157} INFO - Started process (PID=7951) to work on /opt/airflow/dags/groups/group_transforms.py
[2023-09-28T23:46:32.511+0000] {processor.py:826} INFO - Processing file /opt/airflow/dags/groups/group_transforms.py for tasks to queue
[2023-09-28T23:46:32.513+0000] {logging_mixin.py:150} INFO - [2023-09-28T23:46:32.513+0000] {dagbag.py:541} INFO - Filling up the DagBag from /opt/airflow/dags/groups/group_transforms.py
[2023-09-28T23:46:32.516+0000] {processor.py:838} WARNING - No viable dags retrieved from /opt/airflow/dags/groups/group_transforms.py
[2023-09-28T23:46:32.535+0000] {processor.py:179} INFO - Processing /opt/airflow/dags/groups/group_transforms.py took 0.028 seconds
[2023-09-28T23:47:03.240+0000] {processor.py:157} INFO - Started process (PID=7983) to work on /opt/airflow/dags/groups/group_transforms.py
[2023-09-28T23:47:03.283+0000] {processor.py:826} INFO - Processing file /opt/airflow/dags/groups/group_transforms.py for tasks to queue
[2023-09-28T23:47:03.285+0000] {logging_mixin.py:150} INFO - [2023-09-28T23:47:03.284+0000] {dagbag.py:541} INFO - Filling up the DagBag from /opt/airflow/dags/groups/group_transforms.py
[2023-09-28T23:47:03.288+0000] {processor.py:838} WARNING - No viable dags retrieved from /opt/airflow/dags/groups/group_transforms.py
[2023-09-28T23:47:03.305+0000] {processor.py:179} INFO - Processing /opt/airflow/dags/groups/group_transforms.py took 0.069 seconds
[2023-09-28T23:47:33.371+0000] {processor.py:157} INFO - Started process (PID=8015) to work on /opt/airflow/dags/groups/group_transforms.py
[2023-09-28T23:47:33.416+0000] {processor.py:826} INFO - Processing file /opt/airflow/dags/groups/group_transforms.py for tasks to queue
[2023-09-28T23:47:33.419+0000] {logging_mixin.py:150} INFO - [2023-09-28T23:47:33.418+0000] {dagbag.py:541} INFO - Filling up the DagBag from /opt/airflow/dags/groups/group_transforms.py
[2023-09-28T23:47:33.422+0000] {processor.py:838} WARNING - No viable dags retrieved from /opt/airflow/dags/groups/group_transforms.py
[2023-09-28T23:47:33.442+0000] {processor.py:179} INFO - Processing /opt/airflow/dags/groups/group_transforms.py took 0.074 seconds
[2023-09-28T23:48:03.656+0000] {processor.py:157} INFO - Started process (PID=8042) to work on /opt/airflow/dags/groups/group_transforms.py
[2023-09-28T23:48:03.657+0000] {processor.py:826} INFO - Processing file /opt/airflow/dags/groups/group_transforms.py for tasks to queue
[2023-09-28T23:48:03.658+0000] {logging_mixin.py:150} INFO - [2023-09-28T23:48:03.658+0000] {dagbag.py:541} INFO - Filling up the DagBag from /opt/airflow/dags/groups/group_transforms.py
[2023-09-28T23:48:03.660+0000] {processor.py:838} WARNING - No viable dags retrieved from /opt/airflow/dags/groups/group_transforms.py
[2023-09-28T23:48:03.678+0000] {processor.py:179} INFO - Processing /opt/airflow/dags/groups/group_transforms.py took 0.026 seconds
[2023-09-28T23:48:33.779+0000] {processor.py:157} INFO - Started process (PID=8069) to work on /opt/airflow/dags/groups/group_transforms.py
[2023-09-28T23:48:33.780+0000] {processor.py:826} INFO - Processing file /opt/airflow/dags/groups/group_transforms.py for tasks to queue
[2023-09-28T23:48:33.781+0000] {logging_mixin.py:150} INFO - [2023-09-28T23:48:33.781+0000] {dagbag.py:541} INFO - Filling up the DagBag from /opt/airflow/dags/groups/group_transforms.py
[2023-09-28T23:48:33.783+0000] {processor.py:838} WARNING - No viable dags retrieved from /opt/airflow/dags/groups/group_transforms.py
[2023-09-28T23:48:33.800+0000] {processor.py:179} INFO - Processing /opt/airflow/dags/groups/group_transforms.py took 0.024 seconds
[2023-09-28T23:49:04.070+0000] {processor.py:157} INFO - Started process (PID=8096) to work on /opt/airflow/dags/groups/group_transforms.py
[2023-09-28T23:49:04.074+0000] {processor.py:826} INFO - Processing file /opt/airflow/dags/groups/group_transforms.py for tasks to queue
[2023-09-28T23:49:04.075+0000] {logging_mixin.py:150} INFO - [2023-09-28T23:49:04.075+0000] {dagbag.py:541} INFO - Filling up the DagBag from /opt/airflow/dags/groups/group_transforms.py
[2023-09-28T23:49:04.077+0000] {processor.py:838} WARNING - No viable dags retrieved from /opt/airflow/dags/groups/group_transforms.py
[2023-09-28T23:49:04.093+0000] {processor.py:179} INFO - Processing /opt/airflow/dags/groups/group_transforms.py took 0.026 seconds
[2023-09-28T23:49:34.169+0000] {processor.py:157} INFO - Started process (PID=8123) to work on /opt/airflow/dags/groups/group_transforms.py
[2023-09-28T23:49:34.173+0000] {processor.py:826} INFO - Processing file /opt/airflow/dags/groups/group_transforms.py for tasks to queue
[2023-09-28T23:49:34.174+0000] {logging_mixin.py:150} INFO - [2023-09-28T23:49:34.174+0000] {dagbag.py:541} INFO - Filling up the DagBag from /opt/airflow/dags/groups/group_transforms.py
[2023-09-28T23:49:34.176+0000] {processor.py:838} WARNING - No viable dags retrieved from /opt/airflow/dags/groups/group_transforms.py
[2023-09-28T23:49:34.194+0000] {processor.py:179} INFO - Processing /opt/airflow/dags/groups/group_transforms.py took 0.028 seconds
[2023-09-28T23:50:04.273+0000] {processor.py:157} INFO - Started process (PID=8150) to work on /opt/airflow/dags/groups/group_transforms.py
[2023-09-28T23:50:04.273+0000] {processor.py:826} INFO - Processing file /opt/airflow/dags/groups/group_transforms.py for tasks to queue
[2023-09-28T23:50:04.274+0000] {logging_mixin.py:150} INFO - [2023-09-28T23:50:04.274+0000] {dagbag.py:541} INFO - Filling up the DagBag from /opt/airflow/dags/groups/group_transforms.py
[2023-09-28T23:50:04.276+0000] {processor.py:838} WARNING - No viable dags retrieved from /opt/airflow/dags/groups/group_transforms.py
[2023-09-28T23:50:04.292+0000] {processor.py:179} INFO - Processing /opt/airflow/dags/groups/group_transforms.py took 0.024 seconds
[2023-09-28T23:50:34.503+0000] {processor.py:157} INFO - Started process (PID=8177) to work on /opt/airflow/dags/groups/group_transforms.py
[2023-09-28T23:50:34.505+0000] {processor.py:826} INFO - Processing file /opt/airflow/dags/groups/group_transforms.py for tasks to queue
[2023-09-28T23:50:34.505+0000] {logging_mixin.py:150} INFO - [2023-09-28T23:50:34.505+0000] {dagbag.py:541} INFO - Filling up the DagBag from /opt/airflow/dags/groups/group_transforms.py
[2023-09-28T23:50:34.507+0000] {processor.py:838} WARNING - No viable dags retrieved from /opt/airflow/dags/groups/group_transforms.py
[2023-09-28T23:50:34.525+0000] {processor.py:179} INFO - Processing /opt/airflow/dags/groups/group_transforms.py took 0.025 seconds
[2023-09-28T23:51:04.593+0000] {processor.py:157} INFO - Started process (PID=8204) to work on /opt/airflow/dags/groups/group_transforms.py
[2023-09-28T23:51:04.594+0000] {processor.py:826} INFO - Processing file /opt/airflow/dags/groups/group_transforms.py for tasks to queue
[2023-09-28T23:51:04.595+0000] {logging_mixin.py:150} INFO - [2023-09-28T23:51:04.595+0000] {dagbag.py:541} INFO - Filling up the DagBag from /opt/airflow/dags/groups/group_transforms.py
[2023-09-28T23:51:04.597+0000] {processor.py:838} WARNING - No viable dags retrieved from /opt/airflow/dags/groups/group_transforms.py
[2023-09-28T23:51:04.612+0000] {processor.py:179} INFO - Processing /opt/airflow/dags/groups/group_transforms.py took 0.023 seconds
[2023-09-28T23:51:34.993+0000] {processor.py:157} INFO - Started process (PID=8231) to work on /opt/airflow/dags/groups/group_transforms.py
[2023-09-28T23:51:35.000+0000] {processor.py:826} INFO - Processing file /opt/airflow/dags/groups/group_transforms.py for tasks to queue
[2023-09-28T23:51:35.001+0000] {logging_mixin.py:150} INFO - [2023-09-28T23:51:35.001+0000] {dagbag.py:541} INFO - Filling up the DagBag from /opt/airflow/dags/groups/group_transforms.py
[2023-09-28T23:51:35.003+0000] {processor.py:838} WARNING - No viable dags retrieved from /opt/airflow/dags/groups/group_transforms.py
[2023-09-28T23:51:35.027+0000] {processor.py:179} INFO - Processing /opt/airflow/dags/groups/group_transforms.py took 0.038 seconds
[2023-09-28T23:52:05.170+0000] {processor.py:157} INFO - Started process (PID=8258) to work on /opt/airflow/dags/groups/group_transforms.py
[2023-09-28T23:52:05.171+0000] {processor.py:826} INFO - Processing file /opt/airflow/dags/groups/group_transforms.py for tasks to queue
[2023-09-28T23:52:05.172+0000] {logging_mixin.py:150} INFO - [2023-09-28T23:52:05.172+0000] {dagbag.py:541} INFO - Filling up the DagBag from /opt/airflow/dags/groups/group_transforms.py
[2023-09-28T23:52:05.174+0000] {processor.py:838} WARNING - No viable dags retrieved from /opt/airflow/dags/groups/group_transforms.py
[2023-09-28T23:52:05.196+0000] {processor.py:179} INFO - Processing /opt/airflow/dags/groups/group_transforms.py took 0.033 seconds
[2023-09-28T23:52:35.493+0000] {processor.py:157} INFO - Started process (PID=8286) to work on /opt/airflow/dags/groups/group_transforms.py
[2023-09-28T23:52:35.493+0000] {processor.py:826} INFO - Processing file /opt/airflow/dags/groups/group_transforms.py for tasks to queue
[2023-09-28T23:52:35.494+0000] {logging_mixin.py:150} INFO - [2023-09-28T23:52:35.494+0000] {dagbag.py:541} INFO - Filling up the DagBag from /opt/airflow/dags/groups/group_transforms.py
[2023-09-28T23:52:35.496+0000] {processor.py:838} WARNING - No viable dags retrieved from /opt/airflow/dags/groups/group_transforms.py
[2023-09-28T23:52:35.513+0000] {processor.py:179} INFO - Processing /opt/airflow/dags/groups/group_transforms.py took 0.024 seconds
[2023-09-28T23:53:05.665+0000] {processor.py:157} INFO - Started process (PID=8313) to work on /opt/airflow/dags/groups/group_transforms.py
[2023-09-28T23:53:05.667+0000] {processor.py:826} INFO - Processing file /opt/airflow/dags/groups/group_transforms.py for tasks to queue
[2023-09-28T23:53:05.667+0000] {logging_mixin.py:150} INFO - [2023-09-28T23:53:05.667+0000] {dagbag.py:541} INFO - Filling up the DagBag from /opt/airflow/dags/groups/group_transforms.py
[2023-09-28T23:53:05.669+0000] {processor.py:838} WARNING - No viable dags retrieved from /opt/airflow/dags/groups/group_transforms.py
[2023-09-28T23:53:05.688+0000] {processor.py:179} INFO - Processing /opt/airflow/dags/groups/group_transforms.py took 0.026 seconds
[2023-09-28T23:53:35.768+0000] {processor.py:157} INFO - Started process (PID=8340) to work on /opt/airflow/dags/groups/group_transforms.py
[2023-09-28T23:53:35.769+0000] {processor.py:826} INFO - Processing file /opt/airflow/dags/groups/group_transforms.py for tasks to queue
[2023-09-28T23:53:35.770+0000] {logging_mixin.py:150} INFO - [2023-09-28T23:53:35.770+0000] {dagbag.py:541} INFO - Filling up the DagBag from /opt/airflow/dags/groups/group_transforms.py
[2023-09-28T23:53:35.772+0000] {processor.py:838} WARNING - No viable dags retrieved from /opt/airflow/dags/groups/group_transforms.py
[2023-09-28T23:53:35.790+0000] {processor.py:179} INFO - Processing /opt/airflow/dags/groups/group_transforms.py took 0.025 seconds
[2023-09-28T23:54:06.145+0000] {processor.py:157} INFO - Started process (PID=8367) to work on /opt/airflow/dags/groups/group_transforms.py
[2023-09-28T23:54:06.150+0000] {processor.py:826} INFO - Processing file /opt/airflow/dags/groups/group_transforms.py for tasks to queue
[2023-09-28T23:54:06.151+0000] {logging_mixin.py:150} INFO - [2023-09-28T23:54:06.150+0000] {dagbag.py:541} INFO - Filling up the DagBag from /opt/airflow/dags/groups/group_transforms.py
[2023-09-28T23:54:06.153+0000] {processor.py:838} WARNING - No viable dags retrieved from /opt/airflow/dags/groups/group_transforms.py
[2023-09-28T23:54:06.168+0000] {processor.py:179} INFO - Processing /opt/airflow/dags/groups/group_transforms.py took 0.027 seconds
[2023-09-28T23:54:36.351+0000] {processor.py:157} INFO - Started process (PID=8395) to work on /opt/airflow/dags/groups/group_transforms.py
[2023-09-28T23:54:36.352+0000] {processor.py:826} INFO - Processing file /opt/airflow/dags/groups/group_transforms.py for tasks to queue
[2023-09-28T23:54:36.353+0000] {logging_mixin.py:150} INFO - [2023-09-28T23:54:36.352+0000] {dagbag.py:541} INFO - Filling up the DagBag from /opt/airflow/dags/groups/group_transforms.py
[2023-09-28T23:54:36.355+0000] {processor.py:838} WARNING - No viable dags retrieved from /opt/airflow/dags/groups/group_transforms.py
[2023-09-28T23:54:36.372+0000] {processor.py:179} INFO - Processing /opt/airflow/dags/groups/group_transforms.py took 0.025 seconds
[2023-09-28T23:55:06.598+0000] {processor.py:157} INFO - Started process (PID=8422) to work on /opt/airflow/dags/groups/group_transforms.py
[2023-09-28T23:55:06.602+0000] {processor.py:826} INFO - Processing file /opt/airflow/dags/groups/group_transforms.py for tasks to queue
[2023-09-28T23:55:06.603+0000] {logging_mixin.py:150} INFO - [2023-09-28T23:55:06.603+0000] {dagbag.py:541} INFO - Filling up the DagBag from /opt/airflow/dags/groups/group_transforms.py
[2023-09-28T23:55:06.605+0000] {processor.py:838} WARNING - No viable dags retrieved from /opt/airflow/dags/groups/group_transforms.py
[2023-09-28T23:55:06.628+0000] {processor.py:179} INFO - Processing /opt/airflow/dags/groups/group_transforms.py took 0.034 seconds
[2023-09-28T23:55:36.701+0000] {processor.py:157} INFO - Started process (PID=8449) to work on /opt/airflow/dags/groups/group_transforms.py
[2023-09-28T23:55:36.701+0000] {processor.py:826} INFO - Processing file /opt/airflow/dags/groups/group_transforms.py for tasks to queue
[2023-09-28T23:55:36.702+0000] {logging_mixin.py:150} INFO - [2023-09-28T23:55:36.702+0000] {dagbag.py:541} INFO - Filling up the DagBag from /opt/airflow/dags/groups/group_transforms.py
[2023-09-28T23:55:36.704+0000] {processor.py:838} WARNING - No viable dags retrieved from /opt/airflow/dags/groups/group_transforms.py
[2023-09-28T23:55:36.722+0000] {processor.py:179} INFO - Processing /opt/airflow/dags/groups/group_transforms.py took 0.025 seconds
[2023-09-28T23:56:07.160+0000] {processor.py:157} INFO - Started process (PID=8476) to work on /opt/airflow/dags/groups/group_transforms.py
[2023-09-28T23:56:07.162+0000] {processor.py:826} INFO - Processing file /opt/airflow/dags/groups/group_transforms.py for tasks to queue
[2023-09-28T23:56:07.163+0000] {logging_mixin.py:150} INFO - [2023-09-28T23:56:07.163+0000] {dagbag.py:541} INFO - Filling up the DagBag from /opt/airflow/dags/groups/group_transforms.py
[2023-09-28T23:56:07.165+0000] {processor.py:838} WARNING - No viable dags retrieved from /opt/airflow/dags/groups/group_transforms.py
[2023-09-28T23:56:07.182+0000] {processor.py:179} INFO - Processing /opt/airflow/dags/groups/group_transforms.py took 0.025 seconds
[2023-09-28T23:56:37.819+0000] {processor.py:157} INFO - Started process (PID=8494) to work on /opt/airflow/dags/groups/group_transforms.py
[2023-09-28T23:56:37.820+0000] {processor.py:826} INFO - Processing file /opt/airflow/dags/groups/group_transforms.py for tasks to queue
[2023-09-28T23:56:37.821+0000] {logging_mixin.py:150} INFO - [2023-09-28T23:56:37.820+0000] {dagbag.py:541} INFO - Filling up the DagBag from /opt/airflow/dags/groups/group_transforms.py
[2023-09-28T23:56:37.822+0000] {processor.py:838} WARNING - No viable dags retrieved from /opt/airflow/dags/groups/group_transforms.py
[2023-09-28T23:56:37.843+0000] {processor.py:179} INFO - Processing /opt/airflow/dags/groups/group_transforms.py took 0.033 seconds
[2023-09-28T23:57:08.174+0000] {processor.py:157} INFO - Started process (PID=8521) to work on /opt/airflow/dags/groups/group_transforms.py
[2023-09-28T23:57:08.180+0000] {processor.py:826} INFO - Processing file /opt/airflow/dags/groups/group_transforms.py for tasks to queue
[2023-09-28T23:57:08.184+0000] {logging_mixin.py:150} INFO - [2023-09-28T23:57:08.182+0000] {dagbag.py:541} INFO - Filling up the DagBag from /opt/airflow/dags/groups/group_transforms.py
[2023-09-28T23:57:08.186+0000] {processor.py:838} WARNING - No viable dags retrieved from /opt/airflow/dags/groups/group_transforms.py
[2023-09-28T23:57:08.208+0000] {processor.py:179} INFO - Processing /opt/airflow/dags/groups/group_transforms.py took 0.037 seconds
[2023-09-28T23:57:38.423+0000] {processor.py:157} INFO - Started process (PID=8548) to work on /opt/airflow/dags/groups/group_transforms.py
[2023-09-28T23:57:38.427+0000] {processor.py:826} INFO - Processing file /opt/airflow/dags/groups/group_transforms.py for tasks to queue
[2023-09-28T23:57:38.428+0000] {logging_mixin.py:150} INFO - [2023-09-28T23:57:38.428+0000] {dagbag.py:541} INFO - Filling up the DagBag from /opt/airflow/dags/groups/group_transforms.py
[2023-09-28T23:57:38.430+0000] {processor.py:838} WARNING - No viable dags retrieved from /opt/airflow/dags/groups/group_transforms.py
[2023-09-28T23:57:38.448+0000] {processor.py:179} INFO - Processing /opt/airflow/dags/groups/group_transforms.py took 0.028 seconds
[2023-09-28T23:58:08.604+0000] {processor.py:157} INFO - Started process (PID=8575) to work on /opt/airflow/dags/groups/group_transforms.py
[2023-09-28T23:58:08.609+0000] {processor.py:826} INFO - Processing file /opt/airflow/dags/groups/group_transforms.py for tasks to queue
[2023-09-28T23:58:08.610+0000] {logging_mixin.py:150} INFO - [2023-09-28T23:58:08.610+0000] {dagbag.py:541} INFO - Filling up the DagBag from /opt/airflow/dags/groups/group_transforms.py
[2023-09-28T23:58:08.612+0000] {processor.py:838} WARNING - No viable dags retrieved from /opt/airflow/dags/groups/group_transforms.py
[2023-09-28T23:58:08.629+0000] {processor.py:179} INFO - Processing /opt/airflow/dags/groups/group_transforms.py took 0.028 seconds
[2023-09-28T23:58:38.832+0000] {processor.py:157} INFO - Started process (PID=8603) to work on /opt/airflow/dags/groups/group_transforms.py
[2023-09-28T23:58:38.837+0000] {processor.py:826} INFO - Processing file /opt/airflow/dags/groups/group_transforms.py for tasks to queue
[2023-09-28T23:58:38.838+0000] {logging_mixin.py:150} INFO - [2023-09-28T23:58:38.838+0000] {dagbag.py:541} INFO - Filling up the DagBag from /opt/airflow/dags/groups/group_transforms.py
[2023-09-28T23:58:38.840+0000] {processor.py:838} WARNING - No viable dags retrieved from /opt/airflow/dags/groups/group_transforms.py
[2023-09-28T23:58:38.861+0000] {processor.py:179} INFO - Processing /opt/airflow/dags/groups/group_transforms.py took 0.033 seconds
[2023-09-28T23:59:09.150+0000] {processor.py:157} INFO - Started process (PID=8631) to work on /opt/airflow/dags/groups/group_transforms.py
[2023-09-28T23:59:09.151+0000] {processor.py:826} INFO - Processing file /opt/airflow/dags/groups/group_transforms.py for tasks to queue
[2023-09-28T23:59:09.152+0000] {logging_mixin.py:150} INFO - [2023-09-28T23:59:09.151+0000] {dagbag.py:541} INFO - Filling up the DagBag from /opt/airflow/dags/groups/group_transforms.py
[2023-09-28T23:59:09.154+0000] {processor.py:838} WARNING - No viable dags retrieved from /opt/airflow/dags/groups/group_transforms.py
[2023-09-28T23:59:09.172+0000] {processor.py:179} INFO - Processing /opt/airflow/dags/groups/group_transforms.py took 0.027 seconds
[2023-09-28T23:59:39.280+0000] {processor.py:157} INFO - Started process (PID=8658) to work on /opt/airflow/dags/groups/group_transforms.py
[2023-09-28T23:59:39.282+0000] {processor.py:826} INFO - Processing file /opt/airflow/dags/groups/group_transforms.py for tasks to queue
[2023-09-28T23:59:39.282+0000] {logging_mixin.py:150} INFO - [2023-09-28T23:59:39.282+0000] {dagbag.py:541} INFO - Filling up the DagBag from /opt/airflow/dags/groups/group_transforms.py
[2023-09-28T23:59:39.284+0000] {processor.py:838} WARNING - No viable dags retrieved from /opt/airflow/dags/groups/group_transforms.py
[2023-09-28T23:59:39.302+0000] {processor.py:179} INFO - Processing /opt/airflow/dags/groups/group_transforms.py took 0.025 seconds
