[2023-09-28T23:29:14.743+0000] {processor.py:157} INFO - Started process (PID=7040) to work on /opt/airflow/dags/groups/group_downloads.py
[2023-09-28T23:29:14.743+0000] {processor.py:826} INFO - Processing file /opt/airflow/dags/groups/group_downloads.py for tasks to queue
[2023-09-28T23:29:14.744+0000] {logging_mixin.py:150} INFO - [2023-09-28T23:29:14.744+0000] {dagbag.py:541} INFO - Filling up the DagBag from /opt/airflow/dags/groups/group_downloads.py
[2023-09-28T23:29:14.747+0000] {processor.py:838} WARNING - No viable dags retrieved from /opt/airflow/dags/groups/group_downloads.py
[2023-09-28T23:29:14.764+0000] {processor.py:179} INFO - Processing /opt/airflow/dags/groups/group_downloads.py took 0.025 seconds
[2023-09-28T23:29:44.952+0000] {processor.py:157} INFO - Started process (PID=7066) to work on /opt/airflow/dags/groups/group_downloads.py
[2023-09-28T23:29:44.953+0000] {processor.py:826} INFO - Processing file /opt/airflow/dags/groups/group_downloads.py for tasks to queue
[2023-09-28T23:29:44.954+0000] {logging_mixin.py:150} INFO - [2023-09-28T23:29:44.954+0000] {dagbag.py:541} INFO - Filling up the DagBag from /opt/airflow/dags/groups/group_downloads.py
[2023-09-28T23:29:44.956+0000] {processor.py:838} WARNING - No viable dags retrieved from /opt/airflow/dags/groups/group_downloads.py
[2023-09-28T23:29:44.974+0000] {processor.py:179} INFO - Processing /opt/airflow/dags/groups/group_downloads.py took 0.027 seconds
[2023-09-28T23:30:15.175+0000] {processor.py:157} INFO - Started process (PID=7092) to work on /opt/airflow/dags/groups/group_downloads.py
[2023-09-28T23:30:15.176+0000] {processor.py:826} INFO - Processing file /opt/airflow/dags/groups/group_downloads.py for tasks to queue
[2023-09-28T23:30:15.177+0000] {logging_mixin.py:150} INFO - [2023-09-28T23:30:15.177+0000] {dagbag.py:541} INFO - Filling up the DagBag from /opt/airflow/dags/groups/group_downloads.py
[2023-09-28T23:30:15.179+0000] {processor.py:838} WARNING - No viable dags retrieved from /opt/airflow/dags/groups/group_downloads.py
[2023-09-28T23:30:15.194+0000] {processor.py:179} INFO - Processing /opt/airflow/dags/groups/group_downloads.py took 0.022 seconds
[2023-09-28T23:30:16.221+0000] {processor.py:157} INFO - Started process (PID=7094) to work on /opt/airflow/dags/groups/group_downloads.py
[2023-09-28T23:30:16.222+0000] {processor.py:826} INFO - Processing file /opt/airflow/dags/groups/group_downloads.py for tasks to queue
[2023-09-28T23:30:16.223+0000] {logging_mixin.py:150} INFO - [2023-09-28T23:30:16.223+0000] {dagbag.py:541} INFO - Filling up the DagBag from /opt/airflow/dags/groups/group_downloads.py
[2023-09-28T23:30:16.226+0000] {processor.py:838} WARNING - No viable dags retrieved from /opt/airflow/dags/groups/group_downloads.py
[2023-09-28T23:30:16.240+0000] {processor.py:179} INFO - Processing /opt/airflow/dags/groups/group_downloads.py took 0.022 seconds
[2023-09-28T23:30:34.837+0000] {processor.py:157} INFO - Started process (PID=7110) to work on /opt/airflow/dags/groups/group_downloads.py
[2023-09-28T23:30:34.838+0000] {processor.py:826} INFO - Processing file /opt/airflow/dags/groups/group_downloads.py for tasks to queue
[2023-09-28T23:30:34.839+0000] {logging_mixin.py:150} INFO - [2023-09-28T23:30:34.839+0000] {dagbag.py:541} INFO - Filling up the DagBag from /opt/airflow/dags/groups/group_downloads.py
[2023-09-28T23:30:34.841+0000] {processor.py:838} WARNING - No viable dags retrieved from /opt/airflow/dags/groups/group_downloads.py
[2023-09-28T23:30:34.857+0000] {processor.py:179} INFO - Processing /opt/airflow/dags/groups/group_downloads.py took 0.023 seconds
[2023-09-28T23:31:05.170+0000] {processor.py:157} INFO - Started process (PID=7136) to work on /opt/airflow/dags/groups/group_downloads.py
[2023-09-28T23:31:05.183+0000] {processor.py:826} INFO - Processing file /opt/airflow/dags/groups/group_downloads.py for tasks to queue
[2023-09-28T23:31:05.185+0000] {logging_mixin.py:150} INFO - [2023-09-28T23:31:05.185+0000] {dagbag.py:541} INFO - Filling up the DagBag from /opt/airflow/dags/groups/group_downloads.py
[2023-09-28T23:31:05.189+0000] {processor.py:838} WARNING - No viable dags retrieved from /opt/airflow/dags/groups/group_downloads.py
[2023-09-28T23:31:05.219+0000] {processor.py:179} INFO - Processing /opt/airflow/dags/groups/group_downloads.py took 0.058 seconds
[2023-09-28T23:31:35.416+0000] {processor.py:157} INFO - Started process (PID=7162) to work on /opt/airflow/dags/groups/group_downloads.py
[2023-09-28T23:31:35.417+0000] {processor.py:826} INFO - Processing file /opt/airflow/dags/groups/group_downloads.py for tasks to queue
[2023-09-28T23:31:35.418+0000] {logging_mixin.py:150} INFO - [2023-09-28T23:31:35.417+0000] {dagbag.py:541} INFO - Filling up the DagBag from /opt/airflow/dags/groups/group_downloads.py
[2023-09-28T23:31:35.420+0000] {processor.py:838} WARNING - No viable dags retrieved from /opt/airflow/dags/groups/group_downloads.py
[2023-09-28T23:31:35.436+0000] {processor.py:179} INFO - Processing /opt/airflow/dags/groups/group_downloads.py took 0.025 seconds
[2023-09-28T23:32:05.601+0000] {processor.py:157} INFO - Started process (PID=7188) to work on /opt/airflow/dags/groups/group_downloads.py
[2023-09-28T23:32:05.606+0000] {processor.py:826} INFO - Processing file /opt/airflow/dags/groups/group_downloads.py for tasks to queue
[2023-09-28T23:32:05.607+0000] {logging_mixin.py:150} INFO - [2023-09-28T23:32:05.607+0000] {dagbag.py:541} INFO - Filling up the DagBag from /opt/airflow/dags/groups/group_downloads.py
[2023-09-28T23:32:05.609+0000] {processor.py:838} WARNING - No viable dags retrieved from /opt/airflow/dags/groups/group_downloads.py
[2023-09-28T23:32:05.627+0000] {processor.py:179} INFO - Processing /opt/airflow/dags/groups/group_downloads.py took 0.031 seconds
[2023-09-28T23:32:35.804+0000] {processor.py:157} INFO - Started process (PID=7215) to work on /opt/airflow/dags/groups/group_downloads.py
[2023-09-28T23:32:35.809+0000] {processor.py:826} INFO - Processing file /opt/airflow/dags/groups/group_downloads.py for tasks to queue
[2023-09-28T23:32:35.810+0000] {logging_mixin.py:150} INFO - [2023-09-28T23:32:35.810+0000] {dagbag.py:541} INFO - Filling up the DagBag from /opt/airflow/dags/groups/group_downloads.py
[2023-09-28T23:32:35.812+0000] {processor.py:838} WARNING - No viable dags retrieved from /opt/airflow/dags/groups/group_downloads.py
[2023-09-28T23:32:35.831+0000] {processor.py:179} INFO - Processing /opt/airflow/dags/groups/group_downloads.py took 0.031 seconds
[2023-09-28T23:33:05.961+0000] {processor.py:157} INFO - Started process (PID=7243) to work on /opt/airflow/dags/groups/group_downloads.py
[2023-09-28T23:33:05.965+0000] {processor.py:826} INFO - Processing file /opt/airflow/dags/groups/group_downloads.py for tasks to queue
[2023-09-28T23:33:05.966+0000] {logging_mixin.py:150} INFO - [2023-09-28T23:33:05.966+0000] {dagbag.py:541} INFO - Filling up the DagBag from /opt/airflow/dags/groups/group_downloads.py
[2023-09-28T23:33:05.969+0000] {processor.py:838} WARNING - No viable dags retrieved from /opt/airflow/dags/groups/group_downloads.py
[2023-09-28T23:33:05.987+0000] {processor.py:179} INFO - Processing /opt/airflow/dags/groups/group_downloads.py took 0.029 seconds
[2023-09-28T23:33:36.165+0000] {processor.py:157} INFO - Started process (PID=7270) to work on /opt/airflow/dags/groups/group_downloads.py
[2023-09-28T23:33:36.167+0000] {processor.py:826} INFO - Processing file /opt/airflow/dags/groups/group_downloads.py for tasks to queue
[2023-09-28T23:33:36.169+0000] {logging_mixin.py:150} INFO - [2023-09-28T23:33:36.168+0000] {dagbag.py:541} INFO - Filling up the DagBag from /opt/airflow/dags/groups/group_downloads.py
[2023-09-28T23:33:36.173+0000] {processor.py:838} WARNING - No viable dags retrieved from /opt/airflow/dags/groups/group_downloads.py
[2023-09-28T23:33:36.225+0000] {processor.py:179} INFO - Processing /opt/airflow/dags/groups/group_downloads.py took 0.070 seconds
[2023-09-28T23:34:06.338+0000] {processor.py:157} INFO - Started process (PID=7301) to work on /opt/airflow/dags/groups/group_downloads.py
[2023-09-28T23:34:06.339+0000] {processor.py:826} INFO - Processing file /opt/airflow/dags/groups/group_downloads.py for tasks to queue
[2023-09-28T23:34:06.340+0000] {logging_mixin.py:150} INFO - [2023-09-28T23:34:06.340+0000] {dagbag.py:541} INFO - Filling up the DagBag from /opt/airflow/dags/groups/group_downloads.py
[2023-09-28T23:34:06.343+0000] {processor.py:838} WARNING - No viable dags retrieved from /opt/airflow/dags/groups/group_downloads.py
[2023-09-28T23:34:06.360+0000] {processor.py:179} INFO - Processing /opt/airflow/dags/groups/group_downloads.py took 0.027 seconds
[2023-09-28T23:34:37.069+0000] {processor.py:157} INFO - Started process (PID=7327) to work on /opt/airflow/dags/groups/group_downloads.py
[2023-09-28T23:34:37.071+0000] {processor.py:826} INFO - Processing file /opt/airflow/dags/groups/group_downloads.py for tasks to queue
[2023-09-28T23:34:37.072+0000] {logging_mixin.py:150} INFO - [2023-09-28T23:34:37.072+0000] {dagbag.py:541} INFO - Filling up the DagBag from /opt/airflow/dags/groups/group_downloads.py
[2023-09-28T23:34:37.075+0000] {processor.py:838} WARNING - No viable dags retrieved from /opt/airflow/dags/groups/group_downloads.py
[2023-09-28T23:34:37.094+0000] {processor.py:179} INFO - Processing /opt/airflow/dags/groups/group_downloads.py took 0.028 seconds
[2023-09-28T23:35:07.400+0000] {processor.py:157} INFO - Started process (PID=7358) to work on /opt/airflow/dags/groups/group_downloads.py
[2023-09-28T23:35:07.405+0000] {processor.py:826} INFO - Processing file /opt/airflow/dags/groups/group_downloads.py for tasks to queue
[2023-09-28T23:35:07.406+0000] {logging_mixin.py:150} INFO - [2023-09-28T23:35:07.406+0000] {dagbag.py:541} INFO - Filling up the DagBag from /opt/airflow/dags/groups/group_downloads.py
[2023-09-28T23:35:07.409+0000] {processor.py:838} WARNING - No viable dags retrieved from /opt/airflow/dags/groups/group_downloads.py
[2023-09-28T23:35:07.425+0000] {processor.py:179} INFO - Processing /opt/airflow/dags/groups/group_downloads.py took 0.028 seconds
[2023-09-28T23:35:37.522+0000] {processor.py:157} INFO - Started process (PID=7384) to work on /opt/airflow/dags/groups/group_downloads.py
[2023-09-28T23:35:37.523+0000] {processor.py:826} INFO - Processing file /opt/airflow/dags/groups/group_downloads.py for tasks to queue
[2023-09-28T23:35:37.524+0000] {logging_mixin.py:150} INFO - [2023-09-28T23:35:37.523+0000] {dagbag.py:541} INFO - Filling up the DagBag from /opt/airflow/dags/groups/group_downloads.py
[2023-09-28T23:35:37.526+0000] {processor.py:838} WARNING - No viable dags retrieved from /opt/airflow/dags/groups/group_downloads.py
[2023-09-28T23:35:37.542+0000] {processor.py:179} INFO - Processing /opt/airflow/dags/groups/group_downloads.py took 0.025 seconds
[2023-09-28T23:36:07.917+0000] {processor.py:157} INFO - Started process (PID=7411) to work on /opt/airflow/dags/groups/group_downloads.py
[2023-09-28T23:36:07.918+0000] {processor.py:826} INFO - Processing file /opt/airflow/dags/groups/group_downloads.py for tasks to queue
[2023-09-28T23:36:07.919+0000] {logging_mixin.py:150} INFO - [2023-09-28T23:36:07.918+0000] {dagbag.py:541} INFO - Filling up the DagBag from /opt/airflow/dags/groups/group_downloads.py
[2023-09-28T23:36:07.921+0000] {processor.py:838} WARNING - No viable dags retrieved from /opt/airflow/dags/groups/group_downloads.py
[2023-09-28T23:36:07.938+0000] {processor.py:179} INFO - Processing /opt/airflow/dags/groups/group_downloads.py took 0.024 seconds
[2023-09-28T23:36:38.133+0000] {processor.py:157} INFO - Started process (PID=7438) to work on /opt/airflow/dags/groups/group_downloads.py
[2023-09-28T23:36:38.135+0000] {processor.py:826} INFO - Processing file /opt/airflow/dags/groups/group_downloads.py for tasks to queue
[2023-09-28T23:36:38.136+0000] {logging_mixin.py:150} INFO - [2023-09-28T23:36:38.136+0000] {dagbag.py:541} INFO - Filling up the DagBag from /opt/airflow/dags/groups/group_downloads.py
[2023-09-28T23:36:38.138+0000] {processor.py:838} WARNING - No viable dags retrieved from /opt/airflow/dags/groups/group_downloads.py
[2023-09-28T23:36:38.157+0000] {processor.py:179} INFO - Processing /opt/airflow/dags/groups/group_downloads.py took 0.030 seconds
[2023-09-28T23:37:08.365+0000] {processor.py:157} INFO - Started process (PID=7465) to work on /opt/airflow/dags/groups/group_downloads.py
[2023-09-28T23:37:08.366+0000] {processor.py:826} INFO - Processing file /opt/airflow/dags/groups/group_downloads.py for tasks to queue
[2023-09-28T23:37:08.367+0000] {logging_mixin.py:150} INFO - [2023-09-28T23:37:08.367+0000] {dagbag.py:541} INFO - Filling up the DagBag from /opt/airflow/dags/groups/group_downloads.py
[2023-09-28T23:37:08.369+0000] {processor.py:838} WARNING - No viable dags retrieved from /opt/airflow/dags/groups/group_downloads.py
[2023-09-28T23:37:08.382+0000] {processor.py:179} INFO - Processing /opt/airflow/dags/groups/group_downloads.py took 0.022 seconds
[2023-09-28T23:37:38.664+0000] {processor.py:157} INFO - Started process (PID=7491) to work on /opt/airflow/dags/groups/group_downloads.py
[2023-09-28T23:37:38.666+0000] {processor.py:826} INFO - Processing file /opt/airflow/dags/groups/group_downloads.py for tasks to queue
[2023-09-28T23:37:38.668+0000] {logging_mixin.py:150} INFO - [2023-09-28T23:37:38.667+0000] {dagbag.py:541} INFO - Filling up the DagBag from /opt/airflow/dags/groups/group_downloads.py
[2023-09-28T23:37:38.671+0000] {processor.py:838} WARNING - No viable dags retrieved from /opt/airflow/dags/groups/group_downloads.py
[2023-09-28T23:37:38.690+0000] {processor.py:179} INFO - Processing /opt/airflow/dags/groups/group_downloads.py took 0.030 seconds
[2023-09-28T23:38:00.421+0000] {processor.py:157} INFO - Started process (PID=7505) to work on /opt/airflow/dags/groups/group_downloads.py
[2023-09-28T23:38:00.421+0000] {processor.py:826} INFO - Processing file /opt/airflow/dags/groups/group_downloads.py for tasks to queue
[2023-09-28T23:38:00.422+0000] {logging_mixin.py:150} INFO - [2023-09-28T23:38:00.422+0000] {dagbag.py:541} INFO - Filling up the DagBag from /opt/airflow/dags/groups/group_downloads.py
[2023-09-28T23:38:00.426+0000] {processor.py:838} WARNING - No viable dags retrieved from /opt/airflow/dags/groups/group_downloads.py
[2023-09-28T23:38:00.441+0000] {processor.py:179} INFO - Processing /opt/airflow/dags/groups/group_downloads.py took 0.024 seconds
[2023-09-28T23:38:30.632+0000] {processor.py:157} INFO - Started process (PID=7531) to work on /opt/airflow/dags/groups/group_downloads.py
[2023-09-28T23:38:30.637+0000] {processor.py:826} INFO - Processing file /opt/airflow/dags/groups/group_downloads.py for tasks to queue
[2023-09-28T23:38:30.638+0000] {logging_mixin.py:150} INFO - [2023-09-28T23:38:30.638+0000] {dagbag.py:541} INFO - Filling up the DagBag from /opt/airflow/dags/groups/group_downloads.py
[2023-09-28T23:38:30.643+0000] {processor.py:838} WARNING - No viable dags retrieved from /opt/airflow/dags/groups/group_downloads.py
[2023-09-28T23:38:30.665+0000] {processor.py:179} INFO - Processing /opt/airflow/dags/groups/group_downloads.py took 0.036 seconds
[2023-09-28T23:39:01.226+0000] {processor.py:157} INFO - Started process (PID=7557) to work on /opt/airflow/dags/groups/group_downloads.py
[2023-09-28T23:39:01.228+0000] {processor.py:826} INFO - Processing file /opt/airflow/dags/groups/group_downloads.py for tasks to queue
[2023-09-28T23:39:01.228+0000] {logging_mixin.py:150} INFO - [2023-09-28T23:39:01.228+0000] {dagbag.py:541} INFO - Filling up the DagBag from /opt/airflow/dags/groups/group_downloads.py
[2023-09-28T23:39:01.231+0000] {processor.py:838} WARNING - No viable dags retrieved from /opt/airflow/dags/groups/group_downloads.py
[2023-09-28T23:39:01.247+0000] {processor.py:179} INFO - Processing /opt/airflow/dags/groups/group_downloads.py took 0.025 seconds
[2023-09-28T23:39:32.034+0000] {processor.py:157} INFO - Started process (PID=7583) to work on /opt/airflow/dags/groups/group_downloads.py
[2023-09-28T23:39:32.038+0000] {processor.py:826} INFO - Processing file /opt/airflow/dags/groups/group_downloads.py for tasks to queue
[2023-09-28T23:39:32.039+0000] {logging_mixin.py:150} INFO - [2023-09-28T23:39:32.039+0000] {dagbag.py:541} INFO - Filling up the DagBag from /opt/airflow/dags/groups/group_downloads.py
[2023-09-28T23:39:32.041+0000] {processor.py:838} WARNING - No viable dags retrieved from /opt/airflow/dags/groups/group_downloads.py
[2023-09-28T23:39:32.068+0000] {processor.py:179} INFO - Processing /opt/airflow/dags/groups/group_downloads.py took 0.037 seconds
[2023-09-28T23:40:02.166+0000] {processor.py:157} INFO - Started process (PID=7609) to work on /opt/airflow/dags/groups/group_downloads.py
[2023-09-28T23:40:02.171+0000] {processor.py:826} INFO - Processing file /opt/airflow/dags/groups/group_downloads.py for tasks to queue
[2023-09-28T23:40:02.172+0000] {logging_mixin.py:150} INFO - [2023-09-28T23:40:02.171+0000] {dagbag.py:541} INFO - Filling up the DagBag from /opt/airflow/dags/groups/group_downloads.py
[2023-09-28T23:40:02.175+0000] {processor.py:838} WARNING - No viable dags retrieved from /opt/airflow/dags/groups/group_downloads.py
[2023-09-28T23:40:02.193+0000] {processor.py:179} INFO - Processing /opt/airflow/dags/groups/group_downloads.py took 0.030 seconds
[2023-09-28T23:40:32.569+0000] {processor.py:157} INFO - Started process (PID=7636) to work on /opt/airflow/dags/groups/group_downloads.py
[2023-09-28T23:40:32.571+0000] {processor.py:826} INFO - Processing file /opt/airflow/dags/groups/group_downloads.py for tasks to queue
[2023-09-28T23:40:32.572+0000] {logging_mixin.py:150} INFO - [2023-09-28T23:40:32.572+0000] {dagbag.py:541} INFO - Filling up the DagBag from /opt/airflow/dags/groups/group_downloads.py
[2023-09-28T23:40:32.575+0000] {processor.py:838} WARNING - No viable dags retrieved from /opt/airflow/dags/groups/group_downloads.py
[2023-09-28T23:40:32.594+0000] {processor.py:179} INFO - Processing /opt/airflow/dags/groups/group_downloads.py took 0.028 seconds
[2023-09-28T23:41:02.905+0000] {processor.py:157} INFO - Started process (PID=7662) to work on /opt/airflow/dags/groups/group_downloads.py
[2023-09-28T23:41:02.906+0000] {processor.py:826} INFO - Processing file /opt/airflow/dags/groups/group_downloads.py for tasks to queue
[2023-09-28T23:41:02.907+0000] {logging_mixin.py:150} INFO - [2023-09-28T23:41:02.907+0000] {dagbag.py:541} INFO - Filling up the DagBag from /opt/airflow/dags/groups/group_downloads.py
[2023-09-28T23:41:02.909+0000] {processor.py:838} WARNING - No viable dags retrieved from /opt/airflow/dags/groups/group_downloads.py
[2023-09-28T23:41:02.927+0000] {processor.py:179} INFO - Processing /opt/airflow/dags/groups/group_downloads.py took 0.025 seconds
[2023-09-28T23:41:32.965+0000] {processor.py:157} INFO - Started process (PID=7688) to work on /opt/airflow/dags/groups/group_downloads.py
[2023-09-28T23:41:32.969+0000] {processor.py:826} INFO - Processing file /opt/airflow/dags/groups/group_downloads.py for tasks to queue
[2023-09-28T23:41:32.970+0000] {logging_mixin.py:150} INFO - [2023-09-28T23:41:32.969+0000] {dagbag.py:541} INFO - Filling up the DagBag from /opt/airflow/dags/groups/group_downloads.py
[2023-09-28T23:41:32.971+0000] {processor.py:838} WARNING - No viable dags retrieved from /opt/airflow/dags/groups/group_downloads.py
[2023-09-28T23:41:32.990+0000] {processor.py:179} INFO - Processing /opt/airflow/dags/groups/group_downloads.py took 0.029 seconds
[2023-09-28T23:42:03.235+0000] {processor.py:157} INFO - Started process (PID=7714) to work on /opt/airflow/dags/groups/group_downloads.py
[2023-09-28T23:42:03.236+0000] {processor.py:826} INFO - Processing file /opt/airflow/dags/groups/group_downloads.py for tasks to queue
[2023-09-28T23:42:03.237+0000] {logging_mixin.py:150} INFO - [2023-09-28T23:42:03.237+0000] {dagbag.py:541} INFO - Filling up the DagBag from /opt/airflow/dags/groups/group_downloads.py
[2023-09-28T23:42:03.239+0000] {processor.py:838} WARNING - No viable dags retrieved from /opt/airflow/dags/groups/group_downloads.py
[2023-09-28T23:42:03.257+0000] {processor.py:179} INFO - Processing /opt/airflow/dags/groups/group_downloads.py took 0.025 seconds
[2023-09-28T23:42:33.832+0000] {processor.py:157} INFO - Started process (PID=7731) to work on /opt/airflow/dags/groups/group_downloads.py
[2023-09-28T23:42:33.834+0000] {processor.py:826} INFO - Processing file /opt/airflow/dags/groups/group_downloads.py for tasks to queue
[2023-09-28T23:42:33.835+0000] {logging_mixin.py:150} INFO - [2023-09-28T23:42:33.835+0000] {dagbag.py:541} INFO - Filling up the DagBag from /opt/airflow/dags/groups/group_downloads.py
[2023-09-28T23:42:33.838+0000] {processor.py:838} WARNING - No viable dags retrieved from /opt/airflow/dags/groups/group_downloads.py
[2023-09-28T23:42:33.859+0000] {processor.py:179} INFO - Processing /opt/airflow/dags/groups/group_downloads.py took 0.031 seconds
[2023-09-28T23:43:04.045+0000] {processor.py:157} INFO - Started process (PID=7757) to work on /opt/airflow/dags/groups/group_downloads.py
[2023-09-28T23:43:04.047+0000] {processor.py:826} INFO - Processing file /opt/airflow/dags/groups/group_downloads.py for tasks to queue
[2023-09-28T23:43:04.049+0000] {logging_mixin.py:150} INFO - [2023-09-28T23:43:04.048+0000] {dagbag.py:541} INFO - Filling up the DagBag from /opt/airflow/dags/groups/group_downloads.py
[2023-09-28T23:43:04.054+0000] {processor.py:838} WARNING - No viable dags retrieved from /opt/airflow/dags/groups/group_downloads.py
[2023-09-28T23:43:04.078+0000] {processor.py:179} INFO - Processing /opt/airflow/dags/groups/group_downloads.py took 0.040 seconds
[2023-09-28T23:43:34.440+0000] {processor.py:157} INFO - Started process (PID=7784) to work on /opt/airflow/dags/groups/group_downloads.py
[2023-09-28T23:43:34.445+0000] {processor.py:826} INFO - Processing file /opt/airflow/dags/groups/group_downloads.py for tasks to queue
[2023-09-28T23:43:34.446+0000] {logging_mixin.py:150} INFO - [2023-09-28T23:43:34.446+0000] {dagbag.py:541} INFO - Filling up the DagBag from /opt/airflow/dags/groups/group_downloads.py
[2023-09-28T23:43:34.450+0000] {processor.py:838} WARNING - No viable dags retrieved from /opt/airflow/dags/groups/group_downloads.py
[2023-09-28T23:43:34.468+0000] {processor.py:179} INFO - Processing /opt/airflow/dags/groups/group_downloads.py took 0.034 seconds
[2023-09-28T23:44:04.591+0000] {processor.py:157} INFO - Started process (PID=7810) to work on /opt/airflow/dags/groups/group_downloads.py
[2023-09-28T23:44:04.593+0000] {processor.py:826} INFO - Processing file /opt/airflow/dags/groups/group_downloads.py for tasks to queue
[2023-09-28T23:44:04.594+0000] {logging_mixin.py:150} INFO - [2023-09-28T23:44:04.593+0000] {dagbag.py:541} INFO - Filling up the DagBag from /opt/airflow/dags/groups/group_downloads.py
[2023-09-28T23:44:04.597+0000] {processor.py:838} WARNING - No viable dags retrieved from /opt/airflow/dags/groups/group_downloads.py
[2023-09-28T23:44:04.617+0000] {processor.py:179} INFO - Processing /opt/airflow/dags/groups/group_downloads.py took 0.032 seconds
[2023-09-28T23:44:35.336+0000] {processor.py:157} INFO - Started process (PID=7837) to work on /opt/airflow/dags/groups/group_downloads.py
[2023-09-28T23:44:35.338+0000] {processor.py:826} INFO - Processing file /opt/airflow/dags/groups/group_downloads.py for tasks to queue
[2023-09-28T23:44:35.341+0000] {logging_mixin.py:150} INFO - [2023-09-28T23:44:35.339+0000] {dagbag.py:541} INFO - Filling up the DagBag from /opt/airflow/dags/groups/group_downloads.py
[2023-09-28T23:44:35.344+0000] {processor.py:838} WARNING - No viable dags retrieved from /opt/airflow/dags/groups/group_downloads.py
[2023-09-28T23:44:35.365+0000] {processor.py:179} INFO - Processing /opt/airflow/dags/groups/group_downloads.py took 0.032 seconds
[2023-09-28T23:45:05.897+0000] {processor.py:157} INFO - Started process (PID=7864) to work on /opt/airflow/dags/groups/group_downloads.py
[2023-09-28T23:45:05.898+0000] {processor.py:826} INFO - Processing file /opt/airflow/dags/groups/group_downloads.py for tasks to queue
[2023-09-28T23:45:05.899+0000] {logging_mixin.py:150} INFO - [2023-09-28T23:45:05.899+0000] {dagbag.py:541} INFO - Filling up the DagBag from /opt/airflow/dags/groups/group_downloads.py
[2023-09-28T23:45:05.901+0000] {processor.py:838} WARNING - No viable dags retrieved from /opt/airflow/dags/groups/group_downloads.py
[2023-09-28T23:45:05.923+0000] {processor.py:179} INFO - Processing /opt/airflow/dags/groups/group_downloads.py took 0.033 seconds
[2023-09-28T23:45:36.398+0000] {processor.py:157} INFO - Started process (PID=7896) to work on /opt/airflow/dags/groups/group_downloads.py
[2023-09-28T23:45:36.403+0000] {processor.py:826} INFO - Processing file /opt/airflow/dags/groups/group_downloads.py for tasks to queue
[2023-09-28T23:45:36.404+0000] {logging_mixin.py:150} INFO - [2023-09-28T23:45:36.403+0000] {dagbag.py:541} INFO - Filling up the DagBag from /opt/airflow/dags/groups/group_downloads.py
[2023-09-28T23:45:36.406+0000] {processor.py:838} WARNING - No viable dags retrieved from /opt/airflow/dags/groups/group_downloads.py
[2023-09-28T23:45:36.426+0000] {processor.py:179} INFO - Processing /opt/airflow/dags/groups/group_downloads.py took 0.035 seconds
[2023-09-28T23:46:07.154+0000] {processor.py:157} INFO - Started process (PID=7935) to work on /opt/airflow/dags/groups/group_downloads.py
[2023-09-28T23:46:07.155+0000] {processor.py:826} INFO - Processing file /opt/airflow/dags/groups/group_downloads.py for tasks to queue
[2023-09-28T23:46:07.156+0000] {logging_mixin.py:150} INFO - [2023-09-28T23:46:07.156+0000] {dagbag.py:541} INFO - Filling up the DagBag from /opt/airflow/dags/groups/group_downloads.py
[2023-09-28T23:46:07.159+0000] {processor.py:838} WARNING - No viable dags retrieved from /opt/airflow/dags/groups/group_downloads.py
[2023-09-28T23:46:07.182+0000] {processor.py:179} INFO - Processing /opt/airflow/dags/groups/group_downloads.py took 0.034 seconds
[2023-09-28T23:46:37.827+0000] {processor.py:157} INFO - Started process (PID=7962) to work on /opt/airflow/dags/groups/group_downloads.py
[2023-09-28T23:46:37.838+0000] {processor.py:826} INFO - Processing file /opt/airflow/dags/groups/group_downloads.py for tasks to queue
[2023-09-28T23:46:37.839+0000] {logging_mixin.py:150} INFO - [2023-09-28T23:46:37.839+0000] {dagbag.py:541} INFO - Filling up the DagBag from /opt/airflow/dags/groups/group_downloads.py
[2023-09-28T23:46:37.842+0000] {processor.py:838} WARNING - No viable dags retrieved from /opt/airflow/dags/groups/group_downloads.py
[2023-09-28T23:46:37.888+0000] {processor.py:179} INFO - Processing /opt/airflow/dags/groups/group_downloads.py took 0.065 seconds
[2023-09-28T23:47:08.405+0000] {processor.py:157} INFO - Started process (PID=7994) to work on /opt/airflow/dags/groups/group_downloads.py
[2023-09-28T23:47:08.409+0000] {processor.py:826} INFO - Processing file /opt/airflow/dags/groups/group_downloads.py for tasks to queue
[2023-09-28T23:47:08.410+0000] {logging_mixin.py:150} INFO - [2023-09-28T23:47:08.410+0000] {dagbag.py:541} INFO - Filling up the DagBag from /opt/airflow/dags/groups/group_downloads.py
[2023-09-28T23:47:08.413+0000] {processor.py:838} WARNING - No viable dags retrieved from /opt/airflow/dags/groups/group_downloads.py
[2023-09-28T23:47:08.430+0000] {processor.py:179} INFO - Processing /opt/airflow/dags/groups/group_downloads.py took 0.028 seconds
[2023-09-28T23:47:38.616+0000] {processor.py:157} INFO - Started process (PID=8026) to work on /opt/airflow/dags/groups/group_downloads.py
[2023-09-28T23:47:38.617+0000] {processor.py:826} INFO - Processing file /opt/airflow/dags/groups/group_downloads.py for tasks to queue
[2023-09-28T23:47:38.618+0000] {logging_mixin.py:150} INFO - [2023-09-28T23:47:38.618+0000] {dagbag.py:541} INFO - Filling up the DagBag from /opt/airflow/dags/groups/group_downloads.py
[2023-09-28T23:47:38.621+0000] {processor.py:838} WARNING - No viable dags retrieved from /opt/airflow/dags/groups/group_downloads.py
[2023-09-28T23:47:38.638+0000] {processor.py:179} INFO - Processing /opt/airflow/dags/groups/group_downloads.py took 0.025 seconds
[2023-09-28T23:48:08.850+0000] {processor.py:157} INFO - Started process (PID=8053) to work on /opt/airflow/dags/groups/group_downloads.py
[2023-09-28T23:48:08.851+0000] {processor.py:826} INFO - Processing file /opt/airflow/dags/groups/group_downloads.py for tasks to queue
[2023-09-28T23:48:08.852+0000] {logging_mixin.py:150} INFO - [2023-09-28T23:48:08.851+0000] {dagbag.py:541} INFO - Filling up the DagBag from /opt/airflow/dags/groups/group_downloads.py
[2023-09-28T23:48:08.857+0000] {processor.py:838} WARNING - No viable dags retrieved from /opt/airflow/dags/groups/group_downloads.py
[2023-09-28T23:48:08.875+0000] {processor.py:179} INFO - Processing /opt/airflow/dags/groups/group_downloads.py took 0.029 seconds
[2023-09-28T23:48:38.960+0000] {processor.py:157} INFO - Started process (PID=8080) to work on /opt/airflow/dags/groups/group_downloads.py
[2023-09-28T23:48:38.961+0000] {processor.py:826} INFO - Processing file /opt/airflow/dags/groups/group_downloads.py for tasks to queue
[2023-09-28T23:48:38.962+0000] {logging_mixin.py:150} INFO - [2023-09-28T23:48:38.962+0000] {dagbag.py:541} INFO - Filling up the DagBag from /opt/airflow/dags/groups/group_downloads.py
[2023-09-28T23:48:38.964+0000] {processor.py:838} WARNING - No viable dags retrieved from /opt/airflow/dags/groups/group_downloads.py
[2023-09-28T23:48:38.982+0000] {processor.py:179} INFO - Processing /opt/airflow/dags/groups/group_downloads.py took 0.026 seconds
[2023-09-28T23:49:09.147+0000] {processor.py:157} INFO - Started process (PID=8106) to work on /opt/airflow/dags/groups/group_downloads.py
[2023-09-28T23:49:09.152+0000] {processor.py:826} INFO - Processing file /opt/airflow/dags/groups/group_downloads.py for tasks to queue
[2023-09-28T23:49:09.153+0000] {logging_mixin.py:150} INFO - [2023-09-28T23:49:09.153+0000] {dagbag.py:541} INFO - Filling up the DagBag from /opt/airflow/dags/groups/group_downloads.py
[2023-09-28T23:49:09.155+0000] {processor.py:838} WARNING - No viable dags retrieved from /opt/airflow/dags/groups/group_downloads.py
[2023-09-28T23:49:09.173+0000] {processor.py:179} INFO - Processing /opt/airflow/dags/groups/group_downloads.py took 0.028 seconds
[2023-09-28T23:49:39.252+0000] {processor.py:157} INFO - Started process (PID=8133) to work on /opt/airflow/dags/groups/group_downloads.py
[2023-09-28T23:49:39.253+0000] {processor.py:826} INFO - Processing file /opt/airflow/dags/groups/group_downloads.py for tasks to queue
[2023-09-28T23:49:39.254+0000] {logging_mixin.py:150} INFO - [2023-09-28T23:49:39.254+0000] {dagbag.py:541} INFO - Filling up the DagBag from /opt/airflow/dags/groups/group_downloads.py
[2023-09-28T23:49:39.256+0000] {processor.py:838} WARNING - No viable dags retrieved from /opt/airflow/dags/groups/group_downloads.py
[2023-09-28T23:49:39.274+0000] {processor.py:179} INFO - Processing /opt/airflow/dags/groups/group_downloads.py took 0.026 seconds
[2023-09-28T23:50:09.353+0000] {processor.py:157} INFO - Started process (PID=8160) to work on /opt/airflow/dags/groups/group_downloads.py
[2023-09-28T23:50:09.355+0000] {processor.py:826} INFO - Processing file /opt/airflow/dags/groups/group_downloads.py for tasks to queue
[2023-09-28T23:50:09.356+0000] {logging_mixin.py:150} INFO - [2023-09-28T23:50:09.355+0000] {dagbag.py:541} INFO - Filling up the DagBag from /opt/airflow/dags/groups/group_downloads.py
[2023-09-28T23:50:09.358+0000] {processor.py:838} WARNING - No viable dags retrieved from /opt/airflow/dags/groups/group_downloads.py
[2023-09-28T23:50:09.373+0000] {processor.py:179} INFO - Processing /opt/airflow/dags/groups/group_downloads.py took 0.024 seconds
[2023-09-28T23:50:39.593+0000] {processor.py:157} INFO - Started process (PID=8187) to work on /opt/airflow/dags/groups/group_downloads.py
[2023-09-28T23:50:39.595+0000] {processor.py:826} INFO - Processing file /opt/airflow/dags/groups/group_downloads.py for tasks to queue
[2023-09-28T23:50:39.596+0000] {logging_mixin.py:150} INFO - [2023-09-28T23:50:39.596+0000] {dagbag.py:541} INFO - Filling up the DagBag from /opt/airflow/dags/groups/group_downloads.py
[2023-09-28T23:50:39.598+0000] {processor.py:838} WARNING - No viable dags retrieved from /opt/airflow/dags/groups/group_downloads.py
[2023-09-28T23:50:39.615+0000] {processor.py:179} INFO - Processing /opt/airflow/dags/groups/group_downloads.py took 0.026 seconds
[2023-09-28T23:51:09.664+0000] {processor.py:157} INFO - Started process (PID=8214) to work on /opt/airflow/dags/groups/group_downloads.py
[2023-09-28T23:51:09.665+0000] {processor.py:826} INFO - Processing file /opt/airflow/dags/groups/group_downloads.py for tasks to queue
[2023-09-28T23:51:09.666+0000] {logging_mixin.py:150} INFO - [2023-09-28T23:51:09.666+0000] {dagbag.py:541} INFO - Filling up the DagBag from /opt/airflow/dags/groups/group_downloads.py
[2023-09-28T23:51:09.668+0000] {processor.py:838} WARNING - No viable dags retrieved from /opt/airflow/dags/groups/group_downloads.py
[2023-09-28T23:51:09.684+0000] {processor.py:179} INFO - Processing /opt/airflow/dags/groups/group_downloads.py took 0.024 seconds
[2023-09-28T23:51:40.105+0000] {processor.py:157} INFO - Started process (PID=8241) to work on /opt/airflow/dags/groups/group_downloads.py
[2023-09-28T23:51:40.109+0000] {processor.py:826} INFO - Processing file /opt/airflow/dags/groups/group_downloads.py for tasks to queue
[2023-09-28T23:51:40.111+0000] {logging_mixin.py:150} INFO - [2023-09-28T23:51:40.110+0000] {dagbag.py:541} INFO - Filling up the DagBag from /opt/airflow/dags/groups/group_downloads.py
[2023-09-28T23:51:40.113+0000] {processor.py:838} WARNING - No viable dags retrieved from /opt/airflow/dags/groups/group_downloads.py
[2023-09-28T23:51:40.131+0000] {processor.py:179} INFO - Processing /opt/airflow/dags/groups/group_downloads.py took 0.029 seconds
[2023-09-28T23:52:10.271+0000] {processor.py:157} INFO - Started process (PID=8269) to work on /opt/airflow/dags/groups/group_downloads.py
[2023-09-28T23:52:10.275+0000] {processor.py:826} INFO - Processing file /opt/airflow/dags/groups/group_downloads.py for tasks to queue
[2023-09-28T23:52:10.276+0000] {logging_mixin.py:150} INFO - [2023-09-28T23:52:10.275+0000] {dagbag.py:541} INFO - Filling up the DagBag from /opt/airflow/dags/groups/group_downloads.py
[2023-09-28T23:52:10.278+0000] {processor.py:838} WARNING - No viable dags retrieved from /opt/airflow/dags/groups/group_downloads.py
[2023-09-28T23:52:10.295+0000] {processor.py:179} INFO - Processing /opt/airflow/dags/groups/group_downloads.py took 0.027 seconds
[2023-09-28T23:52:40.587+0000] {processor.py:157} INFO - Started process (PID=8296) to work on /opt/airflow/dags/groups/group_downloads.py
[2023-09-28T23:52:40.588+0000] {processor.py:826} INFO - Processing file /opt/airflow/dags/groups/group_downloads.py for tasks to queue
[2023-09-28T23:52:40.589+0000] {logging_mixin.py:150} INFO - [2023-09-28T23:52:40.589+0000] {dagbag.py:541} INFO - Filling up the DagBag from /opt/airflow/dags/groups/group_downloads.py
[2023-09-28T23:52:40.591+0000] {processor.py:838} WARNING - No viable dags retrieved from /opt/airflow/dags/groups/group_downloads.py
[2023-09-28T23:52:40.607+0000] {processor.py:179} INFO - Processing /opt/airflow/dags/groups/group_downloads.py took 0.023 seconds
[2023-09-28T23:53:10.759+0000] {processor.py:157} INFO - Started process (PID=8323) to work on /opt/airflow/dags/groups/group_downloads.py
[2023-09-28T23:53:10.761+0000] {processor.py:826} INFO - Processing file /opt/airflow/dags/groups/group_downloads.py for tasks to queue
[2023-09-28T23:53:10.762+0000] {logging_mixin.py:150} INFO - [2023-09-28T23:53:10.761+0000] {dagbag.py:541} INFO - Filling up the DagBag from /opt/airflow/dags/groups/group_downloads.py
[2023-09-28T23:53:10.764+0000] {processor.py:838} WARNING - No viable dags retrieved from /opt/airflow/dags/groups/group_downloads.py
[2023-09-28T23:53:10.793+0000] {processor.py:179} INFO - Processing /opt/airflow/dags/groups/group_downloads.py took 0.038 seconds
[2023-09-28T23:53:40.866+0000] {processor.py:157} INFO - Started process (PID=8350) to work on /opt/airflow/dags/groups/group_downloads.py
[2023-09-28T23:53:40.867+0000] {processor.py:826} INFO - Processing file /opt/airflow/dags/groups/group_downloads.py for tasks to queue
[2023-09-28T23:53:40.868+0000] {logging_mixin.py:150} INFO - [2023-09-28T23:53:40.867+0000] {dagbag.py:541} INFO - Filling up the DagBag from /opt/airflow/dags/groups/group_downloads.py
[2023-09-28T23:53:40.875+0000] {processor.py:838} WARNING - No viable dags retrieved from /opt/airflow/dags/groups/group_downloads.py
[2023-09-28T23:53:40.897+0000] {processor.py:179} INFO - Processing /opt/airflow/dags/groups/group_downloads.py took 0.035 seconds
[2023-09-28T23:54:11.302+0000] {processor.py:157} INFO - Started process (PID=8378) to work on /opt/airflow/dags/groups/group_downloads.py
[2023-09-28T23:54:11.303+0000] {processor.py:826} INFO - Processing file /opt/airflow/dags/groups/group_downloads.py for tasks to queue
[2023-09-28T23:54:11.304+0000] {logging_mixin.py:150} INFO - [2023-09-28T23:54:11.304+0000] {dagbag.py:541} INFO - Filling up the DagBag from /opt/airflow/dags/groups/group_downloads.py
[2023-09-28T23:54:11.306+0000] {processor.py:838} WARNING - No viable dags retrieved from /opt/airflow/dags/groups/group_downloads.py
[2023-09-28T23:54:11.323+0000] {processor.py:179} INFO - Processing /opt/airflow/dags/groups/group_downloads.py took 0.025 seconds
[2023-09-28T23:54:41.448+0000] {processor.py:157} INFO - Started process (PID=8405) to work on /opt/airflow/dags/groups/group_downloads.py
[2023-09-28T23:54:41.449+0000] {processor.py:826} INFO - Processing file /opt/airflow/dags/groups/group_downloads.py for tasks to queue
[2023-09-28T23:54:41.450+0000] {logging_mixin.py:150} INFO - [2023-09-28T23:54:41.450+0000] {dagbag.py:541} INFO - Filling up the DagBag from /opt/airflow/dags/groups/group_downloads.py
[2023-09-28T23:54:41.452+0000] {processor.py:838} WARNING - No viable dags retrieved from /opt/airflow/dags/groups/group_downloads.py
[2023-09-28T23:54:41.468+0000] {processor.py:179} INFO - Processing /opt/airflow/dags/groups/group_downloads.py took 0.024 seconds
[2023-09-28T23:55:11.688+0000] {processor.py:157} INFO - Started process (PID=8432) to work on /opt/airflow/dags/groups/group_downloads.py
[2023-09-28T23:55:11.689+0000] {processor.py:826} INFO - Processing file /opt/airflow/dags/groups/group_downloads.py for tasks to queue
[2023-09-28T23:55:11.691+0000] {logging_mixin.py:150} INFO - [2023-09-28T23:55:11.690+0000] {dagbag.py:541} INFO - Filling up the DagBag from /opt/airflow/dags/groups/group_downloads.py
[2023-09-28T23:55:11.694+0000] {processor.py:838} WARNING - No viable dags retrieved from /opt/airflow/dags/groups/group_downloads.py
[2023-09-28T23:55:11.716+0000] {processor.py:179} INFO - Processing /opt/airflow/dags/groups/group_downloads.py took 0.033 seconds
[2023-09-28T23:55:41.770+0000] {processor.py:157} INFO - Started process (PID=8458) to work on /opt/airflow/dags/groups/group_downloads.py
[2023-09-28T23:55:41.770+0000] {processor.py:826} INFO - Processing file /opt/airflow/dags/groups/group_downloads.py for tasks to queue
[2023-09-28T23:55:41.771+0000] {logging_mixin.py:150} INFO - [2023-09-28T23:55:41.771+0000] {dagbag.py:541} INFO - Filling up the DagBag from /opt/airflow/dags/groups/group_downloads.py
[2023-09-28T23:55:41.775+0000] {processor.py:838} WARNING - No viable dags retrieved from /opt/airflow/dags/groups/group_downloads.py
[2023-09-28T23:55:41.792+0000] {processor.py:179} INFO - Processing /opt/airflow/dags/groups/group_downloads.py took 0.025 seconds
[2023-09-28T23:56:12.239+0000] {processor.py:157} INFO - Started process (PID=8485) to work on /opt/airflow/dags/groups/group_downloads.py
[2023-09-28T23:56:12.241+0000] {processor.py:826} INFO - Processing file /opt/airflow/dags/groups/group_downloads.py for tasks to queue
[2023-09-28T23:56:12.242+0000] {logging_mixin.py:150} INFO - [2023-09-28T23:56:12.242+0000] {dagbag.py:541} INFO - Filling up the DagBag from /opt/airflow/dags/groups/group_downloads.py
[2023-09-28T23:56:12.244+0000] {processor.py:838} WARNING - No viable dags retrieved from /opt/airflow/dags/groups/group_downloads.py
[2023-09-28T23:56:12.261+0000] {processor.py:179} INFO - Processing /opt/airflow/dags/groups/group_downloads.py took 0.025 seconds
[2023-09-28T23:56:42.530+0000] {processor.py:157} INFO - Started process (PID=8512) to work on /opt/airflow/dags/groups/group_downloads.py
[2023-09-28T23:56:42.532+0000] {processor.py:826} INFO - Processing file /opt/airflow/dags/groups/group_downloads.py for tasks to queue
[2023-09-28T23:56:42.533+0000] {logging_mixin.py:150} INFO - [2023-09-28T23:56:42.532+0000] {dagbag.py:541} INFO - Filling up the DagBag from /opt/airflow/dags/groups/group_downloads.py
[2023-09-28T23:56:42.535+0000] {processor.py:838} WARNING - No viable dags retrieved from /opt/airflow/dags/groups/group_downloads.py
[2023-09-28T23:56:42.552+0000] {processor.py:179} INFO - Processing /opt/airflow/dags/groups/group_downloads.py took 0.025 seconds
[2023-09-28T23:57:12.645+0000] {processor.py:157} INFO - Started process (PID=8539) to work on /opt/airflow/dags/groups/group_downloads.py
[2023-09-28T23:57:12.647+0000] {processor.py:826} INFO - Processing file /opt/airflow/dags/groups/group_downloads.py for tasks to queue
[2023-09-28T23:57:12.648+0000] {logging_mixin.py:150} INFO - [2023-09-28T23:57:12.647+0000] {dagbag.py:541} INFO - Filling up the DagBag from /opt/airflow/dags/groups/group_downloads.py
[2023-09-28T23:57:12.650+0000] {processor.py:838} WARNING - No viable dags retrieved from /opt/airflow/dags/groups/group_downloads.py
[2023-09-28T23:57:12.667+0000] {processor.py:179} INFO - Processing /opt/airflow/dags/groups/group_downloads.py took 0.026 seconds
[2023-09-28T23:57:43.034+0000] {processor.py:157} INFO - Started process (PID=8566) to work on /opt/airflow/dags/groups/group_downloads.py
[2023-09-28T23:57:43.035+0000] {processor.py:826} INFO - Processing file /opt/airflow/dags/groups/group_downloads.py for tasks to queue
[2023-09-28T23:57:43.036+0000] {logging_mixin.py:150} INFO - [2023-09-28T23:57:43.035+0000] {dagbag.py:541} INFO - Filling up the DagBag from /opt/airflow/dags/groups/group_downloads.py
[2023-09-28T23:57:43.038+0000] {processor.py:838} WARNING - No viable dags retrieved from /opt/airflow/dags/groups/group_downloads.py
[2023-09-28T23:57:43.052+0000] {processor.py:179} INFO - Processing /opt/airflow/dags/groups/group_downloads.py took 0.022 seconds
[2023-09-28T23:58:13.139+0000] {processor.py:157} INFO - Started process (PID=8594) to work on /opt/airflow/dags/groups/group_downloads.py
[2023-09-28T23:58:13.141+0000] {processor.py:826} INFO - Processing file /opt/airflow/dags/groups/group_downloads.py for tasks to queue
[2023-09-28T23:58:13.142+0000] {logging_mixin.py:150} INFO - [2023-09-28T23:58:13.141+0000] {dagbag.py:541} INFO - Filling up the DagBag from /opt/airflow/dags/groups/group_downloads.py
[2023-09-28T23:58:13.144+0000] {processor.py:838} WARNING - No viable dags retrieved from /opt/airflow/dags/groups/group_downloads.py
[2023-09-28T23:58:13.161+0000] {processor.py:179} INFO - Processing /opt/airflow/dags/groups/group_downloads.py took 0.025 seconds
[2023-09-28T23:58:43.445+0000] {processor.py:157} INFO - Started process (PID=8622) to work on /opt/airflow/dags/groups/group_downloads.py
[2023-09-28T23:58:43.447+0000] {processor.py:826} INFO - Processing file /opt/airflow/dags/groups/group_downloads.py for tasks to queue
[2023-09-28T23:58:43.448+0000] {logging_mixin.py:150} INFO - [2023-09-28T23:58:43.447+0000] {dagbag.py:541} INFO - Filling up the DagBag from /opt/airflow/dags/groups/group_downloads.py
[2023-09-28T23:58:43.449+0000] {processor.py:838} WARNING - No viable dags retrieved from /opt/airflow/dags/groups/group_downloads.py
[2023-09-28T23:58:43.467+0000] {processor.py:179} INFO - Processing /opt/airflow/dags/groups/group_downloads.py took 0.026 seconds
[2023-09-28T23:59:14.227+0000] {processor.py:157} INFO - Started process (PID=8640) to work on /opt/airflow/dags/groups/group_downloads.py
[2023-09-28T23:59:14.228+0000] {processor.py:826} INFO - Processing file /opt/airflow/dags/groups/group_downloads.py for tasks to queue
[2023-09-28T23:59:14.229+0000] {logging_mixin.py:150} INFO - [2023-09-28T23:59:14.229+0000] {dagbag.py:541} INFO - Filling up the DagBag from /opt/airflow/dags/groups/group_downloads.py
[2023-09-28T23:59:14.231+0000] {processor.py:838} WARNING - No viable dags retrieved from /opt/airflow/dags/groups/group_downloads.py
[2023-09-28T23:59:14.253+0000] {processor.py:179} INFO - Processing /opt/airflow/dags/groups/group_downloads.py took 0.034 seconds
[2023-09-28T23:59:44.358+0000] {processor.py:157} INFO - Started process (PID=8667) to work on /opt/airflow/dags/groups/group_downloads.py
[2023-09-28T23:59:44.359+0000] {processor.py:826} INFO - Processing file /opt/airflow/dags/groups/group_downloads.py for tasks to queue
[2023-09-28T23:59:44.360+0000] {logging_mixin.py:150} INFO - [2023-09-28T23:59:44.360+0000] {dagbag.py:541} INFO - Filling up the DagBag from /opt/airflow/dags/groups/group_downloads.py
[2023-09-28T23:59:44.362+0000] {processor.py:838} WARNING - No viable dags retrieved from /opt/airflow/dags/groups/group_downloads.py
[2023-09-28T23:59:44.378+0000] {processor.py:179} INFO - Processing /opt/airflow/dags/groups/group_downloads.py took 0.023 seconds
