[2023-10-02T13:00:51.930+0000] {processor.py:157} INFO - Started process (PID=11457) to work on /opt/airflow/dags/subdags/subdag_transforms.py
[2023-10-02T13:00:51.931+0000] {processor.py:826} INFO - Processing file /opt/airflow/dags/subdags/subdag_transforms.py for tasks to queue
[2023-10-02T13:00:51.933+0000] {logging_mixin.py:150} INFO - [2023-10-02T13:00:51.932+0000] {dagbag.py:541} INFO - Filling up the DagBag from /opt/airflow/dags/subdags/subdag_transforms.py
[2023-10-02T13:00:51.936+0000] {processor.py:838} WARNING - No viable dags retrieved from /opt/airflow/dags/subdags/subdag_transforms.py
[2023-10-02T13:00:52.319+0000] {processor.py:179} INFO - Processing /opt/airflow/dags/subdags/subdag_transforms.py took 0.426 seconds
[2023-10-02T13:01:22.982+0000] {processor.py:157} INFO - Started process (PID=11508) to work on /opt/airflow/dags/subdags/subdag_transforms.py
[2023-10-02T13:01:22.982+0000] {processor.py:826} INFO - Processing file /opt/airflow/dags/subdags/subdag_transforms.py for tasks to queue
[2023-10-02T13:01:22.983+0000] {logging_mixin.py:150} INFO - [2023-10-02T13:01:22.983+0000] {dagbag.py:541} INFO - Filling up the DagBag from /opt/airflow/dags/subdags/subdag_transforms.py
[2023-10-02T13:01:22.985+0000] {processor.py:838} WARNING - No viable dags retrieved from /opt/airflow/dags/subdags/subdag_transforms.py
[2023-10-02T13:01:23.000+0000] {processor.py:179} INFO - Processing /opt/airflow/dags/subdags/subdag_transforms.py took 0.022 seconds
[2023-10-02T13:01:53.111+0000] {processor.py:157} INFO - Started process (PID=11541) to work on /opt/airflow/dags/subdags/subdag_transforms.py
[2023-10-02T13:01:53.193+0000] {processor.py:826} INFO - Processing file /opt/airflow/dags/subdags/subdag_transforms.py for tasks to queue
[2023-10-02T13:01:53.194+0000] {logging_mixin.py:150} INFO - [2023-10-02T13:01:53.193+0000] {dagbag.py:541} INFO - Filling up the DagBag from /opt/airflow/dags/subdags/subdag_transforms.py
[2023-10-02T13:01:53.196+0000] {processor.py:838} WARNING - No viable dags retrieved from /opt/airflow/dags/subdags/subdag_transforms.py
[2023-10-02T13:01:53.217+0000] {processor.py:179} INFO - Processing /opt/airflow/dags/subdags/subdag_transforms.py took 0.112 seconds
[2023-10-02T13:02:23.294+0000] {processor.py:157} INFO - Started process (PID=11573) to work on /opt/airflow/dags/subdags/subdag_transforms.py
[2023-10-02T13:02:23.296+0000] {processor.py:826} INFO - Processing file /opt/airflow/dags/subdags/subdag_transforms.py for tasks to queue
[2023-10-02T13:02:23.296+0000] {logging_mixin.py:150} INFO - [2023-10-02T13:02:23.296+0000] {dagbag.py:541} INFO - Filling up the DagBag from /opt/airflow/dags/subdags/subdag_transforms.py
[2023-10-02T13:02:23.299+0000] {processor.py:838} WARNING - No viable dags retrieved from /opt/airflow/dags/subdags/subdag_transforms.py
[2023-10-02T13:02:23.317+0000] {processor.py:179} INFO - Processing /opt/airflow/dags/subdags/subdag_transforms.py took 0.027 seconds
[2023-10-02T13:02:53.479+0000] {processor.py:157} INFO - Started process (PID=11601) to work on /opt/airflow/dags/subdags/subdag_transforms.py
[2023-10-02T13:02:53.481+0000] {processor.py:826} INFO - Processing file /opt/airflow/dags/subdags/subdag_transforms.py for tasks to queue
[2023-10-02T13:02:53.483+0000] {logging_mixin.py:150} INFO - [2023-10-02T13:02:53.482+0000] {dagbag.py:541} INFO - Filling up the DagBag from /opt/airflow/dags/subdags/subdag_transforms.py
[2023-10-02T13:02:53.486+0000] {processor.py:838} WARNING - No viable dags retrieved from /opt/airflow/dags/subdags/subdag_transforms.py
[2023-10-02T13:02:53.513+0000] {processor.py:179} INFO - Processing /opt/airflow/dags/subdags/subdag_transforms.py took 0.039 seconds
[2023-10-02T13:03:23.700+0000] {processor.py:157} INFO - Started process (PID=11628) to work on /opt/airflow/dags/subdags/subdag_transforms.py
[2023-10-02T13:03:23.701+0000] {processor.py:826} INFO - Processing file /opt/airflow/dags/subdags/subdag_transforms.py for tasks to queue
[2023-10-02T13:03:23.702+0000] {logging_mixin.py:150} INFO - [2023-10-02T13:03:23.702+0000] {dagbag.py:541} INFO - Filling up the DagBag from /opt/airflow/dags/subdags/subdag_transforms.py
[2023-10-02T13:03:23.704+0000] {processor.py:838} WARNING - No viable dags retrieved from /opt/airflow/dags/subdags/subdag_transforms.py
[2023-10-02T13:03:23.722+0000] {processor.py:179} INFO - Processing /opt/airflow/dags/subdags/subdag_transforms.py took 0.026 seconds
[2023-10-02T13:03:53.896+0000] {processor.py:157} INFO - Started process (PID=11655) to work on /opt/airflow/dags/subdags/subdag_transforms.py
[2023-10-02T13:03:53.899+0000] {processor.py:826} INFO - Processing file /opt/airflow/dags/subdags/subdag_transforms.py for tasks to queue
[2023-10-02T13:03:53.900+0000] {logging_mixin.py:150} INFO - [2023-10-02T13:03:53.900+0000] {dagbag.py:541} INFO - Filling up the DagBag from /opt/airflow/dags/subdags/subdag_transforms.py
[2023-10-02T13:03:53.904+0000] {processor.py:838} WARNING - No viable dags retrieved from /opt/airflow/dags/subdags/subdag_transforms.py
[2023-10-02T13:03:53.923+0000] {processor.py:179} INFO - Processing /opt/airflow/dags/subdags/subdag_transforms.py took 0.031 seconds
[2023-10-02T13:04:24.387+0000] {processor.py:157} INFO - Started process (PID=11682) to work on /opt/airflow/dags/subdags/subdag_transforms.py
[2023-10-02T13:04:24.389+0000] {processor.py:826} INFO - Processing file /opt/airflow/dags/subdags/subdag_transforms.py for tasks to queue
[2023-10-02T13:04:24.393+0000] {logging_mixin.py:150} INFO - [2023-10-02T13:04:24.391+0000] {dagbag.py:541} INFO - Filling up the DagBag from /opt/airflow/dags/subdags/subdag_transforms.py
[2023-10-02T13:04:24.402+0000] {processor.py:838} WARNING - No viable dags retrieved from /opt/airflow/dags/subdags/subdag_transforms.py
[2023-10-02T13:04:24.465+0000] {processor.py:179} INFO - Processing /opt/airflow/dags/subdags/subdag_transforms.py took 0.094 seconds
[2023-10-02T13:04:54.532+0000] {processor.py:157} INFO - Started process (PID=11709) to work on /opt/airflow/dags/subdags/subdag_transforms.py
[2023-10-02T13:04:54.533+0000] {processor.py:826} INFO - Processing file /opt/airflow/dags/subdags/subdag_transforms.py for tasks to queue
[2023-10-02T13:04:54.534+0000] {logging_mixin.py:150} INFO - [2023-10-02T13:04:54.533+0000] {dagbag.py:541} INFO - Filling up the DagBag from /opt/airflow/dags/subdags/subdag_transforms.py
[2023-10-02T13:04:54.535+0000] {processor.py:838} WARNING - No viable dags retrieved from /opt/airflow/dags/subdags/subdag_transforms.py
[2023-10-02T13:04:54.553+0000] {processor.py:179} INFO - Processing /opt/airflow/dags/subdags/subdag_transforms.py took 0.026 seconds
[2023-10-02T13:05:24.775+0000] {processor.py:157} INFO - Started process (PID=11736) to work on /opt/airflow/dags/subdags/subdag_transforms.py
[2023-10-02T13:05:24.777+0000] {processor.py:826} INFO - Processing file /opt/airflow/dags/subdags/subdag_transforms.py for tasks to queue
[2023-10-02T13:05:24.779+0000] {logging_mixin.py:150} INFO - [2023-10-02T13:05:24.779+0000] {dagbag.py:541} INFO - Filling up the DagBag from /opt/airflow/dags/subdags/subdag_transforms.py
[2023-10-02T13:05:24.781+0000] {processor.py:838} WARNING - No viable dags retrieved from /opt/airflow/dags/subdags/subdag_transforms.py
[2023-10-02T13:05:24.800+0000] {processor.py:179} INFO - Processing /opt/airflow/dags/subdags/subdag_transforms.py took 0.029 seconds
[2023-10-02T13:05:54.884+0000] {processor.py:157} INFO - Started process (PID=11762) to work on /opt/airflow/dags/subdags/subdag_transforms.py
[2023-10-02T13:05:54.889+0000] {processor.py:826} INFO - Processing file /opt/airflow/dags/subdags/subdag_transforms.py for tasks to queue
[2023-10-02T13:05:54.890+0000] {logging_mixin.py:150} INFO - [2023-10-02T13:05:54.890+0000] {dagbag.py:541} INFO - Filling up the DagBag from /opt/airflow/dags/subdags/subdag_transforms.py
[2023-10-02T13:05:54.892+0000] {processor.py:838} WARNING - No viable dags retrieved from /opt/airflow/dags/subdags/subdag_transforms.py
[2023-10-02T13:05:54.912+0000] {processor.py:179} INFO - Processing /opt/airflow/dags/subdags/subdag_transforms.py took 0.032 seconds
[2023-10-02T13:06:25.230+0000] {processor.py:157} INFO - Started process (PID=11790) to work on /opt/airflow/dags/subdags/subdag_transforms.py
[2023-10-02T13:06:25.239+0000] {processor.py:826} INFO - Processing file /opt/airflow/dags/subdags/subdag_transforms.py for tasks to queue
[2023-10-02T13:06:25.241+0000] {logging_mixin.py:150} INFO - [2023-10-02T13:06:25.241+0000] {dagbag.py:541} INFO - Filling up the DagBag from /opt/airflow/dags/subdags/subdag_transforms.py
[2023-10-02T13:06:25.245+0000] {processor.py:838} WARNING - No viable dags retrieved from /opt/airflow/dags/subdags/subdag_transforms.py
[2023-10-02T13:06:25.275+0000] {processor.py:179} INFO - Processing /opt/airflow/dags/subdags/subdag_transforms.py took 0.052 seconds
[2023-10-02T13:06:56.085+0000] {processor.py:157} INFO - Started process (PID=11817) to work on /opt/airflow/dags/subdags/subdag_transforms.py
[2023-10-02T13:06:56.086+0000] {processor.py:826} INFO - Processing file /opt/airflow/dags/subdags/subdag_transforms.py for tasks to queue
[2023-10-02T13:06:56.089+0000] {logging_mixin.py:150} INFO - [2023-10-02T13:06:56.089+0000] {dagbag.py:541} INFO - Filling up the DagBag from /opt/airflow/dags/subdags/subdag_transforms.py
[2023-10-02T13:06:56.091+0000] {processor.py:838} WARNING - No viable dags retrieved from /opt/airflow/dags/subdags/subdag_transforms.py
[2023-10-02T13:06:56.121+0000] {processor.py:179} INFO - Processing /opt/airflow/dags/subdags/subdag_transforms.py took 0.052 seconds
[2023-10-02T13:07:26.872+0000] {processor.py:157} INFO - Started process (PID=11844) to work on /opt/airflow/dags/subdags/subdag_transforms.py
[2023-10-02T13:07:26.874+0000] {processor.py:826} INFO - Processing file /opt/airflow/dags/subdags/subdag_transforms.py for tasks to queue
[2023-10-02T13:07:26.874+0000] {logging_mixin.py:150} INFO - [2023-10-02T13:07:26.874+0000] {dagbag.py:541} INFO - Filling up the DagBag from /opt/airflow/dags/subdags/subdag_transforms.py
[2023-10-02T13:07:26.876+0000] {processor.py:838} WARNING - No viable dags retrieved from /opt/airflow/dags/subdags/subdag_transforms.py
[2023-10-02T13:07:26.911+0000] {processor.py:179} INFO - Processing /opt/airflow/dags/subdags/subdag_transforms.py took 0.046 seconds
[2023-10-02T13:07:57.470+0000] {processor.py:157} INFO - Started process (PID=11871) to work on /opt/airflow/dags/subdags/subdag_transforms.py
[2023-10-02T13:07:57.471+0000] {processor.py:826} INFO - Processing file /opt/airflow/dags/subdags/subdag_transforms.py for tasks to queue
[2023-10-02T13:07:57.472+0000] {logging_mixin.py:150} INFO - [2023-10-02T13:07:57.471+0000] {dagbag.py:541} INFO - Filling up the DagBag from /opt/airflow/dags/subdags/subdag_transforms.py
[2023-10-02T13:07:57.474+0000] {processor.py:838} WARNING - No viable dags retrieved from /opt/airflow/dags/subdags/subdag_transforms.py
[2023-10-02T13:07:57.499+0000] {processor.py:179} INFO - Processing /opt/airflow/dags/subdags/subdag_transforms.py took 0.034 seconds
[2023-10-02T13:08:27.741+0000] {processor.py:157} INFO - Started process (PID=11898) to work on /opt/airflow/dags/subdags/subdag_transforms.py
[2023-10-02T13:08:27.750+0000] {processor.py:826} INFO - Processing file /opt/airflow/dags/subdags/subdag_transforms.py for tasks to queue
[2023-10-02T13:08:27.751+0000] {logging_mixin.py:150} INFO - [2023-10-02T13:08:27.750+0000] {dagbag.py:541} INFO - Filling up the DagBag from /opt/airflow/dags/subdags/subdag_transforms.py
[2023-10-02T13:08:27.764+0000] {processor.py:838} WARNING - No viable dags retrieved from /opt/airflow/dags/subdags/subdag_transforms.py
[2023-10-02T13:08:27.852+0000] {processor.py:179} INFO - Processing /opt/airflow/dags/subdags/subdag_transforms.py took 0.120 seconds
[2023-10-02T13:08:58.142+0000] {processor.py:157} INFO - Started process (PID=11925) to work on /opt/airflow/dags/subdags/subdag_transforms.py
[2023-10-02T13:08:58.144+0000] {processor.py:826} INFO - Processing file /opt/airflow/dags/subdags/subdag_transforms.py for tasks to queue
[2023-10-02T13:08:58.145+0000] {logging_mixin.py:150} INFO - [2023-10-02T13:08:58.145+0000] {dagbag.py:541} INFO - Filling up the DagBag from /opt/airflow/dags/subdags/subdag_transforms.py
[2023-10-02T13:08:58.150+0000] {processor.py:838} WARNING - No viable dags retrieved from /opt/airflow/dags/subdags/subdag_transforms.py
[2023-10-02T13:08:58.191+0000] {processor.py:179} INFO - Processing /opt/airflow/dags/subdags/subdag_transforms.py took 0.058 seconds
[2023-10-02T13:09:28.453+0000] {processor.py:157} INFO - Started process (PID=11952) to work on /opt/airflow/dags/subdags/subdag_transforms.py
[2023-10-02T13:09:28.455+0000] {processor.py:826} INFO - Processing file /opt/airflow/dags/subdags/subdag_transforms.py for tasks to queue
[2023-10-02T13:09:28.458+0000] {logging_mixin.py:150} INFO - [2023-10-02T13:09:28.456+0000] {dagbag.py:541} INFO - Filling up the DagBag from /opt/airflow/dags/subdags/subdag_transforms.py
[2023-10-02T13:09:28.461+0000] {processor.py:838} WARNING - No viable dags retrieved from /opt/airflow/dags/subdags/subdag_transforms.py
[2023-10-02T13:09:28.485+0000] {processor.py:179} INFO - Processing /opt/airflow/dags/subdags/subdag_transforms.py took 0.036 seconds
[2023-10-02T13:09:58.943+0000] {processor.py:157} INFO - Started process (PID=11980) to work on /opt/airflow/dags/subdags/subdag_transforms.py
[2023-10-02T13:09:58.944+0000] {processor.py:826} INFO - Processing file /opt/airflow/dags/subdags/subdag_transforms.py for tasks to queue
[2023-10-02T13:09:58.945+0000] {logging_mixin.py:150} INFO - [2023-10-02T13:09:58.944+0000] {dagbag.py:541} INFO - Filling up the DagBag from /opt/airflow/dags/subdags/subdag_transforms.py
[2023-10-02T13:09:58.949+0000] {processor.py:838} WARNING - No viable dags retrieved from /opt/airflow/dags/subdags/subdag_transforms.py
[2023-10-02T13:09:58.970+0000] {processor.py:179} INFO - Processing /opt/airflow/dags/subdags/subdag_transforms.py took 0.035 seconds
[2023-10-02T13:10:29.359+0000] {processor.py:157} INFO - Started process (PID=12007) to work on /opt/airflow/dags/subdags/subdag_transforms.py
[2023-10-02T13:10:29.360+0000] {processor.py:826} INFO - Processing file /opt/airflow/dags/subdags/subdag_transforms.py for tasks to queue
[2023-10-02T13:10:29.361+0000] {logging_mixin.py:150} INFO - [2023-10-02T13:10:29.361+0000] {dagbag.py:541} INFO - Filling up the DagBag from /opt/airflow/dags/subdags/subdag_transforms.py
[2023-10-02T13:10:29.363+0000] {processor.py:838} WARNING - No viable dags retrieved from /opt/airflow/dags/subdags/subdag_transforms.py
[2023-10-02T13:10:29.384+0000] {processor.py:179} INFO - Processing /opt/airflow/dags/subdags/subdag_transforms.py took 0.031 seconds
[2023-10-02T13:10:59.753+0000] {processor.py:157} INFO - Started process (PID=12034) to work on /opt/airflow/dags/subdags/subdag_transforms.py
[2023-10-02T13:10:59.755+0000] {processor.py:826} INFO - Processing file /opt/airflow/dags/subdags/subdag_transforms.py for tasks to queue
[2023-10-02T13:10:59.755+0000] {logging_mixin.py:150} INFO - [2023-10-02T13:10:59.755+0000] {dagbag.py:541} INFO - Filling up the DagBag from /opt/airflow/dags/subdags/subdag_transforms.py
[2023-10-02T13:10:59.760+0000] {processor.py:838} WARNING - No viable dags retrieved from /opt/airflow/dags/subdags/subdag_transforms.py
[2023-10-02T13:10:59.780+0000] {processor.py:179} INFO - Processing /opt/airflow/dags/subdags/subdag_transforms.py took 0.030 seconds
[2023-10-02T13:11:30.172+0000] {processor.py:157} INFO - Started process (PID=12061) to work on /opt/airflow/dags/subdags/subdag_transforms.py
[2023-10-02T13:11:30.173+0000] {processor.py:826} INFO - Processing file /opt/airflow/dags/subdags/subdag_transforms.py for tasks to queue
[2023-10-02T13:11:30.174+0000] {logging_mixin.py:150} INFO - [2023-10-02T13:11:30.173+0000] {dagbag.py:541} INFO - Filling up the DagBag from /opt/airflow/dags/subdags/subdag_transforms.py
[2023-10-02T13:11:30.175+0000] {processor.py:838} WARNING - No viable dags retrieved from /opt/airflow/dags/subdags/subdag_transforms.py
[2023-10-02T13:11:30.198+0000] {processor.py:179} INFO - Processing /opt/airflow/dags/subdags/subdag_transforms.py took 0.033 seconds
[2023-10-02T13:12:00.745+0000] {processor.py:157} INFO - Started process (PID=12088) to work on /opt/airflow/dags/subdags/subdag_transforms.py
[2023-10-02T13:12:00.748+0000] {processor.py:826} INFO - Processing file /opt/airflow/dags/subdags/subdag_transforms.py for tasks to queue
[2023-10-02T13:12:00.749+0000] {logging_mixin.py:150} INFO - [2023-10-02T13:12:00.749+0000] {dagbag.py:541} INFO - Filling up the DagBag from /opt/airflow/dags/subdags/subdag_transforms.py
[2023-10-02T13:12:00.751+0000] {processor.py:838} WARNING - No viable dags retrieved from /opt/airflow/dags/subdags/subdag_transforms.py
[2023-10-02T13:12:00.773+0000] {processor.py:179} INFO - Processing /opt/airflow/dags/subdags/subdag_transforms.py took 0.031 seconds
[2023-10-02T13:12:31.421+0000] {processor.py:157} INFO - Started process (PID=12116) to work on /opt/airflow/dags/subdags/subdag_transforms.py
[2023-10-02T13:12:31.423+0000] {processor.py:826} INFO - Processing file /opt/airflow/dags/subdags/subdag_transforms.py for tasks to queue
[2023-10-02T13:12:31.424+0000] {logging_mixin.py:150} INFO - [2023-10-02T13:12:31.423+0000] {dagbag.py:541} INFO - Filling up the DagBag from /opt/airflow/dags/subdags/subdag_transforms.py
[2023-10-02T13:12:31.428+0000] {processor.py:838} WARNING - No viable dags retrieved from /opt/airflow/dags/subdags/subdag_transforms.py
[2023-10-02T13:12:31.451+0000] {processor.py:179} INFO - Processing /opt/airflow/dags/subdags/subdag_transforms.py took 0.037 seconds
[2023-10-02T13:13:02.243+0000] {processor.py:157} INFO - Started process (PID=12143) to work on /opt/airflow/dags/subdags/subdag_transforms.py
[2023-10-02T13:13:02.244+0000] {processor.py:826} INFO - Processing file /opt/airflow/dags/subdags/subdag_transforms.py for tasks to queue
[2023-10-02T13:13:02.245+0000] {logging_mixin.py:150} INFO - [2023-10-02T13:13:02.245+0000] {dagbag.py:541} INFO - Filling up the DagBag from /opt/airflow/dags/subdags/subdag_transforms.py
[2023-10-02T13:13:02.252+0000] {processor.py:838} WARNING - No viable dags retrieved from /opt/airflow/dags/subdags/subdag_transforms.py
[2023-10-02T13:13:02.275+0000] {processor.py:179} INFO - Processing /opt/airflow/dags/subdags/subdag_transforms.py took 0.035 seconds
[2023-10-02T13:13:33.053+0000] {processor.py:157} INFO - Started process (PID=12170) to work on /opt/airflow/dags/subdags/subdag_transforms.py
[2023-10-02T13:13:33.054+0000] {processor.py:826} INFO - Processing file /opt/airflow/dags/subdags/subdag_transforms.py for tasks to queue
[2023-10-02T13:13:33.055+0000] {logging_mixin.py:150} INFO - [2023-10-02T13:13:33.054+0000] {dagbag.py:541} INFO - Filling up the DagBag from /opt/airflow/dags/subdags/subdag_transforms.py
[2023-10-02T13:13:33.060+0000] {processor.py:838} WARNING - No viable dags retrieved from /opt/airflow/dags/subdags/subdag_transforms.py
[2023-10-02T13:13:33.085+0000] {processor.py:179} INFO - Processing /opt/airflow/dags/subdags/subdag_transforms.py took 0.036 seconds
[2023-10-02T13:14:03.862+0000] {processor.py:157} INFO - Started process (PID=12197) to work on /opt/airflow/dags/subdags/subdag_transforms.py
[2023-10-02T13:14:03.863+0000] {processor.py:826} INFO - Processing file /opt/airflow/dags/subdags/subdag_transforms.py for tasks to queue
[2023-10-02T13:14:03.864+0000] {logging_mixin.py:150} INFO - [2023-10-02T13:14:03.864+0000] {dagbag.py:541} INFO - Filling up the DagBag from /opt/airflow/dags/subdags/subdag_transforms.py
[2023-10-02T13:14:03.869+0000] {processor.py:838} WARNING - No viable dags retrieved from /opt/airflow/dags/subdags/subdag_transforms.py
[2023-10-02T13:14:03.901+0000] {processor.py:179} INFO - Processing /opt/airflow/dags/subdags/subdag_transforms.py took 0.046 seconds
[2023-10-02T13:14:34.690+0000] {processor.py:157} INFO - Started process (PID=12224) to work on /opt/airflow/dags/subdags/subdag_transforms.py
[2023-10-02T13:14:34.691+0000] {processor.py:826} INFO - Processing file /opt/airflow/dags/subdags/subdag_transforms.py for tasks to queue
[2023-10-02T13:14:34.692+0000] {logging_mixin.py:150} INFO - [2023-10-02T13:14:34.692+0000] {dagbag.py:541} INFO - Filling up the DagBag from /opt/airflow/dags/subdags/subdag_transforms.py
[2023-10-02T13:14:34.694+0000] {processor.py:838} WARNING - No viable dags retrieved from /opt/airflow/dags/subdags/subdag_transforms.py
[2023-10-02T13:14:34.720+0000] {processor.py:179} INFO - Processing /opt/airflow/dags/subdags/subdag_transforms.py took 0.038 seconds
[2023-10-02T13:15:05.520+0000] {processor.py:157} INFO - Started process (PID=12251) to work on /opt/airflow/dags/subdags/subdag_transforms.py
[2023-10-02T13:15:05.521+0000] {processor.py:826} INFO - Processing file /opt/airflow/dags/subdags/subdag_transforms.py for tasks to queue
[2023-10-02T13:15:05.521+0000] {logging_mixin.py:150} INFO - [2023-10-02T13:15:05.521+0000] {dagbag.py:541} INFO - Filling up the DagBag from /opt/airflow/dags/subdags/subdag_transforms.py
[2023-10-02T13:15:05.524+0000] {processor.py:838} WARNING - No viable dags retrieved from /opt/airflow/dags/subdags/subdag_transforms.py
[2023-10-02T13:15:05.550+0000] {processor.py:179} INFO - Processing /opt/airflow/dags/subdags/subdag_transforms.py took 0.038 seconds
[2023-10-02T13:15:36.219+0000] {processor.py:157} INFO - Started process (PID=12278) to work on /opt/airflow/dags/subdags/subdag_transforms.py
[2023-10-02T13:15:36.220+0000] {processor.py:826} INFO - Processing file /opt/airflow/dags/subdags/subdag_transforms.py for tasks to queue
[2023-10-02T13:15:36.221+0000] {logging_mixin.py:150} INFO - [2023-10-02T13:15:36.221+0000] {dagbag.py:541} INFO - Filling up the DagBag from /opt/airflow/dags/subdags/subdag_transforms.py
[2023-10-02T13:15:36.224+0000] {processor.py:838} WARNING - No viable dags retrieved from /opt/airflow/dags/subdags/subdag_transforms.py
[2023-10-02T13:15:36.251+0000] {processor.py:179} INFO - Processing /opt/airflow/dags/subdags/subdag_transforms.py took 0.039 seconds
[2023-10-02T13:16:07.111+0000] {processor.py:157} INFO - Started process (PID=12306) to work on /opt/airflow/dags/subdags/subdag_transforms.py
[2023-10-02T13:16:07.112+0000] {processor.py:826} INFO - Processing file /opt/airflow/dags/subdags/subdag_transforms.py for tasks to queue
[2023-10-02T13:16:07.113+0000] {logging_mixin.py:150} INFO - [2023-10-02T13:16:07.113+0000] {dagbag.py:541} INFO - Filling up the DagBag from /opt/airflow/dags/subdags/subdag_transforms.py
[2023-10-02T13:16:07.119+0000] {processor.py:838} WARNING - No viable dags retrieved from /opt/airflow/dags/subdags/subdag_transforms.py
[2023-10-02T13:16:07.140+0000] {processor.py:179} INFO - Processing /opt/airflow/dags/subdags/subdag_transforms.py took 0.038 seconds
[2023-10-02T13:16:37.329+0000] {processor.py:157} INFO - Started process (PID=12331) to work on /opt/airflow/dags/subdags/subdag_transforms.py
[2023-10-02T13:16:37.331+0000] {processor.py:826} INFO - Processing file /opt/airflow/dags/subdags/subdag_transforms.py for tasks to queue
[2023-10-02T13:16:37.331+0000] {logging_mixin.py:150} INFO - [2023-10-02T13:16:37.331+0000] {dagbag.py:541} INFO - Filling up the DagBag from /opt/airflow/dags/subdags/subdag_transforms.py
[2023-10-02T13:16:37.333+0000] {processor.py:838} WARNING - No viable dags retrieved from /opt/airflow/dags/subdags/subdag_transforms.py
[2023-10-02T13:16:37.360+0000] {processor.py:179} INFO - Processing /opt/airflow/dags/subdags/subdag_transforms.py took 0.038 seconds
[2023-10-02T13:17:07.410+0000] {processor.py:157} INFO - Started process (PID=12350) to work on /opt/airflow/dags/subdags/subdag_transforms.py
[2023-10-02T13:17:07.411+0000] {processor.py:826} INFO - Processing file /opt/airflow/dags/subdags/subdag_transforms.py for tasks to queue
[2023-10-02T13:17:07.412+0000] {logging_mixin.py:150} INFO - [2023-10-02T13:17:07.412+0000] {dagbag.py:541} INFO - Filling up the DagBag from /opt/airflow/dags/subdags/subdag_transforms.py
[2023-10-02T13:17:07.420+0000] {processor.py:838} WARNING - No viable dags retrieved from /opt/airflow/dags/subdags/subdag_transforms.py
[2023-10-02T13:17:07.451+0000] {processor.py:179} INFO - Processing /opt/airflow/dags/subdags/subdag_transforms.py took 0.050 seconds
[2023-10-02T13:17:37.600+0000] {processor.py:157} INFO - Started process (PID=12377) to work on /opt/airflow/dags/subdags/subdag_transforms.py
[2023-10-02T13:17:37.602+0000] {processor.py:826} INFO - Processing file /opt/airflow/dags/subdags/subdag_transforms.py for tasks to queue
[2023-10-02T13:17:37.603+0000] {logging_mixin.py:150} INFO - [2023-10-02T13:17:37.602+0000] {dagbag.py:541} INFO - Filling up the DagBag from /opt/airflow/dags/subdags/subdag_transforms.py
[2023-10-02T13:17:37.609+0000] {processor.py:838} WARNING - No viable dags retrieved from /opt/airflow/dags/subdags/subdag_transforms.py
[2023-10-02T13:17:37.641+0000] {processor.py:179} INFO - Processing /opt/airflow/dags/subdags/subdag_transforms.py took 0.050 seconds
[2023-10-02T13:18:07.711+0000] {processor.py:157} INFO - Started process (PID=12404) to work on /opt/airflow/dags/subdags/subdag_transforms.py
[2023-10-02T13:18:07.712+0000] {processor.py:826} INFO - Processing file /opt/airflow/dags/subdags/subdag_transforms.py for tasks to queue
[2023-10-02T13:18:07.713+0000] {logging_mixin.py:150} INFO - [2023-10-02T13:18:07.713+0000] {dagbag.py:541} INFO - Filling up the DagBag from /opt/airflow/dags/subdags/subdag_transforms.py
[2023-10-02T13:18:07.724+0000] {processor.py:838} WARNING - No viable dags retrieved from /opt/airflow/dags/subdags/subdag_transforms.py
[2023-10-02T13:18:07.752+0000] {processor.py:179} INFO - Processing /opt/airflow/dags/subdags/subdag_transforms.py took 0.048 seconds
[2023-10-02T13:18:38.419+0000] {processor.py:157} INFO - Started process (PID=12431) to work on /opt/airflow/dags/subdags/subdag_transforms.py
[2023-10-02T13:18:38.420+0000] {processor.py:826} INFO - Processing file /opt/airflow/dags/subdags/subdag_transforms.py for tasks to queue
[2023-10-02T13:18:38.421+0000] {logging_mixin.py:150} INFO - [2023-10-02T13:18:38.421+0000] {dagbag.py:541} INFO - Filling up the DagBag from /opt/airflow/dags/subdags/subdag_transforms.py
[2023-10-02T13:18:38.423+0000] {processor.py:838} WARNING - No viable dags retrieved from /opt/airflow/dags/subdags/subdag_transforms.py
[2023-10-02T13:18:38.451+0000] {processor.py:179} INFO - Processing /opt/airflow/dags/subdags/subdag_transforms.py took 0.039 seconds
[2023-10-02T13:19:08.850+0000] {processor.py:157} INFO - Started process (PID=12457) to work on /opt/airflow/dags/subdags/subdag_transforms.py
[2023-10-02T13:19:08.861+0000] {processor.py:826} INFO - Processing file /opt/airflow/dags/subdags/subdag_transforms.py for tasks to queue
[2023-10-02T13:19:08.871+0000] {logging_mixin.py:150} INFO - [2023-10-02T13:19:08.869+0000] {dagbag.py:541} INFO - Filling up the DagBag from /opt/airflow/dags/subdags/subdag_transforms.py
[2023-10-02T13:19:08.879+0000] {processor.py:838} WARNING - No viable dags retrieved from /opt/airflow/dags/subdags/subdag_transforms.py
[2023-10-02T13:19:08.941+0000] {processor.py:179} INFO - Processing /opt/airflow/dags/subdags/subdag_transforms.py took 0.107 seconds
[2023-10-02T13:19:39.491+0000] {processor.py:157} INFO - Started process (PID=12485) to work on /opt/airflow/dags/subdags/subdag_transforms.py
[2023-10-02T13:19:39.492+0000] {processor.py:826} INFO - Processing file /opt/airflow/dags/subdags/subdag_transforms.py for tasks to queue
[2023-10-02T13:19:39.493+0000] {logging_mixin.py:150} INFO - [2023-10-02T13:19:39.493+0000] {dagbag.py:541} INFO - Filling up the DagBag from /opt/airflow/dags/subdags/subdag_transforms.py
[2023-10-02T13:19:39.499+0000] {processor.py:838} WARNING - No viable dags retrieved from /opt/airflow/dags/subdags/subdag_transforms.py
[2023-10-02T13:19:39.549+0000] {processor.py:179} INFO - Processing /opt/airflow/dags/subdags/subdag_transforms.py took 0.088 seconds
[2023-10-02T13:20:10.351+0000] {processor.py:157} INFO - Started process (PID=12513) to work on /opt/airflow/dags/subdags/subdag_transforms.py
[2023-10-02T13:20:10.353+0000] {processor.py:826} INFO - Processing file /opt/airflow/dags/subdags/subdag_transforms.py for tasks to queue
[2023-10-02T13:20:10.354+0000] {logging_mixin.py:150} INFO - [2023-10-02T13:20:10.353+0000] {dagbag.py:541} INFO - Filling up the DagBag from /opt/airflow/dags/subdags/subdag_transforms.py
[2023-10-02T13:20:10.371+0000] {processor.py:838} WARNING - No viable dags retrieved from /opt/airflow/dags/subdags/subdag_transforms.py
[2023-10-02T13:20:10.449+0000] {processor.py:179} INFO - Processing /opt/airflow/dags/subdags/subdag_transforms.py took 0.128 seconds
[2023-10-02T13:20:40.973+0000] {processor.py:157} INFO - Started process (PID=12540) to work on /opt/airflow/dags/subdags/subdag_transforms.py
[2023-10-02T13:20:40.980+0000] {processor.py:826} INFO - Processing file /opt/airflow/dags/subdags/subdag_transforms.py for tasks to queue
[2023-10-02T13:20:40.981+0000] {logging_mixin.py:150} INFO - [2023-10-02T13:20:40.981+0000] {dagbag.py:541} INFO - Filling up the DagBag from /opt/airflow/dags/subdags/subdag_transforms.py
[2023-10-02T13:20:40.989+0000] {processor.py:838} WARNING - No viable dags retrieved from /opt/airflow/dags/subdags/subdag_transforms.py
[2023-10-02T13:20:41.063+0000] {processor.py:179} INFO - Processing /opt/airflow/dags/subdags/subdag_transforms.py took 0.102 seconds
[2023-10-02T13:21:11.489+0000] {processor.py:157} INFO - Started process (PID=12568) to work on /opt/airflow/dags/subdags/subdag_transforms.py
[2023-10-02T13:21:11.490+0000] {processor.py:826} INFO - Processing file /opt/airflow/dags/subdags/subdag_transforms.py for tasks to queue
[2023-10-02T13:21:11.491+0000] {logging_mixin.py:150} INFO - [2023-10-02T13:21:11.491+0000] {dagbag.py:541} INFO - Filling up the DagBag from /opt/airflow/dags/subdags/subdag_transforms.py
[2023-10-02T13:21:11.502+0000] {processor.py:838} WARNING - No viable dags retrieved from /opt/airflow/dags/subdags/subdag_transforms.py
[2023-10-02T13:21:11.552+0000] {processor.py:179} INFO - Processing /opt/airflow/dags/subdags/subdag_transforms.py took 0.082 seconds
[2023-10-02T13:21:41.743+0000] {processor.py:157} INFO - Started process (PID=12595) to work on /opt/airflow/dags/subdags/subdag_transforms.py
[2023-10-02T13:21:41.750+0000] {processor.py:826} INFO - Processing file /opt/airflow/dags/subdags/subdag_transforms.py for tasks to queue
[2023-10-02T13:21:41.759+0000] {logging_mixin.py:150} INFO - [2023-10-02T13:21:41.758+0000] {dagbag.py:541} INFO - Filling up the DagBag from /opt/airflow/dags/subdags/subdag_transforms.py
[2023-10-02T13:21:41.769+0000] {processor.py:838} WARNING - No viable dags retrieved from /opt/airflow/dags/subdags/subdag_transforms.py
[2023-10-02T13:21:41.809+0000] {processor.py:179} INFO - Processing /opt/airflow/dags/subdags/subdag_transforms.py took 0.078 seconds
[2023-10-02T13:22:12.872+0000] {processor.py:157} INFO - Started process (PID=12623) to work on /opt/airflow/dags/subdags/subdag_transforms.py
[2023-10-02T13:22:12.888+0000] {processor.py:826} INFO - Processing file /opt/airflow/dags/subdags/subdag_transforms.py for tasks to queue
[2023-10-02T13:22:12.891+0000] {logging_mixin.py:150} INFO - [2023-10-02T13:22:12.891+0000] {dagbag.py:541} INFO - Filling up the DagBag from /opt/airflow/dags/subdags/subdag_transforms.py
[2023-10-02T13:22:12.901+0000] {processor.py:838} WARNING - No viable dags retrieved from /opt/airflow/dags/subdags/subdag_transforms.py
[2023-10-02T13:22:13.009+0000] {processor.py:179} INFO - Processing /opt/airflow/dags/subdags/subdag_transforms.py took 0.157 seconds
[2023-10-02T13:22:43.443+0000] {processor.py:157} INFO - Started process (PID=12650) to work on /opt/airflow/dags/subdags/subdag_transforms.py
[2023-10-02T13:22:43.472+0000] {processor.py:826} INFO - Processing file /opt/airflow/dags/subdags/subdag_transforms.py for tasks to queue
[2023-10-02T13:22:43.501+0000] {logging_mixin.py:150} INFO - [2023-10-02T13:22:43.493+0000] {dagbag.py:541} INFO - Filling up the DagBag from /opt/airflow/dags/subdags/subdag_transforms.py
[2023-10-02T13:22:43.522+0000] {processor.py:838} WARNING - No viable dags retrieved from /opt/airflow/dags/subdags/subdag_transforms.py
[2023-10-02T13:22:43.639+0000] {processor.py:179} INFO - Processing /opt/airflow/dags/subdags/subdag_transforms.py took 0.230 seconds
[2023-10-02T13:23:14.012+0000] {processor.py:157} INFO - Started process (PID=12677) to work on /opt/airflow/dags/subdags/subdag_transforms.py
[2023-10-02T13:23:14.029+0000] {processor.py:826} INFO - Processing file /opt/airflow/dags/subdags/subdag_transforms.py for tasks to queue
[2023-10-02T13:23:14.042+0000] {logging_mixin.py:150} INFO - [2023-10-02T13:23:14.041+0000] {dagbag.py:541} INFO - Filling up the DagBag from /opt/airflow/dags/subdags/subdag_transforms.py
[2023-10-02T13:23:14.060+0000] {processor.py:838} WARNING - No viable dags retrieved from /opt/airflow/dags/subdags/subdag_transforms.py
[2023-10-02T13:23:14.328+0000] {processor.py:179} INFO - Processing /opt/airflow/dags/subdags/subdag_transforms.py took 0.333 seconds
[2023-10-02T13:23:44.450+0000] {processor.py:157} INFO - Started process (PID=12704) to work on /opt/airflow/dags/subdags/subdag_transforms.py
[2023-10-02T13:23:44.463+0000] {processor.py:826} INFO - Processing file /opt/airflow/dags/subdags/subdag_transforms.py for tasks to queue
[2023-10-02T13:23:44.471+0000] {logging_mixin.py:150} INFO - [2023-10-02T13:23:44.471+0000] {dagbag.py:541} INFO - Filling up the DagBag from /opt/airflow/dags/subdags/subdag_transforms.py
[2023-10-02T13:23:44.481+0000] {processor.py:838} WARNING - No viable dags retrieved from /opt/airflow/dags/subdags/subdag_transforms.py
[2023-10-02T13:23:44.553+0000] {processor.py:179} INFO - Processing /opt/airflow/dags/subdags/subdag_transforms.py took 0.134 seconds
[2023-10-02T13:24:14.749+0000] {processor.py:157} INFO - Started process (PID=12731) to work on /opt/airflow/dags/subdags/subdag_transforms.py
[2023-10-02T13:24:14.750+0000] {processor.py:826} INFO - Processing file /opt/airflow/dags/subdags/subdag_transforms.py for tasks to queue
[2023-10-02T13:24:14.752+0000] {logging_mixin.py:150} INFO - [2023-10-02T13:24:14.751+0000] {dagbag.py:541} INFO - Filling up the DagBag from /opt/airflow/dags/subdags/subdag_transforms.py
[2023-10-02T13:24:14.780+0000] {processor.py:838} WARNING - No viable dags retrieved from /opt/airflow/dags/subdags/subdag_transforms.py
[2023-10-02T13:24:14.918+0000] {processor.py:179} INFO - Processing /opt/airflow/dags/subdags/subdag_transforms.py took 0.193 seconds
[2023-10-02T13:24:45.152+0000] {processor.py:157} INFO - Started process (PID=12758) to work on /opt/airflow/dags/subdags/subdag_transforms.py
[2023-10-02T13:24:45.168+0000] {processor.py:826} INFO - Processing file /opt/airflow/dags/subdags/subdag_transforms.py for tasks to queue
[2023-10-02T13:24:45.170+0000] {logging_mixin.py:150} INFO - [2023-10-02T13:24:45.169+0000] {dagbag.py:541} INFO - Filling up the DagBag from /opt/airflow/dags/subdags/subdag_transforms.py
[2023-10-02T13:24:45.181+0000] {processor.py:838} WARNING - No viable dags retrieved from /opt/airflow/dags/subdags/subdag_transforms.py
[2023-10-02T13:24:45.240+0000] {processor.py:179} INFO - Processing /opt/airflow/dags/subdags/subdag_transforms.py took 0.098 seconds
[2023-10-02T13:25:15.319+0000] {processor.py:157} INFO - Started process (PID=12784) to work on /opt/airflow/dags/subdags/subdag_transforms.py
[2023-10-02T13:25:15.320+0000] {processor.py:826} INFO - Processing file /opt/airflow/dags/subdags/subdag_transforms.py for tasks to queue
[2023-10-02T13:25:15.320+0000] {logging_mixin.py:150} INFO - [2023-10-02T13:25:15.320+0000] {dagbag.py:541} INFO - Filling up the DagBag from /opt/airflow/dags/subdags/subdag_transforms.py
[2023-10-02T13:25:15.322+0000] {processor.py:838} WARNING - No viable dags retrieved from /opt/airflow/dags/subdags/subdag_transforms.py
[2023-10-02T13:25:15.360+0000] {processor.py:179} INFO - Processing /opt/airflow/dags/subdags/subdag_transforms.py took 0.051 seconds
[2023-10-02T13:25:45.722+0000] {processor.py:157} INFO - Started process (PID=12813) to work on /opt/airflow/dags/subdags/subdag_transforms.py
[2023-10-02T13:25:45.730+0000] {processor.py:826} INFO - Processing file /opt/airflow/dags/subdags/subdag_transforms.py for tasks to queue
[2023-10-02T13:25:45.731+0000] {logging_mixin.py:150} INFO - [2023-10-02T13:25:45.731+0000] {dagbag.py:541} INFO - Filling up the DagBag from /opt/airflow/dags/subdags/subdag_transforms.py
[2023-10-02T13:25:45.741+0000] {processor.py:838} WARNING - No viable dags retrieved from /opt/airflow/dags/subdags/subdag_transforms.py
[2023-10-02T13:25:45.800+0000] {processor.py:179} INFO - Processing /opt/airflow/dags/subdags/subdag_transforms.py took 0.089 seconds
[2023-10-02T13:26:16.089+0000] {processor.py:157} INFO - Started process (PID=12839) to work on /opt/airflow/dags/subdags/subdag_transforms.py
[2023-10-02T13:26:16.099+0000] {processor.py:826} INFO - Processing file /opt/airflow/dags/subdags/subdag_transforms.py for tasks to queue
[2023-10-02T13:26:16.100+0000] {logging_mixin.py:150} INFO - [2023-10-02T13:26:16.100+0000] {dagbag.py:541} INFO - Filling up the DagBag from /opt/airflow/dags/subdags/subdag_transforms.py
[2023-10-02T13:26:16.109+0000] {processor.py:838} WARNING - No viable dags retrieved from /opt/airflow/dags/subdags/subdag_transforms.py
[2023-10-02T13:26:16.159+0000] {processor.py:179} INFO - Processing /opt/airflow/dags/subdags/subdag_transforms.py took 0.090 seconds
[2023-10-02T13:26:46.371+0000] {processor.py:157} INFO - Started process (PID=12859) to work on /opt/airflow/dags/subdags/subdag_transforms.py
[2023-10-02T13:26:46.378+0000] {processor.py:826} INFO - Processing file /opt/airflow/dags/subdags/subdag_transforms.py for tasks to queue
[2023-10-02T13:26:46.379+0000] {logging_mixin.py:150} INFO - [2023-10-02T13:26:46.379+0000] {dagbag.py:541} INFO - Filling up the DagBag from /opt/airflow/dags/subdags/subdag_transforms.py
[2023-10-02T13:26:46.381+0000] {processor.py:838} WARNING - No viable dags retrieved from /opt/airflow/dags/subdags/subdag_transforms.py
[2023-10-02T13:26:46.421+0000] {processor.py:179} INFO - Processing /opt/airflow/dags/subdags/subdag_transforms.py took 0.059 seconds
[2023-10-02T13:27:17.052+0000] {processor.py:157} INFO - Started process (PID=12886) to work on /opt/airflow/dags/subdags/subdag_transforms.py
[2023-10-02T13:27:17.060+0000] {processor.py:826} INFO - Processing file /opt/airflow/dags/subdags/subdag_transforms.py for tasks to queue
[2023-10-02T13:27:17.062+0000] {logging_mixin.py:150} INFO - [2023-10-02T13:27:17.061+0000] {dagbag.py:541} INFO - Filling up the DagBag from /opt/airflow/dags/subdags/subdag_transforms.py
[2023-10-02T13:27:17.070+0000] {processor.py:838} WARNING - No viable dags retrieved from /opt/airflow/dags/subdags/subdag_transforms.py
[2023-10-02T13:27:17.119+0000] {processor.py:179} INFO - Processing /opt/airflow/dags/subdags/subdag_transforms.py took 0.078 seconds
[2023-10-02T13:27:47.810+0000] {processor.py:157} INFO - Started process (PID=12913) to work on /opt/airflow/dags/subdags/subdag_transforms.py
[2023-10-02T13:27:47.811+0000] {processor.py:826} INFO - Processing file /opt/airflow/dags/subdags/subdag_transforms.py for tasks to queue
[2023-10-02T13:27:47.812+0000] {logging_mixin.py:150} INFO - [2023-10-02T13:27:47.812+0000] {dagbag.py:541} INFO - Filling up the DagBag from /opt/airflow/dags/subdags/subdag_transforms.py
[2023-10-02T13:27:47.820+0000] {processor.py:838} WARNING - No viable dags retrieved from /opt/airflow/dags/subdags/subdag_transforms.py
[2023-10-02T13:27:47.862+0000] {processor.py:179} INFO - Processing /opt/airflow/dags/subdags/subdag_transforms.py took 0.061 seconds
[2023-10-02T13:28:18.891+0000] {processor.py:157} INFO - Started process (PID=12940) to work on /opt/airflow/dags/subdags/subdag_transforms.py
[2023-10-02T13:28:18.910+0000] {processor.py:826} INFO - Processing file /opt/airflow/dags/subdags/subdag_transforms.py for tasks to queue
[2023-10-02T13:28:18.921+0000] {logging_mixin.py:150} INFO - [2023-10-02T13:28:18.919+0000] {dagbag.py:541} INFO - Filling up the DagBag from /opt/airflow/dags/subdags/subdag_transforms.py
[2023-10-02T13:28:18.940+0000] {processor.py:838} WARNING - No viable dags retrieved from /opt/airflow/dags/subdags/subdag_transforms.py
[2023-10-02T13:28:19.178+0000] {processor.py:179} INFO - Processing /opt/airflow/dags/subdags/subdag_transforms.py took 0.302 seconds
[2023-10-02T13:28:49.612+0000] {processor.py:157} INFO - Started process (PID=12967) to work on /opt/airflow/dags/subdags/subdag_transforms.py
[2023-10-02T13:28:49.641+0000] {processor.py:826} INFO - Processing file /opt/airflow/dags/subdags/subdag_transforms.py for tasks to queue
[2023-10-02T13:28:49.659+0000] {logging_mixin.py:150} INFO - [2023-10-02T13:28:49.649+0000] {dagbag.py:541} INFO - Filling up the DagBag from /opt/airflow/dags/subdags/subdag_transforms.py
[2023-10-02T13:28:49.700+0000] {processor.py:838} WARNING - No viable dags retrieved from /opt/airflow/dags/subdags/subdag_transforms.py
[2023-10-02T13:28:49.991+0000] {processor.py:179} INFO - Processing /opt/airflow/dags/subdags/subdag_transforms.py took 0.411 seconds
[2023-10-02T13:29:20.429+0000] {processor.py:157} INFO - Started process (PID=12994) to work on /opt/airflow/dags/subdags/subdag_transforms.py
[2023-10-02T13:29:20.451+0000] {processor.py:826} INFO - Processing file /opt/airflow/dags/subdags/subdag_transforms.py for tasks to queue
[2023-10-02T13:29:20.461+0000] {logging_mixin.py:150} INFO - [2023-10-02T13:29:20.459+0000] {dagbag.py:541} INFO - Filling up the DagBag from /opt/airflow/dags/subdags/subdag_transforms.py
[2023-10-02T13:29:20.509+0000] {processor.py:838} WARNING - No viable dags retrieved from /opt/airflow/dags/subdags/subdag_transforms.py
[2023-10-02T13:29:20.761+0000] {processor.py:179} INFO - Processing /opt/airflow/dags/subdags/subdag_transforms.py took 0.451 seconds
[2023-10-02T13:29:52.111+0000] {processor.py:157} INFO - Started process (PID=13021) to work on /opt/airflow/dags/subdags/subdag_transforms.py
[2023-10-02T13:29:52.141+0000] {processor.py:826} INFO - Processing file /opt/airflow/dags/subdags/subdag_transforms.py for tasks to queue
[2023-10-02T13:29:52.151+0000] {logging_mixin.py:150} INFO - [2023-10-02T13:29:52.149+0000] {dagbag.py:541} INFO - Filling up the DagBag from /opt/airflow/dags/subdags/subdag_transforms.py
[2023-10-02T13:29:52.180+0000] {processor.py:838} WARNING - No viable dags retrieved from /opt/airflow/dags/subdags/subdag_transforms.py
[2023-10-02T13:29:52.501+0000] {processor.py:179} INFO - Processing /opt/airflow/dags/subdags/subdag_transforms.py took 0.452 seconds
[2023-10-02T13:30:28.379+0000] {processor.py:157} INFO - Started process (PID=13048) to work on /opt/airflow/dags/subdags/subdag_transforms.py
[2023-10-02T13:30:28.401+0000] {processor.py:826} INFO - Processing file /opt/airflow/dags/subdags/subdag_transforms.py for tasks to queue
[2023-10-02T13:30:28.421+0000] {logging_mixin.py:150} INFO - [2023-10-02T13:30:28.419+0000] {dagbag.py:541} INFO - Filling up the DagBag from /opt/airflow/dags/subdags/subdag_transforms.py
[2023-10-02T13:30:28.470+0000] {processor.py:838} WARNING - No viable dags retrieved from /opt/airflow/dags/subdags/subdag_transforms.py
[2023-10-02T13:30:28.981+0000] {processor.py:179} INFO - Processing /opt/airflow/dags/subdags/subdag_transforms.py took 0.690 seconds
[2023-10-02T13:31:00.099+0000] {processor.py:157} INFO - Started process (PID=13067) to work on /opt/airflow/dags/subdags/subdag_transforms.py
[2023-10-02T13:31:00.119+0000] {processor.py:826} INFO - Processing file /opt/airflow/dags/subdags/subdag_transforms.py for tasks to queue
[2023-10-02T13:31:00.121+0000] {logging_mixin.py:150} INFO - [2023-10-02T13:31:00.120+0000] {dagbag.py:541} INFO - Filling up the DagBag from /opt/airflow/dags/subdags/subdag_transforms.py
[2023-10-02T13:31:00.169+0000] {processor.py:838} WARNING - No viable dags retrieved from /opt/airflow/dags/subdags/subdag_transforms.py
[2023-10-02T13:31:00.369+0000] {processor.py:179} INFO - Processing /opt/airflow/dags/subdags/subdag_transforms.py took 0.300 seconds
[2023-10-02T13:31:31.871+0000] {processor.py:157} INFO - Started process (PID=13093) to work on /opt/airflow/dags/subdags/subdag_transforms.py
[2023-10-02T13:31:32.119+0000] {processor.py:826} INFO - Processing file /opt/airflow/dags/subdags/subdag_transforms.py for tasks to queue
[2023-10-02T13:31:32.121+0000] {logging_mixin.py:150} INFO - [2023-10-02T13:31:32.120+0000] {dagbag.py:541} INFO - Filling up the DagBag from /opt/airflow/dags/subdags/subdag_transforms.py
[2023-10-02T13:31:32.149+0000] {processor.py:838} WARNING - No viable dags retrieved from /opt/airflow/dags/subdags/subdag_transforms.py
[2023-10-02T13:31:32.420+0000] {processor.py:179} INFO - Processing /opt/airflow/dags/subdags/subdag_transforms.py took 0.582 seconds
[2023-10-02T13:32:03.221+0000] {processor.py:157} INFO - Started process (PID=13120) to work on /opt/airflow/dags/subdags/subdag_transforms.py
[2023-10-02T13:32:03.230+0000] {processor.py:826} INFO - Processing file /opt/airflow/dags/subdags/subdag_transforms.py for tasks to queue
[2023-10-02T13:32:03.239+0000] {logging_mixin.py:150} INFO - [2023-10-02T13:32:03.231+0000] {dagbag.py:541} INFO - Filling up the DagBag from /opt/airflow/dags/subdags/subdag_transforms.py
[2023-10-02T13:32:03.249+0000] {processor.py:838} WARNING - No viable dags retrieved from /opt/airflow/dags/subdags/subdag_transforms.py
[2023-10-02T13:32:03.340+0000] {processor.py:179} INFO - Processing /opt/airflow/dags/subdags/subdag_transforms.py took 0.141 seconds
[2023-10-02T13:32:33.969+0000] {processor.py:157} INFO - Started process (PID=13148) to work on /opt/airflow/dags/subdags/subdag_transforms.py
[2023-10-02T13:32:33.979+0000] {processor.py:826} INFO - Processing file /opt/airflow/dags/subdags/subdag_transforms.py for tasks to queue
[2023-10-02T13:32:34.000+0000] {logging_mixin.py:150} INFO - [2023-10-02T13:32:33.999+0000] {dagbag.py:541} INFO - Filling up the DagBag from /opt/airflow/dags/subdags/subdag_transforms.py
[2023-10-02T13:32:34.020+0000] {processor.py:838} WARNING - No viable dags retrieved from /opt/airflow/dags/subdags/subdag_transforms.py
[2023-10-02T13:32:34.150+0000] {processor.py:179} INFO - Processing /opt/airflow/dags/subdags/subdag_transforms.py took 0.211 seconds
[2023-10-02T13:33:11.111+0000] {processor.py:157} INFO - Started process (PID=13175) to work on /opt/airflow/dags/subdags/subdag_transforms.py
[2023-10-02T13:33:11.129+0000] {processor.py:826} INFO - Processing file /opt/airflow/dags/subdags/subdag_transforms.py for tasks to queue
[2023-10-02T13:33:11.131+0000] {logging_mixin.py:150} INFO - [2023-10-02T13:33:11.130+0000] {dagbag.py:541} INFO - Filling up the DagBag from /opt/airflow/dags/subdags/subdag_transforms.py
[2023-10-02T13:33:11.149+0000] {processor.py:838} WARNING - No viable dags retrieved from /opt/airflow/dags/subdags/subdag_transforms.py
[2023-10-02T13:33:11.250+0000] {processor.py:179} INFO - Processing /opt/airflow/dags/subdags/subdag_transforms.py took 0.160 seconds
[2023-10-02T13:33:41.450+0000] {processor.py:157} INFO - Started process (PID=13194) to work on /opt/airflow/dags/subdags/subdag_transforms.py
[2023-10-02T13:33:41.479+0000] {processor.py:826} INFO - Processing file /opt/airflow/dags/subdags/subdag_transforms.py for tasks to queue
[2023-10-02T13:33:41.480+0000] {logging_mixin.py:150} INFO - [2023-10-02T13:33:41.480+0000] {dagbag.py:541} INFO - Filling up the DagBag from /opt/airflow/dags/subdags/subdag_transforms.py
[2023-10-02T13:33:41.509+0000] {processor.py:838} WARNING - No viable dags retrieved from /opt/airflow/dags/subdags/subdag_transforms.py
[2023-10-02T13:33:41.829+0000] {processor.py:179} INFO - Processing /opt/airflow/dags/subdags/subdag_transforms.py took 0.401 seconds
[2023-10-02T13:34:12.529+0000] {processor.py:157} INFO - Started process (PID=13220) to work on /opt/airflow/dags/subdags/subdag_transforms.py
[2023-10-02T13:34:12.539+0000] {processor.py:826} INFO - Processing file /opt/airflow/dags/subdags/subdag_transforms.py for tasks to queue
[2023-10-02T13:34:12.548+0000] {logging_mixin.py:150} INFO - [2023-10-02T13:34:12.540+0000] {dagbag.py:541} INFO - Filling up the DagBag from /opt/airflow/dags/subdags/subdag_transforms.py
[2023-10-02T13:34:12.598+0000] {processor.py:838} WARNING - No viable dags retrieved from /opt/airflow/dags/subdags/subdag_transforms.py
[2023-10-02T13:34:12.738+0000] {processor.py:179} INFO - Processing /opt/airflow/dags/subdags/subdag_transforms.py took 0.240 seconds
[2023-10-02T13:34:43.100+0000] {processor.py:157} INFO - Started process (PID=13248) to work on /opt/airflow/dags/subdags/subdag_transforms.py
[2023-10-02T13:34:43.109+0000] {processor.py:826} INFO - Processing file /opt/airflow/dags/subdags/subdag_transforms.py for tasks to queue
[2023-10-02T13:34:43.119+0000] {logging_mixin.py:150} INFO - [2023-10-02T13:34:43.110+0000] {dagbag.py:541} INFO - Filling up the DagBag from /opt/airflow/dags/subdags/subdag_transforms.py
[2023-10-02T13:34:43.149+0000] {processor.py:838} WARNING - No viable dags retrieved from /opt/airflow/dags/subdags/subdag_transforms.py
[2023-10-02T13:34:43.300+0000] {processor.py:179} INFO - Processing /opt/airflow/dags/subdags/subdag_transforms.py took 0.240 seconds
[2023-10-02T13:35:14.028+0000] {processor.py:157} INFO - Started process (PID=13275) to work on /opt/airflow/dags/subdags/subdag_transforms.py
[2023-10-02T13:35:14.039+0000] {processor.py:826} INFO - Processing file /opt/airflow/dags/subdags/subdag_transforms.py for tasks to queue
[2023-10-02T13:35:14.049+0000] {logging_mixin.py:150} INFO - [2023-10-02T13:35:14.040+0000] {dagbag.py:541} INFO - Filling up the DagBag from /opt/airflow/dags/subdags/subdag_transforms.py
[2023-10-02T13:35:14.069+0000] {processor.py:838} WARNING - No viable dags retrieved from /opt/airflow/dags/subdags/subdag_transforms.py
[2023-10-02T13:35:14.519+0000] {processor.py:179} INFO - Processing /opt/airflow/dags/subdags/subdag_transforms.py took 0.560 seconds
[2023-10-02T13:35:46.028+0000] {processor.py:157} INFO - Started process (PID=13302) to work on /opt/airflow/dags/subdags/subdag_transforms.py
[2023-10-02T13:35:46.059+0000] {processor.py:826} INFO - Processing file /opt/airflow/dags/subdags/subdag_transforms.py for tasks to queue
[2023-10-02T13:35:46.069+0000] {logging_mixin.py:150} INFO - [2023-10-02T13:35:46.060+0000] {dagbag.py:541} INFO - Filling up the DagBag from /opt/airflow/dags/subdags/subdag_transforms.py
[2023-10-02T13:35:46.099+0000] {processor.py:838} WARNING - No viable dags retrieved from /opt/airflow/dags/subdags/subdag_transforms.py
[2023-10-02T13:35:46.349+0000] {processor.py:179} INFO - Processing /opt/airflow/dags/subdags/subdag_transforms.py took 0.371 seconds
[2023-10-02T13:36:16.750+0000] {processor.py:157} INFO - Started process (PID=13320) to work on /opt/airflow/dags/subdags/subdag_transforms.py
[2023-10-02T13:36:16.769+0000] {processor.py:826} INFO - Processing file /opt/airflow/dags/subdags/subdag_transforms.py for tasks to queue
[2023-10-02T13:36:16.789+0000] {logging_mixin.py:150} INFO - [2023-10-02T13:36:16.789+0000] {dagbag.py:541} INFO - Filling up the DagBag from /opt/airflow/dags/subdags/subdag_transforms.py
[2023-10-02T13:36:16.848+0000] {processor.py:838} WARNING - No viable dags retrieved from /opt/airflow/dags/subdags/subdag_transforms.py
[2023-10-02T13:36:17.189+0000] {processor.py:179} INFO - Processing /opt/airflow/dags/subdags/subdag_transforms.py took 0.500 seconds
[2023-10-02T13:36:47.570+0000] {processor.py:157} INFO - Started process (PID=13347) to work on /opt/airflow/dags/subdags/subdag_transforms.py
[2023-10-02T13:36:47.589+0000] {processor.py:826} INFO - Processing file /opt/airflow/dags/subdags/subdag_transforms.py for tasks to queue
[2023-10-02T13:36:47.599+0000] {logging_mixin.py:150} INFO - [2023-10-02T13:36:47.598+0000] {dagbag.py:541} INFO - Filling up the DagBag from /opt/airflow/dags/subdags/subdag_transforms.py
[2023-10-02T13:36:47.629+0000] {processor.py:838} WARNING - No viable dags retrieved from /opt/airflow/dags/subdags/subdag_transforms.py
[2023-10-02T13:36:47.919+0000] {processor.py:179} INFO - Processing /opt/airflow/dags/subdags/subdag_transforms.py took 0.429 seconds
[2023-10-02T13:37:18.529+0000] {processor.py:157} INFO - Started process (PID=13374) to work on /opt/airflow/dags/subdags/subdag_transforms.py
[2023-10-02T13:37:18.559+0000] {processor.py:826} INFO - Processing file /opt/airflow/dags/subdags/subdag_transforms.py for tasks to queue
[2023-10-02T13:37:18.569+0000] {logging_mixin.py:150} INFO - [2023-10-02T13:37:18.560+0000] {dagbag.py:541} INFO - Filling up the DagBag from /opt/airflow/dags/subdags/subdag_transforms.py
[2023-10-02T13:37:18.590+0000] {processor.py:838} WARNING - No viable dags retrieved from /opt/airflow/dags/subdags/subdag_transforms.py
[2023-10-02T13:37:18.850+0000] {processor.py:179} INFO - Processing /opt/airflow/dags/subdags/subdag_transforms.py took 0.370 seconds
[2023-10-02T13:37:49.409+0000] {processor.py:157} INFO - Started process (PID=13401) to work on /opt/airflow/dags/subdags/subdag_transforms.py
[2023-10-02T13:37:49.439+0000] {processor.py:826} INFO - Processing file /opt/airflow/dags/subdags/subdag_transforms.py for tasks to queue
[2023-10-02T13:37:49.459+0000] {logging_mixin.py:150} INFO - [2023-10-02T13:37:49.449+0000] {dagbag.py:541} INFO - Filling up the DagBag from /opt/airflow/dags/subdags/subdag_transforms.py
[2023-10-02T13:37:49.499+0000] {processor.py:838} WARNING - No viable dags retrieved from /opt/airflow/dags/subdags/subdag_transforms.py
[2023-10-02T13:37:49.740+0000] {processor.py:179} INFO - Processing /opt/airflow/dags/subdags/subdag_transforms.py took 0.411 seconds
[2023-10-02T13:38:20.249+0000] {processor.py:157} INFO - Started process (PID=13427) to work on /opt/airflow/dags/subdags/subdag_transforms.py
[2023-10-02T13:38:20.259+0000] {processor.py:826} INFO - Processing file /opt/airflow/dags/subdags/subdag_transforms.py for tasks to queue
[2023-10-02T13:38:20.269+0000] {logging_mixin.py:150} INFO - [2023-10-02T13:38:20.268+0000] {dagbag.py:541} INFO - Filling up the DagBag from /opt/airflow/dags/subdags/subdag_transforms.py
[2023-10-02T13:38:20.289+0000] {processor.py:838} WARNING - No viable dags retrieved from /opt/airflow/dags/subdags/subdag_transforms.py
[2023-10-02T13:38:20.439+0000] {processor.py:179} INFO - Processing /opt/airflow/dags/subdags/subdag_transforms.py took 0.230 seconds
[2023-10-02T13:38:53.589+0000] {processor.py:157} INFO - Started process (PID=13456) to work on /opt/airflow/dags/subdags/subdag_transforms.py
[2023-10-02T13:38:53.619+0000] {processor.py:826} INFO - Processing file /opt/airflow/dags/subdags/subdag_transforms.py for tasks to queue
[2023-10-02T13:38:53.629+0000] {logging_mixin.py:150} INFO - [2023-10-02T13:38:53.628+0000] {dagbag.py:541} INFO - Filling up the DagBag from /opt/airflow/dags/subdags/subdag_transforms.py
[2023-10-02T13:38:53.669+0000] {processor.py:838} WARNING - No viable dags retrieved from /opt/airflow/dags/subdags/subdag_transforms.py
[2023-10-02T13:38:53.928+0000] {processor.py:179} INFO - Processing /opt/airflow/dags/subdags/subdag_transforms.py took 0.390 seconds
[2023-10-02T13:39:25.379+0000] {processor.py:157} INFO - Started process (PID=13474) to work on /opt/airflow/dags/subdags/subdag_transforms.py
[2023-10-02T13:39:25.399+0000] {processor.py:826} INFO - Processing file /opt/airflow/dags/subdags/subdag_transforms.py for tasks to queue
[2023-10-02T13:39:25.449+0000] {logging_mixin.py:150} INFO - [2023-10-02T13:39:25.429+0000] {dagbag.py:541} INFO - Filling up the DagBag from /opt/airflow/dags/subdags/subdag_transforms.py
[2023-10-02T13:39:25.559+0000] {processor.py:838} WARNING - No viable dags retrieved from /opt/airflow/dags/subdags/subdag_transforms.py
[2023-10-02T13:39:25.959+0000] {processor.py:179} INFO - Processing /opt/airflow/dags/subdags/subdag_transforms.py took 0.679 seconds
[2023-10-02T13:40:10.679+0000] {processor.py:157} INFO - Started process (PID=13500) to work on /opt/airflow/dags/subdags/subdag_transforms.py
[2023-10-02T13:40:10.709+0000] {processor.py:826} INFO - Processing file /opt/airflow/dags/subdags/subdag_transforms.py for tasks to queue
[2023-10-02T13:40:10.748+0000] {logging_mixin.py:150} INFO - [2023-10-02T13:40:10.729+0000] {dagbag.py:541} INFO - Filling up the DagBag from /opt/airflow/dags/subdags/subdag_transforms.py
[2023-10-02T13:40:10.789+0000] {processor.py:838} WARNING - No viable dags retrieved from /opt/airflow/dags/subdags/subdag_transforms.py
[2023-10-02T13:40:11.689+0000] {processor.py:179} INFO - Processing /opt/airflow/dags/subdags/subdag_transforms.py took 1.141 seconds
[2023-10-02T13:41:21.468+0000] {processor.py:157} INFO - Started process (PID=13535) to work on /opt/airflow/dags/subdags/subdag_transforms.py
[2023-10-02T13:41:21.579+0000] {processor.py:826} INFO - Processing file /opt/airflow/dags/subdags/subdag_transforms.py for tasks to queue
[2023-10-02T13:41:21.889+0000] {logging_mixin.py:150} INFO - [2023-10-02T13:41:21.888+0000] {dagbag.py:541} INFO - Filling up the DagBag from /opt/airflow/dags/subdags/subdag_transforms.py
[2023-10-02T13:41:22.798+0000] {processor.py:838} WARNING - No viable dags retrieved from /opt/airflow/dags/subdags/subdag_transforms.py
[2023-10-02T13:41:25.768+0000] {processor.py:179} INFO - Processing /opt/airflow/dags/subdags/subdag_transforms.py took 4.640 seconds
