[2023-09-21T14:00:46.648+0000] {taskinstance.py:1103} INFO - Dependencies all met for dep_context=non-requeueable deps ti=<TaskInstance: user_processing.create_table manual__2023-09-21T14:00:41.344186+00:00 [queued]>
[2023-09-21T14:00:46.661+0000] {taskinstance.py:1103} INFO - Dependencies all met for dep_context=requeueable deps ti=<TaskInstance: user_processing.create_table manual__2023-09-21T14:00:41.344186+00:00 [queued]>
[2023-09-21T14:00:46.662+0000] {taskinstance.py:1308} INFO - Starting attempt 1 of 1
[2023-09-21T14:00:46.684+0000] {taskinstance.py:1327} INFO - Executing <Task(PostgresOperator): create_table> on 2023-09-21 14:00:41.344186+00:00
[2023-09-21T14:00:46.691+0000] {standard_task_runner.py:57} INFO - Started process 9540 to run task
[2023-09-21T14:00:46.698+0000] {standard_task_runner.py:84} INFO - Running: ['***', 'tasks', 'run', 'user_processing', 'create_table', 'manual__2023-09-21T14:00:41.344186+00:00', '--job-id', '50', '--raw', '--subdir', 'DAGS_FOLDER/user_processing.py', '--cfg-path', '/tmp/tmpch3_aapo']
[2023-09-21T14:00:46.699+0000] {standard_task_runner.py:85} INFO - Job 50: Subtask create_table
[2023-09-21T14:00:46.775+0000] {task_command.py:410} INFO - Running <TaskInstance: user_processing.create_table manual__2023-09-21T14:00:41.344186+00:00 [running]> on host 90548f7cf83f
[2023-09-21T14:00:46.918+0000] {taskinstance.py:1547} INFO - Exporting env vars: AIRFLOW_CTX_DAG_OWNER='***' AIRFLOW_CTX_DAG_ID='user_processing' AIRFLOW_CTX_TASK_ID='create_table' AIRFLOW_CTX_EXECUTION_DATE='2023-09-21T14:00:41.344186+00:00' AIRFLOW_CTX_TRY_NUMBER='1' AIRFLOW_CTX_DAG_RUN_ID='manual__2023-09-21T14:00:41.344186+00:00'
[2023-09-21T14:00:46.921+0000] {sql.py:265} INFO - Executing: CREATE TABLE IF NOT EXISTS pipelines.***_ini.users (
                first_name TEXT not null,
                last_name TEXT not null,
                country TEXT not null,
                username TEXT not null,
                password TEXT not null,
                email TEXT not null            
            );
[2023-09-21T14:00:46.935+0000] {base.py:73} INFO - Using connection ID '***' for task execution.
[2023-09-21T14:00:47.036+0000] {base.py:73} INFO - Using connection ID '***' for task execution.
[2023-09-21T14:00:47.043+0000] {sql.py:375} INFO - Running statement: CREATE TABLE IF NOT EXISTS pipelines.***_ini.users (
                first_name TEXT not null,
                last_name TEXT not null,
                country TEXT not null,
                username TEXT not null,
                password TEXT not null,
                email TEXT not null            
            );, parameters: None
[2023-09-21T14:00:47.058+0000] {taskinstance.py:1350} INFO - Marking task as SUCCESS. dag_id=user_processing, task_id=create_table, execution_date=20230921T140041, start_date=20230921T140046, end_date=20230921T140047
[2023-09-21T14:00:47.119+0000] {local_task_job_runner.py:225} INFO - Task exited with return code 0
[2023-09-21T14:00:47.157+0000] {taskinstance.py:2653} INFO - 1 downstream tasks scheduled from follow-on schedule check
