[2023-10-17T00:00:15.819+0000] {processor.py:157} INFO - Started process (PID=3764) to work on /opt/airflow/dags/subdags/subdag_transforms.py
[2023-10-17T00:00:15.820+0000] {processor.py:826} INFO - Processing file /opt/airflow/dags/subdags/subdag_transforms.py for tasks to queue
[2023-10-17T00:00:15.822+0000] {logging_mixin.py:150} INFO - [2023-10-17T00:00:15.822+0000] {dagbag.py:541} INFO - Filling up the DagBag from /opt/airflow/dags/subdags/subdag_transforms.py
[2023-10-17T00:00:15.835+0000] {processor.py:838} WARNING - No viable dags retrieved from /opt/airflow/dags/subdags/subdag_transforms.py
[2023-10-17T00:00:15.872+0000] {processor.py:179} INFO - Processing /opt/airflow/dags/subdags/subdag_transforms.py took 0.065 seconds
[2023-10-17T00:00:46.403+0000] {processor.py:157} INFO - Started process (PID=3800) to work on /opt/airflow/dags/subdags/subdag_transforms.py
[2023-10-17T00:00:46.404+0000] {processor.py:826} INFO - Processing file /opt/airflow/dags/subdags/subdag_transforms.py for tasks to queue
[2023-10-17T00:00:46.405+0000] {logging_mixin.py:150} INFO - [2023-10-17T00:00:46.405+0000] {dagbag.py:541} INFO - Filling up the DagBag from /opt/airflow/dags/subdags/subdag_transforms.py
[2023-10-17T00:00:46.407+0000] {processor.py:838} WARNING - No viable dags retrieved from /opt/airflow/dags/subdags/subdag_transforms.py
[2023-10-17T00:00:46.424+0000] {processor.py:179} INFO - Processing /opt/airflow/dags/subdags/subdag_transforms.py took 0.025 seconds
[2023-10-17T00:01:16.600+0000] {processor.py:157} INFO - Started process (PID=3821) to work on /opt/airflow/dags/subdags/subdag_transforms.py
[2023-10-17T00:01:16.602+0000] {processor.py:826} INFO - Processing file /opt/airflow/dags/subdags/subdag_transforms.py for tasks to queue
[2023-10-17T00:01:16.604+0000] {logging_mixin.py:150} INFO - [2023-10-17T00:01:16.604+0000] {dagbag.py:541} INFO - Filling up the DagBag from /opt/airflow/dags/subdags/subdag_transforms.py
[2023-10-17T00:01:16.607+0000] {processor.py:838} WARNING - No viable dags retrieved from /opt/airflow/dags/subdags/subdag_transforms.py
[2023-10-17T00:01:16.630+0000] {processor.py:179} INFO - Processing /opt/airflow/dags/subdags/subdag_transforms.py took 0.037 seconds
[2023-10-17T00:01:46.844+0000] {processor.py:157} INFO - Started process (PID=3847) to work on /opt/airflow/dags/subdags/subdag_transforms.py
[2023-10-17T00:01:46.845+0000] {processor.py:826} INFO - Processing file /opt/airflow/dags/subdags/subdag_transforms.py for tasks to queue
[2023-10-17T00:01:46.845+0000] {logging_mixin.py:150} INFO - [2023-10-17T00:01:46.845+0000] {dagbag.py:541} INFO - Filling up the DagBag from /opt/airflow/dags/subdags/subdag_transforms.py
[2023-10-17T00:01:46.851+0000] {processor.py:838} WARNING - No viable dags retrieved from /opt/airflow/dags/subdags/subdag_transforms.py
[2023-10-17T00:01:46.867+0000] {processor.py:179} INFO - Processing /opt/airflow/dags/subdags/subdag_transforms.py took 0.028 seconds
[2023-10-17T00:02:17.176+0000] {processor.py:157} INFO - Started process (PID=3868) to work on /opt/airflow/dags/subdags/subdag_transforms.py
[2023-10-17T00:02:17.177+0000] {processor.py:826} INFO - Processing file /opt/airflow/dags/subdags/subdag_transforms.py for tasks to queue
[2023-10-17T00:02:17.178+0000] {logging_mixin.py:150} INFO - [2023-10-17T00:02:17.178+0000] {dagbag.py:541} INFO - Filling up the DagBag from /opt/airflow/dags/subdags/subdag_transforms.py
[2023-10-17T00:02:17.180+0000] {processor.py:838} WARNING - No viable dags retrieved from /opt/airflow/dags/subdags/subdag_transforms.py
[2023-10-17T00:02:17.205+0000] {processor.py:179} INFO - Processing /opt/airflow/dags/subdags/subdag_transforms.py took 0.033 seconds
[2023-10-17T00:02:48.153+0000] {processor.py:157} INFO - Started process (PID=3889) to work on /opt/airflow/dags/subdags/subdag_transforms.py
[2023-10-17T00:02:48.155+0000] {processor.py:826} INFO - Processing file /opt/airflow/dags/subdags/subdag_transforms.py for tasks to queue
[2023-10-17T00:02:48.158+0000] {logging_mixin.py:150} INFO - [2023-10-17T00:02:48.157+0000] {dagbag.py:541} INFO - Filling up the DagBag from /opt/airflow/dags/subdags/subdag_transforms.py
[2023-10-17T00:02:48.173+0000] {processor.py:838} WARNING - No viable dags retrieved from /opt/airflow/dags/subdags/subdag_transforms.py
[2023-10-17T00:02:48.239+0000] {processor.py:179} INFO - Processing /opt/airflow/dags/subdags/subdag_transforms.py took 0.105 seconds
[2023-10-17T00:03:18.437+0000] {processor.py:157} INFO - Started process (PID=3910) to work on /opt/airflow/dags/subdags/subdag_transforms.py
[2023-10-17T00:03:18.439+0000] {processor.py:826} INFO - Processing file /opt/airflow/dags/subdags/subdag_transforms.py for tasks to queue
[2023-10-17T00:03:18.441+0000] {logging_mixin.py:150} INFO - [2023-10-17T00:03:18.440+0000] {dagbag.py:541} INFO - Filling up the DagBag from /opt/airflow/dags/subdags/subdag_transforms.py
[2023-10-17T00:03:18.444+0000] {processor.py:838} WARNING - No viable dags retrieved from /opt/airflow/dags/subdags/subdag_transforms.py
[2023-10-17T00:03:18.472+0000] {processor.py:179} INFO - Processing /opt/airflow/dags/subdags/subdag_transforms.py took 0.041 seconds
[2023-10-17T00:03:49.657+0000] {processor.py:157} INFO - Started process (PID=3931) to work on /opt/airflow/dags/subdags/subdag_transforms.py
[2023-10-17T00:03:49.659+0000] {processor.py:826} INFO - Processing file /opt/airflow/dags/subdags/subdag_transforms.py for tasks to queue
[2023-10-17T00:03:49.660+0000] {logging_mixin.py:150} INFO - [2023-10-17T00:03:49.660+0000] {dagbag.py:541} INFO - Filling up the DagBag from /opt/airflow/dags/subdags/subdag_transforms.py
[2023-10-17T00:03:49.663+0000] {processor.py:838} WARNING - No viable dags retrieved from /opt/airflow/dags/subdags/subdag_transforms.py
[2023-10-17T00:03:49.681+0000] {processor.py:179} INFO - Processing /opt/airflow/dags/subdags/subdag_transforms.py took 0.031 seconds
[2023-10-17T00:04:19.982+0000] {processor.py:157} INFO - Started process (PID=3952) to work on /opt/airflow/dags/subdags/subdag_transforms.py
[2023-10-17T00:04:19.984+0000] {processor.py:826} INFO - Processing file /opt/airflow/dags/subdags/subdag_transforms.py for tasks to queue
[2023-10-17T00:04:19.985+0000] {logging_mixin.py:150} INFO - [2023-10-17T00:04:19.984+0000] {dagbag.py:541} INFO - Filling up the DagBag from /opt/airflow/dags/subdags/subdag_transforms.py
[2023-10-17T00:04:19.988+0000] {processor.py:838} WARNING - No viable dags retrieved from /opt/airflow/dags/subdags/subdag_transforms.py
[2023-10-17T00:04:20.015+0000] {processor.py:179} INFO - Processing /opt/airflow/dags/subdags/subdag_transforms.py took 0.045 seconds
[2023-10-17T00:04:50.331+0000] {processor.py:157} INFO - Started process (PID=3973) to work on /opt/airflow/dags/subdags/subdag_transforms.py
[2023-10-17T00:04:50.334+0000] {processor.py:826} INFO - Processing file /opt/airflow/dags/subdags/subdag_transforms.py for tasks to queue
[2023-10-17T00:04:50.335+0000] {logging_mixin.py:150} INFO - [2023-10-17T00:04:50.335+0000] {dagbag.py:541} INFO - Filling up the DagBag from /opt/airflow/dags/subdags/subdag_transforms.py
[2023-10-17T00:04:50.338+0000] {processor.py:838} WARNING - No viable dags retrieved from /opt/airflow/dags/subdags/subdag_transforms.py
[2023-10-17T00:04:50.355+0000] {processor.py:179} INFO - Processing /opt/airflow/dags/subdags/subdag_transforms.py took 0.033 seconds
[2023-10-17T00:05:20.586+0000] {processor.py:157} INFO - Started process (PID=3994) to work on /opt/airflow/dags/subdags/subdag_transforms.py
[2023-10-17T00:05:20.587+0000] {processor.py:826} INFO - Processing file /opt/airflow/dags/subdags/subdag_transforms.py for tasks to queue
[2023-10-17T00:05:20.588+0000] {logging_mixin.py:150} INFO - [2023-10-17T00:05:20.588+0000] {dagbag.py:541} INFO - Filling up the DagBag from /opt/airflow/dags/subdags/subdag_transforms.py
[2023-10-17T00:05:20.590+0000] {processor.py:838} WARNING - No viable dags retrieved from /opt/airflow/dags/subdags/subdag_transforms.py
[2023-10-17T00:05:20.614+0000] {processor.py:179} INFO - Processing /opt/airflow/dags/subdags/subdag_transforms.py took 0.035 seconds
[2023-10-17T00:05:50.835+0000] {processor.py:157} INFO - Started process (PID=4015) to work on /opt/airflow/dags/subdags/subdag_transforms.py
[2023-10-17T00:05:50.837+0000] {processor.py:826} INFO - Processing file /opt/airflow/dags/subdags/subdag_transforms.py for tasks to queue
[2023-10-17T00:05:50.839+0000] {logging_mixin.py:150} INFO - [2023-10-17T00:05:50.838+0000] {dagbag.py:541} INFO - Filling up the DagBag from /opt/airflow/dags/subdags/subdag_transforms.py
[2023-10-17T00:05:50.842+0000] {processor.py:838} WARNING - No viable dags retrieved from /opt/airflow/dags/subdags/subdag_transforms.py
[2023-10-17T00:05:50.884+0000] {processor.py:179} INFO - Processing /opt/airflow/dags/subdags/subdag_transforms.py took 0.061 seconds
[2023-10-17T00:06:21.642+0000] {processor.py:157} INFO - Started process (PID=4037) to work on /opt/airflow/dags/subdags/subdag_transforms.py
[2023-10-17T00:06:21.646+0000] {processor.py:826} INFO - Processing file /opt/airflow/dags/subdags/subdag_transforms.py for tasks to queue
[2023-10-17T00:06:21.656+0000] {logging_mixin.py:150} INFO - [2023-10-17T00:06:21.650+0000] {dagbag.py:541} INFO - Filling up the DagBag from /opt/airflow/dags/subdags/subdag_transforms.py
[2023-10-17T00:06:21.669+0000] {processor.py:838} WARNING - No viable dags retrieved from /opt/airflow/dags/subdags/subdag_transforms.py
[2023-10-17T00:06:21.716+0000] {processor.py:179} INFO - Processing /opt/airflow/dags/subdags/subdag_transforms.py took 0.094 seconds
[2023-10-17T00:06:53.034+0000] {processor.py:157} INFO - Started process (PID=4057) to work on /opt/airflow/dags/subdags/subdag_transforms.py
[2023-10-17T00:06:53.036+0000] {processor.py:826} INFO - Processing file /opt/airflow/dags/subdags/subdag_transforms.py for tasks to queue
[2023-10-17T00:06:53.038+0000] {logging_mixin.py:150} INFO - [2023-10-17T00:06:53.037+0000] {dagbag.py:541} INFO - Filling up the DagBag from /opt/airflow/dags/subdags/subdag_transforms.py
[2023-10-17T00:06:53.054+0000] {processor.py:838} WARNING - No viable dags retrieved from /opt/airflow/dags/subdags/subdag_transforms.py
[2023-10-17T00:06:53.113+0000] {processor.py:179} INFO - Processing /opt/airflow/dags/subdags/subdag_transforms.py took 0.097 seconds
[2023-10-17T00:07:23.965+0000] {processor.py:157} INFO - Started process (PID=4079) to work on /opt/airflow/dags/subdags/subdag_transforms.py
[2023-10-17T00:07:23.972+0000] {processor.py:826} INFO - Processing file /opt/airflow/dags/subdags/subdag_transforms.py for tasks to queue
[2023-10-17T00:07:23.974+0000] {logging_mixin.py:150} INFO - [2023-10-17T00:07:23.973+0000] {dagbag.py:541} INFO - Filling up the DagBag from /opt/airflow/dags/subdags/subdag_transforms.py
[2023-10-17T00:07:23.984+0000] {processor.py:838} WARNING - No viable dags retrieved from /opt/airflow/dags/subdags/subdag_transforms.py
[2023-10-17T00:07:24.055+0000] {processor.py:179} INFO - Processing /opt/airflow/dags/subdags/subdag_transforms.py took 0.121 seconds
[2023-10-17T00:07:54.313+0000] {processor.py:157} INFO - Started process (PID=4099) to work on /opt/airflow/dags/subdags/subdag_transforms.py
[2023-10-17T00:07:54.315+0000] {processor.py:826} INFO - Processing file /opt/airflow/dags/subdags/subdag_transforms.py for tasks to queue
[2023-10-17T00:07:54.316+0000] {logging_mixin.py:150} INFO - [2023-10-17T00:07:54.315+0000] {dagbag.py:541} INFO - Filling up the DagBag from /opt/airflow/dags/subdags/subdag_transforms.py
[2023-10-17T00:07:54.318+0000] {processor.py:838} WARNING - No viable dags retrieved from /opt/airflow/dags/subdags/subdag_transforms.py
[2023-10-17T00:07:54.338+0000] {processor.py:179} INFO - Processing /opt/airflow/dags/subdags/subdag_transforms.py took 0.028 seconds
[2023-10-17T00:08:25.204+0000] {processor.py:157} INFO - Started process (PID=4120) to work on /opt/airflow/dags/subdags/subdag_transforms.py
[2023-10-17T00:08:25.206+0000] {processor.py:826} INFO - Processing file /opt/airflow/dags/subdags/subdag_transforms.py for tasks to queue
[2023-10-17T00:08:25.207+0000] {logging_mixin.py:150} INFO - [2023-10-17T00:08:25.206+0000] {dagbag.py:541} INFO - Filling up the DagBag from /opt/airflow/dags/subdags/subdag_transforms.py
[2023-10-17T00:08:25.209+0000] {processor.py:838} WARNING - No viable dags retrieved from /opt/airflow/dags/subdags/subdag_transforms.py
[2023-10-17T00:08:25.225+0000] {processor.py:179} INFO - Processing /opt/airflow/dags/subdags/subdag_transforms.py took 0.025 seconds
[2023-10-17T00:08:56.176+0000] {processor.py:157} INFO - Started process (PID=4141) to work on /opt/airflow/dags/subdags/subdag_transforms.py
[2023-10-17T00:08:56.178+0000] {processor.py:826} INFO - Processing file /opt/airflow/dags/subdags/subdag_transforms.py for tasks to queue
[2023-10-17T00:08:56.180+0000] {logging_mixin.py:150} INFO - [2023-10-17T00:08:56.179+0000] {dagbag.py:541} INFO - Filling up the DagBag from /opt/airflow/dags/subdags/subdag_transforms.py
[2023-10-17T00:08:56.182+0000] {processor.py:838} WARNING - No viable dags retrieved from /opt/airflow/dags/subdags/subdag_transforms.py
[2023-10-17T00:08:56.206+0000] {processor.py:179} INFO - Processing /opt/airflow/dags/subdags/subdag_transforms.py took 0.037 seconds
[2023-10-17T00:09:26.488+0000] {processor.py:157} INFO - Started process (PID=4162) to work on /opt/airflow/dags/subdags/subdag_transforms.py
[2023-10-17T00:09:26.490+0000] {processor.py:826} INFO - Processing file /opt/airflow/dags/subdags/subdag_transforms.py for tasks to queue
[2023-10-17T00:09:26.494+0000] {logging_mixin.py:150} INFO - [2023-10-17T00:09:26.492+0000] {dagbag.py:541} INFO - Filling up the DagBag from /opt/airflow/dags/subdags/subdag_transforms.py
[2023-10-17T00:09:26.499+0000] {processor.py:838} WARNING - No viable dags retrieved from /opt/airflow/dags/subdags/subdag_transforms.py
[2023-10-17T00:09:26.523+0000] {processor.py:179} INFO - Processing /opt/airflow/dags/subdags/subdag_transforms.py took 0.039 seconds
[2023-10-17T00:09:56.817+0000] {processor.py:157} INFO - Started process (PID=4183) to work on /opt/airflow/dags/subdags/subdag_transforms.py
[2023-10-17T00:09:56.818+0000] {processor.py:826} INFO - Processing file /opt/airflow/dags/subdags/subdag_transforms.py for tasks to queue
[2023-10-17T00:09:56.819+0000] {logging_mixin.py:150} INFO - [2023-10-17T00:09:56.819+0000] {dagbag.py:541} INFO - Filling up the DagBag from /opt/airflow/dags/subdags/subdag_transforms.py
[2023-10-17T00:09:56.822+0000] {processor.py:838} WARNING - No viable dags retrieved from /opt/airflow/dags/subdags/subdag_transforms.py
[2023-10-17T00:09:56.849+0000] {processor.py:179} INFO - Processing /opt/airflow/dags/subdags/subdag_transforms.py took 0.040 seconds
[2023-10-17T00:10:26.883+0000] {processor.py:157} INFO - Started process (PID=4204) to work on /opt/airflow/dags/subdags/subdag_transforms.py
[2023-10-17T00:10:26.885+0000] {processor.py:826} INFO - Processing file /opt/airflow/dags/subdags/subdag_transforms.py for tasks to queue
[2023-10-17T00:10:26.886+0000] {logging_mixin.py:150} INFO - [2023-10-17T00:10:26.885+0000] {dagbag.py:541} INFO - Filling up the DagBag from /opt/airflow/dags/subdags/subdag_transforms.py
[2023-10-17T00:10:26.888+0000] {processor.py:838} WARNING - No viable dags retrieved from /opt/airflow/dags/subdags/subdag_transforms.py
[2023-10-17T00:10:26.912+0000] {processor.py:179} INFO - Processing /opt/airflow/dags/subdags/subdag_transforms.py took 0.037 seconds
[2023-10-17T00:10:57.470+0000] {processor.py:157} INFO - Started process (PID=4226) to work on /opt/airflow/dags/subdags/subdag_transforms.py
[2023-10-17T00:10:57.475+0000] {processor.py:826} INFO - Processing file /opt/airflow/dags/subdags/subdag_transforms.py for tasks to queue
[2023-10-17T00:10:57.476+0000] {logging_mixin.py:150} INFO - [2023-10-17T00:10:57.476+0000] {dagbag.py:541} INFO - Filling up the DagBag from /opt/airflow/dags/subdags/subdag_transforms.py
[2023-10-17T00:10:57.484+0000] {processor.py:838} WARNING - No viable dags retrieved from /opt/airflow/dags/subdags/subdag_transforms.py
[2023-10-17T00:10:57.519+0000] {processor.py:179} INFO - Processing /opt/airflow/dags/subdags/subdag_transforms.py took 0.059 seconds
[2023-10-17T00:11:27.602+0000] {processor.py:157} INFO - Started process (PID=4246) to work on /opt/airflow/dags/subdags/subdag_transforms.py
[2023-10-17T00:11:27.604+0000] {processor.py:826} INFO - Processing file /opt/airflow/dags/subdags/subdag_transforms.py for tasks to queue
[2023-10-17T00:11:27.605+0000] {logging_mixin.py:150} INFO - [2023-10-17T00:11:27.605+0000] {dagbag.py:541} INFO - Filling up the DagBag from /opt/airflow/dags/subdags/subdag_transforms.py
[2023-10-17T00:11:27.608+0000] {processor.py:838} WARNING - No viable dags retrieved from /opt/airflow/dags/subdags/subdag_transforms.py
[2023-10-17T00:11:27.636+0000] {processor.py:179} INFO - Processing /opt/airflow/dags/subdags/subdag_transforms.py took 0.041 seconds
[2023-10-17T00:11:57.783+0000] {processor.py:157} INFO - Started process (PID=4267) to work on /opt/airflow/dags/subdags/subdag_transforms.py
[2023-10-17T00:11:57.786+0000] {processor.py:826} INFO - Processing file /opt/airflow/dags/subdags/subdag_transforms.py for tasks to queue
[2023-10-17T00:11:57.787+0000] {logging_mixin.py:150} INFO - [2023-10-17T00:11:57.787+0000] {dagbag.py:541} INFO - Filling up the DagBag from /opt/airflow/dags/subdags/subdag_transforms.py
[2023-10-17T00:11:57.791+0000] {processor.py:838} WARNING - No viable dags retrieved from /opt/airflow/dags/subdags/subdag_transforms.py
[2023-10-17T00:11:57.814+0000] {processor.py:179} INFO - Processing /opt/airflow/dags/subdags/subdag_transforms.py took 0.036 seconds
[2023-10-17T00:12:28.197+0000] {processor.py:157} INFO - Started process (PID=4289) to work on /opt/airflow/dags/subdags/subdag_transforms.py
[2023-10-17T00:12:28.198+0000] {processor.py:826} INFO - Processing file /opt/airflow/dags/subdags/subdag_transforms.py for tasks to queue
[2023-10-17T00:12:28.200+0000] {logging_mixin.py:150} INFO - [2023-10-17T00:12:28.199+0000] {dagbag.py:541} INFO - Filling up the DagBag from /opt/airflow/dags/subdags/subdag_transforms.py
[2023-10-17T00:12:28.207+0000] {processor.py:838} WARNING - No viable dags retrieved from /opt/airflow/dags/subdags/subdag_transforms.py
[2023-10-17T00:12:28.227+0000] {processor.py:179} INFO - Processing /opt/airflow/dags/subdags/subdag_transforms.py took 0.034 seconds
[2023-10-17T00:12:59.291+0000] {processor.py:157} INFO - Started process (PID=4310) to work on /opt/airflow/dags/subdags/subdag_transforms.py
[2023-10-17T00:12:59.294+0000] {processor.py:826} INFO - Processing file /opt/airflow/dags/subdags/subdag_transforms.py for tasks to queue
[2023-10-17T00:12:59.296+0000] {logging_mixin.py:150} INFO - [2023-10-17T00:12:59.295+0000] {dagbag.py:541} INFO - Filling up the DagBag from /opt/airflow/dags/subdags/subdag_transforms.py
[2023-10-17T00:12:59.299+0000] {processor.py:838} WARNING - No viable dags retrieved from /opt/airflow/dags/subdags/subdag_transforms.py
[2023-10-17T00:12:59.326+0000] {processor.py:179} INFO - Processing /opt/airflow/dags/subdags/subdag_transforms.py took 0.043 seconds
[2023-10-17T00:13:29.452+0000] {processor.py:157} INFO - Started process (PID=4331) to work on /opt/airflow/dags/subdags/subdag_transforms.py
[2023-10-17T00:13:29.454+0000] {processor.py:826} INFO - Processing file /opt/airflow/dags/subdags/subdag_transforms.py for tasks to queue
[2023-10-17T00:13:29.458+0000] {logging_mixin.py:150} INFO - [2023-10-17T00:13:29.457+0000] {dagbag.py:541} INFO - Filling up the DagBag from /opt/airflow/dags/subdags/subdag_transforms.py
[2023-10-17T00:13:29.462+0000] {processor.py:838} WARNING - No viable dags retrieved from /opt/airflow/dags/subdags/subdag_transforms.py
[2023-10-17T00:13:29.490+0000] {processor.py:179} INFO - Processing /opt/airflow/dags/subdags/subdag_transforms.py took 0.042 seconds
[2023-10-17T00:13:59.759+0000] {processor.py:157} INFO - Started process (PID=4351) to work on /opt/airflow/dags/subdags/subdag_transforms.py
[2023-10-17T00:13:59.760+0000] {processor.py:826} INFO - Processing file /opt/airflow/dags/subdags/subdag_transforms.py for tasks to queue
[2023-10-17T00:13:59.761+0000] {logging_mixin.py:150} INFO - [2023-10-17T00:13:59.761+0000] {dagbag.py:541} INFO - Filling up the DagBag from /opt/airflow/dags/subdags/subdag_transforms.py
[2023-10-17T00:13:59.764+0000] {processor.py:838} WARNING - No viable dags retrieved from /opt/airflow/dags/subdags/subdag_transforms.py
[2023-10-17T00:13:59.785+0000] {processor.py:179} INFO - Processing /opt/airflow/dags/subdags/subdag_transforms.py took 0.033 seconds
[2023-10-17T00:14:29.931+0000] {processor.py:157} INFO - Started process (PID=4372) to work on /opt/airflow/dags/subdags/subdag_transforms.py
[2023-10-17T00:14:29.933+0000] {processor.py:826} INFO - Processing file /opt/airflow/dags/subdags/subdag_transforms.py for tasks to queue
[2023-10-17T00:14:29.934+0000] {logging_mixin.py:150} INFO - [2023-10-17T00:14:29.934+0000] {dagbag.py:541} INFO - Filling up the DagBag from /opt/airflow/dags/subdags/subdag_transforms.py
[2023-10-17T00:14:29.937+0000] {processor.py:838} WARNING - No viable dags retrieved from /opt/airflow/dags/subdags/subdag_transforms.py
[2023-10-17T00:14:29.961+0000] {processor.py:179} INFO - Processing /opt/airflow/dags/subdags/subdag_transforms.py took 0.034 seconds
[2023-10-17T00:15:00.156+0000] {processor.py:157} INFO - Started process (PID=4393) to work on /opt/airflow/dags/subdags/subdag_transforms.py
[2023-10-17T00:15:00.157+0000] {processor.py:826} INFO - Processing file /opt/airflow/dags/subdags/subdag_transforms.py for tasks to queue
[2023-10-17T00:15:00.158+0000] {logging_mixin.py:150} INFO - [2023-10-17T00:15:00.158+0000] {dagbag.py:541} INFO - Filling up the DagBag from /opt/airflow/dags/subdags/subdag_transforms.py
[2023-10-17T00:15:00.163+0000] {processor.py:838} WARNING - No viable dags retrieved from /opt/airflow/dags/subdags/subdag_transforms.py
[2023-10-17T00:15:00.184+0000] {processor.py:179} INFO - Processing /opt/airflow/dags/subdags/subdag_transforms.py took 0.031 seconds
[2023-10-17T00:15:31.105+0000] {processor.py:157} INFO - Started process (PID=4415) to work on /opt/airflow/dags/subdags/subdag_transforms.py
[2023-10-17T00:15:31.109+0000] {processor.py:826} INFO - Processing file /opt/airflow/dags/subdags/subdag_transforms.py for tasks to queue
[2023-10-17T00:15:31.111+0000] {logging_mixin.py:150} INFO - [2023-10-17T00:15:31.110+0000] {dagbag.py:541} INFO - Filling up the DagBag from /opt/airflow/dags/subdags/subdag_transforms.py
[2023-10-17T00:15:31.117+0000] {processor.py:838} WARNING - No viable dags retrieved from /opt/airflow/dags/subdags/subdag_transforms.py
[2023-10-17T00:15:31.163+0000] {processor.py:179} INFO - Processing /opt/airflow/dags/subdags/subdag_transforms.py took 0.068 seconds
[2023-10-17T00:16:01.394+0000] {processor.py:157} INFO - Started process (PID=4435) to work on /opt/airflow/dags/subdags/subdag_transforms.py
[2023-10-17T00:16:01.396+0000] {processor.py:826} INFO - Processing file /opt/airflow/dags/subdags/subdag_transforms.py for tasks to queue
[2023-10-17T00:16:01.400+0000] {logging_mixin.py:150} INFO - [2023-10-17T00:16:01.399+0000] {dagbag.py:541} INFO - Filling up the DagBag from /opt/airflow/dags/subdags/subdag_transforms.py
[2023-10-17T00:16:01.405+0000] {processor.py:838} WARNING - No viable dags retrieved from /opt/airflow/dags/subdags/subdag_transforms.py
[2023-10-17T00:16:01.428+0000] {processor.py:179} INFO - Processing /opt/airflow/dags/subdags/subdag_transforms.py took 0.038 seconds
[2023-10-17T00:16:31.839+0000] {processor.py:157} INFO - Started process (PID=4457) to work on /opt/airflow/dags/subdags/subdag_transforms.py
[2023-10-17T00:16:31.840+0000] {processor.py:826} INFO - Processing file /opt/airflow/dags/subdags/subdag_transforms.py for tasks to queue
[2023-10-17T00:16:31.841+0000] {logging_mixin.py:150} INFO - [2023-10-17T00:16:31.841+0000] {dagbag.py:541} INFO - Filling up the DagBag from /opt/airflow/dags/subdags/subdag_transforms.py
[2023-10-17T00:16:31.843+0000] {processor.py:838} WARNING - No viable dags retrieved from /opt/airflow/dags/subdags/subdag_transforms.py
[2023-10-17T00:16:31.863+0000] {processor.py:179} INFO - Processing /opt/airflow/dags/subdags/subdag_transforms.py took 0.028 seconds
[2023-10-17T00:17:02.044+0000] {processor.py:157} INFO - Started process (PID=4478) to work on /opt/airflow/dags/subdags/subdag_transforms.py
[2023-10-17T00:17:02.045+0000] {processor.py:826} INFO - Processing file /opt/airflow/dags/subdags/subdag_transforms.py for tasks to queue
[2023-10-17T00:17:02.046+0000] {logging_mixin.py:150} INFO - [2023-10-17T00:17:02.046+0000] {dagbag.py:541} INFO - Filling up the DagBag from /opt/airflow/dags/subdags/subdag_transforms.py
[2023-10-17T00:17:02.051+0000] {processor.py:838} WARNING - No viable dags retrieved from /opt/airflow/dags/subdags/subdag_transforms.py
[2023-10-17T00:17:02.075+0000] {processor.py:179} INFO - Processing /opt/airflow/dags/subdags/subdag_transforms.py took 0.036 seconds
[2023-10-17T00:17:32.379+0000] {processor.py:157} INFO - Started process (PID=4498) to work on /opt/airflow/dags/subdags/subdag_transforms.py
[2023-10-17T00:17:32.380+0000] {processor.py:826} INFO - Processing file /opt/airflow/dags/subdags/subdag_transforms.py for tasks to queue
[2023-10-17T00:17:32.381+0000] {logging_mixin.py:150} INFO - [2023-10-17T00:17:32.381+0000] {dagbag.py:541} INFO - Filling up the DagBag from /opt/airflow/dags/subdags/subdag_transforms.py
[2023-10-17T00:17:32.383+0000] {processor.py:838} WARNING - No viable dags retrieved from /opt/airflow/dags/subdags/subdag_transforms.py
[2023-10-17T00:17:32.409+0000] {processor.py:179} INFO - Processing /opt/airflow/dags/subdags/subdag_transforms.py took 0.034 seconds
[2023-10-17T00:18:02.718+0000] {processor.py:157} INFO - Started process (PID=4520) to work on /opt/airflow/dags/subdags/subdag_transforms.py
[2023-10-17T00:18:02.723+0000] {processor.py:826} INFO - Processing file /opt/airflow/dags/subdags/subdag_transforms.py for tasks to queue
[2023-10-17T00:18:02.725+0000] {logging_mixin.py:150} INFO - [2023-10-17T00:18:02.725+0000] {dagbag.py:541} INFO - Filling up the DagBag from /opt/airflow/dags/subdags/subdag_transforms.py
[2023-10-17T00:18:02.729+0000] {processor.py:838} WARNING - No viable dags retrieved from /opt/airflow/dags/subdags/subdag_transforms.py
[2023-10-17T00:18:02.750+0000] {processor.py:179} INFO - Processing /opt/airflow/dags/subdags/subdag_transforms.py took 0.036 seconds
[2023-10-17T00:18:32.864+0000] {processor.py:157} INFO - Started process (PID=4540) to work on /opt/airflow/dags/subdags/subdag_transforms.py
[2023-10-17T00:18:32.866+0000] {processor.py:826} INFO - Processing file /opt/airflow/dags/subdags/subdag_transforms.py for tasks to queue
[2023-10-17T00:18:32.867+0000] {logging_mixin.py:150} INFO - [2023-10-17T00:18:32.866+0000] {dagbag.py:541} INFO - Filling up the DagBag from /opt/airflow/dags/subdags/subdag_transforms.py
[2023-10-17T00:18:32.869+0000] {processor.py:838} WARNING - No viable dags retrieved from /opt/airflow/dags/subdags/subdag_transforms.py
[2023-10-17T00:18:32.890+0000] {processor.py:179} INFO - Processing /opt/airflow/dags/subdags/subdag_transforms.py took 0.031 seconds
[2023-10-17T00:19:02.946+0000] {processor.py:157} INFO - Started process (PID=4560) to work on /opt/airflow/dags/subdags/subdag_transforms.py
[2023-10-17T00:19:02.948+0000] {processor.py:826} INFO - Processing file /opt/airflow/dags/subdags/subdag_transforms.py for tasks to queue
[2023-10-17T00:19:02.949+0000] {logging_mixin.py:150} INFO - [2023-10-17T00:19:02.949+0000] {dagbag.py:541} INFO - Filling up the DagBag from /opt/airflow/dags/subdags/subdag_transforms.py
[2023-10-17T00:19:02.952+0000] {processor.py:838} WARNING - No viable dags retrieved from /opt/airflow/dags/subdags/subdag_transforms.py
[2023-10-17T00:19:02.971+0000] {processor.py:179} INFO - Processing /opt/airflow/dags/subdags/subdag_transforms.py took 0.032 seconds
[2023-10-17T00:19:33.183+0000] {processor.py:157} INFO - Started process (PID=4581) to work on /opt/airflow/dags/subdags/subdag_transforms.py
[2023-10-17T00:19:33.186+0000] {processor.py:826} INFO - Processing file /opt/airflow/dags/subdags/subdag_transforms.py for tasks to queue
[2023-10-17T00:19:33.188+0000] {logging_mixin.py:150} INFO - [2023-10-17T00:19:33.187+0000] {dagbag.py:541} INFO - Filling up the DagBag from /opt/airflow/dags/subdags/subdag_transforms.py
[2023-10-17T00:19:33.191+0000] {processor.py:838} WARNING - No viable dags retrieved from /opt/airflow/dags/subdags/subdag_transforms.py
[2023-10-17T00:19:33.218+0000] {processor.py:179} INFO - Processing /opt/airflow/dags/subdags/subdag_transforms.py took 0.042 seconds
[2023-10-17T00:20:03.385+0000] {processor.py:157} INFO - Started process (PID=4602) to work on /opt/airflow/dags/subdags/subdag_transforms.py
[2023-10-17T00:20:03.386+0000] {processor.py:826} INFO - Processing file /opt/airflow/dags/subdags/subdag_transforms.py for tasks to queue
[2023-10-17T00:20:03.387+0000] {logging_mixin.py:150} INFO - [2023-10-17T00:20:03.387+0000] {dagbag.py:541} INFO - Filling up the DagBag from /opt/airflow/dags/subdags/subdag_transforms.py
[2023-10-17T00:20:03.390+0000] {processor.py:838} WARNING - No viable dags retrieved from /opt/airflow/dags/subdags/subdag_transforms.py
[2023-10-17T00:20:03.413+0000] {processor.py:179} INFO - Processing /opt/airflow/dags/subdags/subdag_transforms.py took 0.034 seconds
[2023-10-17T00:20:33.566+0000] {processor.py:157} INFO - Started process (PID=4623) to work on /opt/airflow/dags/subdags/subdag_transforms.py
[2023-10-17T00:20:33.568+0000] {processor.py:826} INFO - Processing file /opt/airflow/dags/subdags/subdag_transforms.py for tasks to queue
[2023-10-17T00:20:33.570+0000] {logging_mixin.py:150} INFO - [2023-10-17T00:20:33.569+0000] {dagbag.py:541} INFO - Filling up the DagBag from /opt/airflow/dags/subdags/subdag_transforms.py
[2023-10-17T00:20:33.573+0000] {processor.py:838} WARNING - No viable dags retrieved from /opt/airflow/dags/subdags/subdag_transforms.py
[2023-10-17T00:20:33.593+0000] {processor.py:179} INFO - Processing /opt/airflow/dags/subdags/subdag_transforms.py took 0.034 seconds
[2023-10-17T00:21:04.191+0000] {processor.py:157} INFO - Started process (PID=4646) to work on /opt/airflow/dags/subdags/subdag_transforms.py
[2023-10-17T00:21:04.193+0000] {processor.py:826} INFO - Processing file /opt/airflow/dags/subdags/subdag_transforms.py for tasks to queue
[2023-10-17T00:21:04.194+0000] {logging_mixin.py:150} INFO - [2023-10-17T00:21:04.194+0000] {dagbag.py:541} INFO - Filling up the DagBag from /opt/airflow/dags/subdags/subdag_transforms.py
[2023-10-17T00:21:04.198+0000] {processor.py:838} WARNING - No viable dags retrieved from /opt/airflow/dags/subdags/subdag_transforms.py
[2023-10-17T00:21:04.223+0000] {processor.py:179} INFO - Processing /opt/airflow/dags/subdags/subdag_transforms.py took 0.037 seconds
[2023-10-17T00:21:34.522+0000] {processor.py:157} INFO - Started process (PID=4667) to work on /opt/airflow/dags/subdags/subdag_transforms.py
[2023-10-17T00:21:34.524+0000] {processor.py:826} INFO - Processing file /opt/airflow/dags/subdags/subdag_transforms.py for tasks to queue
[2023-10-17T00:21:34.525+0000] {logging_mixin.py:150} INFO - [2023-10-17T00:21:34.524+0000] {dagbag.py:541} INFO - Filling up the DagBag from /opt/airflow/dags/subdags/subdag_transforms.py
[2023-10-17T00:21:34.527+0000] {processor.py:838} WARNING - No viable dags retrieved from /opt/airflow/dags/subdags/subdag_transforms.py
[2023-10-17T00:21:34.550+0000] {processor.py:179} INFO - Processing /opt/airflow/dags/subdags/subdag_transforms.py took 0.034 seconds
[2023-10-17T00:22:04.661+0000] {processor.py:157} INFO - Started process (PID=4688) to work on /opt/airflow/dags/subdags/subdag_transforms.py
[2023-10-17T00:22:04.663+0000] {processor.py:826} INFO - Processing file /opt/airflow/dags/subdags/subdag_transforms.py for tasks to queue
[2023-10-17T00:22:04.664+0000] {logging_mixin.py:150} INFO - [2023-10-17T00:22:04.663+0000] {dagbag.py:541} INFO - Filling up the DagBag from /opt/airflow/dags/subdags/subdag_transforms.py
[2023-10-17T00:22:04.667+0000] {processor.py:838} WARNING - No viable dags retrieved from /opt/airflow/dags/subdags/subdag_transforms.py
[2023-10-17T00:22:04.693+0000] {processor.py:179} INFO - Processing /opt/airflow/dags/subdags/subdag_transforms.py took 0.037 seconds
[2023-10-17T00:22:34.913+0000] {processor.py:157} INFO - Started process (PID=4709) to work on /opt/airflow/dags/subdags/subdag_transforms.py
[2023-10-17T00:22:34.915+0000] {processor.py:826} INFO - Processing file /opt/airflow/dags/subdags/subdag_transforms.py for tasks to queue
[2023-10-17T00:22:34.916+0000] {logging_mixin.py:150} INFO - [2023-10-17T00:22:34.916+0000] {dagbag.py:541} INFO - Filling up the DagBag from /opt/airflow/dags/subdags/subdag_transforms.py
[2023-10-17T00:22:34.922+0000] {processor.py:838} WARNING - No viable dags retrieved from /opt/airflow/dags/subdags/subdag_transforms.py
[2023-10-17T00:22:34.947+0000] {processor.py:179} INFO - Processing /opt/airflow/dags/subdags/subdag_transforms.py took 0.040 seconds
[2023-10-17T00:23:05.249+0000] {processor.py:157} INFO - Started process (PID=4730) to work on /opt/airflow/dags/subdags/subdag_transforms.py
[2023-10-17T00:23:05.251+0000] {processor.py:826} INFO - Processing file /opt/airflow/dags/subdags/subdag_transforms.py for tasks to queue
[2023-10-17T00:23:05.251+0000] {logging_mixin.py:150} INFO - [2023-10-17T00:23:05.251+0000] {dagbag.py:541} INFO - Filling up the DagBag from /opt/airflow/dags/subdags/subdag_transforms.py
[2023-10-17T00:23:05.257+0000] {processor.py:838} WARNING - No viable dags retrieved from /opt/airflow/dags/subdags/subdag_transforms.py
[2023-10-17T00:23:05.278+0000] {processor.py:179} INFO - Processing /opt/airflow/dags/subdags/subdag_transforms.py took 0.034 seconds
[2023-10-17T00:23:35.390+0000] {processor.py:157} INFO - Started process (PID=4751) to work on /opt/airflow/dags/subdags/subdag_transforms.py
[2023-10-17T00:23:35.393+0000] {processor.py:826} INFO - Processing file /opt/airflow/dags/subdags/subdag_transforms.py for tasks to queue
[2023-10-17T00:23:35.394+0000] {logging_mixin.py:150} INFO - [2023-10-17T00:23:35.393+0000] {dagbag.py:541} INFO - Filling up the DagBag from /opt/airflow/dags/subdags/subdag_transforms.py
[2023-10-17T00:23:35.397+0000] {processor.py:838} WARNING - No viable dags retrieved from /opt/airflow/dags/subdags/subdag_transforms.py
[2023-10-17T00:23:35.425+0000] {processor.py:179} INFO - Processing /opt/airflow/dags/subdags/subdag_transforms.py took 0.041 seconds
[2023-10-17T00:24:05.498+0000] {processor.py:157} INFO - Started process (PID=4772) to work on /opt/airflow/dags/subdags/subdag_transforms.py
[2023-10-17T00:24:05.499+0000] {processor.py:826} INFO - Processing file /opt/airflow/dags/subdags/subdag_transforms.py for tasks to queue
[2023-10-17T00:24:05.500+0000] {logging_mixin.py:150} INFO - [2023-10-17T00:24:05.500+0000] {dagbag.py:541} INFO - Filling up the DagBag from /opt/airflow/dags/subdags/subdag_transforms.py
[2023-10-17T00:24:05.503+0000] {processor.py:838} WARNING - No viable dags retrieved from /opt/airflow/dags/subdags/subdag_transforms.py
[2023-10-17T00:24:05.521+0000] {processor.py:179} INFO - Processing /opt/airflow/dags/subdags/subdag_transforms.py took 0.028 seconds
[2023-10-17T00:24:36.921+0000] {processor.py:157} INFO - Started process (PID=4791) to work on /opt/airflow/dags/subdags/subdag_transforms.py
[2023-10-17T00:24:36.923+0000] {processor.py:826} INFO - Processing file /opt/airflow/dags/subdags/subdag_transforms.py for tasks to queue
[2023-10-17T00:24:36.926+0000] {logging_mixin.py:150} INFO - [2023-10-17T00:24:36.925+0000] {dagbag.py:541} INFO - Filling up the DagBag from /opt/airflow/dags/subdags/subdag_transforms.py
[2023-10-17T00:24:36.933+0000] {processor.py:838} WARNING - No viable dags retrieved from /opt/airflow/dags/subdags/subdag_transforms.py
[2023-10-17T00:24:36.985+0000] {processor.py:179} INFO - Processing /opt/airflow/dags/subdags/subdag_transforms.py took 0.071 seconds
