[2023-10-17T00:00:18.206+0000] {processor.py:157} INFO - Started process (PID=3771) to work on /opt/airflow/dags/subdags/subdag_downloads.py
[2023-10-17T00:00:18.208+0000] {processor.py:826} INFO - Processing file /opt/airflow/dags/subdags/subdag_downloads.py for tasks to queue
[2023-10-17T00:00:18.212+0000] {logging_mixin.py:150} INFO - [2023-10-17T00:00:18.211+0000] {dagbag.py:541} INFO - Filling up the DagBag from /opt/airflow/dags/subdags/subdag_downloads.py
[2023-10-17T00:00:18.217+0000] {processor.py:838} WARNING - No viable dags retrieved from /opt/airflow/dags/subdags/subdag_downloads.py
[2023-10-17T00:00:18.251+0000] {processor.py:179} INFO - Processing /opt/airflow/dags/subdags/subdag_downloads.py took 0.053 seconds
[2023-10-17T00:00:48.655+0000] {processor.py:157} INFO - Started process (PID=3803) to work on /opt/airflow/dags/subdags/subdag_downloads.py
[2023-10-17T00:00:48.656+0000] {processor.py:826} INFO - Processing file /opt/airflow/dags/subdags/subdag_downloads.py for tasks to queue
[2023-10-17T00:00:48.657+0000] {logging_mixin.py:150} INFO - [2023-10-17T00:00:48.657+0000] {dagbag.py:541} INFO - Filling up the DagBag from /opt/airflow/dags/subdags/subdag_downloads.py
[2023-10-17T00:00:48.661+0000] {processor.py:838} WARNING - No viable dags retrieved from /opt/airflow/dags/subdags/subdag_downloads.py
[2023-10-17T00:00:48.684+0000] {processor.py:179} INFO - Processing /opt/airflow/dags/subdags/subdag_downloads.py took 0.034 seconds
[2023-10-17T00:01:18.875+0000] {processor.py:157} INFO - Started process (PID=3824) to work on /opt/airflow/dags/subdags/subdag_downloads.py
[2023-10-17T00:01:18.877+0000] {processor.py:826} INFO - Processing file /opt/airflow/dags/subdags/subdag_downloads.py for tasks to queue
[2023-10-17T00:01:18.878+0000] {logging_mixin.py:150} INFO - [2023-10-17T00:01:18.878+0000] {dagbag.py:541} INFO - Filling up the DagBag from /opt/airflow/dags/subdags/subdag_downloads.py
[2023-10-17T00:01:18.885+0000] {processor.py:838} WARNING - No viable dags retrieved from /opt/airflow/dags/subdags/subdag_downloads.py
[2023-10-17T00:01:18.909+0000] {processor.py:179} INFO - Processing /opt/airflow/dags/subdags/subdag_downloads.py took 0.038 seconds
[2023-10-17T00:01:49.074+0000] {processor.py:157} INFO - Started process (PID=3850) to work on /opt/airflow/dags/subdags/subdag_downloads.py
[2023-10-17T00:01:49.075+0000] {processor.py:826} INFO - Processing file /opt/airflow/dags/subdags/subdag_downloads.py for tasks to queue
[2023-10-17T00:01:49.077+0000] {logging_mixin.py:150} INFO - [2023-10-17T00:01:49.076+0000] {dagbag.py:541} INFO - Filling up the DagBag from /opt/airflow/dags/subdags/subdag_downloads.py
[2023-10-17T00:01:49.080+0000] {processor.py:838} WARNING - No viable dags retrieved from /opt/airflow/dags/subdags/subdag_downloads.py
[2023-10-17T00:01:49.107+0000] {processor.py:179} INFO - Processing /opt/airflow/dags/subdags/subdag_downloads.py took 0.046 seconds
[2023-10-17T00:02:19.364+0000] {processor.py:157} INFO - Started process (PID=3871) to work on /opt/airflow/dags/subdags/subdag_downloads.py
[2023-10-17T00:02:19.365+0000] {processor.py:826} INFO - Processing file /opt/airflow/dags/subdags/subdag_downloads.py for tasks to queue
[2023-10-17T00:02:19.368+0000] {logging_mixin.py:150} INFO - [2023-10-17T00:02:19.367+0000] {dagbag.py:541} INFO - Filling up the DagBag from /opt/airflow/dags/subdags/subdag_downloads.py
[2023-10-17T00:02:19.371+0000] {processor.py:838} WARNING - No viable dags retrieved from /opt/airflow/dags/subdags/subdag_downloads.py
[2023-10-17T00:02:19.389+0000] {processor.py:179} INFO - Processing /opt/airflow/dags/subdags/subdag_downloads.py took 0.030 seconds
[2023-10-17T00:02:50.516+0000] {processor.py:157} INFO - Started process (PID=3892) to work on /opt/airflow/dags/subdags/subdag_downloads.py
[2023-10-17T00:02:50.518+0000] {processor.py:826} INFO - Processing file /opt/airflow/dags/subdags/subdag_downloads.py for tasks to queue
[2023-10-17T00:02:50.523+0000] {logging_mixin.py:150} INFO - [2023-10-17T00:02:50.521+0000] {dagbag.py:541} INFO - Filling up the DagBag from /opt/airflow/dags/subdags/subdag_downloads.py
[2023-10-17T00:02:50.541+0000] {processor.py:838} WARNING - No viable dags retrieved from /opt/airflow/dags/subdags/subdag_downloads.py
[2023-10-17T00:02:50.584+0000] {processor.py:179} INFO - Processing /opt/airflow/dags/subdags/subdag_downloads.py took 0.077 seconds
[2023-10-17T00:03:20.676+0000] {processor.py:157} INFO - Started process (PID=3913) to work on /opt/airflow/dags/subdags/subdag_downloads.py
[2023-10-17T00:03:20.679+0000] {processor.py:826} INFO - Processing file /opt/airflow/dags/subdags/subdag_downloads.py for tasks to queue
[2023-10-17T00:03:20.681+0000] {logging_mixin.py:150} INFO - [2023-10-17T00:03:20.681+0000] {dagbag.py:541} INFO - Filling up the DagBag from /opt/airflow/dags/subdags/subdag_downloads.py
[2023-10-17T00:03:20.684+0000] {processor.py:838} WARNING - No viable dags retrieved from /opt/airflow/dags/subdags/subdag_downloads.py
[2023-10-17T00:03:20.706+0000] {processor.py:179} INFO - Processing /opt/airflow/dags/subdags/subdag_downloads.py took 0.036 seconds
[2023-10-17T00:03:50.840+0000] {processor.py:157} INFO - Started process (PID=3934) to work on /opt/airflow/dags/subdags/subdag_downloads.py
[2023-10-17T00:03:50.843+0000] {processor.py:826} INFO - Processing file /opt/airflow/dags/subdags/subdag_downloads.py for tasks to queue
[2023-10-17T00:03:50.845+0000] {logging_mixin.py:150} INFO - [2023-10-17T00:03:50.844+0000] {dagbag.py:541} INFO - Filling up the DagBag from /opt/airflow/dags/subdags/subdag_downloads.py
[2023-10-17T00:03:50.847+0000] {processor.py:838} WARNING - No viable dags retrieved from /opt/airflow/dags/subdags/subdag_downloads.py
[2023-10-17T00:03:50.872+0000] {processor.py:179} INFO - Processing /opt/airflow/dags/subdags/subdag_downloads.py took 0.039 seconds
[2023-10-17T00:04:21.222+0000] {processor.py:157} INFO - Started process (PID=3955) to work on /opt/airflow/dags/subdags/subdag_downloads.py
[2023-10-17T00:04:21.227+0000] {processor.py:826} INFO - Processing file /opt/airflow/dags/subdags/subdag_downloads.py for tasks to queue
[2023-10-17T00:04:21.228+0000] {logging_mixin.py:150} INFO - [2023-10-17T00:04:21.228+0000] {dagbag.py:541} INFO - Filling up the DagBag from /opt/airflow/dags/subdags/subdag_downloads.py
[2023-10-17T00:04:21.232+0000] {processor.py:838} WARNING - No viable dags retrieved from /opt/airflow/dags/subdags/subdag_downloads.py
[2023-10-17T00:04:21.251+0000] {processor.py:179} INFO - Processing /opt/airflow/dags/subdags/subdag_downloads.py took 0.033 seconds
[2023-10-17T00:04:51.534+0000] {processor.py:157} INFO - Started process (PID=3976) to work on /opt/airflow/dags/subdags/subdag_downloads.py
[2023-10-17T00:04:51.536+0000] {processor.py:826} INFO - Processing file /opt/airflow/dags/subdags/subdag_downloads.py for tasks to queue
[2023-10-17T00:04:51.537+0000] {logging_mixin.py:150} INFO - [2023-10-17T00:04:51.537+0000] {dagbag.py:541} INFO - Filling up the DagBag from /opt/airflow/dags/subdags/subdag_downloads.py
[2023-10-17T00:04:51.540+0000] {processor.py:838} WARNING - No viable dags retrieved from /opt/airflow/dags/subdags/subdag_downloads.py
[2023-10-17T00:04:51.566+0000] {processor.py:179} INFO - Processing /opt/airflow/dags/subdags/subdag_downloads.py took 0.038 seconds
[2023-10-17T00:05:21.820+0000] {processor.py:157} INFO - Started process (PID=3997) to work on /opt/airflow/dags/subdags/subdag_downloads.py
[2023-10-17T00:05:21.821+0000] {processor.py:826} INFO - Processing file /opt/airflow/dags/subdags/subdag_downloads.py for tasks to queue
[2023-10-17T00:05:21.822+0000] {logging_mixin.py:150} INFO - [2023-10-17T00:05:21.822+0000] {dagbag.py:541} INFO - Filling up the DagBag from /opt/airflow/dags/subdags/subdag_downloads.py
[2023-10-17T00:05:21.824+0000] {processor.py:838} WARNING - No viable dags retrieved from /opt/airflow/dags/subdags/subdag_downloads.py
[2023-10-17T00:05:21.848+0000] {processor.py:179} INFO - Processing /opt/airflow/dags/subdags/subdag_downloads.py took 0.033 seconds
[2023-10-17T00:05:52.105+0000] {processor.py:157} INFO - Started process (PID=4019) to work on /opt/airflow/dags/subdags/subdag_downloads.py
[2023-10-17T00:05:52.107+0000] {processor.py:826} INFO - Processing file /opt/airflow/dags/subdags/subdag_downloads.py for tasks to queue
[2023-10-17T00:05:52.107+0000] {logging_mixin.py:150} INFO - [2023-10-17T00:05:52.107+0000] {dagbag.py:541} INFO - Filling up the DagBag from /opt/airflow/dags/subdags/subdag_downloads.py
[2023-10-17T00:05:52.109+0000] {processor.py:838} WARNING - No viable dags retrieved from /opt/airflow/dags/subdags/subdag_downloads.py
[2023-10-17T00:05:52.127+0000] {processor.py:179} INFO - Processing /opt/airflow/dags/subdags/subdag_downloads.py took 0.025 seconds
[2023-10-17T00:06:23.210+0000] {processor.py:157} INFO - Started process (PID=4040) to work on /opt/airflow/dags/subdags/subdag_downloads.py
[2023-10-17T00:06:23.212+0000] {processor.py:826} INFO - Processing file /opt/airflow/dags/subdags/subdag_downloads.py for tasks to queue
[2023-10-17T00:06:23.221+0000] {logging_mixin.py:150} INFO - [2023-10-17T00:06:23.219+0000] {dagbag.py:541} INFO - Filling up the DagBag from /opt/airflow/dags/subdags/subdag_downloads.py
[2023-10-17T00:06:23.225+0000] {processor.py:838} WARNING - No viable dags retrieved from /opt/airflow/dags/subdags/subdag_downloads.py
[2023-10-17T00:06:23.263+0000] {processor.py:179} INFO - Processing /opt/airflow/dags/subdags/subdag_downloads.py took 0.058 seconds
[2023-10-17T00:06:53.920+0000] {processor.py:157} INFO - Started process (PID=4060) to work on /opt/airflow/dags/subdags/subdag_downloads.py
[2023-10-17T00:06:53.924+0000] {processor.py:826} INFO - Processing file /opt/airflow/dags/subdags/subdag_downloads.py for tasks to queue
[2023-10-17T00:06:53.934+0000] {logging_mixin.py:150} INFO - [2023-10-17T00:06:53.933+0000] {dagbag.py:541} INFO - Filling up the DagBag from /opt/airflow/dags/subdags/subdag_downloads.py
[2023-10-17T00:06:53.938+0000] {processor.py:838} WARNING - No viable dags retrieved from /opt/airflow/dags/subdags/subdag_downloads.py
[2023-10-17T00:06:54.004+0000] {processor.py:179} INFO - Processing /opt/airflow/dags/subdags/subdag_downloads.py took 0.116 seconds
[2023-10-17T00:07:24.295+0000] {processor.py:157} INFO - Started process (PID=4081) to work on /opt/airflow/dags/subdags/subdag_downloads.py
[2023-10-17T00:07:24.311+0000] {processor.py:826} INFO - Processing file /opt/airflow/dags/subdags/subdag_downloads.py for tasks to queue
[2023-10-17T00:07:24.314+0000] {logging_mixin.py:150} INFO - [2023-10-17T00:07:24.313+0000] {dagbag.py:541} INFO - Filling up the DagBag from /opt/airflow/dags/subdags/subdag_downloads.py
[2023-10-17T00:07:24.320+0000] {processor.py:838} WARNING - No viable dags retrieved from /opt/airflow/dags/subdags/subdag_downloads.py
[2023-10-17T00:07:24.403+0000] {processor.py:179} INFO - Processing /opt/airflow/dags/subdags/subdag_downloads.py took 0.127 seconds
[2023-10-17T00:07:55.499+0000] {processor.py:157} INFO - Started process (PID=4102) to work on /opt/airflow/dags/subdags/subdag_downloads.py
[2023-10-17T00:07:55.500+0000] {processor.py:826} INFO - Processing file /opt/airflow/dags/subdags/subdag_downloads.py for tasks to queue
[2023-10-17T00:07:55.501+0000] {logging_mixin.py:150} INFO - [2023-10-17T00:07:55.501+0000] {dagbag.py:541} INFO - Filling up the DagBag from /opt/airflow/dags/subdags/subdag_downloads.py
[2023-10-17T00:07:55.503+0000] {processor.py:838} WARNING - No viable dags retrieved from /opt/airflow/dags/subdags/subdag_downloads.py
[2023-10-17T00:07:55.520+0000] {processor.py:179} INFO - Processing /opt/airflow/dags/subdags/subdag_downloads.py took 0.025 seconds
[2023-10-17T00:08:26.375+0000] {processor.py:157} INFO - Started process (PID=4123) to work on /opt/airflow/dags/subdags/subdag_downloads.py
[2023-10-17T00:08:26.377+0000] {processor.py:826} INFO - Processing file /opt/airflow/dags/subdags/subdag_downloads.py for tasks to queue
[2023-10-17T00:08:26.378+0000] {logging_mixin.py:150} INFO - [2023-10-17T00:08:26.377+0000] {dagbag.py:541} INFO - Filling up the DagBag from /opt/airflow/dags/subdags/subdag_downloads.py
[2023-10-17T00:08:26.381+0000] {processor.py:838} WARNING - No viable dags retrieved from /opt/airflow/dags/subdags/subdag_downloads.py
[2023-10-17T00:08:26.397+0000] {processor.py:179} INFO - Processing /opt/airflow/dags/subdags/subdag_downloads.py took 0.026 seconds
[2023-10-17T00:08:57.452+0000] {processor.py:157} INFO - Started process (PID=4144) to work on /opt/airflow/dags/subdags/subdag_downloads.py
[2023-10-17T00:08:57.458+0000] {processor.py:826} INFO - Processing file /opt/airflow/dags/subdags/subdag_downloads.py for tasks to queue
[2023-10-17T00:08:57.459+0000] {logging_mixin.py:150} INFO - [2023-10-17T00:08:57.459+0000] {dagbag.py:541} INFO - Filling up the DagBag from /opt/airflow/dags/subdags/subdag_downloads.py
[2023-10-17T00:08:57.461+0000] {processor.py:838} WARNING - No viable dags retrieved from /opt/airflow/dags/subdags/subdag_downloads.py
[2023-10-17T00:08:57.481+0000] {processor.py:179} INFO - Processing /opt/airflow/dags/subdags/subdag_downloads.py took 0.033 seconds
[2023-10-17T00:09:27.718+0000] {processor.py:157} INFO - Started process (PID=4165) to work on /opt/airflow/dags/subdags/subdag_downloads.py
[2023-10-17T00:09:27.719+0000] {processor.py:826} INFO - Processing file /opt/airflow/dags/subdags/subdag_downloads.py for tasks to queue
[2023-10-17T00:09:27.720+0000] {logging_mixin.py:150} INFO - [2023-10-17T00:09:27.719+0000] {dagbag.py:541} INFO - Filling up the DagBag from /opt/airflow/dags/subdags/subdag_downloads.py
[2023-10-17T00:09:27.722+0000] {processor.py:838} WARNING - No viable dags retrieved from /opt/airflow/dags/subdags/subdag_downloads.py
[2023-10-17T00:09:27.743+0000] {processor.py:179} INFO - Processing /opt/airflow/dags/subdags/subdag_downloads.py took 0.029 seconds
[2023-10-17T00:09:58.044+0000] {processor.py:157} INFO - Started process (PID=4186) to work on /opt/airflow/dags/subdags/subdag_downloads.py
[2023-10-17T00:09:58.047+0000] {processor.py:826} INFO - Processing file /opt/airflow/dags/subdags/subdag_downloads.py for tasks to queue
[2023-10-17T00:09:58.048+0000] {logging_mixin.py:150} INFO - [2023-10-17T00:09:58.047+0000] {dagbag.py:541} INFO - Filling up the DagBag from /opt/airflow/dags/subdags/subdag_downloads.py
[2023-10-17T00:09:58.050+0000] {processor.py:838} WARNING - No viable dags retrieved from /opt/airflow/dags/subdags/subdag_downloads.py
[2023-10-17T00:09:58.071+0000] {processor.py:179} INFO - Processing /opt/airflow/dags/subdags/subdag_downloads.py took 0.033 seconds
[2023-10-17T00:10:28.341+0000] {processor.py:157} INFO - Started process (PID=4208) to work on /opt/airflow/dags/subdags/subdag_downloads.py
[2023-10-17T00:10:28.344+0000] {processor.py:826} INFO - Processing file /opt/airflow/dags/subdags/subdag_downloads.py for tasks to queue
[2023-10-17T00:10:28.346+0000] {logging_mixin.py:150} INFO - [2023-10-17T00:10:28.345+0000] {dagbag.py:541} INFO - Filling up the DagBag from /opt/airflow/dags/subdags/subdag_downloads.py
[2023-10-17T00:10:28.350+0000] {processor.py:838} WARNING - No viable dags retrieved from /opt/airflow/dags/subdags/subdag_downloads.py
[2023-10-17T00:10:28.373+0000] {processor.py:179} INFO - Processing /opt/airflow/dags/subdags/subdag_downloads.py took 0.035 seconds
[2023-10-17T00:10:58.734+0000] {processor.py:157} INFO - Started process (PID=4229) to work on /opt/airflow/dags/subdags/subdag_downloads.py
[2023-10-17T00:10:58.735+0000] {processor.py:826} INFO - Processing file /opt/airflow/dags/subdags/subdag_downloads.py for tasks to queue
[2023-10-17T00:10:58.736+0000] {logging_mixin.py:150} INFO - [2023-10-17T00:10:58.735+0000] {dagbag.py:541} INFO - Filling up the DagBag from /opt/airflow/dags/subdags/subdag_downloads.py
[2023-10-17T00:10:58.738+0000] {processor.py:838} WARNING - No viable dags retrieved from /opt/airflow/dags/subdags/subdag_downloads.py
[2023-10-17T00:10:58.756+0000] {processor.py:179} INFO - Processing /opt/airflow/dags/subdags/subdag_downloads.py took 0.029 seconds
[2023-10-17T00:11:29.010+0000] {processor.py:157} INFO - Started process (PID=4250) to work on /opt/airflow/dags/subdags/subdag_downloads.py
[2023-10-17T00:11:29.012+0000] {processor.py:826} INFO - Processing file /opt/airflow/dags/subdags/subdag_downloads.py for tasks to queue
[2023-10-17T00:11:29.014+0000] {logging_mixin.py:150} INFO - [2023-10-17T00:11:29.012+0000] {dagbag.py:541} INFO - Filling up the DagBag from /opt/airflow/dags/subdags/subdag_downloads.py
[2023-10-17T00:11:29.023+0000] {processor.py:838} WARNING - No viable dags retrieved from /opt/airflow/dags/subdags/subdag_downloads.py
[2023-10-17T00:11:29.043+0000] {processor.py:179} INFO - Processing /opt/airflow/dags/subdags/subdag_downloads.py took 0.036 seconds
[2023-10-17T00:11:59.187+0000] {processor.py:157} INFO - Started process (PID=4271) to work on /opt/airflow/dags/subdags/subdag_downloads.py
[2023-10-17T00:11:59.189+0000] {processor.py:826} INFO - Processing file /opt/airflow/dags/subdags/subdag_downloads.py for tasks to queue
[2023-10-17T00:11:59.189+0000] {logging_mixin.py:150} INFO - [2023-10-17T00:11:59.189+0000] {dagbag.py:541} INFO - Filling up the DagBag from /opt/airflow/dags/subdags/subdag_downloads.py
[2023-10-17T00:11:59.193+0000] {processor.py:838} WARNING - No viable dags retrieved from /opt/airflow/dags/subdags/subdag_downloads.py
[2023-10-17T00:11:59.216+0000] {processor.py:179} INFO - Processing /opt/airflow/dags/subdags/subdag_downloads.py took 0.034 seconds
[2023-10-17T00:12:29.427+0000] {processor.py:157} INFO - Started process (PID=4292) to work on /opt/airflow/dags/subdags/subdag_downloads.py
[2023-10-17T00:12:29.428+0000] {processor.py:826} INFO - Processing file /opt/airflow/dags/subdags/subdag_downloads.py for tasks to queue
[2023-10-17T00:12:29.429+0000] {logging_mixin.py:150} INFO - [2023-10-17T00:12:29.429+0000] {dagbag.py:541} INFO - Filling up the DagBag from /opt/airflow/dags/subdags/subdag_downloads.py
[2023-10-17T00:12:29.432+0000] {processor.py:838} WARNING - No viable dags retrieved from /opt/airflow/dags/subdags/subdag_downloads.py
[2023-10-17T00:12:29.455+0000] {processor.py:179} INFO - Processing /opt/airflow/dags/subdags/subdag_downloads.py took 0.032 seconds
[2023-10-17T00:13:00.670+0000] {processor.py:157} INFO - Started process (PID=4313) to work on /opt/airflow/dags/subdags/subdag_downloads.py
[2023-10-17T00:13:00.675+0000] {processor.py:826} INFO - Processing file /opt/airflow/dags/subdags/subdag_downloads.py for tasks to queue
[2023-10-17T00:13:00.678+0000] {logging_mixin.py:150} INFO - [2023-10-17T00:13:00.677+0000] {dagbag.py:541} INFO - Filling up the DagBag from /opt/airflow/dags/subdags/subdag_downloads.py
[2023-10-17T00:13:00.691+0000] {processor.py:838} WARNING - No viable dags retrieved from /opt/airflow/dags/subdags/subdag_downloads.py
[2023-10-17T00:13:00.733+0000] {processor.py:179} INFO - Processing /opt/airflow/dags/subdags/subdag_downloads.py took 0.082 seconds
[2023-10-17T00:13:31.796+0000] {processor.py:157} INFO - Started process (PID=4334) to work on /opt/airflow/dags/subdags/subdag_downloads.py
[2023-10-17T00:13:31.797+0000] {processor.py:826} INFO - Processing file /opt/airflow/dags/subdags/subdag_downloads.py for tasks to queue
[2023-10-17T00:13:31.798+0000] {logging_mixin.py:150} INFO - [2023-10-17T00:13:31.798+0000] {dagbag.py:541} INFO - Filling up the DagBag from /opt/airflow/dags/subdags/subdag_downloads.py
[2023-10-17T00:13:31.800+0000] {processor.py:838} WARNING - No viable dags retrieved from /opt/airflow/dags/subdags/subdag_downloads.py
[2023-10-17T00:13:31.818+0000] {processor.py:179} INFO - Processing /opt/airflow/dags/subdags/subdag_downloads.py took 0.026 seconds
[2023-10-17T00:14:02.078+0000] {processor.py:157} INFO - Started process (PID=4355) to work on /opt/airflow/dags/subdags/subdag_downloads.py
[2023-10-17T00:14:02.079+0000] {processor.py:826} INFO - Processing file /opt/airflow/dags/subdags/subdag_downloads.py for tasks to queue
[2023-10-17T00:14:02.080+0000] {logging_mixin.py:150} INFO - [2023-10-17T00:14:02.080+0000] {dagbag.py:541} INFO - Filling up the DagBag from /opt/airflow/dags/subdags/subdag_downloads.py
[2023-10-17T00:14:02.083+0000] {processor.py:838} WARNING - No viable dags retrieved from /opt/airflow/dags/subdags/subdag_downloads.py
[2023-10-17T00:14:02.106+0000] {processor.py:179} INFO - Processing /opt/airflow/dags/subdags/subdag_downloads.py took 0.039 seconds
[2023-10-17T00:14:32.355+0000] {processor.py:157} INFO - Started process (PID=4376) to work on /opt/airflow/dags/subdags/subdag_downloads.py
[2023-10-17T00:14:32.356+0000] {processor.py:826} INFO - Processing file /opt/airflow/dags/subdags/subdag_downloads.py for tasks to queue
[2023-10-17T00:14:32.359+0000] {logging_mixin.py:150} INFO - [2023-10-17T00:14:32.358+0000] {dagbag.py:541} INFO - Filling up the DagBag from /opt/airflow/dags/subdags/subdag_downloads.py
[2023-10-17T00:14:32.364+0000] {processor.py:838} WARNING - No viable dags retrieved from /opt/airflow/dags/subdags/subdag_downloads.py
[2023-10-17T00:14:32.390+0000] {processor.py:179} INFO - Processing /opt/airflow/dags/subdags/subdag_downloads.py took 0.039 seconds
[2023-10-17T00:15:02.577+0000] {processor.py:157} INFO - Started process (PID=4397) to work on /opt/airflow/dags/subdags/subdag_downloads.py
[2023-10-17T00:15:02.581+0000] {processor.py:826} INFO - Processing file /opt/airflow/dags/subdags/subdag_downloads.py for tasks to queue
[2023-10-17T00:15:02.582+0000] {logging_mixin.py:150} INFO - [2023-10-17T00:15:02.582+0000] {dagbag.py:541} INFO - Filling up the DagBag from /opt/airflow/dags/subdags/subdag_downloads.py
[2023-10-17T00:15:02.584+0000] {processor.py:838} WARNING - No viable dags retrieved from /opt/airflow/dags/subdags/subdag_downloads.py
[2023-10-17T00:15:02.601+0000] {processor.py:179} INFO - Processing /opt/airflow/dags/subdags/subdag_downloads.py took 0.029 seconds
[2023-10-17T00:15:36.586+0000] {processor.py:157} INFO - Started process (PID=4418) to work on /opt/airflow/dags/subdags/subdag_downloads.py
[2023-10-17T00:15:36.735+0000] {processor.py:826} INFO - Processing file /opt/airflow/dags/subdags/subdag_downloads.py for tasks to queue
[2023-10-17T00:15:36.736+0000] {logging_mixin.py:150} INFO - [2023-10-17T00:15:36.735+0000] {dagbag.py:541} INFO - Filling up the DagBag from /opt/airflow/dags/subdags/subdag_downloads.py
[2023-10-17T00:15:36.738+0000] {processor.py:838} WARNING - No viable dags retrieved from /opt/airflow/dags/subdags/subdag_downloads.py
[2023-10-17T00:15:36.766+0000] {processor.py:179} INFO - Processing /opt/airflow/dags/subdags/subdag_downloads.py took 0.186 seconds
[2023-10-17T00:16:06.794+0000] {processor.py:157} INFO - Started process (PID=4439) to work on /opt/airflow/dags/subdags/subdag_downloads.py
[2023-10-17T00:16:06.796+0000] {processor.py:826} INFO - Processing file /opt/airflow/dags/subdags/subdag_downloads.py for tasks to queue
[2023-10-17T00:16:06.800+0000] {logging_mixin.py:150} INFO - [2023-10-17T00:16:06.799+0000] {dagbag.py:541} INFO - Filling up the DagBag from /opt/airflow/dags/subdags/subdag_downloads.py
[2023-10-17T00:16:06.804+0000] {processor.py:838} WARNING - No viable dags retrieved from /opt/airflow/dags/subdags/subdag_downloads.py
[2023-10-17T00:16:06.823+0000] {processor.py:179} INFO - Processing /opt/airflow/dags/subdags/subdag_downloads.py took 0.033 seconds
[2023-10-17T00:16:37.107+0000] {processor.py:157} INFO - Started process (PID=4460) to work on /opt/airflow/dags/subdags/subdag_downloads.py
[2023-10-17T00:16:37.108+0000] {processor.py:826} INFO - Processing file /opt/airflow/dags/subdags/subdag_downloads.py for tasks to queue
[2023-10-17T00:16:37.109+0000] {logging_mixin.py:150} INFO - [2023-10-17T00:16:37.109+0000] {dagbag.py:541} INFO - Filling up the DagBag from /opt/airflow/dags/subdags/subdag_downloads.py
[2023-10-17T00:16:37.111+0000] {processor.py:838} WARNING - No viable dags retrieved from /opt/airflow/dags/subdags/subdag_downloads.py
[2023-10-17T00:16:37.133+0000] {processor.py:179} INFO - Processing /opt/airflow/dags/subdags/subdag_downloads.py took 0.031 seconds
[2023-10-17T00:17:07.297+0000] {processor.py:157} INFO - Started process (PID=4481) to work on /opt/airflow/dags/subdags/subdag_downloads.py
[2023-10-17T00:17:07.298+0000] {processor.py:826} INFO - Processing file /opt/airflow/dags/subdags/subdag_downloads.py for tasks to queue
[2023-10-17T00:17:07.300+0000] {logging_mixin.py:150} INFO - [2023-10-17T00:17:07.299+0000] {dagbag.py:541} INFO - Filling up the DagBag from /opt/airflow/dags/subdags/subdag_downloads.py
[2023-10-17T00:17:07.304+0000] {processor.py:838} WARNING - No viable dags retrieved from /opt/airflow/dags/subdags/subdag_downloads.py
[2023-10-17T00:17:07.322+0000] {processor.py:179} INFO - Processing /opt/airflow/dags/subdags/subdag_downloads.py took 0.029 seconds
[2023-10-17T00:17:37.648+0000] {processor.py:157} INFO - Started process (PID=4502) to work on /opt/airflow/dags/subdags/subdag_downloads.py
[2023-10-17T00:17:37.649+0000] {processor.py:826} INFO - Processing file /opt/airflow/dags/subdags/subdag_downloads.py for tasks to queue
[2023-10-17T00:17:37.650+0000] {logging_mixin.py:150} INFO - [2023-10-17T00:17:37.650+0000] {dagbag.py:541} INFO - Filling up the DagBag from /opt/airflow/dags/subdags/subdag_downloads.py
[2023-10-17T00:17:37.655+0000] {processor.py:838} WARNING - No viable dags retrieved from /opt/airflow/dags/subdags/subdag_downloads.py
[2023-10-17T00:17:37.674+0000] {processor.py:179} INFO - Processing /opt/airflow/dags/subdags/subdag_downloads.py took 0.029 seconds
[2023-10-17T00:18:07.994+0000] {processor.py:157} INFO - Started process (PID=4523) to work on /opt/airflow/dags/subdags/subdag_downloads.py
[2023-10-17T00:18:07.996+0000] {processor.py:826} INFO - Processing file /opt/airflow/dags/subdags/subdag_downloads.py for tasks to queue
[2023-10-17T00:18:07.996+0000] {logging_mixin.py:150} INFO - [2023-10-17T00:18:07.996+0000] {dagbag.py:541} INFO - Filling up the DagBag from /opt/airflow/dags/subdags/subdag_downloads.py
[2023-10-17T00:18:08.000+0000] {processor.py:838} WARNING - No viable dags retrieved from /opt/airflow/dags/subdags/subdag_downloads.py
[2023-10-17T00:18:08.022+0000] {processor.py:179} INFO - Processing /opt/airflow/dags/subdags/subdag_downloads.py took 0.031 seconds
[2023-10-17T00:18:38.280+0000] {processor.py:157} INFO - Started process (PID=4544) to work on /opt/airflow/dags/subdags/subdag_downloads.py
[2023-10-17T00:18:38.282+0000] {processor.py:826} INFO - Processing file /opt/airflow/dags/subdags/subdag_downloads.py for tasks to queue
[2023-10-17T00:18:38.283+0000] {logging_mixin.py:150} INFO - [2023-10-17T00:18:38.282+0000] {dagbag.py:541} INFO - Filling up the DagBag from /opt/airflow/dags/subdags/subdag_downloads.py
[2023-10-17T00:18:38.285+0000] {processor.py:838} WARNING - No viable dags retrieved from /opt/airflow/dags/subdags/subdag_downloads.py
[2023-10-17T00:18:38.302+0000] {processor.py:179} INFO - Processing /opt/airflow/dags/subdags/subdag_downloads.py took 0.026 seconds
[2023-10-17T00:19:08.514+0000] {processor.py:157} INFO - Started process (PID=4565) to work on /opt/airflow/dags/subdags/subdag_downloads.py
[2023-10-17T00:19:08.516+0000] {processor.py:826} INFO - Processing file /opt/airflow/dags/subdags/subdag_downloads.py for tasks to queue
[2023-10-17T00:19:08.517+0000] {logging_mixin.py:150} INFO - [2023-10-17T00:19:08.517+0000] {dagbag.py:541} INFO - Filling up the DagBag from /opt/airflow/dags/subdags/subdag_downloads.py
[2023-10-17T00:19:08.519+0000] {processor.py:838} WARNING - No viable dags retrieved from /opt/airflow/dags/subdags/subdag_downloads.py
[2023-10-17T00:19:08.542+0000] {processor.py:179} INFO - Processing /opt/airflow/dags/subdags/subdag_downloads.py took 0.036 seconds
[2023-10-17T00:19:39.679+0000] {processor.py:157} INFO - Started process (PID=4586) to work on /opt/airflow/dags/subdags/subdag_downloads.py
[2023-10-17T00:19:39.682+0000] {processor.py:826} INFO - Processing file /opt/airflow/dags/subdags/subdag_downloads.py for tasks to queue
[2023-10-17T00:19:39.683+0000] {logging_mixin.py:150} INFO - [2023-10-17T00:19:39.683+0000] {dagbag.py:541} INFO - Filling up the DagBag from /opt/airflow/dags/subdags/subdag_downloads.py
[2023-10-17T00:19:39.686+0000] {processor.py:838} WARNING - No viable dags retrieved from /opt/airflow/dags/subdags/subdag_downloads.py
[2023-10-17T00:19:39.710+0000] {processor.py:179} INFO - Processing /opt/airflow/dags/subdags/subdag_downloads.py took 0.037 seconds
[2023-10-17T00:20:09.856+0000] {processor.py:157} INFO - Started process (PID=4607) to work on /opt/airflow/dags/subdags/subdag_downloads.py
[2023-10-17T00:20:09.858+0000] {processor.py:826} INFO - Processing file /opt/airflow/dags/subdags/subdag_downloads.py for tasks to queue
[2023-10-17T00:20:09.859+0000] {logging_mixin.py:150} INFO - [2023-10-17T00:20:09.859+0000] {dagbag.py:541} INFO - Filling up the DagBag from /opt/airflow/dags/subdags/subdag_downloads.py
[2023-10-17T00:20:09.866+0000] {processor.py:838} WARNING - No viable dags retrieved from /opt/airflow/dags/subdags/subdag_downloads.py
[2023-10-17T00:20:09.895+0000] {processor.py:179} INFO - Processing /opt/airflow/dags/subdags/subdag_downloads.py took 0.042 seconds
[2023-10-17T00:20:41.130+0000] {processor.py:157} INFO - Started process (PID=4628) to work on /opt/airflow/dags/subdags/subdag_downloads.py
[2023-10-17T00:20:41.137+0000] {processor.py:826} INFO - Processing file /opt/airflow/dags/subdags/subdag_downloads.py for tasks to queue
[2023-10-17T00:20:41.140+0000] {logging_mixin.py:150} INFO - [2023-10-17T00:20:41.138+0000] {dagbag.py:541} INFO - Filling up the DagBag from /opt/airflow/dags/subdags/subdag_downloads.py
[2023-10-17T00:20:41.151+0000] {processor.py:838} WARNING - No viable dags retrieved from /opt/airflow/dags/subdags/subdag_downloads.py
[2023-10-17T00:20:41.191+0000] {processor.py:179} INFO - Processing /opt/airflow/dags/subdags/subdag_downloads.py took 0.073 seconds
[2023-10-17T00:21:11.446+0000] {processor.py:157} INFO - Started process (PID=4649) to work on /opt/airflow/dags/subdags/subdag_downloads.py
[2023-10-17T00:21:11.451+0000] {processor.py:826} INFO - Processing file /opt/airflow/dags/subdags/subdag_downloads.py for tasks to queue
[2023-10-17T00:21:11.452+0000] {logging_mixin.py:150} INFO - [2023-10-17T00:21:11.451+0000] {dagbag.py:541} INFO - Filling up the DagBag from /opt/airflow/dags/subdags/subdag_downloads.py
[2023-10-17T00:21:11.454+0000] {processor.py:838} WARNING - No viable dags retrieved from /opt/airflow/dags/subdags/subdag_downloads.py
[2023-10-17T00:21:11.473+0000] {processor.py:179} INFO - Processing /opt/airflow/dags/subdags/subdag_downloads.py took 0.030 seconds
[2023-10-17T00:21:41.811+0000] {processor.py:157} INFO - Started process (PID=4670) to work on /opt/airflow/dags/subdags/subdag_downloads.py
[2023-10-17T00:21:41.812+0000] {processor.py:826} INFO - Processing file /opt/airflow/dags/subdags/subdag_downloads.py for tasks to queue
[2023-10-17T00:21:41.813+0000] {logging_mixin.py:150} INFO - [2023-10-17T00:21:41.813+0000] {dagbag.py:541} INFO - Filling up the DagBag from /opt/airflow/dags/subdags/subdag_downloads.py
[2023-10-17T00:21:41.820+0000] {processor.py:838} WARNING - No viable dags retrieved from /opt/airflow/dags/subdags/subdag_downloads.py
[2023-10-17T00:21:41.840+0000] {processor.py:179} INFO - Processing /opt/airflow/dags/subdags/subdag_downloads.py took 0.032 seconds
[2023-10-17T00:22:12.942+0000] {processor.py:157} INFO - Started process (PID=4691) to work on /opt/airflow/dags/subdags/subdag_downloads.py
[2023-10-17T00:22:12.944+0000] {processor.py:826} INFO - Processing file /opt/airflow/dags/subdags/subdag_downloads.py for tasks to queue
[2023-10-17T00:22:12.945+0000] {logging_mixin.py:150} INFO - [2023-10-17T00:22:12.944+0000] {dagbag.py:541} INFO - Filling up the DagBag from /opt/airflow/dags/subdags/subdag_downloads.py
[2023-10-17T00:22:12.947+0000] {processor.py:838} WARNING - No viable dags retrieved from /opt/airflow/dags/subdags/subdag_downloads.py
[2023-10-17T00:22:12.973+0000] {processor.py:179} INFO - Processing /opt/airflow/dags/subdags/subdag_downloads.py took 0.036 seconds
[2023-10-17T00:22:43.211+0000] {processor.py:157} INFO - Started process (PID=4712) to work on /opt/airflow/dags/subdags/subdag_downloads.py
[2023-10-17T00:22:43.213+0000] {processor.py:826} INFO - Processing file /opt/airflow/dags/subdags/subdag_downloads.py for tasks to queue
[2023-10-17T00:22:43.215+0000] {logging_mixin.py:150} INFO - [2023-10-17T00:22:43.215+0000] {dagbag.py:541} INFO - Filling up the DagBag from /opt/airflow/dags/subdags/subdag_downloads.py
[2023-10-17T00:22:43.217+0000] {processor.py:838} WARNING - No viable dags retrieved from /opt/airflow/dags/subdags/subdag_downloads.py
[2023-10-17T00:22:43.246+0000] {processor.py:179} INFO - Processing /opt/airflow/dags/subdags/subdag_downloads.py took 0.042 seconds
[2023-10-17T00:23:13.451+0000] {processor.py:157} INFO - Started process (PID=4733) to work on /opt/airflow/dags/subdags/subdag_downloads.py
[2023-10-17T00:23:13.452+0000] {processor.py:826} INFO - Processing file /opt/airflow/dags/subdags/subdag_downloads.py for tasks to queue
[2023-10-17T00:23:13.453+0000] {logging_mixin.py:150} INFO - [2023-10-17T00:23:13.452+0000] {dagbag.py:541} INFO - Filling up the DagBag from /opt/airflow/dags/subdags/subdag_downloads.py
[2023-10-17T00:23:13.456+0000] {processor.py:838} WARNING - No viable dags retrieved from /opt/airflow/dags/subdags/subdag_downloads.py
[2023-10-17T00:23:13.477+0000] {processor.py:179} INFO - Processing /opt/airflow/dags/subdags/subdag_downloads.py took 0.030 seconds
[2023-10-17T00:23:43.660+0000] {processor.py:157} INFO - Started process (PID=4754) to work on /opt/airflow/dags/subdags/subdag_downloads.py
[2023-10-17T00:23:43.664+0000] {processor.py:826} INFO - Processing file /opt/airflow/dags/subdags/subdag_downloads.py for tasks to queue
[2023-10-17T00:23:43.666+0000] {logging_mixin.py:150} INFO - [2023-10-17T00:23:43.665+0000] {dagbag.py:541} INFO - Filling up the DagBag from /opt/airflow/dags/subdags/subdag_downloads.py
[2023-10-17T00:23:43.669+0000] {processor.py:838} WARNING - No viable dags retrieved from /opt/airflow/dags/subdags/subdag_downloads.py
[2023-10-17T00:23:43.686+0000] {processor.py:179} INFO - Processing /opt/airflow/dags/subdags/subdag_downloads.py took 0.031 seconds
[2023-10-17T00:24:14.768+0000] {processor.py:157} INFO - Started process (PID=4775) to work on /opt/airflow/dags/subdags/subdag_downloads.py
[2023-10-17T00:24:14.769+0000] {processor.py:826} INFO - Processing file /opt/airflow/dags/subdags/subdag_downloads.py for tasks to queue
[2023-10-17T00:24:14.769+0000] {logging_mixin.py:150} INFO - [2023-10-17T00:24:14.769+0000] {dagbag.py:541} INFO - Filling up the DagBag from /opt/airflow/dags/subdags/subdag_downloads.py
[2023-10-17T00:24:14.772+0000] {processor.py:838} WARNING - No viable dags retrieved from /opt/airflow/dags/subdags/subdag_downloads.py
[2023-10-17T00:24:14.787+0000] {processor.py:179} INFO - Processing /opt/airflow/dags/subdags/subdag_downloads.py took 0.023 seconds
[2023-10-17T00:24:45.612+0000] {processor.py:157} INFO - Started process (PID=4796) to work on /opt/airflow/dags/subdags/subdag_downloads.py
[2023-10-17T00:24:45.617+0000] {processor.py:826} INFO - Processing file /opt/airflow/dags/subdags/subdag_downloads.py for tasks to queue
[2023-10-17T00:24:45.618+0000] {logging_mixin.py:150} INFO - [2023-10-17T00:24:45.618+0000] {dagbag.py:541} INFO - Filling up the DagBag from /opt/airflow/dags/subdags/subdag_downloads.py
[2023-10-17T00:24:45.620+0000] {processor.py:838} WARNING - No viable dags retrieved from /opt/airflow/dags/subdags/subdag_downloads.py
[2023-10-17T00:24:45.640+0000] {processor.py:179} INFO - Processing /opt/airflow/dags/subdags/subdag_downloads.py took 0.035 seconds
