[2023-09-28T23:44:15.869+0000] {processor.py:157} INFO - Started process (PID=7832) to work on /opt/airflow/dags/xcom_dag.py
[2023-09-28T23:44:15.869+0000] {processor.py:826} INFO - Processing file /opt/airflow/dags/xcom_dag.py for tasks to queue
[2023-09-28T23:44:15.870+0000] {logging_mixin.py:150} INFO - [2023-09-28T23:44:15.870+0000] {dagbag.py:541} INFO - Filling up the DagBag from /opt/airflow/dags/xcom_dag.py
[2023-09-28T23:44:15.883+0000] {processor.py:836} INFO - DAG(s) dict_keys(['xcom_dag']) retrieved from /opt/airflow/dags/xcom_dag.py
[2023-09-28T23:44:16.034+0000] {logging_mixin.py:150} INFO - [2023-09-28T23:44:16.033+0000] {manager.py:504} INFO - Created Permission View: can delete on DAG:xcom_dag
[2023-09-28T23:44:16.055+0000] {logging_mixin.py:150} INFO - [2023-09-28T23:44:16.055+0000] {manager.py:504} INFO - Created Permission View: can read on DAG:xcom_dag
[2023-09-28T23:44:16.080+0000] {logging_mixin.py:150} INFO - [2023-09-28T23:44:16.078+0000] {manager.py:504} INFO - Created Permission View: can edit on DAG:xcom_dag
[2023-09-28T23:44:16.099+0000] {logging_mixin.py:150} INFO - [2023-09-28T23:44:16.098+0000] {dag.py:2742} INFO - Sync 1 DAGs
[2023-09-28T23:44:16.113+0000] {logging_mixin.py:150} INFO - [2023-09-28T23:44:16.113+0000] {dag.py:2763} INFO - Creating ORM DAG for xcom_dag
[2023-09-28T23:44:16.130+0000] {logging_mixin.py:150} INFO - [2023-09-28T23:44:16.130+0000] {dag.py:3504} INFO - Setting next_dagrun for xcom_dag to 2023-09-27T00:00:00+00:00, run_after=2023-09-28T00:00:00+00:00
[2023-09-28T23:44:16.151+0000] {processor.py:179} INFO - Processing /opt/airflow/dags/xcom_dag.py took 0.286 seconds
[2023-09-28T23:44:46.470+0000] {processor.py:157} INFO - Started process (PID=7859) to work on /opt/airflow/dags/xcom_dag.py
[2023-09-28T23:44:46.471+0000] {processor.py:826} INFO - Processing file /opt/airflow/dags/xcom_dag.py for tasks to queue
[2023-09-28T23:44:46.472+0000] {logging_mixin.py:150} INFO - [2023-09-28T23:44:46.472+0000] {dagbag.py:541} INFO - Filling up the DagBag from /opt/airflow/dags/xcom_dag.py
[2023-09-28T23:44:46.485+0000] {processor.py:836} INFO - DAG(s) dict_keys(['xcom_dag']) retrieved from /opt/airflow/dags/xcom_dag.py
[2023-09-28T23:44:46.519+0000] {logging_mixin.py:150} INFO - [2023-09-28T23:44:46.518+0000] {dag.py:2742} INFO - Sync 1 DAGs
[2023-09-28T23:44:46.554+0000] {logging_mixin.py:150} INFO - [2023-09-28T23:44:46.553+0000] {dag.py:3504} INFO - Setting next_dagrun for xcom_dag to 2023-09-27T00:00:00+00:00, run_after=2023-09-28T00:00:00+00:00
[2023-09-28T23:44:46.596+0000] {processor.py:179} INFO - Processing /opt/airflow/dags/xcom_dag.py took 0.130 seconds
[2023-09-28T23:45:16.912+0000] {processor.py:157} INFO - Started process (PID=7886) to work on /opt/airflow/dags/xcom_dag.py
[2023-09-28T23:45:16.913+0000] {processor.py:826} INFO - Processing file /opt/airflow/dags/xcom_dag.py for tasks to queue
[2023-09-28T23:45:16.915+0000] {logging_mixin.py:150} INFO - [2023-09-28T23:45:16.914+0000] {dagbag.py:541} INFO - Filling up the DagBag from /opt/airflow/dags/xcom_dag.py
[2023-09-28T23:45:16.927+0000] {processor.py:836} INFO - DAG(s) dict_keys(['xcom_dag']) retrieved from /opt/airflow/dags/xcom_dag.py
[2023-09-28T23:45:16.968+0000] {logging_mixin.py:150} INFO - [2023-09-28T23:45:16.967+0000] {dag.py:2742} INFO - Sync 1 DAGs
[2023-09-28T23:45:17.031+0000] {logging_mixin.py:150} INFO - [2023-09-28T23:45:17.030+0000] {dag.py:3504} INFO - Setting next_dagrun for xcom_dag to 2023-09-27T00:00:00+00:00, run_after=2023-09-28T00:00:00+00:00
[2023-09-28T23:45:17.085+0000] {processor.py:179} INFO - Processing /opt/airflow/dags/xcom_dag.py took 0.182 seconds
[2023-09-28T23:45:47.668+0000] {processor.py:157} INFO - Started process (PID=7923) to work on /opt/airflow/dags/xcom_dag.py
[2023-09-28T23:45:47.673+0000] {processor.py:826} INFO - Processing file /opt/airflow/dags/xcom_dag.py for tasks to queue
[2023-09-28T23:45:47.674+0000] {logging_mixin.py:150} INFO - [2023-09-28T23:45:47.673+0000] {dagbag.py:541} INFO - Filling up the DagBag from /opt/airflow/dags/xcom_dag.py
[2023-09-28T23:45:47.688+0000] {processor.py:836} INFO - DAG(s) dict_keys(['xcom_dag']) retrieved from /opt/airflow/dags/xcom_dag.py
[2023-09-28T23:45:47.739+0000] {logging_mixin.py:150} INFO - [2023-09-28T23:45:47.738+0000] {dag.py:2742} INFO - Sync 1 DAGs
[2023-09-28T23:45:47.775+0000] {logging_mixin.py:150} INFO - [2023-09-28T23:45:47.775+0000] {dag.py:3504} INFO - Setting next_dagrun for xcom_dag to 2023-09-27T00:00:00+00:00, run_after=2023-09-28T00:00:00+00:00
[2023-09-28T23:45:47.803+0000] {processor.py:179} INFO - Processing /opt/airflow/dags/xcom_dag.py took 0.142 seconds
[2023-09-28T23:46:18.292+0000] {processor.py:157} INFO - Started process (PID=7950) to work on /opt/airflow/dags/xcom_dag.py
[2023-09-28T23:46:18.333+0000] {processor.py:826} INFO - Processing file /opt/airflow/dags/xcom_dag.py for tasks to queue
[2023-09-28T23:46:18.334+0000] {logging_mixin.py:150} INFO - [2023-09-28T23:46:18.334+0000] {dagbag.py:541} INFO - Filling up the DagBag from /opt/airflow/dags/xcom_dag.py
[2023-09-28T23:46:18.345+0000] {processor.py:836} INFO - DAG(s) dict_keys(['xcom_dag']) retrieved from /opt/airflow/dags/xcom_dag.py
[2023-09-28T23:46:18.379+0000] {logging_mixin.py:150} INFO - [2023-09-28T23:46:18.378+0000] {dag.py:2742} INFO - Sync 1 DAGs
[2023-09-28T23:46:18.409+0000] {logging_mixin.py:150} INFO - [2023-09-28T23:46:18.409+0000] {dag.py:3504} INFO - Setting next_dagrun for xcom_dag to 2023-09-27T00:00:00+00:00, run_after=2023-09-28T00:00:00+00:00
[2023-09-28T23:46:18.441+0000] {processor.py:179} INFO - Processing /opt/airflow/dags/xcom_dag.py took 0.153 seconds
[2023-09-28T23:46:48.966+0000] {processor.py:157} INFO - Started process (PID=7977) to work on /opt/airflow/dags/xcom_dag.py
[2023-09-28T23:46:48.971+0000] {processor.py:826} INFO - Processing file /opt/airflow/dags/xcom_dag.py for tasks to queue
[2023-09-28T23:46:48.973+0000] {logging_mixin.py:150} INFO - [2023-09-28T23:46:48.972+0000] {dagbag.py:541} INFO - Filling up the DagBag from /opt/airflow/dags/xcom_dag.py
[2023-09-28T23:46:48.995+0000] {processor.py:836} INFO - DAG(s) dict_keys(['xcom_dag']) retrieved from /opt/airflow/dags/xcom_dag.py
[2023-09-28T23:46:49.047+0000] {logging_mixin.py:150} INFO - [2023-09-28T23:46:49.046+0000] {dag.py:2742} INFO - Sync 1 DAGs
[2023-09-28T23:46:49.089+0000] {logging_mixin.py:150} INFO - [2023-09-28T23:46:49.089+0000] {dag.py:3504} INFO - Setting next_dagrun for xcom_dag to 2023-09-27T00:00:00+00:00, run_after=2023-09-28T00:00:00+00:00
[2023-09-28T23:46:49.113+0000] {processor.py:179} INFO - Processing /opt/airflow/dags/xcom_dag.py took 0.153 seconds
[2023-09-28T23:47:19.275+0000] {processor.py:157} INFO - Started process (PID=8014) to work on /opt/airflow/dags/xcom_dag.py
[2023-09-28T23:47:19.277+0000] {processor.py:826} INFO - Processing file /opt/airflow/dags/xcom_dag.py for tasks to queue
[2023-09-28T23:47:19.278+0000] {logging_mixin.py:150} INFO - [2023-09-28T23:47:19.277+0000] {dagbag.py:541} INFO - Filling up the DagBag from /opt/airflow/dags/xcom_dag.py
[2023-09-28T23:47:19.288+0000] {processor.py:836} INFO - DAG(s) dict_keys(['xcom_dag']) retrieved from /opt/airflow/dags/xcom_dag.py
[2023-09-28T23:47:19.314+0000] {logging_mixin.py:150} INFO - [2023-09-28T23:47:19.314+0000] {dag.py:2742} INFO - Sync 1 DAGs
[2023-09-28T23:47:19.338+0000] {logging_mixin.py:150} INFO - [2023-09-28T23:47:19.338+0000] {dag.py:3504} INFO - Setting next_dagrun for xcom_dag to 2023-09-27T00:00:00+00:00, run_after=2023-09-28T00:00:00+00:00
[2023-09-28T23:47:19.362+0000] {processor.py:179} INFO - Processing /opt/airflow/dags/xcom_dag.py took 0.090 seconds
[2023-09-28T23:47:49.551+0000] {processor.py:157} INFO - Started process (PID=8041) to work on /opt/airflow/dags/xcom_dag.py
[2023-09-28T23:47:49.553+0000] {processor.py:826} INFO - Processing file /opt/airflow/dags/xcom_dag.py for tasks to queue
[2023-09-28T23:47:49.554+0000] {logging_mixin.py:150} INFO - [2023-09-28T23:47:49.554+0000] {dagbag.py:541} INFO - Filling up the DagBag from /opt/airflow/dags/xcom_dag.py
[2023-09-28T23:47:49.563+0000] {processor.py:836} INFO - DAG(s) dict_keys(['xcom_dag']) retrieved from /opt/airflow/dags/xcom_dag.py
[2023-09-28T23:47:49.589+0000] {logging_mixin.py:150} INFO - [2023-09-28T23:47:49.589+0000] {dag.py:2742} INFO - Sync 1 DAGs
[2023-09-28T23:47:49.612+0000] {logging_mixin.py:150} INFO - [2023-09-28T23:47:49.612+0000] {dag.py:3504} INFO - Setting next_dagrun for xcom_dag to 2023-09-27T00:00:00+00:00, run_after=2023-09-28T00:00:00+00:00
[2023-09-28T23:47:49.639+0000] {processor.py:179} INFO - Processing /opt/airflow/dags/xcom_dag.py took 0.090 seconds
[2023-09-28T23:48:19.678+0000] {processor.py:157} INFO - Started process (PID=8068) to work on /opt/airflow/dags/xcom_dag.py
[2023-09-28T23:48:19.679+0000] {processor.py:826} INFO - Processing file /opt/airflow/dags/xcom_dag.py for tasks to queue
[2023-09-28T23:48:19.680+0000] {logging_mixin.py:150} INFO - [2023-09-28T23:48:19.680+0000] {dagbag.py:541} INFO - Filling up the DagBag from /opt/airflow/dags/xcom_dag.py
[2023-09-28T23:48:19.695+0000] {processor.py:836} INFO - DAG(s) dict_keys(['xcom_dag']) retrieved from /opt/airflow/dags/xcom_dag.py
[2023-09-28T23:48:19.731+0000] {logging_mixin.py:150} INFO - [2023-09-28T23:48:19.731+0000] {dag.py:2742} INFO - Sync 1 DAGs
[2023-09-28T23:48:19.767+0000] {logging_mixin.py:150} INFO - [2023-09-28T23:48:19.766+0000] {dag.py:3504} INFO - Setting next_dagrun for xcom_dag to 2023-09-27T00:00:00+00:00, run_after=2023-09-28T00:00:00+00:00
[2023-09-28T23:48:19.796+0000] {processor.py:179} INFO - Processing /opt/airflow/dags/xcom_dag.py took 0.121 seconds
[2023-09-28T23:48:49.974+0000] {processor.py:157} INFO - Started process (PID=8095) to work on /opt/airflow/dags/xcom_dag.py
[2023-09-28T23:48:49.976+0000] {processor.py:826} INFO - Processing file /opt/airflow/dags/xcom_dag.py for tasks to queue
[2023-09-28T23:48:49.977+0000] {logging_mixin.py:150} INFO - [2023-09-28T23:48:49.976+0000] {dagbag.py:541} INFO - Filling up the DagBag from /opt/airflow/dags/xcom_dag.py
[2023-09-28T23:48:49.990+0000] {processor.py:836} INFO - DAG(s) dict_keys(['xcom_dag']) retrieved from /opt/airflow/dags/xcom_dag.py
[2023-09-28T23:48:50.025+0000] {logging_mixin.py:150} INFO - [2023-09-28T23:48:50.025+0000] {dag.py:2742} INFO - Sync 1 DAGs
[2023-09-28T23:48:50.057+0000] {logging_mixin.py:150} INFO - [2023-09-28T23:48:50.055+0000] {dag.py:3504} INFO - Setting next_dagrun for xcom_dag to 2023-09-27T00:00:00+00:00, run_after=2023-09-28T00:00:00+00:00
[2023-09-28T23:48:50.082+0000] {processor.py:179} INFO - Processing /opt/airflow/dags/xcom_dag.py took 0.116 seconds
[2023-09-28T23:49:20.542+0000] {processor.py:157} INFO - Started process (PID=8113) to work on /opt/airflow/dags/xcom_dag.py
[2023-09-28T23:49:20.543+0000] {processor.py:826} INFO - Processing file /opt/airflow/dags/xcom_dag.py for tasks to queue
[2023-09-28T23:49:20.544+0000] {logging_mixin.py:150} INFO - [2023-09-28T23:49:20.544+0000] {dagbag.py:541} INFO - Filling up the DagBag from /opt/airflow/dags/xcom_dag.py
[2023-09-28T23:49:20.553+0000] {processor.py:836} INFO - DAG(s) dict_keys(['xcom_dag']) retrieved from /opt/airflow/dags/xcom_dag.py
[2023-09-28T23:49:20.581+0000] {logging_mixin.py:150} INFO - [2023-09-28T23:49:20.580+0000] {dag.py:2742} INFO - Sync 1 DAGs
[2023-09-28T23:49:20.609+0000] {logging_mixin.py:150} INFO - [2023-09-28T23:49:20.609+0000] {dag.py:3504} INFO - Setting next_dagrun for xcom_dag to 2023-09-27T00:00:00+00:00, run_after=2023-09-28T00:00:00+00:00
[2023-09-28T23:49:20.637+0000] {processor.py:179} INFO - Processing /opt/airflow/dags/xcom_dag.py took 0.099 seconds
[2023-09-28T23:49:50.724+0000] {processor.py:157} INFO - Started process (PID=8140) to work on /opt/airflow/dags/xcom_dag.py
[2023-09-28T23:49:50.726+0000] {processor.py:826} INFO - Processing file /opt/airflow/dags/xcom_dag.py for tasks to queue
[2023-09-28T23:49:50.727+0000] {logging_mixin.py:150} INFO - [2023-09-28T23:49:50.727+0000] {dagbag.py:541} INFO - Filling up the DagBag from /opt/airflow/dags/xcom_dag.py
[2023-09-28T23:49:50.736+0000] {processor.py:836} INFO - DAG(s) dict_keys(['xcom_dag']) retrieved from /opt/airflow/dags/xcom_dag.py
[2023-09-28T23:49:50.759+0000] {logging_mixin.py:150} INFO - [2023-09-28T23:49:50.759+0000] {dag.py:2742} INFO - Sync 1 DAGs
[2023-09-28T23:49:50.782+0000] {logging_mixin.py:150} INFO - [2023-09-28T23:49:50.782+0000] {dag.py:3504} INFO - Setting next_dagrun for xcom_dag to 2023-09-27T00:00:00+00:00, run_after=2023-09-28T00:00:00+00:00
[2023-09-28T23:49:50.802+0000] {processor.py:179} INFO - Processing /opt/airflow/dags/xcom_dag.py took 0.081 seconds
[2023-09-28T23:50:20.838+0000] {processor.py:157} INFO - Started process (PID=8167) to work on /opt/airflow/dags/xcom_dag.py
[2023-09-28T23:50:20.839+0000] {processor.py:826} INFO - Processing file /opt/airflow/dags/xcom_dag.py for tasks to queue
[2023-09-28T23:50:20.841+0000] {logging_mixin.py:150} INFO - [2023-09-28T23:50:20.840+0000] {dagbag.py:541} INFO - Filling up the DagBag from /opt/airflow/dags/xcom_dag.py
[2023-09-28T23:50:20.852+0000] {processor.py:836} INFO - DAG(s) dict_keys(['xcom_dag']) retrieved from /opt/airflow/dags/xcom_dag.py
[2023-09-28T23:50:20.878+0000] {logging_mixin.py:150} INFO - [2023-09-28T23:50:20.878+0000] {dag.py:2742} INFO - Sync 1 DAGs
[2023-09-28T23:50:20.900+0000] {logging_mixin.py:150} INFO - [2023-09-28T23:50:20.900+0000] {dag.py:3504} INFO - Setting next_dagrun for xcom_dag to 2023-09-27T00:00:00+00:00, run_after=2023-09-28T00:00:00+00:00
[2023-09-28T23:50:20.926+0000] {processor.py:179} INFO - Processing /opt/airflow/dags/xcom_dag.py took 0.092 seconds
[2023-09-28T23:50:51.022+0000] {processor.py:157} INFO - Started process (PID=8194) to work on /opt/airflow/dags/xcom_dag.py
[2023-09-28T23:50:51.024+0000] {processor.py:826} INFO - Processing file /opt/airflow/dags/xcom_dag.py for tasks to queue
[2023-09-28T23:50:51.025+0000] {logging_mixin.py:150} INFO - [2023-09-28T23:50:51.025+0000] {dagbag.py:541} INFO - Filling up the DagBag from /opt/airflow/dags/xcom_dag.py
[2023-09-28T23:50:51.034+0000] {processor.py:836} INFO - DAG(s) dict_keys(['xcom_dag']) retrieved from /opt/airflow/dags/xcom_dag.py
[2023-09-28T23:50:51.057+0000] {logging_mixin.py:150} INFO - [2023-09-28T23:50:51.057+0000] {dag.py:2742} INFO - Sync 1 DAGs
[2023-09-28T23:50:51.081+0000] {logging_mixin.py:150} INFO - [2023-09-28T23:50:51.081+0000] {dag.py:3504} INFO - Setting next_dagrun for xcom_dag to 2023-09-27T00:00:00+00:00, run_after=2023-09-28T00:00:00+00:00
[2023-09-28T23:50:51.101+0000] {processor.py:179} INFO - Processing /opt/airflow/dags/xcom_dag.py took 0.082 seconds
[2023-09-28T23:51:21.220+0000] {processor.py:157} INFO - Started process (PID=8221) to work on /opt/airflow/dags/xcom_dag.py
[2023-09-28T23:51:21.221+0000] {processor.py:826} INFO - Processing file /opt/airflow/dags/xcom_dag.py for tasks to queue
[2023-09-28T23:51:21.222+0000] {logging_mixin.py:150} INFO - [2023-09-28T23:51:21.222+0000] {dagbag.py:541} INFO - Filling up the DagBag from /opt/airflow/dags/xcom_dag.py
[2023-09-28T23:51:21.230+0000] {processor.py:836} INFO - DAG(s) dict_keys(['xcom_dag']) retrieved from /opt/airflow/dags/xcom_dag.py
[2023-09-28T23:51:21.257+0000] {logging_mixin.py:150} INFO - [2023-09-28T23:51:21.256+0000] {dag.py:2742} INFO - Sync 1 DAGs
[2023-09-28T23:51:21.280+0000] {logging_mixin.py:150} INFO - [2023-09-28T23:51:21.280+0000] {dag.py:3504} INFO - Setting next_dagrun for xcom_dag to 2023-09-27T00:00:00+00:00, run_after=2023-09-28T00:00:00+00:00
[2023-09-28T23:51:21.303+0000] {processor.py:179} INFO - Processing /opt/airflow/dags/xcom_dag.py took 0.086 seconds
[2023-09-28T23:51:51.465+0000] {processor.py:157} INFO - Started process (PID=8248) to work on /opt/airflow/dags/xcom_dag.py
[2023-09-28T23:51:51.466+0000] {processor.py:826} INFO - Processing file /opt/airflow/dags/xcom_dag.py for tasks to queue
[2023-09-28T23:51:51.467+0000] {logging_mixin.py:150} INFO - [2023-09-28T23:51:51.467+0000] {dagbag.py:541} INFO - Filling up the DagBag from /opt/airflow/dags/xcom_dag.py
[2023-09-28T23:51:51.476+0000] {processor.py:836} INFO - DAG(s) dict_keys(['xcom_dag']) retrieved from /opt/airflow/dags/xcom_dag.py
[2023-09-28T23:51:51.498+0000] {logging_mixin.py:150} INFO - [2023-09-28T23:51:51.498+0000] {dag.py:2742} INFO - Sync 1 DAGs
[2023-09-28T23:51:51.520+0000] {logging_mixin.py:150} INFO - [2023-09-28T23:51:51.519+0000] {dag.py:3504} INFO - Setting next_dagrun for xcom_dag to 2023-09-27T00:00:00+00:00, run_after=2023-09-28T00:00:00+00:00
[2023-09-28T23:51:51.538+0000] {processor.py:179} INFO - Processing /opt/airflow/dags/xcom_dag.py took 0.076 seconds
[2023-09-28T23:52:21.621+0000] {processor.py:157} INFO - Started process (PID=8276) to work on /opt/airflow/dags/xcom_dag.py
[2023-09-28T23:52:21.625+0000] {processor.py:826} INFO - Processing file /opt/airflow/dags/xcom_dag.py for tasks to queue
[2023-09-28T23:52:21.626+0000] {logging_mixin.py:150} INFO - [2023-09-28T23:52:21.626+0000] {dagbag.py:541} INFO - Filling up the DagBag from /opt/airflow/dags/xcom_dag.py
[2023-09-28T23:52:21.636+0000] {processor.py:836} INFO - DAG(s) dict_keys(['xcom_dag']) retrieved from /opt/airflow/dags/xcom_dag.py
[2023-09-28T23:52:21.661+0000] {logging_mixin.py:150} INFO - [2023-09-28T23:52:21.661+0000] {dag.py:2742} INFO - Sync 1 DAGs
[2023-09-28T23:52:21.693+0000] {logging_mixin.py:150} INFO - [2023-09-28T23:52:21.692+0000] {dag.py:3504} INFO - Setting next_dagrun for xcom_dag to 2023-09-27T00:00:00+00:00, run_after=2023-09-28T00:00:00+00:00
[2023-09-28T23:52:21.714+0000] {processor.py:179} INFO - Processing /opt/airflow/dags/xcom_dag.py took 0.098 seconds
[2023-09-28T23:52:51.957+0000] {processor.py:157} INFO - Started process (PID=8303) to work on /opt/airflow/dags/xcom_dag.py
[2023-09-28T23:52:51.958+0000] {processor.py:826} INFO - Processing file /opt/airflow/dags/xcom_dag.py for tasks to queue
[2023-09-28T23:52:51.959+0000] {logging_mixin.py:150} INFO - [2023-09-28T23:52:51.959+0000] {dagbag.py:541} INFO - Filling up the DagBag from /opt/airflow/dags/xcom_dag.py
[2023-09-28T23:52:51.968+0000] {processor.py:836} INFO - DAG(s) dict_keys(['xcom_dag']) retrieved from /opt/airflow/dags/xcom_dag.py
[2023-09-28T23:52:51.996+0000] {logging_mixin.py:150} INFO - [2023-09-28T23:52:51.996+0000] {dag.py:2742} INFO - Sync 1 DAGs
[2023-09-28T23:52:52.022+0000] {logging_mixin.py:150} INFO - [2023-09-28T23:52:52.022+0000] {dag.py:3504} INFO - Setting next_dagrun for xcom_dag to 2023-09-27T00:00:00+00:00, run_after=2023-09-28T00:00:00+00:00
[2023-09-28T23:52:52.045+0000] {processor.py:179} INFO - Processing /opt/airflow/dags/xcom_dag.py took 0.091 seconds
[2023-09-28T23:53:22.135+0000] {processor.py:157} INFO - Started process (PID=8330) to work on /opt/airflow/dags/xcom_dag.py
[2023-09-28T23:53:22.139+0000] {processor.py:826} INFO - Processing file /opt/airflow/dags/xcom_dag.py for tasks to queue
[2023-09-28T23:53:22.140+0000] {logging_mixin.py:150} INFO - [2023-09-28T23:53:22.140+0000] {dagbag.py:541} INFO - Filling up the DagBag from /opt/airflow/dags/xcom_dag.py
[2023-09-28T23:53:22.148+0000] {processor.py:836} INFO - DAG(s) dict_keys(['xcom_dag']) retrieved from /opt/airflow/dags/xcom_dag.py
[2023-09-28T23:53:22.173+0000] {logging_mixin.py:150} INFO - [2023-09-28T23:53:22.172+0000] {dag.py:2742} INFO - Sync 1 DAGs
[2023-09-28T23:53:22.195+0000] {logging_mixin.py:150} INFO - [2023-09-28T23:53:22.195+0000] {dag.py:3504} INFO - Setting next_dagrun for xcom_dag to 2023-09-27T00:00:00+00:00, run_after=2023-09-28T00:00:00+00:00
[2023-09-28T23:53:22.216+0000] {processor.py:179} INFO - Processing /opt/airflow/dags/xcom_dag.py took 0.085 seconds
[2023-09-28T23:53:52.392+0000] {processor.py:157} INFO - Started process (PID=8357) to work on /opt/airflow/dags/xcom_dag.py
[2023-09-28T23:53:52.393+0000] {processor.py:826} INFO - Processing file /opt/airflow/dags/xcom_dag.py for tasks to queue
[2023-09-28T23:53:52.394+0000] {logging_mixin.py:150} INFO - [2023-09-28T23:53:52.394+0000] {dagbag.py:541} INFO - Filling up the DagBag from /opt/airflow/dags/xcom_dag.py
[2023-09-28T23:53:52.403+0000] {processor.py:836} INFO - DAG(s) dict_keys(['xcom_dag']) retrieved from /opt/airflow/dags/xcom_dag.py
[2023-09-28T23:53:52.427+0000] {logging_mixin.py:150} INFO - [2023-09-28T23:53:52.427+0000] {dag.py:2742} INFO - Sync 1 DAGs
[2023-09-28T23:53:52.449+0000] {logging_mixin.py:150} INFO - [2023-09-28T23:53:52.449+0000] {dag.py:3504} INFO - Setting next_dagrun for xcom_dag to 2023-09-27T00:00:00+00:00, run_after=2023-09-28T00:00:00+00:00
[2023-09-28T23:53:52.469+0000] {processor.py:179} INFO - Processing /opt/airflow/dags/xcom_dag.py took 0.080 seconds
[2023-09-28T23:54:22.694+0000] {processor.py:157} INFO - Started process (PID=8385) to work on /opt/airflow/dags/xcom_dag.py
[2023-09-28T23:54:22.696+0000] {processor.py:826} INFO - Processing file /opt/airflow/dags/xcom_dag.py for tasks to queue
[2023-09-28T23:54:22.697+0000] {logging_mixin.py:150} INFO - [2023-09-28T23:54:22.696+0000] {dagbag.py:541} INFO - Filling up the DagBag from /opt/airflow/dags/xcom_dag.py
[2023-09-28T23:54:22.714+0000] {processor.py:836} INFO - DAG(s) dict_keys(['xcom_dag']) retrieved from /opt/airflow/dags/xcom_dag.py
[2023-09-28T23:54:22.748+0000] {logging_mixin.py:150} INFO - [2023-09-28T23:54:22.748+0000] {dag.py:2742} INFO - Sync 1 DAGs
[2023-09-28T23:54:22.782+0000] {logging_mixin.py:150} INFO - [2023-09-28T23:54:22.782+0000] {dag.py:3504} INFO - Setting next_dagrun for xcom_dag to 2023-09-27T00:00:00+00:00, run_after=2023-09-28T00:00:00+00:00
[2023-09-28T23:54:22.813+0000] {processor.py:179} INFO - Processing /opt/airflow/dags/xcom_dag.py took 0.127 seconds
[2023-09-28T23:54:52.930+0000] {processor.py:157} INFO - Started process (PID=8412) to work on /opt/airflow/dags/xcom_dag.py
[2023-09-28T23:54:52.931+0000] {processor.py:826} INFO - Processing file /opt/airflow/dags/xcom_dag.py for tasks to queue
[2023-09-28T23:54:52.932+0000] {logging_mixin.py:150} INFO - [2023-09-28T23:54:52.932+0000] {dagbag.py:541} INFO - Filling up the DagBag from /opt/airflow/dags/xcom_dag.py
[2023-09-28T23:54:52.944+0000] {processor.py:836} INFO - DAG(s) dict_keys(['xcom_dag']) retrieved from /opt/airflow/dags/xcom_dag.py
[2023-09-28T23:54:52.975+0000] {logging_mixin.py:150} INFO - [2023-09-28T23:54:52.973+0000] {dag.py:2742} INFO - Sync 1 DAGs
[2023-09-28T23:54:53.002+0000] {logging_mixin.py:150} INFO - [2023-09-28T23:54:53.002+0000] {dag.py:3504} INFO - Setting next_dagrun for xcom_dag to 2023-09-27T00:00:00+00:00, run_after=2023-09-28T00:00:00+00:00
[2023-09-28T23:54:53.034+0000] {processor.py:179} INFO - Processing /opt/airflow/dags/xcom_dag.py took 0.108 seconds
[2023-09-28T23:55:23.139+0000] {processor.py:157} INFO - Started process (PID=8439) to work on /opt/airflow/dags/xcom_dag.py
[2023-09-28T23:55:23.146+0000] {processor.py:826} INFO - Processing file /opt/airflow/dags/xcom_dag.py for tasks to queue
[2023-09-28T23:55:23.147+0000] {logging_mixin.py:150} INFO - [2023-09-28T23:55:23.146+0000] {dagbag.py:541} INFO - Filling up the DagBag from /opt/airflow/dags/xcom_dag.py
[2023-09-28T23:55:23.156+0000] {processor.py:836} INFO - DAG(s) dict_keys(['xcom_dag']) retrieved from /opt/airflow/dags/xcom_dag.py
[2023-09-28T23:55:23.190+0000] {logging_mixin.py:150} INFO - [2023-09-28T23:55:23.189+0000] {dag.py:2742} INFO - Sync 1 DAGs
[2023-09-28T23:55:23.221+0000] {logging_mixin.py:150} INFO - [2023-09-28T23:55:23.221+0000] {dag.py:3504} INFO - Setting next_dagrun for xcom_dag to 2023-09-27T00:00:00+00:00, run_after=2023-09-28T00:00:00+00:00
[2023-09-28T23:55:23.251+0000] {processor.py:179} INFO - Processing /opt/airflow/dags/xcom_dag.py took 0.115 seconds
[2023-09-28T23:55:53.353+0000] {processor.py:157} INFO - Started process (PID=8466) to work on /opt/airflow/dags/xcom_dag.py
[2023-09-28T23:55:53.354+0000] {processor.py:826} INFO - Processing file /opt/airflow/dags/xcom_dag.py for tasks to queue
[2023-09-28T23:55:53.354+0000] {logging_mixin.py:150} INFO - [2023-09-28T23:55:53.354+0000] {dagbag.py:541} INFO - Filling up the DagBag from /opt/airflow/dags/xcom_dag.py
[2023-09-28T23:55:53.363+0000] {processor.py:836} INFO - DAG(s) dict_keys(['xcom_dag']) retrieved from /opt/airflow/dags/xcom_dag.py
[2023-09-28T23:55:53.389+0000] {logging_mixin.py:150} INFO - [2023-09-28T23:55:53.389+0000] {dag.py:2742} INFO - Sync 1 DAGs
[2023-09-28T23:55:53.412+0000] {logging_mixin.py:150} INFO - [2023-09-28T23:55:53.412+0000] {dag.py:3504} INFO - Setting next_dagrun for xcom_dag to 2023-09-27T00:00:00+00:00, run_after=2023-09-28T00:00:00+00:00
[2023-09-28T23:55:53.434+0000] {processor.py:179} INFO - Processing /opt/airflow/dags/xcom_dag.py took 0.085 seconds
[2023-09-28T23:56:23.705+0000] {processor.py:157} INFO - Started process (PID=8493) to work on /opt/airflow/dags/xcom_dag.py
[2023-09-28T23:56:23.707+0000] {processor.py:826} INFO - Processing file /opt/airflow/dags/xcom_dag.py for tasks to queue
[2023-09-28T23:56:23.708+0000] {logging_mixin.py:150} INFO - [2023-09-28T23:56:23.708+0000] {dagbag.py:541} INFO - Filling up the DagBag from /opt/airflow/dags/xcom_dag.py
[2023-09-28T23:56:23.716+0000] {processor.py:836} INFO - DAG(s) dict_keys(['xcom_dag']) retrieved from /opt/airflow/dags/xcom_dag.py
[2023-09-28T23:56:23.741+0000] {logging_mixin.py:150} INFO - [2023-09-28T23:56:23.741+0000] {dag.py:2742} INFO - Sync 1 DAGs
[2023-09-28T23:56:23.763+0000] {logging_mixin.py:150} INFO - [2023-09-28T23:56:23.763+0000] {dag.py:3504} INFO - Setting next_dagrun for xcom_dag to 2023-09-27T00:00:00+00:00, run_after=2023-09-28T00:00:00+00:00
[2023-09-28T23:56:23.783+0000] {processor.py:179} INFO - Processing /opt/airflow/dags/xcom_dag.py took 0.082 seconds
[2023-09-28T23:56:54.063+0000] {processor.py:157} INFO - Started process (PID=8520) to work on /opt/airflow/dags/xcom_dag.py
[2023-09-28T23:56:54.064+0000] {processor.py:826} INFO - Processing file /opt/airflow/dags/xcom_dag.py for tasks to queue
[2023-09-28T23:56:54.065+0000] {logging_mixin.py:150} INFO - [2023-09-28T23:56:54.065+0000] {dagbag.py:541} INFO - Filling up the DagBag from /opt/airflow/dags/xcom_dag.py
[2023-09-28T23:56:54.074+0000] {processor.py:836} INFO - DAG(s) dict_keys(['xcom_dag']) retrieved from /opt/airflow/dags/xcom_dag.py
[2023-09-28T23:56:54.098+0000] {logging_mixin.py:150} INFO - [2023-09-28T23:56:54.098+0000] {dag.py:2742} INFO - Sync 1 DAGs
[2023-09-28T23:56:54.123+0000] {logging_mixin.py:150} INFO - [2023-09-28T23:56:54.123+0000] {dag.py:3504} INFO - Setting next_dagrun for xcom_dag to 2023-09-27T00:00:00+00:00, run_after=2023-09-28T00:00:00+00:00
[2023-09-28T23:56:54.142+0000] {processor.py:179} INFO - Processing /opt/airflow/dags/xcom_dag.py took 0.083 seconds
[2023-09-28T23:57:24.309+0000] {processor.py:157} INFO - Started process (PID=8547) to work on /opt/airflow/dags/xcom_dag.py
[2023-09-28T23:57:24.314+0000] {processor.py:826} INFO - Processing file /opt/airflow/dags/xcom_dag.py for tasks to queue
[2023-09-28T23:57:24.315+0000] {logging_mixin.py:150} INFO - [2023-09-28T23:57:24.314+0000] {dagbag.py:541} INFO - Filling up the DagBag from /opt/airflow/dags/xcom_dag.py
[2023-09-28T23:57:24.323+0000] {processor.py:836} INFO - DAG(s) dict_keys(['xcom_dag']) retrieved from /opt/airflow/dags/xcom_dag.py
[2023-09-28T23:57:24.348+0000] {logging_mixin.py:150} INFO - [2023-09-28T23:57:24.348+0000] {dag.py:2742} INFO - Sync 1 DAGs
[2023-09-28T23:57:24.370+0000] {logging_mixin.py:150} INFO - [2023-09-28T23:57:24.370+0000] {dag.py:3504} INFO - Setting next_dagrun for xcom_dag to 2023-09-27T00:00:00+00:00, run_after=2023-09-28T00:00:00+00:00
[2023-09-28T23:57:24.392+0000] {processor.py:179} INFO - Processing /opt/airflow/dags/xcom_dag.py took 0.086 seconds
[2023-09-28T23:57:54.485+0000] {processor.py:157} INFO - Started process (PID=8574) to work on /opt/airflow/dags/xcom_dag.py
[2023-09-28T23:57:54.489+0000] {processor.py:826} INFO - Processing file /opt/airflow/dags/xcom_dag.py for tasks to queue
[2023-09-28T23:57:54.490+0000] {logging_mixin.py:150} INFO - [2023-09-28T23:57:54.490+0000] {dagbag.py:541} INFO - Filling up the DagBag from /opt/airflow/dags/xcom_dag.py
[2023-09-28T23:57:54.498+0000] {processor.py:836} INFO - DAG(s) dict_keys(['xcom_dag']) retrieved from /opt/airflow/dags/xcom_dag.py
[2023-09-28T23:57:54.522+0000] {logging_mixin.py:150} INFO - [2023-09-28T23:57:54.522+0000] {dag.py:2742} INFO - Sync 1 DAGs
[2023-09-28T23:57:54.544+0000] {logging_mixin.py:150} INFO - [2023-09-28T23:57:54.544+0000] {dag.py:3504} INFO - Setting next_dagrun for xcom_dag to 2023-09-27T00:00:00+00:00, run_after=2023-09-28T00:00:00+00:00
[2023-09-28T23:57:54.565+0000] {processor.py:179} INFO - Processing /opt/airflow/dags/xcom_dag.py took 0.083 seconds
[2023-09-28T23:58:24.618+0000] {processor.py:157} INFO - Started process (PID=8602) to work on /opt/airflow/dags/xcom_dag.py
[2023-09-28T23:58:24.623+0000] {processor.py:826} INFO - Processing file /opt/airflow/dags/xcom_dag.py for tasks to queue
[2023-09-28T23:58:24.624+0000] {logging_mixin.py:150} INFO - [2023-09-28T23:58:24.624+0000] {dagbag.py:541} INFO - Filling up the DagBag from /opt/airflow/dags/xcom_dag.py
[2023-09-28T23:58:24.632+0000] {processor.py:836} INFO - DAG(s) dict_keys(['xcom_dag']) retrieved from /opt/airflow/dags/xcom_dag.py
[2023-09-28T23:58:24.658+0000] {logging_mixin.py:150} INFO - [2023-09-28T23:58:24.658+0000] {dag.py:2742} INFO - Sync 1 DAGs
[2023-09-28T23:58:24.680+0000] {logging_mixin.py:150} INFO - [2023-09-28T23:58:24.680+0000] {dag.py:3504} INFO - Setting next_dagrun for xcom_dag to 2023-09-27T00:00:00+00:00, run_after=2023-09-28T00:00:00+00:00
[2023-09-28T23:58:24.702+0000] {processor.py:179} INFO - Processing /opt/airflow/dags/xcom_dag.py took 0.087 seconds
[2023-09-28T23:58:54.941+0000] {processor.py:157} INFO - Started process (PID=8630) to work on /opt/airflow/dags/xcom_dag.py
[2023-09-28T23:58:54.946+0000] {processor.py:826} INFO - Processing file /opt/airflow/dags/xcom_dag.py for tasks to queue
[2023-09-28T23:58:54.947+0000] {logging_mixin.py:150} INFO - [2023-09-28T23:58:54.947+0000] {dagbag.py:541} INFO - Filling up the DagBag from /opt/airflow/dags/xcom_dag.py
[2023-09-28T23:58:54.957+0000] {processor.py:836} INFO - DAG(s) dict_keys(['xcom_dag']) retrieved from /opt/airflow/dags/xcom_dag.py
[2023-09-28T23:58:54.982+0000] {logging_mixin.py:150} INFO - [2023-09-28T23:58:54.982+0000] {dag.py:2742} INFO - Sync 1 DAGs
[2023-09-28T23:58:55.008+0000] {logging_mixin.py:150} INFO - [2023-09-28T23:58:55.007+0000] {dag.py:3504} INFO - Setting next_dagrun for xcom_dag to 2023-09-27T00:00:00+00:00, run_after=2023-09-28T00:00:00+00:00
[2023-09-28T23:58:55.032+0000] {processor.py:179} INFO - Processing /opt/airflow/dags/xcom_dag.py took 0.094 seconds
[2023-09-28T23:59:25.159+0000] {processor.py:157} INFO - Started process (PID=8657) to work on /opt/airflow/dags/xcom_dag.py
[2023-09-28T23:59:25.159+0000] {processor.py:826} INFO - Processing file /opt/airflow/dags/xcom_dag.py for tasks to queue
[2023-09-28T23:59:25.160+0000] {logging_mixin.py:150} INFO - [2023-09-28T23:59:25.160+0000] {dagbag.py:541} INFO - Filling up the DagBag from /opt/airflow/dags/xcom_dag.py
[2023-09-28T23:59:25.169+0000] {processor.py:836} INFO - DAG(s) dict_keys(['xcom_dag']) retrieved from /opt/airflow/dags/xcom_dag.py
[2023-09-28T23:59:25.193+0000] {logging_mixin.py:150} INFO - [2023-09-28T23:59:25.193+0000] {dag.py:2742} INFO - Sync 1 DAGs
[2023-09-28T23:59:25.215+0000] {logging_mixin.py:150} INFO - [2023-09-28T23:59:25.215+0000] {dag.py:3504} INFO - Setting next_dagrun for xcom_dag to 2023-09-27T00:00:00+00:00, run_after=2023-09-28T00:00:00+00:00
[2023-09-28T23:59:25.234+0000] {processor.py:179} INFO - Processing /opt/airflow/dags/xcom_dag.py took 0.079 seconds
[2023-09-28T23:59:55.810+0000] {processor.py:157} INFO - Started process (PID=8684) to work on /opt/airflow/dags/xcom_dag.py
[2023-09-28T23:59:55.812+0000] {processor.py:826} INFO - Processing file /opt/airflow/dags/xcom_dag.py for tasks to queue
[2023-09-28T23:59:55.813+0000] {logging_mixin.py:150} INFO - [2023-09-28T23:59:55.813+0000] {dagbag.py:541} INFO - Filling up the DagBag from /opt/airflow/dags/xcom_dag.py
[2023-09-28T23:59:55.823+0000] {processor.py:836} INFO - DAG(s) dict_keys(['xcom_dag']) retrieved from /opt/airflow/dags/xcom_dag.py
[2023-09-28T23:59:55.863+0000] {logging_mixin.py:150} INFO - [2023-09-28T23:59:55.862+0000] {dag.py:2742} INFO - Sync 1 DAGs
[2023-09-28T23:59:55.897+0000] {logging_mixin.py:150} INFO - [2023-09-28T23:59:55.897+0000] {dag.py:3504} INFO - Setting next_dagrun for xcom_dag to 2023-09-27T00:00:00+00:00, run_after=2023-09-28T00:00:00+00:00
[2023-09-28T23:59:55.929+0000] {processor.py:179} INFO - Processing /opt/airflow/dags/xcom_dag.py took 0.125 seconds
