[2023-10-01T13:21:45.947+0000] {processor.py:157} INFO - Started process (PID=9217) to work on /opt/airflow/dags/consumer.py
[2023-10-01T13:21:46.070+0000] {processor.py:826} INFO - Processing file /opt/airflow/dags/consumer.py for tasks to queue
[2023-10-01T13:21:46.072+0000] {logging_mixin.py:150} INFO - [2023-10-01T13:21:46.072+0000] {dagbag.py:541} INFO - Filling up the DagBag from /opt/airflow/dags/consumer.py
[2023-10-01T13:21:46.473+0000] {processor.py:836} INFO - DAG(s) dict_keys(['consumer']) retrieved from /opt/airflow/dags/consumer.py
[2023-10-01T13:22:16.632+0000] {processor.py:157} INFO - Started process (PID=9256) to work on /opt/airflow/dags/consumer.py
[2023-10-01T13:22:16.633+0000] {processor.py:826} INFO - Processing file /opt/airflow/dags/consumer.py for tasks to queue
[2023-10-01T13:22:16.634+0000] {logging_mixin.py:150} INFO - [2023-10-01T13:22:16.634+0000] {dagbag.py:541} INFO - Filling up the DagBag from /opt/airflow/dags/consumer.py
[2023-10-01T13:22:16.640+0000] {processor.py:836} INFO - DAG(s) dict_keys(['consumer']) retrieved from /opt/airflow/dags/consumer.py
[2023-10-01T13:22:16.673+0000] {logging_mixin.py:150} INFO - [2023-10-01T13:22:16.673+0000] {dag.py:2742} INFO - Sync 1 DAGs
[2023-10-01T13:22:16.714+0000] {logging_mixin.py:150} INFO - [2023-10-01T13:22:16.714+0000] {dag.py:3504} INFO - Setting next_dagrun for consumer to None, run_after=None
[2023-10-01T13:22:16.761+0000] {processor.py:179} INFO - Processing /opt/airflow/dags/consumer.py took 0.133 seconds
[2023-10-01T13:22:47.737+0000] {processor.py:157} INFO - Started process (PID=9297) to work on /opt/airflow/dags/consumer.py
[2023-10-01T13:22:47.739+0000] {processor.py:826} INFO - Processing file /opt/airflow/dags/consumer.py for tasks to queue
[2023-10-01T13:22:47.740+0000] {logging_mixin.py:150} INFO - [2023-10-01T13:22:47.739+0000] {dagbag.py:541} INFO - Filling up the DagBag from /opt/airflow/dags/consumer.py
[2023-10-01T13:22:47.747+0000] {processor.py:836} INFO - DAG(s) dict_keys(['consumer']) retrieved from /opt/airflow/dags/consumer.py
[2023-10-01T13:22:47.779+0000] {logging_mixin.py:150} INFO - [2023-10-01T13:22:47.779+0000] {dag.py:2742} INFO - Sync 1 DAGs
[2023-10-01T13:22:47.811+0000] {logging_mixin.py:150} INFO - [2023-10-01T13:22:47.811+0000] {dag.py:3504} INFO - Setting next_dagrun for consumer to None, run_after=None
[2023-10-01T13:22:47.840+0000] {processor.py:179} INFO - Processing /opt/airflow/dags/consumer.py took 0.108 seconds
[2023-10-01T13:23:17.898+0000] {processor.py:157} INFO - Started process (PID=9329) to work on /opt/airflow/dags/consumer.py
[2023-10-01T13:23:17.900+0000] {processor.py:826} INFO - Processing file /opt/airflow/dags/consumer.py for tasks to queue
[2023-10-01T13:23:17.902+0000] {logging_mixin.py:150} INFO - [2023-10-01T13:23:17.901+0000] {dagbag.py:541} INFO - Filling up the DagBag from /opt/airflow/dags/consumer.py
[2023-10-01T13:23:17.909+0000] {processor.py:836} INFO - DAG(s) dict_keys(['consumer']) retrieved from /opt/airflow/dags/consumer.py
[2023-10-01T13:23:17.945+0000] {logging_mixin.py:150} INFO - [2023-10-01T13:23:17.944+0000] {dag.py:2742} INFO - Sync 1 DAGs
[2023-10-01T13:23:17.977+0000] {logging_mixin.py:150} INFO - [2023-10-01T13:23:17.977+0000] {dag.py:3504} INFO - Setting next_dagrun for consumer to None, run_after=None
[2023-10-01T13:23:18.021+0000] {processor.py:179} INFO - Processing /opt/airflow/dags/consumer.py took 0.126 seconds
[2023-10-01T13:23:48.081+0000] {processor.py:157} INFO - Started process (PID=9356) to work on /opt/airflow/dags/consumer.py
[2023-10-01T13:23:48.082+0000] {processor.py:826} INFO - Processing file /opt/airflow/dags/consumer.py for tasks to queue
[2023-10-01T13:23:48.082+0000] {logging_mixin.py:150} INFO - [2023-10-01T13:23:48.082+0000] {dagbag.py:541} INFO - Filling up the DagBag from /opt/airflow/dags/consumer.py
[2023-10-01T13:23:48.087+0000] {processor.py:836} INFO - DAG(s) dict_keys(['consumer']) retrieved from /opt/airflow/dags/consumer.py
[2023-10-01T13:23:48.117+0000] {logging_mixin.py:150} INFO - [2023-10-01T13:23:48.116+0000] {dag.py:2742} INFO - Sync 1 DAGs
[2023-10-01T13:23:48.140+0000] {logging_mixin.py:150} INFO - [2023-10-01T13:23:48.140+0000] {dag.py:3504} INFO - Setting next_dagrun for consumer to None, run_after=None
[2023-10-01T13:23:48.172+0000] {processor.py:179} INFO - Processing /opt/airflow/dags/consumer.py took 0.093 seconds
[2023-10-01T13:24:18.303+0000] {processor.py:157} INFO - Started process (PID=9383) to work on /opt/airflow/dags/consumer.py
[2023-10-01T13:24:18.305+0000] {processor.py:826} INFO - Processing file /opt/airflow/dags/consumer.py for tasks to queue
[2023-10-01T13:24:18.306+0000] {logging_mixin.py:150} INFO - [2023-10-01T13:24:18.305+0000] {dagbag.py:541} INFO - Filling up the DagBag from /opt/airflow/dags/consumer.py
[2023-10-01T13:24:18.311+0000] {processor.py:836} INFO - DAG(s) dict_keys(['consumer']) retrieved from /opt/airflow/dags/consumer.py
[2023-10-01T13:24:18.340+0000] {logging_mixin.py:150} INFO - [2023-10-01T13:24:18.340+0000] {dag.py:2742} INFO - Sync 1 DAGs
[2023-10-01T13:24:18.364+0000] {logging_mixin.py:150} INFO - [2023-10-01T13:24:18.364+0000] {dag.py:3504} INFO - Setting next_dagrun for consumer to None, run_after=None
[2023-10-01T13:24:18.397+0000] {processor.py:179} INFO - Processing /opt/airflow/dags/consumer.py took 0.098 seconds
[2023-10-01T13:24:48.460+0000] {processor.py:157} INFO - Started process (PID=9410) to work on /opt/airflow/dags/consumer.py
[2023-10-01T13:24:48.461+0000] {processor.py:826} INFO - Processing file /opt/airflow/dags/consumer.py for tasks to queue
[2023-10-01T13:24:48.461+0000] {logging_mixin.py:150} INFO - [2023-10-01T13:24:48.461+0000] {dagbag.py:541} INFO - Filling up the DagBag from /opt/airflow/dags/consumer.py
[2023-10-01T13:24:48.467+0000] {processor.py:836} INFO - DAG(s) dict_keys(['consumer']) retrieved from /opt/airflow/dags/consumer.py
[2023-10-01T13:24:48.497+0000] {logging_mixin.py:150} INFO - [2023-10-01T13:24:48.496+0000] {dag.py:2742} INFO - Sync 1 DAGs
[2023-10-01T13:24:48.524+0000] {logging_mixin.py:150} INFO - [2023-10-01T13:24:48.524+0000] {dag.py:3504} INFO - Setting next_dagrun for consumer to None, run_after=None
[2023-10-01T13:24:48.562+0000] {processor.py:179} INFO - Processing /opt/airflow/dags/consumer.py took 0.105 seconds
[2023-10-01T13:25:18.787+0000] {processor.py:157} INFO - Started process (PID=9437) to work on /opt/airflow/dags/consumer.py
[2023-10-01T13:25:18.789+0000] {processor.py:826} INFO - Processing file /opt/airflow/dags/consumer.py for tasks to queue
[2023-10-01T13:25:18.790+0000] {logging_mixin.py:150} INFO - [2023-10-01T13:25:18.790+0000] {dagbag.py:541} INFO - Filling up the DagBag from /opt/airflow/dags/consumer.py
[2023-10-01T13:25:18.797+0000] {processor.py:836} INFO - DAG(s) dict_keys(['consumer']) retrieved from /opt/airflow/dags/consumer.py
[2023-10-01T13:25:18.836+0000] {logging_mixin.py:150} INFO - [2023-10-01T13:25:18.835+0000] {dag.py:2742} INFO - Sync 1 DAGs
[2023-10-01T13:25:18.872+0000] {logging_mixin.py:150} INFO - [2023-10-01T13:25:18.872+0000] {dag.py:3504} INFO - Setting next_dagrun for consumer to None, run_after=None
[2023-10-01T13:25:18.913+0000] {processor.py:179} INFO - Processing /opt/airflow/dags/consumer.py took 0.132 seconds
[2023-10-01T13:25:48.969+0000] {processor.py:157} INFO - Started process (PID=9463) to work on /opt/airflow/dags/consumer.py
[2023-10-01T13:25:48.970+0000] {processor.py:826} INFO - Processing file /opt/airflow/dags/consumer.py for tasks to queue
[2023-10-01T13:25:48.971+0000] {logging_mixin.py:150} INFO - [2023-10-01T13:25:48.970+0000] {dagbag.py:541} INFO - Filling up the DagBag from /opt/airflow/dags/consumer.py
[2023-10-01T13:25:48.975+0000] {processor.py:836} INFO - DAG(s) dict_keys(['consumer']) retrieved from /opt/airflow/dags/consumer.py
[2023-10-01T13:25:49.007+0000] {logging_mixin.py:150} INFO - [2023-10-01T13:25:49.007+0000] {dag.py:2742} INFO - Sync 1 DAGs
[2023-10-01T13:25:49.035+0000] {logging_mixin.py:150} INFO - [2023-10-01T13:25:49.034+0000] {dag.py:3504} INFO - Setting next_dagrun for consumer to None, run_after=None
[2023-10-01T13:25:49.068+0000] {processor.py:179} INFO - Processing /opt/airflow/dags/consumer.py took 0.104 seconds
[2023-10-01T13:26:19.134+0000] {processor.py:157} INFO - Started process (PID=9490) to work on /opt/airflow/dags/consumer.py
[2023-10-01T13:26:19.137+0000] {processor.py:826} INFO - Processing file /opt/airflow/dags/consumer.py for tasks to queue
[2023-10-01T13:26:19.138+0000] {logging_mixin.py:150} INFO - [2023-10-01T13:26:19.138+0000] {dagbag.py:541} INFO - Filling up the DagBag from /opt/airflow/dags/consumer.py
[2023-10-01T13:26:19.144+0000] {processor.py:836} INFO - DAG(s) dict_keys(['consumer']) retrieved from /opt/airflow/dags/consumer.py
[2023-10-01T13:26:19.180+0000] {logging_mixin.py:150} INFO - [2023-10-01T13:26:19.179+0000] {dag.py:2742} INFO - Sync 1 DAGs
[2023-10-01T13:26:19.213+0000] {logging_mixin.py:150} INFO - [2023-10-01T13:26:19.213+0000] {dag.py:3504} INFO - Setting next_dagrun for consumer to None, run_after=None
[2023-10-01T13:26:19.249+0000] {processor.py:179} INFO - Processing /opt/airflow/dags/consumer.py took 0.120 seconds
[2023-10-01T13:26:49.469+0000] {processor.py:157} INFO - Started process (PID=9516) to work on /opt/airflow/dags/consumer.py
[2023-10-01T13:26:49.469+0000] {processor.py:826} INFO - Processing file /opt/airflow/dags/consumer.py for tasks to queue
[2023-10-01T13:26:49.470+0000] {logging_mixin.py:150} INFO - [2023-10-01T13:26:49.470+0000] {dagbag.py:541} INFO - Filling up the DagBag from /opt/airflow/dags/consumer.py
[2023-10-01T13:26:49.474+0000] {processor.py:836} INFO - DAG(s) dict_keys(['consumer']) retrieved from /opt/airflow/dags/consumer.py
[2023-10-01T13:26:49.502+0000] {logging_mixin.py:150} INFO - [2023-10-01T13:26:49.502+0000] {dag.py:2742} INFO - Sync 1 DAGs
[2023-10-01T13:26:49.530+0000] {logging_mixin.py:150} INFO - [2023-10-01T13:26:49.530+0000] {dag.py:3504} INFO - Setting next_dagrun for consumer to None, run_after=None
[2023-10-01T13:26:49.564+0000] {processor.py:179} INFO - Processing /opt/airflow/dags/consumer.py took 0.099 seconds
[2023-10-01T13:27:19.712+0000] {processor.py:157} INFO - Started process (PID=9543) to work on /opt/airflow/dags/consumer.py
[2023-10-01T13:27:19.713+0000] {processor.py:826} INFO - Processing file /opt/airflow/dags/consumer.py for tasks to queue
[2023-10-01T13:27:19.714+0000] {logging_mixin.py:150} INFO - [2023-10-01T13:27:19.714+0000] {dagbag.py:541} INFO - Filling up the DagBag from /opt/airflow/dags/consumer.py
[2023-10-01T13:27:19.720+0000] {processor.py:836} INFO - DAG(s) dict_keys(['consumer']) retrieved from /opt/airflow/dags/consumer.py
[2023-10-01T13:27:19.749+0000] {logging_mixin.py:150} INFO - [2023-10-01T13:27:19.749+0000] {dag.py:2742} INFO - Sync 1 DAGs
[2023-10-01T13:27:19.772+0000] {logging_mixin.py:150} INFO - [2023-10-01T13:27:19.772+0000] {dag.py:3504} INFO - Setting next_dagrun for consumer to None, run_after=None
[2023-10-01T13:27:19.807+0000] {processor.py:179} INFO - Processing /opt/airflow/dags/consumer.py took 0.098 seconds
[2023-10-01T13:27:49.961+0000] {processor.py:157} INFO - Started process (PID=9570) to work on /opt/airflow/dags/consumer.py
[2023-10-01T13:27:49.962+0000] {processor.py:826} INFO - Processing file /opt/airflow/dags/consumer.py for tasks to queue
[2023-10-01T13:27:49.963+0000] {logging_mixin.py:150} INFO - [2023-10-01T13:27:49.963+0000] {dagbag.py:541} INFO - Filling up the DagBag from /opt/airflow/dags/consumer.py
[2023-10-01T13:27:49.969+0000] {processor.py:836} INFO - DAG(s) dict_keys(['consumer']) retrieved from /opt/airflow/dags/consumer.py
[2023-10-01T13:27:49.999+0000] {logging_mixin.py:150} INFO - [2023-10-01T13:27:49.999+0000] {dag.py:2742} INFO - Sync 1 DAGs
[2023-10-01T13:27:50.024+0000] {logging_mixin.py:150} INFO - [2023-10-01T13:27:50.024+0000] {dag.py:3504} INFO - Setting next_dagrun for consumer to None, run_after=None
[2023-10-01T13:27:50.059+0000] {processor.py:179} INFO - Processing /opt/airflow/dags/consumer.py took 0.102 seconds
[2023-10-01T13:28:20.540+0000] {processor.py:157} INFO - Started process (PID=9598) to work on /opt/airflow/dags/consumer.py
[2023-10-01T13:28:20.541+0000] {processor.py:826} INFO - Processing file /opt/airflow/dags/consumer.py for tasks to queue
[2023-10-01T13:28:20.542+0000] {logging_mixin.py:150} INFO - [2023-10-01T13:28:20.542+0000] {dagbag.py:541} INFO - Filling up the DagBag from /opt/airflow/dags/consumer.py
[2023-10-01T13:28:20.547+0000] {processor.py:836} INFO - DAG(s) dict_keys(['consumer']) retrieved from /opt/airflow/dags/consumer.py
[2023-10-01T13:28:20.578+0000] {logging_mixin.py:150} INFO - [2023-10-01T13:28:20.577+0000] {dag.py:2742} INFO - Sync 1 DAGs
[2023-10-01T13:28:20.603+0000] {logging_mixin.py:150} INFO - [2023-10-01T13:28:20.603+0000] {dag.py:3504} INFO - Setting next_dagrun for consumer to None, run_after=None
[2023-10-01T13:28:20.641+0000] {processor.py:179} INFO - Processing /opt/airflow/dags/consumer.py took 0.103 seconds
[2023-10-01T13:28:51.154+0000] {processor.py:157} INFO - Started process (PID=9625) to work on /opt/airflow/dags/consumer.py
[2023-10-01T13:28:51.156+0000] {processor.py:826} INFO - Processing file /opt/airflow/dags/consumer.py for tasks to queue
[2023-10-01T13:28:51.157+0000] {logging_mixin.py:150} INFO - [2023-10-01T13:28:51.157+0000] {dagbag.py:541} INFO - Filling up the DagBag from /opt/airflow/dags/consumer.py
[2023-10-01T13:28:51.162+0000] {processor.py:836} INFO - DAG(s) dict_keys(['consumer']) retrieved from /opt/airflow/dags/consumer.py
[2023-10-01T13:28:51.192+0000] {logging_mixin.py:150} INFO - [2023-10-01T13:28:51.192+0000] {dag.py:2742} INFO - Sync 1 DAGs
[2023-10-01T13:28:51.217+0000] {logging_mixin.py:150} INFO - [2023-10-01T13:28:51.216+0000] {dag.py:3504} INFO - Setting next_dagrun for consumer to None, run_after=None
[2023-10-01T13:28:51.252+0000] {processor.py:179} INFO - Processing /opt/airflow/dags/consumer.py took 0.102 seconds
[2023-10-01T13:29:21.756+0000] {processor.py:157} INFO - Started process (PID=9652) to work on /opt/airflow/dags/consumer.py
[2023-10-01T13:29:21.757+0000] {processor.py:826} INFO - Processing file /opt/airflow/dags/consumer.py for tasks to queue
[2023-10-01T13:29:21.757+0000] {logging_mixin.py:150} INFO - [2023-10-01T13:29:21.757+0000] {dagbag.py:541} INFO - Filling up the DagBag from /opt/airflow/dags/consumer.py
[2023-10-01T13:29:21.761+0000] {processor.py:836} INFO - DAG(s) dict_keys(['consumer']) retrieved from /opt/airflow/dags/consumer.py
[2023-10-01T13:29:21.792+0000] {logging_mixin.py:150} INFO - [2023-10-01T13:29:21.791+0000] {dag.py:2742} INFO - Sync 1 DAGs
[2023-10-01T13:29:21.819+0000] {logging_mixin.py:150} INFO - [2023-10-01T13:29:21.818+0000] {dag.py:3504} INFO - Setting next_dagrun for consumer to None, run_after=None
[2023-10-01T13:29:21.860+0000] {processor.py:179} INFO - Processing /opt/airflow/dags/consumer.py took 0.109 seconds
[2023-10-01T13:29:52.300+0000] {processor.py:157} INFO - Started process (PID=9680) to work on /opt/airflow/dags/consumer.py
[2023-10-01T13:29:52.301+0000] {processor.py:826} INFO - Processing file /opt/airflow/dags/consumer.py for tasks to queue
[2023-10-01T13:29:52.302+0000] {logging_mixin.py:150} INFO - [2023-10-01T13:29:52.301+0000] {dagbag.py:541} INFO - Filling up the DagBag from /opt/airflow/dags/consumer.py
[2023-10-01T13:29:52.308+0000] {processor.py:836} INFO - DAG(s) dict_keys(['consumer']) retrieved from /opt/airflow/dags/consumer.py
[2023-10-01T13:29:52.341+0000] {logging_mixin.py:150} INFO - [2023-10-01T13:29:52.341+0000] {dag.py:2742} INFO - Sync 1 DAGs
[2023-10-01T13:29:52.371+0000] {logging_mixin.py:150} INFO - [2023-10-01T13:29:52.371+0000] {dag.py:3504} INFO - Setting next_dagrun for consumer to None, run_after=None
[2023-10-01T13:29:52.407+0000] {processor.py:179} INFO - Processing /opt/airflow/dags/consumer.py took 0.110 seconds
[2023-10-01T13:30:22.524+0000] {processor.py:157} INFO - Started process (PID=9707) to work on /opt/airflow/dags/consumer.py
[2023-10-01T13:30:22.527+0000] {processor.py:826} INFO - Processing file /opt/airflow/dags/consumer.py for tasks to queue
[2023-10-01T13:30:22.527+0000] {logging_mixin.py:150} INFO - [2023-10-01T13:30:22.527+0000] {dagbag.py:541} INFO - Filling up the DagBag from /opt/airflow/dags/consumer.py
[2023-10-01T13:30:22.531+0000] {processor.py:836} INFO - DAG(s) dict_keys(['consumer']) retrieved from /opt/airflow/dags/consumer.py
[2023-10-01T13:30:22.561+0000] {logging_mixin.py:150} INFO - [2023-10-01T13:30:22.561+0000] {dag.py:2742} INFO - Sync 1 DAGs
[2023-10-01T13:30:22.584+0000] {logging_mixin.py:150} INFO - [2023-10-01T13:30:22.584+0000] {dag.py:3504} INFO - Setting next_dagrun for consumer to None, run_after=None
[2023-10-01T13:30:22.612+0000] {processor.py:179} INFO - Processing /opt/airflow/dags/consumer.py took 0.091 seconds
[2023-10-01T13:30:52.800+0000] {processor.py:157} INFO - Started process (PID=9734) to work on /opt/airflow/dags/consumer.py
[2023-10-01T13:30:52.802+0000] {processor.py:826} INFO - Processing file /opt/airflow/dags/consumer.py for tasks to queue
[2023-10-01T13:30:52.802+0000] {logging_mixin.py:150} INFO - [2023-10-01T13:30:52.802+0000] {dagbag.py:541} INFO - Filling up the DagBag from /opt/airflow/dags/consumer.py
[2023-10-01T13:30:52.809+0000] {processor.py:836} INFO - DAG(s) dict_keys(['consumer']) retrieved from /opt/airflow/dags/consumer.py
[2023-10-01T13:30:52.839+0000] {logging_mixin.py:150} INFO - [2023-10-01T13:30:52.839+0000] {dag.py:2742} INFO - Sync 1 DAGs
[2023-10-01T13:30:52.863+0000] {logging_mixin.py:150} INFO - [2023-10-01T13:30:52.863+0000] {dag.py:3504} INFO - Setting next_dagrun for consumer to None, run_after=None
[2023-10-01T13:30:52.901+0000] {processor.py:179} INFO - Processing /opt/airflow/dags/consumer.py took 0.103 seconds
[2023-10-01T13:31:23.393+0000] {processor.py:157} INFO - Started process (PID=9762) to work on /opt/airflow/dags/consumer.py
[2023-10-01T13:31:23.396+0000] {processor.py:826} INFO - Processing file /opt/airflow/dags/consumer.py for tasks to queue
[2023-10-01T13:31:23.397+0000] {logging_mixin.py:150} INFO - [2023-10-01T13:31:23.397+0000] {dagbag.py:541} INFO - Filling up the DagBag from /opt/airflow/dags/consumer.py
[2023-10-01T13:31:23.406+0000] {processor.py:836} INFO - DAG(s) dict_keys(['consumer']) retrieved from /opt/airflow/dags/consumer.py
[2023-10-01T13:31:23.440+0000] {logging_mixin.py:150} INFO - [2023-10-01T13:31:23.440+0000] {dag.py:2742} INFO - Sync 1 DAGs
[2023-10-01T13:31:23.467+0000] {logging_mixin.py:150} INFO - [2023-10-01T13:31:23.466+0000] {dag.py:3504} INFO - Setting next_dagrun for consumer to None, run_after=None
[2023-10-01T13:31:23.504+0000] {processor.py:179} INFO - Processing /opt/airflow/dags/consumer.py took 0.113 seconds
[2023-10-01T13:31:53.588+0000] {processor.py:157} INFO - Started process (PID=9789) to work on /opt/airflow/dags/consumer.py
[2023-10-01T13:31:53.591+0000] {processor.py:826} INFO - Processing file /opt/airflow/dags/consumer.py for tasks to queue
[2023-10-01T13:31:53.593+0000] {logging_mixin.py:150} INFO - [2023-10-01T13:31:53.592+0000] {dagbag.py:541} INFO - Filling up the DagBag from /opt/airflow/dags/consumer.py
[2023-10-01T13:31:53.607+0000] {processor.py:836} INFO - DAG(s) dict_keys(['consumer']) retrieved from /opt/airflow/dags/consumer.py
[2023-10-01T13:31:53.659+0000] {logging_mixin.py:150} INFO - [2023-10-01T13:31:53.659+0000] {dag.py:2742} INFO - Sync 1 DAGs
[2023-10-01T13:31:53.697+0000] {logging_mixin.py:150} INFO - [2023-10-01T13:31:53.697+0000] {dag.py:3504} INFO - Setting next_dagrun for consumer to None, run_after=None
[2023-10-01T13:31:53.727+0000] {processor.py:179} INFO - Processing /opt/airflow/dags/consumer.py took 0.150 seconds
[2023-10-01T13:32:23.827+0000] {processor.py:157} INFO - Started process (PID=9816) to work on /opt/airflow/dags/consumer.py
[2023-10-01T13:32:23.831+0000] {processor.py:826} INFO - Processing file /opt/airflow/dags/consumer.py for tasks to queue
[2023-10-01T13:32:23.832+0000] {logging_mixin.py:150} INFO - [2023-10-01T13:32:23.832+0000] {dagbag.py:541} INFO - Filling up the DagBag from /opt/airflow/dags/consumer.py
[2023-10-01T13:32:23.842+0000] {processor.py:836} INFO - DAG(s) dict_keys(['consumer']) retrieved from /opt/airflow/dags/consumer.py
[2023-10-01T13:32:23.900+0000] {logging_mixin.py:150} INFO - [2023-10-01T13:32:23.900+0000] {dag.py:2742} INFO - Sync 1 DAGs
[2023-10-01T13:32:23.946+0000] {logging_mixin.py:150} INFO - [2023-10-01T13:32:23.946+0000] {dag.py:3504} INFO - Setting next_dagrun for consumer to None, run_after=None
[2023-10-01T13:32:23.989+0000] {processor.py:179} INFO - Processing /opt/airflow/dags/consumer.py took 0.169 seconds
[2023-10-01T13:32:54.689+0000] {processor.py:157} INFO - Started process (PID=9843) to work on /opt/airflow/dags/consumer.py
[2023-10-01T13:32:54.690+0000] {processor.py:826} INFO - Processing file /opt/airflow/dags/consumer.py for tasks to queue
[2023-10-01T13:32:54.692+0000] {logging_mixin.py:150} INFO - [2023-10-01T13:32:54.691+0000] {dagbag.py:541} INFO - Filling up the DagBag from /opt/airflow/dags/consumer.py
[2023-10-01T13:32:54.702+0000] {processor.py:836} INFO - DAG(s) dict_keys(['consumer']) retrieved from /opt/airflow/dags/consumer.py
[2023-10-01T13:32:54.751+0000] {logging_mixin.py:150} INFO - [2023-10-01T13:32:54.751+0000] {dag.py:2742} INFO - Sync 1 DAGs
[2023-10-01T13:32:54.793+0000] {logging_mixin.py:150} INFO - [2023-10-01T13:32:54.793+0000] {dag.py:3504} INFO - Setting next_dagrun for consumer to None, run_after=None
[2023-10-01T13:32:54.857+0000] {processor.py:179} INFO - Processing /opt/airflow/dags/consumer.py took 0.176 seconds
[2023-10-01T13:33:25.470+0000] {processor.py:157} INFO - Started process (PID=9870) to work on /opt/airflow/dags/consumer.py
[2023-10-01T13:33:25.472+0000] {processor.py:826} INFO - Processing file /opt/airflow/dags/consumer.py for tasks to queue
[2023-10-01T13:33:25.473+0000] {logging_mixin.py:150} INFO - [2023-10-01T13:33:25.472+0000] {dagbag.py:541} INFO - Filling up the DagBag from /opt/airflow/dags/consumer.py
[2023-10-01T13:33:25.481+0000] {processor.py:836} INFO - DAG(s) dict_keys(['consumer']) retrieved from /opt/airflow/dags/consumer.py
[2023-10-01T13:33:25.527+0000] {logging_mixin.py:150} INFO - [2023-10-01T13:33:25.527+0000] {dag.py:2742} INFO - Sync 1 DAGs
[2023-10-01T13:33:25.572+0000] {logging_mixin.py:150} INFO - [2023-10-01T13:33:25.571+0000] {dag.py:3504} INFO - Setting next_dagrun for consumer to None, run_after=None
[2023-10-01T13:33:25.612+0000] {processor.py:179} INFO - Processing /opt/airflow/dags/consumer.py took 0.149 seconds
[2023-10-01T13:33:55.941+0000] {processor.py:157} INFO - Started process (PID=9897) to work on /opt/airflow/dags/consumer.py
[2023-10-01T13:33:55.942+0000] {processor.py:826} INFO - Processing file /opt/airflow/dags/consumer.py for tasks to queue
[2023-10-01T13:33:55.943+0000] {logging_mixin.py:150} INFO - [2023-10-01T13:33:55.942+0000] {dagbag.py:541} INFO - Filling up the DagBag from /opt/airflow/dags/consumer.py
[2023-10-01T13:33:55.950+0000] {processor.py:836} INFO - DAG(s) dict_keys(['consumer']) retrieved from /opt/airflow/dags/consumer.py
[2023-10-01T13:33:55.988+0000] {logging_mixin.py:150} INFO - [2023-10-01T13:33:55.988+0000] {dag.py:2742} INFO - Sync 1 DAGs
[2023-10-01T13:33:56.022+0000] {logging_mixin.py:150} INFO - [2023-10-01T13:33:56.022+0000] {dag.py:3504} INFO - Setting next_dagrun for consumer to None, run_after=None
[2023-10-01T13:33:56.061+0000] {processor.py:179} INFO - Processing /opt/airflow/dags/consumer.py took 0.125 seconds
[2023-10-01T13:34:26.408+0000] {processor.py:157} INFO - Started process (PID=9924) to work on /opt/airflow/dags/consumer.py
[2023-10-01T13:34:26.409+0000] {processor.py:826} INFO - Processing file /opt/airflow/dags/consumer.py for tasks to queue
[2023-10-01T13:34:26.410+0000] {logging_mixin.py:150} INFO - [2023-10-01T13:34:26.410+0000] {dagbag.py:541} INFO - Filling up the DagBag from /opt/airflow/dags/consumer.py
[2023-10-01T13:34:26.418+0000] {processor.py:836} INFO - DAG(s) dict_keys(['consumer']) retrieved from /opt/airflow/dags/consumer.py
[2023-10-01T13:34:26.452+0000] {logging_mixin.py:150} INFO - [2023-10-01T13:34:26.452+0000] {dag.py:2742} INFO - Sync 1 DAGs
[2023-10-01T13:34:26.483+0000] {logging_mixin.py:150} INFO - [2023-10-01T13:34:26.483+0000] {dag.py:3504} INFO - Setting next_dagrun for consumer to None, run_after=None
[2023-10-01T13:34:26.533+0000] {processor.py:179} INFO - Processing /opt/airflow/dags/consumer.py took 0.132 seconds
[2023-10-01T13:34:56.879+0000] {processor.py:157} INFO - Started process (PID=9952) to work on /opt/airflow/dags/consumer.py
[2023-10-01T13:34:56.880+0000] {processor.py:826} INFO - Processing file /opt/airflow/dags/consumer.py for tasks to queue
[2023-10-01T13:34:56.880+0000] {logging_mixin.py:150} INFO - [2023-10-01T13:34:56.880+0000] {dagbag.py:541} INFO - Filling up the DagBag from /opt/airflow/dags/consumer.py
[2023-10-01T13:34:56.888+0000] {processor.py:836} INFO - DAG(s) dict_keys(['consumer']) retrieved from /opt/airflow/dags/consumer.py
[2023-10-01T13:34:56.932+0000] {logging_mixin.py:150} INFO - [2023-10-01T13:34:56.932+0000] {dag.py:2742} INFO - Sync 1 DAGs
[2023-10-01T13:34:56.972+0000] {logging_mixin.py:150} INFO - [2023-10-01T13:34:56.972+0000] {dag.py:3504} INFO - Setting next_dagrun for consumer to None, run_after=None
[2023-10-01T13:34:57.020+0000] {processor.py:179} INFO - Processing /opt/airflow/dags/consumer.py took 0.148 seconds
[2023-10-01T13:35:27.268+0000] {processor.py:157} INFO - Started process (PID=9978) to work on /opt/airflow/dags/consumer.py
[2023-10-01T13:35:27.269+0000] {processor.py:826} INFO - Processing file /opt/airflow/dags/consumer.py for tasks to queue
[2023-10-01T13:35:27.270+0000] {logging_mixin.py:150} INFO - [2023-10-01T13:35:27.270+0000] {dagbag.py:541} INFO - Filling up the DagBag from /opt/airflow/dags/consumer.py
[2023-10-01T13:35:27.278+0000] {processor.py:836} INFO - DAG(s) dict_keys(['consumer']) retrieved from /opt/airflow/dags/consumer.py
[2023-10-01T13:35:27.319+0000] {logging_mixin.py:150} INFO - [2023-10-01T13:35:27.319+0000] {dag.py:2742} INFO - Sync 1 DAGs
[2023-10-01T13:35:27.350+0000] {logging_mixin.py:150} INFO - [2023-10-01T13:35:27.350+0000] {dag.py:3504} INFO - Setting next_dagrun for consumer to None, run_after=None
[2023-10-01T13:35:27.390+0000] {processor.py:179} INFO - Processing /opt/airflow/dags/consumer.py took 0.128 seconds
[2023-10-01T13:35:57.670+0000] {processor.py:157} INFO - Started process (PID=10005) to work on /opt/airflow/dags/consumer.py
[2023-10-01T13:35:57.670+0000] {processor.py:826} INFO - Processing file /opt/airflow/dags/consumer.py for tasks to queue
[2023-10-01T13:35:57.671+0000] {logging_mixin.py:150} INFO - [2023-10-01T13:35:57.671+0000] {dagbag.py:541} INFO - Filling up the DagBag from /opt/airflow/dags/consumer.py
[2023-10-01T13:35:57.679+0000] {processor.py:836} INFO - DAG(s) dict_keys(['consumer']) retrieved from /opt/airflow/dags/consumer.py
[2023-10-01T13:35:57.717+0000] {logging_mixin.py:150} INFO - [2023-10-01T13:35:57.717+0000] {dag.py:2742} INFO - Sync 1 DAGs
[2023-10-01T13:35:57.756+0000] {logging_mixin.py:150} INFO - [2023-10-01T13:35:57.753+0000] {dag.py:3504} INFO - Setting next_dagrun for consumer to None, run_after=None
[2023-10-01T13:35:57.792+0000] {processor.py:179} INFO - Processing /opt/airflow/dags/consumer.py took 0.126 seconds
[2023-10-01T13:36:28.157+0000] {processor.py:157} INFO - Started process (PID=10032) to work on /opt/airflow/dags/consumer.py
[2023-10-01T13:36:28.159+0000] {processor.py:826} INFO - Processing file /opt/airflow/dags/consumer.py for tasks to queue
[2023-10-01T13:36:28.160+0000] {logging_mixin.py:150} INFO - [2023-10-01T13:36:28.159+0000] {dagbag.py:541} INFO - Filling up the DagBag from /opt/airflow/dags/consumer.py
[2023-10-01T13:36:28.167+0000] {processor.py:836} INFO - DAG(s) dict_keys(['consumer']) retrieved from /opt/airflow/dags/consumer.py
[2023-10-01T13:36:28.208+0000] {logging_mixin.py:150} INFO - [2023-10-01T13:36:28.207+0000] {dag.py:2742} INFO - Sync 1 DAGs
[2023-10-01T13:36:28.251+0000] {logging_mixin.py:150} INFO - [2023-10-01T13:36:28.251+0000] {dag.py:3504} INFO - Setting next_dagrun for consumer to None, run_after=None
[2023-10-01T13:36:28.302+0000] {processor.py:179} INFO - Processing /opt/airflow/dags/consumer.py took 0.151 seconds
[2023-10-01T13:36:58.671+0000] {processor.py:157} INFO - Started process (PID=10059) to work on /opt/airflow/dags/consumer.py
[2023-10-01T13:36:58.672+0000] {processor.py:826} INFO - Processing file /opt/airflow/dags/consumer.py for tasks to queue
[2023-10-01T13:36:58.673+0000] {logging_mixin.py:150} INFO - [2023-10-01T13:36:58.672+0000] {dagbag.py:541} INFO - Filling up the DagBag from /opt/airflow/dags/consumer.py
[2023-10-01T13:36:58.687+0000] {processor.py:836} INFO - DAG(s) dict_keys(['consumer']) retrieved from /opt/airflow/dags/consumer.py
[2023-10-01T13:36:58.722+0000] {logging_mixin.py:150} INFO - [2023-10-01T13:36:58.722+0000] {dag.py:2742} INFO - Sync 1 DAGs
[2023-10-01T13:36:58.757+0000] {logging_mixin.py:150} INFO - [2023-10-01T13:36:58.756+0000] {dag.py:3504} INFO - Setting next_dagrun for consumer to None, run_after=None
[2023-10-01T13:36:58.801+0000] {processor.py:179} INFO - Processing /opt/airflow/dags/consumer.py took 0.133 seconds
[2023-10-01T13:37:29.367+0000] {processor.py:157} INFO - Started process (PID=10077) to work on /opt/airflow/dags/consumer.py
[2023-10-01T13:37:29.368+0000] {processor.py:826} INFO - Processing file /opt/airflow/dags/consumer.py for tasks to queue
[2023-10-01T13:37:29.368+0000] {logging_mixin.py:150} INFO - [2023-10-01T13:37:29.368+0000] {dagbag.py:541} INFO - Filling up the DagBag from /opt/airflow/dags/consumer.py
[2023-10-01T13:37:29.377+0000] {processor.py:836} INFO - DAG(s) dict_keys(['consumer']) retrieved from /opt/airflow/dags/consumer.py
[2023-10-01T13:37:29.412+0000] {logging_mixin.py:150} INFO - [2023-10-01T13:37:29.412+0000] {dag.py:2742} INFO - Sync 1 DAGs
[2023-10-01T13:37:29.447+0000] {logging_mixin.py:150} INFO - [2023-10-01T13:37:29.447+0000] {dag.py:3504} INFO - Setting next_dagrun for consumer to None, run_after=None
[2023-10-01T13:37:29.496+0000] {processor.py:179} INFO - Processing /opt/airflow/dags/consumer.py took 0.140 seconds
[2023-10-01T13:37:59.870+0000] {processor.py:157} INFO - Started process (PID=10105) to work on /opt/airflow/dags/consumer.py
[2023-10-01T13:37:59.871+0000] {processor.py:826} INFO - Processing file /opt/airflow/dags/consumer.py for tasks to queue
[2023-10-01T13:37:59.872+0000] {logging_mixin.py:150} INFO - [2023-10-01T13:37:59.872+0000] {dagbag.py:541} INFO - Filling up the DagBag from /opt/airflow/dags/consumer.py
[2023-10-01T13:37:59.880+0000] {processor.py:836} INFO - DAG(s) dict_keys(['consumer']) retrieved from /opt/airflow/dags/consumer.py
[2023-10-01T13:37:59.921+0000] {logging_mixin.py:150} INFO - [2023-10-01T13:37:59.921+0000] {dag.py:2742} INFO - Sync 1 DAGs
[2023-10-01T13:37:59.960+0000] {logging_mixin.py:150} INFO - [2023-10-01T13:37:59.959+0000] {dag.py:3504} INFO - Setting next_dagrun for consumer to None, run_after=None
[2023-10-01T13:38:00.009+0000] {processor.py:179} INFO - Processing /opt/airflow/dags/consumer.py took 0.142 seconds
[2023-10-01T13:38:30.418+0000] {processor.py:157} INFO - Started process (PID=10132) to work on /opt/airflow/dags/consumer.py
[2023-10-01T13:38:30.419+0000] {processor.py:826} INFO - Processing file /opt/airflow/dags/consumer.py for tasks to queue
[2023-10-01T13:38:30.420+0000] {logging_mixin.py:150} INFO - [2023-10-01T13:38:30.420+0000] {dagbag.py:541} INFO - Filling up the DagBag from /opt/airflow/dags/consumer.py
[2023-10-01T13:38:30.427+0000] {processor.py:836} INFO - DAG(s) dict_keys(['consumer']) retrieved from /opt/airflow/dags/consumer.py
[2023-10-01T13:38:30.477+0000] {logging_mixin.py:150} INFO - [2023-10-01T13:38:30.477+0000] {dag.py:2742} INFO - Sync 1 DAGs
[2023-10-01T13:38:30.509+0000] {logging_mixin.py:150} INFO - [2023-10-01T13:38:30.509+0000] {dag.py:3504} INFO - Setting next_dagrun for consumer to None, run_after=None
[2023-10-01T13:38:30.551+0000] {processor.py:179} INFO - Processing /opt/airflow/dags/consumer.py took 0.139 seconds
[2023-10-01T13:39:00.817+0000] {processor.py:157} INFO - Started process (PID=10159) to work on /opt/airflow/dags/consumer.py
[2023-10-01T13:39:00.818+0000] {processor.py:826} INFO - Processing file /opt/airflow/dags/consumer.py for tasks to queue
[2023-10-01T13:39:00.819+0000] {logging_mixin.py:150} INFO - [2023-10-01T13:39:00.819+0000] {dagbag.py:541} INFO - Filling up the DagBag from /opt/airflow/dags/consumer.py
[2023-10-01T13:39:00.831+0000] {processor.py:836} INFO - DAG(s) dict_keys(['consumer']) retrieved from /opt/airflow/dags/consumer.py
[2023-10-01T13:39:00.871+0000] {logging_mixin.py:150} INFO - [2023-10-01T13:39:00.871+0000] {dag.py:2742} INFO - Sync 1 DAGs
[2023-10-01T13:39:00.907+0000] {logging_mixin.py:150} INFO - [2023-10-01T13:39:00.907+0000] {dag.py:3504} INFO - Setting next_dagrun for consumer to None, run_after=None
[2023-10-01T13:39:00.951+0000] {processor.py:179} INFO - Processing /opt/airflow/dags/consumer.py took 0.141 seconds
[2023-10-01T13:39:31.360+0000] {processor.py:157} INFO - Started process (PID=10186) to work on /opt/airflow/dags/consumer.py
[2023-10-01T13:39:31.361+0000] {processor.py:826} INFO - Processing file /opt/airflow/dags/consumer.py for tasks to queue
[2023-10-01T13:39:31.366+0000] {logging_mixin.py:150} INFO - [2023-10-01T13:39:31.362+0000] {dagbag.py:541} INFO - Filling up the DagBag from /opt/airflow/dags/consumer.py
[2023-10-01T13:39:31.380+0000] {processor.py:836} INFO - DAG(s) dict_keys(['consumer']) retrieved from /opt/airflow/dags/consumer.py
[2023-10-01T13:39:31.437+0000] {logging_mixin.py:150} INFO - [2023-10-01T13:39:31.436+0000] {dag.py:2742} INFO - Sync 1 DAGs
[2023-10-01T13:39:31.477+0000] {logging_mixin.py:150} INFO - [2023-10-01T13:39:31.477+0000] {dag.py:3504} INFO - Setting next_dagrun for consumer to None, run_after=None
[2023-10-01T13:39:31.538+0000] {processor.py:179} INFO - Processing /opt/airflow/dags/consumer.py took 0.187 seconds
[2023-10-01T13:40:02.100+0000] {processor.py:157} INFO - Started process (PID=10214) to work on /opt/airflow/dags/consumer.py
[2023-10-01T13:40:02.101+0000] {processor.py:826} INFO - Processing file /opt/airflow/dags/consumer.py for tasks to queue
[2023-10-01T13:40:02.101+0000] {logging_mixin.py:150} INFO - [2023-10-01T13:40:02.101+0000] {dagbag.py:541} INFO - Filling up the DagBag from /opt/airflow/dags/consumer.py
[2023-10-01T13:40:02.111+0000] {processor.py:836} INFO - DAG(s) dict_keys(['consumer']) retrieved from /opt/airflow/dags/consumer.py
[2023-10-01T13:40:02.187+0000] {logging_mixin.py:150} INFO - [2023-10-01T13:40:02.186+0000] {dag.py:2742} INFO - Sync 1 DAGs
[2023-10-01T13:40:02.247+0000] {logging_mixin.py:150} INFO - [2023-10-01T13:40:02.246+0000] {dag.py:3504} INFO - Setting next_dagrun for consumer to None, run_after=None
[2023-10-01T13:40:02.327+0000] {processor.py:179} INFO - Processing /opt/airflow/dags/consumer.py took 0.231 seconds
[2023-10-01T13:40:32.748+0000] {processor.py:157} INFO - Started process (PID=10241) to work on /opt/airflow/dags/consumer.py
[2023-10-01T13:40:32.749+0000] {processor.py:826} INFO - Processing file /opt/airflow/dags/consumer.py for tasks to queue
[2023-10-01T13:40:32.750+0000] {logging_mixin.py:150} INFO - [2023-10-01T13:40:32.749+0000] {dagbag.py:541} INFO - Filling up the DagBag from /opt/airflow/dags/consumer.py
[2023-10-01T13:40:32.759+0000] {processor.py:836} INFO - DAG(s) dict_keys(['consumer']) retrieved from /opt/airflow/dags/consumer.py
[2023-10-01T13:40:32.816+0000] {logging_mixin.py:150} INFO - [2023-10-01T13:40:32.812+0000] {dag.py:2742} INFO - Sync 1 DAGs
[2023-10-01T13:40:32.859+0000] {logging_mixin.py:150} INFO - [2023-10-01T13:40:32.858+0000] {dag.py:3504} INFO - Setting next_dagrun for consumer to None, run_after=None
[2023-10-01T13:40:32.911+0000] {processor.py:179} INFO - Processing /opt/airflow/dags/consumer.py took 0.171 seconds
[2023-10-01T13:41:03.779+0000] {processor.py:157} INFO - Started process (PID=10268) to work on /opt/airflow/dags/consumer.py
[2023-10-01T13:41:03.780+0000] {processor.py:826} INFO - Processing file /opt/airflow/dags/consumer.py for tasks to queue
[2023-10-01T13:41:03.781+0000] {logging_mixin.py:150} INFO - [2023-10-01T13:41:03.781+0000] {dagbag.py:541} INFO - Filling up the DagBag from /opt/airflow/dags/consumer.py
[2023-10-01T13:41:03.797+0000] {processor.py:836} INFO - DAG(s) dict_keys(['consumer']) retrieved from /opt/airflow/dags/consumer.py
[2023-10-01T13:41:03.861+0000] {logging_mixin.py:150} INFO - [2023-10-01T13:41:03.861+0000] {dag.py:2742} INFO - Sync 1 DAGs
[2023-10-01T13:41:03.918+0000] {logging_mixin.py:150} INFO - [2023-10-01T13:41:03.918+0000] {dag.py:3504} INFO - Setting next_dagrun for consumer to None, run_after=None
[2023-10-01T13:41:03.979+0000] {processor.py:179} INFO - Processing /opt/airflow/dags/consumer.py took 0.208 seconds
[2023-10-01T13:41:34.911+0000] {processor.py:157} INFO - Started process (PID=10295) to work on /opt/airflow/dags/consumer.py
[2023-10-01T13:41:34.916+0000] {processor.py:826} INFO - Processing file /opt/airflow/dags/consumer.py for tasks to queue
[2023-10-01T13:41:34.917+0000] {logging_mixin.py:150} INFO - [2023-10-01T13:41:34.917+0000] {dagbag.py:541} INFO - Filling up the DagBag from /opt/airflow/dags/consumer.py
[2023-10-01T13:41:34.927+0000] {processor.py:836} INFO - DAG(s) dict_keys(['consumer']) retrieved from /opt/airflow/dags/consumer.py
[2023-10-01T13:41:34.979+0000] {logging_mixin.py:150} INFO - [2023-10-01T13:41:34.979+0000] {dag.py:2742} INFO - Sync 1 DAGs
[2023-10-01T13:41:35.027+0000] {logging_mixin.py:150} INFO - [2023-10-01T13:41:35.026+0000] {dag.py:3504} INFO - Setting next_dagrun for consumer to None, run_after=None
[2023-10-01T13:41:35.089+0000] {processor.py:179} INFO - Processing /opt/airflow/dags/consumer.py took 0.182 seconds
[2023-10-01T13:42:05.428+0000] {processor.py:157} INFO - Started process (PID=10322) to work on /opt/airflow/dags/consumer.py
[2023-10-01T13:42:05.429+0000] {processor.py:826} INFO - Processing file /opt/airflow/dags/consumer.py for tasks to queue
[2023-10-01T13:42:05.430+0000] {logging_mixin.py:150} INFO - [2023-10-01T13:42:05.429+0000] {dagbag.py:541} INFO - Filling up the DagBag from /opt/airflow/dags/consumer.py
[2023-10-01T13:42:05.439+0000] {processor.py:836} INFO - DAG(s) dict_keys(['consumer']) retrieved from /opt/airflow/dags/consumer.py
[2023-10-01T13:42:05.488+0000] {logging_mixin.py:150} INFO - [2023-10-01T13:42:05.488+0000] {dag.py:2742} INFO - Sync 1 DAGs
[2023-10-01T13:42:05.540+0000] {logging_mixin.py:150} INFO - [2023-10-01T13:42:05.540+0000] {dag.py:3504} INFO - Setting next_dagrun for consumer to None, run_after=None
[2023-10-01T13:42:05.610+0000] {processor.py:179} INFO - Processing /opt/airflow/dags/consumer.py took 0.190 seconds
[2023-10-01T13:42:36.567+0000] {processor.py:157} INFO - Started process (PID=10351) to work on /opt/airflow/dags/consumer.py
[2023-10-01T13:42:36.568+0000] {processor.py:826} INFO - Processing file /opt/airflow/dags/consumer.py for tasks to queue
[2023-10-01T13:42:36.570+0000] {logging_mixin.py:150} INFO - [2023-10-01T13:42:36.569+0000] {dagbag.py:541} INFO - Filling up the DagBag from /opt/airflow/dags/consumer.py
[2023-10-01T13:42:36.587+0000] {processor.py:836} INFO - DAG(s) dict_keys(['consumer']) retrieved from /opt/airflow/dags/consumer.py
[2023-10-01T13:42:36.657+0000] {logging_mixin.py:150} INFO - [2023-10-01T13:42:36.657+0000] {dag.py:2742} INFO - Sync 1 DAGs
[2023-10-01T13:42:36.708+0000] {logging_mixin.py:150} INFO - [2023-10-01T13:42:36.708+0000] {dag.py:3504} INFO - Setting next_dagrun for consumer to None, run_after=None
[2023-10-01T13:42:36.787+0000] {processor.py:179} INFO - Processing /opt/airflow/dags/consumer.py took 0.230 seconds
[2023-10-01T13:43:07.669+0000] {processor.py:157} INFO - Started process (PID=10377) to work on /opt/airflow/dags/consumer.py
[2023-10-01T13:43:07.670+0000] {processor.py:826} INFO - Processing file /opt/airflow/dags/consumer.py for tasks to queue
[2023-10-01T13:43:07.671+0000] {logging_mixin.py:150} INFO - [2023-10-01T13:43:07.671+0000] {dagbag.py:541} INFO - Filling up the DagBag from /opt/airflow/dags/consumer.py
[2023-10-01T13:43:07.689+0000] {processor.py:836} INFO - DAG(s) dict_keys(['consumer']) retrieved from /opt/airflow/dags/consumer.py
[2023-10-01T13:43:07.758+0000] {logging_mixin.py:150} INFO - [2023-10-01T13:43:07.757+0000] {dag.py:2742} INFO - Sync 1 DAGs
[2023-10-01T13:43:07.810+0000] {logging_mixin.py:150} INFO - [2023-10-01T13:43:07.810+0000] {dag.py:3504} INFO - Setting next_dagrun for consumer to None, run_after=None
[2023-10-01T13:43:07.888+0000] {processor.py:179} INFO - Processing /opt/airflow/dags/consumer.py took 0.227 seconds
[2023-10-01T13:43:38.430+0000] {processor.py:157} INFO - Started process (PID=10404) to work on /opt/airflow/dags/consumer.py
[2023-10-01T13:43:38.431+0000] {processor.py:826} INFO - Processing file /opt/airflow/dags/consumer.py for tasks to queue
[2023-10-01T13:43:38.437+0000] {logging_mixin.py:150} INFO - [2023-10-01T13:43:38.437+0000] {dagbag.py:541} INFO - Filling up the DagBag from /opt/airflow/dags/consumer.py
[2023-10-01T13:43:38.447+0000] {processor.py:836} INFO - DAG(s) dict_keys(['consumer']) retrieved from /opt/airflow/dags/consumer.py
[2023-10-01T13:43:38.518+0000] {logging_mixin.py:150} INFO - [2023-10-01T13:43:38.518+0000] {dag.py:2742} INFO - Sync 1 DAGs
[2023-10-01T13:43:38.590+0000] {logging_mixin.py:150} INFO - [2023-10-01T13:43:38.590+0000] {dag.py:3504} INFO - Setting next_dagrun for consumer to None, run_after=None
[2023-10-01T13:43:38.670+0000] {processor.py:179} INFO - Processing /opt/airflow/dags/consumer.py took 0.243 seconds
[2023-10-01T13:44:08.857+0000] {processor.py:157} INFO - Started process (PID=10431) to work on /opt/airflow/dags/consumer.py
[2023-10-01T13:44:08.861+0000] {processor.py:826} INFO - Processing file /opt/airflow/dags/consumer.py for tasks to queue
[2023-10-01T13:44:08.867+0000] {logging_mixin.py:150} INFO - [2023-10-01T13:44:08.866+0000] {dagbag.py:541} INFO - Filling up the DagBag from /opt/airflow/dags/consumer.py
[2023-10-01T13:44:08.878+0000] {processor.py:836} INFO - DAG(s) dict_keys(['consumer']) retrieved from /opt/airflow/dags/consumer.py
[2023-10-01T13:44:08.967+0000] {logging_mixin.py:150} INFO - [2023-10-01T13:44:08.966+0000] {dag.py:2742} INFO - Sync 1 DAGs
[2023-10-01T13:44:09.029+0000] {logging_mixin.py:150} INFO - [2023-10-01T13:44:09.029+0000] {dag.py:3504} INFO - Setting next_dagrun for consumer to None, run_after=None
[2023-10-01T13:44:09.109+0000] {processor.py:179} INFO - Processing /opt/airflow/dags/consumer.py took 0.261 seconds
[2023-10-01T13:44:39.397+0000] {processor.py:157} INFO - Started process (PID=10458) to work on /opt/airflow/dags/consumer.py
[2023-10-01T13:44:39.398+0000] {processor.py:826} INFO - Processing file /opt/airflow/dags/consumer.py for tasks to queue
[2023-10-01T13:44:39.400+0000] {logging_mixin.py:150} INFO - [2023-10-01T13:44:39.399+0000] {dagbag.py:541} INFO - Filling up the DagBag from /opt/airflow/dags/consumer.py
[2023-10-01T13:44:39.417+0000] {processor.py:836} INFO - DAG(s) dict_keys(['consumer']) retrieved from /opt/airflow/dags/consumer.py
[2023-10-01T13:44:39.481+0000] {logging_mixin.py:150} INFO - [2023-10-01T13:44:39.480+0000] {dag.py:2742} INFO - Sync 1 DAGs
[2023-10-01T13:44:39.559+0000] {logging_mixin.py:150} INFO - [2023-10-01T13:44:39.558+0000] {dag.py:3504} INFO - Setting next_dagrun for consumer to None, run_after=None
[2023-10-01T13:44:39.651+0000] {processor.py:179} INFO - Processing /opt/airflow/dags/consumer.py took 0.283 seconds
[2023-10-01T13:45:09.759+0000] {processor.py:157} INFO - Started process (PID=10486) to work on /opt/airflow/dags/consumer.py
[2023-10-01T13:45:09.760+0000] {processor.py:826} INFO - Processing file /opt/airflow/dags/consumer.py for tasks to queue
[2023-10-01T13:45:09.767+0000] {logging_mixin.py:150} INFO - [2023-10-01T13:45:09.766+0000] {dagbag.py:541} INFO - Filling up the DagBag from /opt/airflow/dags/consumer.py
[2023-10-01T13:45:09.787+0000] {processor.py:836} INFO - DAG(s) dict_keys(['consumer']) retrieved from /opt/airflow/dags/consumer.py
[2023-10-01T13:45:09.867+0000] {logging_mixin.py:150} INFO - [2023-10-01T13:45:09.866+0000] {dag.py:2742} INFO - Sync 1 DAGs
[2023-10-01T13:45:09.966+0000] {logging_mixin.py:150} INFO - [2023-10-01T13:45:09.960+0000] {dag.py:3504} INFO - Setting next_dagrun for consumer to None, run_after=None
[2023-10-01T13:45:10.120+0000] {processor.py:179} INFO - Processing /opt/airflow/dags/consumer.py took 0.371 seconds
[2023-10-01T13:45:40.600+0000] {processor.py:157} INFO - Started process (PID=10512) to work on /opt/airflow/dags/consumer.py
[2023-10-01T13:45:40.618+0000] {processor.py:826} INFO - Processing file /opt/airflow/dags/consumer.py for tasks to queue
[2023-10-01T13:45:40.619+0000] {logging_mixin.py:150} INFO - [2023-10-01T13:45:40.619+0000] {dagbag.py:541} INFO - Filling up the DagBag from /opt/airflow/dags/consumer.py
[2023-10-01T13:45:40.648+0000] {processor.py:836} INFO - DAG(s) dict_keys(['consumer']) retrieved from /opt/airflow/dags/consumer.py
[2023-10-01T13:45:40.800+0000] {logging_mixin.py:150} INFO - [2023-10-01T13:45:40.800+0000] {dag.py:2742} INFO - Sync 1 DAGs
[2023-10-01T13:45:40.947+0000] {logging_mixin.py:150} INFO - [2023-10-01T13:45:40.946+0000] {dag.py:3504} INFO - Setting next_dagrun for consumer to None, run_after=None
[2023-10-01T13:45:41.080+0000] {processor.py:179} INFO - Processing /opt/airflow/dags/consumer.py took 0.491 seconds
[2023-10-01T13:46:11.548+0000] {processor.py:157} INFO - Started process (PID=10539) to work on /opt/airflow/dags/consumer.py
[2023-10-01T13:46:11.559+0000] {processor.py:826} INFO - Processing file /opt/airflow/dags/consumer.py for tasks to queue
[2023-10-01T13:46:11.560+0000] {logging_mixin.py:150} INFO - [2023-10-01T13:46:11.560+0000] {dagbag.py:541} INFO - Filling up the DagBag from /opt/airflow/dags/consumer.py
[2023-10-01T13:46:11.599+0000] {processor.py:836} INFO - DAG(s) dict_keys(['consumer']) retrieved from /opt/airflow/dags/consumer.py
[2023-10-01T13:46:11.756+0000] {logging_mixin.py:150} INFO - [2023-10-01T13:46:11.750+0000] {dag.py:2742} INFO - Sync 1 DAGs
[2023-10-01T13:46:11.849+0000] {logging_mixin.py:150} INFO - [2023-10-01T13:46:11.848+0000] {dag.py:3504} INFO - Setting next_dagrun for consumer to None, run_after=None
[2023-10-01T13:46:11.998+0000] {processor.py:179} INFO - Processing /opt/airflow/dags/consumer.py took 0.461 seconds
[2023-10-01T13:46:42.647+0000] {processor.py:157} INFO - Started process (PID=10566) to work on /opt/airflow/dags/consumer.py
[2023-10-01T13:46:42.648+0000] {processor.py:826} INFO - Processing file /opt/airflow/dags/consumer.py for tasks to queue
[2023-10-01T13:46:42.649+0000] {logging_mixin.py:150} INFO - [2023-10-01T13:46:42.649+0000] {dagbag.py:541} INFO - Filling up the DagBag from /opt/airflow/dags/consumer.py
[2023-10-01T13:46:42.677+0000] {processor.py:836} INFO - DAG(s) dict_keys(['consumer']) retrieved from /opt/airflow/dags/consumer.py
[2023-10-01T13:46:42.907+0000] {logging_mixin.py:150} INFO - [2023-10-01T13:46:42.907+0000] {dag.py:2742} INFO - Sync 1 DAGs
[2023-10-01T13:46:43.039+0000] {logging_mixin.py:150} INFO - [2023-10-01T13:46:43.039+0000] {dag.py:3504} INFO - Setting next_dagrun for consumer to None, run_after=None
[2023-10-01T13:46:43.259+0000] {processor.py:179} INFO - Processing /opt/airflow/dags/consumer.py took 0.642 seconds
[2023-10-01T13:47:13.686+0000] {processor.py:157} INFO - Started process (PID=10595) to work on /opt/airflow/dags/consumer.py
[2023-10-01T13:47:13.688+0000] {processor.py:826} INFO - Processing file /opt/airflow/dags/consumer.py for tasks to queue
[2023-10-01T13:47:13.689+0000] {logging_mixin.py:150} INFO - [2023-10-01T13:47:13.689+0000] {dagbag.py:541} INFO - Filling up the DagBag from /opt/airflow/dags/consumer.py
[2023-10-01T13:47:13.707+0000] {processor.py:836} INFO - DAG(s) dict_keys(['consumer']) retrieved from /opt/airflow/dags/consumer.py
[2023-10-01T13:47:13.819+0000] {logging_mixin.py:150} INFO - [2023-10-01T13:47:13.819+0000] {dag.py:2742} INFO - Sync 1 DAGs
[2023-10-01T13:47:13.988+0000] {logging_mixin.py:150} INFO - [2023-10-01T13:47:13.988+0000] {dag.py:3504} INFO - Setting next_dagrun for consumer to None, run_after=None
[2023-10-01T13:47:14.109+0000] {processor.py:179} INFO - Processing /opt/airflow/dags/consumer.py took 0.439 seconds
[2023-10-01T13:47:44.818+0000] {processor.py:157} INFO - Started process (PID=10623) to work on /opt/airflow/dags/consumer.py
[2023-10-01T13:47:44.826+0000] {processor.py:826} INFO - Processing file /opt/airflow/dags/consumer.py for tasks to queue
[2023-10-01T13:47:44.827+0000] {logging_mixin.py:150} INFO - [2023-10-01T13:47:44.827+0000] {dagbag.py:541} INFO - Filling up the DagBag from /opt/airflow/dags/consumer.py
[2023-10-01T13:47:44.839+0000] {processor.py:836} INFO - DAG(s) dict_keys(['consumer']) retrieved from /opt/airflow/dags/consumer.py
[2023-10-01T13:47:44.969+0000] {logging_mixin.py:150} INFO - [2023-10-01T13:47:44.969+0000] {dag.py:2742} INFO - Sync 1 DAGs
[2023-10-01T13:47:45.066+0000] {logging_mixin.py:150} INFO - [2023-10-01T13:47:45.060+0000] {dag.py:3504} INFO - Setting next_dagrun for consumer to None, run_after=None
[2023-10-01T13:47:45.197+0000] {processor.py:179} INFO - Processing /opt/airflow/dags/consumer.py took 0.397 seconds
[2023-10-01T13:48:15.519+0000] {processor.py:157} INFO - Started process (PID=10650) to work on /opt/airflow/dags/consumer.py
[2023-10-01T13:48:15.519+0000] {processor.py:826} INFO - Processing file /opt/airflow/dags/consumer.py for tasks to queue
[2023-10-01T13:48:15.520+0000] {logging_mixin.py:150} INFO - [2023-10-01T13:48:15.520+0000] {dagbag.py:541} INFO - Filling up the DagBag from /opt/airflow/dags/consumer.py
[2023-10-01T13:48:15.537+0000] {processor.py:836} INFO - DAG(s) dict_keys(['consumer']) retrieved from /opt/airflow/dags/consumer.py
[2023-10-01T13:48:15.598+0000] {logging_mixin.py:150} INFO - [2023-10-01T13:48:15.598+0000] {dag.py:2742} INFO - Sync 1 DAGs
[2023-10-01T13:48:15.669+0000] {logging_mixin.py:150} INFO - [2023-10-01T13:48:15.668+0000] {dag.py:3504} INFO - Setting next_dagrun for consumer to None, run_after=None
[2023-10-01T13:48:15.770+0000] {processor.py:179} INFO - Processing /opt/airflow/dags/consumer.py took 0.260 seconds
[2023-10-01T13:48:46.430+0000] {processor.py:157} INFO - Started process (PID=10677) to work on /opt/airflow/dags/consumer.py
[2023-10-01T13:48:46.438+0000] {processor.py:826} INFO - Processing file /opt/airflow/dags/consumer.py for tasks to queue
[2023-10-01T13:48:46.439+0000] {logging_mixin.py:150} INFO - [2023-10-01T13:48:46.439+0000] {dagbag.py:541} INFO - Filling up the DagBag from /opt/airflow/dags/consumer.py
[2023-10-01T13:48:46.458+0000] {processor.py:836} INFO - DAG(s) dict_keys(['consumer']) retrieved from /opt/airflow/dags/consumer.py
[2023-10-01T13:48:46.589+0000] {logging_mixin.py:150} INFO - [2023-10-01T13:48:46.589+0000] {dag.py:2742} INFO - Sync 1 DAGs
[2023-10-01T13:48:46.720+0000] {logging_mixin.py:150} INFO - [2023-10-01T13:48:46.720+0000] {dag.py:3504} INFO - Setting next_dagrun for consumer to None, run_after=None
[2023-10-01T13:48:46.917+0000] {processor.py:179} INFO - Processing /opt/airflow/dags/consumer.py took 0.498 seconds
[2023-10-01T13:49:17.809+0000] {processor.py:157} INFO - Started process (PID=10706) to work on /opt/airflow/dags/consumer.py
[2023-10-01T13:49:17.826+0000] {processor.py:826} INFO - Processing file /opt/airflow/dags/consumer.py for tasks to queue
[2023-10-01T13:49:17.828+0000] {logging_mixin.py:150} INFO - [2023-10-01T13:49:17.827+0000] {dagbag.py:541} INFO - Filling up the DagBag from /opt/airflow/dags/consumer.py
[2023-10-01T13:49:17.847+0000] {processor.py:836} INFO - DAG(s) dict_keys(['consumer']) retrieved from /opt/airflow/dags/consumer.py
[2023-10-01T13:49:17.969+0000] {logging_mixin.py:150} INFO - [2023-10-01T13:49:17.968+0000] {dag.py:2742} INFO - Sync 1 DAGs
[2023-10-01T13:49:18.088+0000] {logging_mixin.py:150} INFO - [2023-10-01T13:49:18.088+0000] {dag.py:3504} INFO - Setting next_dagrun for consumer to None, run_after=None
[2023-10-01T13:49:18.227+0000] {processor.py:179} INFO - Processing /opt/airflow/dags/consumer.py took 0.428 seconds
[2023-10-01T13:49:48.537+0000] {processor.py:157} INFO - Started process (PID=10734) to work on /opt/airflow/dags/consumer.py
[2023-10-01T13:49:48.538+0000] {processor.py:826} INFO - Processing file /opt/airflow/dags/consumer.py for tasks to queue
[2023-10-01T13:49:48.539+0000] {logging_mixin.py:150} INFO - [2023-10-01T13:49:48.539+0000] {dagbag.py:541} INFO - Filling up the DagBag from /opt/airflow/dags/consumer.py
[2023-10-01T13:49:48.558+0000] {processor.py:836} INFO - DAG(s) dict_keys(['consumer']) retrieved from /opt/airflow/dags/consumer.py
[2023-10-01T13:49:48.657+0000] {logging_mixin.py:150} INFO - [2023-10-01T13:49:48.657+0000] {dag.py:2742} INFO - Sync 1 DAGs
[2023-10-01T13:49:48.720+0000] {logging_mixin.py:150} INFO - [2023-10-01T13:49:48.719+0000] {dag.py:3504} INFO - Setting next_dagrun for consumer to None, run_after=None
[2023-10-01T13:49:48.809+0000] {processor.py:179} INFO - Processing /opt/airflow/dags/consumer.py took 0.291 seconds
[2023-10-01T13:50:19.286+0000] {processor.py:157} INFO - Started process (PID=10762) to work on /opt/airflow/dags/consumer.py
[2023-10-01T13:50:19.288+0000] {processor.py:826} INFO - Processing file /opt/airflow/dags/consumer.py for tasks to queue
[2023-10-01T13:50:19.289+0000] {logging_mixin.py:150} INFO - [2023-10-01T13:50:19.289+0000] {dagbag.py:541} INFO - Filling up the DagBag from /opt/airflow/dags/consumer.py
[2023-10-01T13:50:19.318+0000] {processor.py:836} INFO - DAG(s) dict_keys(['consumer']) retrieved from /opt/airflow/dags/consumer.py
[2023-10-01T13:50:19.428+0000] {logging_mixin.py:150} INFO - [2023-10-01T13:50:19.428+0000] {dag.py:2742} INFO - Sync 1 DAGs
[2023-10-01T13:50:19.507+0000] {logging_mixin.py:150} INFO - [2023-10-01T13:50:19.506+0000] {dag.py:3504} INFO - Setting next_dagrun for consumer to None, run_after=None
[2023-10-01T13:50:19.598+0000] {processor.py:179} INFO - Processing /opt/airflow/dags/consumer.py took 0.330 seconds
[2023-10-01T13:50:49.919+0000] {processor.py:157} INFO - Started process (PID=10790) to work on /opt/airflow/dags/consumer.py
[2023-10-01T13:50:49.927+0000] {processor.py:826} INFO - Processing file /opt/airflow/dags/consumer.py for tasks to queue
[2023-10-01T13:50:49.928+0000] {logging_mixin.py:150} INFO - [2023-10-01T13:50:49.927+0000] {dagbag.py:541} INFO - Filling up the DagBag from /opt/airflow/dags/consumer.py
[2023-10-01T13:50:49.946+0000] {processor.py:836} INFO - DAG(s) dict_keys(['consumer']) retrieved from /opt/airflow/dags/consumer.py
[2023-10-01T13:50:50.029+0000] {logging_mixin.py:150} INFO - [2023-10-01T13:50:50.029+0000] {dag.py:2742} INFO - Sync 1 DAGs
[2023-10-01T13:50:50.116+0000] {logging_mixin.py:150} INFO - [2023-10-01T13:50:50.116+0000] {dag.py:3504} INFO - Setting next_dagrun for consumer to None, run_after=None
[2023-10-01T13:50:50.217+0000] {processor.py:179} INFO - Processing /opt/airflow/dags/consumer.py took 0.310 seconds
[2023-10-01T13:51:20.878+0000] {processor.py:157} INFO - Started process (PID=10817) to work on /opt/airflow/dags/consumer.py
[2023-10-01T13:51:20.879+0000] {processor.py:826} INFO - Processing file /opt/airflow/dags/consumer.py for tasks to queue
[2023-10-01T13:51:20.887+0000] {logging_mixin.py:150} INFO - [2023-10-01T13:51:20.887+0000] {dagbag.py:541} INFO - Filling up the DagBag from /opt/airflow/dags/consumer.py
[2023-10-01T13:51:20.909+0000] {processor.py:836} INFO - DAG(s) dict_keys(['consumer']) retrieved from /opt/airflow/dags/consumer.py
[2023-10-01T13:51:21.048+0000] {logging_mixin.py:150} INFO - [2023-10-01T13:51:21.048+0000] {dag.py:2742} INFO - Sync 1 DAGs
[2023-10-01T13:51:21.187+0000] {logging_mixin.py:150} INFO - [2023-10-01T13:51:21.186+0000] {dag.py:3504} INFO - Setting next_dagrun for consumer to None, run_after=None
[2023-10-01T13:51:21.336+0000] {processor.py:179} INFO - Processing /opt/airflow/dags/consumer.py took 0.478 seconds
[2023-10-01T13:51:51.799+0000] {processor.py:157} INFO - Started process (PID=10844) to work on /opt/airflow/dags/consumer.py
[2023-10-01T13:51:51.807+0000] {processor.py:826} INFO - Processing file /opt/airflow/dags/consumer.py for tasks to queue
[2023-10-01T13:51:51.809+0000] {logging_mixin.py:150} INFO - [2023-10-01T13:51:51.808+0000] {dagbag.py:541} INFO - Filling up the DagBag from /opt/airflow/dags/consumer.py
[2023-10-01T13:51:51.847+0000] {processor.py:836} INFO - DAG(s) dict_keys(['consumer']) retrieved from /opt/airflow/dags/consumer.py
[2023-10-01T13:51:51.979+0000] {logging_mixin.py:150} INFO - [2023-10-01T13:51:51.979+0000] {dag.py:2742} INFO - Sync 1 DAGs
[2023-10-01T13:51:52.088+0000] {logging_mixin.py:150} INFO - [2023-10-01T13:51:52.088+0000] {dag.py:3504} INFO - Setting next_dagrun for consumer to None, run_after=None
[2023-10-01T13:51:52.239+0000] {processor.py:179} INFO - Processing /opt/airflow/dags/consumer.py took 0.460 seconds
[2023-10-01T13:52:23.149+0000] {processor.py:157} INFO - Started process (PID=10872) to work on /opt/airflow/dags/consumer.py
[2023-10-01T13:52:23.157+0000] {processor.py:826} INFO - Processing file /opt/airflow/dags/consumer.py for tasks to queue
[2023-10-01T13:52:23.158+0000] {logging_mixin.py:150} INFO - [2023-10-01T13:52:23.157+0000] {dagbag.py:541} INFO - Filling up the DagBag from /opt/airflow/dags/consumer.py
[2023-10-01T13:52:23.177+0000] {processor.py:836} INFO - DAG(s) dict_keys(['consumer']) retrieved from /opt/airflow/dags/consumer.py
[2023-10-01T13:52:23.297+0000] {logging_mixin.py:150} INFO - [2023-10-01T13:52:23.297+0000] {dag.py:2742} INFO - Sync 1 DAGs
[2023-10-01T13:52:23.397+0000] {logging_mixin.py:150} INFO - [2023-10-01T13:52:23.397+0000] {dag.py:3504} INFO - Setting next_dagrun for consumer to None, run_after=None
[2023-10-01T13:52:23.537+0000] {processor.py:179} INFO - Processing /opt/airflow/dags/consumer.py took 0.399 seconds
[2023-10-01T13:52:54.189+0000] {processor.py:157} INFO - Started process (PID=10890) to work on /opt/airflow/dags/consumer.py
[2023-10-01T13:52:54.197+0000] {processor.py:826} INFO - Processing file /opt/airflow/dags/consumer.py for tasks to queue
[2023-10-01T13:52:54.198+0000] {logging_mixin.py:150} INFO - [2023-10-01T13:52:54.198+0000] {dagbag.py:541} INFO - Filling up the DagBag from /opt/airflow/dags/consumer.py
[2023-10-01T13:52:54.219+0000] {processor.py:836} INFO - DAG(s) dict_keys(['consumer']) retrieved from /opt/airflow/dags/consumer.py
[2023-10-01T13:52:54.358+0000] {logging_mixin.py:150} INFO - [2023-10-01T13:52:54.358+0000] {dag.py:2742} INFO - Sync 1 DAGs
[2023-10-01T13:52:54.516+0000] {logging_mixin.py:150} INFO - [2023-10-01T13:52:54.509+0000] {dag.py:3504} INFO - Setting next_dagrun for consumer to None, run_after=None
[2023-10-01T13:52:54.638+0000] {processor.py:179} INFO - Processing /opt/airflow/dags/consumer.py took 0.461 seconds
[2023-10-01T13:53:24.888+0000] {processor.py:157} INFO - Started process (PID=10917) to work on /opt/airflow/dags/consumer.py
[2023-10-01T13:53:24.896+0000] {processor.py:826} INFO - Processing file /opt/airflow/dags/consumer.py for tasks to queue
[2023-10-01T13:53:24.897+0000] {logging_mixin.py:150} INFO - [2023-10-01T13:53:24.897+0000] {dagbag.py:541} INFO - Filling up the DagBag from /opt/airflow/dags/consumer.py
[2023-10-01T13:53:24.909+0000] {processor.py:836} INFO - DAG(s) dict_keys(['consumer']) retrieved from /opt/airflow/dags/consumer.py
[2023-10-01T13:53:25.008+0000] {logging_mixin.py:150} INFO - [2023-10-01T13:53:25.008+0000] {dag.py:2742} INFO - Sync 1 DAGs
[2023-10-01T13:53:25.107+0000] {logging_mixin.py:150} INFO - [2023-10-01T13:53:25.106+0000] {dag.py:3504} INFO - Setting next_dagrun for consumer to None, run_after=None
[2023-10-01T13:53:25.209+0000] {processor.py:179} INFO - Processing /opt/airflow/dags/consumer.py took 0.331 seconds
[2023-10-01T13:53:56.228+0000] {processor.py:157} INFO - Started process (PID=10944) to work on /opt/airflow/dags/consumer.py
[2023-10-01T13:53:56.239+0000] {processor.py:826} INFO - Processing file /opt/airflow/dags/consumer.py for tasks to queue
[2023-10-01T13:53:56.248+0000] {logging_mixin.py:150} INFO - [2023-10-01T13:53:56.247+0000] {dagbag.py:541} INFO - Filling up the DagBag from /opt/airflow/dags/consumer.py
[2023-10-01T13:53:56.307+0000] {processor.py:836} INFO - DAG(s) dict_keys(['consumer']) retrieved from /opt/airflow/dags/consumer.py
[2023-10-01T13:53:56.528+0000] {logging_mixin.py:150} INFO - [2023-10-01T13:53:56.527+0000] {dag.py:2742} INFO - Sync 1 DAGs
[2023-10-01T13:53:56.808+0000] {logging_mixin.py:150} INFO - [2023-10-01T13:53:56.807+0000] {dag.py:3504} INFO - Setting next_dagrun for consumer to None, run_after=None
[2023-10-01T13:53:57.057+0000] {processor.py:179} INFO - Processing /opt/airflow/dags/consumer.py took 0.849 seconds
[2023-10-01T13:54:27.659+0000] {processor.py:157} INFO - Started process (PID=10970) to work on /opt/airflow/dags/consumer.py
[2023-10-01T13:54:27.668+0000] {processor.py:826} INFO - Processing file /opt/airflow/dags/consumer.py for tasks to queue
[2023-10-01T13:54:27.669+0000] {logging_mixin.py:150} INFO - [2023-10-01T13:54:27.668+0000] {dagbag.py:541} INFO - Filling up the DagBag from /opt/airflow/dags/consumer.py
[2023-10-01T13:54:27.706+0000] {processor.py:836} INFO - DAG(s) dict_keys(['consumer']) retrieved from /opt/airflow/dags/consumer.py
[2023-10-01T13:54:27.868+0000] {logging_mixin.py:150} INFO - [2023-10-01T13:54:27.868+0000] {dag.py:2742} INFO - Sync 1 DAGs
[2023-10-01T13:54:28.037+0000] {logging_mixin.py:150} INFO - [2023-10-01T13:54:28.037+0000] {dag.py:3504} INFO - Setting next_dagrun for consumer to None, run_after=None
[2023-10-01T13:54:28.267+0000] {processor.py:179} INFO - Processing /opt/airflow/dags/consumer.py took 0.629 seconds
[2023-10-01T13:54:58.378+0000] {processor.py:157} INFO - Started process (PID=10997) to work on /opt/airflow/dags/consumer.py
[2023-10-01T13:54:58.387+0000] {processor.py:826} INFO - Processing file /opt/airflow/dags/consumer.py for tasks to queue
[2023-10-01T13:54:58.388+0000] {logging_mixin.py:150} INFO - [2023-10-01T13:54:58.388+0000] {dagbag.py:541} INFO - Filling up the DagBag from /opt/airflow/dags/consumer.py
[2023-10-01T13:54:58.416+0000] {processor.py:836} INFO - DAG(s) dict_keys(['consumer']) retrieved from /opt/airflow/dags/consumer.py
[2023-10-01T13:54:58.597+0000] {logging_mixin.py:150} INFO - [2023-10-01T13:54:58.596+0000] {dag.py:2742} INFO - Sync 1 DAGs
[2023-10-01T13:54:58.728+0000] {logging_mixin.py:150} INFO - [2023-10-01T13:54:58.728+0000] {dag.py:3504} INFO - Setting next_dagrun for consumer to None, run_after=None
[2023-10-01T13:54:58.907+0000] {processor.py:179} INFO - Processing /opt/airflow/dags/consumer.py took 0.548 seconds
[2023-10-01T13:55:29.388+0000] {processor.py:157} INFO - Started process (PID=11024) to work on /opt/airflow/dags/consumer.py
[2023-10-01T13:55:29.397+0000] {processor.py:826} INFO - Processing file /opt/airflow/dags/consumer.py for tasks to queue
[2023-10-01T13:55:29.398+0000] {logging_mixin.py:150} INFO - [2023-10-01T13:55:29.398+0000] {dagbag.py:541} INFO - Filling up the DagBag from /opt/airflow/dags/consumer.py
[2023-10-01T13:55:29.428+0000] {processor.py:836} INFO - DAG(s) dict_keys(['consumer']) retrieved from /opt/airflow/dags/consumer.py
[2023-10-01T13:55:29.618+0000] {logging_mixin.py:150} INFO - [2023-10-01T13:55:29.618+0000] {dag.py:2742} INFO - Sync 1 DAGs
[2023-10-01T13:55:29.777+0000] {logging_mixin.py:150} INFO - [2023-10-01T13:55:29.776+0000] {dag.py:3504} INFO - Setting next_dagrun for consumer to None, run_after=None
[2023-10-01T13:55:29.978+0000] {processor.py:179} INFO - Processing /opt/airflow/dags/consumer.py took 0.610 seconds
[2023-10-01T13:56:00.198+0000] {processor.py:157} INFO - Started process (PID=11051) to work on /opt/airflow/dags/consumer.py
[2023-10-01T13:56:00.208+0000] {processor.py:826} INFO - Processing file /opt/airflow/dags/consumer.py for tasks to queue
[2023-10-01T13:56:00.217+0000] {logging_mixin.py:150} INFO - [2023-10-01T13:56:00.216+0000] {dagbag.py:541} INFO - Filling up the DagBag from /opt/airflow/dags/consumer.py
[2023-10-01T13:56:00.257+0000] {processor.py:836} INFO - DAG(s) dict_keys(['consumer']) retrieved from /opt/airflow/dags/consumer.py
[2023-10-01T13:56:00.486+0000] {logging_mixin.py:150} INFO - [2023-10-01T13:56:00.478+0000] {dag.py:2742} INFO - Sync 1 DAGs
[2023-10-01T13:56:00.727+0000] {logging_mixin.py:150} INFO - [2023-10-01T13:56:00.727+0000] {dag.py:3504} INFO - Setting next_dagrun for consumer to None, run_after=None
[2023-10-01T13:56:00.968+0000] {processor.py:179} INFO - Processing /opt/airflow/dags/consumer.py took 0.790 seconds
[2023-10-01T13:56:31.328+0000] {processor.py:157} INFO - Started process (PID=11079) to work on /opt/airflow/dags/consumer.py
[2023-10-01T13:56:31.338+0000] {processor.py:826} INFO - Processing file /opt/airflow/dags/consumer.py for tasks to queue
[2023-10-01T13:56:31.358+0000] {logging_mixin.py:150} INFO - [2023-10-01T13:56:31.357+0000] {dagbag.py:541} INFO - Filling up the DagBag from /opt/airflow/dags/consumer.py
[2023-10-01T13:56:31.398+0000] {processor.py:836} INFO - DAG(s) dict_keys(['consumer']) retrieved from /opt/airflow/dags/consumer.py
[2023-10-01T13:56:31.707+0000] {logging_mixin.py:150} INFO - [2023-10-01T13:56:31.707+0000] {dag.py:2742} INFO - Sync 1 DAGs
[2023-10-01T13:56:31.977+0000] {logging_mixin.py:150} INFO - [2023-10-01T13:56:31.968+0000] {dag.py:3504} INFO - Setting next_dagrun for consumer to None, run_after=None
[2023-10-01T13:56:32.268+0000] {processor.py:179} INFO - Processing /opt/airflow/dags/consumer.py took 0.970 seconds
[2023-10-01T13:57:02.747+0000] {processor.py:157} INFO - Started process (PID=11106) to work on /opt/airflow/dags/consumer.py
[2023-10-01T13:57:02.767+0000] {processor.py:826} INFO - Processing file /opt/airflow/dags/consumer.py for tasks to queue
[2023-10-01T13:57:02.777+0000] {logging_mixin.py:150} INFO - [2023-10-01T13:57:02.776+0000] {dagbag.py:541} INFO - Filling up the DagBag from /opt/airflow/dags/consumer.py
[2023-10-01T13:57:02.827+0000] {processor.py:836} INFO - DAG(s) dict_keys(['consumer']) retrieved from /opt/airflow/dags/consumer.py
[2023-10-01T13:57:03.108+0000] {logging_mixin.py:150} INFO - [2023-10-01T13:57:03.108+0000] {dag.py:2742} INFO - Sync 1 DAGs
[2023-10-01T13:57:03.408+0000] {logging_mixin.py:150} INFO - [2023-10-01T13:57:03.407+0000] {dag.py:3504} INFO - Setting next_dagrun for consumer to None, run_after=None
[2023-10-01T13:57:03.937+0000] {processor.py:179} INFO - Processing /opt/airflow/dags/consumer.py took 1.230 seconds
[2023-10-01T13:57:34.457+0000] {processor.py:157} INFO - Started process (PID=11133) to work on /opt/airflow/dags/consumer.py
[2023-10-01T13:57:34.477+0000] {processor.py:826} INFO - Processing file /opt/airflow/dags/consumer.py for tasks to queue
[2023-10-01T13:57:34.486+0000] {logging_mixin.py:150} INFO - [2023-10-01T13:57:34.477+0000] {dagbag.py:541} INFO - Filling up the DagBag from /opt/airflow/dags/consumer.py
[2023-10-01T13:57:34.528+0000] {processor.py:836} INFO - DAG(s) dict_keys(['consumer']) retrieved from /opt/airflow/dags/consumer.py
[2023-10-01T13:57:34.857+0000] {logging_mixin.py:150} INFO - [2023-10-01T13:57:34.857+0000] {dag.py:2742} INFO - Sync 1 DAGs
[2023-10-01T13:57:35.106+0000] {logging_mixin.py:150} INFO - [2023-10-01T13:57:35.098+0000] {dag.py:3504} INFO - Setting next_dagrun for consumer to None, run_after=None
[2023-10-01T13:57:35.438+0000] {processor.py:179} INFO - Processing /opt/airflow/dags/consumer.py took 1.020 seconds
[2023-10-01T13:58:06.918+0000] {processor.py:157} INFO - Started process (PID=11160) to work on /opt/airflow/dags/consumer.py
[2023-10-01T13:58:06.936+0000] {processor.py:826} INFO - Processing file /opt/airflow/dags/consumer.py for tasks to queue
[2023-10-01T13:58:06.938+0000] {logging_mixin.py:150} INFO - [2023-10-01T13:58:06.937+0000] {dagbag.py:541} INFO - Filling up the DagBag from /opt/airflow/dags/consumer.py
[2023-10-01T13:58:06.997+0000] {processor.py:836} INFO - DAG(s) dict_keys(['consumer']) retrieved from /opt/airflow/dags/consumer.py
[2023-10-01T13:58:07.338+0000] {logging_mixin.py:150} INFO - [2023-10-01T13:58:07.337+0000] {dag.py:2742} INFO - Sync 1 DAGs
[2023-10-01T13:58:07.677+0000] {logging_mixin.py:150} INFO - [2023-10-01T13:58:07.677+0000] {dag.py:3504} INFO - Setting next_dagrun for consumer to None, run_after=None
[2023-10-01T13:58:07.926+0000] {processor.py:179} INFO - Processing /opt/airflow/dags/consumer.py took 1.050 seconds
[2023-10-01T13:58:39.417+0000] {processor.py:157} INFO - Started process (PID=11187) to work on /opt/airflow/dags/consumer.py
[2023-10-01T13:58:39.436+0000] {processor.py:826} INFO - Processing file /opt/airflow/dags/consumer.py for tasks to queue
[2023-10-01T13:58:39.438+0000] {logging_mixin.py:150} INFO - [2023-10-01T13:58:39.437+0000] {dagbag.py:541} INFO - Filling up the DagBag from /opt/airflow/dags/consumer.py
[2023-10-01T13:58:39.506+0000] {processor.py:836} INFO - DAG(s) dict_keys(['consumer']) retrieved from /opt/airflow/dags/consumer.py
[2023-10-01T13:58:40.037+0000] {logging_mixin.py:150} INFO - [2023-10-01T13:58:40.037+0000] {dag.py:2742} INFO - Sync 1 DAGs
[2023-10-01T13:58:40.596+0000] {logging_mixin.py:150} INFO - [2023-10-01T13:58:40.577+0000] {dag.py:3504} INFO - Setting next_dagrun for consumer to None, run_after=None
[2023-10-01T13:58:41.267+0000] {processor.py:179} INFO - Processing /opt/airflow/dags/consumer.py took 1.910 seconds
[2023-10-01T13:59:12.017+0000] {processor.py:157} INFO - Started process (PID=11206) to work on /opt/airflow/dags/consumer.py
[2023-10-01T13:59:12.026+0000] {processor.py:826} INFO - Processing file /opt/airflow/dags/consumer.py for tasks to queue
[2023-10-01T13:59:12.028+0000] {logging_mixin.py:150} INFO - [2023-10-01T13:59:12.027+0000] {dagbag.py:541} INFO - Filling up the DagBag from /opt/airflow/dags/consumer.py
[2023-10-01T13:59:12.087+0000] {processor.py:836} INFO - DAG(s) dict_keys(['consumer']) retrieved from /opt/airflow/dags/consumer.py
[2023-10-01T13:59:12.477+0000] {logging_mixin.py:150} INFO - [2023-10-01T13:59:12.477+0000] {dag.py:2742} INFO - Sync 1 DAGs
[2023-10-01T13:59:13.096+0000] {logging_mixin.py:150} INFO - [2023-10-01T13:59:13.087+0000] {dag.py:3504} INFO - Setting next_dagrun for consumer to None, run_after=None
[2023-10-01T13:59:13.817+0000] {processor.py:179} INFO - Processing /opt/airflow/dags/consumer.py took 1.839 seconds
[2023-10-01T13:59:44.346+0000] {processor.py:157} INFO - Started process (PID=11235) to work on /opt/airflow/dags/consumer.py
[2023-10-01T13:59:44.357+0000] {processor.py:826} INFO - Processing file /opt/airflow/dags/consumer.py for tasks to queue
[2023-10-01T13:59:44.367+0000] {logging_mixin.py:150} INFO - [2023-10-01T13:59:44.367+0000] {dagbag.py:541} INFO - Filling up the DagBag from /opt/airflow/dags/consumer.py
[2023-10-01T13:59:44.447+0000] {processor.py:836} INFO - DAG(s) dict_keys(['consumer']) retrieved from /opt/airflow/dags/consumer.py
[2023-10-01T13:59:45.247+0000] {logging_mixin.py:150} INFO - [2023-10-01T13:59:45.247+0000] {dag.py:2742} INFO - Sync 1 DAGs
[2023-10-01T13:59:46.037+0000] {logging_mixin.py:150} INFO - [2023-10-01T13:59:46.027+0000] {dag.py:3504} INFO - Setting next_dagrun for consumer to None, run_after=None
[2023-10-01T13:59:46.707+0000] {processor.py:179} INFO - Processing /opt/airflow/dags/consumer.py took 2.419 seconds
[2023-10-01T14:00:17.937+0000] {processor.py:157} INFO - Started process (PID=11269) to work on /opt/airflow/dags/consumer.py
[2023-10-01T14:00:17.956+0000] {processor.py:826} INFO - Processing file /opt/airflow/dags/consumer.py for tasks to queue
[2023-10-01T14:00:17.966+0000] {logging_mixin.py:150} INFO - [2023-10-01T14:00:17.957+0000] {dagbag.py:541} INFO - Filling up the DagBag from /opt/airflow/dags/consumer.py
[2023-10-01T14:00:18.037+0000] {processor.py:836} INFO - DAG(s) dict_keys(['consumer']) retrieved from /opt/airflow/dags/consumer.py
[2023-10-01T14:00:18.606+0000] {logging_mixin.py:150} INFO - [2023-10-01T14:00:18.597+0000] {dag.py:2742} INFO - Sync 1 DAGs
[2023-10-01T14:00:19.456+0000] {logging_mixin.py:150} INFO - [2023-10-01T14:00:19.447+0000] {dag.py:3504} INFO - Setting next_dagrun for consumer to None, run_after=None
[2023-10-01T14:00:20.187+0000] {processor.py:179} INFO - Processing /opt/airflow/dags/consumer.py took 2.290 seconds
[2023-10-01T14:00:50.596+0000] {processor.py:157} INFO - Started process (PID=11297) to work on /opt/airflow/dags/consumer.py
[2023-10-01T14:00:50.607+0000] {processor.py:826} INFO - Processing file /opt/airflow/dags/consumer.py for tasks to queue
[2023-10-01T14:00:50.626+0000] {logging_mixin.py:150} INFO - [2023-10-01T14:00:50.617+0000] {dagbag.py:541} INFO - Filling up the DagBag from /opt/airflow/dags/consumer.py
[2023-10-01T14:00:50.757+0000] {processor.py:836} INFO - DAG(s) dict_keys(['consumer']) retrieved from /opt/airflow/dags/consumer.py
[2023-10-01T14:00:51.396+0000] {logging_mixin.py:150} INFO - [2023-10-01T14:00:51.387+0000] {dag.py:2742} INFO - Sync 1 DAGs
[2023-10-01T14:00:52.076+0000] {logging_mixin.py:150} INFO - [2023-10-01T14:00:52.057+0000] {dag.py:3504} INFO - Setting next_dagrun for consumer to None, run_after=None
[2023-10-01T14:00:52.927+0000] {processor.py:179} INFO - Processing /opt/airflow/dags/consumer.py took 2.430 seconds
[2023-10-01T14:01:25.097+0000] {processor.py:157} INFO - Started process (PID=11324) to work on /opt/airflow/dags/consumer.py
[2023-10-01T14:01:25.127+0000] {processor.py:826} INFO - Processing file /opt/airflow/dags/consumer.py for tasks to queue
[2023-10-01T14:01:25.156+0000] {logging_mixin.py:150} INFO - [2023-10-01T14:01:25.147+0000] {dagbag.py:541} INFO - Filling up the DagBag from /opt/airflow/dags/consumer.py
[2023-10-01T14:01:25.337+0000] {processor.py:836} INFO - DAG(s) dict_keys(['consumer']) retrieved from /opt/airflow/dags/consumer.py
[2023-10-01T14:01:26.407+0000] {logging_mixin.py:150} INFO - [2023-10-01T14:01:26.406+0000] {dag.py:2742} INFO - Sync 1 DAGs
[2023-10-01T14:01:27.366+0000] {logging_mixin.py:150} INFO - [2023-10-01T14:01:27.317+0000] {dag.py:3504} INFO - Setting next_dagrun for consumer to None, run_after=None
[2023-10-01T14:01:28.607+0000] {processor.py:179} INFO - Processing /opt/airflow/dags/consumer.py took 3.600 seconds
[2023-10-01T14:02:00.316+0000] {processor.py:157} INFO - Started process (PID=11343) to work on /opt/airflow/dags/consumer.py
[2023-10-01T14:02:00.347+0000] {processor.py:826} INFO - Processing file /opt/airflow/dags/consumer.py for tasks to queue
[2023-10-01T14:02:00.387+0000] {logging_mixin.py:150} INFO - [2023-10-01T14:02:00.376+0000] {dagbag.py:541} INFO - Filling up the DagBag from /opt/airflow/dags/consumer.py
[2023-10-01T14:02:00.606+0000] {processor.py:836} INFO - DAG(s) dict_keys(['consumer']) retrieved from /opt/airflow/dags/consumer.py
[2023-10-01T14:02:02.236+0000] {logging_mixin.py:150} INFO - [2023-10-01T14:02:02.187+0000] {dag.py:2742} INFO - Sync 1 DAGs
[2023-10-01T14:02:03.467+0000] {logging_mixin.py:150} INFO - [2023-10-01T14:02:03.466+0000] {dag.py:3504} INFO - Setting next_dagrun for consumer to None, run_after=None
[2023-10-01T14:02:05.627+0000] {processor.py:179} INFO - Processing /opt/airflow/dags/consumer.py took 5.380 seconds
[2023-10-01T14:02:38.376+0000] {processor.py:157} INFO - Started process (PID=11370) to work on /opt/airflow/dags/consumer.py
[2023-10-01T14:02:38.427+0000] {processor.py:826} INFO - Processing file /opt/airflow/dags/consumer.py for tasks to queue
[2023-10-01T14:02:38.516+0000] {logging_mixin.py:150} INFO - [2023-10-01T14:02:38.437+0000] {dagbag.py:541} INFO - Filling up the DagBag from /opt/airflow/dags/consumer.py
[2023-10-01T14:02:38.977+0000] {processor.py:836} INFO - DAG(s) dict_keys(['consumer']) retrieved from /opt/airflow/dags/consumer.py
[2023-10-01T14:02:40.137+0000] {logging_mixin.py:150} INFO - [2023-10-01T14:02:40.136+0000] {dag.py:2742} INFO - Sync 1 DAGs
[2023-10-01T14:02:41.487+0000] {logging_mixin.py:150} INFO - [2023-10-01T14:02:41.486+0000] {dag.py:3504} INFO - Setting next_dagrun for consumer to None, run_after=None
[2023-10-01T14:02:43.137+0000] {processor.py:179} INFO - Processing /opt/airflow/dags/consumer.py took 4.970 seconds
[2023-10-01T14:03:50.507+0000] {processor.py:157} INFO - Started process (PID=11406) to work on /opt/airflow/dags/consumer.py
[2023-10-01T14:03:50.617+0000] {processor.py:826} INFO - Processing file /opt/airflow/dags/consumer.py for tasks to queue
[2023-10-01T14:03:50.836+0000] {logging_mixin.py:150} INFO - [2023-10-01T14:03:50.766+0000] {dagbag.py:541} INFO - Filling up the DagBag from /opt/airflow/dags/consumer.py
[2023-10-01T14:03:51.826+0000] {processor.py:836} INFO - DAG(s) dict_keys(['consumer']) retrieved from /opt/airflow/dags/consumer.py
[2023-10-01T14:03:56.496+0000] {logging_mixin.py:150} INFO - [2023-10-01T14:03:56.486+0000] {dag.py:2742} INFO - Sync 1 DAGs
[2023-10-01T14:04:01.956+0000] {logging_mixin.py:150} INFO - [2023-10-01T14:04:01.896+0000] {dag.py:3504} INFO - Setting next_dagrun for consumer to None, run_after=None
[2023-10-01T14:04:08.297+0000] {processor.py:179} INFO - Processing /opt/airflow/dags/consumer.py took 18.350 seconds
