[2023-10-01T13:21:53.158+0000] {processor.py:157} INFO - Started process (PID=9241) to work on /opt/airflow/dags/group_dag_no_subdags.py
[2023-10-01T13:21:53.159+0000] {processor.py:826} INFO - Processing file /opt/airflow/dags/group_dag_no_subdags.py for tasks to queue
[2023-10-01T13:21:53.245+0000] {logging_mixin.py:150} INFO - [2023-10-01T13:21:53.244+0000] {dagbag.py:541} INFO - Filling up the DagBag from /opt/airflow/dags/group_dag_no_subdags.py
[2023-10-01T13:21:53.343+0000] {processor.py:836} INFO - DAG(s) dict_keys(['group_dag_no_subdags']) retrieved from /opt/airflow/dags/group_dag_no_subdags.py
[2023-10-01T13:21:53.656+0000] {logging_mixin.py:150} INFO - [2023-10-01T13:21:53.655+0000] {dag.py:2742} INFO - Sync 1 DAGs
[2023-10-01T13:21:53.988+0000] {logging_mixin.py:150} INFO - [2023-10-01T13:21:53.988+0000] {dag.py:3504} INFO - Setting next_dagrun for group_dag_no_subdags to 2023-10-01T00:00:00+00:00, run_after=2023-10-02T00:00:00+00:00
[2023-10-01T13:21:54.165+0000] {processor.py:179} INFO - Processing /opt/airflow/dags/group_dag_no_subdags.py took 1.035 seconds
[2023-10-01T13:22:24.369+0000] {processor.py:157} INFO - Started process (PID=9278) to work on /opt/airflow/dags/group_dag_no_subdags.py
[2023-10-01T13:22:24.370+0000] {processor.py:826} INFO - Processing file /opt/airflow/dags/group_dag_no_subdags.py for tasks to queue
[2023-10-01T13:22:24.371+0000] {logging_mixin.py:150} INFO - [2023-10-01T13:22:24.371+0000] {dagbag.py:541} INFO - Filling up the DagBag from /opt/airflow/dags/group_dag_no_subdags.py
[2023-10-01T13:22:24.381+0000] {processor.py:836} INFO - DAG(s) dict_keys(['group_dag_no_subdags']) retrieved from /opt/airflow/dags/group_dag_no_subdags.py
[2023-10-01T13:22:24.408+0000] {logging_mixin.py:150} INFO - [2023-10-01T13:22:24.408+0000] {dag.py:2742} INFO - Sync 1 DAGs
[2023-10-01T13:22:24.431+0000] {logging_mixin.py:150} INFO - [2023-10-01T13:22:24.431+0000] {dag.py:3504} INFO - Setting next_dagrun for group_dag_no_subdags to 2023-10-01T00:00:00+00:00, run_after=2023-10-02T00:00:00+00:00
[2023-10-01T13:22:24.453+0000] {processor.py:179} INFO - Processing /opt/airflow/dags/group_dag_no_subdags.py took 0.087 seconds
[2023-10-01T13:22:54.975+0000] {processor.py:157} INFO - Started process (PID=9302) to work on /opt/airflow/dags/group_dag_no_subdags.py
[2023-10-01T13:22:54.977+0000] {processor.py:826} INFO - Processing file /opt/airflow/dags/group_dag_no_subdags.py for tasks to queue
[2023-10-01T13:22:54.978+0000] {logging_mixin.py:150} INFO - [2023-10-01T13:22:54.978+0000] {dagbag.py:541} INFO - Filling up the DagBag from /opt/airflow/dags/group_dag_no_subdags.py
[2023-10-01T13:22:54.988+0000] {processor.py:836} INFO - DAG(s) dict_keys(['group_dag_no_subdags']) retrieved from /opt/airflow/dags/group_dag_no_subdags.py
[2023-10-01T13:22:55.016+0000] {logging_mixin.py:150} INFO - [2023-10-01T13:22:55.016+0000] {dag.py:2742} INFO - Sync 1 DAGs
[2023-10-01T13:22:55.063+0000] {logging_mixin.py:150} INFO - [2023-10-01T13:22:55.063+0000] {dag.py:3504} INFO - Setting next_dagrun for group_dag_no_subdags to 2023-10-01T00:00:00+00:00, run_after=2023-10-02T00:00:00+00:00
[2023-10-01T13:22:55.088+0000] {processor.py:179} INFO - Processing /opt/airflow/dags/group_dag_no_subdags.py took 0.116 seconds
[2023-10-01T13:23:25.210+0000] {processor.py:157} INFO - Started process (PID=9334) to work on /opt/airflow/dags/group_dag_no_subdags.py
[2023-10-01T13:23:25.211+0000] {processor.py:826} INFO - Processing file /opt/airflow/dags/group_dag_no_subdags.py for tasks to queue
[2023-10-01T13:23:25.212+0000] {logging_mixin.py:150} INFO - [2023-10-01T13:23:25.212+0000] {dagbag.py:541} INFO - Filling up the DagBag from /opt/airflow/dags/group_dag_no_subdags.py
[2023-10-01T13:23:25.223+0000] {processor.py:836} INFO - DAG(s) dict_keys(['group_dag_no_subdags']) retrieved from /opt/airflow/dags/group_dag_no_subdags.py
[2023-10-01T13:23:25.249+0000] {logging_mixin.py:150} INFO - [2023-10-01T13:23:25.249+0000] {dag.py:2742} INFO - Sync 1 DAGs
[2023-10-01T13:23:25.272+0000] {logging_mixin.py:150} INFO - [2023-10-01T13:23:25.272+0000] {dag.py:3504} INFO - Setting next_dagrun for group_dag_no_subdags to 2023-10-01T00:00:00+00:00, run_after=2023-10-02T00:00:00+00:00
[2023-10-01T13:23:25.293+0000] {processor.py:179} INFO - Processing /opt/airflow/dags/group_dag_no_subdags.py took 0.086 seconds
[2023-10-01T13:23:55.371+0000] {processor.py:157} INFO - Started process (PID=9361) to work on /opt/airflow/dags/group_dag_no_subdags.py
[2023-10-01T13:23:55.372+0000] {processor.py:826} INFO - Processing file /opt/airflow/dags/group_dag_no_subdags.py for tasks to queue
[2023-10-01T13:23:55.372+0000] {logging_mixin.py:150} INFO - [2023-10-01T13:23:55.372+0000] {dagbag.py:541} INFO - Filling up the DagBag from /opt/airflow/dags/group_dag_no_subdags.py
[2023-10-01T13:23:55.382+0000] {processor.py:836} INFO - DAG(s) dict_keys(['group_dag_no_subdags']) retrieved from /opt/airflow/dags/group_dag_no_subdags.py
[2023-10-01T13:23:55.404+0000] {logging_mixin.py:150} INFO - [2023-10-01T13:23:55.404+0000] {dag.py:2742} INFO - Sync 1 DAGs
[2023-10-01T13:23:55.427+0000] {logging_mixin.py:150} INFO - [2023-10-01T13:23:55.427+0000] {dag.py:3504} INFO - Setting next_dagrun for group_dag_no_subdags to 2023-10-01T00:00:00+00:00, run_after=2023-10-02T00:00:00+00:00
[2023-10-01T13:23:55.444+0000] {processor.py:179} INFO - Processing /opt/airflow/dags/group_dag_no_subdags.py took 0.076 seconds
[2023-10-01T13:24:25.575+0000] {processor.py:157} INFO - Started process (PID=9388) to work on /opt/airflow/dags/group_dag_no_subdags.py
[2023-10-01T13:24:25.577+0000] {processor.py:826} INFO - Processing file /opt/airflow/dags/group_dag_no_subdags.py for tasks to queue
[2023-10-01T13:24:25.578+0000] {logging_mixin.py:150} INFO - [2023-10-01T13:24:25.578+0000] {dagbag.py:541} INFO - Filling up the DagBag from /opt/airflow/dags/group_dag_no_subdags.py
[2023-10-01T13:24:25.592+0000] {processor.py:836} INFO - DAG(s) dict_keys(['group_dag_no_subdags']) retrieved from /opt/airflow/dags/group_dag_no_subdags.py
[2023-10-01T13:24:25.621+0000] {logging_mixin.py:150} INFO - [2023-10-01T13:24:25.621+0000] {dag.py:2742} INFO - Sync 1 DAGs
[2023-10-01T13:24:25.649+0000] {logging_mixin.py:150} INFO - [2023-10-01T13:24:25.649+0000] {dag.py:3504} INFO - Setting next_dagrun for group_dag_no_subdags to 2023-10-01T00:00:00+00:00, run_after=2023-10-02T00:00:00+00:00
[2023-10-01T13:24:25.670+0000] {processor.py:179} INFO - Processing /opt/airflow/dags/group_dag_no_subdags.py took 0.099 seconds
[2023-10-01T13:24:55.779+0000] {processor.py:157} INFO - Started process (PID=9415) to work on /opt/airflow/dags/group_dag_no_subdags.py
[2023-10-01T13:24:55.780+0000] {processor.py:826} INFO - Processing file /opt/airflow/dags/group_dag_no_subdags.py for tasks to queue
[2023-10-01T13:24:55.781+0000] {logging_mixin.py:150} INFO - [2023-10-01T13:24:55.781+0000] {dagbag.py:541} INFO - Filling up the DagBag from /opt/airflow/dags/group_dag_no_subdags.py
[2023-10-01T13:24:55.795+0000] {processor.py:836} INFO - DAG(s) dict_keys(['group_dag_no_subdags']) retrieved from /opt/airflow/dags/group_dag_no_subdags.py
[2023-10-01T13:24:55.832+0000] {logging_mixin.py:150} INFO - [2023-10-01T13:24:55.831+0000] {dag.py:2742} INFO - Sync 1 DAGs
[2023-10-01T13:24:55.862+0000] {logging_mixin.py:150} INFO - [2023-10-01T13:24:55.862+0000] {dag.py:3504} INFO - Setting next_dagrun for group_dag_no_subdags to 2023-10-01T00:00:00+00:00, run_after=2023-10-02T00:00:00+00:00
[2023-10-01T13:24:55.892+0000] {processor.py:179} INFO - Processing /opt/airflow/dags/group_dag_no_subdags.py took 0.117 seconds
[2023-10-01T13:25:26.020+0000] {processor.py:157} INFO - Started process (PID=9442) to work on /opt/airflow/dags/group_dag_no_subdags.py
[2023-10-01T13:25:26.021+0000] {processor.py:826} INFO - Processing file /opt/airflow/dags/group_dag_no_subdags.py for tasks to queue
[2023-10-01T13:25:26.022+0000] {logging_mixin.py:150} INFO - [2023-10-01T13:25:26.022+0000] {dagbag.py:541} INFO - Filling up the DagBag from /opt/airflow/dags/group_dag_no_subdags.py
[2023-10-01T13:25:26.033+0000] {processor.py:836} INFO - DAG(s) dict_keys(['group_dag_no_subdags']) retrieved from /opt/airflow/dags/group_dag_no_subdags.py
[2023-10-01T13:25:26.060+0000] {logging_mixin.py:150} INFO - [2023-10-01T13:25:26.060+0000] {dag.py:2742} INFO - Sync 1 DAGs
[2023-10-01T13:25:26.089+0000] {logging_mixin.py:150} INFO - [2023-10-01T13:25:26.088+0000] {dag.py:3504} INFO - Setting next_dagrun for group_dag_no_subdags to 2023-10-01T00:00:00+00:00, run_after=2023-10-02T00:00:00+00:00
[2023-10-01T13:25:26.110+0000] {processor.py:179} INFO - Processing /opt/airflow/dags/group_dag_no_subdags.py took 0.093 seconds
[2023-10-01T13:25:56.179+0000] {processor.py:157} INFO - Started process (PID=9468) to work on /opt/airflow/dags/group_dag_no_subdags.py
[2023-10-01T13:25:56.180+0000] {processor.py:826} INFO - Processing file /opt/airflow/dags/group_dag_no_subdags.py for tasks to queue
[2023-10-01T13:25:56.181+0000] {logging_mixin.py:150} INFO - [2023-10-01T13:25:56.180+0000] {dagbag.py:541} INFO - Filling up the DagBag from /opt/airflow/dags/group_dag_no_subdags.py
[2023-10-01T13:25:56.192+0000] {processor.py:836} INFO - DAG(s) dict_keys(['group_dag_no_subdags']) retrieved from /opt/airflow/dags/group_dag_no_subdags.py
[2023-10-01T13:25:56.220+0000] {logging_mixin.py:150} INFO - [2023-10-01T13:25:56.220+0000] {dag.py:2742} INFO - Sync 1 DAGs
[2023-10-01T13:25:56.247+0000] {logging_mixin.py:150} INFO - [2023-10-01T13:25:56.247+0000] {dag.py:3504} INFO - Setting next_dagrun for group_dag_no_subdags to 2023-10-01T00:00:00+00:00, run_after=2023-10-02T00:00:00+00:00
[2023-10-01T13:25:56.270+0000] {processor.py:179} INFO - Processing /opt/airflow/dags/group_dag_no_subdags.py took 0.094 seconds
[2023-10-01T13:26:26.375+0000] {processor.py:157} INFO - Started process (PID=9495) to work on /opt/airflow/dags/group_dag_no_subdags.py
[2023-10-01T13:26:26.378+0000] {processor.py:826} INFO - Processing file /opt/airflow/dags/group_dag_no_subdags.py for tasks to queue
[2023-10-01T13:26:26.379+0000] {logging_mixin.py:150} INFO - [2023-10-01T13:26:26.379+0000] {dagbag.py:541} INFO - Filling up the DagBag from /opt/airflow/dags/group_dag_no_subdags.py
[2023-10-01T13:26:26.389+0000] {processor.py:836} INFO - DAG(s) dict_keys(['group_dag_no_subdags']) retrieved from /opt/airflow/dags/group_dag_no_subdags.py
[2023-10-01T13:26:26.416+0000] {logging_mixin.py:150} INFO - [2023-10-01T13:26:26.415+0000] {dag.py:2742} INFO - Sync 1 DAGs
[2023-10-01T13:26:26.440+0000] {logging_mixin.py:150} INFO - [2023-10-01T13:26:26.440+0000] {dag.py:3504} INFO - Setting next_dagrun for group_dag_no_subdags to 2023-10-01T00:00:00+00:00, run_after=2023-10-02T00:00:00+00:00
[2023-10-01T13:26:26.459+0000] {processor.py:179} INFO - Processing /opt/airflow/dags/group_dag_no_subdags.py took 0.088 seconds
[2023-10-01T13:26:56.688+0000] {processor.py:157} INFO - Started process (PID=9521) to work on /opt/airflow/dags/group_dag_no_subdags.py
[2023-10-01T13:26:56.689+0000] {processor.py:826} INFO - Processing file /opt/airflow/dags/group_dag_no_subdags.py for tasks to queue
[2023-10-01T13:26:56.690+0000] {logging_mixin.py:150} INFO - [2023-10-01T13:26:56.689+0000] {dagbag.py:541} INFO - Filling up the DagBag from /opt/airflow/dags/group_dag_no_subdags.py
[2023-10-01T13:26:56.700+0000] {processor.py:836} INFO - DAG(s) dict_keys(['group_dag_no_subdags']) retrieved from /opt/airflow/dags/group_dag_no_subdags.py
[2023-10-01T13:26:56.727+0000] {logging_mixin.py:150} INFO - [2023-10-01T13:26:56.727+0000] {dag.py:2742} INFO - Sync 1 DAGs
[2023-10-01T13:26:56.750+0000] {logging_mixin.py:150} INFO - [2023-10-01T13:26:56.750+0000] {dag.py:3504} INFO - Setting next_dagrun for group_dag_no_subdags to 2023-10-01T00:00:00+00:00, run_after=2023-10-02T00:00:00+00:00
[2023-10-01T13:26:56.771+0000] {processor.py:179} INFO - Processing /opt/airflow/dags/group_dag_no_subdags.py took 0.087 seconds
[2023-10-01T13:27:26.952+0000] {processor.py:157} INFO - Started process (PID=9548) to work on /opt/airflow/dags/group_dag_no_subdags.py
[2023-10-01T13:27:26.957+0000] {processor.py:826} INFO - Processing file /opt/airflow/dags/group_dag_no_subdags.py for tasks to queue
[2023-10-01T13:27:26.957+0000] {logging_mixin.py:150} INFO - [2023-10-01T13:27:26.957+0000] {dagbag.py:541} INFO - Filling up the DagBag from /opt/airflow/dags/group_dag_no_subdags.py
[2023-10-01T13:27:26.967+0000] {processor.py:836} INFO - DAG(s) dict_keys(['group_dag_no_subdags']) retrieved from /opt/airflow/dags/group_dag_no_subdags.py
[2023-10-01T13:27:26.994+0000] {logging_mixin.py:150} INFO - [2023-10-01T13:27:26.994+0000] {dag.py:2742} INFO - Sync 1 DAGs
[2023-10-01T13:27:27.024+0000] {logging_mixin.py:150} INFO - [2023-10-01T13:27:27.023+0000] {dag.py:3504} INFO - Setting next_dagrun for group_dag_no_subdags to 2023-10-01T00:00:00+00:00, run_after=2023-10-02T00:00:00+00:00
[2023-10-01T13:27:27.047+0000] {processor.py:179} INFO - Processing /opt/airflow/dags/group_dag_no_subdags.py took 0.097 seconds
[2023-10-01T13:27:57.174+0000] {processor.py:157} INFO - Started process (PID=9575) to work on /opt/airflow/dags/group_dag_no_subdags.py
[2023-10-01T13:27:57.176+0000] {processor.py:826} INFO - Processing file /opt/airflow/dags/group_dag_no_subdags.py for tasks to queue
[2023-10-01T13:27:57.177+0000] {logging_mixin.py:150} INFO - [2023-10-01T13:27:57.177+0000] {dagbag.py:541} INFO - Filling up the DagBag from /opt/airflow/dags/group_dag_no_subdags.py
[2023-10-01T13:27:57.189+0000] {processor.py:836} INFO - DAG(s) dict_keys(['group_dag_no_subdags']) retrieved from /opt/airflow/dags/group_dag_no_subdags.py
[2023-10-01T13:27:57.219+0000] {logging_mixin.py:150} INFO - [2023-10-01T13:27:57.219+0000] {dag.py:2742} INFO - Sync 1 DAGs
[2023-10-01T13:27:57.242+0000] {logging_mixin.py:150} INFO - [2023-10-01T13:27:57.242+0000] {dag.py:3504} INFO - Setting next_dagrun for group_dag_no_subdags to 2023-10-01T00:00:00+00:00, run_after=2023-10-02T00:00:00+00:00
[2023-10-01T13:27:57.264+0000] {processor.py:179} INFO - Processing /opt/airflow/dags/group_dag_no_subdags.py took 0.093 seconds
[2023-10-01T13:28:27.759+0000] {processor.py:157} INFO - Started process (PID=9603) to work on /opt/airflow/dags/group_dag_no_subdags.py
[2023-10-01T13:28:27.759+0000] {processor.py:826} INFO - Processing file /opt/airflow/dags/group_dag_no_subdags.py for tasks to queue
[2023-10-01T13:28:27.760+0000] {logging_mixin.py:150} INFO - [2023-10-01T13:28:27.760+0000] {dagbag.py:541} INFO - Filling up the DagBag from /opt/airflow/dags/group_dag_no_subdags.py
[2023-10-01T13:28:27.770+0000] {processor.py:836} INFO - DAG(s) dict_keys(['group_dag_no_subdags']) retrieved from /opt/airflow/dags/group_dag_no_subdags.py
[2023-10-01T13:28:27.798+0000] {logging_mixin.py:150} INFO - [2023-10-01T13:28:27.798+0000] {dag.py:2742} INFO - Sync 1 DAGs
[2023-10-01T13:28:27.822+0000] {logging_mixin.py:150} INFO - [2023-10-01T13:28:27.821+0000] {dag.py:3504} INFO - Setting next_dagrun for group_dag_no_subdags to 2023-10-01T00:00:00+00:00, run_after=2023-10-02T00:00:00+00:00
[2023-10-01T13:28:27.844+0000] {processor.py:179} INFO - Processing /opt/airflow/dags/group_dag_no_subdags.py took 0.090 seconds
[2023-10-01T13:28:58.392+0000] {processor.py:157} INFO - Started process (PID=9630) to work on /opt/airflow/dags/group_dag_no_subdags.py
[2023-10-01T13:28:58.396+0000] {processor.py:826} INFO - Processing file /opt/airflow/dags/group_dag_no_subdags.py for tasks to queue
[2023-10-01T13:28:58.397+0000] {logging_mixin.py:150} INFO - [2023-10-01T13:28:58.397+0000] {dagbag.py:541} INFO - Filling up the DagBag from /opt/airflow/dags/group_dag_no_subdags.py
[2023-10-01T13:28:58.408+0000] {processor.py:836} INFO - DAG(s) dict_keys(['group_dag_no_subdags']) retrieved from /opt/airflow/dags/group_dag_no_subdags.py
[2023-10-01T13:28:58.437+0000] {logging_mixin.py:150} INFO - [2023-10-01T13:28:58.436+0000] {dag.py:2742} INFO - Sync 1 DAGs
[2023-10-01T13:28:58.464+0000] {logging_mixin.py:150} INFO - [2023-10-01T13:28:58.464+0000] {dag.py:3504} INFO - Setting next_dagrun for group_dag_no_subdags to 2023-10-01T00:00:00+00:00, run_after=2023-10-02T00:00:00+00:00
[2023-10-01T13:28:58.488+0000] {processor.py:179} INFO - Processing /opt/airflow/dags/group_dag_no_subdags.py took 0.099 seconds
[2023-10-01T13:29:28.987+0000] {processor.py:157} INFO - Started process (PID=9657) to work on /opt/airflow/dags/group_dag_no_subdags.py
[2023-10-01T13:29:28.988+0000] {processor.py:826} INFO - Processing file /opt/airflow/dags/group_dag_no_subdags.py for tasks to queue
[2023-10-01T13:29:28.989+0000] {logging_mixin.py:150} INFO - [2023-10-01T13:29:28.988+0000] {dagbag.py:541} INFO - Filling up the DagBag from /opt/airflow/dags/group_dag_no_subdags.py
[2023-10-01T13:29:29.001+0000] {processor.py:836} INFO - DAG(s) dict_keys(['group_dag_no_subdags']) retrieved from /opt/airflow/dags/group_dag_no_subdags.py
[2023-10-01T13:29:29.028+0000] {logging_mixin.py:150} INFO - [2023-10-01T13:29:29.028+0000] {dag.py:2742} INFO - Sync 1 DAGs
[2023-10-01T13:29:29.053+0000] {logging_mixin.py:150} INFO - [2023-10-01T13:29:29.053+0000] {dag.py:3504} INFO - Setting next_dagrun for group_dag_no_subdags to 2023-10-01T00:00:00+00:00, run_after=2023-10-02T00:00:00+00:00
[2023-10-01T13:29:29.076+0000] {processor.py:179} INFO - Processing /opt/airflow/dags/group_dag_no_subdags.py took 0.093 seconds
[2023-10-01T13:29:59.522+0000] {processor.py:157} INFO - Started process (PID=9685) to work on /opt/airflow/dags/group_dag_no_subdags.py
[2023-10-01T13:29:59.523+0000] {processor.py:826} INFO - Processing file /opt/airflow/dags/group_dag_no_subdags.py for tasks to queue
[2023-10-01T13:29:59.524+0000] {logging_mixin.py:150} INFO - [2023-10-01T13:29:59.524+0000] {dagbag.py:541} INFO - Filling up the DagBag from /opt/airflow/dags/group_dag_no_subdags.py
[2023-10-01T13:29:59.537+0000] {processor.py:836} INFO - DAG(s) dict_keys(['group_dag_no_subdags']) retrieved from /opt/airflow/dags/group_dag_no_subdags.py
[2023-10-01T13:29:59.571+0000] {logging_mixin.py:150} INFO - [2023-10-01T13:29:59.570+0000] {dag.py:2742} INFO - Sync 1 DAGs
[2023-10-01T13:29:59.602+0000] {logging_mixin.py:150} INFO - [2023-10-01T13:29:59.601+0000] {dag.py:3504} INFO - Setting next_dagrun for group_dag_no_subdags to 2023-10-01T00:00:00+00:00, run_after=2023-10-02T00:00:00+00:00
[2023-10-01T13:29:59.628+0000] {processor.py:179} INFO - Processing /opt/airflow/dags/group_dag_no_subdags.py took 0.110 seconds
[2023-10-01T13:30:29.742+0000] {processor.py:157} INFO - Started process (PID=9712) to work on /opt/airflow/dags/group_dag_no_subdags.py
[2023-10-01T13:30:29.742+0000] {processor.py:826} INFO - Processing file /opt/airflow/dags/group_dag_no_subdags.py for tasks to queue
[2023-10-01T13:30:29.743+0000] {logging_mixin.py:150} INFO - [2023-10-01T13:30:29.743+0000] {dagbag.py:541} INFO - Filling up the DagBag from /opt/airflow/dags/group_dag_no_subdags.py
[2023-10-01T13:30:29.758+0000] {processor.py:836} INFO - DAG(s) dict_keys(['group_dag_no_subdags']) retrieved from /opt/airflow/dags/group_dag_no_subdags.py
[2023-10-01T13:30:29.792+0000] {logging_mixin.py:150} INFO - [2023-10-01T13:30:29.792+0000] {dag.py:2742} INFO - Sync 1 DAGs
[2023-10-01T13:30:29.828+0000] {logging_mixin.py:150} INFO - [2023-10-01T13:30:29.828+0000] {dag.py:3504} INFO - Setting next_dagrun for group_dag_no_subdags to 2023-10-01T00:00:00+00:00, run_after=2023-10-02T00:00:00+00:00
[2023-10-01T13:30:29.857+0000] {processor.py:179} INFO - Processing /opt/airflow/dags/group_dag_no_subdags.py took 0.119 seconds
[2023-10-01T13:31:00.037+0000] {processor.py:157} INFO - Started process (PID=9739) to work on /opt/airflow/dags/group_dag_no_subdags.py
[2023-10-01T13:31:00.043+0000] {processor.py:826} INFO - Processing file /opt/airflow/dags/group_dag_no_subdags.py for tasks to queue
[2023-10-01T13:31:00.043+0000] {logging_mixin.py:150} INFO - [2023-10-01T13:31:00.043+0000] {dagbag.py:541} INFO - Filling up the DagBag from /opt/airflow/dags/group_dag_no_subdags.py
[2023-10-01T13:31:00.057+0000] {processor.py:836} INFO - DAG(s) dict_keys(['group_dag_no_subdags']) retrieved from /opt/airflow/dags/group_dag_no_subdags.py
[2023-10-01T13:31:00.090+0000] {logging_mixin.py:150} INFO - [2023-10-01T13:31:00.090+0000] {dag.py:2742} INFO - Sync 1 DAGs
[2023-10-01T13:31:00.118+0000] {logging_mixin.py:150} INFO - [2023-10-01T13:31:00.117+0000] {dag.py:3504} INFO - Setting next_dagrun for group_dag_no_subdags to 2023-10-01T00:00:00+00:00, run_after=2023-10-02T00:00:00+00:00
[2023-10-01T13:31:00.143+0000] {processor.py:179} INFO - Processing /opt/airflow/dags/group_dag_no_subdags.py took 0.112 seconds
[2023-10-01T13:31:30.639+0000] {processor.py:157} INFO - Started process (PID=9767) to work on /opt/airflow/dags/group_dag_no_subdags.py
[2023-10-01T13:31:30.646+0000] {processor.py:826} INFO - Processing file /opt/airflow/dags/group_dag_no_subdags.py for tasks to queue
[2023-10-01T13:31:30.647+0000] {logging_mixin.py:150} INFO - [2023-10-01T13:31:30.647+0000] {dagbag.py:541} INFO - Filling up the DagBag from /opt/airflow/dags/group_dag_no_subdags.py
[2023-10-01T13:31:30.658+0000] {processor.py:836} INFO - DAG(s) dict_keys(['group_dag_no_subdags']) retrieved from /opt/airflow/dags/group_dag_no_subdags.py
[2023-10-01T13:31:30.688+0000] {logging_mixin.py:150} INFO - [2023-10-01T13:31:30.688+0000] {dag.py:2742} INFO - Sync 1 DAGs
[2023-10-01T13:31:30.713+0000] {logging_mixin.py:150} INFO - [2023-10-01T13:31:30.713+0000] {dag.py:3504} INFO - Setting next_dagrun for group_dag_no_subdags to 2023-10-01T00:00:00+00:00, run_after=2023-10-02T00:00:00+00:00
[2023-10-01T13:31:30.741+0000] {processor.py:179} INFO - Processing /opt/airflow/dags/group_dag_no_subdags.py took 0.104 seconds
[2023-10-01T13:32:00.848+0000] {processor.py:157} INFO - Started process (PID=9794) to work on /opt/airflow/dags/group_dag_no_subdags.py
[2023-10-01T13:32:00.849+0000] {processor.py:826} INFO - Processing file /opt/airflow/dags/group_dag_no_subdags.py for tasks to queue
[2023-10-01T13:32:00.849+0000] {logging_mixin.py:150} INFO - [2023-10-01T13:32:00.849+0000] {dagbag.py:541} INFO - Filling up the DagBag from /opt/airflow/dags/group_dag_no_subdags.py
[2023-10-01T13:32:00.862+0000] {processor.py:836} INFO - DAG(s) dict_keys(['group_dag_no_subdags']) retrieved from /opt/airflow/dags/group_dag_no_subdags.py
[2023-10-01T13:32:00.898+0000] {logging_mixin.py:150} INFO - [2023-10-01T13:32:00.898+0000] {dag.py:2742} INFO - Sync 1 DAGs
[2023-10-01T13:32:00.930+0000] {logging_mixin.py:150} INFO - [2023-10-01T13:32:00.930+0000] {dag.py:3504} INFO - Setting next_dagrun for group_dag_no_subdags to 2023-10-01T00:00:00+00:00, run_after=2023-10-02T00:00:00+00:00
[2023-10-01T13:32:00.957+0000] {processor.py:179} INFO - Processing /opt/airflow/dags/group_dag_no_subdags.py took 0.114 seconds
[2023-10-01T13:32:31.207+0000] {processor.py:157} INFO - Started process (PID=9821) to work on /opt/airflow/dags/group_dag_no_subdags.py
[2023-10-01T13:32:31.209+0000] {processor.py:826} INFO - Processing file /opt/airflow/dags/group_dag_no_subdags.py for tasks to queue
[2023-10-01T13:32:31.209+0000] {logging_mixin.py:150} INFO - [2023-10-01T13:32:31.209+0000] {dagbag.py:541} INFO - Filling up the DagBag from /opt/airflow/dags/group_dag_no_subdags.py
[2023-10-01T13:32:31.227+0000] {processor.py:836} INFO - DAG(s) dict_keys(['group_dag_no_subdags']) retrieved from /opt/airflow/dags/group_dag_no_subdags.py
[2023-10-01T13:32:31.271+0000] {logging_mixin.py:150} INFO - [2023-10-01T13:32:31.271+0000] {dag.py:2742} INFO - Sync 1 DAGs
[2023-10-01T13:32:31.327+0000] {logging_mixin.py:150} INFO - [2023-10-01T13:32:31.327+0000] {dag.py:3504} INFO - Setting next_dagrun for group_dag_no_subdags to 2023-10-01T00:00:00+00:00, run_after=2023-10-02T00:00:00+00:00
[2023-10-01T13:32:31.364+0000] {processor.py:179} INFO - Processing /opt/airflow/dags/group_dag_no_subdags.py took 0.163 seconds
[2023-10-01T13:33:02.046+0000] {processor.py:157} INFO - Started process (PID=9848) to work on /opt/airflow/dags/group_dag_no_subdags.py
[2023-10-01T13:33:02.047+0000] {processor.py:826} INFO - Processing file /opt/airflow/dags/group_dag_no_subdags.py for tasks to queue
[2023-10-01T13:33:02.048+0000] {logging_mixin.py:150} INFO - [2023-10-01T13:33:02.048+0000] {dagbag.py:541} INFO - Filling up the DagBag from /opt/airflow/dags/group_dag_no_subdags.py
[2023-10-01T13:33:02.062+0000] {processor.py:836} INFO - DAG(s) dict_keys(['group_dag_no_subdags']) retrieved from /opt/airflow/dags/group_dag_no_subdags.py
[2023-10-01T13:33:02.102+0000] {logging_mixin.py:150} INFO - [2023-10-01T13:33:02.102+0000] {dag.py:2742} INFO - Sync 1 DAGs
[2023-10-01T13:33:02.147+0000] {logging_mixin.py:150} INFO - [2023-10-01T13:33:02.147+0000] {dag.py:3504} INFO - Setting next_dagrun for group_dag_no_subdags to 2023-10-01T00:00:00+00:00, run_after=2023-10-02T00:00:00+00:00
[2023-10-01T13:33:02.181+0000] {processor.py:179} INFO - Processing /opt/airflow/dags/group_dag_no_subdags.py took 0.141 seconds
[2023-10-01T13:33:32.771+0000] {processor.py:157} INFO - Started process (PID=9875) to work on /opt/airflow/dags/group_dag_no_subdags.py
[2023-10-01T13:33:32.772+0000] {processor.py:826} INFO - Processing file /opt/airflow/dags/group_dag_no_subdags.py for tasks to queue
[2023-10-01T13:33:32.773+0000] {logging_mixin.py:150} INFO - [2023-10-01T13:33:32.773+0000] {dagbag.py:541} INFO - Filling up the DagBag from /opt/airflow/dags/group_dag_no_subdags.py
[2023-10-01T13:33:32.790+0000] {processor.py:836} INFO - DAG(s) dict_keys(['group_dag_no_subdags']) retrieved from /opt/airflow/dags/group_dag_no_subdags.py
[2023-10-01T13:33:32.838+0000] {logging_mixin.py:150} INFO - [2023-10-01T13:33:32.837+0000] {dag.py:2742} INFO - Sync 1 DAGs
[2023-10-01T13:33:32.891+0000] {logging_mixin.py:150} INFO - [2023-10-01T13:33:32.891+0000] {dag.py:3504} INFO - Setting next_dagrun for group_dag_no_subdags to 2023-10-01T00:00:00+00:00, run_after=2023-10-02T00:00:00+00:00
[2023-10-01T13:33:32.922+0000] {processor.py:179} INFO - Processing /opt/airflow/dags/group_dag_no_subdags.py took 0.155 seconds
[2023-10-01T13:34:03.277+0000] {processor.py:157} INFO - Started process (PID=9902) to work on /opt/airflow/dags/group_dag_no_subdags.py
[2023-10-01T13:34:03.279+0000] {processor.py:826} INFO - Processing file /opt/airflow/dags/group_dag_no_subdags.py for tasks to queue
[2023-10-01T13:34:03.280+0000] {logging_mixin.py:150} INFO - [2023-10-01T13:34:03.280+0000] {dagbag.py:541} INFO - Filling up the DagBag from /opt/airflow/dags/group_dag_no_subdags.py
[2023-10-01T13:34:03.297+0000] {processor.py:836} INFO - DAG(s) dict_keys(['group_dag_no_subdags']) retrieved from /opt/airflow/dags/group_dag_no_subdags.py
[2023-10-01T13:34:03.332+0000] {logging_mixin.py:150} INFO - [2023-10-01T13:34:03.331+0000] {dag.py:2742} INFO - Sync 1 DAGs
[2023-10-01T13:34:03.373+0000] {logging_mixin.py:150} INFO - [2023-10-01T13:34:03.373+0000] {dag.py:3504} INFO - Setting next_dagrun for group_dag_no_subdags to 2023-10-01T00:00:00+00:00, run_after=2023-10-02T00:00:00+00:00
[2023-10-01T13:34:03.411+0000] {processor.py:179} INFO - Processing /opt/airflow/dags/group_dag_no_subdags.py took 0.140 seconds
[2023-10-01T13:34:33.680+0000] {processor.py:157} INFO - Started process (PID=9929) to work on /opt/airflow/dags/group_dag_no_subdags.py
[2023-10-01T13:34:33.681+0000] {processor.py:826} INFO - Processing file /opt/airflow/dags/group_dag_no_subdags.py for tasks to queue
[2023-10-01T13:34:33.682+0000] {logging_mixin.py:150} INFO - [2023-10-01T13:34:33.682+0000] {dagbag.py:541} INFO - Filling up the DagBag from /opt/airflow/dags/group_dag_no_subdags.py
[2023-10-01T13:34:33.698+0000] {processor.py:836} INFO - DAG(s) dict_keys(['group_dag_no_subdags']) retrieved from /opt/airflow/dags/group_dag_no_subdags.py
[2023-10-01T13:34:33.752+0000] {logging_mixin.py:150} INFO - [2023-10-01T13:34:33.752+0000] {dag.py:2742} INFO - Sync 1 DAGs
[2023-10-01T13:34:33.797+0000] {logging_mixin.py:150} INFO - [2023-10-01T13:34:33.797+0000] {dag.py:3504} INFO - Setting next_dagrun for group_dag_no_subdags to 2023-10-01T00:00:00+00:00, run_after=2023-10-02T00:00:00+00:00
[2023-10-01T13:34:33.836+0000] {processor.py:179} INFO - Processing /opt/airflow/dags/group_dag_no_subdags.py took 0.163 seconds
[2023-10-01T13:35:04.170+0000] {processor.py:157} INFO - Started process (PID=9957) to work on /opt/airflow/dags/group_dag_no_subdags.py
[2023-10-01T13:35:04.171+0000] {processor.py:826} INFO - Processing file /opt/airflow/dags/group_dag_no_subdags.py for tasks to queue
[2023-10-01T13:35:04.172+0000] {logging_mixin.py:150} INFO - [2023-10-01T13:35:04.171+0000] {dagbag.py:541} INFO - Filling up the DagBag from /opt/airflow/dags/group_dag_no_subdags.py
[2023-10-01T13:35:04.190+0000] {processor.py:836} INFO - DAG(s) dict_keys(['group_dag_no_subdags']) retrieved from /opt/airflow/dags/group_dag_no_subdags.py
[2023-10-01T13:35:04.237+0000] {logging_mixin.py:150} INFO - [2023-10-01T13:35:04.236+0000] {dag.py:2742} INFO - Sync 1 DAGs
[2023-10-01T13:35:04.272+0000] {logging_mixin.py:150} INFO - [2023-10-01T13:35:04.272+0000] {dag.py:3504} INFO - Setting next_dagrun for group_dag_no_subdags to 2023-10-01T00:00:00+00:00, run_after=2023-10-02T00:00:00+00:00
[2023-10-01T13:35:04.313+0000] {processor.py:179} INFO - Processing /opt/airflow/dags/group_dag_no_subdags.py took 0.151 seconds
[2023-10-01T13:35:34.648+0000] {processor.py:157} INFO - Started process (PID=9983) to work on /opt/airflow/dags/group_dag_no_subdags.py
[2023-10-01T13:35:34.650+0000] {processor.py:826} INFO - Processing file /opt/airflow/dags/group_dag_no_subdags.py for tasks to queue
[2023-10-01T13:35:34.651+0000] {logging_mixin.py:150} INFO - [2023-10-01T13:35:34.651+0000] {dagbag.py:541} INFO - Filling up the DagBag from /opt/airflow/dags/group_dag_no_subdags.py
[2023-10-01T13:35:34.667+0000] {processor.py:836} INFO - DAG(s) dict_keys(['group_dag_no_subdags']) retrieved from /opt/airflow/dags/group_dag_no_subdags.py
[2023-10-01T13:35:34.702+0000] {logging_mixin.py:150} INFO - [2023-10-01T13:35:34.702+0000] {dag.py:2742} INFO - Sync 1 DAGs
[2023-10-01T13:35:34.749+0000] {logging_mixin.py:150} INFO - [2023-10-01T13:35:34.749+0000] {dag.py:3504} INFO - Setting next_dagrun for group_dag_no_subdags to 2023-10-01T00:00:00+00:00, run_after=2023-10-02T00:00:00+00:00
[2023-10-01T13:35:34.778+0000] {processor.py:179} INFO - Processing /opt/airflow/dags/group_dag_no_subdags.py took 0.137 seconds
[2023-10-01T13:36:04.950+0000] {processor.py:157} INFO - Started process (PID=10010) to work on /opt/airflow/dags/group_dag_no_subdags.py
[2023-10-01T13:36:04.950+0000] {processor.py:826} INFO - Processing file /opt/airflow/dags/group_dag_no_subdags.py for tasks to queue
[2023-10-01T13:36:04.951+0000] {logging_mixin.py:150} INFO - [2023-10-01T13:36:04.951+0000] {dagbag.py:541} INFO - Filling up the DagBag from /opt/airflow/dags/group_dag_no_subdags.py
[2023-10-01T13:36:04.962+0000] {processor.py:836} INFO - DAG(s) dict_keys(['group_dag_no_subdags']) retrieved from /opt/airflow/dags/group_dag_no_subdags.py
[2023-10-01T13:36:04.999+0000] {logging_mixin.py:150} INFO - [2023-10-01T13:36:04.999+0000] {dag.py:2742} INFO - Sync 1 DAGs
[2023-10-01T13:36:05.030+0000] {logging_mixin.py:150} INFO - [2023-10-01T13:36:05.030+0000] {dag.py:3504} INFO - Setting next_dagrun for group_dag_no_subdags to 2023-10-01T00:00:00+00:00, run_after=2023-10-02T00:00:00+00:00
[2023-10-01T13:36:05.062+0000] {processor.py:179} INFO - Processing /opt/airflow/dags/group_dag_no_subdags.py took 0.116 seconds
[2023-10-01T13:36:35.450+0000] {processor.py:157} INFO - Started process (PID=10037) to work on /opt/airflow/dags/group_dag_no_subdags.py
[2023-10-01T13:36:35.451+0000] {processor.py:826} INFO - Processing file /opt/airflow/dags/group_dag_no_subdags.py for tasks to queue
[2023-10-01T13:36:35.452+0000] {logging_mixin.py:150} INFO - [2023-10-01T13:36:35.451+0000] {dagbag.py:541} INFO - Filling up the DagBag from /opt/airflow/dags/group_dag_no_subdags.py
[2023-10-01T13:36:35.469+0000] {processor.py:836} INFO - DAG(s) dict_keys(['group_dag_no_subdags']) retrieved from /opt/airflow/dags/group_dag_no_subdags.py
[2023-10-01T13:36:35.507+0000] {logging_mixin.py:150} INFO - [2023-10-01T13:36:35.507+0000] {dag.py:2742} INFO - Sync 1 DAGs
[2023-10-01T13:36:35.539+0000] {logging_mixin.py:150} INFO - [2023-10-01T13:36:35.539+0000] {dag.py:3504} INFO - Setting next_dagrun for group_dag_no_subdags to 2023-10-01T00:00:00+00:00, run_after=2023-10-02T00:00:00+00:00
[2023-10-01T13:36:35.569+0000] {processor.py:179} INFO - Processing /opt/airflow/dags/group_dag_no_subdags.py took 0.126 seconds
[2023-10-01T13:37:05.951+0000] {processor.py:157} INFO - Started process (PID=10064) to work on /opt/airflow/dags/group_dag_no_subdags.py
[2023-10-01T13:37:05.952+0000] {processor.py:826} INFO - Processing file /opt/airflow/dags/group_dag_no_subdags.py for tasks to queue
[2023-10-01T13:37:05.956+0000] {logging_mixin.py:150} INFO - [2023-10-01T13:37:05.952+0000] {dagbag.py:541} INFO - Filling up the DagBag from /opt/airflow/dags/group_dag_no_subdags.py
[2023-10-01T13:37:05.969+0000] {processor.py:836} INFO - DAG(s) dict_keys(['group_dag_no_subdags']) retrieved from /opt/airflow/dags/group_dag_no_subdags.py
[2023-10-01T13:37:06.002+0000] {logging_mixin.py:150} INFO - [2023-10-01T13:37:06.002+0000] {dag.py:2742} INFO - Sync 1 DAGs
[2023-10-01T13:37:06.047+0000] {logging_mixin.py:150} INFO - [2023-10-01T13:37:06.046+0000] {dag.py:3504} INFO - Setting next_dagrun for group_dag_no_subdags to 2023-10-01T00:00:00+00:00, run_after=2023-10-02T00:00:00+00:00
[2023-10-01T13:37:06.080+0000] {processor.py:179} INFO - Processing /opt/airflow/dags/group_dag_no_subdags.py took 0.131 seconds
[2023-10-01T13:37:36.392+0000] {processor.py:157} INFO - Started process (PID=10091) to work on /opt/airflow/dags/group_dag_no_subdags.py
[2023-10-01T13:37:36.396+0000] {processor.py:826} INFO - Processing file /opt/airflow/dags/group_dag_no_subdags.py for tasks to queue
[2023-10-01T13:37:36.397+0000] {logging_mixin.py:150} INFO - [2023-10-01T13:37:36.397+0000] {dagbag.py:541} INFO - Filling up the DagBag from /opt/airflow/dags/group_dag_no_subdags.py
[2023-10-01T13:37:36.411+0000] {processor.py:836} INFO - DAG(s) dict_keys(['group_dag_no_subdags']) retrieved from /opt/airflow/dags/group_dag_no_subdags.py
[2023-10-01T13:37:36.450+0000] {logging_mixin.py:150} INFO - [2023-10-01T13:37:36.450+0000] {dag.py:2742} INFO - Sync 1 DAGs
[2023-10-01T13:37:36.492+0000] {logging_mixin.py:150} INFO - [2023-10-01T13:37:36.492+0000] {dag.py:3504} INFO - Setting next_dagrun for group_dag_no_subdags to 2023-10-01T00:00:00+00:00, run_after=2023-10-02T00:00:00+00:00
[2023-10-01T13:37:36.527+0000] {processor.py:179} INFO - Processing /opt/airflow/dags/group_dag_no_subdags.py took 0.139 seconds
[2023-10-01T13:38:06.912+0000] {processor.py:157} INFO - Started process (PID=10119) to work on /opt/airflow/dags/group_dag_no_subdags.py
[2023-10-01T13:38:06.947+0000] {processor.py:826} INFO - Processing file /opt/airflow/dags/group_dag_no_subdags.py for tasks to queue
[2023-10-01T13:38:06.947+0000] {logging_mixin.py:150} INFO - [2023-10-01T13:38:06.947+0000] {dagbag.py:541} INFO - Filling up the DagBag from /opt/airflow/dags/group_dag_no_subdags.py
[2023-10-01T13:38:06.961+0000] {processor.py:836} INFO - DAG(s) dict_keys(['group_dag_no_subdags']) retrieved from /opt/airflow/dags/group_dag_no_subdags.py
[2023-10-01T13:38:07.021+0000] {logging_mixin.py:150} INFO - [2023-10-01T13:38:07.021+0000] {dag.py:2742} INFO - Sync 1 DAGs
[2023-10-01T13:38:07.058+0000] {logging_mixin.py:150} INFO - [2023-10-01T13:38:07.057+0000] {dag.py:3504} INFO - Setting next_dagrun for group_dag_no_subdags to 2023-10-01T00:00:00+00:00, run_after=2023-10-02T00:00:00+00:00
[2023-10-01T13:38:07.092+0000] {processor.py:179} INFO - Processing /opt/airflow/dags/group_dag_no_subdags.py took 0.182 seconds
[2023-10-01T13:38:37.387+0000] {processor.py:157} INFO - Started process (PID=10146) to work on /opt/airflow/dags/group_dag_no_subdags.py
[2023-10-01T13:38:37.387+0000] {processor.py:826} INFO - Processing file /opt/airflow/dags/group_dag_no_subdags.py for tasks to queue
[2023-10-01T13:38:37.388+0000] {logging_mixin.py:150} INFO - [2023-10-01T13:38:37.388+0000] {dagbag.py:541} INFO - Filling up the DagBag from /opt/airflow/dags/group_dag_no_subdags.py
[2023-10-01T13:38:37.400+0000] {processor.py:836} INFO - DAG(s) dict_keys(['group_dag_no_subdags']) retrieved from /opt/airflow/dags/group_dag_no_subdags.py
[2023-10-01T13:38:37.450+0000] {logging_mixin.py:150} INFO - [2023-10-01T13:38:37.450+0000] {dag.py:2742} INFO - Sync 1 DAGs
[2023-10-01T13:38:37.487+0000] {logging_mixin.py:150} INFO - [2023-10-01T13:38:37.487+0000] {dag.py:3504} INFO - Setting next_dagrun for group_dag_no_subdags to 2023-10-01T00:00:00+00:00, run_after=2023-10-02T00:00:00+00:00
[2023-10-01T13:38:37.517+0000] {processor.py:179} INFO - Processing /opt/airflow/dags/group_dag_no_subdags.py took 0.137 seconds
[2023-10-01T13:39:07.880+0000] {processor.py:157} INFO - Started process (PID=10173) to work on /opt/airflow/dags/group_dag_no_subdags.py
[2023-10-01T13:39:07.882+0000] {processor.py:826} INFO - Processing file /opt/airflow/dags/group_dag_no_subdags.py for tasks to queue
[2023-10-01T13:39:07.886+0000] {logging_mixin.py:150} INFO - [2023-10-01T13:39:07.886+0000] {dagbag.py:541} INFO - Filling up the DagBag from /opt/airflow/dags/group_dag_no_subdags.py
[2023-10-01T13:39:07.907+0000] {processor.py:836} INFO - DAG(s) dict_keys(['group_dag_no_subdags']) retrieved from /opt/airflow/dags/group_dag_no_subdags.py
[2023-10-01T13:39:07.951+0000] {logging_mixin.py:150} INFO - [2023-10-01T13:39:07.951+0000] {dag.py:2742} INFO - Sync 1 DAGs
[2023-10-01T13:39:07.988+0000] {logging_mixin.py:150} INFO - [2023-10-01T13:39:07.988+0000] {dag.py:3504} INFO - Setting next_dagrun for group_dag_no_subdags to 2023-10-01T00:00:00+00:00, run_after=2023-10-02T00:00:00+00:00
[2023-10-01T13:39:08.019+0000] {processor.py:179} INFO - Processing /opt/airflow/dags/group_dag_no_subdags.py took 0.142 seconds
[2023-10-01T13:39:38.546+0000] {processor.py:157} INFO - Started process (PID=10200) to work on /opt/airflow/dags/group_dag_no_subdags.py
[2023-10-01T13:39:38.547+0000] {processor.py:826} INFO - Processing file /opt/airflow/dags/group_dag_no_subdags.py for tasks to queue
[2023-10-01T13:39:38.548+0000] {logging_mixin.py:150} INFO - [2023-10-01T13:39:38.548+0000] {dagbag.py:541} INFO - Filling up the DagBag from /opt/airflow/dags/group_dag_no_subdags.py
[2023-10-01T13:39:38.569+0000] {processor.py:836} INFO - DAG(s) dict_keys(['group_dag_no_subdags']) retrieved from /opt/airflow/dags/group_dag_no_subdags.py
[2023-10-01T13:39:38.619+0000] {logging_mixin.py:150} INFO - [2023-10-01T13:39:38.619+0000] {dag.py:2742} INFO - Sync 1 DAGs
[2023-10-01T13:39:38.667+0000] {logging_mixin.py:150} INFO - [2023-10-01T13:39:38.666+0000] {dag.py:3504} INFO - Setting next_dagrun for group_dag_no_subdags to 2023-10-01T00:00:00+00:00, run_after=2023-10-02T00:00:00+00:00
[2023-10-01T13:39:38.710+0000] {processor.py:179} INFO - Processing /opt/airflow/dags/group_dag_no_subdags.py took 0.171 seconds
[2023-10-01T13:40:09.180+0000] {processor.py:157} INFO - Started process (PID=10228) to work on /opt/airflow/dags/group_dag_no_subdags.py
[2023-10-01T13:40:09.180+0000] {processor.py:826} INFO - Processing file /opt/airflow/dags/group_dag_no_subdags.py for tasks to queue
[2023-10-01T13:40:09.181+0000] {logging_mixin.py:150} INFO - [2023-10-01T13:40:09.181+0000] {dagbag.py:541} INFO - Filling up the DagBag from /opt/airflow/dags/group_dag_no_subdags.py
[2023-10-01T13:40:09.202+0000] {processor.py:836} INFO - DAG(s) dict_keys(['group_dag_no_subdags']) retrieved from /opt/airflow/dags/group_dag_no_subdags.py
[2023-10-01T13:40:09.256+0000] {logging_mixin.py:150} INFO - [2023-10-01T13:40:09.252+0000] {dag.py:2742} INFO - Sync 1 DAGs
[2023-10-01T13:40:09.308+0000] {logging_mixin.py:150} INFO - [2023-10-01T13:40:09.308+0000] {dag.py:3504} INFO - Setting next_dagrun for group_dag_no_subdags to 2023-10-01T00:00:00+00:00, run_after=2023-10-02T00:00:00+00:00
[2023-10-01T13:40:09.340+0000] {processor.py:179} INFO - Processing /opt/airflow/dags/group_dag_no_subdags.py took 0.163 seconds
[2023-10-01T13:40:40.158+0000] {processor.py:157} INFO - Started process (PID=10255) to work on /opt/airflow/dags/group_dag_no_subdags.py
[2023-10-01T13:40:40.159+0000] {processor.py:826} INFO - Processing file /opt/airflow/dags/group_dag_no_subdags.py for tasks to queue
[2023-10-01T13:40:40.160+0000] {logging_mixin.py:150} INFO - [2023-10-01T13:40:40.160+0000] {dagbag.py:541} INFO - Filling up the DagBag from /opt/airflow/dags/group_dag_no_subdags.py
[2023-10-01T13:40:40.188+0000] {processor.py:836} INFO - DAG(s) dict_keys(['group_dag_no_subdags']) retrieved from /opt/airflow/dags/group_dag_no_subdags.py
[2023-10-01T13:40:40.231+0000] {logging_mixin.py:150} INFO - [2023-10-01T13:40:40.231+0000] {dag.py:2742} INFO - Sync 1 DAGs
[2023-10-01T13:40:40.280+0000] {logging_mixin.py:150} INFO - [2023-10-01T13:40:40.280+0000] {dag.py:3504} INFO - Setting next_dagrun for group_dag_no_subdags to 2023-10-01T00:00:00+00:00, run_after=2023-10-02T00:00:00+00:00
[2023-10-01T13:40:40.328+0000] {processor.py:179} INFO - Processing /opt/airflow/dags/group_dag_no_subdags.py took 0.179 seconds
[2023-10-01T13:41:10.451+0000] {processor.py:157} INFO - Started process (PID=10282) to work on /opt/airflow/dags/group_dag_no_subdags.py
[2023-10-01T13:41:10.456+0000] {processor.py:826} INFO - Processing file /opt/airflow/dags/group_dag_no_subdags.py for tasks to queue
[2023-10-01T13:41:10.457+0000] {logging_mixin.py:150} INFO - [2023-10-01T13:41:10.457+0000] {dagbag.py:541} INFO - Filling up the DagBag from /opt/airflow/dags/group_dag_no_subdags.py
[2023-10-01T13:41:10.478+0000] {processor.py:836} INFO - DAG(s) dict_keys(['group_dag_no_subdags']) retrieved from /opt/airflow/dags/group_dag_no_subdags.py
[2023-10-01T13:41:10.531+0000] {logging_mixin.py:150} INFO - [2023-10-01T13:41:10.531+0000] {dag.py:2742} INFO - Sync 1 DAGs
[2023-10-01T13:41:10.588+0000] {logging_mixin.py:150} INFO - [2023-10-01T13:41:10.588+0000] {dag.py:3504} INFO - Setting next_dagrun for group_dag_no_subdags to 2023-10-01T00:00:00+00:00, run_after=2023-10-02T00:00:00+00:00
[2023-10-01T13:41:10.638+0000] {processor.py:179} INFO - Processing /opt/airflow/dags/group_dag_no_subdags.py took 0.191 seconds
[2023-10-01T13:41:40.699+0000] {processor.py:157} INFO - Started process (PID=10300) to work on /opt/airflow/dags/group_dag_no_subdags.py
[2023-10-01T13:41:40.701+0000] {processor.py:826} INFO - Processing file /opt/airflow/dags/group_dag_no_subdags.py for tasks to queue
[2023-10-01T13:41:40.706+0000] {logging_mixin.py:150} INFO - [2023-10-01T13:41:40.702+0000] {dagbag.py:541} INFO - Filling up the DagBag from /opt/airflow/dags/group_dag_no_subdags.py
[2023-10-01T13:41:40.740+0000] {processor.py:836} INFO - DAG(s) dict_keys(['group_dag_no_subdags']) retrieved from /opt/airflow/dags/group_dag_no_subdags.py
[2023-10-01T13:41:40.950+0000] {logging_mixin.py:150} INFO - [2023-10-01T13:41:40.950+0000] {dag.py:2742} INFO - Sync 1 DAGs
[2023-10-01T13:41:41.070+0000] {logging_mixin.py:150} INFO - [2023-10-01T13:41:41.069+0000] {dag.py:3504} INFO - Setting next_dagrun for group_dag_no_subdags to 2023-10-01T00:00:00+00:00, run_after=2023-10-02T00:00:00+00:00
[2023-10-01T13:41:41.121+0000] {processor.py:179} INFO - Processing /opt/airflow/dags/group_dag_no_subdags.py took 0.431 seconds
[2023-10-01T13:42:11.840+0000] {processor.py:157} INFO - Started process (PID=10327) to work on /opt/airflow/dags/group_dag_no_subdags.py
[2023-10-01T13:42:11.846+0000] {processor.py:826} INFO - Processing file /opt/airflow/dags/group_dag_no_subdags.py for tasks to queue
[2023-10-01T13:42:11.847+0000] {logging_mixin.py:150} INFO - [2023-10-01T13:42:11.847+0000] {dagbag.py:541} INFO - Filling up the DagBag from /opt/airflow/dags/group_dag_no_subdags.py
[2023-10-01T13:42:11.869+0000] {processor.py:836} INFO - DAG(s) dict_keys(['group_dag_no_subdags']) retrieved from /opt/airflow/dags/group_dag_no_subdags.py
[2023-10-01T13:42:11.937+0000] {logging_mixin.py:150} INFO - [2023-10-01T13:42:11.936+0000] {dag.py:2742} INFO - Sync 1 DAGs
[2023-10-01T13:42:11.989+0000] {logging_mixin.py:150} INFO - [2023-10-01T13:42:11.989+0000] {dag.py:3504} INFO - Setting next_dagrun for group_dag_no_subdags to 2023-10-01T00:00:00+00:00, run_after=2023-10-02T00:00:00+00:00
[2023-10-01T13:42:13.037+0000] {processor.py:179} INFO - Processing /opt/airflow/dags/group_dag_no_subdags.py took 1.200 seconds
[2023-10-01T13:42:43.139+0000] {processor.py:157} INFO - Started process (PID=10358) to work on /opt/airflow/dags/group_dag_no_subdags.py
[2023-10-01T13:42:43.140+0000] {processor.py:826} INFO - Processing file /opt/airflow/dags/group_dag_no_subdags.py for tasks to queue
[2023-10-01T13:42:43.146+0000] {logging_mixin.py:150} INFO - [2023-10-01T13:42:43.141+0000] {dagbag.py:541} INFO - Filling up the DagBag from /opt/airflow/dags/group_dag_no_subdags.py
[2023-10-01T13:42:43.179+0000] {processor.py:836} INFO - DAG(s) dict_keys(['group_dag_no_subdags']) retrieved from /opt/airflow/dags/group_dag_no_subdags.py
[2023-10-01T13:42:43.256+0000] {logging_mixin.py:150} INFO - [2023-10-01T13:42:43.251+0000] {dag.py:2742} INFO - Sync 1 DAGs
[2023-10-01T13:42:43.337+0000] {logging_mixin.py:150} INFO - [2023-10-01T13:42:43.336+0000] {dag.py:3504} INFO - Setting next_dagrun for group_dag_no_subdags to 2023-10-01T00:00:00+00:00, run_after=2023-10-02T00:00:00+00:00
[2023-10-01T13:42:43.407+0000] {processor.py:179} INFO - Processing /opt/airflow/dags/group_dag_no_subdags.py took 0.277 seconds
[2023-10-01T13:43:13.457+0000] {processor.py:157} INFO - Started process (PID=10384) to work on /opt/airflow/dags/group_dag_no_subdags.py
[2023-10-01T13:43:13.460+0000] {processor.py:826} INFO - Processing file /opt/airflow/dags/group_dag_no_subdags.py for tasks to queue
[2023-10-01T13:43:13.461+0000] {logging_mixin.py:150} INFO - [2023-10-01T13:43:13.460+0000] {dagbag.py:541} INFO - Filling up the DagBag from /opt/airflow/dags/group_dag_no_subdags.py
[2023-10-01T13:43:13.487+0000] {processor.py:836} INFO - DAG(s) dict_keys(['group_dag_no_subdags']) retrieved from /opt/airflow/dags/group_dag_no_subdags.py
[2023-10-01T13:43:13.551+0000] {logging_mixin.py:150} INFO - [2023-10-01T13:43:13.551+0000] {dag.py:2742} INFO - Sync 1 DAGs
[2023-10-01T13:43:13.629+0000] {logging_mixin.py:150} INFO - [2023-10-01T13:43:13.629+0000] {dag.py:3504} INFO - Setting next_dagrun for group_dag_no_subdags to 2023-10-01T00:00:00+00:00, run_after=2023-10-02T00:00:00+00:00
[2023-10-01T13:43:13.707+0000] {processor.py:179} INFO - Processing /opt/airflow/dags/group_dag_no_subdags.py took 0.259 seconds
[2023-10-01T13:43:44.098+0000] {processor.py:157} INFO - Started process (PID=10411) to work on /opt/airflow/dags/group_dag_no_subdags.py
[2023-10-01T13:43:44.099+0000] {processor.py:826} INFO - Processing file /opt/airflow/dags/group_dag_no_subdags.py for tasks to queue
[2023-10-01T13:43:44.100+0000] {logging_mixin.py:150} INFO - [2023-10-01T13:43:44.100+0000] {dagbag.py:541} INFO - Filling up the DagBag from /opt/airflow/dags/group_dag_no_subdags.py
[2023-10-01T13:43:44.128+0000] {processor.py:836} INFO - DAG(s) dict_keys(['group_dag_no_subdags']) retrieved from /opt/airflow/dags/group_dag_no_subdags.py
[2023-10-01T13:43:44.180+0000] {logging_mixin.py:150} INFO - [2023-10-01T13:43:44.179+0000] {dag.py:2742} INFO - Sync 1 DAGs
[2023-10-01T13:43:44.237+0000] {logging_mixin.py:150} INFO - [2023-10-01T13:43:44.237+0000] {dag.py:3504} INFO - Setting next_dagrun for group_dag_no_subdags to 2023-10-01T00:00:00+00:00, run_after=2023-10-02T00:00:00+00:00
[2023-10-01T13:43:44.278+0000] {processor.py:179} INFO - Processing /opt/airflow/dags/group_dag_no_subdags.py took 0.189 seconds
[2023-10-01T13:44:14.627+0000] {processor.py:157} INFO - Started process (PID=10438) to work on /opt/airflow/dags/group_dag_no_subdags.py
[2023-10-01T13:44:14.628+0000] {processor.py:826} INFO - Processing file /opt/airflow/dags/group_dag_no_subdags.py for tasks to queue
[2023-10-01T13:44:14.629+0000] {logging_mixin.py:150} INFO - [2023-10-01T13:44:14.629+0000] {dagbag.py:541} INFO - Filling up the DagBag from /opt/airflow/dags/group_dag_no_subdags.py
[2023-10-01T13:44:14.660+0000] {processor.py:836} INFO - DAG(s) dict_keys(['group_dag_no_subdags']) retrieved from /opt/airflow/dags/group_dag_no_subdags.py
[2023-10-01T13:44:14.746+0000] {logging_mixin.py:150} INFO - [2023-10-01T13:44:14.741+0000] {dag.py:2742} INFO - Sync 1 DAGs
[2023-10-01T13:44:14.810+0000] {logging_mixin.py:150} INFO - [2023-10-01T13:44:14.810+0000] {dag.py:3504} INFO - Setting next_dagrun for group_dag_no_subdags to 2023-10-01T00:00:00+00:00, run_after=2023-10-02T00:00:00+00:00
[2023-10-01T13:44:14.860+0000] {processor.py:179} INFO - Processing /opt/airflow/dags/group_dag_no_subdags.py took 0.249 seconds
[2023-10-01T13:44:45.137+0000] {processor.py:157} INFO - Started process (PID=10465) to work on /opt/airflow/dags/group_dag_no_subdags.py
[2023-10-01T13:44:45.146+0000] {processor.py:826} INFO - Processing file /opt/airflow/dags/group_dag_no_subdags.py for tasks to queue
[2023-10-01T13:44:45.147+0000] {logging_mixin.py:150} INFO - [2023-10-01T13:44:45.147+0000] {dagbag.py:541} INFO - Filling up the DagBag from /opt/airflow/dags/group_dag_no_subdags.py
[2023-10-01T13:44:45.178+0000] {processor.py:836} INFO - DAG(s) dict_keys(['group_dag_no_subdags']) retrieved from /opt/airflow/dags/group_dag_no_subdags.py
[2023-10-01T13:44:45.250+0000] {logging_mixin.py:150} INFO - [2023-10-01T13:44:45.250+0000] {dag.py:2742} INFO - Sync 1 DAGs
[2023-10-01T13:44:45.331+0000] {logging_mixin.py:150} INFO - [2023-10-01T13:44:45.330+0000] {dag.py:3504} INFO - Setting next_dagrun for group_dag_no_subdags to 2023-10-01T00:00:00+00:00, run_after=2023-10-02T00:00:00+00:00
[2023-10-01T13:44:45.400+0000] {processor.py:179} INFO - Processing /opt/airflow/dags/group_dag_no_subdags.py took 0.272 seconds
[2023-10-01T13:45:15.700+0000] {processor.py:157} INFO - Started process (PID=10493) to work on /opt/airflow/dags/group_dag_no_subdags.py
[2023-10-01T13:45:15.707+0000] {processor.py:826} INFO - Processing file /opt/airflow/dags/group_dag_no_subdags.py for tasks to queue
[2023-10-01T13:45:15.709+0000] {logging_mixin.py:150} INFO - [2023-10-01T13:45:15.708+0000] {dagbag.py:541} INFO - Filling up the DagBag from /opt/airflow/dags/group_dag_no_subdags.py
[2023-10-01T13:45:15.738+0000] {processor.py:836} INFO - DAG(s) dict_keys(['group_dag_no_subdags']) retrieved from /opt/airflow/dags/group_dag_no_subdags.py
[2023-10-01T13:45:15.818+0000] {logging_mixin.py:150} INFO - [2023-10-01T13:45:15.817+0000] {dag.py:2742} INFO - Sync 1 DAGs
[2023-10-01T13:45:15.897+0000] {logging_mixin.py:150} INFO - [2023-10-01T13:45:15.897+0000] {dag.py:3504} INFO - Setting next_dagrun for group_dag_no_subdags to 2023-10-01T00:00:00+00:00, run_after=2023-10-02T00:00:00+00:00
[2023-10-01T13:45:15.949+0000] {processor.py:179} INFO - Processing /opt/airflow/dags/group_dag_no_subdags.py took 0.260 seconds
[2023-10-01T13:45:46.087+0000] {processor.py:157} INFO - Started process (PID=10519) to work on /opt/airflow/dags/group_dag_no_subdags.py
[2023-10-01T13:45:46.089+0000] {processor.py:826} INFO - Processing file /opt/airflow/dags/group_dag_no_subdags.py for tasks to queue
[2023-10-01T13:45:46.090+0000] {logging_mixin.py:150} INFO - [2023-10-01T13:45:46.090+0000] {dagbag.py:541} INFO - Filling up the DagBag from /opt/airflow/dags/group_dag_no_subdags.py
[2023-10-01T13:45:46.147+0000] {processor.py:836} INFO - DAG(s) dict_keys(['group_dag_no_subdags']) retrieved from /opt/airflow/dags/group_dag_no_subdags.py
[2023-10-01T13:45:46.217+0000] {logging_mixin.py:150} INFO - [2023-10-01T13:45:46.217+0000] {dag.py:2742} INFO - Sync 1 DAGs
[2023-10-01T13:45:46.287+0000] {logging_mixin.py:150} INFO - [2023-10-01T13:45:46.286+0000] {dag.py:3504} INFO - Setting next_dagrun for group_dag_no_subdags to 2023-10-01T00:00:00+00:00, run_after=2023-10-02T00:00:00+00:00
[2023-10-01T13:45:46.340+0000] {processor.py:179} INFO - Processing /opt/airflow/dags/group_dag_no_subdags.py took 0.264 seconds
[2023-10-01T13:46:17.100+0000] {processor.py:157} INFO - Started process (PID=10546) to work on /opt/airflow/dags/group_dag_no_subdags.py
[2023-10-01T13:46:17.129+0000] {processor.py:826} INFO - Processing file /opt/airflow/dags/group_dag_no_subdags.py for tasks to queue
[2023-10-01T13:46:17.146+0000] {logging_mixin.py:150} INFO - [2023-10-01T13:46:17.130+0000] {dagbag.py:541} INFO - Filling up the DagBag from /opt/airflow/dags/group_dag_no_subdags.py
[2023-10-01T13:46:17.287+0000] {processor.py:836} INFO - DAG(s) dict_keys(['group_dag_no_subdags']) retrieved from /opt/airflow/dags/group_dag_no_subdags.py
[2023-10-01T13:46:17.548+0000] {logging_mixin.py:150} INFO - [2023-10-01T13:46:17.547+0000] {dag.py:2742} INFO - Sync 1 DAGs
[2023-10-01T13:46:17.730+0000] {logging_mixin.py:150} INFO - [2023-10-01T13:46:17.729+0000] {dag.py:3504} INFO - Setting next_dagrun for group_dag_no_subdags to 2023-10-01T00:00:00+00:00, run_after=2023-10-02T00:00:00+00:00
[2023-10-01T13:46:17.920+0000] {processor.py:179} INFO - Processing /opt/airflow/dags/group_dag_no_subdags.py took 0.842 seconds
[2023-10-01T13:46:48.417+0000] {processor.py:157} INFO - Started process (PID=10573) to work on /opt/airflow/dags/group_dag_no_subdags.py
[2023-10-01T13:46:48.419+0000] {processor.py:826} INFO - Processing file /opt/airflow/dags/group_dag_no_subdags.py for tasks to queue
[2023-10-01T13:46:48.420+0000] {logging_mixin.py:150} INFO - [2023-10-01T13:46:48.420+0000] {dagbag.py:541} INFO - Filling up the DagBag from /opt/airflow/dags/group_dag_no_subdags.py
[2023-10-01T13:46:48.458+0000] {processor.py:836} INFO - DAG(s) dict_keys(['group_dag_no_subdags']) retrieved from /opt/airflow/dags/group_dag_no_subdags.py
[2023-10-01T13:46:48.538+0000] {logging_mixin.py:150} INFO - [2023-10-01T13:46:48.537+0000] {dag.py:2742} INFO - Sync 1 DAGs
[2023-10-01T13:46:48.627+0000] {logging_mixin.py:150} INFO - [2023-10-01T13:46:48.627+0000] {dag.py:3504} INFO - Setting next_dagrun for group_dag_no_subdags to 2023-10-01T00:00:00+00:00, run_after=2023-10-02T00:00:00+00:00
[2023-10-01T13:46:48.699+0000] {processor.py:179} INFO - Processing /opt/airflow/dags/group_dag_no_subdags.py took 0.293 seconds
[2023-10-01T13:47:18.886+0000] {processor.py:157} INFO - Started process (PID=10601) to work on /opt/airflow/dags/group_dag_no_subdags.py
[2023-10-01T13:47:18.888+0000] {processor.py:826} INFO - Processing file /opt/airflow/dags/group_dag_no_subdags.py for tasks to queue
[2023-10-01T13:47:18.889+0000] {logging_mixin.py:150} INFO - [2023-10-01T13:47:18.889+0000] {dagbag.py:541} INFO - Filling up the DagBag from /opt/airflow/dags/group_dag_no_subdags.py
[2023-10-01T13:47:18.939+0000] {processor.py:836} INFO - DAG(s) dict_keys(['group_dag_no_subdags']) retrieved from /opt/airflow/dags/group_dag_no_subdags.py
[2023-10-01T13:47:19.099+0000] {logging_mixin.py:150} INFO - [2023-10-01T13:47:19.099+0000] {dag.py:2742} INFO - Sync 1 DAGs
[2023-10-01T13:47:19.259+0000] {logging_mixin.py:150} INFO - [2023-10-01T13:47:19.258+0000] {dag.py:3504} INFO - Setting next_dagrun for group_dag_no_subdags to 2023-10-01T00:00:00+00:00, run_after=2023-10-02T00:00:00+00:00
[2023-10-01T13:47:19.369+0000] {processor.py:179} INFO - Processing /opt/airflow/dags/group_dag_no_subdags.py took 0.499 seconds
[2023-10-01T13:47:49.918+0000] {processor.py:157} INFO - Started process (PID=10628) to work on /opt/airflow/dags/group_dag_no_subdags.py
[2023-10-01T13:47:49.927+0000] {processor.py:826} INFO - Processing file /opt/airflow/dags/group_dag_no_subdags.py for tasks to queue
[2023-10-01T13:47:49.928+0000] {logging_mixin.py:150} INFO - [2023-10-01T13:47:49.928+0000] {dagbag.py:541} INFO - Filling up the DagBag from /opt/airflow/dags/group_dag_no_subdags.py
[2023-10-01T13:47:49.969+0000] {processor.py:836} INFO - DAG(s) dict_keys(['group_dag_no_subdags']) retrieved from /opt/airflow/dags/group_dag_no_subdags.py
[2023-10-01T13:47:50.069+0000] {logging_mixin.py:150} INFO - [2023-10-01T13:47:50.068+0000] {dag.py:2742} INFO - Sync 1 DAGs
[2023-10-01T13:47:50.148+0000] {logging_mixin.py:150} INFO - [2023-10-01T13:47:50.148+0000] {dag.py:3504} INFO - Setting next_dagrun for group_dag_no_subdags to 2023-10-01T00:00:00+00:00, run_after=2023-10-02T00:00:00+00:00
[2023-10-01T13:47:50.219+0000] {processor.py:179} INFO - Processing /opt/airflow/dags/group_dag_no_subdags.py took 0.312 seconds
[2023-10-01T13:48:20.286+0000] {processor.py:157} INFO - Started process (PID=10655) to work on /opt/airflow/dags/group_dag_no_subdags.py
[2023-10-01T13:48:20.287+0000] {processor.py:826} INFO - Processing file /opt/airflow/dags/group_dag_no_subdags.py for tasks to queue
[2023-10-01T13:48:20.288+0000] {logging_mixin.py:150} INFO - [2023-10-01T13:48:20.287+0000] {dagbag.py:541} INFO - Filling up the DagBag from /opt/airflow/dags/group_dag_no_subdags.py
[2023-10-01T13:48:20.328+0000] {processor.py:836} INFO - DAG(s) dict_keys(['group_dag_no_subdags']) retrieved from /opt/airflow/dags/group_dag_no_subdags.py
[2023-10-01T13:48:20.388+0000] {logging_mixin.py:150} INFO - [2023-10-01T13:48:20.388+0000] {dag.py:2742} INFO - Sync 1 DAGs
[2023-10-01T13:48:20.450+0000] {logging_mixin.py:150} INFO - [2023-10-01T13:48:20.450+0000] {dag.py:3504} INFO - Setting next_dagrun for group_dag_no_subdags to 2023-10-01T00:00:00+00:00, run_after=2023-10-02T00:00:00+00:00
[2023-10-01T13:48:20.509+0000] {processor.py:179} INFO - Processing /opt/airflow/dags/group_dag_no_subdags.py took 0.232 seconds
[2023-10-01T13:48:51.339+0000] {processor.py:157} INFO - Started process (PID=10682) to work on /opt/airflow/dags/group_dag_no_subdags.py
[2023-10-01T13:48:51.346+0000] {processor.py:826} INFO - Processing file /opt/airflow/dags/group_dag_no_subdags.py for tasks to queue
[2023-10-01T13:48:51.348+0000] {logging_mixin.py:150} INFO - [2023-10-01T13:48:51.347+0000] {dagbag.py:541} INFO - Filling up the DagBag from /opt/airflow/dags/group_dag_no_subdags.py
[2023-10-01T13:48:51.417+0000] {processor.py:836} INFO - DAG(s) dict_keys(['group_dag_no_subdags']) retrieved from /opt/airflow/dags/group_dag_no_subdags.py
[2023-10-01T13:48:51.538+0000] {logging_mixin.py:150} INFO - [2023-10-01T13:48:51.538+0000] {dag.py:2742} INFO - Sync 1 DAGs
[2023-10-01T13:48:51.647+0000] {logging_mixin.py:150} INFO - [2023-10-01T13:48:51.646+0000] {dag.py:3504} INFO - Setting next_dagrun for group_dag_no_subdags to 2023-10-01T00:00:00+00:00, run_after=2023-10-02T00:00:00+00:00
[2023-10-01T13:48:51.710+0000] {processor.py:179} INFO - Processing /opt/airflow/dags/group_dag_no_subdags.py took 0.382 seconds
[2023-10-01T13:49:22.189+0000] {processor.py:157} INFO - Started process (PID=10710) to work on /opt/airflow/dags/group_dag_no_subdags.py
[2023-10-01T13:49:22.197+0000] {processor.py:826} INFO - Processing file /opt/airflow/dags/group_dag_no_subdags.py for tasks to queue
[2023-10-01T13:49:22.199+0000] {logging_mixin.py:150} INFO - [2023-10-01T13:49:22.198+0000] {dagbag.py:541} INFO - Filling up the DagBag from /opt/airflow/dags/group_dag_no_subdags.py
[2023-10-01T13:49:22.257+0000] {processor.py:836} INFO - DAG(s) dict_keys(['group_dag_no_subdags']) retrieved from /opt/airflow/dags/group_dag_no_subdags.py
[2023-10-01T13:49:22.449+0000] {logging_mixin.py:150} INFO - [2023-10-01T13:49:22.449+0000] {dag.py:2742} INFO - Sync 1 DAGs
[2023-10-01T13:49:22.579+0000] {logging_mixin.py:150} INFO - [2023-10-01T13:49:22.579+0000] {dag.py:3504} INFO - Setting next_dagrun for group_dag_no_subdags to 2023-10-01T00:00:00+00:00, run_after=2023-10-02T00:00:00+00:00
[2023-10-01T13:49:22.668+0000] {processor.py:179} INFO - Processing /opt/airflow/dags/group_dag_no_subdags.py took 0.490 seconds
[2023-10-01T13:49:53.087+0000] {processor.py:157} INFO - Started process (PID=10737) to work on /opt/airflow/dags/group_dag_no_subdags.py
[2023-10-01T13:49:53.088+0000] {processor.py:826} INFO - Processing file /opt/airflow/dags/group_dag_no_subdags.py for tasks to queue
[2023-10-01T13:49:53.089+0000] {logging_mixin.py:150} INFO - [2023-10-01T13:49:53.088+0000] {dagbag.py:541} INFO - Filling up the DagBag from /opt/airflow/dags/group_dag_no_subdags.py
[2023-10-01T13:49:53.127+0000] {processor.py:836} INFO - DAG(s) dict_keys(['group_dag_no_subdags']) retrieved from /opt/airflow/dags/group_dag_no_subdags.py
[2023-10-01T13:49:53.237+0000] {logging_mixin.py:150} INFO - [2023-10-01T13:49:53.237+0000] {dag.py:2742} INFO - Sync 1 DAGs
[2023-10-01T13:49:53.329+0000] {logging_mixin.py:150} INFO - [2023-10-01T13:49:53.328+0000] {dag.py:3504} INFO - Setting next_dagrun for group_dag_no_subdags to 2023-10-01T00:00:00+00:00, run_after=2023-10-02T00:00:00+00:00
[2023-10-01T13:49:53.408+0000] {processor.py:179} INFO - Processing /opt/airflow/dags/group_dag_no_subdags.py took 0.340 seconds
[2023-10-01T13:50:23.836+0000] {processor.py:157} INFO - Started process (PID=10765) to work on /opt/airflow/dags/group_dag_no_subdags.py
[2023-10-01T13:50:23.838+0000] {processor.py:826} INFO - Processing file /opt/airflow/dags/group_dag_no_subdags.py for tasks to queue
[2023-10-01T13:50:23.838+0000] {logging_mixin.py:150} INFO - [2023-10-01T13:50:23.838+0000] {dagbag.py:541} INFO - Filling up the DagBag from /opt/airflow/dags/group_dag_no_subdags.py
[2023-10-01T13:50:23.869+0000] {processor.py:836} INFO - DAG(s) dict_keys(['group_dag_no_subdags']) retrieved from /opt/airflow/dags/group_dag_no_subdags.py
[2023-10-01T13:50:23.958+0000] {logging_mixin.py:150} INFO - [2023-10-01T13:50:23.958+0000] {dag.py:2742} INFO - Sync 1 DAGs
[2023-10-01T13:50:24.056+0000] {logging_mixin.py:150} INFO - [2023-10-01T13:50:24.049+0000] {dag.py:3504} INFO - Setting next_dagrun for group_dag_no_subdags to 2023-10-01T00:00:00+00:00, run_after=2023-10-02T00:00:00+00:00
[2023-10-01T13:50:24.136+0000] {processor.py:179} INFO - Processing /opt/airflow/dags/group_dag_no_subdags.py took 0.310 seconds
[2023-10-01T13:50:54.567+0000] {processor.py:157} INFO - Started process (PID=10793) to work on /opt/airflow/dags/group_dag_no_subdags.py
[2023-10-01T13:50:54.568+0000] {processor.py:826} INFO - Processing file /opt/airflow/dags/group_dag_no_subdags.py for tasks to queue
[2023-10-01T13:50:54.569+0000] {logging_mixin.py:150} INFO - [2023-10-01T13:50:54.569+0000] {dagbag.py:541} INFO - Filling up the DagBag from /opt/airflow/dags/group_dag_no_subdags.py
[2023-10-01T13:50:54.607+0000] {processor.py:836} INFO - DAG(s) dict_keys(['group_dag_no_subdags']) retrieved from /opt/airflow/dags/group_dag_no_subdags.py
[2023-10-01T13:50:54.679+0000] {logging_mixin.py:150} INFO - [2023-10-01T13:50:54.679+0000] {dag.py:2742} INFO - Sync 1 DAGs
[2023-10-01T13:50:54.767+0000] {logging_mixin.py:150} INFO - [2023-10-01T13:50:54.767+0000] {dag.py:3504} INFO - Setting next_dagrun for group_dag_no_subdags to 2023-10-01T00:00:00+00:00, run_after=2023-10-02T00:00:00+00:00
[2023-10-01T13:50:54.836+0000] {processor.py:179} INFO - Processing /opt/airflow/dags/group_dag_no_subdags.py took 0.281 seconds
[2023-10-01T13:51:25.598+0000] {processor.py:157} INFO - Started process (PID=10820) to work on /opt/airflow/dags/group_dag_no_subdags.py
[2023-10-01T13:51:25.599+0000] {processor.py:826} INFO - Processing file /opt/airflow/dags/group_dag_no_subdags.py for tasks to queue
[2023-10-01T13:51:25.607+0000] {logging_mixin.py:150} INFO - [2023-10-01T13:51:25.607+0000] {dagbag.py:541} INFO - Filling up the DagBag from /opt/airflow/dags/group_dag_no_subdags.py
[2023-10-01T13:51:25.637+0000] {processor.py:836} INFO - DAG(s) dict_keys(['group_dag_no_subdags']) retrieved from /opt/airflow/dags/group_dag_no_subdags.py
[2023-10-01T13:51:25.737+0000] {logging_mixin.py:150} INFO - [2023-10-01T13:51:25.737+0000] {dag.py:2742} INFO - Sync 1 DAGs
[2023-10-01T13:51:25.827+0000] {logging_mixin.py:150} INFO - [2023-10-01T13:51:25.827+0000] {dag.py:3504} INFO - Setting next_dagrun for group_dag_no_subdags to 2023-10-01T00:00:00+00:00, run_after=2023-10-02T00:00:00+00:00
[2023-10-01T13:51:25.898+0000] {processor.py:179} INFO - Processing /opt/airflow/dags/group_dag_no_subdags.py took 0.310 seconds
[2023-10-01T13:51:56.659+0000] {processor.py:157} INFO - Started process (PID=10847) to work on /opt/airflow/dags/group_dag_no_subdags.py
[2023-10-01T13:51:56.668+0000] {processor.py:826} INFO - Processing file /opt/airflow/dags/group_dag_no_subdags.py for tasks to queue
[2023-10-01T13:51:56.669+0000] {logging_mixin.py:150} INFO - [2023-10-01T13:51:56.669+0000] {dagbag.py:541} INFO - Filling up the DagBag from /opt/airflow/dags/group_dag_no_subdags.py
[2023-10-01T13:51:56.738+0000] {processor.py:836} INFO - DAG(s) dict_keys(['group_dag_no_subdags']) retrieved from /opt/airflow/dags/group_dag_no_subdags.py
[2023-10-01T13:51:56.866+0000] {logging_mixin.py:150} INFO - [2023-10-01T13:51:56.859+0000] {dag.py:2742} INFO - Sync 1 DAGs
[2023-10-01T13:51:56.989+0000] {logging_mixin.py:150} INFO - [2023-10-01T13:51:56.989+0000] {dag.py:3504} INFO - Setting next_dagrun for group_dag_no_subdags to 2023-10-01T00:00:00+00:00, run_after=2023-10-02T00:00:00+00:00
[2023-10-01T13:51:57.098+0000] {processor.py:179} INFO - Processing /opt/airflow/dags/group_dag_no_subdags.py took 0.451 seconds
[2023-10-01T13:52:28.108+0000] {processor.py:157} INFO - Started process (PID=10875) to work on /opt/airflow/dags/group_dag_no_subdags.py
[2023-10-01T13:52:28.116+0000] {processor.py:826} INFO - Processing file /opt/airflow/dags/group_dag_no_subdags.py for tasks to queue
[2023-10-01T13:52:28.118+0000] {logging_mixin.py:150} INFO - [2023-10-01T13:52:28.117+0000] {dagbag.py:541} INFO - Filling up the DagBag from /opt/airflow/dags/group_dag_no_subdags.py
[2023-10-01T13:52:28.167+0000] {processor.py:836} INFO - DAG(s) dict_keys(['group_dag_no_subdags']) retrieved from /opt/airflow/dags/group_dag_no_subdags.py
[2023-10-01T13:52:28.318+0000] {logging_mixin.py:150} INFO - [2023-10-01T13:52:28.318+0000] {dag.py:2742} INFO - Sync 1 DAGs
[2023-10-01T13:52:28.468+0000] {logging_mixin.py:150} INFO - [2023-10-01T13:52:28.467+0000] {dag.py:3504} INFO - Setting next_dagrun for group_dag_no_subdags to 2023-10-01T00:00:00+00:00, run_after=2023-10-02T00:00:00+00:00
[2023-10-01T13:52:28.596+0000] {processor.py:179} INFO - Processing /opt/airflow/dags/group_dag_no_subdags.py took 0.507 seconds
[2023-10-01T13:52:58.728+0000] {processor.py:157} INFO - Started process (PID=10902) to work on /opt/airflow/dags/group_dag_no_subdags.py
[2023-10-01T13:52:58.729+0000] {processor.py:826} INFO - Processing file /opt/airflow/dags/group_dag_no_subdags.py for tasks to queue
[2023-10-01T13:52:58.737+0000] {logging_mixin.py:150} INFO - [2023-10-01T13:52:58.737+0000] {dagbag.py:541} INFO - Filling up the DagBag from /opt/airflow/dags/group_dag_no_subdags.py
[2023-10-01T13:52:58.769+0000] {processor.py:836} INFO - DAG(s) dict_keys(['group_dag_no_subdags']) retrieved from /opt/airflow/dags/group_dag_no_subdags.py
[2023-10-01T13:52:58.877+0000] {logging_mixin.py:150} INFO - [2023-10-01T13:52:58.877+0000] {dag.py:2742} INFO - Sync 1 DAGs
[2023-10-01T13:52:58.968+0000] {logging_mixin.py:150} INFO - [2023-10-01T13:52:58.968+0000] {dag.py:3504} INFO - Setting next_dagrun for group_dag_no_subdags to 2023-10-01T00:00:00+00:00, run_after=2023-10-02T00:00:00+00:00
[2023-10-01T13:52:59.058+0000] {processor.py:179} INFO - Processing /opt/airflow/dags/group_dag_no_subdags.py took 0.341 seconds
[2023-10-01T13:53:29.288+0000] {processor.py:157} INFO - Started process (PID=10929) to work on /opt/airflow/dags/group_dag_no_subdags.py
[2023-10-01T13:53:29.296+0000] {processor.py:826} INFO - Processing file /opt/airflow/dags/group_dag_no_subdags.py for tasks to queue
[2023-10-01T13:53:29.297+0000] {logging_mixin.py:150} INFO - [2023-10-01T13:53:29.297+0000] {dagbag.py:541} INFO - Filling up the DagBag from /opt/airflow/dags/group_dag_no_subdags.py
[2023-10-01T13:53:29.346+0000] {processor.py:836} INFO - DAG(s) dict_keys(['group_dag_no_subdags']) retrieved from /opt/airflow/dags/group_dag_no_subdags.py
[2023-10-01T13:53:29.448+0000] {logging_mixin.py:150} INFO - [2023-10-01T13:53:29.448+0000] {dag.py:2742} INFO - Sync 1 DAGs
[2023-10-01T13:53:29.569+0000] {logging_mixin.py:150} INFO - [2023-10-01T13:53:29.568+0000] {dag.py:3504} INFO - Setting next_dagrun for group_dag_no_subdags to 2023-10-01T00:00:00+00:00, run_after=2023-10-02T00:00:00+00:00
[2023-10-01T13:53:29.668+0000] {processor.py:179} INFO - Processing /opt/airflow/dags/group_dag_no_subdags.py took 0.391 seconds
[2023-10-01T13:54:00.318+0000] {processor.py:157} INFO - Started process (PID=10956) to work on /opt/airflow/dags/group_dag_no_subdags.py
[2023-10-01T13:54:00.337+0000] {processor.py:826} INFO - Processing file /opt/airflow/dags/group_dag_no_subdags.py for tasks to queue
[2023-10-01T13:54:00.338+0000] {logging_mixin.py:150} INFO - [2023-10-01T13:54:00.338+0000] {dagbag.py:541} INFO - Filling up the DagBag from /opt/airflow/dags/group_dag_no_subdags.py
[2023-10-01T13:54:00.428+0000] {processor.py:836} INFO - DAG(s) dict_keys(['group_dag_no_subdags']) retrieved from /opt/airflow/dags/group_dag_no_subdags.py
[2023-10-01T13:54:00.667+0000] {logging_mixin.py:150} INFO - [2023-10-01T13:54:00.666+0000] {dag.py:2742} INFO - Sync 1 DAGs
[2023-10-01T13:54:00.898+0000] {logging_mixin.py:150} INFO - [2023-10-01T13:54:00.897+0000] {dag.py:3504} INFO - Setting next_dagrun for group_dag_no_subdags to 2023-10-01T00:00:00+00:00, run_after=2023-10-02T00:00:00+00:00
[2023-10-01T13:54:01.188+0000] {processor.py:179} INFO - Processing /opt/airflow/dags/group_dag_no_subdags.py took 0.890 seconds
[2023-10-01T13:54:31.408+0000] {processor.py:157} INFO - Started process (PID=10973) to work on /opt/airflow/dags/group_dag_no_subdags.py
[2023-10-01T13:54:31.417+0000] {processor.py:826} INFO - Processing file /opt/airflow/dags/group_dag_no_subdags.py for tasks to queue
[2023-10-01T13:54:31.427+0000] {logging_mixin.py:150} INFO - [2023-10-01T13:54:31.418+0000] {dagbag.py:541} INFO - Filling up the DagBag from /opt/airflow/dags/group_dag_no_subdags.py
[2023-10-01T13:54:31.526+0000] {processor.py:836} INFO - DAG(s) dict_keys(['group_dag_no_subdags']) retrieved from /opt/airflow/dags/group_dag_no_subdags.py
[2023-10-01T13:54:31.707+0000] {logging_mixin.py:150} INFO - [2023-10-01T13:54:31.707+0000] {dag.py:2742} INFO - Sync 1 DAGs
[2023-10-01T13:54:31.897+0000] {logging_mixin.py:150} INFO - [2023-10-01T13:54:31.896+0000] {dag.py:3504} INFO - Setting next_dagrun for group_dag_no_subdags to 2023-10-01T00:00:00+00:00, run_after=2023-10-02T00:00:00+00:00
[2023-10-01T13:54:32.029+0000] {processor.py:179} INFO - Processing /opt/airflow/dags/group_dag_no_subdags.py took 0.641 seconds
[2023-10-01T13:55:02.276+0000] {processor.py:157} INFO - Started process (PID=11000) to work on /opt/airflow/dags/group_dag_no_subdags.py
[2023-10-01T13:55:02.287+0000] {processor.py:826} INFO - Processing file /opt/airflow/dags/group_dag_no_subdags.py for tasks to queue
[2023-10-01T13:55:02.288+0000] {logging_mixin.py:150} INFO - [2023-10-01T13:55:02.288+0000] {dagbag.py:541} INFO - Filling up the DagBag from /opt/airflow/dags/group_dag_no_subdags.py
[2023-10-01T13:55:02.387+0000] {processor.py:836} INFO - DAG(s) dict_keys(['group_dag_no_subdags']) retrieved from /opt/airflow/dags/group_dag_no_subdags.py
[2023-10-01T13:55:02.627+0000] {logging_mixin.py:150} INFO - [2023-10-01T13:55:02.627+0000] {dag.py:2742} INFO - Sync 1 DAGs
[2023-10-01T13:55:02.868+0000] {logging_mixin.py:150} INFO - [2023-10-01T13:55:02.868+0000] {dag.py:3504} INFO - Setting next_dagrun for group_dag_no_subdags to 2023-10-01T00:00:00+00:00, run_after=2023-10-02T00:00:00+00:00
[2023-10-01T13:55:03.047+0000] {processor.py:179} INFO - Processing /opt/airflow/dags/group_dag_no_subdags.py took 0.799 seconds
[2023-10-01T13:55:33.556+0000] {processor.py:157} INFO - Started process (PID=11027) to work on /opt/airflow/dags/group_dag_no_subdags.py
[2023-10-01T13:55:33.567+0000] {processor.py:826} INFO - Processing file /opt/airflow/dags/group_dag_no_subdags.py for tasks to queue
[2023-10-01T13:55:33.587+0000] {logging_mixin.py:150} INFO - [2023-10-01T13:55:33.577+0000] {dagbag.py:541} INFO - Filling up the DagBag from /opt/airflow/dags/group_dag_no_subdags.py
[2023-10-01T13:55:33.667+0000] {processor.py:836} INFO - DAG(s) dict_keys(['group_dag_no_subdags']) retrieved from /opt/airflow/dags/group_dag_no_subdags.py
[2023-10-01T13:55:33.828+0000] {logging_mixin.py:150} INFO - [2023-10-01T13:55:33.828+0000] {dag.py:2742} INFO - Sync 1 DAGs
[2023-10-01T13:55:33.998+0000] {logging_mixin.py:150} INFO - [2023-10-01T13:55:33.997+0000] {dag.py:3504} INFO - Setting next_dagrun for group_dag_no_subdags to 2023-10-01T00:00:00+00:00, run_after=2023-10-02T00:00:00+00:00
[2023-10-01T13:55:34.128+0000] {processor.py:179} INFO - Processing /opt/airflow/dags/group_dag_no_subdags.py took 0.642 seconds
[2023-10-01T13:56:05.198+0000] {processor.py:157} INFO - Started process (PID=11054) to work on /opt/airflow/dags/group_dag_no_subdags.py
[2023-10-01T13:56:05.217+0000] {processor.py:826} INFO - Processing file /opt/airflow/dags/group_dag_no_subdags.py for tasks to queue
[2023-10-01T13:56:05.226+0000] {logging_mixin.py:150} INFO - [2023-10-01T13:56:05.218+0000] {dagbag.py:541} INFO - Filling up the DagBag from /opt/airflow/dags/group_dag_no_subdags.py
[2023-10-01T13:56:05.308+0000] {processor.py:836} INFO - DAG(s) dict_keys(['group_dag_no_subdags']) retrieved from /opt/airflow/dags/group_dag_no_subdags.py
[2023-10-01T13:56:05.547+0000] {logging_mixin.py:150} INFO - [2023-10-01T13:56:05.547+0000] {dag.py:2742} INFO - Sync 1 DAGs
[2023-10-01T13:56:05.766+0000] {logging_mixin.py:150} INFO - [2023-10-01T13:56:05.758+0000] {dag.py:3504} INFO - Setting next_dagrun for group_dag_no_subdags to 2023-10-01T00:00:00+00:00, run_after=2023-10-02T00:00:00+00:00
[2023-10-01T13:56:05.897+0000] {processor.py:179} INFO - Processing /opt/airflow/dags/group_dag_no_subdags.py took 0.730 seconds
[2023-10-01T13:56:36.606+0000] {processor.py:157} INFO - Started process (PID=11082) to work on /opt/airflow/dags/group_dag_no_subdags.py
[2023-10-01T13:56:36.617+0000] {processor.py:826} INFO - Processing file /opt/airflow/dags/group_dag_no_subdags.py for tasks to queue
[2023-10-01T13:56:36.627+0000] {logging_mixin.py:150} INFO - [2023-10-01T13:56:36.618+0000] {dagbag.py:541} INFO - Filling up the DagBag from /opt/airflow/dags/group_dag_no_subdags.py
[2023-10-01T13:56:36.827+0000] {processor.py:836} INFO - DAG(s) dict_keys(['group_dag_no_subdags']) retrieved from /opt/airflow/dags/group_dag_no_subdags.py
[2023-10-01T13:56:37.146+0000] {logging_mixin.py:150} INFO - [2023-10-01T13:56:37.137+0000] {dag.py:2742} INFO - Sync 1 DAGs
[2023-10-01T13:56:37.486+0000] {logging_mixin.py:150} INFO - [2023-10-01T13:56:37.478+0000] {dag.py:3504} INFO - Setting next_dagrun for group_dag_no_subdags to 2023-10-01T00:00:00+00:00, run_after=2023-10-02T00:00:00+00:00
[2023-10-01T13:56:37.928+0000] {processor.py:179} INFO - Processing /opt/airflow/dags/group_dag_no_subdags.py took 1.371 seconds
[2023-10-01T13:57:08.506+0000] {processor.py:157} INFO - Started process (PID=11109) to work on /opt/airflow/dags/group_dag_no_subdags.py
[2023-10-01T13:57:08.517+0000] {processor.py:826} INFO - Processing file /opt/airflow/dags/group_dag_no_subdags.py for tasks to queue
[2023-10-01T13:57:08.537+0000] {logging_mixin.py:150} INFO - [2023-10-01T13:57:08.517+0000] {dagbag.py:541} INFO - Filling up the DagBag from /opt/airflow/dags/group_dag_no_subdags.py
[2023-10-01T13:57:08.726+0000] {processor.py:836} INFO - DAG(s) dict_keys(['group_dag_no_subdags']) retrieved from /opt/airflow/dags/group_dag_no_subdags.py
[2023-10-01T13:57:09.278+0000] {logging_mixin.py:150} INFO - [2023-10-01T13:57:09.278+0000] {dag.py:2742} INFO - Sync 1 DAGs
[2023-10-01T13:57:09.728+0000] {logging_mixin.py:150} INFO - [2023-10-01T13:57:09.727+0000] {dag.py:3504} INFO - Setting next_dagrun for group_dag_no_subdags to 2023-10-01T00:00:00+00:00, run_after=2023-10-02T00:00:00+00:00
[2023-10-01T13:57:10.058+0000] {processor.py:179} INFO - Processing /opt/airflow/dags/group_dag_no_subdags.py took 1.591 seconds
[2023-10-01T13:57:40.738+0000] {processor.py:157} INFO - Started process (PID=11143) to work on /opt/airflow/dags/group_dag_no_subdags.py
[2023-10-01T13:57:40.747+0000] {processor.py:826} INFO - Processing file /opt/airflow/dags/group_dag_no_subdags.py for tasks to queue
[2023-10-01T13:57:40.767+0000] {logging_mixin.py:150} INFO - [2023-10-01T13:57:40.766+0000] {dagbag.py:541} INFO - Filling up the DagBag from /opt/airflow/dags/group_dag_no_subdags.py
[2023-10-01T13:57:40.878+0000] {processor.py:836} INFO - DAG(s) dict_keys(['group_dag_no_subdags']) retrieved from /opt/airflow/dags/group_dag_no_subdags.py
[2023-10-01T13:57:41.246+0000] {logging_mixin.py:150} INFO - [2023-10-01T13:57:41.228+0000] {dag.py:2742} INFO - Sync 1 DAGs
[2023-10-01T13:57:41.618+0000] {logging_mixin.py:150} INFO - [2023-10-01T13:57:41.617+0000] {dag.py:3504} INFO - Setting next_dagrun for group_dag_no_subdags to 2023-10-01T00:00:00+00:00, run_after=2023-10-02T00:00:00+00:00
[2023-10-01T13:57:41.877+0000] {processor.py:179} INFO - Processing /opt/airflow/dags/group_dag_no_subdags.py took 1.160 seconds
[2023-10-01T13:58:12.956+0000] {processor.py:157} INFO - Started process (PID=11171) to work on /opt/airflow/dags/group_dag_no_subdags.py
[2023-10-01T13:58:12.977+0000] {processor.py:826} INFO - Processing file /opt/airflow/dags/group_dag_no_subdags.py for tasks to queue
[2023-10-01T13:58:12.987+0000] {logging_mixin.py:150} INFO - [2023-10-01T13:58:12.987+0000] {dagbag.py:541} INFO - Filling up the DagBag from /opt/airflow/dags/group_dag_no_subdags.py
[2023-10-01T13:58:13.208+0000] {processor.py:836} INFO - DAG(s) dict_keys(['group_dag_no_subdags']) retrieved from /opt/airflow/dags/group_dag_no_subdags.py
[2023-10-01T13:58:13.707+0000] {logging_mixin.py:150} INFO - [2023-10-01T13:58:13.707+0000] {dag.py:2742} INFO - Sync 1 DAGs
[2023-10-01T13:58:14.038+0000] {logging_mixin.py:150} INFO - [2023-10-01T13:58:14.037+0000] {dag.py:3504} INFO - Setting next_dagrun for group_dag_no_subdags to 2023-10-01T00:00:00+00:00, run_after=2023-10-02T00:00:00+00:00
[2023-10-01T13:58:14.306+0000] {processor.py:179} INFO - Processing /opt/airflow/dags/group_dag_no_subdags.py took 1.431 seconds
[2023-10-01T13:58:45.588+0000] {processor.py:157} INFO - Started process (PID=11198) to work on /opt/airflow/dags/group_dag_no_subdags.py
[2023-10-01T13:58:45.617+0000] {processor.py:826} INFO - Processing file /opt/airflow/dags/group_dag_no_subdags.py for tasks to queue
[2023-10-01T13:58:45.627+0000] {logging_mixin.py:150} INFO - [2023-10-01T13:58:45.627+0000] {dagbag.py:541} INFO - Filling up the DagBag from /opt/airflow/dags/group_dag_no_subdags.py
[2023-10-01T13:58:45.808+0000] {processor.py:836} INFO - DAG(s) dict_keys(['group_dag_no_subdags']) retrieved from /opt/airflow/dags/group_dag_no_subdags.py
[2023-10-01T13:58:46.266+0000] {logging_mixin.py:150} INFO - [2023-10-01T13:58:46.257+0000] {dag.py:2742} INFO - Sync 1 DAGs
[2023-10-01T13:58:46.687+0000] {logging_mixin.py:150} INFO - [2023-10-01T13:58:46.687+0000] {dag.py:3504} INFO - Setting next_dagrun for group_dag_no_subdags to 2023-10-01T00:00:00+00:00, run_after=2023-10-02T00:00:00+00:00
[2023-10-01T13:58:47.057+0000] {processor.py:179} INFO - Processing /opt/airflow/dags/group_dag_no_subdags.py took 1.551 seconds
[2023-10-01T13:59:18.866+0000] {processor.py:157} INFO - Started process (PID=11224) to work on /opt/airflow/dags/group_dag_no_subdags.py
[2023-10-01T13:59:18.867+0000] {processor.py:826} INFO - Processing file /opt/airflow/dags/group_dag_no_subdags.py for tasks to queue
[2023-10-01T13:59:18.898+0000] {logging_mixin.py:150} INFO - [2023-10-01T13:59:18.897+0000] {dagbag.py:541} INFO - Filling up the DagBag from /opt/airflow/dags/group_dag_no_subdags.py
[2023-10-01T13:59:19.327+0000] {processor.py:836} INFO - DAG(s) dict_keys(['group_dag_no_subdags']) retrieved from /opt/airflow/dags/group_dag_no_subdags.py
[2023-10-01T13:59:19.987+0000] {logging_mixin.py:150} INFO - [2023-10-01T13:59:19.987+0000] {dag.py:2742} INFO - Sync 1 DAGs
[2023-10-01T13:59:20.947+0000] {logging_mixin.py:150} INFO - [2023-10-01T13:59:20.947+0000] {dag.py:3504} INFO - Setting next_dagrun for group_dag_no_subdags to 2023-10-01T00:00:00+00:00, run_after=2023-10-02T00:00:00+00:00
[2023-10-01T13:59:21.427+0000] {processor.py:179} INFO - Processing /opt/airflow/dags/group_dag_no_subdags.py took 2.720 seconds
[2023-10-01T13:59:52.297+0000] {processor.py:157} INFO - Started process (PID=11244) to work on /opt/airflow/dags/group_dag_no_subdags.py
[2023-10-01T13:59:52.316+0000] {processor.py:826} INFO - Processing file /opt/airflow/dags/group_dag_no_subdags.py for tasks to queue
[2023-10-01T13:59:52.336+0000] {logging_mixin.py:150} INFO - [2023-10-01T13:59:52.317+0000] {dagbag.py:541} INFO - Filling up the DagBag from /opt/airflow/dags/group_dag_no_subdags.py
[2023-10-01T13:59:52.567+0000] {processor.py:836} INFO - DAG(s) dict_keys(['group_dag_no_subdags']) retrieved from /opt/airflow/dags/group_dag_no_subdags.py
[2023-10-01T13:59:53.076+0000] {logging_mixin.py:150} INFO - [2023-10-01T13:59:53.067+0000] {dag.py:2742} INFO - Sync 1 DAGs
[2023-10-01T13:59:53.636+0000] {logging_mixin.py:150} INFO - [2023-10-01T13:59:53.627+0000] {dag.py:3504} INFO - Setting next_dagrun for group_dag_no_subdags to 2023-10-01T00:00:00+00:00, run_after=2023-10-02T00:00:00+00:00
[2023-10-01T13:59:54.027+0000] {processor.py:179} INFO - Processing /opt/airflow/dags/group_dag_no_subdags.py took 1.780 seconds
[2023-10-01T14:00:24.736+0000] {processor.py:157} INFO - Started process (PID=11272) to work on /opt/airflow/dags/group_dag_no_subdags.py
[2023-10-01T14:00:24.746+0000] {processor.py:826} INFO - Processing file /opt/airflow/dags/group_dag_no_subdags.py for tasks to queue
[2023-10-01T14:00:24.757+0000] {logging_mixin.py:150} INFO - [2023-10-01T14:00:24.756+0000] {dagbag.py:541} INFO - Filling up the DagBag from /opt/airflow/dags/group_dag_no_subdags.py
[2023-10-01T14:00:24.927+0000] {processor.py:836} INFO - DAG(s) dict_keys(['group_dag_no_subdags']) retrieved from /opt/airflow/dags/group_dag_no_subdags.py
[2023-10-01T14:00:25.497+0000] {logging_mixin.py:150} INFO - [2023-10-01T14:00:25.487+0000] {dag.py:2742} INFO - Sync 1 DAGs
[2023-10-01T14:00:26.177+0000] {logging_mixin.py:150} INFO - [2023-10-01T14:00:26.176+0000] {dag.py:3504} INFO - Setting next_dagrun for group_dag_no_subdags to 2023-10-01T00:00:00+00:00, run_after=2023-10-02T00:00:00+00:00
[2023-10-01T14:00:26.747+0000] {processor.py:179} INFO - Processing /opt/airflow/dags/group_dag_no_subdags.py took 2.060 seconds
[2023-10-01T14:00:57.496+0000] {processor.py:157} INFO - Started process (PID=11300) to work on /opt/airflow/dags/group_dag_no_subdags.py
[2023-10-01T14:00:57.527+0000] {processor.py:826} INFO - Processing file /opt/airflow/dags/group_dag_no_subdags.py for tasks to queue
[2023-10-01T14:00:57.546+0000] {logging_mixin.py:150} INFO - [2023-10-01T14:00:57.537+0000] {dagbag.py:541} INFO - Filling up the DagBag from /opt/airflow/dags/group_dag_no_subdags.py
[2023-10-01T14:00:57.806+0000] {processor.py:836} INFO - DAG(s) dict_keys(['group_dag_no_subdags']) retrieved from /opt/airflow/dags/group_dag_no_subdags.py
[2023-10-01T14:00:58.447+0000] {logging_mixin.py:150} INFO - [2023-10-01T14:00:58.437+0000] {dag.py:2742} INFO - Sync 1 DAGs
[2023-10-01T14:00:59.146+0000] {logging_mixin.py:150} INFO - [2023-10-01T14:00:59.137+0000] {dag.py:3504} INFO - Setting next_dagrun for group_dag_no_subdags to 2023-10-01T00:00:00+00:00, run_after=2023-10-02T00:00:00+00:00
[2023-10-01T14:00:59.756+0000] {processor.py:179} INFO - Processing /opt/airflow/dags/group_dag_no_subdags.py took 2.341 seconds
[2023-10-01T14:01:39.917+0000] {processor.py:157} INFO - Started process (PID=11330) to work on /opt/airflow/dags/group_dag_no_subdags.py
[2023-10-01T14:01:39.987+0000] {processor.py:826} INFO - Processing file /opt/airflow/dags/group_dag_no_subdags.py for tasks to queue
[2023-10-01T14:01:40.037+0000] {logging_mixin.py:150} INFO - [2023-10-01T14:01:39.997+0000] {dagbag.py:541} INFO - Filling up the DagBag from /opt/airflow/dags/group_dag_no_subdags.py
[2023-10-01T14:01:40.457+0000] {processor.py:836} INFO - DAG(s) dict_keys(['group_dag_no_subdags']) retrieved from /opt/airflow/dags/group_dag_no_subdags.py
[2023-10-01T14:01:41.906+0000] {logging_mixin.py:150} INFO - [2023-10-01T14:01:41.837+0000] {dag.py:2742} INFO - Sync 1 DAGs
[2023-10-01T14:01:43.056+0000] {logging_mixin.py:150} INFO - [2023-10-01T14:01:43.017+0000] {dag.py:3504} INFO - Setting next_dagrun for group_dag_no_subdags to 2023-10-01T00:00:00+00:00, run_after=2023-10-02T00:00:00+00:00
[2023-10-01T14:01:43.927+0000] {processor.py:179} INFO - Processing /opt/airflow/dags/group_dag_no_subdags.py took 4.120 seconds
[2023-10-01T14:02:14.817+0000] {processor.py:157} INFO - Started process (PID=11356) to work on /opt/airflow/dags/group_dag_no_subdags.py
[2023-10-01T14:02:14.927+0000] {processor.py:826} INFO - Processing file /opt/airflow/dags/group_dag_no_subdags.py for tasks to queue
[2023-10-01T14:02:15.116+0000] {logging_mixin.py:150} INFO - [2023-10-01T14:02:15.057+0000] {dagbag.py:541} INFO - Filling up the DagBag from /opt/airflow/dags/group_dag_no_subdags.py
[2023-10-01T14:02:15.787+0000] {processor.py:836} INFO - DAG(s) dict_keys(['group_dag_no_subdags']) retrieved from /opt/airflow/dags/group_dag_no_subdags.py
[2023-10-01T14:02:16.916+0000] {logging_mixin.py:150} INFO - [2023-10-01T14:02:16.877+0000] {dag.py:2742} INFO - Sync 1 DAGs
[2023-10-01T14:02:18.806+0000] {logging_mixin.py:150} INFO - [2023-10-01T14:02:18.787+0000] {dag.py:3504} INFO - Setting next_dagrun for group_dag_no_subdags to 2023-10-01T00:00:00+00:00, run_after=2023-10-02T00:00:00+00:00
[2023-10-01T14:02:19.876+0000] {processor.py:179} INFO - Processing /opt/airflow/dags/group_dag_no_subdags.py took 5.190 seconds
[2023-10-01T14:02:53.136+0000] {processor.py:157} INFO - Started process (PID=11375) to work on /opt/airflow/dags/group_dag_no_subdags.py
[2023-10-01T14:02:53.216+0000] {processor.py:826} INFO - Processing file /opt/airflow/dags/group_dag_no_subdags.py for tasks to queue
[2023-10-01T14:02:53.297+0000] {logging_mixin.py:150} INFO - [2023-10-01T14:02:53.267+0000] {dagbag.py:541} INFO - Filling up the DagBag from /opt/airflow/dags/group_dag_no_subdags.py
[2023-10-01T14:02:54.136+0000] {processor.py:836} INFO - DAG(s) dict_keys(['group_dag_no_subdags']) retrieved from /opt/airflow/dags/group_dag_no_subdags.py
[2023-10-01T14:02:55.467+0000] {logging_mixin.py:150} INFO - [2023-10-01T14:02:55.457+0000] {dag.py:2742} INFO - Sync 1 DAGs
[2023-10-01T14:02:56.837+0000] {logging_mixin.py:150} INFO - [2023-10-01T14:02:56.836+0000] {dag.py:3504} INFO - Setting next_dagrun for group_dag_no_subdags to 2023-10-01T00:00:00+00:00, run_after=2023-10-02T00:00:00+00:00
[2023-10-01T14:02:57.637+0000] {processor.py:179} INFO - Processing /opt/airflow/dags/group_dag_no_subdags.py took 4.680 seconds
[2023-10-01T14:03:58.507+0000] {processor.py:157} INFO - Started process (PID=11408) to work on /opt/airflow/dags/group_dag_no_subdags.py
[2023-10-01T14:03:58.596+0000] {processor.py:826} INFO - Processing file /opt/airflow/dags/group_dag_no_subdags.py for tasks to queue
[2023-10-01T14:03:58.666+0000] {logging_mixin.py:150} INFO - [2023-10-01T14:03:58.656+0000] {dagbag.py:541} INFO - Filling up the DagBag from /opt/airflow/dags/group_dag_no_subdags.py
[2023-10-01T14:03:59.646+0000] {processor.py:836} INFO - DAG(s) dict_keys(['group_dag_no_subdags']) retrieved from /opt/airflow/dags/group_dag_no_subdags.py
[2023-10-01T14:04:01.487+0000] {logging_mixin.py:150} INFO - [2023-10-01T14:04:01.486+0000] {dag.py:2742} INFO - Sync 1 DAGs
[2023-10-01T14:04:04.616+0000] {logging_mixin.py:150} INFO - [2023-10-01T14:04:04.606+0000] {dag.py:3504} INFO - Setting next_dagrun for group_dag_no_subdags to 2023-10-01T00:00:00+00:00, run_after=2023-10-02T00:00:00+00:00
[2023-10-01T14:04:10.466+0000] {processor.py:179} INFO - Processing /opt/airflow/dags/group_dag_no_subdags.py took 12.770 seconds
