[2023-10-01T13:21:47.005+0000] {processor.py:157} INFO - Started process (PID=9218) to work on /opt/airflow/dags/producer.py
[2023-10-01T13:21:47.006+0000] {processor.py:826} INFO - Processing file /opt/airflow/dags/producer.py for tasks to queue
[2023-10-01T13:21:47.020+0000] {logging_mixin.py:150} INFO - [2023-10-01T13:21:47.020+0000] {dagbag.py:541} INFO - Filling up the DagBag from /opt/airflow/dags/producer.py
[2023-10-01T13:21:47.222+0000] {processor.py:836} INFO - DAG(s) dict_keys(['producer']) retrieved from /opt/airflow/dags/producer.py
[2023-10-01T13:21:47.317+0000] {logging_mixin.py:150} INFO - [2023-10-01T13:21:47.317+0000] {dag.py:2742} INFO - Sync 1 DAGs
[2023-10-01T13:21:49.208+0000] {logging_mixin.py:150} INFO - [2023-10-01T13:21:49.205+0000] {dag.py:3504} INFO - Setting next_dagrun for producer to 2023-10-01T00:00:00+00:00, run_after=2023-10-02T00:00:00+00:00
[2023-10-01T13:21:50.032+0000] {processor.py:179} INFO - Processing /opt/airflow/dags/producer.py took 3.043 seconds
[2023-10-01T13:22:20.664+0000] {processor.py:157} INFO - Started process (PID=9265) to work on /opt/airflow/dags/producer.py
[2023-10-01T13:22:20.665+0000] {processor.py:826} INFO - Processing file /opt/airflow/dags/producer.py for tasks to queue
[2023-10-01T13:22:20.666+0000] {logging_mixin.py:150} INFO - [2023-10-01T13:22:20.665+0000] {dagbag.py:541} INFO - Filling up the DagBag from /opt/airflow/dags/producer.py
[2023-10-01T13:22:20.678+0000] {processor.py:836} INFO - DAG(s) dict_keys(['producer']) retrieved from /opt/airflow/dags/producer.py
[2023-10-01T13:22:20.717+0000] {logging_mixin.py:150} INFO - [2023-10-01T13:22:20.717+0000] {dag.py:2742} INFO - Sync 1 DAGs
[2023-10-01T13:22:20.762+0000] {logging_mixin.py:150} INFO - [2023-10-01T13:22:20.762+0000] {dag.py:3504} INFO - Setting next_dagrun for producer to 2023-10-01T00:00:00+00:00, run_after=2023-10-02T00:00:00+00:00
[2023-10-01T13:22:20.817+0000] {processor.py:179} INFO - Processing /opt/airflow/dags/producer.py took 0.159 seconds
[2023-10-01T13:22:50.863+0000] {processor.py:157} INFO - Started process (PID=9298) to work on /opt/airflow/dags/producer.py
[2023-10-01T13:22:50.864+0000] {processor.py:826} INFO - Processing file /opt/airflow/dags/producer.py for tasks to queue
[2023-10-01T13:22:50.865+0000] {logging_mixin.py:150} INFO - [2023-10-01T13:22:50.865+0000] {dagbag.py:541} INFO - Filling up the DagBag from /opt/airflow/dags/producer.py
[2023-10-01T13:22:50.873+0000] {processor.py:836} INFO - DAG(s) dict_keys(['producer']) retrieved from /opt/airflow/dags/producer.py
[2023-10-01T13:22:50.902+0000] {logging_mixin.py:150} INFO - [2023-10-01T13:22:50.902+0000] {dag.py:2742} INFO - Sync 1 DAGs
[2023-10-01T13:22:50.927+0000] {logging_mixin.py:150} INFO - [2023-10-01T13:22:50.926+0000] {dag.py:3504} INFO - Setting next_dagrun for producer to 2023-10-01T00:00:00+00:00, run_after=2023-10-02T00:00:00+00:00
[2023-10-01T13:22:50.963+0000] {processor.py:179} INFO - Processing /opt/airflow/dags/producer.py took 0.103 seconds
[2023-10-01T13:23:21.053+0000] {processor.py:157} INFO - Started process (PID=9330) to work on /opt/airflow/dags/producer.py
[2023-10-01T13:23:21.053+0000] {processor.py:826} INFO - Processing file /opt/airflow/dags/producer.py for tasks to queue
[2023-10-01T13:23:21.054+0000] {logging_mixin.py:150} INFO - [2023-10-01T13:23:21.054+0000] {dagbag.py:541} INFO - Filling up the DagBag from /opt/airflow/dags/producer.py
[2023-10-01T13:23:21.061+0000] {processor.py:836} INFO - DAG(s) dict_keys(['producer']) retrieved from /opt/airflow/dags/producer.py
[2023-10-01T13:23:21.084+0000] {logging_mixin.py:150} INFO - [2023-10-01T13:23:21.084+0000] {dag.py:2742} INFO - Sync 1 DAGs
[2023-10-01T13:23:21.107+0000] {logging_mixin.py:150} INFO - [2023-10-01T13:23:21.106+0000] {dag.py:3504} INFO - Setting next_dagrun for producer to 2023-10-01T00:00:00+00:00, run_after=2023-10-02T00:00:00+00:00
[2023-10-01T13:23:21.132+0000] {processor.py:179} INFO - Processing /opt/airflow/dags/producer.py took 0.083 seconds
[2023-10-01T13:23:51.202+0000] {processor.py:157} INFO - Started process (PID=9357) to work on /opt/airflow/dags/producer.py
[2023-10-01T13:23:51.206+0000] {processor.py:826} INFO - Processing file /opt/airflow/dags/producer.py for tasks to queue
[2023-10-01T13:23:51.207+0000] {logging_mixin.py:150} INFO - [2023-10-01T13:23:51.207+0000] {dagbag.py:541} INFO - Filling up the DagBag from /opt/airflow/dags/producer.py
[2023-10-01T13:23:51.214+0000] {processor.py:836} INFO - DAG(s) dict_keys(['producer']) retrieved from /opt/airflow/dags/producer.py
[2023-10-01T13:23:51.236+0000] {logging_mixin.py:150} INFO - [2023-10-01T13:23:51.236+0000] {dag.py:2742} INFO - Sync 1 DAGs
[2023-10-01T13:23:51.258+0000] {logging_mixin.py:150} INFO - [2023-10-01T13:23:51.257+0000] {dag.py:3504} INFO - Setting next_dagrun for producer to 2023-10-01T00:00:00+00:00, run_after=2023-10-02T00:00:00+00:00
[2023-10-01T13:23:51.286+0000] {processor.py:179} INFO - Processing /opt/airflow/dags/producer.py took 0.086 seconds
[2023-10-01T13:24:21.431+0000] {processor.py:157} INFO - Started process (PID=9384) to work on /opt/airflow/dags/producer.py
[2023-10-01T13:24:21.435+0000] {processor.py:826} INFO - Processing file /opt/airflow/dags/producer.py for tasks to queue
[2023-10-01T13:24:21.436+0000] {logging_mixin.py:150} INFO - [2023-10-01T13:24:21.436+0000] {dagbag.py:541} INFO - Filling up the DagBag from /opt/airflow/dags/producer.py
[2023-10-01T13:24:21.443+0000] {processor.py:836} INFO - DAG(s) dict_keys(['producer']) retrieved from /opt/airflow/dags/producer.py
[2023-10-01T13:24:21.465+0000] {logging_mixin.py:150} INFO - [2023-10-01T13:24:21.465+0000] {dag.py:2742} INFO - Sync 1 DAGs
[2023-10-01T13:24:21.487+0000] {logging_mixin.py:150} INFO - [2023-10-01T13:24:21.486+0000] {dag.py:3504} INFO - Setting next_dagrun for producer to 2023-10-01T00:00:00+00:00, run_after=2023-10-02T00:00:00+00:00
[2023-10-01T13:24:21.511+0000] {processor.py:179} INFO - Processing /opt/airflow/dags/producer.py took 0.084 seconds
[2023-10-01T13:24:51.581+0000] {processor.py:157} INFO - Started process (PID=9411) to work on /opt/airflow/dags/producer.py
[2023-10-01T13:24:51.582+0000] {processor.py:826} INFO - Processing file /opt/airflow/dags/producer.py for tasks to queue
[2023-10-01T13:24:51.583+0000] {logging_mixin.py:150} INFO - [2023-10-01T13:24:51.582+0000] {dagbag.py:541} INFO - Filling up the DagBag from /opt/airflow/dags/producer.py
[2023-10-01T13:24:51.593+0000] {processor.py:836} INFO - DAG(s) dict_keys(['producer']) retrieved from /opt/airflow/dags/producer.py
[2023-10-01T13:24:51.621+0000] {logging_mixin.py:150} INFO - [2023-10-01T13:24:51.620+0000] {dag.py:2742} INFO - Sync 1 DAGs
[2023-10-01T13:24:51.651+0000] {logging_mixin.py:150} INFO - [2023-10-01T13:24:51.651+0000] {dag.py:3504} INFO - Setting next_dagrun for producer to 2023-10-01T00:00:00+00:00, run_after=2023-10-02T00:00:00+00:00
[2023-10-01T13:24:51.686+0000] {processor.py:179} INFO - Processing /opt/airflow/dags/producer.py took 0.109 seconds
[2023-10-01T13:25:21.928+0000] {processor.py:157} INFO - Started process (PID=9438) to work on /opt/airflow/dags/producer.py
[2023-10-01T13:25:21.929+0000] {processor.py:826} INFO - Processing file /opt/airflow/dags/producer.py for tasks to queue
[2023-10-01T13:25:21.930+0000] {logging_mixin.py:150} INFO - [2023-10-01T13:25:21.930+0000] {dagbag.py:541} INFO - Filling up the DagBag from /opt/airflow/dags/producer.py
[2023-10-01T13:25:21.939+0000] {processor.py:836} INFO - DAG(s) dict_keys(['producer']) retrieved from /opt/airflow/dags/producer.py
[2023-10-01T13:25:21.964+0000] {logging_mixin.py:150} INFO - [2023-10-01T13:25:21.964+0000] {dag.py:2742} INFO - Sync 1 DAGs
[2023-10-01T13:25:21.991+0000] {logging_mixin.py:150} INFO - [2023-10-01T13:25:21.991+0000] {dag.py:3504} INFO - Setting next_dagrun for producer to 2023-10-01T00:00:00+00:00, run_after=2023-10-02T00:00:00+00:00
[2023-10-01T13:25:22.022+0000] {processor.py:179} INFO - Processing /opt/airflow/dags/producer.py took 0.098 seconds
[2023-10-01T13:25:52.097+0000] {processor.py:157} INFO - Started process (PID=9464) to work on /opt/airflow/dags/producer.py
[2023-10-01T13:25:52.098+0000] {processor.py:826} INFO - Processing file /opt/airflow/dags/producer.py for tasks to queue
[2023-10-01T13:25:52.098+0000] {logging_mixin.py:150} INFO - [2023-10-01T13:25:52.098+0000] {dagbag.py:541} INFO - Filling up the DagBag from /opt/airflow/dags/producer.py
[2023-10-01T13:25:52.108+0000] {processor.py:836} INFO - DAG(s) dict_keys(['producer']) retrieved from /opt/airflow/dags/producer.py
[2023-10-01T13:25:52.134+0000] {logging_mixin.py:150} INFO - [2023-10-01T13:25:52.134+0000] {dag.py:2742} INFO - Sync 1 DAGs
[2023-10-01T13:25:52.162+0000] {logging_mixin.py:150} INFO - [2023-10-01T13:25:52.162+0000] {dag.py:3504} INFO - Setting next_dagrun for producer to 2023-10-01T00:00:00+00:00, run_after=2023-10-02T00:00:00+00:00
[2023-10-01T13:25:52.193+0000] {processor.py:179} INFO - Processing /opt/airflow/dags/producer.py took 0.100 seconds
[2023-10-01T13:26:22.287+0000] {processor.py:157} INFO - Started process (PID=9491) to work on /opt/airflow/dags/producer.py
[2023-10-01T13:26:22.289+0000] {processor.py:826} INFO - Processing file /opt/airflow/dags/producer.py for tasks to queue
[2023-10-01T13:26:22.289+0000] {logging_mixin.py:150} INFO - [2023-10-01T13:26:22.289+0000] {dagbag.py:541} INFO - Filling up the DagBag from /opt/airflow/dags/producer.py
[2023-10-01T13:26:22.302+0000] {processor.py:836} INFO - DAG(s) dict_keys(['producer']) retrieved from /opt/airflow/dags/producer.py
[2023-10-01T13:26:22.340+0000] {logging_mixin.py:150} INFO - [2023-10-01T13:26:22.339+0000] {dag.py:2742} INFO - Sync 1 DAGs
[2023-10-01T13:26:22.370+0000] {logging_mixin.py:150} INFO - [2023-10-01T13:26:22.370+0000] {dag.py:3504} INFO - Setting next_dagrun for producer to 2023-10-01T00:00:00+00:00, run_after=2023-10-02T00:00:00+00:00
[2023-10-01T13:26:22.404+0000] {processor.py:179} INFO - Processing /opt/airflow/dags/producer.py took 0.123 seconds
[2023-10-01T13:26:52.591+0000] {processor.py:157} INFO - Started process (PID=9517) to work on /opt/airflow/dags/producer.py
[2023-10-01T13:26:52.592+0000] {processor.py:826} INFO - Processing file /opt/airflow/dags/producer.py for tasks to queue
[2023-10-01T13:26:52.592+0000] {logging_mixin.py:150} INFO - [2023-10-01T13:26:52.592+0000] {dagbag.py:541} INFO - Filling up the DagBag from /opt/airflow/dags/producer.py
[2023-10-01T13:26:52.601+0000] {processor.py:836} INFO - DAG(s) dict_keys(['producer']) retrieved from /opt/airflow/dags/producer.py
[2023-10-01T13:26:52.627+0000] {logging_mixin.py:150} INFO - [2023-10-01T13:26:52.627+0000] {dag.py:2742} INFO - Sync 1 DAGs
[2023-10-01T13:26:52.649+0000] {logging_mixin.py:150} INFO - [2023-10-01T13:26:52.649+0000] {dag.py:3504} INFO - Setting next_dagrun for producer to 2023-10-01T00:00:00+00:00, run_after=2023-10-02T00:00:00+00:00
[2023-10-01T13:26:52.675+0000] {processor.py:179} INFO - Processing /opt/airflow/dags/producer.py took 0.087 seconds
[2023-10-01T13:27:22.834+0000] {processor.py:157} INFO - Started process (PID=9544) to work on /opt/airflow/dags/producer.py
[2023-10-01T13:27:22.836+0000] {processor.py:826} INFO - Processing file /opt/airflow/dags/producer.py for tasks to queue
[2023-10-01T13:27:22.837+0000] {logging_mixin.py:150} INFO - [2023-10-01T13:27:22.837+0000] {dagbag.py:541} INFO - Filling up the DagBag from /opt/airflow/dags/producer.py
[2023-10-01T13:27:22.847+0000] {processor.py:836} INFO - DAG(s) dict_keys(['producer']) retrieved from /opt/airflow/dags/producer.py
[2023-10-01T13:27:22.883+0000] {logging_mixin.py:150} INFO - [2023-10-01T13:27:22.883+0000] {dag.py:2742} INFO - Sync 1 DAGs
[2023-10-01T13:27:22.923+0000] {logging_mixin.py:150} INFO - [2023-10-01T13:27:22.923+0000] {dag.py:3504} INFO - Setting next_dagrun for producer to 2023-10-01T00:00:00+00:00, run_after=2023-10-02T00:00:00+00:00
[2023-10-01T13:27:22.971+0000] {processor.py:179} INFO - Processing /opt/airflow/dags/producer.py took 0.140 seconds
[2023-10-01T13:27:53.080+0000] {processor.py:157} INFO - Started process (PID=9571) to work on /opt/airflow/dags/producer.py
[2023-10-01T13:27:53.082+0000] {processor.py:826} INFO - Processing file /opt/airflow/dags/producer.py for tasks to queue
[2023-10-01T13:27:53.083+0000] {logging_mixin.py:150} INFO - [2023-10-01T13:27:53.082+0000] {dagbag.py:541} INFO - Filling up the DagBag from /opt/airflow/dags/producer.py
[2023-10-01T13:27:53.092+0000] {processor.py:836} INFO - DAG(s) dict_keys(['producer']) retrieved from /opt/airflow/dags/producer.py
[2023-10-01T13:27:53.120+0000] {logging_mixin.py:150} INFO - [2023-10-01T13:27:53.120+0000] {dag.py:2742} INFO - Sync 1 DAGs
[2023-10-01T13:27:53.144+0000] {logging_mixin.py:150} INFO - [2023-10-01T13:27:53.144+0000] {dag.py:3504} INFO - Setting next_dagrun for producer to 2023-10-01T00:00:00+00:00, run_after=2023-10-02T00:00:00+00:00
[2023-10-01T13:27:53.178+0000] {processor.py:179} INFO - Processing /opt/airflow/dags/producer.py took 0.100 seconds
[2023-10-01T13:28:23.664+0000] {processor.py:157} INFO - Started process (PID=9599) to work on /opt/airflow/dags/producer.py
[2023-10-01T13:28:23.666+0000] {processor.py:826} INFO - Processing file /opt/airflow/dags/producer.py for tasks to queue
[2023-10-01T13:28:23.667+0000] {logging_mixin.py:150} INFO - [2023-10-01T13:28:23.667+0000] {dagbag.py:541} INFO - Filling up the DagBag from /opt/airflow/dags/producer.py
[2023-10-01T13:28:23.674+0000] {processor.py:836} INFO - DAG(s) dict_keys(['producer']) retrieved from /opt/airflow/dags/producer.py
[2023-10-01T13:28:23.702+0000] {logging_mixin.py:150} INFO - [2023-10-01T13:28:23.701+0000] {dag.py:2742} INFO - Sync 1 DAGs
[2023-10-01T13:28:23.726+0000] {logging_mixin.py:150} INFO - [2023-10-01T13:28:23.726+0000] {dag.py:3504} INFO - Setting next_dagrun for producer to 2023-10-01T00:00:00+00:00, run_after=2023-10-02T00:00:00+00:00
[2023-10-01T13:28:23.891+0000] {processor.py:179} INFO - Processing /opt/airflow/dags/producer.py took 0.230 seconds
[2023-10-01T13:28:54.288+0000] {processor.py:157} INFO - Started process (PID=9626) to work on /opt/airflow/dags/producer.py
[2023-10-01T13:28:54.292+0000] {processor.py:826} INFO - Processing file /opt/airflow/dags/producer.py for tasks to queue
[2023-10-01T13:28:54.293+0000] {logging_mixin.py:150} INFO - [2023-10-01T13:28:54.292+0000] {dagbag.py:541} INFO - Filling up the DagBag from /opt/airflow/dags/producer.py
[2023-10-01T13:28:54.302+0000] {processor.py:836} INFO - DAG(s) dict_keys(['producer']) retrieved from /opt/airflow/dags/producer.py
[2023-10-01T13:28:54.330+0000] {logging_mixin.py:150} INFO - [2023-10-01T13:28:54.330+0000] {dag.py:2742} INFO - Sync 1 DAGs
[2023-10-01T13:28:54.356+0000] {logging_mixin.py:150} INFO - [2023-10-01T13:28:54.356+0000] {dag.py:3504} INFO - Setting next_dagrun for producer to 2023-10-01T00:00:00+00:00, run_after=2023-10-02T00:00:00+00:00
[2023-10-01T13:28:54.388+0000] {processor.py:179} INFO - Processing /opt/airflow/dags/producer.py took 0.105 seconds
[2023-10-01T13:29:24.889+0000] {processor.py:157} INFO - Started process (PID=9653) to work on /opt/airflow/dags/producer.py
[2023-10-01T13:29:24.890+0000] {processor.py:826} INFO - Processing file /opt/airflow/dags/producer.py for tasks to queue
[2023-10-01T13:29:24.891+0000] {logging_mixin.py:150} INFO - [2023-10-01T13:29:24.891+0000] {dagbag.py:541} INFO - Filling up the DagBag from /opt/airflow/dags/producer.py
[2023-10-01T13:29:24.901+0000] {processor.py:836} INFO - DAG(s) dict_keys(['producer']) retrieved from /opt/airflow/dags/producer.py
[2023-10-01T13:29:24.927+0000] {logging_mixin.py:150} INFO - [2023-10-01T13:29:24.927+0000] {dag.py:2742} INFO - Sync 1 DAGs
[2023-10-01T13:29:24.950+0000] {logging_mixin.py:150} INFO - [2023-10-01T13:29:24.950+0000] {dag.py:3504} INFO - Setting next_dagrun for producer to 2023-10-01T00:00:00+00:00, run_after=2023-10-02T00:00:00+00:00
[2023-10-01T13:29:24.979+0000] {processor.py:179} INFO - Processing /opt/airflow/dags/producer.py took 0.096 seconds
[2023-10-01T13:29:55.430+0000] {processor.py:157} INFO - Started process (PID=9681) to work on /opt/airflow/dags/producer.py
[2023-10-01T13:29:55.434+0000] {processor.py:826} INFO - Processing file /opt/airflow/dags/producer.py for tasks to queue
[2023-10-01T13:29:55.436+0000] {logging_mixin.py:150} INFO - [2023-10-01T13:29:55.436+0000] {dagbag.py:541} INFO - Filling up the DagBag from /opt/airflow/dags/producer.py
[2023-10-01T13:29:55.443+0000] {processor.py:836} INFO - DAG(s) dict_keys(['producer']) retrieved from /opt/airflow/dags/producer.py
[2023-10-01T13:29:55.474+0000] {logging_mixin.py:150} INFO - [2023-10-01T13:29:55.473+0000] {dag.py:2742} INFO - Sync 1 DAGs
[2023-10-01T13:29:55.501+0000] {logging_mixin.py:150} INFO - [2023-10-01T13:29:55.501+0000] {dag.py:3504} INFO - Setting next_dagrun for producer to 2023-10-01T00:00:00+00:00, run_after=2023-10-02T00:00:00+00:00
[2023-10-01T13:29:55.531+0000] {processor.py:179} INFO - Processing /opt/airflow/dags/producer.py took 0.104 seconds
[2023-10-01T13:30:25.652+0000] {processor.py:157} INFO - Started process (PID=9708) to work on /opt/airflow/dags/producer.py
[2023-10-01T13:30:25.653+0000] {processor.py:826} INFO - Processing file /opt/airflow/dags/producer.py for tasks to queue
[2023-10-01T13:30:25.654+0000] {logging_mixin.py:150} INFO - [2023-10-01T13:30:25.653+0000] {dagbag.py:541} INFO - Filling up the DagBag from /opt/airflow/dags/producer.py
[2023-10-01T13:30:25.663+0000] {processor.py:836} INFO - DAG(s) dict_keys(['producer']) retrieved from /opt/airflow/dags/producer.py
[2023-10-01T13:30:25.693+0000] {logging_mixin.py:150} INFO - [2023-10-01T13:30:25.693+0000] {dag.py:2742} INFO - Sync 1 DAGs
[2023-10-01T13:30:25.720+0000] {logging_mixin.py:150} INFO - [2023-10-01T13:30:25.720+0000] {dag.py:3504} INFO - Setting next_dagrun for producer to 2023-10-01T00:00:00+00:00, run_after=2023-10-02T00:00:00+00:00
[2023-10-01T13:30:25.750+0000] {processor.py:179} INFO - Processing /opt/airflow/dags/producer.py took 0.101 seconds
[2023-10-01T13:30:55.931+0000] {processor.py:157} INFO - Started process (PID=9735) to work on /opt/airflow/dags/producer.py
[2023-10-01T13:30:55.936+0000] {processor.py:826} INFO - Processing file /opt/airflow/dags/producer.py for tasks to queue
[2023-10-01T13:30:55.937+0000] {logging_mixin.py:150} INFO - [2023-10-01T13:30:55.937+0000] {dagbag.py:541} INFO - Filling up the DagBag from /opt/airflow/dags/producer.py
[2023-10-01T13:30:55.944+0000] {processor.py:836} INFO - DAG(s) dict_keys(['producer']) retrieved from /opt/airflow/dags/producer.py
[2023-10-01T13:30:55.978+0000] {logging_mixin.py:150} INFO - [2023-10-01T13:30:55.978+0000] {dag.py:2742} INFO - Sync 1 DAGs
[2023-10-01T13:30:56.003+0000] {logging_mixin.py:150} INFO - [2023-10-01T13:30:56.003+0000] {dag.py:3504} INFO - Setting next_dagrun for producer to 2023-10-01T00:00:00+00:00, run_after=2023-10-02T00:00:00+00:00
[2023-10-01T13:30:56.038+0000] {processor.py:179} INFO - Processing /opt/airflow/dags/producer.py took 0.110 seconds
[2023-10-01T13:31:26.521+0000] {processor.py:157} INFO - Started process (PID=9763) to work on /opt/airflow/dags/producer.py
[2023-10-01T13:31:26.522+0000] {processor.py:826} INFO - Processing file /opt/airflow/dags/producer.py for tasks to queue
[2023-10-01T13:31:26.523+0000] {logging_mixin.py:150} INFO - [2023-10-01T13:31:26.523+0000] {dagbag.py:541} INFO - Filling up the DagBag from /opt/airflow/dags/producer.py
[2023-10-01T13:31:26.533+0000] {processor.py:836} INFO - DAG(s) dict_keys(['producer']) retrieved from /opt/airflow/dags/producer.py
[2023-10-01T13:31:26.562+0000] {logging_mixin.py:150} INFO - [2023-10-01T13:31:26.562+0000] {dag.py:2742} INFO - Sync 1 DAGs
[2023-10-01T13:31:26.591+0000] {logging_mixin.py:150} INFO - [2023-10-01T13:31:26.591+0000] {dag.py:3504} INFO - Setting next_dagrun for producer to 2023-10-01T00:00:00+00:00, run_after=2023-10-02T00:00:00+00:00
[2023-10-01T13:31:26.622+0000] {processor.py:179} INFO - Processing /opt/airflow/dags/producer.py took 0.104 seconds
[2023-10-01T13:31:56.747+0000] {processor.py:157} INFO - Started process (PID=9790) to work on /opt/airflow/dags/producer.py
[2023-10-01T13:31:56.749+0000] {processor.py:826} INFO - Processing file /opt/airflow/dags/producer.py for tasks to queue
[2023-10-01T13:31:56.750+0000] {logging_mixin.py:150} INFO - [2023-10-01T13:31:56.749+0000] {dagbag.py:541} INFO - Filling up the DagBag from /opt/airflow/dags/producer.py
[2023-10-01T13:31:56.759+0000] {processor.py:836} INFO - DAG(s) dict_keys(['producer']) retrieved from /opt/airflow/dags/producer.py
[2023-10-01T13:31:56.790+0000] {logging_mixin.py:150} INFO - [2023-10-01T13:31:56.790+0000] {dag.py:2742} INFO - Sync 1 DAGs
[2023-10-01T13:31:56.821+0000] {logging_mixin.py:150} INFO - [2023-10-01T13:31:56.821+0000] {dag.py:3504} INFO - Setting next_dagrun for producer to 2023-10-01T00:00:00+00:00, run_after=2023-10-02T00:00:00+00:00
[2023-10-01T13:31:56.853+0000] {processor.py:179} INFO - Processing /opt/airflow/dags/producer.py took 0.111 seconds
[2023-10-01T13:32:27.042+0000] {processor.py:157} INFO - Started process (PID=9817) to work on /opt/airflow/dags/producer.py
[2023-10-01T13:32:27.048+0000] {processor.py:826} INFO - Processing file /opt/airflow/dags/producer.py for tasks to queue
[2023-10-01T13:32:27.057+0000] {logging_mixin.py:150} INFO - [2023-10-01T13:32:27.057+0000] {dagbag.py:541} INFO - Filling up the DagBag from /opt/airflow/dags/producer.py
[2023-10-01T13:32:27.098+0000] {processor.py:836} INFO - DAG(s) dict_keys(['producer']) retrieved from /opt/airflow/dags/producer.py
[2023-10-01T13:32:27.200+0000] {logging_mixin.py:150} INFO - [2023-10-01T13:32:27.200+0000] {dag.py:2742} INFO - Sync 1 DAGs
[2023-10-01T13:32:27.282+0000] {logging_mixin.py:150} INFO - [2023-10-01T13:32:27.281+0000] {dag.py:3504} INFO - Setting next_dagrun for producer to 2023-10-01T00:00:00+00:00, run_after=2023-10-02T00:00:00+00:00
[2023-10-01T13:32:27.403+0000] {processor.py:179} INFO - Processing /opt/airflow/dags/producer.py took 0.375 seconds
[2023-10-01T13:32:57.892+0000] {processor.py:157} INFO - Started process (PID=9844) to work on /opt/airflow/dags/producer.py
[2023-10-01T13:32:57.897+0000] {processor.py:826} INFO - Processing file /opt/airflow/dags/producer.py for tasks to queue
[2023-10-01T13:32:57.899+0000] {logging_mixin.py:150} INFO - [2023-10-01T13:32:57.898+0000] {dagbag.py:541} INFO - Filling up the DagBag from /opt/airflow/dags/producer.py
[2023-10-01T13:32:57.921+0000] {processor.py:836} INFO - DAG(s) dict_keys(['producer']) retrieved from /opt/airflow/dags/producer.py
[2023-10-01T13:32:57.979+0000] {logging_mixin.py:150} INFO - [2023-10-01T13:32:57.978+0000] {dag.py:2742} INFO - Sync 1 DAGs
[2023-10-01T13:32:58.029+0000] {logging_mixin.py:150} INFO - [2023-10-01T13:32:58.028+0000] {dag.py:3504} INFO - Setting next_dagrun for producer to 2023-10-01T00:00:00+00:00, run_after=2023-10-02T00:00:00+00:00
[2023-10-01T13:32:58.092+0000] {processor.py:179} INFO - Processing /opt/airflow/dags/producer.py took 0.209 seconds
[2023-10-01T13:33:28.638+0000] {processor.py:157} INFO - Started process (PID=9871) to work on /opt/airflow/dags/producer.py
[2023-10-01T13:33:28.639+0000] {processor.py:826} INFO - Processing file /opt/airflow/dags/producer.py for tasks to queue
[2023-10-01T13:33:28.640+0000] {logging_mixin.py:150} INFO - [2023-10-01T13:33:28.639+0000] {dagbag.py:541} INFO - Filling up the DagBag from /opt/airflow/dags/producer.py
[2023-10-01T13:33:28.651+0000] {processor.py:836} INFO - DAG(s) dict_keys(['producer']) retrieved from /opt/airflow/dags/producer.py
[2023-10-01T13:33:28.687+0000] {logging_mixin.py:150} INFO - [2023-10-01T13:33:28.687+0000] {dag.py:2742} INFO - Sync 1 DAGs
[2023-10-01T13:33:28.729+0000] {logging_mixin.py:150} INFO - [2023-10-01T13:33:28.728+0000] {dag.py:3504} INFO - Setting next_dagrun for producer to 2023-10-01T00:00:00+00:00, run_after=2023-10-02T00:00:00+00:00
[2023-10-01T13:33:28.769+0000] {processor.py:179} INFO - Processing /opt/airflow/dags/producer.py took 0.136 seconds
[2023-10-01T13:33:59.088+0000] {processor.py:157} INFO - Started process (PID=9898) to work on /opt/airflow/dags/producer.py
[2023-10-01T13:33:59.090+0000] {processor.py:826} INFO - Processing file /opt/airflow/dags/producer.py for tasks to queue
[2023-10-01T13:33:59.091+0000] {logging_mixin.py:150} INFO - [2023-10-01T13:33:59.090+0000] {dagbag.py:541} INFO - Filling up the DagBag from /opt/airflow/dags/producer.py
[2023-10-01T13:33:59.102+0000] {processor.py:836} INFO - DAG(s) dict_keys(['producer']) retrieved from /opt/airflow/dags/producer.py
[2023-10-01T13:33:59.138+0000] {logging_mixin.py:150} INFO - [2023-10-01T13:33:59.133+0000] {dag.py:2742} INFO - Sync 1 DAGs
[2023-10-01T13:33:59.169+0000] {logging_mixin.py:150} INFO - [2023-10-01T13:33:59.169+0000] {dag.py:3504} INFO - Setting next_dagrun for producer to 2023-10-01T00:00:00+00:00, run_after=2023-10-02T00:00:00+00:00
[2023-10-01T13:33:59.210+0000] {processor.py:179} INFO - Processing /opt/airflow/dags/producer.py took 0.128 seconds
[2023-10-01T13:34:29.563+0000] {processor.py:157} INFO - Started process (PID=9925) to work on /opt/airflow/dags/producer.py
[2023-10-01T13:34:29.567+0000] {processor.py:826} INFO - Processing file /opt/airflow/dags/producer.py for tasks to queue
[2023-10-01T13:34:29.568+0000] {logging_mixin.py:150} INFO - [2023-10-01T13:34:29.568+0000] {dagbag.py:541} INFO - Filling up the DagBag from /opt/airflow/dags/producer.py
[2023-10-01T13:34:29.578+0000] {processor.py:836} INFO - DAG(s) dict_keys(['producer']) retrieved from /opt/airflow/dags/producer.py
[2023-10-01T13:34:29.620+0000] {logging_mixin.py:150} INFO - [2023-10-01T13:34:29.620+0000] {dag.py:2742} INFO - Sync 1 DAGs
[2023-10-01T13:34:29.668+0000] {logging_mixin.py:150} INFO - [2023-10-01T13:34:29.667+0000] {dag.py:3504} INFO - Setting next_dagrun for producer to 2023-10-01T00:00:00+00:00, run_after=2023-10-02T00:00:00+00:00
[2023-10-01T13:34:29.713+0000] {processor.py:179} INFO - Processing /opt/airflow/dags/producer.py took 0.153 seconds
[2023-10-01T13:35:00.038+0000] {processor.py:157} INFO - Started process (PID=9953) to work on /opt/airflow/dags/producer.py
[2023-10-01T13:35:00.039+0000] {processor.py:826} INFO - Processing file /opt/airflow/dags/producer.py for tasks to queue
[2023-10-01T13:35:00.040+0000] {logging_mixin.py:150} INFO - [2023-10-01T13:35:00.040+0000] {dagbag.py:541} INFO - Filling up the DagBag from /opt/airflow/dags/producer.py
[2023-10-01T13:35:00.052+0000] {processor.py:836} INFO - DAG(s) dict_keys(['producer']) retrieved from /opt/airflow/dags/producer.py
[2023-10-01T13:35:00.098+0000] {logging_mixin.py:150} INFO - [2023-10-01T13:35:00.098+0000] {dag.py:2742} INFO - Sync 1 DAGs
[2023-10-01T13:35:00.132+0000] {logging_mixin.py:150} INFO - [2023-10-01T13:35:00.132+0000] {dag.py:3504} INFO - Setting next_dagrun for producer to 2023-10-01T00:00:00+00:00, run_after=2023-10-02T00:00:00+00:00
[2023-10-01T13:35:00.173+0000] {processor.py:179} INFO - Processing /opt/airflow/dags/producer.py took 0.141 seconds
[2023-10-01T13:35:30.406+0000] {processor.py:157} INFO - Started process (PID=9979) to work on /opt/airflow/dags/producer.py
[2023-10-01T13:35:30.407+0000] {processor.py:826} INFO - Processing file /opt/airflow/dags/producer.py for tasks to queue
[2023-10-01T13:35:30.408+0000] {logging_mixin.py:150} INFO - [2023-10-01T13:35:30.408+0000] {dagbag.py:541} INFO - Filling up the DagBag from /opt/airflow/dags/producer.py
[2023-10-01T13:35:30.419+0000] {processor.py:836} INFO - DAG(s) dict_keys(['producer']) retrieved from /opt/airflow/dags/producer.py
[2023-10-01T13:35:30.457+0000] {logging_mixin.py:150} INFO - [2023-10-01T13:35:30.457+0000] {dag.py:2742} INFO - Sync 1 DAGs
[2023-10-01T13:35:30.491+0000] {logging_mixin.py:150} INFO - [2023-10-01T13:35:30.491+0000] {dag.py:3504} INFO - Setting next_dagrun for producer to 2023-10-01T00:00:00+00:00, run_after=2023-10-02T00:00:00+00:00
[2023-10-01T13:35:30.523+0000] {processor.py:179} INFO - Processing /opt/airflow/dags/producer.py took 0.122 seconds
[2023-10-01T13:36:00.820+0000] {processor.py:157} INFO - Started process (PID=10006) to work on /opt/airflow/dags/producer.py
[2023-10-01T13:36:00.821+0000] {processor.py:826} INFO - Processing file /opt/airflow/dags/producer.py for tasks to queue
[2023-10-01T13:36:00.822+0000] {logging_mixin.py:150} INFO - [2023-10-01T13:36:00.821+0000] {dagbag.py:541} INFO - Filling up the DagBag from /opt/airflow/dags/producer.py
[2023-10-01T13:36:00.838+0000] {processor.py:836} INFO - DAG(s) dict_keys(['producer']) retrieved from /opt/airflow/dags/producer.py
[2023-10-01T13:36:00.871+0000] {logging_mixin.py:150} INFO - [2023-10-01T13:36:00.871+0000] {dag.py:2742} INFO - Sync 1 DAGs
[2023-10-01T13:36:00.903+0000] {logging_mixin.py:150} INFO - [2023-10-01T13:36:00.902+0000] {dag.py:3504} INFO - Setting next_dagrun for producer to 2023-10-01T00:00:00+00:00, run_after=2023-10-02T00:00:00+00:00
[2023-10-01T13:36:00.940+0000] {processor.py:179} INFO - Processing /opt/airflow/dags/producer.py took 0.124 seconds
[2023-10-01T13:36:31.333+0000] {processor.py:157} INFO - Started process (PID=10033) to work on /opt/airflow/dags/producer.py
[2023-10-01T13:36:31.337+0000] {processor.py:826} INFO - Processing file /opt/airflow/dags/producer.py for tasks to queue
[2023-10-01T13:36:31.338+0000] {logging_mixin.py:150} INFO - [2023-10-01T13:36:31.338+0000] {dagbag.py:541} INFO - Filling up the DagBag from /opt/airflow/dags/producer.py
[2023-10-01T13:36:31.351+0000] {processor.py:836} INFO - DAG(s) dict_keys(['producer']) retrieved from /opt/airflow/dags/producer.py
[2023-10-01T13:36:31.388+0000] {logging_mixin.py:150} INFO - [2023-10-01T13:36:31.388+0000] {dag.py:2742} INFO - Sync 1 DAGs
[2023-10-01T13:36:31.428+0000] {logging_mixin.py:150} INFO - [2023-10-01T13:36:31.428+0000] {dag.py:3504} INFO - Setting next_dagrun for producer to 2023-10-01T00:00:00+00:00, run_after=2023-10-02T00:00:00+00:00
[2023-10-01T13:36:31.469+0000] {processor.py:179} INFO - Processing /opt/airflow/dags/producer.py took 0.141 seconds
[2023-10-01T13:37:01.836+0000] {processor.py:157} INFO - Started process (PID=10060) to work on /opt/airflow/dags/producer.py
[2023-10-01T13:37:01.837+0000] {processor.py:826} INFO - Processing file /opt/airflow/dags/producer.py for tasks to queue
[2023-10-01T13:37:01.838+0000] {logging_mixin.py:150} INFO - [2023-10-01T13:37:01.838+0000] {dagbag.py:541} INFO - Filling up the DagBag from /opt/airflow/dags/producer.py
[2023-10-01T13:37:01.851+0000] {processor.py:836} INFO - DAG(s) dict_keys(['producer']) retrieved from /opt/airflow/dags/producer.py
[2023-10-01T13:37:01.888+0000] {logging_mixin.py:150} INFO - [2023-10-01T13:37:01.888+0000] {dag.py:2742} INFO - Sync 1 DAGs
[2023-10-01T13:37:01.922+0000] {logging_mixin.py:150} INFO - [2023-10-01T13:37:01.922+0000] {dag.py:3504} INFO - Setting next_dagrun for producer to 2023-10-01T00:00:00+00:00, run_after=2023-10-02T00:00:00+00:00
[2023-10-01T13:37:01.970+0000] {processor.py:179} INFO - Processing /opt/airflow/dags/producer.py took 0.142 seconds
[2023-10-01T13:37:32.282+0000] {processor.py:157} INFO - Started process (PID=10087) to work on /opt/airflow/dags/producer.py
[2023-10-01T13:37:32.287+0000] {processor.py:826} INFO - Processing file /opt/airflow/dags/producer.py for tasks to queue
[2023-10-01T13:37:32.288+0000] {logging_mixin.py:150} INFO - [2023-10-01T13:37:32.288+0000] {dagbag.py:541} INFO - Filling up the DagBag from /opt/airflow/dags/producer.py
[2023-10-01T13:37:32.308+0000] {processor.py:836} INFO - DAG(s) dict_keys(['producer']) retrieved from /opt/airflow/dags/producer.py
[2023-10-01T13:37:32.358+0000] {logging_mixin.py:150} INFO - [2023-10-01T13:37:32.358+0000] {dag.py:2742} INFO - Sync 1 DAGs
[2023-10-01T13:37:32.428+0000] {logging_mixin.py:150} INFO - [2023-10-01T13:37:32.427+0000] {dag.py:3504} INFO - Setting next_dagrun for producer to 2023-10-01T00:00:00+00:00, run_after=2023-10-02T00:00:00+00:00
[2023-10-01T13:37:32.466+0000] {processor.py:179} INFO - Processing /opt/airflow/dags/producer.py took 0.189 seconds
[2023-10-01T13:38:02.710+0000] {processor.py:157} INFO - Started process (PID=10115) to work on /opt/airflow/dags/producer.py
[2023-10-01T13:38:02.712+0000] {processor.py:826} INFO - Processing file /opt/airflow/dags/producer.py for tasks to queue
[2023-10-01T13:38:02.712+0000] {logging_mixin.py:150} INFO - [2023-10-01T13:38:02.712+0000] {dagbag.py:541} INFO - Filling up the DagBag from /opt/airflow/dags/producer.py
[2023-10-01T13:38:02.731+0000] {processor.py:836} INFO - DAG(s) dict_keys(['producer']) retrieved from /opt/airflow/dags/producer.py
[2023-10-01T13:38:02.771+0000] {logging_mixin.py:150} INFO - [2023-10-01T13:38:02.771+0000] {dag.py:2742} INFO - Sync 1 DAGs
[2023-10-01T13:38:02.820+0000] {logging_mixin.py:150} INFO - [2023-10-01T13:38:02.820+0000] {dag.py:3504} INFO - Setting next_dagrun for producer to 2023-10-01T00:00:00+00:00, run_after=2023-10-02T00:00:00+00:00
[2023-10-01T13:38:02.860+0000] {processor.py:179} INFO - Processing /opt/airflow/dags/producer.py took 0.153 seconds
[2023-10-01T13:38:33.271+0000] {processor.py:157} INFO - Started process (PID=10142) to work on /opt/airflow/dags/producer.py
[2023-10-01T13:38:33.272+0000] {processor.py:826} INFO - Processing file /opt/airflow/dags/producer.py for tasks to queue
[2023-10-01T13:38:33.276+0000] {logging_mixin.py:150} INFO - [2023-10-01T13:38:33.272+0000] {dagbag.py:541} INFO - Filling up the DagBag from /opt/airflow/dags/producer.py
[2023-10-01T13:38:33.289+0000] {processor.py:836} INFO - DAG(s) dict_keys(['producer']) retrieved from /opt/airflow/dags/producer.py
[2023-10-01T13:38:33.339+0000] {logging_mixin.py:150} INFO - [2023-10-01T13:38:33.339+0000] {dag.py:2742} INFO - Sync 1 DAGs
[2023-10-01T13:38:33.381+0000] {logging_mixin.py:150} INFO - [2023-10-01T13:38:33.381+0000] {dag.py:3504} INFO - Setting next_dagrun for producer to 2023-10-01T00:00:00+00:00, run_after=2023-10-02T00:00:00+00:00
[2023-10-01T13:38:33.420+0000] {processor.py:179} INFO - Processing /opt/airflow/dags/producer.py took 0.153 seconds
[2023-10-01T13:39:03.989+0000] {processor.py:157} INFO - Started process (PID=10160) to work on /opt/airflow/dags/producer.py
[2023-10-01T13:39:03.991+0000] {processor.py:826} INFO - Processing file /opt/airflow/dags/producer.py for tasks to queue
[2023-10-01T13:39:03.992+0000] {logging_mixin.py:150} INFO - [2023-10-01T13:39:03.991+0000] {dagbag.py:541} INFO - Filling up the DagBag from /opt/airflow/dags/producer.py
[2023-10-01T13:39:04.010+0000] {processor.py:836} INFO - DAG(s) dict_keys(['producer']) retrieved from /opt/airflow/dags/producer.py
[2023-10-01T13:39:04.060+0000] {logging_mixin.py:150} INFO - [2023-10-01T13:39:04.059+0000] {dag.py:2742} INFO - Sync 1 DAGs
[2023-10-01T13:39:04.107+0000] {logging_mixin.py:150} INFO - [2023-10-01T13:39:04.106+0000] {dag.py:3504} INFO - Setting next_dagrun for producer to 2023-10-01T00:00:00+00:00, run_after=2023-10-02T00:00:00+00:00
[2023-10-01T13:39:04.149+0000] {processor.py:179} INFO - Processing /opt/airflow/dags/producer.py took 0.167 seconds
[2023-10-01T13:39:34.578+0000] {processor.py:157} INFO - Started process (PID=10187) to work on /opt/airflow/dags/producer.py
[2023-10-01T13:39:34.580+0000] {processor.py:826} INFO - Processing file /opt/airflow/dags/producer.py for tasks to queue
[2023-10-01T13:39:34.580+0000] {logging_mixin.py:150} INFO - [2023-10-01T13:39:34.580+0000] {dagbag.py:541} INFO - Filling up the DagBag from /opt/airflow/dags/producer.py
[2023-10-01T13:39:34.597+0000] {processor.py:836} INFO - DAG(s) dict_keys(['producer']) retrieved from /opt/airflow/dags/producer.py
[2023-10-01T13:39:34.640+0000] {logging_mixin.py:150} INFO - [2023-10-01T13:39:34.640+0000] {dag.py:2742} INFO - Sync 1 DAGs
[2023-10-01T13:39:34.682+0000] {logging_mixin.py:150} INFO - [2023-10-01T13:39:34.682+0000] {dag.py:3504} INFO - Setting next_dagrun for producer to 2023-10-01T00:00:00+00:00, run_after=2023-10-02T00:00:00+00:00
[2023-10-01T13:39:34.728+0000] {processor.py:179} INFO - Processing /opt/airflow/dags/producer.py took 0.157 seconds
[2023-10-01T13:40:05.178+0000] {processor.py:157} INFO - Started process (PID=10215) to work on /opt/airflow/dags/producer.py
[2023-10-01T13:40:05.179+0000] {processor.py:826} INFO - Processing file /opt/airflow/dags/producer.py for tasks to queue
[2023-10-01T13:40:05.180+0000] {logging_mixin.py:150} INFO - [2023-10-01T13:40:05.179+0000] {dagbag.py:541} INFO - Filling up the DagBag from /opt/airflow/dags/producer.py
[2023-10-01T13:40:05.197+0000] {processor.py:836} INFO - DAG(s) dict_keys(['producer']) retrieved from /opt/airflow/dags/producer.py
[2023-10-01T13:40:05.248+0000] {logging_mixin.py:150} INFO - [2023-10-01T13:40:05.247+0000] {dag.py:2742} INFO - Sync 1 DAGs
[2023-10-01T13:40:05.291+0000] {logging_mixin.py:150} INFO - [2023-10-01T13:40:05.291+0000] {dag.py:3504} INFO - Setting next_dagrun for producer to 2023-10-01T00:00:00+00:00, run_after=2023-10-02T00:00:00+00:00
[2023-10-01T13:40:05.340+0000] {processor.py:179} INFO - Processing /opt/airflow/dags/producer.py took 0.170 seconds
[2023-10-01T13:40:35.937+0000] {processor.py:157} INFO - Started process (PID=10242) to work on /opt/airflow/dags/producer.py
[2023-10-01T13:40:35.938+0000] {processor.py:826} INFO - Processing file /opt/airflow/dags/producer.py for tasks to queue
[2023-10-01T13:40:35.939+0000] {logging_mixin.py:150} INFO - [2023-10-01T13:40:35.939+0000] {dagbag.py:541} INFO - Filling up the DagBag from /opt/airflow/dags/producer.py
[2023-10-01T13:40:35.951+0000] {processor.py:836} INFO - DAG(s) dict_keys(['producer']) retrieved from /opt/airflow/dags/producer.py
[2023-10-01T13:40:35.999+0000] {logging_mixin.py:150} INFO - [2023-10-01T13:40:35.999+0000] {dag.py:2742} INFO - Sync 1 DAGs
[2023-10-01T13:40:36.057+0000] {logging_mixin.py:150} INFO - [2023-10-01T13:40:36.057+0000] {dag.py:3504} INFO - Setting next_dagrun for producer to 2023-10-01T00:00:00+00:00, run_after=2023-10-02T00:00:00+00:00
[2023-10-01T13:40:36.109+0000] {processor.py:179} INFO - Processing /opt/airflow/dags/producer.py took 0.180 seconds
[2023-10-01T13:41:07.017+0000] {processor.py:157} INFO - Started process (PID=10269) to work on /opt/airflow/dags/producer.py
[2023-10-01T13:41:07.026+0000] {processor.py:826} INFO - Processing file /opt/airflow/dags/producer.py for tasks to queue
[2023-10-01T13:41:07.027+0000] {logging_mixin.py:150} INFO - [2023-10-01T13:41:07.027+0000] {dagbag.py:541} INFO - Filling up the DagBag from /opt/airflow/dags/producer.py
[2023-10-01T13:41:07.061+0000] {processor.py:836} INFO - DAG(s) dict_keys(['producer']) retrieved from /opt/airflow/dags/producer.py
[2023-10-01T13:41:07.118+0000] {logging_mixin.py:150} INFO - [2023-10-01T13:41:07.118+0000] {dag.py:2742} INFO - Sync 1 DAGs
[2023-10-01T13:41:07.177+0000] {logging_mixin.py:150} INFO - [2023-10-01T13:41:07.177+0000] {dag.py:3504} INFO - Setting next_dagrun for producer to 2023-10-01T00:00:00+00:00, run_after=2023-10-02T00:00:00+00:00
[2023-10-01T13:41:07.238+0000] {processor.py:179} INFO - Processing /opt/airflow/dags/producer.py took 0.231 seconds
[2023-10-01T13:41:38.148+0000] {processor.py:157} INFO - Started process (PID=10296) to work on /opt/airflow/dags/producer.py
[2023-10-01T13:41:38.150+0000] {processor.py:826} INFO - Processing file /opt/airflow/dags/producer.py for tasks to queue
[2023-10-01T13:41:38.151+0000] {logging_mixin.py:150} INFO - [2023-10-01T13:41:38.150+0000] {dagbag.py:541} INFO - Filling up the DagBag from /opt/airflow/dags/producer.py
[2023-10-01T13:41:38.170+0000] {processor.py:836} INFO - DAG(s) dict_keys(['producer']) retrieved from /opt/airflow/dags/producer.py
[2023-10-01T13:41:38.229+0000] {logging_mixin.py:150} INFO - [2023-10-01T13:41:38.228+0000] {dag.py:2742} INFO - Sync 1 DAGs
[2023-10-01T13:41:38.281+0000] {logging_mixin.py:150} INFO - [2023-10-01T13:41:38.281+0000] {dag.py:3504} INFO - Setting next_dagrun for producer to 2023-10-01T00:00:00+00:00, run_after=2023-10-02T00:00:00+00:00
[2023-10-01T13:41:38.349+0000] {processor.py:179} INFO - Processing /opt/airflow/dags/producer.py took 0.209 seconds
[2023-10-01T13:42:08.650+0000] {processor.py:157} INFO - Started process (PID=10324) to work on /opt/airflow/dags/producer.py
[2023-10-01T13:42:08.651+0000] {processor.py:826} INFO - Processing file /opt/airflow/dags/producer.py for tasks to queue
[2023-10-01T13:42:08.657+0000] {logging_mixin.py:150} INFO - [2023-10-01T13:42:08.656+0000] {dagbag.py:541} INFO - Filling up the DagBag from /opt/airflow/dags/producer.py
[2023-10-01T13:42:08.671+0000] {processor.py:836} INFO - DAG(s) dict_keys(['producer']) retrieved from /opt/airflow/dags/producer.py
[2023-10-01T13:42:08.721+0000] {logging_mixin.py:150} INFO - [2023-10-01T13:42:08.721+0000] {dag.py:2742} INFO - Sync 1 DAGs
[2023-10-01T13:42:08.769+0000] {logging_mixin.py:150} INFO - [2023-10-01T13:42:08.769+0000] {dag.py:3504} INFO - Setting next_dagrun for producer to 2023-10-01T00:00:00+00:00, run_after=2023-10-02T00:00:00+00:00
[2023-10-01T13:42:08.830+0000] {processor.py:179} INFO - Processing /opt/airflow/dags/producer.py took 0.184 seconds
[2023-10-01T13:42:38.890+0000] {processor.py:157} INFO - Started process (PID=10353) to work on /opt/airflow/dags/producer.py
[2023-10-01T13:42:38.896+0000] {processor.py:826} INFO - Processing file /opt/airflow/dags/producer.py for tasks to queue
[2023-10-01T13:42:38.897+0000] {logging_mixin.py:150} INFO - [2023-10-01T13:42:38.897+0000] {dagbag.py:541} INFO - Filling up the DagBag from /opt/airflow/dags/producer.py
[2023-10-01T13:42:38.917+0000] {processor.py:836} INFO - DAG(s) dict_keys(['producer']) retrieved from /opt/airflow/dags/producer.py
[2023-10-01T13:42:38.979+0000] {logging_mixin.py:150} INFO - [2023-10-01T13:42:38.979+0000] {dag.py:2742} INFO - Sync 1 DAGs
[2023-10-01T13:42:39.037+0000] {logging_mixin.py:150} INFO - [2023-10-01T13:42:39.036+0000] {dag.py:3504} INFO - Setting next_dagrun for producer to 2023-10-01T00:00:00+00:00, run_after=2023-10-02T00:00:00+00:00
[2023-10-01T13:42:39.088+0000] {processor.py:179} INFO - Processing /opt/airflow/dags/producer.py took 0.207 seconds
[2023-10-01T13:43:09.957+0000] {processor.py:157} INFO - Started process (PID=10379) to work on /opt/airflow/dags/producer.py
[2023-10-01T13:43:09.958+0000] {processor.py:826} INFO - Processing file /opt/airflow/dags/producer.py for tasks to queue
[2023-10-01T13:43:09.959+0000] {logging_mixin.py:150} INFO - [2023-10-01T13:43:09.958+0000] {dagbag.py:541} INFO - Filling up the DagBag from /opt/airflow/dags/producer.py
[2023-10-01T13:43:09.987+0000] {processor.py:836} INFO - DAG(s) dict_keys(['producer']) retrieved from /opt/airflow/dags/producer.py
[2023-10-01T13:43:10.040+0000] {logging_mixin.py:150} INFO - [2023-10-01T13:43:10.039+0000] {dag.py:2742} INFO - Sync 1 DAGs
[2023-10-01T13:43:10.110+0000] {logging_mixin.py:150} INFO - [2023-10-01T13:43:10.109+0000] {dag.py:3504} INFO - Setting next_dagrun for producer to 2023-10-01T00:00:00+00:00, run_after=2023-10-02T00:00:00+00:00
[2023-10-01T13:43:10.170+0000] {processor.py:179} INFO - Processing /opt/airflow/dags/producer.py took 0.222 seconds
[2023-10-01T13:43:40.766+0000] {processor.py:157} INFO - Started process (PID=10407) to work on /opt/airflow/dags/producer.py
[2023-10-01T13:43:40.767+0000] {processor.py:826} INFO - Processing file /opt/airflow/dags/producer.py for tasks to queue
[2023-10-01T13:43:40.768+0000] {logging_mixin.py:150} INFO - [2023-10-01T13:43:40.768+0000] {dagbag.py:541} INFO - Filling up the DagBag from /opt/airflow/dags/producer.py
[2023-10-01T13:43:40.790+0000] {processor.py:836} INFO - DAG(s) dict_keys(['producer']) retrieved from /opt/airflow/dags/producer.py
[2023-10-01T13:43:40.877+0000] {logging_mixin.py:150} INFO - [2023-10-01T13:43:40.877+0000] {dag.py:2742} INFO - Sync 1 DAGs
[2023-10-01T13:43:40.938+0000] {logging_mixin.py:150} INFO - [2023-10-01T13:43:40.938+0000] {dag.py:3504} INFO - Setting next_dagrun for producer to 2023-10-01T00:00:00+00:00, run_after=2023-10-02T00:00:00+00:00
[2023-10-01T13:43:41.009+0000] {processor.py:179} INFO - Processing /opt/airflow/dags/producer.py took 0.253 seconds
[2023-10-01T13:44:11.199+0000] {processor.py:157} INFO - Started process (PID=10434) to work on /opt/airflow/dags/producer.py
[2023-10-01T13:44:11.207+0000] {processor.py:826} INFO - Processing file /opt/airflow/dags/producer.py for tasks to queue
[2023-10-01T13:44:11.208+0000] {logging_mixin.py:150} INFO - [2023-10-01T13:44:11.208+0000] {dagbag.py:541} INFO - Filling up the DagBag from /opt/airflow/dags/producer.py
[2023-10-01T13:44:11.247+0000] {processor.py:836} INFO - DAG(s) dict_keys(['producer']) retrieved from /opt/airflow/dags/producer.py
[2023-10-01T13:44:11.336+0000] {logging_mixin.py:150} INFO - [2023-10-01T13:44:11.331+0000] {dag.py:2742} INFO - Sync 1 DAGs
[2023-10-01T13:44:11.401+0000] {logging_mixin.py:150} INFO - [2023-10-01T13:44:11.400+0000] {dag.py:3504} INFO - Setting next_dagrun for producer to 2023-10-01T00:00:00+00:00, run_after=2023-10-02T00:00:00+00:00
[2023-10-01T13:44:11.470+0000] {processor.py:179} INFO - Processing /opt/airflow/dags/producer.py took 0.282 seconds
[2023-10-01T13:44:41.740+0000] {processor.py:157} INFO - Started process (PID=10461) to work on /opt/airflow/dags/producer.py
[2023-10-01T13:44:41.746+0000] {processor.py:826} INFO - Processing file /opt/airflow/dags/producer.py for tasks to queue
[2023-10-01T13:44:41.748+0000] {logging_mixin.py:150} INFO - [2023-10-01T13:44:41.747+0000] {dagbag.py:541} INFO - Filling up the DagBag from /opt/airflow/dags/producer.py
[2023-10-01T13:44:41.770+0000] {processor.py:836} INFO - DAG(s) dict_keys(['producer']) retrieved from /opt/airflow/dags/producer.py
[2023-10-01T13:44:41.849+0000] {logging_mixin.py:150} INFO - [2023-10-01T13:44:41.849+0000] {dag.py:2742} INFO - Sync 1 DAGs
[2023-10-01T13:44:41.920+0000] {logging_mixin.py:150} INFO - [2023-10-01T13:44:41.920+0000] {dag.py:3504} INFO - Setting next_dagrun for producer to 2023-10-01T00:00:00+00:00, run_after=2023-10-02T00:00:00+00:00
[2023-10-01T13:44:41.988+0000] {processor.py:179} INFO - Processing /opt/airflow/dags/producer.py took 0.258 seconds
[2023-10-01T13:45:12.237+0000] {processor.py:157} INFO - Started process (PID=10489) to work on /opt/airflow/dags/producer.py
[2023-10-01T13:45:12.238+0000] {processor.py:826} INFO - Processing file /opt/airflow/dags/producer.py for tasks to queue
[2023-10-01T13:45:12.239+0000] {logging_mixin.py:150} INFO - [2023-10-01T13:45:12.239+0000] {dagbag.py:541} INFO - Filling up the DagBag from /opt/airflow/dags/producer.py
[2023-10-01T13:45:12.270+0000] {processor.py:836} INFO - DAG(s) dict_keys(['producer']) retrieved from /opt/airflow/dags/producer.py
[2023-10-01T13:45:12.369+0000] {logging_mixin.py:150} INFO - [2023-10-01T13:45:12.369+0000] {dag.py:2742} INFO - Sync 1 DAGs
[2023-10-01T13:45:12.460+0000] {logging_mixin.py:150} INFO - [2023-10-01T13:45:12.459+0000] {dag.py:3504} INFO - Setting next_dagrun for producer to 2023-10-01T00:00:00+00:00, run_after=2023-10-02T00:00:00+00:00
[2023-10-01T13:45:12.577+0000] {processor.py:179} INFO - Processing /opt/airflow/dags/producer.py took 0.357 seconds
[2023-10-01T13:45:42.770+0000] {processor.py:157} INFO - Started process (PID=10515) to work on /opt/airflow/dags/producer.py
[2023-10-01T13:45:42.778+0000] {processor.py:826} INFO - Processing file /opt/airflow/dags/producer.py for tasks to queue
[2023-10-01T13:45:42.780+0000] {logging_mixin.py:150} INFO - [2023-10-01T13:45:42.779+0000] {dagbag.py:541} INFO - Filling up the DagBag from /opt/airflow/dags/producer.py
[2023-10-01T13:45:42.818+0000] {processor.py:836} INFO - DAG(s) dict_keys(['producer']) retrieved from /opt/airflow/dags/producer.py
[2023-10-01T13:45:42.937+0000] {logging_mixin.py:150} INFO - [2023-10-01T13:45:42.936+0000] {dag.py:2742} INFO - Sync 1 DAGs
[2023-10-01T13:45:43.077+0000] {logging_mixin.py:150} INFO - [2023-10-01T13:45:43.070+0000] {dag.py:3504} INFO - Setting next_dagrun for producer to 2023-10-01T00:00:00+00:00, run_after=2023-10-02T00:00:00+00:00
[2023-10-01T13:45:43.229+0000] {processor.py:179} INFO - Processing /opt/airflow/dags/producer.py took 0.470 seconds
[2023-10-01T13:46:14.237+0000] {processor.py:157} INFO - Started process (PID=10542) to work on /opt/airflow/dags/producer.py
[2023-10-01T13:46:14.258+0000] {processor.py:826} INFO - Processing file /opt/airflow/dags/producer.py for tasks to queue
[2023-10-01T13:46:14.260+0000] {logging_mixin.py:150} INFO - [2023-10-01T13:46:14.259+0000] {dagbag.py:541} INFO - Filling up the DagBag from /opt/airflow/dags/producer.py
[2023-10-01T13:46:14.320+0000] {processor.py:836} INFO - DAG(s) dict_keys(['producer']) retrieved from /opt/airflow/dags/producer.py
[2023-10-01T13:46:14.548+0000] {logging_mixin.py:150} INFO - [2023-10-01T13:46:14.548+0000] {dag.py:2742} INFO - Sync 1 DAGs
[2023-10-01T13:46:14.800+0000] {logging_mixin.py:150} INFO - [2023-10-01T13:46:14.800+0000] {dag.py:3504} INFO - Setting next_dagrun for producer to 2023-10-01T00:00:00+00:00, run_after=2023-10-02T00:00:00+00:00
[2023-10-01T13:46:15.120+0000] {processor.py:179} INFO - Processing /opt/airflow/dags/producer.py took 0.910 seconds
[2023-10-01T13:46:45.589+0000] {processor.py:157} INFO - Started process (PID=10569) to work on /opt/airflow/dags/producer.py
[2023-10-01T13:46:45.590+0000] {processor.py:826} INFO - Processing file /opt/airflow/dags/producer.py for tasks to queue
[2023-10-01T13:46:45.607+0000] {logging_mixin.py:150} INFO - [2023-10-01T13:46:45.606+0000] {dagbag.py:541} INFO - Filling up the DagBag from /opt/airflow/dags/producer.py
[2023-10-01T13:46:45.648+0000] {processor.py:836} INFO - DAG(s) dict_keys(['producer']) retrieved from /opt/airflow/dags/producer.py
[2023-10-01T13:46:45.787+0000] {logging_mixin.py:150} INFO - [2023-10-01T13:46:45.786+0000] {dag.py:2742} INFO - Sync 1 DAGs
[2023-10-01T13:46:45.979+0000] {logging_mixin.py:150} INFO - [2023-10-01T13:46:45.978+0000] {dag.py:3504} INFO - Setting next_dagrun for producer to 2023-10-01T00:00:00+00:00, run_after=2023-10-02T00:00:00+00:00
[2023-10-01T13:46:46.197+0000] {processor.py:179} INFO - Processing /opt/airflow/dags/producer.py took 0.626 seconds
[2023-10-01T13:47:17.368+0000] {processor.py:157} INFO - Started process (PID=10600) to work on /opt/airflow/dags/producer.py
[2023-10-01T13:47:17.377+0000] {processor.py:826} INFO - Processing file /opt/airflow/dags/producer.py for tasks to queue
[2023-10-01T13:47:17.379+0000] {logging_mixin.py:150} INFO - [2023-10-01T13:47:17.378+0000] {dagbag.py:541} INFO - Filling up the DagBag from /opt/airflow/dags/producer.py
[2023-10-01T13:47:17.420+0000] {processor.py:836} INFO - DAG(s) dict_keys(['producer']) retrieved from /opt/airflow/dags/producer.py
[2023-10-01T13:47:17.517+0000] {logging_mixin.py:150} INFO - [2023-10-01T13:47:17.517+0000] {dag.py:2742} INFO - Sync 1 DAGs
[2023-10-01T13:47:17.638+0000] {logging_mixin.py:150} INFO - [2023-10-01T13:47:17.638+0000] {dag.py:3504} INFO - Setting next_dagrun for producer to 2023-10-01T00:00:00+00:00, run_after=2023-10-02T00:00:00+00:00
[2023-10-01T13:47:17.790+0000] {processor.py:179} INFO - Processing /opt/airflow/dags/producer.py took 0.433 seconds
[2023-10-01T13:47:48.537+0000] {processor.py:157} INFO - Started process (PID=10627) to work on /opt/airflow/dags/producer.py
[2023-10-01T13:47:48.539+0000] {processor.py:826} INFO - Processing file /opt/airflow/dags/producer.py for tasks to queue
[2023-10-01T13:47:48.540+0000] {logging_mixin.py:150} INFO - [2023-10-01T13:47:48.540+0000] {dagbag.py:541} INFO - Filling up the DagBag from /opt/airflow/dags/producer.py
[2023-10-01T13:47:48.570+0000] {processor.py:836} INFO - DAG(s) dict_keys(['producer']) retrieved from /opt/airflow/dags/producer.py
[2023-10-01T13:47:48.667+0000] {logging_mixin.py:150} INFO - [2023-10-01T13:47:48.667+0000] {dag.py:2742} INFO - Sync 1 DAGs
[2023-10-01T13:47:48.758+0000] {logging_mixin.py:150} INFO - [2023-10-01T13:47:48.758+0000] {dag.py:3504} INFO - Setting next_dagrun for producer to 2023-10-01T00:00:00+00:00, run_after=2023-10-02T00:00:00+00:00
[2023-10-01T13:47:48.878+0000] {processor.py:179} INFO - Processing /opt/airflow/dags/producer.py took 0.351 seconds
[2023-10-01T13:48:18.970+0000] {processor.py:157} INFO - Started process (PID=10654) to work on /opt/airflow/dags/producer.py
[2023-10-01T13:48:18.978+0000] {processor.py:826} INFO - Processing file /opt/airflow/dags/producer.py for tasks to queue
[2023-10-01T13:48:18.979+0000] {logging_mixin.py:150} INFO - [2023-10-01T13:48:18.979+0000] {dagbag.py:541} INFO - Filling up the DagBag from /opt/airflow/dags/producer.py
[2023-10-01T13:48:19.028+0000] {processor.py:836} INFO - DAG(s) dict_keys(['producer']) retrieved from /opt/airflow/dags/producer.py
[2023-10-01T13:48:19.127+0000] {logging_mixin.py:150} INFO - [2023-10-01T13:48:19.127+0000] {dag.py:2742} INFO - Sync 1 DAGs
[2023-10-01T13:48:19.197+0000] {logging_mixin.py:150} INFO - [2023-10-01T13:48:19.197+0000] {dag.py:3504} INFO - Setting next_dagrun for producer to 2023-10-01T00:00:00+00:00, run_after=2023-10-02T00:00:00+00:00
[2023-10-01T13:48:19.279+0000] {processor.py:179} INFO - Processing /opt/airflow/dags/producer.py took 0.320 seconds
[2023-10-01T13:48:49.877+0000] {processor.py:157} INFO - Started process (PID=10681) to work on /opt/airflow/dags/producer.py
[2023-10-01T13:48:49.880+0000] {processor.py:826} INFO - Processing file /opt/airflow/dags/producer.py for tasks to queue
[2023-10-01T13:48:49.888+0000] {logging_mixin.py:150} INFO - [2023-10-01T13:48:49.887+0000] {dagbag.py:541} INFO - Filling up the DagBag from /opt/airflow/dags/producer.py
[2023-10-01T13:48:49.948+0000] {processor.py:836} INFO - DAG(s) dict_keys(['producer']) retrieved from /opt/airflow/dags/producer.py
[2023-10-01T13:48:50.087+0000] {logging_mixin.py:150} INFO - [2023-10-01T13:48:50.080+0000] {dag.py:2742} INFO - Sync 1 DAGs
[2023-10-01T13:48:50.207+0000] {logging_mixin.py:150} INFO - [2023-10-01T13:48:50.207+0000] {dag.py:3504} INFO - Setting next_dagrun for producer to 2023-10-01T00:00:00+00:00, run_after=2023-10-02T00:00:00+00:00
[2023-10-01T13:48:50.327+0000] {processor.py:179} INFO - Processing /opt/airflow/dags/producer.py took 0.468 seconds
[2023-10-01T13:49:20.587+0000] {processor.py:157} INFO - Started process (PID=10709) to work on /opt/airflow/dags/producer.py
[2023-10-01T13:49:20.606+0000] {processor.py:826} INFO - Processing file /opt/airflow/dags/producer.py for tasks to queue
[2023-10-01T13:49:20.608+0000] {logging_mixin.py:150} INFO - [2023-10-01T13:49:20.607+0000] {dagbag.py:541} INFO - Filling up the DagBag from /opt/airflow/dags/producer.py
[2023-10-01T13:49:20.680+0000] {processor.py:836} INFO - DAG(s) dict_keys(['producer']) retrieved from /opt/airflow/dags/producer.py
[2023-10-01T13:49:20.908+0000] {logging_mixin.py:150} INFO - [2023-10-01T13:49:20.907+0000] {dag.py:2742} INFO - Sync 1 DAGs
[2023-10-01T13:49:21.109+0000] {logging_mixin.py:150} INFO - [2023-10-01T13:49:21.108+0000] {dag.py:3504} INFO - Setting next_dagrun for producer to 2023-10-01T00:00:00+00:00, run_after=2023-10-02T00:00:00+00:00
[2023-10-01T13:49:21.446+0000] {processor.py:179} INFO - Processing /opt/airflow/dags/producer.py took 0.890 seconds
[2023-10-01T13:49:51.699+0000] {processor.py:157} INFO - Started process (PID=10736) to work on /opt/airflow/dags/producer.py
[2023-10-01T13:49:51.706+0000] {processor.py:826} INFO - Processing file /opt/airflow/dags/producer.py for tasks to queue
[2023-10-01T13:49:51.708+0000] {logging_mixin.py:150} INFO - [2023-10-01T13:49:51.708+0000] {dagbag.py:541} INFO - Filling up the DagBag from /opt/airflow/dags/producer.py
[2023-10-01T13:49:51.738+0000] {processor.py:836} INFO - DAG(s) dict_keys(['producer']) retrieved from /opt/airflow/dags/producer.py
[2023-10-01T13:49:51.838+0000] {logging_mixin.py:150} INFO - [2023-10-01T13:49:51.838+0000] {dag.py:2742} INFO - Sync 1 DAGs
[2023-10-01T13:49:51.937+0000] {logging_mixin.py:150} INFO - [2023-10-01T13:49:51.937+0000] {dag.py:3504} INFO - Setting next_dagrun for producer to 2023-10-01T00:00:00+00:00, run_after=2023-10-02T00:00:00+00:00
[2023-10-01T13:49:52.040+0000] {processor.py:179} INFO - Processing /opt/airflow/dags/producer.py took 0.351 seconds
[2023-10-01T13:50:22.470+0000] {processor.py:157} INFO - Started process (PID=10764) to work on /opt/airflow/dags/producer.py
[2023-10-01T13:50:22.478+0000] {processor.py:826} INFO - Processing file /opt/airflow/dags/producer.py for tasks to queue
[2023-10-01T13:50:22.478+0000] {logging_mixin.py:150} INFO - [2023-10-01T13:50:22.478+0000] {dagbag.py:541} INFO - Filling up the DagBag from /opt/airflow/dags/producer.py
[2023-10-01T13:50:22.509+0000] {processor.py:836} INFO - DAG(s) dict_keys(['producer']) retrieved from /opt/airflow/dags/producer.py
[2023-10-01T13:50:22.606+0000] {logging_mixin.py:150} INFO - [2023-10-01T13:50:22.600+0000] {dag.py:2742} INFO - Sync 1 DAGs
[2023-10-01T13:50:22.697+0000] {logging_mixin.py:150} INFO - [2023-10-01T13:50:22.696+0000] {dag.py:3504} INFO - Setting next_dagrun for producer to 2023-10-01T00:00:00+00:00, run_after=2023-10-02T00:00:00+00:00
[2023-10-01T13:50:22.788+0000] {processor.py:179} INFO - Processing /opt/airflow/dags/producer.py took 0.329 seconds
[2023-10-01T13:50:53.086+0000] {processor.py:157} INFO - Started process (PID=10792) to work on /opt/airflow/dags/producer.py
[2023-10-01T13:50:53.088+0000] {processor.py:826} INFO - Processing file /opt/airflow/dags/producer.py for tasks to queue
[2023-10-01T13:50:53.089+0000] {logging_mixin.py:150} INFO - [2023-10-01T13:50:53.089+0000] {dagbag.py:541} INFO - Filling up the DagBag from /opt/airflow/dags/producer.py
[2023-10-01T13:50:53.128+0000] {processor.py:836} INFO - DAG(s) dict_keys(['producer']) retrieved from /opt/airflow/dags/producer.py
[2023-10-01T13:50:53.268+0000] {logging_mixin.py:150} INFO - [2023-10-01T13:50:53.268+0000] {dag.py:2742} INFO - Sync 1 DAGs
[2023-10-01T13:50:53.379+0000] {logging_mixin.py:150} INFO - [2023-10-01T13:50:53.379+0000] {dag.py:3504} INFO - Setting next_dagrun for producer to 2023-10-01T00:00:00+00:00, run_after=2023-10-02T00:00:00+00:00
[2023-10-01T13:50:53.508+0000] {processor.py:179} INFO - Processing /opt/airflow/dags/producer.py took 0.440 seconds
[2023-10-01T13:51:24.088+0000] {processor.py:157} INFO - Started process (PID=10819) to work on /opt/airflow/dags/producer.py
[2023-10-01T13:51:24.089+0000] {processor.py:826} INFO - Processing file /opt/airflow/dags/producer.py for tasks to queue
[2023-10-01T13:51:24.097+0000] {logging_mixin.py:150} INFO - [2023-10-01T13:51:24.096+0000] {dagbag.py:541} INFO - Filling up the DagBag from /opt/airflow/dags/producer.py
[2023-10-01T13:51:24.127+0000] {processor.py:836} INFO - DAG(s) dict_keys(['producer']) retrieved from /opt/airflow/dags/producer.py
[2023-10-01T13:51:24.237+0000] {logging_mixin.py:150} INFO - [2023-10-01T13:51:24.237+0000] {dag.py:2742} INFO - Sync 1 DAGs
[2023-10-01T13:51:24.359+0000] {logging_mixin.py:150} INFO - [2023-10-01T13:51:24.358+0000] {dag.py:3504} INFO - Setting next_dagrun for producer to 2023-10-01T00:00:00+00:00, run_after=2023-10-02T00:00:00+00:00
[2023-10-01T13:51:24.527+0000] {processor.py:179} INFO - Processing /opt/airflow/dags/producer.py took 0.449 seconds
[2023-10-01T13:51:54.899+0000] {processor.py:157} INFO - Started process (PID=10846) to work on /opt/airflow/dags/producer.py
[2023-10-01T13:51:54.908+0000] {processor.py:826} INFO - Processing file /opt/airflow/dags/producer.py for tasks to queue
[2023-10-01T13:51:54.916+0000] {logging_mixin.py:150} INFO - [2023-10-01T13:51:54.909+0000] {dagbag.py:541} INFO - Filling up the DagBag from /opt/airflow/dags/producer.py
[2023-10-01T13:51:54.968+0000] {processor.py:836} INFO - DAG(s) dict_keys(['producer']) retrieved from /opt/airflow/dags/producer.py
[2023-10-01T13:51:55.158+0000] {logging_mixin.py:150} INFO - [2023-10-01T13:51:55.158+0000] {dag.py:2742} INFO - Sync 1 DAGs
[2023-10-01T13:51:55.357+0000] {logging_mixin.py:150} INFO - [2023-10-01T13:51:55.356+0000] {dag.py:3504} INFO - Setting next_dagrun for producer to 2023-10-01T00:00:00+00:00, run_after=2023-10-02T00:00:00+00:00
[2023-10-01T13:51:55.578+0000] {processor.py:179} INFO - Processing /opt/airflow/dags/producer.py took 0.700 seconds
[2023-10-01T13:52:25.698+0000] {processor.py:157} INFO - Started process (PID=10874) to work on /opt/airflow/dags/producer.py
[2023-10-01T13:52:25.706+0000] {processor.py:826} INFO - Processing file /opt/airflow/dags/producer.py for tasks to queue
[2023-10-01T13:52:25.708+0000] {logging_mixin.py:150} INFO - [2023-10-01T13:52:25.707+0000] {dagbag.py:541} INFO - Filling up the DagBag from /opt/airflow/dags/producer.py
[2023-10-01T13:52:25.746+0000] {processor.py:836} INFO - DAG(s) dict_keys(['producer']) retrieved from /opt/airflow/dags/producer.py
[2023-10-01T13:52:25.838+0000] {logging_mixin.py:150} INFO - [2023-10-01T13:52:25.838+0000] {dag.py:2742} INFO - Sync 1 DAGs
[2023-10-01T13:52:25.939+0000] {logging_mixin.py:150} INFO - [2023-10-01T13:52:25.938+0000] {dag.py:3504} INFO - Setting next_dagrun for producer to 2023-10-01T00:00:00+00:00, run_after=2023-10-02T00:00:00+00:00
[2023-10-01T13:52:26.059+0000] {processor.py:179} INFO - Processing /opt/airflow/dags/producer.py took 0.371 seconds
[2023-10-01T13:52:56.198+0000] {processor.py:157} INFO - Started process (PID=10901) to work on /opt/airflow/dags/producer.py
[2023-10-01T13:52:56.207+0000] {processor.py:826} INFO - Processing file /opt/airflow/dags/producer.py for tasks to queue
[2023-10-01T13:52:56.208+0000] {logging_mixin.py:150} INFO - [2023-10-01T13:52:56.207+0000] {dagbag.py:541} INFO - Filling up the DagBag from /opt/airflow/dags/producer.py
[2023-10-01T13:52:56.257+0000] {processor.py:836} INFO - DAG(s) dict_keys(['producer']) retrieved from /opt/airflow/dags/producer.py
[2023-10-01T13:52:56.399+0000] {logging_mixin.py:150} INFO - [2023-10-01T13:52:56.399+0000] {dag.py:2742} INFO - Sync 1 DAGs
[2023-10-01T13:52:56.519+0000] {logging_mixin.py:150} INFO - [2023-10-01T13:52:56.519+0000] {dag.py:3504} INFO - Setting next_dagrun for producer to 2023-10-01T00:00:00+00:00, run_after=2023-10-02T00:00:00+00:00
[2023-10-01T13:52:56.638+0000] {processor.py:179} INFO - Processing /opt/airflow/dags/producer.py took 0.461 seconds
[2023-10-01T13:53:27.767+0000] {processor.py:157} INFO - Started process (PID=10928) to work on /opt/airflow/dags/producer.py
[2023-10-01T13:53:27.769+0000] {processor.py:826} INFO - Processing file /opt/airflow/dags/producer.py for tasks to queue
[2023-10-01T13:53:27.777+0000] {logging_mixin.py:150} INFO - [2023-10-01T13:53:27.776+0000] {dagbag.py:541} INFO - Filling up the DagBag from /opt/airflow/dags/producer.py
[2023-10-01T13:53:27.817+0000] {processor.py:836} INFO - DAG(s) dict_keys(['producer']) retrieved from /opt/airflow/dags/producer.py
[2023-10-01T13:53:27.937+0000] {logging_mixin.py:150} INFO - [2023-10-01T13:53:27.937+0000] {dag.py:2742} INFO - Sync 1 DAGs
[2023-10-01T13:53:28.048+0000] {logging_mixin.py:150} INFO - [2023-10-01T13:53:28.048+0000] {dag.py:3504} INFO - Setting next_dagrun for producer to 2023-10-01T00:00:00+00:00, run_after=2023-10-02T00:00:00+00:00
[2023-10-01T13:53:28.179+0000] {processor.py:179} INFO - Processing /opt/airflow/dags/producer.py took 0.440 seconds
[2023-10-01T13:53:58.458+0000] {processor.py:157} INFO - Started process (PID=10946) to work on /opt/airflow/dags/producer.py
[2023-10-01T13:53:58.466+0000] {processor.py:826} INFO - Processing file /opt/airflow/dags/producer.py for tasks to queue
[2023-10-01T13:53:58.467+0000] {logging_mixin.py:150} INFO - [2023-10-01T13:53:58.467+0000] {dagbag.py:541} INFO - Filling up the DagBag from /opt/airflow/dags/producer.py
[2023-10-01T13:53:58.528+0000] {processor.py:836} INFO - DAG(s) dict_keys(['producer']) retrieved from /opt/airflow/dags/producer.py
[2023-10-01T13:53:58.797+0000] {logging_mixin.py:150} INFO - [2023-10-01T13:53:58.796+0000] {dag.py:2742} INFO - Sync 1 DAGs
[2023-10-01T13:53:59.008+0000] {logging_mixin.py:150} INFO - [2023-10-01T13:53:59.008+0000] {dag.py:3504} INFO - Setting next_dagrun for producer to 2023-10-01T00:00:00+00:00, run_after=2023-10-02T00:00:00+00:00
[2023-10-01T13:53:59.318+0000] {processor.py:179} INFO - Processing /opt/airflow/dags/producer.py took 0.881 seconds
[2023-10-01T13:54:29.476+0000] {processor.py:157} INFO - Started process (PID=10972) to work on /opt/airflow/dags/producer.py
[2023-10-01T13:54:29.487+0000] {processor.py:826} INFO - Processing file /opt/airflow/dags/producer.py for tasks to queue
[2023-10-01T13:54:29.488+0000] {logging_mixin.py:150} INFO - [2023-10-01T13:54:29.488+0000] {dagbag.py:541} INFO - Filling up the DagBag from /opt/airflow/dags/producer.py
[2023-10-01T13:54:29.567+0000] {processor.py:836} INFO - DAG(s) dict_keys(['producer']) retrieved from /opt/airflow/dags/producer.py
[2023-10-01T13:54:29.798+0000] {logging_mixin.py:150} INFO - [2023-10-01T13:54:29.798+0000] {dag.py:2742} INFO - Sync 1 DAGs
[2023-10-01T13:54:30.048+0000] {logging_mixin.py:150} INFO - [2023-10-01T13:54:30.038+0000] {dag.py:3504} INFO - Setting next_dagrun for producer to 2023-10-01T00:00:00+00:00, run_after=2023-10-02T00:00:00+00:00
[2023-10-01T13:54:30.268+0000] {processor.py:179} INFO - Processing /opt/airflow/dags/producer.py took 0.830 seconds
[2023-10-01T13:55:01.077+0000] {processor.py:157} INFO - Started process (PID=10999) to work on /opt/airflow/dags/producer.py
[2023-10-01T13:55:01.087+0000] {processor.py:826} INFO - Processing file /opt/airflow/dags/producer.py for tasks to queue
[2023-10-01T13:55:01.097+0000] {logging_mixin.py:150} INFO - [2023-10-01T13:55:01.097+0000] {dagbag.py:541} INFO - Filling up the DagBag from /opt/airflow/dags/producer.py
[2023-10-01T13:55:01.188+0000] {processor.py:836} INFO - DAG(s) dict_keys(['producer']) retrieved from /opt/airflow/dags/producer.py
[2023-10-01T13:55:01.517+0000] {logging_mixin.py:150} INFO - [2023-10-01T13:55:01.517+0000] {dag.py:2742} INFO - Sync 1 DAGs
[2023-10-01T13:55:01.836+0000] {logging_mixin.py:150} INFO - [2023-10-01T13:55:01.828+0000] {dag.py:3504} INFO - Setting next_dagrun for producer to 2023-10-01T00:00:00+00:00, run_after=2023-10-02T00:00:00+00:00
[2023-10-01T13:55:02.156+0000] {processor.py:179} INFO - Processing /opt/airflow/dags/producer.py took 1.100 seconds
[2023-10-01T13:55:32.857+0000] {processor.py:157} INFO - Started process (PID=11026) to work on /opt/airflow/dags/producer.py
[2023-10-01T13:55:32.858+0000] {processor.py:826} INFO - Processing file /opt/airflow/dags/producer.py for tasks to queue
[2023-10-01T13:55:32.867+0000] {logging_mixin.py:150} INFO - [2023-10-01T13:55:32.866+0000] {dagbag.py:541} INFO - Filling up the DagBag from /opt/airflow/dags/producer.py
[2023-10-01T13:55:32.918+0000] {processor.py:836} INFO - DAG(s) dict_keys(['producer']) retrieved from /opt/airflow/dags/producer.py
[2023-10-01T13:55:33.077+0000] {logging_mixin.py:150} INFO - [2023-10-01T13:55:33.077+0000] {dag.py:2742} INFO - Sync 1 DAGs
[2023-10-01T13:55:33.277+0000] {logging_mixin.py:150} INFO - [2023-10-01T13:55:33.277+0000] {dag.py:3504} INFO - Setting next_dagrun for producer to 2023-10-01T00:00:00+00:00, run_after=2023-10-02T00:00:00+00:00
[2023-10-01T13:55:33.517+0000] {processor.py:179} INFO - Processing /opt/airflow/dags/producer.py took 0.689 seconds
[2023-10-01T13:56:04.198+0000] {processor.py:157} INFO - Started process (PID=11053) to work on /opt/airflow/dags/producer.py
[2023-10-01T13:56:04.207+0000] {processor.py:826} INFO - Processing file /opt/airflow/dags/producer.py for tasks to queue
[2023-10-01T13:56:04.216+0000] {logging_mixin.py:150} INFO - [2023-10-01T13:56:04.208+0000] {dagbag.py:541} INFO - Filling up the DagBag from /opt/airflow/dags/producer.py
[2023-10-01T13:56:04.286+0000] {processor.py:836} INFO - DAG(s) dict_keys(['producer']) retrieved from /opt/airflow/dags/producer.py
[2023-10-01T13:56:04.488+0000] {logging_mixin.py:150} INFO - [2023-10-01T13:56:04.487+0000] {dag.py:2742} INFO - Sync 1 DAGs
[2023-10-01T13:56:04.737+0000] {logging_mixin.py:150} INFO - [2023-10-01T13:56:04.737+0000] {dag.py:3504} INFO - Setting next_dagrun for producer to 2023-10-01T00:00:00+00:00, run_after=2023-10-02T00:00:00+00:00
[2023-10-01T13:56:05.098+0000] {processor.py:179} INFO - Processing /opt/airflow/dags/producer.py took 0.921 seconds
[2023-10-01T13:56:35.417+0000] {processor.py:157} INFO - Started process (PID=11081) to work on /opt/airflow/dags/producer.py
[2023-10-01T13:56:35.428+0000] {processor.py:826} INFO - Processing file /opt/airflow/dags/producer.py for tasks to queue
[2023-10-01T13:56:35.447+0000] {logging_mixin.py:150} INFO - [2023-10-01T13:56:35.447+0000] {dagbag.py:541} INFO - Filling up the DagBag from /opt/airflow/dags/producer.py
[2023-10-01T13:56:35.567+0000] {processor.py:836} INFO - DAG(s) dict_keys(['producer']) retrieved from /opt/airflow/dags/producer.py
[2023-10-01T13:56:35.827+0000] {logging_mixin.py:150} INFO - [2023-10-01T13:56:35.826+0000] {dag.py:2742} INFO - Sync 1 DAGs
[2023-10-01T13:56:36.208+0000] {logging_mixin.py:150} INFO - [2023-10-01T13:56:36.207+0000] {dag.py:3504} INFO - Setting next_dagrun for producer to 2023-10-01T00:00:00+00:00, run_after=2023-10-02T00:00:00+00:00
[2023-10-01T13:56:36.736+0000] {processor.py:179} INFO - Processing /opt/airflow/dags/producer.py took 1.351 seconds
[2023-10-01T13:57:07.028+0000] {processor.py:157} INFO - Started process (PID=11108) to work on /opt/airflow/dags/producer.py
[2023-10-01T13:57:07.047+0000] {processor.py:826} INFO - Processing file /opt/airflow/dags/producer.py for tasks to queue
[2023-10-01T13:57:07.066+0000] {logging_mixin.py:150} INFO - [2023-10-01T13:57:07.048+0000] {dagbag.py:541} INFO - Filling up the DagBag from /opt/airflow/dags/producer.py
[2023-10-01T13:57:07.177+0000] {processor.py:836} INFO - DAG(s) dict_keys(['producer']) retrieved from /opt/airflow/dags/producer.py
[2023-10-01T13:57:07.488+0000] {logging_mixin.py:150} INFO - [2023-10-01T13:57:07.488+0000] {dag.py:2742} INFO - Sync 1 DAGs
[2023-10-01T13:57:07.776+0000] {logging_mixin.py:150} INFO - [2023-10-01T13:57:07.768+0000] {dag.py:3504} INFO - Setting next_dagrun for producer to 2023-10-01T00:00:00+00:00, run_after=2023-10-02T00:00:00+00:00
[2023-10-01T13:57:08.166+0000] {processor.py:179} INFO - Processing /opt/airflow/dags/producer.py took 1.179 seconds
[2023-10-01T13:57:38.567+0000] {processor.py:157} INFO - Started process (PID=11135) to work on /opt/airflow/dags/producer.py
[2023-10-01T13:57:38.577+0000] {processor.py:826} INFO - Processing file /opt/airflow/dags/producer.py for tasks to queue
[2023-10-01T13:57:38.587+0000] {logging_mixin.py:150} INFO - [2023-10-01T13:57:38.586+0000] {dagbag.py:541} INFO - Filling up the DagBag from /opt/airflow/dags/producer.py
[2023-10-01T13:57:38.656+0000] {processor.py:836} INFO - DAG(s) dict_keys(['producer']) retrieved from /opt/airflow/dags/producer.py
[2023-10-01T13:57:38.877+0000] {logging_mixin.py:150} INFO - [2023-10-01T13:57:38.877+0000] {dag.py:2742} INFO - Sync 1 DAGs
[2023-10-01T13:57:39.098+0000] {logging_mixin.py:150} INFO - [2023-10-01T13:57:39.097+0000] {dag.py:3504} INFO - Setting next_dagrun for producer to 2023-10-01T00:00:00+00:00, run_after=2023-10-02T00:00:00+00:00
[2023-10-01T13:57:39.568+0000] {processor.py:179} INFO - Processing /opt/airflow/dags/producer.py took 1.021 seconds
[2023-10-01T13:58:10.298+0000] {processor.py:157} INFO - Started process (PID=11162) to work on /opt/airflow/dags/producer.py
[2023-10-01T13:58:10.327+0000] {processor.py:826} INFO - Processing file /opt/airflow/dags/producer.py for tasks to queue
[2023-10-01T13:58:10.338+0000] {logging_mixin.py:150} INFO - [2023-10-01T13:58:10.328+0000] {dagbag.py:541} INFO - Filling up the DagBag from /opt/airflow/dags/producer.py
[2023-10-01T13:58:10.467+0000] {processor.py:836} INFO - DAG(s) dict_keys(['producer']) retrieved from /opt/airflow/dags/producer.py
[2023-10-01T13:58:10.926+0000] {logging_mixin.py:150} INFO - [2023-10-01T13:58:10.917+0000] {dag.py:2742} INFO - Sync 1 DAGs
[2023-10-01T13:58:11.336+0000] {logging_mixin.py:150} INFO - [2023-10-01T13:58:11.327+0000] {dag.py:3504} INFO - Setting next_dagrun for producer to 2023-10-01T00:00:00+00:00, run_after=2023-10-02T00:00:00+00:00
[2023-10-01T13:58:11.686+0000] {processor.py:179} INFO - Processing /opt/airflow/dags/producer.py took 1.478 seconds
[2023-10-01T13:58:44.227+0000] {processor.py:157} INFO - Started process (PID=11197) to work on /opt/airflow/dags/producer.py
[2023-10-01T13:58:44.247+0000] {processor.py:826} INFO - Processing file /opt/airflow/dags/producer.py for tasks to queue
[2023-10-01T13:58:44.257+0000] {logging_mixin.py:150} INFO - [2023-10-01T13:58:44.256+0000] {dagbag.py:541} INFO - Filling up the DagBag from /opt/airflow/dags/producer.py
[2023-10-01T13:58:44.397+0000] {processor.py:836} INFO - DAG(s) dict_keys(['producer']) retrieved from /opt/airflow/dags/producer.py
[2023-10-01T13:58:44.727+0000] {logging_mixin.py:150} INFO - [2023-10-01T13:58:44.727+0000] {dag.py:2742} INFO - Sync 1 DAGs
[2023-10-01T13:58:45.077+0000] {logging_mixin.py:150} INFO - [2023-10-01T13:58:45.077+0000] {dag.py:3504} INFO - Setting next_dagrun for producer to 2023-10-01T00:00:00+00:00, run_after=2023-10-02T00:00:00+00:00
[2023-10-01T13:58:45.477+0000] {processor.py:179} INFO - Processing /opt/airflow/dags/producer.py took 1.290 seconds
[2023-10-01T13:59:16.007+0000] {processor.py:157} INFO - Started process (PID=11215) to work on /opt/airflow/dags/producer.py
[2023-10-01T13:59:16.017+0000] {processor.py:826} INFO - Processing file /opt/airflow/dags/producer.py for tasks to queue
[2023-10-01T13:59:16.027+0000] {logging_mixin.py:150} INFO - [2023-10-01T13:59:16.027+0000] {dagbag.py:541} INFO - Filling up the DagBag from /opt/airflow/dags/producer.py
[2023-10-01T13:59:16.197+0000] {processor.py:836} INFO - DAG(s) dict_keys(['producer']) retrieved from /opt/airflow/dags/producer.py
[2023-10-01T13:59:16.767+0000] {logging_mixin.py:150} INFO - [2023-10-01T13:59:16.747+0000] {dag.py:2742} INFO - Sync 1 DAGs
[2023-10-01T13:59:17.428+0000] {logging_mixin.py:150} INFO - [2023-10-01T13:59:17.427+0000] {dag.py:3504} INFO - Setting next_dagrun for producer to 2023-10-01T00:00:00+00:00, run_after=2023-10-02T00:00:00+00:00
[2023-10-01T13:59:18.057+0000] {processor.py:179} INFO - Processing /opt/airflow/dags/producer.py took 2.101 seconds
[2023-10-01T13:59:49.007+0000] {processor.py:157} INFO - Started process (PID=11243) to work on /opt/airflow/dags/producer.py
[2023-10-01T13:59:49.027+0000] {processor.py:826} INFO - Processing file /opt/airflow/dags/producer.py for tasks to queue
[2023-10-01T13:59:49.046+0000] {logging_mixin.py:150} INFO - [2023-10-01T13:59:49.037+0000] {dagbag.py:541} INFO - Filling up the DagBag from /opt/airflow/dags/producer.py
[2023-10-01T13:59:49.257+0000] {processor.py:836} INFO - DAG(s) dict_keys(['producer']) retrieved from /opt/airflow/dags/producer.py
[2023-10-01T13:59:49.806+0000] {logging_mixin.py:150} INFO - [2023-10-01T13:59:49.787+0000] {dag.py:2742} INFO - Sync 1 DAGs
[2023-10-01T13:59:50.347+0000] {logging_mixin.py:150} INFO - [2023-10-01T13:59:50.347+0000] {dag.py:3504} INFO - Setting next_dagrun for producer to 2023-10-01T00:00:00+00:00, run_after=2023-10-02T00:00:00+00:00
[2023-10-01T13:59:50.846+0000] {processor.py:179} INFO - Processing /opt/airflow/dags/producer.py took 1.920 seconds
[2023-10-01T14:00:21.497+0000] {processor.py:157} INFO - Started process (PID=11271) to work on /opt/airflow/dags/producer.py
[2023-10-01T14:00:21.517+0000] {processor.py:826} INFO - Processing file /opt/airflow/dags/producer.py for tasks to queue
[2023-10-01T14:00:21.537+0000] {logging_mixin.py:150} INFO - [2023-10-01T14:00:21.527+0000] {dagbag.py:541} INFO - Filling up the DagBag from /opt/airflow/dags/producer.py
[2023-10-01T14:00:21.676+0000] {processor.py:836} INFO - DAG(s) dict_keys(['producer']) retrieved from /opt/airflow/dags/producer.py
[2023-10-01T14:00:22.076+0000] {logging_mixin.py:150} INFO - [2023-10-01T14:00:22.076+0000] {dag.py:2742} INFO - Sync 1 DAGs
[2023-10-01T14:00:22.437+0000] {logging_mixin.py:150} INFO - [2023-10-01T14:00:22.436+0000] {dag.py:3504} INFO - Setting next_dagrun for producer to 2023-10-01T00:00:00+00:00, run_after=2023-10-02T00:00:00+00:00
[2023-10-01T14:00:22.856+0000] {processor.py:179} INFO - Processing /opt/airflow/dags/producer.py took 1.391 seconds
[2023-10-01T14:00:53.396+0000] {processor.py:157} INFO - Started process (PID=11299) to work on /opt/airflow/dags/producer.py
[2023-10-01T14:00:53.417+0000] {processor.py:826} INFO - Processing file /opt/airflow/dags/producer.py for tasks to queue
[2023-10-01T14:00:53.437+0000] {logging_mixin.py:150} INFO - [2023-10-01T14:00:53.436+0000] {dagbag.py:541} INFO - Filling up the DagBag from /opt/airflow/dags/producer.py
[2023-10-01T14:00:53.657+0000] {processor.py:836} INFO - DAG(s) dict_keys(['producer']) retrieved from /opt/airflow/dags/producer.py
[2023-10-01T14:00:54.336+0000] {logging_mixin.py:150} INFO - [2023-10-01T14:00:54.327+0000] {dag.py:2742} INFO - Sync 1 DAGs
[2023-10-01T14:00:55.087+0000] {logging_mixin.py:150} INFO - [2023-10-01T14:00:55.086+0000] {dag.py:3504} INFO - Setting next_dagrun for producer to 2023-10-01T00:00:00+00:00, run_after=2023-10-02T00:00:00+00:00
[2023-10-01T14:00:55.917+0000] {processor.py:179} INFO - Processing /opt/airflow/dags/producer.py took 2.601 seconds
[2023-10-01T14:01:32.907+0000] {processor.py:157} INFO - Started process (PID=11327) to work on /opt/airflow/dags/producer.py
[2023-10-01T14:01:32.937+0000] {processor.py:826} INFO - Processing file /opt/airflow/dags/producer.py for tasks to queue
[2023-10-01T14:01:32.957+0000] {logging_mixin.py:150} INFO - [2023-10-01T14:01:32.956+0000] {dagbag.py:541} INFO - Filling up the DagBag from /opt/airflow/dags/producer.py
[2023-10-01T14:01:33.286+0000] {processor.py:836} INFO - DAG(s) dict_keys(['producer']) retrieved from /opt/airflow/dags/producer.py
[2023-10-01T14:01:34.337+0000] {logging_mixin.py:150} INFO - [2023-10-01T14:01:34.327+0000] {dag.py:2742} INFO - Sync 1 DAGs
[2023-10-01T14:01:35.557+0000] {logging_mixin.py:150} INFO - [2023-10-01T14:01:35.547+0000] {dag.py:3504} INFO - Setting next_dagrun for producer to 2023-10-01T00:00:00+00:00, run_after=2023-10-02T00:00:00+00:00
[2023-10-01T14:01:36.677+0000] {processor.py:179} INFO - Processing /opt/airflow/dags/producer.py took 3.880 seconds
[2023-10-01T14:02:07.506+0000] {processor.py:157} INFO - Started process (PID=11345) to work on /opt/airflow/dags/producer.py
[2023-10-01T14:02:07.547+0000] {processor.py:826} INFO - Processing file /opt/airflow/dags/producer.py for tasks to queue
[2023-10-01T14:02:07.567+0000] {logging_mixin.py:150} INFO - [2023-10-01T14:02:07.566+0000] {dagbag.py:541} INFO - Filling up the DagBag from /opt/airflow/dags/producer.py
[2023-10-01T14:02:08.097+0000] {processor.py:836} INFO - DAG(s) dict_keys(['producer']) retrieved from /opt/airflow/dags/producer.py
[2023-10-01T14:02:09.627+0000] {logging_mixin.py:150} INFO - [2023-10-01T14:02:09.626+0000] {dag.py:2742} INFO - Sync 1 DAGs
[2023-10-01T14:02:10.936+0000] {logging_mixin.py:150} INFO - [2023-10-01T14:02:10.927+0000] {dag.py:3504} INFO - Setting next_dagrun for producer to 2023-10-01T00:00:00+00:00, run_after=2023-10-02T00:00:00+00:00
[2023-10-01T14:02:12.587+0000] {processor.py:179} INFO - Processing /opt/airflow/dags/producer.py took 5.310 seconds
[2023-10-01T14:02:47.606+0000] {processor.py:157} INFO - Started process (PID=11373) to work on /opt/airflow/dags/producer.py
[2023-10-01T14:02:47.646+0000] {processor.py:826} INFO - Processing file /opt/airflow/dags/producer.py for tasks to queue
[2023-10-01T14:02:47.696+0000] {logging_mixin.py:150} INFO - [2023-10-01T14:02:47.667+0000] {dagbag.py:541} INFO - Filling up the DagBag from /opt/airflow/dags/producer.py
[2023-10-01T14:02:48.746+0000] {processor.py:836} INFO - DAG(s) dict_keys(['producer']) retrieved from /opt/airflow/dags/producer.py
[2023-10-01T14:02:50.927+0000] {logging_mixin.py:150} INFO - [2023-10-01T14:02:50.917+0000] {dag.py:2742} INFO - Sync 1 DAGs
[2023-10-01T14:02:52.517+0000] {logging_mixin.py:150} INFO - [2023-10-01T14:02:52.516+0000] {dag.py:3504} INFO - Setting next_dagrun for producer to 2023-10-01T00:00:00+00:00, run_after=2023-10-02T00:00:00+00:00
[2023-10-01T14:02:54.377+0000] {processor.py:179} INFO - Processing /opt/airflow/dags/producer.py took 6.950 seconds
[2023-10-01T14:04:21.836+0000] {processor.py:157} INFO - Started process (PID=11419) to work on /opt/airflow/dags/producer.py
[2023-10-01T14:04:21.956+0000] {processor.py:826} INFO - Processing file /opt/airflow/dags/producer.py for tasks to queue
[2023-10-01T14:04:22.097+0000] {logging_mixin.py:150} INFO - [2023-10-01T14:04:22.086+0000] {dagbag.py:541} INFO - Filling up the DagBag from /opt/airflow/dags/producer.py
[2023-10-01T14:04:23.706+0000] {processor.py:836} INFO - DAG(s) dict_keys(['producer']) retrieved from /opt/airflow/dags/producer.py
[2023-10-01T14:04:27.826+0000] {logging_mixin.py:150} INFO - [2023-10-01T14:04:27.796+0000] {dag.py:2742} INFO - Sync 1 DAGs
[2023-10-01T14:04:34.416+0000] {logging_mixin.py:150} INFO - [2023-10-01T14:04:34.396+0000] {dag.py:3504} INFO - Setting next_dagrun for producer to 2023-10-01T00:00:00+00:00, run_after=2023-10-02T00:00:00+00:00
[2023-10-01T14:04:40.166+0000] {processor.py:179} INFO - Processing /opt/airflow/dags/producer.py took 18.940 seconds
