[2023-10-01T13:21:46.961+0000] {processor.py:157} INFO - Started process (PID=9220) to work on /opt/airflow/dags/user_processing.py
[2023-10-01T13:21:47.002+0000] {processor.py:826} INFO - Processing file /opt/airflow/dags/user_processing.py for tasks to queue
[2023-10-01T13:21:47.003+0000] {logging_mixin.py:150} INFO - [2023-10-01T13:21:47.003+0000] {dagbag.py:541} INFO - Filling up the DagBag from /opt/airflow/dags/user_processing.py
[2023-10-01T13:21:51.780+0000] {processor.py:836} INFO - DAG(s) dict_keys(['user_processing']) retrieved from /opt/airflow/dags/user_processing.py
[2023-10-01T13:21:53.212+0000] {logging_mixin.py:150} INFO - [2023-10-01T13:21:53.211+0000] {dag.py:2742} INFO - Sync 1 DAGs
[2023-10-01T13:21:53.339+0000] {logging_mixin.py:150} INFO - [2023-10-01T13:21:53.338+0000] {dag.py:3504} INFO - Setting next_dagrun for user_processing to 2023-09-30T00:00:00+00:00, run_after=2023-10-01T00:00:00+00:00
[2023-10-01T13:21:53.737+0000] {processor.py:179} INFO - Processing /opt/airflow/dags/user_processing.py took 6.797 seconds
[2023-10-01T13:22:23.876+0000] {processor.py:157} INFO - Started process (PID=9269) to work on /opt/airflow/dags/user_processing.py
[2023-10-01T13:22:23.878+0000] {processor.py:826} INFO - Processing file /opt/airflow/dags/user_processing.py for tasks to queue
[2023-10-01T13:22:23.879+0000] {logging_mixin.py:150} INFO - [2023-10-01T13:22:23.878+0000] {dagbag.py:541} INFO - Filling up the DagBag from /opt/airflow/dags/user_processing.py
[2023-10-01T13:22:24.278+0000] {processor.py:836} INFO - DAG(s) dict_keys(['user_processing']) retrieved from /opt/airflow/dags/user_processing.py
[2023-10-01T13:22:24.303+0000] {logging_mixin.py:150} INFO - [2023-10-01T13:22:24.302+0000] {dag.py:2742} INFO - Sync 1 DAGs
[2023-10-01T13:22:24.327+0000] {logging_mixin.py:150} INFO - [2023-10-01T13:22:24.326+0000] {dag.py:3504} INFO - Setting next_dagrun for user_processing to 2023-10-01T00:00:00+00:00, run_after=2023-10-02T00:00:00+00:00
[2023-10-01T13:22:24.347+0000] {processor.py:179} INFO - Processing /opt/airflow/dags/user_processing.py took 0.474 seconds
[2023-10-01T13:22:54.982+0000] {processor.py:157} INFO - Started process (PID=9303) to work on /opt/airflow/dags/user_processing.py
[2023-10-01T13:22:54.983+0000] {processor.py:826} INFO - Processing file /opt/airflow/dags/user_processing.py for tasks to queue
[2023-10-01T13:22:54.983+0000] {logging_mixin.py:150} INFO - [2023-10-01T13:22:54.983+0000] {dagbag.py:541} INFO - Filling up the DagBag from /opt/airflow/dags/user_processing.py
[2023-10-01T13:22:55.430+0000] {processor.py:836} INFO - DAG(s) dict_keys(['user_processing']) retrieved from /opt/airflow/dags/user_processing.py
[2023-10-01T13:22:55.454+0000] {logging_mixin.py:150} INFO - [2023-10-01T13:22:55.454+0000] {dag.py:2742} INFO - Sync 1 DAGs
[2023-10-01T13:22:55.477+0000] {logging_mixin.py:150} INFO - [2023-10-01T13:22:55.477+0000] {dag.py:3504} INFO - Setting next_dagrun for user_processing to 2023-10-01T00:00:00+00:00, run_after=2023-10-02T00:00:00+00:00
[2023-10-01T13:22:55.495+0000] {processor.py:179} INFO - Processing /opt/airflow/dags/user_processing.py took 0.516 seconds
[2023-10-01T13:23:26.315+0000] {processor.py:157} INFO - Started process (PID=9337) to work on /opt/airflow/dags/user_processing.py
[2023-10-01T13:23:26.316+0000] {processor.py:826} INFO - Processing file /opt/airflow/dags/user_processing.py for tasks to queue
[2023-10-01T13:23:26.317+0000] {logging_mixin.py:150} INFO - [2023-10-01T13:23:26.317+0000] {dagbag.py:541} INFO - Filling up the DagBag from /opt/airflow/dags/user_processing.py
[2023-10-01T13:23:26.671+0000] {processor.py:836} INFO - DAG(s) dict_keys(['user_processing']) retrieved from /opt/airflow/dags/user_processing.py
[2023-10-01T13:23:26.697+0000] {logging_mixin.py:150} INFO - [2023-10-01T13:23:26.696+0000] {dag.py:2742} INFO - Sync 1 DAGs
[2023-10-01T13:23:26.719+0000] {logging_mixin.py:150} INFO - [2023-10-01T13:23:26.719+0000] {dag.py:3504} INFO - Setting next_dagrun for user_processing to 2023-10-01T00:00:00+00:00, run_after=2023-10-02T00:00:00+00:00
[2023-10-01T13:23:26.739+0000] {processor.py:179} INFO - Processing /opt/airflow/dags/user_processing.py took 0.427 seconds
[2023-10-01T13:23:57.598+0000] {processor.py:157} INFO - Started process (PID=9366) to work on /opt/airflow/dags/user_processing.py
[2023-10-01T13:23:57.599+0000] {processor.py:826} INFO - Processing file /opt/airflow/dags/user_processing.py for tasks to queue
[2023-10-01T13:23:57.600+0000] {logging_mixin.py:150} INFO - [2023-10-01T13:23:57.600+0000] {dagbag.py:541} INFO - Filling up the DagBag from /opt/airflow/dags/user_processing.py
[2023-10-01T13:23:58.080+0000] {processor.py:836} INFO - DAG(s) dict_keys(['user_processing']) retrieved from /opt/airflow/dags/user_processing.py
[2023-10-01T13:23:58.106+0000] {logging_mixin.py:150} INFO - [2023-10-01T13:23:58.105+0000] {dag.py:2742} INFO - Sync 1 DAGs
[2023-10-01T13:23:58.129+0000] {logging_mixin.py:150} INFO - [2023-10-01T13:23:58.129+0000] {dag.py:3504} INFO - Setting next_dagrun for user_processing to 2023-10-01T00:00:00+00:00, run_after=2023-10-02T00:00:00+00:00
[2023-10-01T13:23:58.150+0000] {processor.py:179} INFO - Processing /opt/airflow/dags/user_processing.py took 0.556 seconds
[2023-10-01T13:24:28.834+0000] {processor.py:157} INFO - Started process (PID=9393) to work on /opt/airflow/dags/user_processing.py
[2023-10-01T13:24:28.838+0000] {processor.py:826} INFO - Processing file /opt/airflow/dags/user_processing.py for tasks to queue
[2023-10-01T13:24:28.839+0000] {logging_mixin.py:150} INFO - [2023-10-01T13:24:28.839+0000] {dagbag.py:541} INFO - Filling up the DagBag from /opt/airflow/dags/user_processing.py
[2023-10-01T13:24:29.264+0000] {processor.py:836} INFO - DAG(s) dict_keys(['user_processing']) retrieved from /opt/airflow/dags/user_processing.py
[2023-10-01T13:24:29.291+0000] {logging_mixin.py:150} INFO - [2023-10-01T13:24:29.290+0000] {dag.py:2742} INFO - Sync 1 DAGs
[2023-10-01T13:24:29.315+0000] {logging_mixin.py:150} INFO - [2023-10-01T13:24:29.315+0000] {dag.py:3504} INFO - Setting next_dagrun for user_processing to 2023-10-01T00:00:00+00:00, run_after=2023-10-02T00:00:00+00:00
[2023-10-01T13:24:29.340+0000] {processor.py:179} INFO - Processing /opt/airflow/dags/user_processing.py took 0.508 seconds
[2023-10-01T13:25:00.039+0000] {processor.py:157} INFO - Started process (PID=9420) to work on /opt/airflow/dags/user_processing.py
[2023-10-01T13:25:00.039+0000] {processor.py:826} INFO - Processing file /opt/airflow/dags/user_processing.py for tasks to queue
[2023-10-01T13:25:00.040+0000] {logging_mixin.py:150} INFO - [2023-10-01T13:25:00.040+0000] {dagbag.py:541} INFO - Filling up the DagBag from /opt/airflow/dags/user_processing.py
[2023-10-01T13:25:00.598+0000] {processor.py:836} INFO - DAG(s) dict_keys(['user_processing']) retrieved from /opt/airflow/dags/user_processing.py
[2023-10-01T13:25:00.623+0000] {logging_mixin.py:150} INFO - [2023-10-01T13:25:00.623+0000] {dag.py:2742} INFO - Sync 1 DAGs
[2023-10-01T13:25:00.649+0000] {logging_mixin.py:150} INFO - [2023-10-01T13:25:00.649+0000] {dag.py:3504} INFO - Setting next_dagrun for user_processing to 2023-10-01T00:00:00+00:00, run_after=2023-10-02T00:00:00+00:00
[2023-10-01T13:25:00.672+0000] {processor.py:179} INFO - Processing /opt/airflow/dags/user_processing.py took 0.637 seconds
[2023-10-01T13:25:31.270+0000] {processor.py:157} INFO - Started process (PID=9447) to work on /opt/airflow/dags/user_processing.py
[2023-10-01T13:25:31.272+0000] {processor.py:826} INFO - Processing file /opt/airflow/dags/user_processing.py for tasks to queue
[2023-10-01T13:25:31.273+0000] {logging_mixin.py:150} INFO - [2023-10-01T13:25:31.272+0000] {dagbag.py:541} INFO - Filling up the DagBag from /opt/airflow/dags/user_processing.py
[2023-10-01T13:25:31.773+0000] {processor.py:836} INFO - DAG(s) dict_keys(['user_processing']) retrieved from /opt/airflow/dags/user_processing.py
[2023-10-01T13:25:31.800+0000] {logging_mixin.py:150} INFO - [2023-10-01T13:25:31.799+0000] {dag.py:2742} INFO - Sync 1 DAGs
[2023-10-01T13:25:31.822+0000] {logging_mixin.py:150} INFO - [2023-10-01T13:25:31.822+0000] {dag.py:3504} INFO - Setting next_dagrun for user_processing to 2023-10-01T00:00:00+00:00, run_after=2023-10-02T00:00:00+00:00
[2023-10-01T13:25:31.844+0000] {processor.py:179} INFO - Processing /opt/airflow/dags/user_processing.py took 0.577 seconds
[2023-10-01T13:26:02.461+0000] {processor.py:157} INFO - Started process (PID=9473) to work on /opt/airflow/dags/user_processing.py
[2023-10-01T13:26:02.462+0000] {processor.py:826} INFO - Processing file /opt/airflow/dags/user_processing.py for tasks to queue
[2023-10-01T13:26:02.464+0000] {logging_mixin.py:150} INFO - [2023-10-01T13:26:02.463+0000] {dagbag.py:541} INFO - Filling up the DagBag from /opt/airflow/dags/user_processing.py
[2023-10-01T13:26:02.924+0000] {processor.py:836} INFO - DAG(s) dict_keys(['user_processing']) retrieved from /opt/airflow/dags/user_processing.py
[2023-10-01T13:26:02.953+0000] {logging_mixin.py:150} INFO - [2023-10-01T13:26:02.953+0000] {dag.py:2742} INFO - Sync 1 DAGs
[2023-10-01T13:26:02.986+0000] {logging_mixin.py:150} INFO - [2023-10-01T13:26:02.985+0000] {dag.py:3504} INFO - Setting next_dagrun for user_processing to 2023-10-01T00:00:00+00:00, run_after=2023-10-02T00:00:00+00:00
[2023-10-01T13:26:03.015+0000] {processor.py:179} INFO - Processing /opt/airflow/dags/user_processing.py took 0.561 seconds
[2023-10-01T13:26:33.646+0000] {processor.py:157} INFO - Started process (PID=9500) to work on /opt/airflow/dags/user_processing.py
[2023-10-01T13:26:33.650+0000] {processor.py:826} INFO - Processing file /opt/airflow/dags/user_processing.py for tasks to queue
[2023-10-01T13:26:33.651+0000] {logging_mixin.py:150} INFO - [2023-10-01T13:26:33.651+0000] {dagbag.py:541} INFO - Filling up the DagBag from /opt/airflow/dags/user_processing.py
[2023-10-01T13:26:34.223+0000] {processor.py:836} INFO - DAG(s) dict_keys(['user_processing']) retrieved from /opt/airflow/dags/user_processing.py
[2023-10-01T13:26:34.262+0000] {logging_mixin.py:150} INFO - [2023-10-01T13:26:34.262+0000] {dag.py:2742} INFO - Sync 1 DAGs
[2023-10-01T13:26:34.294+0000] {logging_mixin.py:150} INFO - [2023-10-01T13:26:34.294+0000] {dag.py:3504} INFO - Setting next_dagrun for user_processing to 2023-10-01T00:00:00+00:00, run_after=2023-10-02T00:00:00+00:00
[2023-10-01T13:26:34.324+0000] {processor.py:179} INFO - Processing /opt/airflow/dags/user_processing.py took 0.683 seconds
[2023-10-01T13:27:04.968+0000] {processor.py:157} INFO - Started process (PID=9526) to work on /opt/airflow/dags/user_processing.py
[2023-10-01T13:27:04.969+0000] {processor.py:826} INFO - Processing file /opt/airflow/dags/user_processing.py for tasks to queue
[2023-10-01T13:27:04.970+0000] {logging_mixin.py:150} INFO - [2023-10-01T13:27:04.970+0000] {dagbag.py:541} INFO - Filling up the DagBag from /opt/airflow/dags/user_processing.py
[2023-10-01T13:27:05.502+0000] {processor.py:836} INFO - DAG(s) dict_keys(['user_processing']) retrieved from /opt/airflow/dags/user_processing.py
[2023-10-01T13:27:05.530+0000] {logging_mixin.py:150} INFO - [2023-10-01T13:27:05.530+0000] {dag.py:2742} INFO - Sync 1 DAGs
[2023-10-01T13:27:05.564+0000] {logging_mixin.py:150} INFO - [2023-10-01T13:27:05.564+0000] {dag.py:3504} INFO - Setting next_dagrun for user_processing to 2023-10-01T00:00:00+00:00, run_after=2023-10-02T00:00:00+00:00
[2023-10-01T13:27:05.598+0000] {processor.py:179} INFO - Processing /opt/airflow/dags/user_processing.py took 0.635 seconds
[2023-10-01T13:27:36.289+0000] {processor.py:157} INFO - Started process (PID=9553) to work on /opt/airflow/dags/user_processing.py
[2023-10-01T13:27:36.294+0000] {processor.py:826} INFO - Processing file /opt/airflow/dags/user_processing.py for tasks to queue
[2023-10-01T13:27:36.294+0000] {logging_mixin.py:150} INFO - [2023-10-01T13:27:36.294+0000] {dagbag.py:541} INFO - Filling up the DagBag from /opt/airflow/dags/user_processing.py
[2023-10-01T13:27:36.761+0000] {processor.py:836} INFO - DAG(s) dict_keys(['user_processing']) retrieved from /opt/airflow/dags/user_processing.py
[2023-10-01T13:27:36.798+0000] {logging_mixin.py:150} INFO - [2023-10-01T13:27:36.798+0000] {dag.py:2742} INFO - Sync 1 DAGs
[2023-10-01T13:27:36.827+0000] {logging_mixin.py:150} INFO - [2023-10-01T13:27:36.827+0000] {dag.py:3504} INFO - Setting next_dagrun for user_processing to 2023-10-01T00:00:00+00:00, run_after=2023-10-02T00:00:00+00:00
[2023-10-01T13:27:36.850+0000] {processor.py:179} INFO - Processing /opt/airflow/dags/user_processing.py took 0.566 seconds
[2023-10-01T13:28:07.462+0000] {processor.py:157} INFO - Started process (PID=9580) to work on /opt/airflow/dags/user_processing.py
[2023-10-01T13:28:07.467+0000] {processor.py:826} INFO - Processing file /opt/airflow/dags/user_processing.py for tasks to queue
[2023-10-01T13:28:07.467+0000] {logging_mixin.py:150} INFO - [2023-10-01T13:28:07.467+0000] {dagbag.py:541} INFO - Filling up the DagBag from /opt/airflow/dags/user_processing.py
[2023-10-01T13:28:07.861+0000] {processor.py:836} INFO - DAG(s) dict_keys(['user_processing']) retrieved from /opt/airflow/dags/user_processing.py
[2023-10-01T13:28:07.889+0000] {logging_mixin.py:150} INFO - [2023-10-01T13:28:07.888+0000] {dag.py:2742} INFO - Sync 1 DAGs
[2023-10-01T13:28:07.912+0000] {logging_mixin.py:150} INFO - [2023-10-01T13:28:07.912+0000] {dag.py:3504} INFO - Setting next_dagrun for user_processing to 2023-10-01T00:00:00+00:00, run_after=2023-10-02T00:00:00+00:00
[2023-10-01T13:28:07.936+0000] {processor.py:179} INFO - Processing /opt/airflow/dags/user_processing.py took 0.477 seconds
[2023-10-01T13:28:38.052+0000] {processor.py:157} INFO - Started process (PID=9608) to work on /opt/airflow/dags/user_processing.py
[2023-10-01T13:28:38.052+0000] {processor.py:826} INFO - Processing file /opt/airflow/dags/user_processing.py for tasks to queue
[2023-10-01T13:28:38.053+0000] {logging_mixin.py:150} INFO - [2023-10-01T13:28:38.053+0000] {dagbag.py:541} INFO - Filling up the DagBag from /opt/airflow/dags/user_processing.py
[2023-10-01T13:28:38.453+0000] {processor.py:836} INFO - DAG(s) dict_keys(['user_processing']) retrieved from /opt/airflow/dags/user_processing.py
[2023-10-01T13:28:38.481+0000] {logging_mixin.py:150} INFO - [2023-10-01T13:28:38.480+0000] {dag.py:2742} INFO - Sync 1 DAGs
[2023-10-01T13:28:38.503+0000] {logging_mixin.py:150} INFO - [2023-10-01T13:28:38.503+0000] {dag.py:3504} INFO - Setting next_dagrun for user_processing to 2023-10-01T00:00:00+00:00, run_after=2023-10-02T00:00:00+00:00
[2023-10-01T13:28:38.524+0000] {processor.py:179} INFO - Processing /opt/airflow/dags/user_processing.py took 0.476 seconds
[2023-10-01T13:29:08.658+0000] {processor.py:157} INFO - Started process (PID=9635) to work on /opt/airflow/dags/user_processing.py
[2023-10-01T13:29:08.663+0000] {processor.py:826} INFO - Processing file /opt/airflow/dags/user_processing.py for tasks to queue
[2023-10-01T13:29:08.663+0000] {logging_mixin.py:150} INFO - [2023-10-01T13:29:08.663+0000] {dagbag.py:541} INFO - Filling up the DagBag from /opt/airflow/dags/user_processing.py
[2023-10-01T13:29:09.064+0000] {processor.py:836} INFO - DAG(s) dict_keys(['user_processing']) retrieved from /opt/airflow/dags/user_processing.py
[2023-10-01T13:29:09.091+0000] {logging_mixin.py:150} INFO - [2023-10-01T13:29:09.090+0000] {dag.py:2742} INFO - Sync 1 DAGs
[2023-10-01T13:29:09.120+0000] {logging_mixin.py:150} INFO - [2023-10-01T13:29:09.120+0000] {dag.py:3504} INFO - Setting next_dagrun for user_processing to 2023-10-01T00:00:00+00:00, run_after=2023-10-02T00:00:00+00:00
[2023-10-01T13:29:09.144+0000] {processor.py:179} INFO - Processing /opt/airflow/dags/user_processing.py took 0.490 seconds
[2023-10-01T13:29:39.196+0000] {processor.py:157} INFO - Started process (PID=9662) to work on /opt/airflow/dags/user_processing.py
[2023-10-01T13:29:39.197+0000] {processor.py:826} INFO - Processing file /opt/airflow/dags/user_processing.py for tasks to queue
[2023-10-01T13:29:39.197+0000] {logging_mixin.py:150} INFO - [2023-10-01T13:29:39.197+0000] {dagbag.py:541} INFO - Filling up the DagBag from /opt/airflow/dags/user_processing.py
[2023-10-01T13:29:39.600+0000] {processor.py:836} INFO - DAG(s) dict_keys(['user_processing']) retrieved from /opt/airflow/dags/user_processing.py
[2023-10-01T13:29:39.628+0000] {logging_mixin.py:150} INFO - [2023-10-01T13:29:39.627+0000] {dag.py:2742} INFO - Sync 1 DAGs
[2023-10-01T13:29:39.656+0000] {logging_mixin.py:150} INFO - [2023-10-01T13:29:39.656+0000] {dag.py:3504} INFO - Setting next_dagrun for user_processing to 2023-10-01T00:00:00+00:00, run_after=2023-10-02T00:00:00+00:00
[2023-10-01T13:29:39.679+0000] {processor.py:179} INFO - Processing /opt/airflow/dags/user_processing.py took 0.487 seconds
[2023-10-01T13:30:09.819+0000] {processor.py:157} INFO - Started process (PID=9690) to work on /opt/airflow/dags/user_processing.py
[2023-10-01T13:30:09.820+0000] {processor.py:826} INFO - Processing file /opt/airflow/dags/user_processing.py for tasks to queue
[2023-10-01T13:30:09.820+0000] {logging_mixin.py:150} INFO - [2023-10-01T13:30:09.820+0000] {dagbag.py:541} INFO - Filling up the DagBag from /opt/airflow/dags/user_processing.py
[2023-10-01T13:30:10.248+0000] {processor.py:836} INFO - DAG(s) dict_keys(['user_processing']) retrieved from /opt/airflow/dags/user_processing.py
[2023-10-01T13:30:10.273+0000] {logging_mixin.py:150} INFO - [2023-10-01T13:30:10.272+0000] {dag.py:2742} INFO - Sync 1 DAGs
[2023-10-01T13:30:10.300+0000] {logging_mixin.py:150} INFO - [2023-10-01T13:30:10.300+0000] {dag.py:3504} INFO - Setting next_dagrun for user_processing to 2023-10-01T00:00:00+00:00, run_after=2023-10-02T00:00:00+00:00
[2023-10-01T13:30:10.324+0000] {processor.py:179} INFO - Processing /opt/airflow/dags/user_processing.py took 0.510 seconds
[2023-10-01T13:30:41.099+0000] {processor.py:157} INFO - Started process (PID=9717) to work on /opt/airflow/dags/user_processing.py
[2023-10-01T13:30:41.103+0000] {processor.py:826} INFO - Processing file /opt/airflow/dags/user_processing.py for tasks to queue
[2023-10-01T13:30:41.107+0000] {logging_mixin.py:150} INFO - [2023-10-01T13:30:41.106+0000] {dagbag.py:541} INFO - Filling up the DagBag from /opt/airflow/dags/user_processing.py
[2023-10-01T13:30:41.613+0000] {processor.py:836} INFO - DAG(s) dict_keys(['user_processing']) retrieved from /opt/airflow/dags/user_processing.py
[2023-10-01T13:30:41.651+0000] {logging_mixin.py:150} INFO - [2023-10-01T13:30:41.650+0000] {dag.py:2742} INFO - Sync 1 DAGs
[2023-10-01T13:30:41.681+0000] {logging_mixin.py:150} INFO - [2023-10-01T13:30:41.681+0000] {dag.py:3504} INFO - Setting next_dagrun for user_processing to 2023-10-01T00:00:00+00:00, run_after=2023-10-02T00:00:00+00:00
[2023-10-01T13:30:41.707+0000] {processor.py:179} INFO - Processing /opt/airflow/dags/user_processing.py took 0.614 seconds
[2023-10-01T13:31:12.309+0000] {processor.py:157} INFO - Started process (PID=9744) to work on /opt/airflow/dags/user_processing.py
[2023-10-01T13:31:12.310+0000] {processor.py:826} INFO - Processing file /opt/airflow/dags/user_processing.py for tasks to queue
[2023-10-01T13:31:12.311+0000] {logging_mixin.py:150} INFO - [2023-10-01T13:31:12.311+0000] {dagbag.py:541} INFO - Filling up the DagBag from /opt/airflow/dags/user_processing.py
[2023-10-01T13:31:12.737+0000] {processor.py:836} INFO - DAG(s) dict_keys(['user_processing']) retrieved from /opt/airflow/dags/user_processing.py
[2023-10-01T13:31:12.768+0000] {logging_mixin.py:150} INFO - [2023-10-01T13:31:12.767+0000] {dag.py:2742} INFO - Sync 1 DAGs
[2023-10-01T13:31:12.792+0000] {logging_mixin.py:150} INFO - [2023-10-01T13:31:12.792+0000] {dag.py:3504} INFO - Setting next_dagrun for user_processing to 2023-10-01T00:00:00+00:00, run_after=2023-10-02T00:00:00+00:00
[2023-10-01T13:31:12.816+0000] {processor.py:179} INFO - Processing /opt/airflow/dags/user_processing.py took 0.512 seconds
[2023-10-01T13:31:42.931+0000] {processor.py:157} INFO - Started process (PID=9772) to work on /opt/airflow/dags/user_processing.py
[2023-10-01T13:31:42.932+0000] {processor.py:826} INFO - Processing file /opt/airflow/dags/user_processing.py for tasks to queue
[2023-10-01T13:31:42.932+0000] {logging_mixin.py:150} INFO - [2023-10-01T13:31:42.932+0000] {dagbag.py:541} INFO - Filling up the DagBag from /opt/airflow/dags/user_processing.py
[2023-10-01T13:31:43.353+0000] {processor.py:836} INFO - DAG(s) dict_keys(['user_processing']) retrieved from /opt/airflow/dags/user_processing.py
[2023-10-01T13:31:43.387+0000] {logging_mixin.py:150} INFO - [2023-10-01T13:31:43.387+0000] {dag.py:2742} INFO - Sync 1 DAGs
[2023-10-01T13:31:43.412+0000] {logging_mixin.py:150} INFO - [2023-10-01T13:31:43.412+0000] {dag.py:3504} INFO - Setting next_dagrun for user_processing to 2023-10-01T00:00:00+00:00, run_after=2023-10-02T00:00:00+00:00
[2023-10-01T13:31:43.441+0000] {processor.py:179} INFO - Processing /opt/airflow/dags/user_processing.py took 0.513 seconds
[2023-10-01T13:32:14.180+0000] {processor.py:157} INFO - Started process (PID=9799) to work on /opt/airflow/dags/user_processing.py
[2023-10-01T13:32:14.181+0000] {processor.py:826} INFO - Processing file /opt/airflow/dags/user_processing.py for tasks to queue
[2023-10-01T13:32:14.182+0000] {logging_mixin.py:150} INFO - [2023-10-01T13:32:14.182+0000] {dagbag.py:541} INFO - Filling up the DagBag from /opt/airflow/dags/user_processing.py
[2023-10-01T13:32:14.609+0000] {processor.py:836} INFO - DAG(s) dict_keys(['user_processing']) retrieved from /opt/airflow/dags/user_processing.py
[2023-10-01T13:32:14.638+0000] {logging_mixin.py:150} INFO - [2023-10-01T13:32:14.638+0000] {dag.py:2742} INFO - Sync 1 DAGs
[2023-10-01T13:32:14.668+0000] {logging_mixin.py:150} INFO - [2023-10-01T13:32:14.667+0000] {dag.py:3504} INFO - Setting next_dagrun for user_processing to 2023-10-01T00:00:00+00:00, run_after=2023-10-02T00:00:00+00:00
[2023-10-01T13:32:14.693+0000] {processor.py:179} INFO - Processing /opt/airflow/dags/user_processing.py took 0.516 seconds
[2023-10-01T13:32:44.741+0000] {processor.py:157} INFO - Started process (PID=9826) to work on /opt/airflow/dags/user_processing.py
[2023-10-01T13:32:44.742+0000] {processor.py:826} INFO - Processing file /opt/airflow/dags/user_processing.py for tasks to queue
[2023-10-01T13:32:44.749+0000] {logging_mixin.py:150} INFO - [2023-10-01T13:32:44.747+0000] {dagbag.py:541} INFO - Filling up the DagBag from /opt/airflow/dags/user_processing.py
[2023-10-01T13:32:46.432+0000] {processor.py:836} INFO - DAG(s) dict_keys(['user_processing']) retrieved from /opt/airflow/dags/user_processing.py
[2023-10-01T13:32:46.480+0000] {logging_mixin.py:150} INFO - [2023-10-01T13:32:46.479+0000] {dag.py:2742} INFO - Sync 1 DAGs
[2023-10-01T13:32:46.537+0000] {logging_mixin.py:150} INFO - [2023-10-01T13:32:46.537+0000] {dag.py:3504} INFO - Setting next_dagrun for user_processing to 2023-10-01T00:00:00+00:00, run_after=2023-10-02T00:00:00+00:00
[2023-10-01T13:32:46.579+0000] {processor.py:179} INFO - Processing /opt/airflow/dags/user_processing.py took 1.842 seconds
[2023-10-01T13:33:17.561+0000] {processor.py:157} INFO - Started process (PID=9853) to work on /opt/airflow/dags/user_processing.py
[2023-10-01T13:33:17.563+0000] {processor.py:826} INFO - Processing file /opt/airflow/dags/user_processing.py for tasks to queue
[2023-10-01T13:33:17.567+0000] {logging_mixin.py:150} INFO - [2023-10-01T13:33:17.566+0000] {dagbag.py:541} INFO - Filling up the DagBag from /opt/airflow/dags/user_processing.py
[2023-10-01T13:33:18.251+0000] {processor.py:836} INFO - DAG(s) dict_keys(['user_processing']) retrieved from /opt/airflow/dags/user_processing.py
[2023-10-01T13:33:18.300+0000] {logging_mixin.py:150} INFO - [2023-10-01T13:33:18.299+0000] {dag.py:2742} INFO - Sync 1 DAGs
[2023-10-01T13:33:18.342+0000] {logging_mixin.py:150} INFO - [2023-10-01T13:33:18.341+0000] {dag.py:3504} INFO - Setting next_dagrun for user_processing to 2023-10-01T00:00:00+00:00, run_after=2023-10-02T00:00:00+00:00
[2023-10-01T13:33:18.378+0000] {processor.py:179} INFO - Processing /opt/airflow/dags/user_processing.py took 0.821 seconds
[2023-10-01T13:33:49.169+0000] {processor.py:157} INFO - Started process (PID=9880) to work on /opt/airflow/dags/user_processing.py
[2023-10-01T13:33:49.170+0000] {processor.py:826} INFO - Processing file /opt/airflow/dags/user_processing.py for tasks to queue
[2023-10-01T13:33:49.171+0000] {logging_mixin.py:150} INFO - [2023-10-01T13:33:49.171+0000] {dagbag.py:541} INFO - Filling up the DagBag from /opt/airflow/dags/user_processing.py
[2023-10-01T13:33:49.737+0000] {processor.py:836} INFO - DAG(s) dict_keys(['user_processing']) retrieved from /opt/airflow/dags/user_processing.py
[2023-10-01T13:33:49.768+0000] {logging_mixin.py:150} INFO - [2023-10-01T13:33:49.768+0000] {dag.py:2742} INFO - Sync 1 DAGs
[2023-10-01T13:33:49.807+0000] {logging_mixin.py:150} INFO - [2023-10-01T13:33:49.807+0000] {dag.py:3504} INFO - Setting next_dagrun for user_processing to 2023-10-01T00:00:00+00:00, run_after=2023-10-02T00:00:00+00:00
[2023-10-01T13:33:49.843+0000] {processor.py:179} INFO - Processing /opt/airflow/dags/user_processing.py took 0.682 seconds
[2023-10-01T13:34:20.642+0000] {processor.py:157} INFO - Started process (PID=9907) to work on /opt/airflow/dags/user_processing.py
[2023-10-01T13:34:20.643+0000] {processor.py:826} INFO - Processing file /opt/airflow/dags/user_processing.py for tasks to queue
[2023-10-01T13:34:20.646+0000] {logging_mixin.py:150} INFO - [2023-10-01T13:34:20.643+0000] {dagbag.py:541} INFO - Filling up the DagBag from /opt/airflow/dags/user_processing.py
[2023-10-01T13:34:21.248+0000] {processor.py:836} INFO - DAG(s) dict_keys(['user_processing']) retrieved from /opt/airflow/dags/user_processing.py
[2023-10-01T13:34:21.281+0000] {logging_mixin.py:150} INFO - [2023-10-01T13:34:21.281+0000] {dag.py:2742} INFO - Sync 1 DAGs
[2023-10-01T13:34:21.311+0000] {logging_mixin.py:150} INFO - [2023-10-01T13:34:21.311+0000] {dag.py:3504} INFO - Setting next_dagrun for user_processing to 2023-10-01T00:00:00+00:00, run_after=2023-10-02T00:00:00+00:00
[2023-10-01T13:34:21.339+0000] {processor.py:179} INFO - Processing /opt/airflow/dags/user_processing.py took 0.701 seconds
[2023-10-01T13:34:52.117+0000] {processor.py:157} INFO - Started process (PID=9942) to work on /opt/airflow/dags/user_processing.py
[2023-10-01T13:34:52.118+0000] {processor.py:826} INFO - Processing file /opt/airflow/dags/user_processing.py for tasks to queue
[2023-10-01T13:34:52.119+0000] {logging_mixin.py:150} INFO - [2023-10-01T13:34:52.118+0000] {dagbag.py:541} INFO - Filling up the DagBag from /opt/airflow/dags/user_processing.py
[2023-10-01T13:34:52.686+0000] {processor.py:836} INFO - DAG(s) dict_keys(['user_processing']) retrieved from /opt/airflow/dags/user_processing.py
[2023-10-01T13:34:52.733+0000] {logging_mixin.py:150} INFO - [2023-10-01T13:34:52.733+0000] {dag.py:2742} INFO - Sync 1 DAGs
[2023-10-01T13:34:52.770+0000] {logging_mixin.py:150} INFO - [2023-10-01T13:34:52.770+0000] {dag.py:3504} INFO - Setting next_dagrun for user_processing to 2023-10-01T00:00:00+00:00, run_after=2023-10-02T00:00:00+00:00
[2023-10-01T13:34:52.813+0000] {processor.py:179} INFO - Processing /opt/airflow/dags/user_processing.py took 0.702 seconds
[2023-10-01T13:35:23.610+0000] {processor.py:157} INFO - Started process (PID=9968) to work on /opt/airflow/dags/user_processing.py
[2023-10-01T13:35:23.610+0000] {processor.py:826} INFO - Processing file /opt/airflow/dags/user_processing.py for tasks to queue
[2023-10-01T13:35:23.611+0000] {logging_mixin.py:150} INFO - [2023-10-01T13:35:23.611+0000] {dagbag.py:541} INFO - Filling up the DagBag from /opt/airflow/dags/user_processing.py
[2023-10-01T13:35:24.102+0000] {processor.py:836} INFO - DAG(s) dict_keys(['user_processing']) retrieved from /opt/airflow/dags/user_processing.py
[2023-10-01T13:35:24.139+0000] {logging_mixin.py:150} INFO - [2023-10-01T13:35:24.138+0000] {dag.py:2742} INFO - Sync 1 DAGs
[2023-10-01T13:35:24.169+0000] {logging_mixin.py:150} INFO - [2023-10-01T13:35:24.169+0000] {dag.py:3504} INFO - Setting next_dagrun for user_processing to 2023-10-01T00:00:00+00:00, run_after=2023-10-02T00:00:00+00:00
[2023-10-01T13:35:24.202+0000] {processor.py:179} INFO - Processing /opt/airflow/dags/user_processing.py took 0.595 seconds
[2023-10-01T13:35:55.033+0000] {processor.py:157} INFO - Started process (PID=9995) to work on /opt/airflow/dags/user_processing.py
[2023-10-01T13:35:55.037+0000] {processor.py:826} INFO - Processing file /opt/airflow/dags/user_processing.py for tasks to queue
[2023-10-01T13:35:55.037+0000] {logging_mixin.py:150} INFO - [2023-10-01T13:35:55.037+0000] {dagbag.py:541} INFO - Filling up the DagBag from /opt/airflow/dags/user_processing.py
[2023-10-01T13:35:55.511+0000] {processor.py:836} INFO - DAG(s) dict_keys(['user_processing']) retrieved from /opt/airflow/dags/user_processing.py
[2023-10-01T13:35:55.548+0000] {logging_mixin.py:150} INFO - [2023-10-01T13:35:55.548+0000] {dag.py:2742} INFO - Sync 1 DAGs
[2023-10-01T13:35:55.580+0000] {logging_mixin.py:150} INFO - [2023-10-01T13:35:55.577+0000] {dag.py:3504} INFO - Setting next_dagrun for user_processing to 2023-10-01T00:00:00+00:00, run_after=2023-10-02T00:00:00+00:00
[2023-10-01T13:35:55.611+0000] {processor.py:179} INFO - Processing /opt/airflow/dags/user_processing.py took 0.581 seconds
[2023-10-01T13:36:26.447+0000] {processor.py:157} INFO - Started process (PID=10022) to work on /opt/airflow/dags/user_processing.py
[2023-10-01T13:36:26.448+0000] {processor.py:826} INFO - Processing file /opt/airflow/dags/user_processing.py for tasks to queue
[2023-10-01T13:36:26.449+0000] {logging_mixin.py:150} INFO - [2023-10-01T13:36:26.449+0000] {dagbag.py:541} INFO - Filling up the DagBag from /opt/airflow/dags/user_processing.py
[2023-10-01T13:36:27.001+0000] {processor.py:836} INFO - DAG(s) dict_keys(['user_processing']) retrieved from /opt/airflow/dags/user_processing.py
[2023-10-01T13:36:27.042+0000] {logging_mixin.py:150} INFO - [2023-10-01T13:36:27.042+0000] {dag.py:2742} INFO - Sync 1 DAGs
[2023-10-01T13:36:27.077+0000] {logging_mixin.py:150} INFO - [2023-10-01T13:36:27.077+0000] {dag.py:3504} INFO - Setting next_dagrun for user_processing to 2023-10-01T00:00:00+00:00, run_after=2023-10-02T00:00:00+00:00
[2023-10-01T13:36:27.108+0000] {processor.py:179} INFO - Processing /opt/airflow/dags/user_processing.py took 0.668 seconds
[2023-10-01T13:36:57.937+0000] {processor.py:157} INFO - Started process (PID=10049) to work on /opt/airflow/dags/user_processing.py
[2023-10-01T13:36:57.938+0000] {processor.py:826} INFO - Processing file /opt/airflow/dags/user_processing.py for tasks to queue
[2023-10-01T13:36:57.939+0000] {logging_mixin.py:150} INFO - [2023-10-01T13:36:57.938+0000] {dagbag.py:541} INFO - Filling up the DagBag from /opt/airflow/dags/user_processing.py
[2023-10-01T13:36:58.522+0000] {processor.py:836} INFO - DAG(s) dict_keys(['user_processing']) retrieved from /opt/airflow/dags/user_processing.py
[2023-10-01T13:36:58.559+0000] {logging_mixin.py:150} INFO - [2023-10-01T13:36:58.558+0000] {dag.py:2742} INFO - Sync 1 DAGs
[2023-10-01T13:36:58.598+0000] {logging_mixin.py:150} INFO - [2023-10-01T13:36:58.598+0000] {dag.py:3504} INFO - Setting next_dagrun for user_processing to 2023-10-01T00:00:00+00:00, run_after=2023-10-02T00:00:00+00:00
[2023-10-01T13:36:58.627+0000] {processor.py:179} INFO - Processing /opt/airflow/dags/user_processing.py took 0.699 seconds
[2023-10-01T13:37:29.507+0000] {processor.py:157} INFO - Started process (PID=10078) to work on /opt/airflow/dags/user_processing.py
[2023-10-01T13:37:29.509+0000] {processor.py:826} INFO - Processing file /opt/airflow/dags/user_processing.py for tasks to queue
[2023-10-01T13:37:29.510+0000] {logging_mixin.py:150} INFO - [2023-10-01T13:37:29.510+0000] {dagbag.py:541} INFO - Filling up the DagBag from /opt/airflow/dags/user_processing.py
[2023-10-01T13:37:30.097+0000] {processor.py:836} INFO - DAG(s) dict_keys(['user_processing']) retrieved from /opt/airflow/dags/user_processing.py
[2023-10-01T13:37:30.141+0000] {logging_mixin.py:150} INFO - [2023-10-01T13:37:30.141+0000] {dag.py:2742} INFO - Sync 1 DAGs
[2023-10-01T13:37:30.196+0000] {logging_mixin.py:150} INFO - [2023-10-01T13:37:30.192+0000] {dag.py:3504} INFO - Setting next_dagrun for user_processing to 2023-10-01T00:00:00+00:00, run_after=2023-10-02T00:00:00+00:00
[2023-10-01T13:37:30.228+0000] {processor.py:179} INFO - Processing /opt/airflow/dags/user_processing.py took 0.730 seconds
[2023-10-01T13:38:01.032+0000] {processor.py:157} INFO - Started process (PID=10106) to work on /opt/airflow/dags/user_processing.py
[2023-10-01T13:38:01.037+0000] {processor.py:826} INFO - Processing file /opt/airflow/dags/user_processing.py for tasks to queue
[2023-10-01T13:38:01.038+0000] {logging_mixin.py:150} INFO - [2023-10-01T13:38:01.038+0000] {dagbag.py:541} INFO - Filling up the DagBag from /opt/airflow/dags/user_processing.py
[2023-10-01T13:38:01.561+0000] {processor.py:836} INFO - DAG(s) dict_keys(['user_processing']) retrieved from /opt/airflow/dags/user_processing.py
[2023-10-01T13:38:01.602+0000] {logging_mixin.py:150} INFO - [2023-10-01T13:38:01.601+0000] {dag.py:2742} INFO - Sync 1 DAGs
[2023-10-01T13:38:01.637+0000] {logging_mixin.py:150} INFO - [2023-10-01T13:38:01.637+0000] {dag.py:3504} INFO - Setting next_dagrun for user_processing to 2023-10-01T00:00:00+00:00, run_after=2023-10-02T00:00:00+00:00
[2023-10-01T13:38:01.670+0000] {processor.py:179} INFO - Processing /opt/airflow/dags/user_processing.py took 0.641 seconds
[2023-10-01T13:38:32.576+0000] {processor.py:157} INFO - Started process (PID=10133) to work on /opt/airflow/dags/user_processing.py
[2023-10-01T13:38:32.577+0000] {processor.py:826} INFO - Processing file /opt/airflow/dags/user_processing.py for tasks to queue
[2023-10-01T13:38:32.578+0000] {logging_mixin.py:150} INFO - [2023-10-01T13:38:32.577+0000] {dagbag.py:541} INFO - Filling up the DagBag from /opt/airflow/dags/user_processing.py
[2023-10-01T13:38:33.128+0000] {processor.py:836} INFO - DAG(s) dict_keys(['user_processing']) retrieved from /opt/airflow/dags/user_processing.py
[2023-10-01T13:38:33.169+0000] {logging_mixin.py:150} INFO - [2023-10-01T13:38:33.169+0000] {dag.py:2742} INFO - Sync 1 DAGs
[2023-10-01T13:38:33.210+0000] {logging_mixin.py:150} INFO - [2023-10-01T13:38:33.210+0000] {dag.py:3504} INFO - Setting next_dagrun for user_processing to 2023-10-01T00:00:00+00:00, run_after=2023-10-02T00:00:00+00:00
[2023-10-01T13:38:33.238+0000] {processor.py:179} INFO - Processing /opt/airflow/dags/user_processing.py took 0.668 seconds
[2023-10-01T13:39:04.001+0000] {processor.py:157} INFO - Started process (PID=10161) to work on /opt/airflow/dags/user_processing.py
[2023-10-01T13:39:04.007+0000] {processor.py:826} INFO - Processing file /opt/airflow/dags/user_processing.py for tasks to queue
[2023-10-01T13:39:04.008+0000] {logging_mixin.py:150} INFO - [2023-10-01T13:39:04.008+0000] {dagbag.py:541} INFO - Filling up the DagBag from /opt/airflow/dags/user_processing.py
[2023-10-01T13:39:04.610+0000] {processor.py:836} INFO - DAG(s) dict_keys(['user_processing']) retrieved from /opt/airflow/dags/user_processing.py
[2023-10-01T13:39:04.657+0000] {logging_mixin.py:150} INFO - [2023-10-01T13:39:04.657+0000] {dag.py:2742} INFO - Sync 1 DAGs
[2023-10-01T13:39:04.690+0000] {logging_mixin.py:150} INFO - [2023-10-01T13:39:04.689+0000] {dag.py:3504} INFO - Setting next_dagrun for user_processing to 2023-10-01T00:00:00+00:00, run_after=2023-10-02T00:00:00+00:00
[2023-10-01T13:39:04.730+0000] {processor.py:179} INFO - Processing /opt/airflow/dags/user_processing.py took 0.732 seconds
[2023-10-01T13:39:35.606+0000] {processor.py:157} INFO - Started process (PID=10188) to work on /opt/airflow/dags/user_processing.py
[2023-10-01T13:39:35.608+0000] {processor.py:826} INFO - Processing file /opt/airflow/dags/user_processing.py for tasks to queue
[2023-10-01T13:39:35.609+0000] {logging_mixin.py:150} INFO - [2023-10-01T13:39:35.609+0000] {dagbag.py:541} INFO - Filling up the DagBag from /opt/airflow/dags/user_processing.py
[2023-10-01T13:39:36.272+0000] {processor.py:836} INFO - DAG(s) dict_keys(['user_processing']) retrieved from /opt/airflow/dags/user_processing.py
[2023-10-01T13:39:36.319+0000] {logging_mixin.py:150} INFO - [2023-10-01T13:39:36.318+0000] {dag.py:2742} INFO - Sync 1 DAGs
[2023-10-01T13:39:36.360+0000] {logging_mixin.py:150} INFO - [2023-10-01T13:39:36.360+0000] {dag.py:3504} INFO - Setting next_dagrun for user_processing to 2023-10-01T00:00:00+00:00, run_after=2023-10-02T00:00:00+00:00
[2023-10-01T13:39:36.397+0000] {processor.py:179} INFO - Processing /opt/airflow/dags/user_processing.py took 0.799 seconds
[2023-10-01T13:40:07.218+0000] {processor.py:157} INFO - Started process (PID=10217) to work on /opt/airflow/dags/user_processing.py
[2023-10-01T13:40:07.220+0000] {processor.py:826} INFO - Processing file /opt/airflow/dags/user_processing.py for tasks to queue
[2023-10-01T13:40:07.221+0000] {logging_mixin.py:150} INFO - [2023-10-01T13:40:07.220+0000] {dagbag.py:541} INFO - Filling up the DagBag from /opt/airflow/dags/user_processing.py
[2023-10-01T13:40:07.917+0000] {processor.py:836} INFO - DAG(s) dict_keys(['user_processing']) retrieved from /opt/airflow/dags/user_processing.py
[2023-10-01T13:40:07.967+0000] {logging_mixin.py:150} INFO - [2023-10-01T13:40:07.962+0000] {dag.py:2742} INFO - Sync 1 DAGs
[2023-10-01T13:40:08.010+0000] {logging_mixin.py:150} INFO - [2023-10-01T13:40:08.010+0000] {dag.py:3504} INFO - Setting next_dagrun for user_processing to 2023-10-01T00:00:00+00:00, run_after=2023-10-02T00:00:00+00:00
[2023-10-01T13:40:08.048+0000] {processor.py:179} INFO - Processing /opt/airflow/dags/user_processing.py took 0.838 seconds
[2023-10-01T13:40:38.098+0000] {processor.py:157} INFO - Started process (PID=10244) to work on /opt/airflow/dags/user_processing.py
[2023-10-01T13:40:38.099+0000] {processor.py:826} INFO - Processing file /opt/airflow/dags/user_processing.py for tasks to queue
[2023-10-01T13:40:38.100+0000] {logging_mixin.py:150} INFO - [2023-10-01T13:40:38.100+0000] {dagbag.py:541} INFO - Filling up the DagBag from /opt/airflow/dags/user_processing.py
[2023-10-01T13:40:38.861+0000] {processor.py:836} INFO - DAG(s) dict_keys(['user_processing']) retrieved from /opt/airflow/dags/user_processing.py
[2023-10-01T13:40:38.908+0000] {logging_mixin.py:150} INFO - [2023-10-01T13:40:38.908+0000] {dag.py:2742} INFO - Sync 1 DAGs
[2023-10-01T13:40:38.951+0000] {logging_mixin.py:150} INFO - [2023-10-01T13:40:38.951+0000] {dag.py:3504} INFO - Setting next_dagrun for user_processing to 2023-10-01T00:00:00+00:00, run_after=2023-10-02T00:00:00+00:00
[2023-10-01T13:40:38.992+0000] {processor.py:179} INFO - Processing /opt/airflow/dags/user_processing.py took 0.910 seconds
[2023-10-01T13:41:09.429+0000] {processor.py:157} INFO - Started process (PID=10273) to work on /opt/airflow/dags/user_processing.py
[2023-10-01T13:41:09.431+0000] {processor.py:826} INFO - Processing file /opt/airflow/dags/user_processing.py for tasks to queue
[2023-10-01T13:41:09.437+0000] {logging_mixin.py:150} INFO - [2023-10-01T13:41:09.436+0000] {dagbag.py:541} INFO - Filling up the DagBag from /opt/airflow/dags/user_processing.py
[2023-10-01T13:41:10.481+0000] {processor.py:836} INFO - DAG(s) dict_keys(['user_processing']) retrieved from /opt/airflow/dags/user_processing.py
[2023-10-01T13:41:10.536+0000] {logging_mixin.py:150} INFO - [2023-10-01T13:41:10.531+0000] {dag.py:2742} INFO - Sync 1 DAGs
[2023-10-01T13:41:10.589+0000] {logging_mixin.py:150} INFO - [2023-10-01T13:41:10.588+0000] {dag.py:3504} INFO - Setting next_dagrun for user_processing to 2023-10-01T00:00:00+00:00, run_after=2023-10-02T00:00:00+00:00
[2023-10-01T13:41:10.638+0000] {processor.py:179} INFO - Processing /opt/airflow/dags/user_processing.py took 1.218 seconds
[2023-10-01T13:41:40.710+0000] {processor.py:157} INFO - Started process (PID=10301) to work on /opt/airflow/dags/user_processing.py
[2023-10-01T13:41:40.711+0000] {processor.py:826} INFO - Processing file /opt/airflow/dags/user_processing.py for tasks to queue
[2023-10-01T13:41:40.716+0000] {logging_mixin.py:150} INFO - [2023-10-01T13:41:40.711+0000] {dagbag.py:541} INFO - Filling up the DagBag from /opt/airflow/dags/user_processing.py
[2023-10-01T13:41:41.750+0000] {processor.py:836} INFO - DAG(s) dict_keys(['user_processing']) retrieved from /opt/airflow/dags/user_processing.py
[2023-10-01T13:41:41.809+0000] {logging_mixin.py:150} INFO - [2023-10-01T13:41:41.808+0000] {dag.py:2742} INFO - Sync 1 DAGs
[2023-10-01T13:41:41.876+0000] {logging_mixin.py:150} INFO - [2023-10-01T13:41:41.871+0000] {dag.py:3504} INFO - Setting next_dagrun for user_processing to 2023-10-01T00:00:00+00:00, run_after=2023-10-02T00:00:00+00:00
[2023-10-01T13:41:41.938+0000] {processor.py:179} INFO - Processing /opt/airflow/dags/user_processing.py took 1.237 seconds
[2023-10-01T13:42:12.026+0000] {processor.py:157} INFO - Started process (PID=10330) to work on /opt/airflow/dags/user_processing.py
[2023-10-01T13:42:12.028+0000] {processor.py:826} INFO - Processing file /opt/airflow/dags/user_processing.py for tasks to queue
[2023-10-01T13:42:12.029+0000] {logging_mixin.py:150} INFO - [2023-10-01T13:42:12.028+0000] {dagbag.py:541} INFO - Filling up the DagBag from /opt/airflow/dags/user_processing.py
[2023-10-01T13:42:12.820+0000] {processor.py:836} INFO - DAG(s) dict_keys(['user_processing']) retrieved from /opt/airflow/dags/user_processing.py
[2023-10-01T13:42:12.888+0000] {logging_mixin.py:150} INFO - [2023-10-01T13:42:12.887+0000] {dag.py:2742} INFO - Sync 1 DAGs
[2023-10-01T13:42:12.940+0000] {logging_mixin.py:150} INFO - [2023-10-01T13:42:12.940+0000] {dag.py:3504} INFO - Setting next_dagrun for user_processing to 2023-10-01T00:00:00+00:00, run_after=2023-10-02T00:00:00+00:00
[2023-10-01T13:42:13.037+0000] {processor.py:179} INFO - Processing /opt/airflow/dags/user_processing.py took 1.018 seconds
[2023-10-01T13:42:43.158+0000] {processor.py:157} INFO - Started process (PID=10359) to work on /opt/airflow/dags/user_processing.py
[2023-10-01T13:42:43.159+0000] {processor.py:826} INFO - Processing file /opt/airflow/dags/user_processing.py for tasks to queue
[2023-10-01T13:42:43.160+0000] {logging_mixin.py:150} INFO - [2023-10-01T13:42:43.160+0000] {dagbag.py:541} INFO - Filling up the DagBag from /opt/airflow/dags/user_processing.py
[2023-10-01T13:42:44.110+0000] {processor.py:836} INFO - DAG(s) dict_keys(['user_processing']) retrieved from /opt/airflow/dags/user_processing.py
[2023-10-01T13:42:44.158+0000] {logging_mixin.py:150} INFO - [2023-10-01T13:42:44.158+0000] {dag.py:2742} INFO - Sync 1 DAGs
[2023-10-01T13:42:44.211+0000] {logging_mixin.py:150} INFO - [2023-10-01T13:42:44.210+0000] {dag.py:3504} INFO - Setting next_dagrun for user_processing to 2023-10-01T00:00:00+00:00, run_after=2023-10-02T00:00:00+00:00
[2023-10-01T13:42:44.251+0000] {processor.py:179} INFO - Processing /opt/airflow/dags/user_processing.py took 1.102 seconds
[2023-10-01T13:43:14.481+0000] {processor.py:157} INFO - Started process (PID=10385) to work on /opt/airflow/dags/user_processing.py
[2023-10-01T13:43:14.487+0000] {processor.py:826} INFO - Processing file /opt/airflow/dags/user_processing.py for tasks to queue
[2023-10-01T13:43:14.488+0000] {logging_mixin.py:150} INFO - [2023-10-01T13:43:14.488+0000] {dagbag.py:541} INFO - Filling up the DagBag from /opt/airflow/dags/user_processing.py
[2023-10-01T13:43:15.670+0000] {processor.py:836} INFO - DAG(s) dict_keys(['user_processing']) retrieved from /opt/airflow/dags/user_processing.py
[2023-10-01T13:43:15.747+0000] {logging_mixin.py:150} INFO - [2023-10-01T13:43:15.741+0000] {dag.py:2742} INFO - Sync 1 DAGs
[2023-10-01T13:43:15.808+0000] {logging_mixin.py:150} INFO - [2023-10-01T13:43:15.808+0000] {dag.py:3504} INFO - Setting next_dagrun for user_processing to 2023-10-01T00:00:00+00:00, run_after=2023-10-02T00:00:00+00:00
[2023-10-01T13:43:15.871+0000] {processor.py:179} INFO - Processing /opt/airflow/dags/user_processing.py took 1.401 seconds
[2023-10-01T13:43:46.161+0000] {processor.py:157} INFO - Started process (PID=10412) to work on /opt/airflow/dags/user_processing.py
[2023-10-01T13:43:46.169+0000] {processor.py:826} INFO - Processing file /opt/airflow/dags/user_processing.py for tasks to queue
[2023-10-01T13:43:46.170+0000] {logging_mixin.py:150} INFO - [2023-10-01T13:43:46.170+0000] {dagbag.py:541} INFO - Filling up the DagBag from /opt/airflow/dags/user_processing.py
[2023-10-01T13:43:47.060+0000] {processor.py:836} INFO - DAG(s) dict_keys(['user_processing']) retrieved from /opt/airflow/dags/user_processing.py
[2023-10-01T13:43:47.129+0000] {logging_mixin.py:150} INFO - [2023-10-01T13:43:47.128+0000] {dag.py:2742} INFO - Sync 1 DAGs
[2023-10-01T13:43:47.188+0000] {logging_mixin.py:150} INFO - [2023-10-01T13:43:47.188+0000] {dag.py:3504} INFO - Setting next_dagrun for user_processing to 2023-10-01T00:00:00+00:00, run_after=2023-10-02T00:00:00+00:00
[2023-10-01T13:43:47.247+0000] {processor.py:179} INFO - Processing /opt/airflow/dags/user_processing.py took 1.090 seconds
[2023-10-01T13:44:17.731+0000] {processor.py:157} INFO - Started process (PID=10440) to work on /opt/airflow/dags/user_processing.py
[2023-10-01T13:44:17.747+0000] {processor.py:826} INFO - Processing file /opt/airflow/dags/user_processing.py for tasks to queue
[2023-10-01T13:44:17.748+0000] {logging_mixin.py:150} INFO - [2023-10-01T13:44:17.747+0000] {dagbag.py:541} INFO - Filling up the DagBag from /opt/airflow/dags/user_processing.py
[2023-10-01T13:44:19.096+0000] {processor.py:836} INFO - DAG(s) dict_keys(['user_processing']) retrieved from /opt/airflow/dags/user_processing.py
[2023-10-01T13:44:19.179+0000] {logging_mixin.py:150} INFO - [2023-10-01T13:44:19.179+0000] {dag.py:2742} INFO - Sync 1 DAGs
[2023-10-01T13:44:19.258+0000] {logging_mixin.py:150} INFO - [2023-10-01T13:44:19.258+0000] {dag.py:3504} INFO - Setting next_dagrun for user_processing to 2023-10-01T00:00:00+00:00, run_after=2023-10-02T00:00:00+00:00
[2023-10-01T13:44:19.340+0000] {processor.py:179} INFO - Processing /opt/airflow/dags/user_processing.py took 1.614 seconds
[2023-10-01T13:44:49.510+0000] {processor.py:157} INFO - Started process (PID=10468) to work on /opt/airflow/dags/user_processing.py
[2023-10-01T13:44:49.517+0000] {processor.py:826} INFO - Processing file /opt/airflow/dags/user_processing.py for tasks to queue
[2023-10-01T13:44:49.518+0000] {logging_mixin.py:150} INFO - [2023-10-01T13:44:49.518+0000] {dagbag.py:541} INFO - Filling up the DagBag from /opt/airflow/dags/user_processing.py
[2023-10-01T13:44:50.568+0000] {processor.py:836} INFO - DAG(s) dict_keys(['user_processing']) retrieved from /opt/airflow/dags/user_processing.py
[2023-10-01T13:44:50.727+0000] {logging_mixin.py:150} INFO - [2023-10-01T13:44:50.721+0000] {dag.py:2742} INFO - Sync 1 DAGs
[2023-10-01T13:44:50.818+0000] {logging_mixin.py:150} INFO - [2023-10-01T13:44:50.818+0000] {dag.py:3504} INFO - Setting next_dagrun for user_processing to 2023-10-01T00:00:00+00:00, run_after=2023-10-02T00:00:00+00:00
[2023-10-01T13:44:50.867+0000] {processor.py:179} INFO - Processing /opt/airflow/dags/user_processing.py took 1.366 seconds
[2023-10-01T13:45:21.389+0000] {processor.py:157} INFO - Started process (PID=10496) to work on /opt/airflow/dags/user_processing.py
[2023-10-01T13:45:21.397+0000] {processor.py:826} INFO - Processing file /opt/airflow/dags/user_processing.py for tasks to queue
[2023-10-01T13:45:21.399+0000] {logging_mixin.py:150} INFO - [2023-10-01T13:45:21.398+0000] {dagbag.py:541} INFO - Filling up the DagBag from /opt/airflow/dags/user_processing.py
[2023-10-01T13:45:22.887+0000] {processor.py:836} INFO - DAG(s) dict_keys(['user_processing']) retrieved from /opt/airflow/dags/user_processing.py
[2023-10-01T13:45:23.018+0000] {logging_mixin.py:150} INFO - [2023-10-01T13:45:23.016+0000] {dag.py:2742} INFO - Sync 1 DAGs
[2023-10-01T13:45:23.129+0000] {logging_mixin.py:150} INFO - [2023-10-01T13:45:23.128+0000] {dag.py:3504} INFO - Setting next_dagrun for user_processing to 2023-10-01T00:00:00+00:00, run_after=2023-10-02T00:00:00+00:00
[2023-10-01T13:45:23.239+0000] {processor.py:179} INFO - Processing /opt/airflow/dags/user_processing.py took 1.862 seconds
[2023-10-01T13:45:53.780+0000] {processor.py:157} INFO - Started process (PID=10522) to work on /opt/airflow/dags/user_processing.py
[2023-10-01T13:45:53.788+0000] {processor.py:826} INFO - Processing file /opt/airflow/dags/user_processing.py for tasks to queue
[2023-10-01T13:45:53.789+0000] {logging_mixin.py:150} INFO - [2023-10-01T13:45:53.788+0000] {dagbag.py:541} INFO - Filling up the DagBag from /opt/airflow/dags/user_processing.py
[2023-10-01T13:45:54.900+0000] {processor.py:836} INFO - DAG(s) dict_keys(['user_processing']) retrieved from /opt/airflow/dags/user_processing.py
[2023-10-01T13:45:54.990+0000] {logging_mixin.py:150} INFO - [2023-10-01T13:45:54.990+0000] {dag.py:2742} INFO - Sync 1 DAGs
[2023-10-01T13:45:55.070+0000] {logging_mixin.py:150} INFO - [2023-10-01T13:45:55.070+0000] {dag.py:3504} INFO - Setting next_dagrun for user_processing to 2023-10-01T00:00:00+00:00, run_after=2023-10-02T00:00:00+00:00
[2023-10-01T13:45:55.147+0000] {processor.py:179} INFO - Processing /opt/airflow/dags/user_processing.py took 1.377 seconds
[2023-10-01T13:46:25.228+0000] {processor.py:157} INFO - Started process (PID=10549) to work on /opt/airflow/dags/user_processing.py
[2023-10-01T13:46:25.229+0000] {processor.py:826} INFO - Processing file /opt/airflow/dags/user_processing.py for tasks to queue
[2023-10-01T13:46:25.236+0000] {logging_mixin.py:150} INFO - [2023-10-01T13:46:25.230+0000] {dagbag.py:541} INFO - Filling up the DagBag from /opt/airflow/dags/user_processing.py
[2023-10-01T13:46:26.698+0000] {processor.py:836} INFO - DAG(s) dict_keys(['user_processing']) retrieved from /opt/airflow/dags/user_processing.py
[2023-10-01T13:46:26.988+0000] {logging_mixin.py:150} INFO - [2023-10-01T13:46:26.987+0000] {dag.py:2742} INFO - Sync 1 DAGs
[2023-10-01T13:46:27.150+0000] {logging_mixin.py:150} INFO - [2023-10-01T13:46:27.150+0000] {dag.py:3504} INFO - Setting next_dagrun for user_processing to 2023-10-01T00:00:00+00:00, run_after=2023-10-02T00:00:00+00:00
[2023-10-01T13:46:27.258+0000] {processor.py:179} INFO - Processing /opt/airflow/dags/user_processing.py took 2.041 seconds
[2023-10-01T13:46:57.846+0000] {processor.py:157} INFO - Started process (PID=10584) to work on /opt/airflow/dags/user_processing.py
[2023-10-01T13:46:57.848+0000] {processor.py:826} INFO - Processing file /opt/airflow/dags/user_processing.py for tasks to queue
[2023-10-01T13:46:57.849+0000] {logging_mixin.py:150} INFO - [2023-10-01T13:46:57.849+0000] {dagbag.py:541} INFO - Filling up the DagBag from /opt/airflow/dags/user_processing.py
[2023-10-01T13:46:59.758+0000] {processor.py:836} INFO - DAG(s) dict_keys(['user_processing']) retrieved from /opt/airflow/dags/user_processing.py
[2023-10-01T13:46:59.877+0000] {logging_mixin.py:150} INFO - [2023-10-01T13:46:59.870+0000] {dag.py:2742} INFO - Sync 1 DAGs
[2023-10-01T13:46:59.997+0000] {logging_mixin.py:150} INFO - [2023-10-01T13:46:59.996+0000] {dag.py:3504} INFO - Setting next_dagrun for user_processing to 2023-10-01T00:00:00+00:00, run_after=2023-10-02T00:00:00+00:00
[2023-10-01T13:47:00.116+0000] {processor.py:179} INFO - Processing /opt/airflow/dags/user_processing.py took 2.297 seconds
[2023-10-01T13:47:30.488+0000] {processor.py:157} INFO - Started process (PID=10611) to work on /opt/airflow/dags/user_processing.py
[2023-10-01T13:47:30.490+0000] {processor.py:826} INFO - Processing file /opt/airflow/dags/user_processing.py for tasks to queue
[2023-10-01T13:47:30.498+0000] {logging_mixin.py:150} INFO - [2023-10-01T13:47:30.497+0000] {dagbag.py:541} INFO - Filling up the DagBag from /opt/airflow/dags/user_processing.py
[2023-10-01T13:47:32.798+0000] {processor.py:836} INFO - DAG(s) dict_keys(['user_processing']) retrieved from /opt/airflow/dags/user_processing.py
[2023-10-01T13:47:32.988+0000] {logging_mixin.py:150} INFO - [2023-10-01T13:47:32.980+0000] {dag.py:2742} INFO - Sync 1 DAGs
[2023-10-01T13:47:33.227+0000] {logging_mixin.py:150} INFO - [2023-10-01T13:47:33.226+0000] {dag.py:3504} INFO - Setting next_dagrun for user_processing to 2023-10-01T00:00:00+00:00, run_after=2023-10-02T00:00:00+00:00
[2023-10-01T13:47:33.426+0000] {processor.py:179} INFO - Processing /opt/airflow/dags/user_processing.py took 2.957 seconds
[2023-10-01T13:48:03.770+0000] {processor.py:157} INFO - Started process (PID=10638) to work on /opt/airflow/dags/user_processing.py
[2023-10-01T13:48:03.778+0000] {processor.py:826} INFO - Processing file /opt/airflow/dags/user_processing.py for tasks to queue
[2023-10-01T13:48:03.779+0000] {logging_mixin.py:150} INFO - [2023-10-01T13:48:03.779+0000] {dagbag.py:541} INFO - Filling up the DagBag from /opt/airflow/dags/user_processing.py
[2023-10-01T13:48:05.069+0000] {processor.py:836} INFO - DAG(s) dict_keys(['user_processing']) retrieved from /opt/airflow/dags/user_processing.py
[2023-10-01T13:48:05.167+0000] {logging_mixin.py:150} INFO - [2023-10-01T13:48:05.167+0000] {dag.py:2742} INFO - Sync 1 DAGs
[2023-10-01T13:48:05.237+0000] {logging_mixin.py:150} INFO - [2023-10-01T13:48:05.236+0000] {dag.py:3504} INFO - Setting next_dagrun for user_processing to 2023-10-01T00:00:00+00:00, run_after=2023-10-02T00:00:00+00:00
[2023-10-01T13:48:05.290+0000] {processor.py:179} INFO - Processing /opt/airflow/dags/user_processing.py took 1.530 seconds
[2023-10-01T13:48:35.789+0000] {processor.py:157} INFO - Started process (PID=10665) to work on /opt/airflow/dags/user_processing.py
[2023-10-01T13:48:35.790+0000] {processor.py:826} INFO - Processing file /opt/airflow/dags/user_processing.py for tasks to queue
[2023-10-01T13:48:35.807+0000] {logging_mixin.py:150} INFO - [2023-10-01T13:48:35.806+0000] {dagbag.py:541} INFO - Filling up the DagBag from /opt/airflow/dags/user_processing.py
[2023-10-01T13:48:37.049+0000] {processor.py:836} INFO - DAG(s) dict_keys(['user_processing']) retrieved from /opt/airflow/dags/user_processing.py
[2023-10-01T13:48:37.128+0000] {logging_mixin.py:150} INFO - [2023-10-01T13:48:37.127+0000] {dag.py:2742} INFO - Sync 1 DAGs
[2023-10-01T13:48:37.189+0000] {logging_mixin.py:150} INFO - [2023-10-01T13:48:37.189+0000] {dag.py:3504} INFO - Setting next_dagrun for user_processing to 2023-10-01T00:00:00+00:00, run_after=2023-10-02T00:00:00+00:00
[2023-10-01T13:48:37.259+0000] {processor.py:179} INFO - Processing /opt/airflow/dags/user_processing.py took 1.480 seconds
[2023-10-01T13:49:07.700+0000] {processor.py:157} INFO - Started process (PID=10693) to work on /opt/airflow/dags/user_processing.py
[2023-10-01T13:49:07.708+0000] {processor.py:826} INFO - Processing file /opt/airflow/dags/user_processing.py for tasks to queue
[2023-10-01T13:49:07.709+0000] {logging_mixin.py:150} INFO - [2023-10-01T13:49:07.708+0000] {dagbag.py:541} INFO - Filling up the DagBag from /opt/airflow/dags/user_processing.py
[2023-10-01T13:49:09.159+0000] {processor.py:836} INFO - DAG(s) dict_keys(['user_processing']) retrieved from /opt/airflow/dags/user_processing.py
[2023-10-01T13:49:09.327+0000] {logging_mixin.py:150} INFO - [2023-10-01T13:49:09.327+0000] {dag.py:2742} INFO - Sync 1 DAGs
[2023-10-01T13:49:09.528+0000] {logging_mixin.py:150} INFO - [2023-10-01T13:49:09.528+0000] {dag.py:3504} INFO - Setting next_dagrun for user_processing to 2023-10-01T00:00:00+00:00, run_after=2023-10-02T00:00:00+00:00
[2023-10-01T13:49:09.638+0000] {processor.py:179} INFO - Processing /opt/airflow/dags/user_processing.py took 1.949 seconds
[2023-10-01T13:49:40.209+0000] {processor.py:157} INFO - Started process (PID=10720) to work on /opt/airflow/dags/user_processing.py
[2023-10-01T13:49:40.217+0000] {processor.py:826} INFO - Processing file /opt/airflow/dags/user_processing.py for tasks to queue
[2023-10-01T13:49:40.218+0000] {logging_mixin.py:150} INFO - [2023-10-01T13:49:40.218+0000] {dagbag.py:541} INFO - Filling up the DagBag from /opt/airflow/dags/user_processing.py
[2023-10-01T13:49:41.577+0000] {processor.py:836} INFO - DAG(s) dict_keys(['user_processing']) retrieved from /opt/airflow/dags/user_processing.py
[2023-10-01T13:49:41.656+0000] {logging_mixin.py:150} INFO - [2023-10-01T13:49:41.649+0000] {dag.py:2742} INFO - Sync 1 DAGs
[2023-10-01T13:49:41.728+0000] {logging_mixin.py:150} INFO - [2023-10-01T13:49:41.727+0000] {dag.py:3504} INFO - Setting next_dagrun for user_processing to 2023-10-01T00:00:00+00:00, run_after=2023-10-02T00:00:00+00:00
[2023-10-01T13:49:41.788+0000] {processor.py:179} INFO - Processing /opt/airflow/dags/user_processing.py took 1.591 seconds
[2023-10-01T13:50:12.300+0000] {processor.py:157} INFO - Started process (PID=10748) to work on /opt/airflow/dags/user_processing.py
[2023-10-01T13:50:12.308+0000] {processor.py:826} INFO - Processing file /opt/airflow/dags/user_processing.py for tasks to queue
[2023-10-01T13:50:12.309+0000] {logging_mixin.py:150} INFO - [2023-10-01T13:50:12.308+0000] {dagbag.py:541} INFO - Filling up the DagBag from /opt/airflow/dags/user_processing.py
[2023-10-01T13:50:13.487+0000] {processor.py:836} INFO - DAG(s) dict_keys(['user_processing']) retrieved from /opt/airflow/dags/user_processing.py
[2023-10-01T13:50:13.568+0000] {logging_mixin.py:150} INFO - [2023-10-01T13:50:13.567+0000] {dag.py:2742} INFO - Sync 1 DAGs
[2023-10-01T13:50:13.658+0000] {logging_mixin.py:150} INFO - [2023-10-01T13:50:13.658+0000] {dag.py:3504} INFO - Setting next_dagrun for user_processing to 2023-10-01T00:00:00+00:00, run_after=2023-10-02T00:00:00+00:00
[2023-10-01T13:50:13.728+0000] {processor.py:179} INFO - Processing /opt/airflow/dags/user_processing.py took 1.439 seconds
[2023-10-01T13:50:43.887+0000] {processor.py:157} INFO - Started process (PID=10776) to work on /opt/airflow/dags/user_processing.py
[2023-10-01T13:50:43.889+0000] {processor.py:826} INFO - Processing file /opt/airflow/dags/user_processing.py for tasks to queue
[2023-10-01T13:50:43.889+0000] {logging_mixin.py:150} INFO - [2023-10-01T13:50:43.889+0000] {dagbag.py:541} INFO - Filling up the DagBag from /opt/airflow/dags/user_processing.py
[2023-10-01T13:50:45.217+0000] {processor.py:836} INFO - DAG(s) dict_keys(['user_processing']) retrieved from /opt/airflow/dags/user_processing.py
[2023-10-01T13:50:45.309+0000] {logging_mixin.py:150} INFO - [2023-10-01T13:50:45.308+0000] {dag.py:2742} INFO - Sync 1 DAGs
[2023-10-01T13:50:45.406+0000] {logging_mixin.py:150} INFO - [2023-10-01T13:50:45.399+0000] {dag.py:3504} INFO - Setting next_dagrun for user_processing to 2023-10-01T00:00:00+00:00, run_after=2023-10-02T00:00:00+00:00
[2023-10-01T13:50:45.470+0000] {processor.py:179} INFO - Processing /opt/airflow/dags/user_processing.py took 1.592 seconds
[2023-10-01T13:51:15.699+0000] {processor.py:157} INFO - Started process (PID=10803) to work on /opt/airflow/dags/user_processing.py
[2023-10-01T13:51:15.708+0000] {processor.py:826} INFO - Processing file /opt/airflow/dags/user_processing.py for tasks to queue
[2023-10-01T13:51:15.709+0000] {logging_mixin.py:150} INFO - [2023-10-01T13:51:15.708+0000] {dagbag.py:541} INFO - Filling up the DagBag from /opt/airflow/dags/user_processing.py
[2023-10-01T13:51:18.067+0000] {processor.py:836} INFO - DAG(s) dict_keys(['user_processing']) retrieved from /opt/airflow/dags/user_processing.py
[2023-10-01T13:51:18.277+0000] {logging_mixin.py:150} INFO - [2023-10-01T13:51:18.276+0000] {dag.py:2742} INFO - Sync 1 DAGs
[2023-10-01T13:51:18.419+0000] {logging_mixin.py:150} INFO - [2023-10-01T13:51:18.418+0000] {dag.py:3504} INFO - Setting next_dagrun for user_processing to 2023-10-01T00:00:00+00:00, run_after=2023-10-02T00:00:00+00:00
[2023-10-01T13:51:18.536+0000] {processor.py:179} INFO - Processing /opt/airflow/dags/user_processing.py took 2.843 seconds
[2023-10-01T13:51:48.908+0000] {processor.py:157} INFO - Started process (PID=10832) to work on /opt/airflow/dags/user_processing.py
[2023-10-01T13:51:48.917+0000] {processor.py:826} INFO - Processing file /opt/airflow/dags/user_processing.py for tasks to queue
[2023-10-01T13:51:48.918+0000] {logging_mixin.py:150} INFO - [2023-10-01T13:51:48.918+0000] {dagbag.py:541} INFO - Filling up the DagBag from /opt/airflow/dags/user_processing.py
[2023-10-01T13:51:50.759+0000] {processor.py:836} INFO - DAG(s) dict_keys(['user_processing']) retrieved from /opt/airflow/dags/user_processing.py
[2023-10-01T13:51:50.928+0000] {logging_mixin.py:150} INFO - [2023-10-01T13:51:50.926+0000] {dag.py:2742} INFO - Sync 1 DAGs
[2023-10-01T13:51:51.127+0000] {logging_mixin.py:150} INFO - [2023-10-01T13:51:51.126+0000] {dag.py:3504} INFO - Setting next_dagrun for user_processing to 2023-10-01T00:00:00+00:00, run_after=2023-10-02T00:00:00+00:00
[2023-10-01T13:51:51.257+0000] {processor.py:179} INFO - Processing /opt/airflow/dags/user_processing.py took 2.360 seconds
[2023-10-01T13:52:21.849+0000] {processor.py:157} INFO - Started process (PID=10862) to work on /opt/airflow/dags/user_processing.py
[2023-10-01T13:52:21.858+0000] {processor.py:826} INFO - Processing file /opt/airflow/dags/user_processing.py for tasks to queue
[2023-10-01T13:52:21.858+0000] {logging_mixin.py:150} INFO - [2023-10-01T13:52:21.858+0000] {dagbag.py:541} INFO - Filling up the DagBag from /opt/airflow/dags/user_processing.py
[2023-10-01T13:52:23.268+0000] {processor.py:836} INFO - DAG(s) dict_keys(['user_processing']) retrieved from /opt/airflow/dags/user_processing.py
[2023-10-01T13:52:23.359+0000] {logging_mixin.py:150} INFO - [2023-10-01T13:52:23.358+0000] {dag.py:2742} INFO - Sync 1 DAGs
[2023-10-01T13:52:23.468+0000] {logging_mixin.py:150} INFO - [2023-10-01T13:52:23.467+0000] {dag.py:3504} INFO - Setting next_dagrun for user_processing to 2023-10-01T00:00:00+00:00, run_after=2023-10-02T00:00:00+00:00
[2023-10-01T13:52:23.559+0000] {processor.py:179} INFO - Processing /opt/airflow/dags/user_processing.py took 1.721 seconds
[2023-10-01T13:52:54.229+0000] {processor.py:157} INFO - Started process (PID=10891) to work on /opt/airflow/dags/user_processing.py
[2023-10-01T13:52:54.237+0000] {processor.py:826} INFO - Processing file /opt/airflow/dags/user_processing.py for tasks to queue
[2023-10-01T13:52:54.238+0000] {logging_mixin.py:150} INFO - [2023-10-01T13:52:54.237+0000] {dagbag.py:541} INFO - Filling up the DagBag from /opt/airflow/dags/user_processing.py
[2023-10-01T13:52:55.719+0000] {processor.py:836} INFO - DAG(s) dict_keys(['user_processing']) retrieved from /opt/airflow/dags/user_processing.py
[2023-10-01T13:52:55.836+0000] {logging_mixin.py:150} INFO - [2023-10-01T13:52:55.829+0000] {dag.py:2742} INFO - Sync 1 DAGs
[2023-10-01T13:52:55.958+0000] {logging_mixin.py:150} INFO - [2023-10-01T13:52:55.958+0000] {dag.py:3504} INFO - Setting next_dagrun for user_processing to 2023-10-01T00:00:00+00:00, run_after=2023-10-02T00:00:00+00:00
[2023-10-01T13:52:56.068+0000] {processor.py:179} INFO - Processing /opt/airflow/dags/user_processing.py took 1.859 seconds
[2023-10-01T13:53:26.209+0000] {processor.py:157} INFO - Started process (PID=10918) to work on /opt/airflow/dags/user_processing.py
[2023-10-01T13:53:26.218+0000] {processor.py:826} INFO - Processing file /opt/airflow/dags/user_processing.py for tasks to queue
[2023-10-01T13:53:26.218+0000] {logging_mixin.py:150} INFO - [2023-10-01T13:53:26.218+0000] {dagbag.py:541} INFO - Filling up the DagBag from /opt/airflow/dags/user_processing.py
[2023-10-01T13:53:27.917+0000] {processor.py:836} INFO - DAG(s) dict_keys(['user_processing']) retrieved from /opt/airflow/dags/user_processing.py
[2023-10-01T13:53:28.039+0000] {logging_mixin.py:150} INFO - [2023-10-01T13:53:28.038+0000] {dag.py:2742} INFO - Sync 1 DAGs
[2023-10-01T13:53:28.157+0000] {logging_mixin.py:150} INFO - [2023-10-01T13:53:28.157+0000] {dag.py:3504} INFO - Setting next_dagrun for user_processing to 2023-10-01T00:00:00+00:00, run_after=2023-10-02T00:00:00+00:00
[2023-10-01T13:53:28.257+0000] {processor.py:179} INFO - Processing /opt/airflow/dags/user_processing.py took 2.058 seconds
[2023-10-01T13:53:59.218+0000] {processor.py:157} INFO - Started process (PID=10947) to work on /opt/airflow/dags/user_processing.py
[2023-10-01T13:53:59.228+0000] {processor.py:826} INFO - Processing file /opt/airflow/dags/user_processing.py for tasks to queue
[2023-10-01T13:53:59.239+0000] {logging_mixin.py:150} INFO - [2023-10-01T13:53:59.238+0000] {dagbag.py:541} INFO - Filling up the DagBag from /opt/airflow/dags/user_processing.py
[2023-10-01T13:54:02.228+0000] {processor.py:836} INFO - DAG(s) dict_keys(['user_processing']) retrieved from /opt/airflow/dags/user_processing.py
[2023-10-01T13:54:02.407+0000] {logging_mixin.py:150} INFO - [2023-10-01T13:54:02.406+0000] {dag.py:2742} INFO - Sync 1 DAGs
[2023-10-01T13:54:02.638+0000] {logging_mixin.py:150} INFO - [2023-10-01T13:54:02.638+0000] {dag.py:3504} INFO - Setting next_dagrun for user_processing to 2023-10-01T00:00:00+00:00, run_after=2023-10-02T00:00:00+00:00
[2023-10-01T13:54:02.908+0000] {processor.py:179} INFO - Processing /opt/airflow/dags/user_processing.py took 3.711 seconds
[2023-10-01T13:54:33.319+0000] {processor.py:157} INFO - Started process (PID=10975) to work on /opt/airflow/dags/user_processing.py
[2023-10-01T13:54:33.337+0000] {processor.py:826} INFO - Processing file /opt/airflow/dags/user_processing.py for tasks to queue
[2023-10-01T13:54:33.347+0000] {logging_mixin.py:150} INFO - [2023-10-01T13:54:33.339+0000] {dagbag.py:541} INFO - Filling up the DagBag from /opt/airflow/dags/user_processing.py
[2023-10-01T13:54:37.287+0000] {processor.py:836} INFO - DAG(s) dict_keys(['user_processing']) retrieved from /opt/airflow/dags/user_processing.py
[2023-10-01T13:54:37.527+0000] {logging_mixin.py:150} INFO - [2023-10-01T13:54:37.518+0000] {dag.py:2742} INFO - Sync 1 DAGs
[2023-10-01T13:54:37.718+0000] {logging_mixin.py:150} INFO - [2023-10-01T13:54:37.718+0000] {dag.py:3504} INFO - Setting next_dagrun for user_processing to 2023-10-01T00:00:00+00:00, run_after=2023-10-02T00:00:00+00:00
[2023-10-01T13:54:37.887+0000] {processor.py:179} INFO - Processing /opt/airflow/dags/user_processing.py took 4.609 seconds
[2023-10-01T13:55:08.186+0000] {processor.py:157} INFO - Started process (PID=11010) to work on /opt/airflow/dags/user_processing.py
[2023-10-01T13:55:08.208+0000] {processor.py:826} INFO - Processing file /opt/airflow/dags/user_processing.py for tasks to queue
[2023-10-01T13:55:08.217+0000] {logging_mixin.py:150} INFO - [2023-10-01T13:55:08.216+0000] {dagbag.py:541} INFO - Filling up the DagBag from /opt/airflow/dags/user_processing.py
[2023-10-01T13:55:12.558+0000] {processor.py:836} INFO - DAG(s) dict_keys(['user_processing']) retrieved from /opt/airflow/dags/user_processing.py
[2023-10-01T13:55:12.869+0000] {logging_mixin.py:150} INFO - [2023-10-01T13:55:12.848+0000] {dag.py:2742} INFO - Sync 1 DAGs
[2023-10-01T13:55:13.268+0000] {logging_mixin.py:150} INFO - [2023-10-01T13:55:13.268+0000] {dag.py:3504} INFO - Setting next_dagrun for user_processing to 2023-10-01T00:00:00+00:00, run_after=2023-10-02T00:00:00+00:00
[2023-10-01T13:55:13.576+0000] {processor.py:179} INFO - Processing /opt/airflow/dags/user_processing.py took 5.439 seconds
[2023-10-01T13:55:44.007+0000] {processor.py:157} INFO - Started process (PID=11037) to work on /opt/airflow/dags/user_processing.py
[2023-10-01T13:55:44.016+0000] {processor.py:826} INFO - Processing file /opt/airflow/dags/user_processing.py for tasks to queue
[2023-10-01T13:55:44.018+0000] {logging_mixin.py:150} INFO - [2023-10-01T13:55:44.017+0000] {dagbag.py:541} INFO - Filling up the DagBag from /opt/airflow/dags/user_processing.py
[2023-10-01T13:55:47.268+0000] {processor.py:836} INFO - DAG(s) dict_keys(['user_processing']) retrieved from /opt/airflow/dags/user_processing.py
[2023-10-01T13:55:47.478+0000] {logging_mixin.py:150} INFO - [2023-10-01T13:55:47.477+0000] {dag.py:2742} INFO - Sync 1 DAGs
[2023-10-01T13:55:47.708+0000] {logging_mixin.py:150} INFO - [2023-10-01T13:55:47.707+0000] {dag.py:3504} INFO - Setting next_dagrun for user_processing to 2023-10-01T00:00:00+00:00, run_after=2023-10-02T00:00:00+00:00
[2023-10-01T13:55:47.878+0000] {processor.py:179} INFO - Processing /opt/airflow/dags/user_processing.py took 3.901 seconds
[2023-10-01T13:56:18.637+0000] {processor.py:157} INFO - Started process (PID=11065) to work on /opt/airflow/dags/user_processing.py
[2023-10-01T13:56:18.647+0000] {processor.py:826} INFO - Processing file /opt/airflow/dags/user_processing.py for tasks to queue
[2023-10-01T13:56:18.657+0000] {logging_mixin.py:150} INFO - [2023-10-01T13:56:18.648+0000] {dagbag.py:541} INFO - Filling up the DagBag from /opt/airflow/dags/user_processing.py
[2023-10-01T13:56:22.378+0000] {processor.py:836} INFO - DAG(s) dict_keys(['user_processing']) retrieved from /opt/airflow/dags/user_processing.py
[2023-10-01T13:56:22.688+0000] {logging_mixin.py:150} INFO - [2023-10-01T13:56:22.687+0000] {dag.py:2742} INFO - Sync 1 DAGs
[2023-10-01T13:56:23.078+0000] {logging_mixin.py:150} INFO - [2023-10-01T13:56:23.077+0000] {dag.py:3504} INFO - Setting next_dagrun for user_processing to 2023-10-01T00:00:00+00:00, run_after=2023-10-02T00:00:00+00:00
[2023-10-01T13:56:23.437+0000] {processor.py:179} INFO - Processing /opt/airflow/dags/user_processing.py took 4.839 seconds
[2023-10-01T13:56:53.636+0000] {processor.py:157} INFO - Started process (PID=11093) to work on /opt/airflow/dags/user_processing.py
[2023-10-01T13:56:53.638+0000] {processor.py:826} INFO - Processing file /opt/airflow/dags/user_processing.py for tasks to queue
[2023-10-01T13:56:53.647+0000] {logging_mixin.py:150} INFO - [2023-10-01T13:56:53.646+0000] {dagbag.py:541} INFO - Filling up the DagBag from /opt/airflow/dags/user_processing.py
[2023-10-01T13:56:56.717+0000] {processor.py:836} INFO - DAG(s) dict_keys(['user_processing']) retrieved from /opt/airflow/dags/user_processing.py
[2023-10-01T13:56:56.927+0000] {logging_mixin.py:150} INFO - [2023-10-01T13:56:56.926+0000] {dag.py:2742} INFO - Sync 1 DAGs
[2023-10-01T13:56:57.106+0000] {logging_mixin.py:150} INFO - [2023-10-01T13:56:57.098+0000] {dag.py:3504} INFO - Setting next_dagrun for user_processing to 2023-10-01T00:00:00+00:00, run_after=2023-10-02T00:00:00+00:00
[2023-10-01T13:56:57.248+0000] {processor.py:179} INFO - Processing /opt/airflow/dags/user_processing.py took 3.631 seconds
[2023-10-01T13:57:28.167+0000] {processor.py:157} INFO - Started process (PID=11123) to work on /opt/airflow/dags/user_processing.py
[2023-10-01T13:57:28.188+0000] {processor.py:826} INFO - Processing file /opt/airflow/dags/user_processing.py for tasks to queue
[2023-10-01T13:57:28.198+0000] {logging_mixin.py:150} INFO - [2023-10-01T13:57:28.197+0000] {dagbag.py:541} INFO - Filling up the DagBag from /opt/airflow/dags/user_processing.py
[2023-10-01T13:57:31.798+0000] {processor.py:836} INFO - DAG(s) dict_keys(['user_processing']) retrieved from /opt/airflow/dags/user_processing.py
[2023-10-01T13:57:32.027+0000] {logging_mixin.py:150} INFO - [2023-10-01T13:57:32.018+0000] {dag.py:2742} INFO - Sync 1 DAGs
[2023-10-01T13:57:32.277+0000] {logging_mixin.py:150} INFO - [2023-10-01T13:57:32.276+0000] {dag.py:3504} INFO - Setting next_dagrun for user_processing to 2023-10-01T00:00:00+00:00, run_after=2023-10-02T00:00:00+00:00
[2023-10-01T13:57:32.457+0000] {processor.py:179} INFO - Processing /opt/airflow/dags/user_processing.py took 4.339 seconds
[2023-10-01T13:58:02.727+0000] {processor.py:157} INFO - Started process (PID=11150) to work on /opt/airflow/dags/user_processing.py
[2023-10-01T13:58:02.737+0000] {processor.py:826} INFO - Processing file /opt/airflow/dags/user_processing.py for tasks to queue
[2023-10-01T13:58:02.747+0000] {logging_mixin.py:150} INFO - [2023-10-01T13:58:02.738+0000] {dagbag.py:541} INFO - Filling up the DagBag from /opt/airflow/dags/user_processing.py
[2023-10-01T13:58:06.507+0000] {processor.py:836} INFO - DAG(s) dict_keys(['user_processing']) retrieved from /opt/airflow/dags/user_processing.py
[2023-10-01T13:58:06.777+0000] {logging_mixin.py:150} INFO - [2023-10-01T13:58:06.768+0000] {dag.py:2742} INFO - Sync 1 DAGs
[2023-10-01T13:58:07.047+0000] {logging_mixin.py:150} INFO - [2023-10-01T13:58:07.047+0000] {dag.py:3504} INFO - Setting next_dagrun for user_processing to 2023-10-01T00:00:00+00:00, run_after=2023-10-02T00:00:00+00:00
[2023-10-01T13:58:07.327+0000] {processor.py:179} INFO - Processing /opt/airflow/dags/user_processing.py took 4.631 seconds
[2023-10-01T13:58:37.727+0000] {processor.py:157} INFO - Started process (PID=11179) to work on /opt/airflow/dags/user_processing.py
[2023-10-01T13:58:37.737+0000] {processor.py:826} INFO - Processing file /opt/airflow/dags/user_processing.py for tasks to queue
[2023-10-01T13:58:37.746+0000] {logging_mixin.py:150} INFO - [2023-10-01T13:58:37.738+0000] {dagbag.py:541} INFO - Filling up the DagBag from /opt/airflow/dags/user_processing.py
[2023-10-01T13:58:44.367+0000] {processor.py:836} INFO - DAG(s) dict_keys(['user_processing']) retrieved from /opt/airflow/dags/user_processing.py
[2023-10-01T13:58:44.687+0000] {logging_mixin.py:150} INFO - [2023-10-01T13:58:44.677+0000] {dag.py:2742} INFO - Sync 1 DAGs
[2023-10-01T13:58:44.998+0000] {logging_mixin.py:150} INFO - [2023-10-01T13:58:44.997+0000] {dag.py:3504} INFO - Setting next_dagrun for user_processing to 2023-10-01T00:00:00+00:00, run_after=2023-10-02T00:00:00+00:00
[2023-10-01T13:58:45.266+0000] {processor.py:179} INFO - Processing /opt/airflow/dags/user_processing.py took 7.590 seconds
[2023-10-01T13:59:16.957+0000] {processor.py:157} INFO - Started process (PID=11216) to work on /opt/airflow/dags/user_processing.py
[2023-10-01T13:59:16.996+0000] {processor.py:826} INFO - Processing file /opt/airflow/dags/user_processing.py for tasks to queue
[2023-10-01T13:59:17.007+0000] {logging_mixin.py:150} INFO - [2023-10-01T13:59:16.998+0000] {dagbag.py:541} INFO - Filling up the DagBag from /opt/airflow/dags/user_processing.py
[2023-10-01T13:59:26.387+0000] {processor.py:836} INFO - DAG(s) dict_keys(['user_processing']) retrieved from /opt/airflow/dags/user_processing.py
[2023-10-01T13:59:27.006+0000] {logging_mixin.py:150} INFO - [2023-10-01T13:59:26.997+0000] {dag.py:2742} INFO - Sync 1 DAGs
[2023-10-01T13:59:27.448+0000] {logging_mixin.py:150} INFO - [2023-10-01T13:59:27.447+0000] {dag.py:3504} INFO - Setting next_dagrun for user_processing to 2023-10-01T00:00:00+00:00, run_after=2023-10-02T00:00:00+00:00
[2023-10-01T13:59:27.876+0000] {processor.py:179} INFO - Processing /opt/airflow/dags/user_processing.py took 10.979 seconds
[2023-10-01T13:59:58.547+0000] {processor.py:157} INFO - Started process (PID=11248) to work on /opt/airflow/dags/user_processing.py
[2023-10-01T13:59:58.576+0000] {processor.py:826} INFO - Processing file /opt/airflow/dags/user_processing.py for tasks to queue
[2023-10-01T13:59:58.587+0000] {logging_mixin.py:150} INFO - [2023-10-01T13:59:58.577+0000] {dagbag.py:541} INFO - Filling up the DagBag from /opt/airflow/dags/user_processing.py
[2023-10-01T14:00:06.087+0000] {processor.py:836} INFO - DAG(s) dict_keys(['user_processing']) retrieved from /opt/airflow/dags/user_processing.py
[2023-10-01T14:00:06.547+0000] {logging_mixin.py:150} INFO - [2023-10-01T14:00:06.537+0000] {dag.py:2742} INFO - Sync 1 DAGs
[2023-10-01T14:00:07.126+0000] {logging_mixin.py:150} INFO - [2023-10-01T14:00:07.097+0000] {dag.py:3504} INFO - Setting next_dagrun for user_processing to 2023-10-01T00:00:00+00:00, run_after=2023-10-02T00:00:00+00:00
[2023-10-01T14:00:07.716+0000] {processor.py:179} INFO - Processing /opt/airflow/dags/user_processing.py took 9.229 seconds
[2023-10-01T14:00:38.666+0000] {processor.py:157} INFO - Started process (PID=11279) to work on /opt/airflow/dags/user_processing.py
[2023-10-01T14:00:38.687+0000] {processor.py:826} INFO - Processing file /opt/airflow/dags/user_processing.py for tasks to queue
[2023-10-01T14:00:38.707+0000] {logging_mixin.py:150} INFO - [2023-10-01T14:00:38.707+0000] {dagbag.py:541} INFO - Filling up the DagBag from /opt/airflow/dags/user_processing.py
[2023-10-01T14:00:49.617+0000] {processor.py:836} INFO - DAG(s) dict_keys(['user_processing']) retrieved from /opt/airflow/dags/user_processing.py
[2023-10-01T14:00:50.577+0000] {logging_mixin.py:150} INFO - [2023-10-01T14:00:50.557+0000] {dag.py:2742} INFO - Sync 1 DAGs
[2023-10-01T14:00:51.287+0000] {logging_mixin.py:150} INFO - [2023-10-01T14:00:51.286+0000] {dag.py:3504} INFO - Setting next_dagrun for user_processing to 2023-10-01T00:00:00+00:00, run_after=2023-10-02T00:00:00+00:00
[2023-10-01T14:00:51.907+0000] {processor.py:179} INFO - Processing /opt/airflow/dags/user_processing.py took 13.330 seconds
[2023-10-01T14:01:22.927+0000] {processor.py:157} INFO - Started process (PID=11316) to work on /opt/airflow/dags/user_processing.py
[2023-10-01T14:01:22.977+0000] {processor.py:826} INFO - Processing file /opt/airflow/dags/user_processing.py for tasks to queue
[2023-10-01T14:01:22.997+0000] {logging_mixin.py:150} INFO - [2023-10-01T14:01:22.997+0000] {dagbag.py:541} INFO - Filling up the DagBag from /opt/airflow/dags/user_processing.py
[2023-10-01T14:01:35.456+0000] {processor.py:836} INFO - DAG(s) dict_keys(['user_processing']) retrieved from /opt/airflow/dags/user_processing.py
[2023-10-01T14:01:36.486+0000] {logging_mixin.py:150} INFO - [2023-10-01T14:01:36.446+0000] {dag.py:2742} INFO - Sync 1 DAGs
[2023-10-01T14:01:37.367+0000] {logging_mixin.py:150} INFO - [2023-10-01T14:01:37.347+0000] {dag.py:3504} INFO - Setting next_dagrun for user_processing to 2023-10-01T00:00:00+00:00, run_after=2023-10-02T00:00:00+00:00
[2023-10-01T14:01:38.297+0000] {processor.py:179} INFO - Processing /opt/airflow/dags/user_processing.py took 15.620 seconds
[2023-10-01T14:02:11.496+0000] {processor.py:157} INFO - Started process (PID=11347) to work on /opt/airflow/dags/user_processing.py
[2023-10-01T14:02:11.556+0000] {processor.py:826} INFO - Processing file /opt/airflow/dags/user_processing.py for tasks to queue
[2023-10-01T14:02:11.577+0000] {logging_mixin.py:150} INFO - [2023-10-01T14:02:11.567+0000] {dagbag.py:541} INFO - Filling up the DagBag from /opt/airflow/dags/user_processing.py
[2023-10-01T14:02:32.176+0000] {processor.py:836} INFO - DAG(s) dict_keys(['user_processing']) retrieved from /opt/airflow/dags/user_processing.py
[2023-10-01T14:02:33.737+0000] {logging_mixin.py:150} INFO - [2023-10-01T14:02:33.716+0000] {dag.py:2742} INFO - Sync 1 DAGs
[2023-10-01T14:02:35.077+0000] {logging_mixin.py:150} INFO - [2023-10-01T14:02:35.076+0000] {dag.py:3504} INFO - Setting next_dagrun for user_processing to 2023-10-01T00:00:00+00:00, run_after=2023-10-02T00:00:00+00:00
[2023-10-01T14:02:36.067+0000] {processor.py:179} INFO - Processing /opt/airflow/dags/user_processing.py took 24.800 seconds
[2023-10-01T14:03:07.736+0000] {processor.py:157} INFO - Started process (PID=11386) to work on /opt/airflow/dags/user_processing.py
[2023-10-01T14:03:07.856+0000] {processor.py:826} INFO - Processing file /opt/airflow/dags/user_processing.py for tasks to queue
[2023-10-01T14:03:07.906+0000] {logging_mixin.py:150} INFO - [2023-10-01T14:03:07.867+0000] {dagbag.py:541} INFO - Filling up the DagBag from /opt/airflow/dags/user_processing.py
[2023-10-01T14:03:38.266+0000] {logging_mixin.py:150} INFO - [2023-10-01T14:03:38.086+0000] {timeout.py:68} ERROR - Process timed out, PID: 11386
[2023-10-01T14:03:39.707+0000] {logging_mixin.py:150} INFO - [2023-10-01T14:03:38.447+0000] {dagbag.py:350} ERROR - Failed to import: /opt/airflow/dags/user_processing.py
Traceback (most recent call last):
  File "/home/airflow/.local/lib/python3.10/site-packages/airflow/models/dagbag.py", line 346, in parse
    loader.exec_module(new_module)
  File "<frozen importlib._bootstrap_external>", line 883, in exec_module
  File "<frozen importlib._bootstrap>", line 241, in _call_with_frames_removed
  File "/opt/airflow/dags/user_processing.py", line 10, in <module>
    from pandas import json_normalize
  File "/home/airflow/.local/lib/python3.10/site-packages/pandas/__init__.py", line 48, in <module>
    from pandas.core.api import (
  File "/home/airflow/.local/lib/python3.10/site-packages/pandas/core/api.py", line 47, in <module>
    from pandas.core.groupby import (
  File "/home/airflow/.local/lib/python3.10/site-packages/pandas/core/groupby/__init__.py", line 1, in <module>
    from pandas.core.groupby.generic import (
  File "/home/airflow/.local/lib/python3.10/site-packages/pandas/core/groupby/generic.py", line 76, in <module>
    from pandas.core.frame import DataFrame
  File "/home/airflow/.local/lib/python3.10/site-packages/pandas/core/frame.py", line 172, in <module>
    from pandas.core.generic import NDFrame
  File "/home/airflow/.local/lib/python3.10/site-packages/pandas/core/generic.py", line 169, in <module>
    from pandas.core.window import (
  File "/home/airflow/.local/lib/python3.10/site-packages/pandas/core/window/__init__.py", line 1, in <module>
    from pandas.core.window.ewm import (
  File "/home/airflow/.local/lib/python3.10/site-packages/pandas/core/window/ewm.py", line 36, in <module>
    from pandas.core.indexers.objects import (
  File "<frozen importlib._bootstrap>", line 1027, in _find_and_load
  File "<frozen importlib._bootstrap>", line 1006, in _find_and_load_unlocked
  File "<frozen importlib._bootstrap>", line 674, in _load_unlocked
  File "<frozen importlib._bootstrap>", line 577, in module_from_spec
  File "<frozen importlib._bootstrap>", line 549, in _init_module_attrs
  File "/home/airflow/.local/lib/python3.10/site-packages/airflow/utils/timeout.py", line 69, in handle_timeout
    raise AirflowTaskTimeout(self.error_message)
airflow.exceptions.AirflowTaskTimeout: DagBag import timeout for /opt/airflow/dags/user_processing.py after 30.0s.
Please take a look at these docs to improve your DAG import time:
* https://airflow.apache.org/docs/apache-airflow/2.6.3/best-practices.html#top-level-python-code
* https://airflow.apache.org/docs/apache-airflow/2.6.3/best-practices.html#reducing-dag-complexity, PID: 11386
[2023-10-01T14:03:40.157+0000] {processor.py:838} WARNING - No viable dags retrieved from /opt/airflow/dags/user_processing.py
[2023-10-01T14:03:42.997+0000] {processor.py:179} INFO - Processing /opt/airflow/dags/user_processing.py took 35.430 seconds
[2023-10-01T14:05:19.096+0000] {processor.py:157} INFO - Started process (PID=11431) to work on /opt/airflow/dags/user_processing.py
[2023-10-01T14:05:20.026+0000] {processor.py:826} INFO - Processing file /opt/airflow/dags/user_processing.py for tasks to queue
[2023-10-01T14:05:21.436+0000] {logging_mixin.py:150} INFO - [2023-10-01T14:05:21.006+0000] {dagbag.py:541} INFO - Filling up the DagBag from /opt/airflow/dags/user_processing.py
[2023-10-01T14:05:54.246+0000] {logging_mixin.py:150} INFO - [2023-10-01T14:05:52.536+0000] {timeout.py:68} ERROR - Process timed out, PID: 11431
[2023-10-01T14:05:56.776+0000] {logging_mixin.py:150} INFO - [2023-10-01T14:05:54.756+0000] {dagbag.py:350} ERROR - Failed to import: /opt/airflow/dags/user_processing.py
Traceback (most recent call last):
  File "/home/airflow/.local/lib/python3.10/site-packages/airflow/models/dagbag.py", line 346, in parse
    loader.exec_module(new_module)
  File "<frozen importlib._bootstrap_external>", line 883, in exec_module
  File "<frozen importlib._bootstrap>", line 241, in _call_with_frames_removed
  File "/opt/airflow/dags/user_processing.py", line 10, in <module>
    from pandas import json_normalize
  File "/home/airflow/.local/lib/python3.10/site-packages/pandas/__init__.py", line 11, in <module>
    __import__(_dependency)
  File "/home/airflow/.local/lib/python3.10/site-packages/numpy/__init__.py", line 144, in <module>
    from . import lib
  File "/home/airflow/.local/lib/python3.10/site-packages/numpy/lib/__init__.py", line 26, in <module>
    from . import index_tricks
  File "/home/airflow/.local/lib/python3.10/site-packages/numpy/lib/index_tricks.py", line 13, in <module>
    from .function_base import diff
  File "<frozen importlib._bootstrap>", line 1027, in _find_and_load
  File "<frozen importlib._bootstrap>", line 1002, in _find_and_load_unlocked
  File "<frozen importlib._bootstrap>", line 945, in _find_spec
  File "<frozen importlib._bootstrap_external>", line 1437, in find_spec
  File "/home/airflow/.local/lib/python3.10/site-packages/airflow/utils/timeout.py", line 69, in handle_timeout
    raise AirflowTaskTimeout(self.error_message)
airflow.exceptions.AirflowTaskTimeout: DagBag import timeout for /opt/airflow/dags/user_processing.py after 30.0s.
Please take a look at these docs to improve your DAG import time:
* https://airflow.apache.org/docs/apache-airflow/2.6.3/best-practices.html#top-level-python-code
* https://airflow.apache.org/docs/apache-airflow/2.6.3/best-practices.html#reducing-dag-complexity, PID: 11431
[2023-10-01T14:05:56.986+0000] {processor.py:838} WARNING - No viable dags retrieved from /opt/airflow/dags/user_processing.py
