[2023-09-25T00:00:06.422+0000] {taskinstance.py:1103} INFO - Dependencies all met for dep_context=non-requeueable deps ti=<TaskInstance: user_processing.create_table scheduled__2023-09-24T00:00:00+00:00 [queued]>
[2023-09-25T00:00:06.433+0000] {taskinstance.py:1103} INFO - Dependencies all met for dep_context=requeueable deps ti=<TaskInstance: user_processing.create_table scheduled__2023-09-24T00:00:00+00:00 [queued]>
[2023-09-25T00:00:06.433+0000] {taskinstance.py:1308} INFO - Starting attempt 1 of 1
[2023-09-25T00:00:06.452+0000] {taskinstance.py:1327} INFO - Executing <Task(PostgresOperator): create_table> on 2023-09-24 00:00:00+00:00
[2023-09-25T00:00:06.459+0000] {standard_task_runner.py:57} INFO - Started process 4791 to run task
[2023-09-25T00:00:06.464+0000] {standard_task_runner.py:84} INFO - Running: ['***', 'tasks', 'run', 'user_processing', 'create_table', 'scheduled__2023-09-24T00:00:00+00:00', '--job-id', '113', '--raw', '--subdir', 'DAGS_FOLDER/user_processing.py', '--cfg-path', '/tmp/tmp07gn6amn']
[2023-09-25T00:00:06.468+0000] {standard_task_runner.py:85} INFO - Job 113: Subtask create_table
[2023-09-25T00:00:06.535+0000] {task_command.py:410} INFO - Running <TaskInstance: user_processing.create_table scheduled__2023-09-24T00:00:00+00:00 [running]> on host 6309dbabeb3e
[2023-09-25T00:00:06.647+0000] {taskinstance.py:1547} INFO - Exporting env vars: AIRFLOW_CTX_DAG_OWNER='***' AIRFLOW_CTX_DAG_ID='user_processing' AIRFLOW_CTX_TASK_ID='create_table' AIRFLOW_CTX_EXECUTION_DATE='2023-09-24T00:00:00+00:00' AIRFLOW_CTX_TRY_NUMBER='1' AIRFLOW_CTX_DAG_RUN_ID='scheduled__2023-09-24T00:00:00+00:00'
[2023-09-25T00:00:06.648+0000] {sql.py:265} INFO - Executing: CREATE TABLE IF NOT EXISTS pipelines.***_ini.users (
                first_name TEXT not null,
                last_name TEXT not null,
                country TEXT not null,
                username TEXT not null,
                password TEXT not null,
                email TEXT not null            
            );
[2023-09-25T00:00:06.660+0000] {base.py:73} INFO - Using connection ID '***' for task execution.
[2023-09-25T00:00:06.905+0000] {base.py:73} INFO - Using connection ID '***' for task execution.
[2023-09-25T00:00:06.914+0000] {sql.py:375} INFO - Running statement: CREATE TABLE IF NOT EXISTS pipelines.***_ini.users (
                first_name TEXT not null,
                last_name TEXT not null,
                country TEXT not null,
                username TEXT not null,
                password TEXT not null,
                email TEXT not null            
            );, parameters: None
[2023-09-25T00:00:06.940+0000] {taskinstance.py:1350} INFO - Marking task as SUCCESS. dag_id=user_processing, task_id=create_table, execution_date=20230924T000000, start_date=20230925T000006, end_date=20230925T000006
[2023-09-25T00:00:06.997+0000] {local_task_job_runner.py:225} INFO - Task exited with return code 0
[2023-09-25T00:00:07.040+0000] {taskinstance.py:2653} INFO - 0 downstream tasks scheduled from follow-on schedule check
