[2023-09-22T00:00:09.175+0000] {taskinstance.py:1103} INFO - Dependencies all met for dep_context=non-requeueable deps ti=<TaskInstance: user_processing.create_table scheduled__2023-09-21T00:00:00+00:00 [queued]>
[2023-09-22T00:00:09.199+0000] {taskinstance.py:1103} INFO - Dependencies all met for dep_context=requeueable deps ti=<TaskInstance: user_processing.create_table scheduled__2023-09-21T00:00:00+00:00 [queued]>
[2023-09-22T00:00:09.200+0000] {taskinstance.py:1308} INFO - Starting attempt 1 of 1
[2023-09-22T00:00:09.237+0000] {taskinstance.py:1327} INFO - Executing <Task(PostgresOperator): create_table> on 2023-09-21 00:00:00+00:00
[2023-09-22T00:00:09.250+0000] {standard_task_runner.py:57} INFO - Started process 1991 to run task
[2023-09-22T00:00:09.257+0000] {standard_task_runner.py:84} INFO - Running: ['***', 'tasks', 'run', 'user_processing', 'create_table', 'scheduled__2023-09-21T00:00:00+00:00', '--job-id', '64', '--raw', '--subdir', 'DAGS_FOLDER/user_processing.py', '--cfg-path', '/tmp/tmps416hpno']
[2023-09-22T00:00:09.265+0000] {standard_task_runner.py:85} INFO - Job 64: Subtask create_table
[2023-09-22T00:00:09.363+0000] {task_command.py:410} INFO - Running <TaskInstance: user_processing.create_table scheduled__2023-09-21T00:00:00+00:00 [running]> on host 1997d62a1b9e
[2023-09-22T00:00:09.500+0000] {taskinstance.py:1547} INFO - Exporting env vars: AIRFLOW_CTX_DAG_OWNER='***' AIRFLOW_CTX_DAG_ID='user_processing' AIRFLOW_CTX_TASK_ID='create_table' AIRFLOW_CTX_EXECUTION_DATE='2023-09-21T00:00:00+00:00' AIRFLOW_CTX_TRY_NUMBER='1' AIRFLOW_CTX_DAG_RUN_ID='scheduled__2023-09-21T00:00:00+00:00'
[2023-09-22T00:00:09.501+0000] {sql.py:265} INFO - Executing: CREATE TABLE IF NOT EXISTS pipelines.***_ini.users (
                first_name TEXT not null,
                last_name TEXT not null,
                country TEXT not null,
                username TEXT not null,
                password TEXT not null,
                email TEXT not null            
            );
[2023-09-22T00:00:09.518+0000] {base.py:73} INFO - Using connection ID '***' for task execution.
[2023-09-22T00:00:09.657+0000] {base.py:73} INFO - Using connection ID '***' for task execution.
[2023-09-22T00:00:09.680+0000] {sql.py:375} INFO - Running statement: CREATE TABLE IF NOT EXISTS pipelines.***_ini.users (
                first_name TEXT not null,
                last_name TEXT not null,
                country TEXT not null,
                username TEXT not null,
                password TEXT not null,
                email TEXT not null            
            );, parameters: None
[2023-09-22T00:00:10.345+0000] {taskinstance.py:1350} INFO - Marking task as SUCCESS. dag_id=user_processing, task_id=create_table, execution_date=20230921T000000, start_date=20230922T000009, end_date=20230922T000010
[2023-09-22T00:00:10.415+0000] {local_task_job_runner.py:225} INFO - Task exited with return code 0
[2023-09-22T00:00:10.470+0000] {taskinstance.py:2653} INFO - 0 downstream tasks scheduled from follow-on schedule check
