[2023-09-21T12:53:40.002+0000] {taskinstance.py:1103} INFO - Dependencies all met for dep_context=non-requeueable deps ti=<TaskInstance: user_processing.create_table scheduled__2023-09-20T00:00:00+00:00 [queued]>
[2023-09-21T12:53:40.161+0000] {taskinstance.py:1103} INFO - Dependencies all met for dep_context=requeueable deps ti=<TaskInstance: user_processing.create_table scheduled__2023-09-20T00:00:00+00:00 [queued]>
[2023-09-21T12:53:40.172+0000] {taskinstance.py:1308} INFO - Starting attempt 1 of 1
[2023-09-21T12:53:40.417+0000] {taskinstance.py:1327} INFO - Executing <Task(PostgresOperator): create_table> on 2023-09-20 00:00:00+00:00
[2023-09-21T12:53:40.461+0000] {standard_task_runner.py:57} INFO - Started process 8354 to run task
[2023-09-21T12:53:40.503+0000] {standard_task_runner.py:84} INFO - Running: ['***', 'tasks', 'run', 'user_processing', 'create_table', 'scheduled__2023-09-20T00:00:00+00:00', '--job-id', '37', '--raw', '--subdir', 'DAGS_FOLDER/user_processing.py', '--cfg-path', '/tmp/tmpmx9hm2ty']
[2023-09-21T12:53:40.523+0000] {standard_task_runner.py:85} INFO - Job 37: Subtask create_table
[2023-09-21T12:53:41.532+0000] {task_command.py:410} INFO - Running <TaskInstance: user_processing.create_table scheduled__2023-09-20T00:00:00+00:00 [running]> on host 90548f7cf83f
[2023-09-21T12:53:43.343+0000] {taskinstance.py:1547} INFO - Exporting env vars: AIRFLOW_CTX_DAG_OWNER='***' AIRFLOW_CTX_DAG_ID='user_processing' AIRFLOW_CTX_TASK_ID='create_table' AIRFLOW_CTX_EXECUTION_DATE='2023-09-20T00:00:00+00:00' AIRFLOW_CTX_TRY_NUMBER='1' AIRFLOW_CTX_DAG_RUN_ID='scheduled__2023-09-20T00:00:00+00:00'
[2023-09-21T12:53:43.423+0000] {sql.py:265} INFO - Executing: CREATE TABLE IF NOT EXISTS pipelines.***_ini.users (
                first_name TEXT not null,
                last_name TEXT not null,
                country TEXT not null,
                username TEXT not null,
                password TEXT not null,
                email TEXT not null            
            );
[2023-09-21T12:53:43.493+0000] {base.py:73} INFO - Using connection ID '***_citus' for task execution.
[2023-09-21T12:53:44.325+0000] {base.py:73} INFO - Using connection ID '***_citus' for task execution.
[2023-09-21T12:53:44.424+0000] {sql.py:375} INFO - Running statement: CREATE TABLE IF NOT EXISTS pipelines.***_ini.users (
                first_name TEXT not null,
                last_name TEXT not null,
                country TEXT not null,
                username TEXT not null,
                password TEXT not null,
                email TEXT not null            
            );, parameters: None
[2023-09-21T12:53:44.541+0000] {taskinstance.py:1350} INFO - Marking task as SUCCESS. dag_id=user_processing, task_id=create_table, execution_date=20230920T000000, start_date=20230921T125340, end_date=20230921T125344
[2023-09-21T12:53:45.043+0000] {local_task_job_runner.py:225} INFO - Task exited with return code 0
[2023-09-21T12:53:45.408+0000] {taskinstance.py:2653} INFO - 1 downstream tasks scheduled from follow-on schedule check
