[2023-10-02T13:00:57.545+0000] {processor.py:157} INFO - Started process (PID=11472) to work on /opt/airflow/dags/groups/group_downloads.py
[2023-10-02T13:00:57.598+0000] {processor.py:826} INFO - Processing file /opt/airflow/dags/groups/group_downloads.py for tasks to queue
[2023-10-02T13:00:57.599+0000] {logging_mixin.py:150} INFO - [2023-10-02T13:00:57.599+0000] {dagbag.py:541} INFO - Filling up the DagBag from /opt/airflow/dags/groups/group_downloads.py
[2023-10-02T13:00:57.705+0000] {processor.py:838} WARNING - No viable dags retrieved from /opt/airflow/dags/groups/group_downloads.py
[2023-10-02T13:00:57.772+0000] {processor.py:179} INFO - Processing /opt/airflow/dags/groups/group_downloads.py took 0.268 seconds
[2023-10-02T13:01:28.207+0000] {processor.py:157} INFO - Started process (PID=11513) to work on /opt/airflow/dags/groups/group_downloads.py
[2023-10-02T13:01:28.209+0000] {processor.py:826} INFO - Processing file /opt/airflow/dags/groups/group_downloads.py for tasks to queue
[2023-10-02T13:01:28.210+0000] {logging_mixin.py:150} INFO - [2023-10-02T13:01:28.210+0000] {dagbag.py:541} INFO - Filling up the DagBag from /opt/airflow/dags/groups/group_downloads.py
[2023-10-02T13:01:28.225+0000] {processor.py:838} WARNING - No viable dags retrieved from /opt/airflow/dags/groups/group_downloads.py
[2023-10-02T13:01:28.250+0000] {processor.py:179} INFO - Processing /opt/airflow/dags/groups/group_downloads.py took 0.048 seconds
[2023-10-02T13:01:58.357+0000] {processor.py:157} INFO - Started process (PID=11545) to work on /opt/airflow/dags/groups/group_downloads.py
[2023-10-02T13:01:58.358+0000] {processor.py:826} INFO - Processing file /opt/airflow/dags/groups/group_downloads.py for tasks to queue
[2023-10-02T13:01:58.359+0000] {logging_mixin.py:150} INFO - [2023-10-02T13:01:58.359+0000] {dagbag.py:541} INFO - Filling up the DagBag from /opt/airflow/dags/groups/group_downloads.py
[2023-10-02T13:01:58.360+0000] {processor.py:838} WARNING - No viable dags retrieved from /opt/airflow/dags/groups/group_downloads.py
[2023-10-02T13:01:58.375+0000] {processor.py:179} INFO - Processing /opt/airflow/dags/groups/group_downloads.py took 0.022 seconds
[2023-10-02T13:02:28.493+0000] {processor.py:157} INFO - Started process (PID=11577) to work on /opt/airflow/dags/groups/group_downloads.py
[2023-10-02T13:02:28.493+0000] {processor.py:826} INFO - Processing file /opt/airflow/dags/groups/group_downloads.py for tasks to queue
[2023-10-02T13:02:28.494+0000] {logging_mixin.py:150} INFO - [2023-10-02T13:02:28.494+0000] {dagbag.py:541} INFO - Filling up the DagBag from /opt/airflow/dags/groups/group_downloads.py
[2023-10-02T13:02:28.496+0000] {processor.py:838} WARNING - No viable dags retrieved from /opt/airflow/dags/groups/group_downloads.py
[2023-10-02T13:02:28.510+0000] {processor.py:179} INFO - Processing /opt/airflow/dags/groups/group_downloads.py took 0.021 seconds
[2023-10-02T13:02:58.677+0000] {processor.py:157} INFO - Started process (PID=11605) to work on /opt/airflow/dags/groups/group_downloads.py
[2023-10-02T13:02:58.681+0000] {processor.py:826} INFO - Processing file /opt/airflow/dags/groups/group_downloads.py for tasks to queue
[2023-10-02T13:02:58.682+0000] {logging_mixin.py:150} INFO - [2023-10-02T13:02:58.681+0000] {dagbag.py:541} INFO - Filling up the DagBag from /opt/airflow/dags/groups/group_downloads.py
[2023-10-02T13:02:58.684+0000] {processor.py:838} WARNING - No viable dags retrieved from /opt/airflow/dags/groups/group_downloads.py
[2023-10-02T13:02:58.701+0000] {processor.py:179} INFO - Processing /opt/airflow/dags/groups/group_downloads.py took 0.027 seconds
[2023-10-02T13:03:28.796+0000] {processor.py:157} INFO - Started process (PID=11632) to work on /opt/airflow/dags/groups/group_downloads.py
[2023-10-02T13:03:28.797+0000] {processor.py:826} INFO - Processing file /opt/airflow/dags/groups/group_downloads.py for tasks to queue
[2023-10-02T13:03:28.799+0000] {logging_mixin.py:150} INFO - [2023-10-02T13:03:28.798+0000] {dagbag.py:541} INFO - Filling up the DagBag from /opt/airflow/dags/groups/group_downloads.py
[2023-10-02T13:03:28.800+0000] {processor.py:838} WARNING - No viable dags retrieved from /opt/airflow/dags/groups/group_downloads.py
[2023-10-02T13:03:28.817+0000] {processor.py:179} INFO - Processing /opt/airflow/dags/groups/group_downloads.py took 0.025 seconds
[2023-10-02T13:03:59.386+0000] {processor.py:157} INFO - Started process (PID=11659) to work on /opt/airflow/dags/groups/group_downloads.py
[2023-10-02T13:03:59.392+0000] {processor.py:826} INFO - Processing file /opt/airflow/dags/groups/group_downloads.py for tasks to queue
[2023-10-02T13:03:59.393+0000] {logging_mixin.py:150} INFO - [2023-10-02T13:03:59.392+0000] {dagbag.py:541} INFO - Filling up the DagBag from /opt/airflow/dags/groups/group_downloads.py
[2023-10-02T13:03:59.396+0000] {processor.py:838} WARNING - No viable dags retrieved from /opt/airflow/dags/groups/group_downloads.py
[2023-10-02T13:03:59.430+0000] {processor.py:179} INFO - Processing /opt/airflow/dags/groups/group_downloads.py took 0.059 seconds
[2023-10-02T13:04:29.803+0000] {processor.py:157} INFO - Started process (PID=11686) to work on /opt/airflow/dags/groups/group_downloads.py
[2023-10-02T13:04:29.804+0000] {processor.py:826} INFO - Processing file /opt/airflow/dags/groups/group_downloads.py for tasks to queue
[2023-10-02T13:04:29.806+0000] {logging_mixin.py:150} INFO - [2023-10-02T13:04:29.805+0000] {dagbag.py:541} INFO - Filling up the DagBag from /opt/airflow/dags/groups/group_downloads.py
[2023-10-02T13:04:29.819+0000] {processor.py:838} WARNING - No viable dags retrieved from /opt/airflow/dags/groups/group_downloads.py
[2023-10-02T13:04:29.856+0000] {processor.py:179} INFO - Processing /opt/airflow/dags/groups/group_downloads.py took 0.063 seconds
[2023-10-02T13:05:00.736+0000] {processor.py:157} INFO - Started process (PID=11713) to work on /opt/airflow/dags/groups/group_downloads.py
[2023-10-02T13:05:00.738+0000] {processor.py:826} INFO - Processing file /opt/airflow/dags/groups/group_downloads.py for tasks to queue
[2023-10-02T13:05:00.739+0000] {logging_mixin.py:150} INFO - [2023-10-02T13:05:00.739+0000] {dagbag.py:541} INFO - Filling up the DagBag from /opt/airflow/dags/groups/group_downloads.py
[2023-10-02T13:05:00.742+0000] {processor.py:838} WARNING - No viable dags retrieved from /opt/airflow/dags/groups/group_downloads.py
[2023-10-02T13:05:00.761+0000] {processor.py:179} INFO - Processing /opt/airflow/dags/groups/group_downloads.py took 0.028 seconds
[2023-10-02T13:05:30.945+0000] {processor.py:157} INFO - Started process (PID=11740) to work on /opt/airflow/dags/groups/group_downloads.py
[2023-10-02T13:05:30.946+0000] {processor.py:826} INFO - Processing file /opt/airflow/dags/groups/group_downloads.py for tasks to queue
[2023-10-02T13:05:30.947+0000] {logging_mixin.py:150} INFO - [2023-10-02T13:05:30.946+0000] {dagbag.py:541} INFO - Filling up the DagBag from /opt/airflow/dags/groups/group_downloads.py
[2023-10-02T13:05:30.950+0000] {processor.py:838} WARNING - No viable dags retrieved from /opt/airflow/dags/groups/group_downloads.py
[2023-10-02T13:05:30.970+0000] {processor.py:179} INFO - Processing /opt/airflow/dags/groups/group_downloads.py took 0.030 seconds
[2023-10-02T13:06:01.160+0000] {processor.py:157} INFO - Started process (PID=11767) to work on /opt/airflow/dags/groups/group_downloads.py
[2023-10-02T13:06:01.162+0000] {processor.py:826} INFO - Processing file /opt/airflow/dags/groups/group_downloads.py for tasks to queue
[2023-10-02T13:06:01.163+0000] {logging_mixin.py:150} INFO - [2023-10-02T13:06:01.162+0000] {dagbag.py:541} INFO - Filling up the DagBag from /opt/airflow/dags/groups/group_downloads.py
[2023-10-02T13:06:01.165+0000] {processor.py:838} WARNING - No viable dags retrieved from /opt/airflow/dags/groups/group_downloads.py
[2023-10-02T13:06:01.181+0000] {processor.py:179} INFO - Processing /opt/airflow/dags/groups/group_downloads.py took 0.026 seconds
[2023-10-02T13:06:31.650+0000] {processor.py:157} INFO - Started process (PID=11794) to work on /opt/airflow/dags/groups/group_downloads.py
[2023-10-02T13:06:31.651+0000] {processor.py:826} INFO - Processing file /opt/airflow/dags/groups/group_downloads.py for tasks to queue
[2023-10-02T13:06:31.652+0000] {logging_mixin.py:150} INFO - [2023-10-02T13:06:31.651+0000] {dagbag.py:541} INFO - Filling up the DagBag from /opt/airflow/dags/groups/group_downloads.py
[2023-10-02T13:06:31.653+0000] {processor.py:838} WARNING - No viable dags retrieved from /opt/airflow/dags/groups/group_downloads.py
[2023-10-02T13:06:31.684+0000] {processor.py:179} INFO - Processing /opt/airflow/dags/groups/group_downloads.py took 0.041 seconds
[2023-10-02T13:07:02.468+0000] {processor.py:157} INFO - Started process (PID=11821) to work on /opt/airflow/dags/groups/group_downloads.py
[2023-10-02T13:07:02.523+0000] {processor.py:826} INFO - Processing file /opt/airflow/dags/groups/group_downloads.py for tasks to queue
[2023-10-02T13:07:02.524+0000] {logging_mixin.py:150} INFO - [2023-10-02T13:07:02.523+0000] {dagbag.py:541} INFO - Filling up the DagBag from /opt/airflow/dags/groups/group_downloads.py
[2023-10-02T13:07:02.525+0000] {processor.py:838} WARNING - No viable dags retrieved from /opt/airflow/dags/groups/group_downloads.py
[2023-10-02T13:07:02.545+0000] {processor.py:179} INFO - Processing /opt/airflow/dags/groups/group_downloads.py took 0.084 seconds
[2023-10-02T13:07:33.094+0000] {processor.py:157} INFO - Started process (PID=11848) to work on /opt/airflow/dags/groups/group_downloads.py
[2023-10-02T13:07:33.099+0000] {processor.py:826} INFO - Processing file /opt/airflow/dags/groups/group_downloads.py for tasks to queue
[2023-10-02T13:07:33.101+0000] {logging_mixin.py:150} INFO - [2023-10-02T13:07:33.100+0000] {dagbag.py:541} INFO - Filling up the DagBag from /opt/airflow/dags/groups/group_downloads.py
[2023-10-02T13:07:33.110+0000] {processor.py:838} WARNING - No viable dags retrieved from /opt/airflow/dags/groups/group_downloads.py
[2023-10-02T13:07:33.134+0000] {processor.py:179} INFO - Processing /opt/airflow/dags/groups/group_downloads.py took 0.043 seconds
[2023-10-02T13:08:03.821+0000] {processor.py:157} INFO - Started process (PID=11875) to work on /opt/airflow/dags/groups/group_downloads.py
[2023-10-02T13:08:03.822+0000] {processor.py:826} INFO - Processing file /opt/airflow/dags/groups/group_downloads.py for tasks to queue
[2023-10-02T13:08:03.823+0000] {logging_mixin.py:150} INFO - [2023-10-02T13:08:03.822+0000] {dagbag.py:541} INFO - Filling up the DagBag from /opt/airflow/dags/groups/group_downloads.py
[2023-10-02T13:08:03.824+0000] {processor.py:838} WARNING - No viable dags retrieved from /opt/airflow/dags/groups/group_downloads.py
[2023-10-02T13:08:03.886+0000] {processor.py:179} INFO - Processing /opt/airflow/dags/groups/group_downloads.py took 0.071 seconds
[2023-10-02T13:08:34.413+0000] {processor.py:157} INFO - Started process (PID=11902) to work on /opt/airflow/dags/groups/group_downloads.py
[2023-10-02T13:08:34.421+0000] {processor.py:826} INFO - Processing file /opt/airflow/dags/groups/group_downloads.py for tasks to queue
[2023-10-02T13:08:34.422+0000] {logging_mixin.py:150} INFO - [2023-10-02T13:08:34.421+0000] {dagbag.py:541} INFO - Filling up the DagBag from /opt/airflow/dags/groups/group_downloads.py
[2023-10-02T13:08:34.431+0000] {processor.py:838} WARNING - No viable dags retrieved from /opt/airflow/dags/groups/group_downloads.py
[2023-10-02T13:08:34.485+0000] {processor.py:179} INFO - Processing /opt/airflow/dags/groups/group_downloads.py took 0.082 seconds
[2023-10-02T13:09:04.684+0000] {processor.py:157} INFO - Started process (PID=11930) to work on /opt/airflow/dags/groups/group_downloads.py
[2023-10-02T13:09:04.686+0000] {processor.py:826} INFO - Processing file /opt/airflow/dags/groups/group_downloads.py for tasks to queue
[2023-10-02T13:09:04.689+0000] {logging_mixin.py:150} INFO - [2023-10-02T13:09:04.686+0000] {dagbag.py:541} INFO - Filling up the DagBag from /opt/airflow/dags/groups/group_downloads.py
[2023-10-02T13:09:04.690+0000] {processor.py:838} WARNING - No viable dags retrieved from /opt/airflow/dags/groups/group_downloads.py
[2023-10-02T13:09:04.714+0000] {processor.py:179} INFO - Processing /opt/airflow/dags/groups/group_downloads.py took 0.035 seconds
[2023-10-02T13:09:34.965+0000] {processor.py:157} INFO - Started process (PID=11957) to work on /opt/airflow/dags/groups/group_downloads.py
[2023-10-02T13:09:34.969+0000] {processor.py:826} INFO - Processing file /opt/airflow/dags/groups/group_downloads.py for tasks to queue
[2023-10-02T13:09:34.970+0000] {logging_mixin.py:150} INFO - [2023-10-02T13:09:34.969+0000] {dagbag.py:541} INFO - Filling up the DagBag from /opt/airflow/dags/groups/group_downloads.py
[2023-10-02T13:09:34.972+0000] {processor.py:838} WARNING - No viable dags retrieved from /opt/airflow/dags/groups/group_downloads.py
[2023-10-02T13:09:34.999+0000] {processor.py:179} INFO - Processing /opt/airflow/dags/groups/group_downloads.py took 0.038 seconds
[2023-10-02T13:10:05.182+0000] {processor.py:157} INFO - Started process (PID=11984) to work on /opt/airflow/dags/groups/group_downloads.py
[2023-10-02T13:10:05.183+0000] {processor.py:826} INFO - Processing file /opt/airflow/dags/groups/group_downloads.py for tasks to queue
[2023-10-02T13:10:05.183+0000] {logging_mixin.py:150} INFO - [2023-10-02T13:10:05.183+0000] {dagbag.py:541} INFO - Filling up the DagBag from /opt/airflow/dags/groups/group_downloads.py
[2023-10-02T13:10:05.185+0000] {processor.py:838} WARNING - No viable dags retrieved from /opt/airflow/dags/groups/group_downloads.py
[2023-10-02T13:10:05.203+0000] {processor.py:179} INFO - Processing /opt/airflow/dags/groups/group_downloads.py took 0.025 seconds
[2023-10-02T13:10:35.606+0000] {processor.py:157} INFO - Started process (PID=12011) to work on /opt/airflow/dags/groups/group_downloads.py
[2023-10-02T13:10:35.612+0000] {processor.py:826} INFO - Processing file /opt/airflow/dags/groups/group_downloads.py for tasks to queue
[2023-10-02T13:10:35.613+0000] {logging_mixin.py:150} INFO - [2023-10-02T13:10:35.613+0000] {dagbag.py:541} INFO - Filling up the DagBag from /opt/airflow/dags/groups/group_downloads.py
[2023-10-02T13:10:35.615+0000] {processor.py:838} WARNING - No viable dags retrieved from /opt/airflow/dags/groups/group_downloads.py
[2023-10-02T13:10:35.635+0000] {processor.py:179} INFO - Processing /opt/airflow/dags/groups/group_downloads.py took 0.035 seconds
[2023-10-02T13:11:05.994+0000] {processor.py:157} INFO - Started process (PID=12038) to work on /opt/airflow/dags/groups/group_downloads.py
[2023-10-02T13:11:05.996+0000] {processor.py:826} INFO - Processing file /opt/airflow/dags/groups/group_downloads.py for tasks to queue
[2023-10-02T13:11:05.999+0000] {logging_mixin.py:150} INFO - [2023-10-02T13:11:05.999+0000] {dagbag.py:541} INFO - Filling up the DagBag from /opt/airflow/dags/groups/group_downloads.py
[2023-10-02T13:11:06.001+0000] {processor.py:838} WARNING - No viable dags retrieved from /opt/airflow/dags/groups/group_downloads.py
[2023-10-02T13:11:06.022+0000] {processor.py:179} INFO - Processing /opt/airflow/dags/groups/group_downloads.py took 0.031 seconds
[2023-10-02T13:11:36.481+0000] {processor.py:157} INFO - Started process (PID=12065) to work on /opt/airflow/dags/groups/group_downloads.py
[2023-10-02T13:11:36.483+0000] {processor.py:826} INFO - Processing file /opt/airflow/dags/groups/group_downloads.py for tasks to queue
[2023-10-02T13:11:36.484+0000] {logging_mixin.py:150} INFO - [2023-10-02T13:11:36.484+0000] {dagbag.py:541} INFO - Filling up the DagBag from /opt/airflow/dags/groups/group_downloads.py
[2023-10-02T13:11:36.490+0000] {processor.py:838} WARNING - No viable dags retrieved from /opt/airflow/dags/groups/group_downloads.py
[2023-10-02T13:11:36.511+0000] {processor.py:179} INFO - Processing /opt/airflow/dags/groups/group_downloads.py took 0.037 seconds
[2023-10-02T13:12:07.039+0000] {processor.py:157} INFO - Started process (PID=12092) to work on /opt/airflow/dags/groups/group_downloads.py
[2023-10-02T13:12:07.072+0000] {processor.py:826} INFO - Processing file /opt/airflow/dags/groups/group_downloads.py for tasks to queue
[2023-10-02T13:12:07.073+0000] {logging_mixin.py:150} INFO - [2023-10-02T13:12:07.073+0000] {dagbag.py:541} INFO - Filling up the DagBag from /opt/airflow/dags/groups/group_downloads.py
[2023-10-02T13:12:07.075+0000] {processor.py:838} WARNING - No viable dags retrieved from /opt/airflow/dags/groups/group_downloads.py
[2023-10-02T13:12:07.099+0000] {processor.py:179} INFO - Processing /opt/airflow/dags/groups/group_downloads.py took 0.065 seconds
[2023-10-02T13:12:37.720+0000] {processor.py:157} INFO - Started process (PID=12120) to work on /opt/airflow/dags/groups/group_downloads.py
[2023-10-02T13:12:37.721+0000] {processor.py:826} INFO - Processing file /opt/airflow/dags/groups/group_downloads.py for tasks to queue
[2023-10-02T13:12:37.722+0000] {logging_mixin.py:150} INFO - [2023-10-02T13:12:37.722+0000] {dagbag.py:541} INFO - Filling up the DagBag from /opt/airflow/dags/groups/group_downloads.py
[2023-10-02T13:12:37.724+0000] {processor.py:838} WARNING - No viable dags retrieved from /opt/airflow/dags/groups/group_downloads.py
[2023-10-02T13:12:37.753+0000] {processor.py:179} INFO - Processing /opt/airflow/dags/groups/group_downloads.py took 0.040 seconds
[2023-10-02T13:13:08.591+0000] {processor.py:157} INFO - Started process (PID=12147) to work on /opt/airflow/dags/groups/group_downloads.py
[2023-10-02T13:13:08.600+0000] {processor.py:826} INFO - Processing file /opt/airflow/dags/groups/group_downloads.py for tasks to queue
[2023-10-02T13:13:08.602+0000] {logging_mixin.py:150} INFO - [2023-10-02T13:13:08.602+0000] {dagbag.py:541} INFO - Filling up the DagBag from /opt/airflow/dags/groups/group_downloads.py
[2023-10-02T13:13:08.609+0000] {processor.py:838} WARNING - No viable dags retrieved from /opt/airflow/dags/groups/group_downloads.py
[2023-10-02T13:13:08.631+0000] {processor.py:179} INFO - Processing /opt/airflow/dags/groups/group_downloads.py took 0.048 seconds
[2023-10-02T13:13:39.380+0000] {processor.py:157} INFO - Started process (PID=12174) to work on /opt/airflow/dags/groups/group_downloads.py
[2023-10-02T13:13:39.380+0000] {processor.py:826} INFO - Processing file /opt/airflow/dags/groups/group_downloads.py for tasks to queue
[2023-10-02T13:13:39.381+0000] {logging_mixin.py:150} INFO - [2023-10-02T13:13:39.381+0000] {dagbag.py:541} INFO - Filling up the DagBag from /opt/airflow/dags/groups/group_downloads.py
[2023-10-02T13:13:39.383+0000] {processor.py:838} WARNING - No viable dags retrieved from /opt/airflow/dags/groups/group_downloads.py
[2023-10-02T13:13:39.405+0000] {processor.py:179} INFO - Processing /opt/airflow/dags/groups/group_downloads.py took 0.032 seconds
[2023-10-02T13:14:10.192+0000] {processor.py:157} INFO - Started process (PID=12201) to work on /opt/airflow/dags/groups/group_downloads.py
[2023-10-02T13:14:10.194+0000] {processor.py:826} INFO - Processing file /opt/airflow/dags/groups/group_downloads.py for tasks to queue
[2023-10-02T13:14:10.198+0000] {logging_mixin.py:150} INFO - [2023-10-02T13:14:10.198+0000] {dagbag.py:541} INFO - Filling up the DagBag from /opt/airflow/dags/groups/group_downloads.py
[2023-10-02T13:14:10.200+0000] {processor.py:838} WARNING - No viable dags retrieved from /opt/airflow/dags/groups/group_downloads.py
[2023-10-02T13:14:10.225+0000] {processor.py:179} INFO - Processing /opt/airflow/dags/groups/group_downloads.py took 0.036 seconds
[2023-10-02T13:14:41.003+0000] {processor.py:157} INFO - Started process (PID=12228) to work on /opt/airflow/dags/groups/group_downloads.py
[2023-10-02T13:14:41.008+0000] {processor.py:826} INFO - Processing file /opt/airflow/dags/groups/group_downloads.py for tasks to queue
[2023-10-02T13:14:41.009+0000] {logging_mixin.py:150} INFO - [2023-10-02T13:14:41.009+0000] {dagbag.py:541} INFO - Filling up the DagBag from /opt/airflow/dags/groups/group_downloads.py
[2023-10-02T13:14:41.011+0000] {processor.py:838} WARNING - No viable dags retrieved from /opt/airflow/dags/groups/group_downloads.py
[2023-10-02T13:14:41.049+0000] {processor.py:179} INFO - Processing /opt/airflow/dags/groups/group_downloads.py took 0.050 seconds
[2023-10-02T13:15:11.702+0000] {processor.py:157} INFO - Started process (PID=12255) to work on /opt/airflow/dags/groups/group_downloads.py
[2023-10-02T13:15:11.703+0000] {processor.py:826} INFO - Processing file /opt/airflow/dags/groups/group_downloads.py for tasks to queue
[2023-10-02T13:15:11.708+0000] {logging_mixin.py:150} INFO - [2023-10-02T13:15:11.704+0000] {dagbag.py:541} INFO - Filling up the DagBag from /opt/airflow/dags/groups/group_downloads.py
[2023-10-02T13:15:11.711+0000] {processor.py:838} WARNING - No viable dags retrieved from /opt/airflow/dags/groups/group_downloads.py
[2023-10-02T13:15:11.750+0000] {processor.py:179} INFO - Processing /opt/airflow/dags/groups/group_downloads.py took 0.058 seconds
[2023-10-02T13:15:42.588+0000] {processor.py:157} INFO - Started process (PID=12282) to work on /opt/airflow/dags/groups/group_downloads.py
[2023-10-02T13:15:42.590+0000] {processor.py:826} INFO - Processing file /opt/airflow/dags/groups/group_downloads.py for tasks to queue
[2023-10-02T13:15:42.590+0000] {logging_mixin.py:150} INFO - [2023-10-02T13:15:42.590+0000] {dagbag.py:541} INFO - Filling up the DagBag from /opt/airflow/dags/groups/group_downloads.py
[2023-10-02T13:15:42.592+0000] {processor.py:838} WARNING - No viable dags retrieved from /opt/airflow/dags/groups/group_downloads.py
[2023-10-02T13:15:42.619+0000] {processor.py:179} INFO - Processing /opt/airflow/dags/groups/group_downloads.py took 0.038 seconds
[2023-10-02T13:16:13.483+0000] {processor.py:157} INFO - Started process (PID=12310) to work on /opt/airflow/dags/groups/group_downloads.py
[2023-10-02T13:16:13.489+0000] {processor.py:826} INFO - Processing file /opt/airflow/dags/groups/group_downloads.py for tasks to queue
[2023-10-02T13:16:13.491+0000] {logging_mixin.py:150} INFO - [2023-10-02T13:16:13.490+0000] {dagbag.py:541} INFO - Filling up the DagBag from /opt/airflow/dags/groups/group_downloads.py
[2023-10-02T13:16:13.493+0000] {processor.py:838} WARNING - No viable dags retrieved from /opt/airflow/dags/groups/group_downloads.py
[2023-10-02T13:16:13.523+0000] {processor.py:179} INFO - Processing /opt/airflow/dags/groups/group_downloads.py took 0.043 seconds
[2023-10-02T13:16:43.872+0000] {processor.py:157} INFO - Started process (PID=12337) to work on /opt/airflow/dags/groups/group_downloads.py
[2023-10-02T13:16:43.872+0000] {processor.py:826} INFO - Processing file /opt/airflow/dags/groups/group_downloads.py for tasks to queue
[2023-10-02T13:16:43.873+0000] {logging_mixin.py:150} INFO - [2023-10-02T13:16:43.873+0000] {dagbag.py:541} INFO - Filling up the DagBag from /opt/airflow/dags/groups/group_downloads.py
[2023-10-02T13:16:43.879+0000] {processor.py:838} WARNING - No viable dags retrieved from /opt/airflow/dags/groups/group_downloads.py
[2023-10-02T13:16:43.911+0000] {processor.py:179} INFO - Processing /opt/airflow/dags/groups/group_downloads.py took 0.042 seconds
[2023-10-02T13:17:14.750+0000] {processor.py:157} INFO - Started process (PID=12364) to work on /opt/airflow/dags/groups/group_downloads.py
[2023-10-02T13:17:14.752+0000] {processor.py:826} INFO - Processing file /opt/airflow/dags/groups/group_downloads.py for tasks to queue
[2023-10-02T13:17:14.753+0000] {logging_mixin.py:150} INFO - [2023-10-02T13:17:14.753+0000] {dagbag.py:541} INFO - Filling up the DagBag from /opt/airflow/dags/groups/group_downloads.py
[2023-10-02T13:17:14.760+0000] {processor.py:838} WARNING - No viable dags retrieved from /opt/airflow/dags/groups/group_downloads.py
[2023-10-02T13:17:14.793+0000] {processor.py:179} INFO - Processing /opt/airflow/dags/groups/group_downloads.py took 0.050 seconds
[2023-10-02T13:17:45.149+0000] {processor.py:157} INFO - Started process (PID=12391) to work on /opt/airflow/dags/groups/group_downloads.py
[2023-10-02T13:17:45.153+0000] {processor.py:826} INFO - Processing file /opt/airflow/dags/groups/group_downloads.py for tasks to queue
[2023-10-02T13:17:45.158+0000] {logging_mixin.py:150} INFO - [2023-10-02T13:17:45.154+0000] {dagbag.py:541} INFO - Filling up the DagBag from /opt/airflow/dags/groups/group_downloads.py
[2023-10-02T13:17:45.163+0000] {processor.py:838} WARNING - No viable dags retrieved from /opt/airflow/dags/groups/group_downloads.py
[2023-10-02T13:17:45.193+0000] {processor.py:179} INFO - Processing /opt/airflow/dags/groups/group_downloads.py took 0.051 seconds
[2023-10-02T13:18:15.851+0000] {processor.py:157} INFO - Started process (PID=12418) to work on /opt/airflow/dags/groups/group_downloads.py
[2023-10-02T13:18:15.853+0000] {processor.py:826} INFO - Processing file /opt/airflow/dags/groups/group_downloads.py for tasks to queue
[2023-10-02T13:18:15.854+0000] {logging_mixin.py:150} INFO - [2023-10-02T13:18:15.853+0000] {dagbag.py:541} INFO - Filling up the DagBag from /opt/airflow/dags/groups/group_downloads.py
[2023-10-02T13:18:15.861+0000] {processor.py:838} WARNING - No viable dags retrieved from /opt/airflow/dags/groups/group_downloads.py
[2023-10-02T13:18:15.893+0000] {processor.py:179} INFO - Processing /opt/airflow/dags/groups/group_downloads.py took 0.049 seconds
[2023-10-02T13:18:46.100+0000] {processor.py:157} INFO - Started process (PID=12445) to work on /opt/airflow/dags/groups/group_downloads.py
[2023-10-02T13:18:46.101+0000] {processor.py:826} INFO - Processing file /opt/airflow/dags/groups/group_downloads.py for tasks to queue
[2023-10-02T13:18:46.102+0000] {logging_mixin.py:150} INFO - [2023-10-02T13:18:46.101+0000] {dagbag.py:541} INFO - Filling up the DagBag from /opt/airflow/dags/groups/group_downloads.py
[2023-10-02T13:18:46.108+0000] {processor.py:838} WARNING - No viable dags retrieved from /opt/airflow/dags/groups/group_downloads.py
[2023-10-02T13:18:46.138+0000] {processor.py:179} INFO - Processing /opt/airflow/dags/groups/group_downloads.py took 0.046 seconds
[2023-10-02T13:19:16.639+0000] {processor.py:157} INFO - Started process (PID=12471) to work on /opt/airflow/dags/groups/group_downloads.py
[2023-10-02T13:19:16.669+0000] {processor.py:826} INFO - Processing file /opt/airflow/dags/groups/group_downloads.py for tasks to queue
[2023-10-02T13:19:16.679+0000] {logging_mixin.py:150} INFO - [2023-10-02T13:19:16.679+0000] {dagbag.py:541} INFO - Filling up the DagBag from /opt/airflow/dags/groups/group_downloads.py
[2023-10-02T13:19:16.681+0000] {processor.py:838} WARNING - No viable dags retrieved from /opt/airflow/dags/groups/group_downloads.py
[2023-10-02T13:19:16.730+0000] {processor.py:179} INFO - Processing /opt/airflow/dags/groups/group_downloads.py took 0.098 seconds
[2023-10-02T13:19:47.293+0000] {processor.py:157} INFO - Started process (PID=12499) to work on /opt/airflow/dags/groups/group_downloads.py
[2023-10-02T13:19:47.294+0000] {processor.py:826} INFO - Processing file /opt/airflow/dags/groups/group_downloads.py for tasks to queue
[2023-10-02T13:19:47.299+0000] {logging_mixin.py:150} INFO - [2023-10-02T13:19:47.298+0000] {dagbag.py:541} INFO - Filling up the DagBag from /opt/airflow/dags/groups/group_downloads.py
[2023-10-02T13:19:47.302+0000] {processor.py:838} WARNING - No viable dags retrieved from /opt/airflow/dags/groups/group_downloads.py
[2023-10-02T13:19:47.403+0000] {processor.py:179} INFO - Processing /opt/airflow/dags/groups/group_downloads.py took 0.130 seconds
[2023-10-02T13:20:17.753+0000] {processor.py:157} INFO - Started process (PID=12526) to work on /opt/airflow/dags/groups/group_downloads.py
[2023-10-02T13:20:17.763+0000] {processor.py:826} INFO - Processing file /opt/airflow/dags/groups/group_downloads.py for tasks to queue
[2023-10-02T13:20:17.769+0000] {logging_mixin.py:150} INFO - [2023-10-02T13:20:17.769+0000] {dagbag.py:541} INFO - Filling up the DagBag from /opt/airflow/dags/groups/group_downloads.py
[2023-10-02T13:20:17.771+0000] {processor.py:838} WARNING - No viable dags retrieved from /opt/airflow/dags/groups/group_downloads.py
[2023-10-02T13:20:17.820+0000] {processor.py:179} INFO - Processing /opt/airflow/dags/groups/group_downloads.py took 0.080 seconds
[2023-10-02T13:20:48.443+0000] {processor.py:157} INFO - Started process (PID=12545) to work on /opt/airflow/dags/groups/group_downloads.py
[2023-10-02T13:20:48.469+0000] {processor.py:826} INFO - Processing file /opt/airflow/dags/groups/group_downloads.py for tasks to queue
[2023-10-02T13:20:48.489+0000] {logging_mixin.py:150} INFO - [2023-10-02T13:20:48.473+0000] {dagbag.py:541} INFO - Filling up the DagBag from /opt/airflow/dags/groups/group_downloads.py
[2023-10-02T13:20:48.503+0000] {processor.py:838} WARNING - No viable dags retrieved from /opt/airflow/dags/groups/group_downloads.py
[2023-10-02T13:20:48.702+0000] {processor.py:179} INFO - Processing /opt/airflow/dags/groups/group_downloads.py took 0.280 seconds
[2023-10-02T13:21:19.382+0000] {processor.py:157} INFO - Started process (PID=12573) to work on /opt/airflow/dags/groups/group_downloads.py
[2023-10-02T13:21:19.388+0000] {processor.py:826} INFO - Processing file /opt/airflow/dags/groups/group_downloads.py for tasks to queue
[2023-10-02T13:21:19.389+0000] {logging_mixin.py:150} INFO - [2023-10-02T13:21:19.389+0000] {dagbag.py:541} INFO - Filling up the DagBag from /opt/airflow/dags/groups/group_downloads.py
[2023-10-02T13:21:19.391+0000] {processor.py:838} WARNING - No viable dags retrieved from /opt/airflow/dags/groups/group_downloads.py
[2023-10-02T13:21:19.458+0000] {processor.py:179} INFO - Processing /opt/airflow/dags/groups/group_downloads.py took 0.086 seconds
[2023-10-02T13:21:49.991+0000] {processor.py:157} INFO - Started process (PID=12600) to work on /opt/airflow/dags/groups/group_downloads.py
[2023-10-02T13:21:49.992+0000] {processor.py:826} INFO - Processing file /opt/airflow/dags/groups/group_downloads.py for tasks to queue
[2023-10-02T13:21:49.993+0000] {logging_mixin.py:150} INFO - [2023-10-02T13:21:49.993+0000] {dagbag.py:541} INFO - Filling up the DagBag from /opt/airflow/dags/groups/group_downloads.py
[2023-10-02T13:21:50.000+0000] {processor.py:838} WARNING - No viable dags retrieved from /opt/airflow/dags/groups/group_downloads.py
[2023-10-02T13:21:50.052+0000] {processor.py:179} INFO - Processing /opt/airflow/dags/groups/group_downloads.py took 0.074 seconds
[2023-10-02T13:22:20.521+0000] {processor.py:157} INFO - Started process (PID=12628) to work on /opt/airflow/dags/groups/group_downloads.py
[2023-10-02T13:22:20.532+0000] {processor.py:826} INFO - Processing file /opt/airflow/dags/groups/group_downloads.py for tasks to queue
[2023-10-02T13:22:20.550+0000] {logging_mixin.py:150} INFO - [2023-10-02T13:22:20.549+0000] {dagbag.py:541} INFO - Filling up the DagBag from /opt/airflow/dags/groups/group_downloads.py
[2023-10-02T13:22:20.559+0000] {processor.py:838} WARNING - No viable dags retrieved from /opt/airflow/dags/groups/group_downloads.py
[2023-10-02T13:22:20.700+0000] {processor.py:179} INFO - Processing /opt/airflow/dags/groups/group_downloads.py took 0.208 seconds
[2023-10-02T13:22:51.392+0000] {processor.py:157} INFO - Started process (PID=12655) to work on /opt/airflow/dags/groups/group_downloads.py
[2023-10-02T13:22:51.400+0000] {processor.py:826} INFO - Processing file /opt/airflow/dags/groups/group_downloads.py for tasks to queue
[2023-10-02T13:22:51.402+0000] {logging_mixin.py:150} INFO - [2023-10-02T13:22:51.402+0000] {dagbag.py:541} INFO - Filling up the DagBag from /opt/airflow/dags/groups/group_downloads.py
[2023-10-02T13:22:51.410+0000] {processor.py:838} WARNING - No viable dags retrieved from /opt/airflow/dags/groups/group_downloads.py
[2023-10-02T13:22:51.498+0000] {processor.py:179} INFO - Processing /opt/airflow/dags/groups/group_downloads.py took 0.127 seconds
[2023-10-02T13:23:21.620+0000] {processor.py:157} INFO - Started process (PID=12680) to work on /opt/airflow/dags/groups/group_downloads.py
[2023-10-02T13:23:21.622+0000] {processor.py:826} INFO - Processing file /opt/airflow/dags/groups/group_downloads.py for tasks to queue
[2023-10-02T13:23:21.629+0000] {logging_mixin.py:150} INFO - [2023-10-02T13:23:21.623+0000] {dagbag.py:541} INFO - Filling up the DagBag from /opt/airflow/dags/groups/group_downloads.py
[2023-10-02T13:23:21.659+0000] {processor.py:838} WARNING - No viable dags retrieved from /opt/airflow/dags/groups/group_downloads.py
[2023-10-02T13:23:21.751+0000] {processor.py:179} INFO - Processing /opt/airflow/dags/groups/group_downloads.py took 0.170 seconds
[2023-10-02T13:23:51.922+0000] {processor.py:157} INFO - Started process (PID=12707) to work on /opt/airflow/dags/groups/group_downloads.py
[2023-10-02T13:23:51.929+0000] {processor.py:826} INFO - Processing file /opt/airflow/dags/groups/group_downloads.py for tasks to queue
[2023-10-02T13:23:51.930+0000] {logging_mixin.py:150} INFO - [2023-10-02T13:23:51.929+0000] {dagbag.py:541} INFO - Filling up the DagBag from /opt/airflow/dags/groups/group_downloads.py
[2023-10-02T13:23:51.933+0000] {processor.py:838} WARNING - No viable dags retrieved from /opt/airflow/dags/groups/group_downloads.py
[2023-10-02T13:23:52.013+0000] {processor.py:179} INFO - Processing /opt/airflow/dags/groups/group_downloads.py took 0.110 seconds
[2023-10-02T13:24:22.451+0000] {processor.py:157} INFO - Started process (PID=12734) to work on /opt/airflow/dags/groups/group_downloads.py
[2023-10-02T13:24:22.453+0000] {processor.py:826} INFO - Processing file /opt/airflow/dags/groups/group_downloads.py for tasks to queue
[2023-10-02T13:24:22.472+0000] {logging_mixin.py:150} INFO - [2023-10-02T13:24:22.470+0000] {dagbag.py:541} INFO - Filling up the DagBag from /opt/airflow/dags/groups/group_downloads.py
[2023-10-02T13:24:22.482+0000] {processor.py:838} WARNING - No viable dags retrieved from /opt/airflow/dags/groups/group_downloads.py
[2023-10-02T13:24:22.563+0000] {processor.py:179} INFO - Processing /opt/airflow/dags/groups/group_downloads.py took 0.124 seconds
[2023-10-02T13:24:52.758+0000] {processor.py:157} INFO - Started process (PID=12761) to work on /opt/airflow/dags/groups/group_downloads.py
[2023-10-02T13:24:52.760+0000] {processor.py:826} INFO - Processing file /opt/airflow/dags/groups/group_downloads.py for tasks to queue
[2023-10-02T13:24:52.762+0000] {logging_mixin.py:150} INFO - [2023-10-02T13:24:52.761+0000] {dagbag.py:541} INFO - Filling up the DagBag from /opt/airflow/dags/groups/group_downloads.py
[2023-10-02T13:24:52.771+0000] {processor.py:838} WARNING - No viable dags retrieved from /opt/airflow/dags/groups/group_downloads.py
[2023-10-02T13:24:52.852+0000] {processor.py:179} INFO - Processing /opt/airflow/dags/groups/group_downloads.py took 0.122 seconds
[2023-10-02T13:25:23.489+0000] {processor.py:157} INFO - Started process (PID=12786) to work on /opt/airflow/dags/groups/group_downloads.py
[2023-10-02T13:25:23.491+0000] {processor.py:826} INFO - Processing file /opt/airflow/dags/groups/group_downloads.py for tasks to queue
[2023-10-02T13:25:23.492+0000] {logging_mixin.py:150} INFO - [2023-10-02T13:25:23.491+0000] {dagbag.py:541} INFO - Filling up the DagBag from /opt/airflow/dags/groups/group_downloads.py
[2023-10-02T13:25:23.500+0000] {processor.py:838} WARNING - No viable dags retrieved from /opt/airflow/dags/groups/group_downloads.py
[2023-10-02T13:25:23.550+0000] {processor.py:179} INFO - Processing /opt/airflow/dags/groups/group_downloads.py took 0.071 seconds
[2023-10-02T13:25:54.051+0000] {processor.py:157} INFO - Started process (PID=12815) to work on /opt/airflow/dags/groups/group_downloads.py
[2023-10-02T13:25:54.079+0000] {processor.py:826} INFO - Processing file /opt/airflow/dags/groups/group_downloads.py for tasks to queue
[2023-10-02T13:25:54.089+0000] {logging_mixin.py:150} INFO - [2023-10-02T13:25:54.082+0000] {dagbag.py:541} INFO - Filling up the DagBag from /opt/airflow/dags/groups/group_downloads.py
[2023-10-02T13:25:54.100+0000] {processor.py:838} WARNING - No viable dags retrieved from /opt/airflow/dags/groups/group_downloads.py
[2023-10-02T13:25:54.171+0000] {processor.py:179} INFO - Processing /opt/airflow/dags/groups/group_downloads.py took 0.150 seconds
[2023-10-02T13:26:24.331+0000] {processor.py:157} INFO - Started process (PID=12842) to work on /opt/airflow/dags/groups/group_downloads.py
[2023-10-02T13:26:24.338+0000] {processor.py:826} INFO - Processing file /opt/airflow/dags/groups/group_downloads.py for tasks to queue
[2023-10-02T13:26:24.339+0000] {logging_mixin.py:150} INFO - [2023-10-02T13:26:24.339+0000] {dagbag.py:541} INFO - Filling up the DagBag from /opt/airflow/dags/groups/group_downloads.py
[2023-10-02T13:26:24.342+0000] {processor.py:838} WARNING - No viable dags retrieved from /opt/airflow/dags/groups/group_downloads.py
[2023-10-02T13:26:24.399+0000] {processor.py:179} INFO - Processing /opt/airflow/dags/groups/group_downloads.py took 0.078 seconds
[2023-10-02T13:26:54.639+0000] {processor.py:157} INFO - Started process (PID=12870) to work on /opt/airflow/dags/groups/group_downloads.py
[2023-10-02T13:26:54.649+0000] {processor.py:826} INFO - Processing file /opt/airflow/dags/groups/group_downloads.py for tasks to queue
[2023-10-02T13:26:54.649+0000] {logging_mixin.py:150} INFO - [2023-10-02T13:26:54.649+0000] {dagbag.py:541} INFO - Filling up the DagBag from /opt/airflow/dags/groups/group_downloads.py
[2023-10-02T13:26:54.652+0000] {processor.py:838} WARNING - No viable dags retrieved from /opt/airflow/dags/groups/group_downloads.py
[2023-10-02T13:26:54.740+0000] {processor.py:179} INFO - Processing /opt/airflow/dags/groups/group_downloads.py took 0.109 seconds
[2023-10-02T13:27:25.421+0000] {processor.py:157} INFO - Started process (PID=12897) to work on /opt/airflow/dags/groups/group_downloads.py
[2023-10-02T13:27:25.422+0000] {processor.py:826} INFO - Processing file /opt/airflow/dags/groups/group_downloads.py for tasks to queue
[2023-10-02T13:27:25.429+0000] {logging_mixin.py:150} INFO - [2023-10-02T13:27:25.422+0000] {dagbag.py:541} INFO - Filling up the DagBag from /opt/airflow/dags/groups/group_downloads.py
[2023-10-02T13:27:25.431+0000] {processor.py:838} WARNING - No viable dags retrieved from /opt/airflow/dags/groups/group_downloads.py
[2023-10-02T13:27:25.480+0000] {processor.py:179} INFO - Processing /opt/airflow/dags/groups/group_downloads.py took 0.070 seconds
[2023-10-02T13:27:56.172+0000] {processor.py:157} INFO - Started process (PID=12924) to work on /opt/airflow/dags/groups/group_downloads.py
[2023-10-02T13:27:56.180+0000] {processor.py:826} INFO - Processing file /opt/airflow/dags/groups/group_downloads.py for tasks to queue
[2023-10-02T13:27:56.181+0000] {logging_mixin.py:150} INFO - [2023-10-02T13:27:56.181+0000] {dagbag.py:541} INFO - Filling up the DagBag from /opt/airflow/dags/groups/group_downloads.py
[2023-10-02T13:27:56.190+0000] {processor.py:838} WARNING - No viable dags retrieved from /opt/airflow/dags/groups/group_downloads.py
[2023-10-02T13:27:56.239+0000] {processor.py:179} INFO - Processing /opt/airflow/dags/groups/group_downloads.py took 0.077 seconds
[2023-10-02T13:28:26.810+0000] {processor.py:157} INFO - Started process (PID=12951) to work on /opt/airflow/dags/groups/group_downloads.py
[2023-10-02T13:28:26.879+0000] {processor.py:826} INFO - Processing file /opt/airflow/dags/groups/group_downloads.py for tasks to queue
[2023-10-02T13:28:26.880+0000] {logging_mixin.py:150} INFO - [2023-10-02T13:28:26.880+0000] {dagbag.py:541} INFO - Filling up the DagBag from /opt/airflow/dags/groups/group_downloads.py
[2023-10-02T13:28:26.891+0000] {processor.py:838} WARNING - No viable dags retrieved from /opt/airflow/dags/groups/group_downloads.py
[2023-10-02T13:28:27.062+0000] {processor.py:179} INFO - Processing /opt/airflow/dags/groups/group_downloads.py took 0.301 seconds
[2023-10-02T13:28:57.639+0000] {processor.py:157} INFO - Started process (PID=12969) to work on /opt/airflow/dags/groups/group_downloads.py
[2023-10-02T13:28:57.649+0000] {processor.py:826} INFO - Processing file /opt/airflow/dags/groups/group_downloads.py for tasks to queue
[2023-10-02T13:28:57.660+0000] {logging_mixin.py:150} INFO - [2023-10-02T13:28:57.659+0000] {dagbag.py:541} INFO - Filling up the DagBag from /opt/airflow/dags/groups/group_downloads.py
[2023-10-02T13:28:57.691+0000] {processor.py:838} WARNING - No viable dags retrieved from /opt/airflow/dags/groups/group_downloads.py
[2023-10-02T13:28:57.931+0000] {processor.py:179} INFO - Processing /opt/airflow/dags/groups/group_downloads.py took 0.333 seconds
[2023-10-02T13:29:28.641+0000] {processor.py:157} INFO - Started process (PID=12996) to work on /opt/airflow/dags/groups/group_downloads.py
[2023-10-02T13:29:28.650+0000] {processor.py:826} INFO - Processing file /opt/airflow/dags/groups/group_downloads.py for tasks to queue
[2023-10-02T13:29:28.660+0000] {logging_mixin.py:150} INFO - [2023-10-02T13:29:28.651+0000] {dagbag.py:541} INFO - Filling up the DagBag from /opt/airflow/dags/groups/group_downloads.py
[2023-10-02T13:29:28.741+0000] {processor.py:838} WARNING - No viable dags retrieved from /opt/airflow/dags/groups/group_downloads.py
[2023-10-02T13:29:29.209+0000] {processor.py:179} INFO - Processing /opt/airflow/dags/groups/group_downloads.py took 0.680 seconds
[2023-10-02T13:29:59.719+0000] {processor.py:157} INFO - Started process (PID=13023) to work on /opt/airflow/dags/groups/group_downloads.py
[2023-10-02T13:29:59.740+0000] {processor.py:826} INFO - Processing file /opt/airflow/dags/groups/group_downloads.py for tasks to queue
[2023-10-02T13:29:59.780+0000] {logging_mixin.py:150} INFO - [2023-10-02T13:29:59.778+0000] {dagbag.py:541} INFO - Filling up the DagBag from /opt/airflow/dags/groups/group_downloads.py
[2023-10-02T13:29:59.830+0000] {processor.py:838} WARNING - No viable dags retrieved from /opt/airflow/dags/groups/group_downloads.py
[2023-10-02T13:30:00.211+0000] {processor.py:179} INFO - Processing /opt/airflow/dags/groups/group_downloads.py took 0.563 seconds
[2023-10-02T13:30:30.849+0000] {processor.py:157} INFO - Started process (PID=13050) to work on /opt/airflow/dags/groups/group_downloads.py
[2023-10-02T13:30:30.880+0000] {processor.py:826} INFO - Processing file /opt/airflow/dags/groups/group_downloads.py for tasks to queue
[2023-10-02T13:30:30.909+0000] {logging_mixin.py:150} INFO - [2023-10-02T13:30:30.901+0000] {dagbag.py:541} INFO - Filling up the DagBag from /opt/airflow/dags/groups/group_downloads.py
[2023-10-02T13:30:30.951+0000] {processor.py:838} WARNING - No viable dags retrieved from /opt/airflow/dags/groups/group_downloads.py
[2023-10-02T13:30:31.371+0000] {processor.py:179} INFO - Processing /opt/airflow/dags/groups/group_downloads.py took 0.570 seconds
[2023-10-02T13:31:01.850+0000] {processor.py:157} INFO - Started process (PID=13077) to work on /opt/airflow/dags/groups/group_downloads.py
[2023-10-02T13:31:01.870+0000] {processor.py:826} INFO - Processing file /opt/airflow/dags/groups/group_downloads.py for tasks to queue
[2023-10-02T13:31:01.881+0000] {logging_mixin.py:150} INFO - [2023-10-02T13:31:01.871+0000] {dagbag.py:541} INFO - Filling up the DagBag from /opt/airflow/dags/groups/group_downloads.py
[2023-10-02T13:31:01.920+0000] {processor.py:838} WARNING - No viable dags retrieved from /opt/airflow/dags/groups/group_downloads.py
[2023-10-02T13:31:02.199+0000] {processor.py:179} INFO - Processing /opt/airflow/dags/groups/group_downloads.py took 0.399 seconds
[2023-10-02T13:31:33.099+0000] {processor.py:157} INFO - Started process (PID=13095) to work on /opt/airflow/dags/groups/group_downloads.py
[2023-10-02T13:31:33.119+0000] {processor.py:826} INFO - Processing file /opt/airflow/dags/groups/group_downloads.py for tasks to queue
[2023-10-02T13:31:33.121+0000] {logging_mixin.py:150} INFO - [2023-10-02T13:31:33.120+0000] {dagbag.py:541} INFO - Filling up the DagBag from /opt/airflow/dags/groups/group_downloads.py
[2023-10-02T13:31:33.179+0000] {processor.py:838} WARNING - No viable dags retrieved from /opt/airflow/dags/groups/group_downloads.py
[2023-10-02T13:31:33.399+0000] {processor.py:179} INFO - Processing /opt/airflow/dags/groups/group_downloads.py took 0.399 seconds
[2023-10-02T13:32:03.519+0000] {processor.py:157} INFO - Started process (PID=13122) to work on /opt/airflow/dags/groups/group_downloads.py
[2023-10-02T13:32:03.528+0000] {processor.py:826} INFO - Processing file /opt/airflow/dags/groups/group_downloads.py for tasks to queue
[2023-10-02T13:32:03.530+0000] {logging_mixin.py:150} INFO - [2023-10-02T13:32:03.529+0000] {dagbag.py:541} INFO - Filling up the DagBag from /opt/airflow/dags/groups/group_downloads.py
[2023-10-02T13:32:03.540+0000] {processor.py:838} WARNING - No viable dags retrieved from /opt/airflow/dags/groups/group_downloads.py
[2023-10-02T13:32:03.629+0000] {processor.py:179} INFO - Processing /opt/airflow/dags/groups/group_downloads.py took 0.131 seconds
[2023-10-02T13:32:33.749+0000] {processor.py:157} INFO - Started process (PID=13147) to work on /opt/airflow/dags/groups/group_downloads.py
[2023-10-02T13:32:33.759+0000] {processor.py:826} INFO - Processing file /opt/airflow/dags/groups/group_downloads.py for tasks to queue
[2023-10-02T13:32:33.761+0000] {logging_mixin.py:150} INFO - [2023-10-02T13:32:33.760+0000] {dagbag.py:541} INFO - Filling up the DagBag from /opt/airflow/dags/groups/group_downloads.py
[2023-10-02T13:32:33.789+0000] {processor.py:838} WARNING - No viable dags retrieved from /opt/airflow/dags/groups/group_downloads.py
[2023-10-02T13:32:33.958+0000] {processor.py:179} INFO - Processing /opt/airflow/dags/groups/group_downloads.py took 0.230 seconds
[2023-10-02T13:33:06.978+0000] {processor.py:157} INFO - Started process (PID=13172) to work on /opt/airflow/dags/groups/group_downloads.py
[2023-10-02T13:33:07.000+0000] {processor.py:826} INFO - Processing file /opt/airflow/dags/groups/group_downloads.py for tasks to queue
[2023-10-02T13:33:07.029+0000] {logging_mixin.py:150} INFO - [2023-10-02T13:33:07.019+0000] {dagbag.py:541} INFO - Filling up the DagBag from /opt/airflow/dags/groups/group_downloads.py
[2023-10-02T13:33:07.059+0000] {processor.py:838} WARNING - No viable dags retrieved from /opt/airflow/dags/groups/group_downloads.py
[2023-10-02T13:33:07.329+0000] {processor.py:179} INFO - Processing /opt/airflow/dags/groups/group_downloads.py took 0.449 seconds
[2023-10-02T13:33:37.768+0000] {processor.py:157} INFO - Started process (PID=13192) to work on /opt/airflow/dags/groups/group_downloads.py
[2023-10-02T13:33:37.819+0000] {processor.py:826} INFO - Processing file /opt/airflow/dags/groups/group_downloads.py for tasks to queue
[2023-10-02T13:33:37.820+0000] {logging_mixin.py:150} INFO - [2023-10-02T13:33:37.820+0000] {dagbag.py:541} INFO - Filling up the DagBag from /opt/airflow/dags/groups/group_downloads.py
[2023-10-02T13:33:37.869+0000] {processor.py:838} WARNING - No viable dags retrieved from /opt/airflow/dags/groups/group_downloads.py
[2023-10-02T13:33:38.078+0000] {processor.py:179} INFO - Processing /opt/airflow/dags/groups/group_downloads.py took 0.360 seconds
[2023-10-02T13:34:09.009+0000] {processor.py:157} INFO - Started process (PID=13217) to work on /opt/airflow/dags/groups/group_downloads.py
[2023-10-02T13:34:09.020+0000] {processor.py:826} INFO - Processing file /opt/airflow/dags/groups/group_downloads.py for tasks to queue
[2023-10-02T13:34:09.030+0000] {logging_mixin.py:150} INFO - [2023-10-02T13:34:09.029+0000] {dagbag.py:541} INFO - Filling up the DagBag from /opt/airflow/dags/groups/group_downloads.py
[2023-10-02T13:34:09.049+0000] {processor.py:838} WARNING - No viable dags retrieved from /opt/airflow/dags/groups/group_downloads.py
[2023-10-02T13:34:09.239+0000] {processor.py:179} INFO - Processing /opt/airflow/dags/groups/group_downloads.py took 0.289 seconds
[2023-10-02T13:34:39.400+0000] {processor.py:157} INFO - Started process (PID=13245) to work on /opt/airflow/dags/groups/group_downloads.py
[2023-10-02T13:34:39.409+0000] {processor.py:826} INFO - Processing file /opt/airflow/dags/groups/group_downloads.py for tasks to queue
[2023-10-02T13:34:39.410+0000] {logging_mixin.py:150} INFO - [2023-10-02T13:34:39.410+0000] {dagbag.py:541} INFO - Filling up the DagBag from /opt/airflow/dags/groups/group_downloads.py
[2023-10-02T13:34:39.440+0000] {processor.py:838} WARNING - No viable dags retrieved from /opt/airflow/dags/groups/group_downloads.py
[2023-10-02T13:34:39.540+0000] {processor.py:179} INFO - Processing /opt/airflow/dags/groups/group_downloads.py took 0.170 seconds
[2023-10-02T13:35:10.270+0000] {processor.py:157} INFO - Started process (PID=13272) to work on /opt/airflow/dags/groups/group_downloads.py
[2023-10-02T13:35:10.289+0000] {processor.py:826} INFO - Processing file /opt/airflow/dags/groups/group_downloads.py for tasks to queue
[2023-10-02T13:35:10.299+0000] {logging_mixin.py:150} INFO - [2023-10-02T13:35:10.290+0000] {dagbag.py:541} INFO - Filling up the DagBag from /opt/airflow/dags/groups/group_downloads.py
[2023-10-02T13:35:10.329+0000] {processor.py:838} WARNING - No viable dags retrieved from /opt/airflow/dags/groups/group_downloads.py
[2023-10-02T13:35:10.500+0000] {processor.py:179} INFO - Processing /opt/airflow/dags/groups/group_downloads.py took 0.311 seconds
[2023-10-02T13:35:42.610+0000] {processor.py:157} INFO - Started process (PID=13299) to work on /opt/airflow/dags/groups/group_downloads.py
[2023-10-02T13:35:42.620+0000] {processor.py:826} INFO - Processing file /opt/airflow/dags/groups/group_downloads.py for tasks to queue
[2023-10-02T13:35:42.649+0000] {logging_mixin.py:150} INFO - [2023-10-02T13:35:42.648+0000] {dagbag.py:541} INFO - Filling up the DagBag from /opt/airflow/dags/groups/group_downloads.py
[2023-10-02T13:35:42.689+0000] {processor.py:838} WARNING - No viable dags retrieved from /opt/airflow/dags/groups/group_downloads.py
[2023-10-02T13:35:43.109+0000] {processor.py:179} INFO - Processing /opt/airflow/dags/groups/group_downloads.py took 0.580 seconds
[2023-10-02T13:36:14.208+0000] {processor.py:157} INFO - Started process (PID=13317) to work on /opt/airflow/dags/groups/group_downloads.py
[2023-10-02T13:36:14.219+0000] {processor.py:826} INFO - Processing file /opt/airflow/dags/groups/group_downloads.py for tasks to queue
[2023-10-02T13:36:14.220+0000] {logging_mixin.py:150} INFO - [2023-10-02T13:36:14.219+0000] {dagbag.py:541} INFO - Filling up the DagBag from /opt/airflow/dags/groups/group_downloads.py
[2023-10-02T13:36:14.239+0000] {processor.py:838} WARNING - No viable dags retrieved from /opt/airflow/dags/groups/group_downloads.py
[2023-10-02T13:36:14.389+0000] {processor.py:179} INFO - Processing /opt/airflow/dags/groups/group_downloads.py took 0.220 seconds
[2023-10-02T13:36:44.839+0000] {processor.py:157} INFO - Started process (PID=13345) to work on /opt/airflow/dags/groups/group_downloads.py
[2023-10-02T13:36:44.868+0000] {processor.py:826} INFO - Processing file /opt/airflow/dags/groups/group_downloads.py for tasks to queue
[2023-10-02T13:36:44.869+0000] {logging_mixin.py:150} INFO - [2023-10-02T13:36:44.869+0000] {dagbag.py:541} INFO - Filling up the DagBag from /opt/airflow/dags/groups/group_downloads.py
[2023-10-02T13:36:44.900+0000] {processor.py:838} WARNING - No viable dags retrieved from /opt/airflow/dags/groups/group_downloads.py
[2023-10-02T13:36:45.149+0000] {processor.py:179} INFO - Processing /opt/airflow/dags/groups/group_downloads.py took 0.370 seconds
[2023-10-02T13:37:15.860+0000] {processor.py:157} INFO - Started process (PID=13371) to work on /opt/airflow/dags/groups/group_downloads.py
[2023-10-02T13:37:15.879+0000] {processor.py:826} INFO - Processing file /opt/airflow/dags/groups/group_downloads.py for tasks to queue
[2023-10-02T13:37:15.898+0000] {logging_mixin.py:150} INFO - [2023-10-02T13:37:15.889+0000] {dagbag.py:541} INFO - Filling up the DagBag from /opt/airflow/dags/groups/group_downloads.py
[2023-10-02T13:37:15.960+0000] {processor.py:838} WARNING - No viable dags retrieved from /opt/airflow/dags/groups/group_downloads.py
[2023-10-02T13:37:16.259+0000] {processor.py:179} INFO - Processing /opt/airflow/dags/groups/group_downloads.py took 0.491 seconds
[2023-10-02T13:37:46.910+0000] {processor.py:157} INFO - Started process (PID=13398) to work on /opt/airflow/dags/groups/group_downloads.py
[2023-10-02T13:37:46.938+0000] {processor.py:826} INFO - Processing file /opt/airflow/dags/groups/group_downloads.py for tasks to queue
[2023-10-02T13:37:46.958+0000] {logging_mixin.py:150} INFO - [2023-10-02T13:37:46.940+0000] {dagbag.py:541} INFO - Filling up the DagBag from /opt/airflow/dags/groups/group_downloads.py
[2023-10-02T13:37:47.009+0000] {processor.py:838} WARNING - No viable dags retrieved from /opt/airflow/dags/groups/group_downloads.py
[2023-10-02T13:37:47.308+0000] {processor.py:179} INFO - Processing /opt/airflow/dags/groups/group_downloads.py took 0.499 seconds
[2023-10-02T13:38:18.239+0000] {processor.py:157} INFO - Started process (PID=13425) to work on /opt/airflow/dags/groups/group_downloads.py
[2023-10-02T13:38:18.259+0000] {processor.py:826} INFO - Processing file /opt/airflow/dags/groups/group_downloads.py for tasks to queue
[2023-10-02T13:38:18.268+0000] {logging_mixin.py:150} INFO - [2023-10-02T13:38:18.259+0000] {dagbag.py:541} INFO - Filling up the DagBag from /opt/airflow/dags/groups/group_downloads.py
[2023-10-02T13:38:18.288+0000] {processor.py:838} WARNING - No viable dags retrieved from /opt/airflow/dags/groups/group_downloads.py
[2023-10-02T13:38:18.439+0000] {processor.py:179} INFO - Processing /opt/airflow/dags/groups/group_downloads.py took 0.240 seconds
[2023-10-02T13:38:49.069+0000] {processor.py:157} INFO - Started process (PID=13445) to work on /opt/airflow/dags/groups/group_downloads.py
[2023-10-02T13:38:49.158+0000] {processor.py:826} INFO - Processing file /opt/airflow/dags/groups/group_downloads.py for tasks to queue
[2023-10-02T13:38:49.169+0000] {logging_mixin.py:150} INFO - [2023-10-02T13:38:49.159+0000] {dagbag.py:541} INFO - Filling up the DagBag from /opt/airflow/dags/groups/group_downloads.py
[2023-10-02T13:38:49.239+0000] {processor.py:838} WARNING - No viable dags retrieved from /opt/airflow/dags/groups/group_downloads.py
[2023-10-02T13:38:49.449+0000] {processor.py:179} INFO - Processing /opt/airflow/dags/groups/group_downloads.py took 0.510 seconds
[2023-10-02T13:39:20.639+0000] {processor.py:157} INFO - Started process (PID=13471) to work on /opt/airflow/dags/groups/group_downloads.py
[2023-10-02T13:39:20.669+0000] {processor.py:826} INFO - Processing file /opt/airflow/dags/groups/group_downloads.py for tasks to queue
[2023-10-02T13:39:20.689+0000] {logging_mixin.py:150} INFO - [2023-10-02T13:39:20.679+0000] {dagbag.py:541} INFO - Filling up the DagBag from /opt/airflow/dags/groups/group_downloads.py
[2023-10-02T13:39:20.729+0000] {processor.py:838} WARNING - No viable dags retrieved from /opt/airflow/dags/groups/group_downloads.py
[2023-10-02T13:39:21.098+0000] {processor.py:179} INFO - Processing /opt/airflow/dags/groups/group_downloads.py took 0.510 seconds
[2023-10-02T13:40:06.579+0000] {processor.py:157} INFO - Started process (PID=13497) to work on /opt/airflow/dags/groups/group_downloads.py
[2023-10-02T13:40:06.669+0000] {processor.py:826} INFO - Processing file /opt/airflow/dags/groups/group_downloads.py for tasks to queue
[2023-10-02T13:40:06.729+0000] {logging_mixin.py:150} INFO - [2023-10-02T13:40:06.689+0000] {dagbag.py:541} INFO - Filling up the DagBag from /opt/airflow/dags/groups/group_downloads.py
[2023-10-02T13:40:06.889+0000] {processor.py:838} WARNING - No viable dags retrieved from /opt/airflow/dags/groups/group_downloads.py
[2023-10-02T13:40:07.838+0000] {processor.py:179} INFO - Processing /opt/airflow/dags/groups/group_downloads.py took 1.409 seconds
[2023-10-02T13:41:08.568+0000] {processor.py:157} INFO - Started process (PID=13532) to work on /opt/airflow/dags/groups/group_downloads.py
[2023-10-02T13:41:08.689+0000] {processor.py:826} INFO - Processing file /opt/airflow/dags/groups/group_downloads.py for tasks to queue
[2023-10-02T13:41:09.019+0000] {logging_mixin.py:150} INFO - [2023-10-02T13:41:08.919+0000] {dagbag.py:541} INFO - Filling up the DagBag from /opt/airflow/dags/groups/group_downloads.py
[2023-10-02T13:41:09.249+0000] {processor.py:838} WARNING - No viable dags retrieved from /opt/airflow/dags/groups/group_downloads.py
[2023-10-02T13:41:10.668+0000] {processor.py:179} INFO - Processing /opt/airflow/dags/groups/group_downloads.py took 2.620 seconds
[2023-10-02T13:42:03.988+0000] {processor.py:157} INFO - Started process (PID=13550) to work on /opt/airflow/dags/groups/group_downloads.py
[2023-10-02T13:42:04.438+0000] {processor.py:826} INFO - Processing file /opt/airflow/dags/groups/group_downloads.py for tasks to queue
[2023-10-02T13:42:05.338+0000] {logging_mixin.py:150} INFO - [2023-10-02T13:42:04.918+0000] {dagbag.py:541} INFO - Filling up the DagBag from /opt/airflow/dags/groups/group_downloads.py
[2023-10-02T13:42:05.698+0000] {processor.py:838} WARNING - No viable dags retrieved from /opt/airflow/dags/groups/group_downloads.py
[2023-10-02T13:42:08.608+0000] {processor.py:179} INFO - Processing /opt/airflow/dags/groups/group_downloads.py took 5.990 seconds
[2023-10-02T13:43:48.128+0000] {processor.py:157} INFO - Started process (PID=13578) to work on /opt/airflow/dags/groups/group_downloads.py
[2023-10-02T13:43:48.508+0000] {processor.py:826} INFO - Processing file /opt/airflow/dags/groups/group_downloads.py for tasks to queue
[2023-10-02T13:43:48.908+0000] {logging_mixin.py:150} INFO - [2023-10-02T13:43:48.838+0000] {dagbag.py:541} INFO - Filling up the DagBag from /opt/airflow/dags/groups/group_downloads.py
[2023-10-02T13:43:53.018+0000] {processor.py:838} WARNING - No viable dags retrieved from /opt/airflow/dags/groups/group_downloads.py
