[2023-10-02T13:01:21.937+0000] {processor.py:157} INFO - Started process (PID=11506) to work on /opt/airflow/dags/groups/group_transforms.py
[2023-10-02T13:01:21.938+0000] {processor.py:826} INFO - Processing file /opt/airflow/dags/groups/group_transforms.py for tasks to queue
[2023-10-02T13:01:21.938+0000] {logging_mixin.py:150} INFO - [2023-10-02T13:01:21.938+0000] {dagbag.py:541} INFO - Filling up the DagBag from /opt/airflow/dags/groups/group_transforms.py
[2023-10-02T13:01:21.940+0000] {processor.py:838} WARNING - No viable dags retrieved from /opt/airflow/dags/groups/group_transforms.py
[2023-10-02T13:01:21.957+0000] {processor.py:179} INFO - Processing /opt/airflow/dags/groups/group_transforms.py took 0.024 seconds
[2023-10-02T13:01:52.053+0000] {processor.py:157} INFO - Started process (PID=11539) to work on /opt/airflow/dags/groups/group_transforms.py
[2023-10-02T13:01:52.054+0000] {processor.py:826} INFO - Processing file /opt/airflow/dags/groups/group_transforms.py for tasks to queue
[2023-10-02T13:01:52.055+0000] {logging_mixin.py:150} INFO - [2023-10-02T13:01:52.055+0000] {dagbag.py:541} INFO - Filling up the DagBag from /opt/airflow/dags/groups/group_transforms.py
[2023-10-02T13:01:52.058+0000] {processor.py:838} WARNING - No viable dags retrieved from /opt/airflow/dags/groups/group_transforms.py
[2023-10-02T13:01:52.078+0000] {processor.py:179} INFO - Processing /opt/airflow/dags/groups/group_transforms.py took 0.029 seconds
[2023-10-02T13:02:22.240+0000] {processor.py:157} INFO - Started process (PID=11571) to work on /opt/airflow/dags/groups/group_transforms.py
[2023-10-02T13:02:22.242+0000] {processor.py:826} INFO - Processing file /opt/airflow/dags/groups/group_transforms.py for tasks to queue
[2023-10-02T13:02:22.242+0000] {logging_mixin.py:150} INFO - [2023-10-02T13:02:22.242+0000] {dagbag.py:541} INFO - Filling up the DagBag from /opt/airflow/dags/groups/group_transforms.py
[2023-10-02T13:02:22.245+0000] {processor.py:838} WARNING - No viable dags retrieved from /opt/airflow/dags/groups/group_transforms.py
[2023-10-02T13:02:22.266+0000] {processor.py:179} INFO - Processing /opt/airflow/dags/groups/group_transforms.py took 0.030 seconds
[2023-10-02T13:02:52.404+0000] {processor.py:157} INFO - Started process (PID=11599) to work on /opt/airflow/dags/groups/group_transforms.py
[2023-10-02T13:02:52.406+0000] {processor.py:826} INFO - Processing file /opt/airflow/dags/groups/group_transforms.py for tasks to queue
[2023-10-02T13:02:52.406+0000] {logging_mixin.py:150} INFO - [2023-10-02T13:02:52.406+0000] {dagbag.py:541} INFO - Filling up the DagBag from /opt/airflow/dags/groups/group_transforms.py
[2023-10-02T13:02:52.408+0000] {processor.py:838} WARNING - No viable dags retrieved from /opt/airflow/dags/groups/group_transforms.py
[2023-10-02T13:02:52.425+0000] {processor.py:179} INFO - Processing /opt/airflow/dags/groups/group_transforms.py took 0.025 seconds
[2023-10-02T13:03:22.649+0000] {processor.py:157} INFO - Started process (PID=11626) to work on /opt/airflow/dags/groups/group_transforms.py
[2023-10-02T13:03:22.650+0000] {processor.py:826} INFO - Processing file /opt/airflow/dags/groups/group_transforms.py for tasks to queue
[2023-10-02T13:03:22.651+0000] {logging_mixin.py:150} INFO - [2023-10-02T13:03:22.650+0000] {dagbag.py:541} INFO - Filling up the DagBag from /opt/airflow/dags/groups/group_transforms.py
[2023-10-02T13:03:22.653+0000] {processor.py:838} WARNING - No viable dags retrieved from /opt/airflow/dags/groups/group_transforms.py
[2023-10-02T13:03:22.671+0000] {processor.py:179} INFO - Processing /opt/airflow/dags/groups/group_transforms.py took 0.026 seconds
[2023-10-02T13:03:52.836+0000] {processor.py:157} INFO - Started process (PID=11653) to work on /opt/airflow/dags/groups/group_transforms.py
[2023-10-02T13:03:52.838+0000] {processor.py:826} INFO - Processing file /opt/airflow/dags/groups/group_transforms.py for tasks to queue
[2023-10-02T13:03:52.840+0000] {logging_mixin.py:150} INFO - [2023-10-02T13:03:52.839+0000] {dagbag.py:541} INFO - Filling up the DagBag from /opt/airflow/dags/groups/group_transforms.py
[2023-10-02T13:03:52.842+0000] {processor.py:838} WARNING - No viable dags retrieved from /opt/airflow/dags/groups/group_transforms.py
[2023-10-02T13:03:52.863+0000] {processor.py:179} INFO - Processing /opt/airflow/dags/groups/group_transforms.py took 0.031 seconds
[2023-10-02T13:04:23.256+0000] {processor.py:157} INFO - Started process (PID=11680) to work on /opt/airflow/dags/groups/group_transforms.py
[2023-10-02T13:04:23.257+0000] {processor.py:826} INFO - Processing file /opt/airflow/dags/groups/group_transforms.py for tasks to queue
[2023-10-02T13:04:23.260+0000] {logging_mixin.py:150} INFO - [2023-10-02T13:04:23.259+0000] {dagbag.py:541} INFO - Filling up the DagBag from /opt/airflow/dags/groups/group_transforms.py
[2023-10-02T13:04:23.267+0000] {processor.py:838} WARNING - No viable dags retrieved from /opt/airflow/dags/groups/group_transforms.py
[2023-10-02T13:04:23.296+0000] {processor.py:179} INFO - Processing /opt/airflow/dags/groups/group_transforms.py took 0.045 seconds
[2023-10-02T13:04:53.391+0000] {processor.py:157} INFO - Started process (PID=11707) to work on /opt/airflow/dags/groups/group_transforms.py
[2023-10-02T13:04:53.392+0000] {processor.py:826} INFO - Processing file /opt/airflow/dags/groups/group_transforms.py for tasks to queue
[2023-10-02T13:04:53.393+0000] {logging_mixin.py:150} INFO - [2023-10-02T13:04:53.393+0000] {dagbag.py:541} INFO - Filling up the DagBag from /opt/airflow/dags/groups/group_transforms.py
[2023-10-02T13:04:53.395+0000] {processor.py:838} WARNING - No viable dags retrieved from /opt/airflow/dags/groups/group_transforms.py
[2023-10-02T13:04:53.413+0000] {processor.py:179} INFO - Processing /opt/airflow/dags/groups/group_transforms.py took 0.027 seconds
[2023-10-02T13:05:23.756+0000] {processor.py:157} INFO - Started process (PID=11734) to work on /opt/airflow/dags/groups/group_transforms.py
[2023-10-02T13:05:23.759+0000] {processor.py:826} INFO - Processing file /opt/airflow/dags/groups/group_transforms.py for tasks to queue
[2023-10-02T13:05:23.760+0000] {logging_mixin.py:150} INFO - [2023-10-02T13:05:23.759+0000] {dagbag.py:541} INFO - Filling up the DagBag from /opt/airflow/dags/groups/group_transforms.py
[2023-10-02T13:05:23.762+0000] {processor.py:838} WARNING - No viable dags retrieved from /opt/airflow/dags/groups/group_transforms.py
[2023-10-02T13:05:23.783+0000] {processor.py:179} INFO - Processing /opt/airflow/dags/groups/group_transforms.py took 0.030 seconds
[2023-10-02T13:05:53.874+0000] {processor.py:157} INFO - Started process (PID=11761) to work on /opt/airflow/dags/groups/group_transforms.py
[2023-10-02T13:05:53.876+0000] {processor.py:826} INFO - Processing file /opt/airflow/dags/groups/group_transforms.py for tasks to queue
[2023-10-02T13:05:53.879+0000] {logging_mixin.py:150} INFO - [2023-10-02T13:05:53.878+0000] {dagbag.py:541} INFO - Filling up the DagBag from /opt/airflow/dags/groups/group_transforms.py
[2023-10-02T13:05:53.889+0000] {processor.py:838} WARNING - No viable dags retrieved from /opt/airflow/dags/groups/group_transforms.py
[2023-10-02T13:05:53.912+0000] {processor.py:179} INFO - Processing /opt/airflow/dags/groups/group_transforms.py took 0.042 seconds
[2023-10-02T13:06:24.189+0000] {processor.py:157} INFO - Started process (PID=11788) to work on /opt/airflow/dags/groups/group_transforms.py
[2023-10-02T13:06:24.191+0000] {processor.py:826} INFO - Processing file /opt/airflow/dags/groups/group_transforms.py for tasks to queue
[2023-10-02T13:06:24.192+0000] {logging_mixin.py:150} INFO - [2023-10-02T13:06:24.192+0000] {dagbag.py:541} INFO - Filling up the DagBag from /opt/airflow/dags/groups/group_transforms.py
[2023-10-02T13:06:24.200+0000] {processor.py:838} WARNING - No viable dags retrieved from /opt/airflow/dags/groups/group_transforms.py
[2023-10-02T13:06:24.254+0000] {processor.py:179} INFO - Processing /opt/airflow/dags/groups/group_transforms.py took 0.082 seconds
[2023-10-02T13:06:55.061+0000] {processor.py:157} INFO - Started process (PID=11815) to work on /opt/airflow/dags/groups/group_transforms.py
[2023-10-02T13:06:55.125+0000] {processor.py:826} INFO - Processing file /opt/airflow/dags/groups/group_transforms.py for tasks to queue
[2023-10-02T13:06:55.126+0000] {logging_mixin.py:150} INFO - [2023-10-02T13:06:55.126+0000] {dagbag.py:541} INFO - Filling up the DagBag from /opt/airflow/dags/groups/group_transforms.py
[2023-10-02T13:06:55.133+0000] {processor.py:838} WARNING - No viable dags retrieved from /opt/airflow/dags/groups/group_transforms.py
[2023-10-02T13:06:55.240+0000] {processor.py:179} INFO - Processing /opt/airflow/dags/groups/group_transforms.py took 0.189 seconds
[2023-10-02T13:07:25.851+0000] {processor.py:157} INFO - Started process (PID=11842) to work on /opt/airflow/dags/groups/group_transforms.py
[2023-10-02T13:07:25.854+0000] {processor.py:826} INFO - Processing file /opt/airflow/dags/groups/group_transforms.py for tasks to queue
[2023-10-02T13:07:25.855+0000] {logging_mixin.py:150} INFO - [2023-10-02T13:07:25.855+0000] {dagbag.py:541} INFO - Filling up the DagBag from /opt/airflow/dags/groups/group_transforms.py
[2023-10-02T13:07:25.859+0000] {processor.py:838} WARNING - No viable dags retrieved from /opt/airflow/dags/groups/group_transforms.py
[2023-10-02T13:07:25.880+0000] {processor.py:179} INFO - Processing /opt/airflow/dags/groups/group_transforms.py took 0.035 seconds
[2023-10-02T13:07:56.442+0000] {processor.py:157} INFO - Started process (PID=11869) to work on /opt/airflow/dags/groups/group_transforms.py
[2023-10-02T13:07:56.443+0000] {processor.py:826} INFO - Processing file /opt/airflow/dags/groups/group_transforms.py for tasks to queue
[2023-10-02T13:07:56.443+0000] {logging_mixin.py:150} INFO - [2023-10-02T13:07:56.443+0000] {dagbag.py:541} INFO - Filling up the DagBag from /opt/airflow/dags/groups/group_transforms.py
[2023-10-02T13:07:56.445+0000] {processor.py:838} WARNING - No viable dags retrieved from /opt/airflow/dags/groups/group_transforms.py
[2023-10-02T13:07:56.475+0000] {processor.py:179} INFO - Processing /opt/airflow/dags/groups/group_transforms.py took 0.039 seconds
[2023-10-02T13:08:27.410+0000] {processor.py:157} INFO - Started process (PID=11896) to work on /opt/airflow/dags/groups/group_transforms.py
[2023-10-02T13:08:27.450+0000] {processor.py:826} INFO - Processing file /opt/airflow/dags/groups/group_transforms.py for tasks to queue
[2023-10-02T13:08:27.453+0000] {logging_mixin.py:150} INFO - [2023-10-02T13:08:27.452+0000] {dagbag.py:541} INFO - Filling up the DagBag from /opt/airflow/dags/groups/group_transforms.py
[2023-10-02T13:08:27.472+0000] {processor.py:838} WARNING - No viable dags retrieved from /opt/airflow/dags/groups/group_transforms.py
[2023-10-02T13:08:27.599+0000] {processor.py:179} INFO - Processing /opt/airflow/dags/groups/group_transforms.py took 0.219 seconds
[2023-10-02T13:08:58.131+0000] {processor.py:157} INFO - Started process (PID=11924) to work on /opt/airflow/dags/groups/group_transforms.py
[2023-10-02T13:08:58.132+0000] {processor.py:826} INFO - Processing file /opt/airflow/dags/groups/group_transforms.py for tasks to queue
[2023-10-02T13:08:58.133+0000] {logging_mixin.py:150} INFO - [2023-10-02T13:08:58.133+0000] {dagbag.py:541} INFO - Filling up the DagBag from /opt/airflow/dags/groups/group_transforms.py
[2023-10-02T13:08:58.135+0000] {processor.py:838} WARNING - No viable dags retrieved from /opt/airflow/dags/groups/group_transforms.py
[2023-10-02T13:08:58.176+0000] {processor.py:179} INFO - Processing /opt/airflow/dags/groups/group_transforms.py took 0.061 seconds
[2023-10-02T13:09:28.441+0000] {processor.py:157} INFO - Started process (PID=11951) to work on /opt/airflow/dags/groups/group_transforms.py
[2023-10-02T13:09:28.449+0000] {processor.py:826} INFO - Processing file /opt/airflow/dags/groups/group_transforms.py for tasks to queue
[2023-10-02T13:09:28.450+0000] {logging_mixin.py:150} INFO - [2023-10-02T13:09:28.450+0000] {dagbag.py:541} INFO - Filling up the DagBag from /opt/airflow/dags/groups/group_transforms.py
[2023-10-02T13:09:28.453+0000] {processor.py:838} WARNING - No viable dags retrieved from /opt/airflow/dags/groups/group_transforms.py
[2023-10-02T13:09:28.482+0000] {processor.py:179} INFO - Processing /opt/airflow/dags/groups/group_transforms.py took 0.048 seconds
[2023-10-02T13:09:58.872+0000] {processor.py:157} INFO - Started process (PID=11978) to work on /opt/airflow/dags/groups/group_transforms.py
[2023-10-02T13:09:58.873+0000] {processor.py:826} INFO - Processing file /opt/airflow/dags/groups/group_transforms.py for tasks to queue
[2023-10-02T13:09:58.874+0000] {logging_mixin.py:150} INFO - [2023-10-02T13:09:58.874+0000] {dagbag.py:541} INFO - Filling up the DagBag from /opt/airflow/dags/groups/group_transforms.py
[2023-10-02T13:09:58.879+0000] {processor.py:838} WARNING - No viable dags retrieved from /opt/airflow/dags/groups/group_transforms.py
[2023-10-02T13:09:58.902+0000] {processor.py:179} INFO - Processing /opt/airflow/dags/groups/group_transforms.py took 0.036 seconds
[2023-10-02T13:10:29.299+0000] {processor.py:157} INFO - Started process (PID=12005) to work on /opt/airflow/dags/groups/group_transforms.py
[2023-10-02T13:10:29.304+0000] {processor.py:826} INFO - Processing file /opt/airflow/dags/groups/group_transforms.py for tasks to queue
[2023-10-02T13:10:29.304+0000] {logging_mixin.py:150} INFO - [2023-10-02T13:10:29.304+0000] {dagbag.py:541} INFO - Filling up the DagBag from /opt/airflow/dags/groups/group_transforms.py
[2023-10-02T13:10:29.308+0000] {processor.py:838} WARNING - No viable dags retrieved from /opt/airflow/dags/groups/group_transforms.py
[2023-10-02T13:10:29.330+0000] {processor.py:179} INFO - Processing /opt/airflow/dags/groups/group_transforms.py took 0.037 seconds
[2023-10-02T13:10:59.699+0000] {processor.py:157} INFO - Started process (PID=12032) to work on /opt/airflow/dags/groups/group_transforms.py
[2023-10-02T13:10:59.700+0000] {processor.py:826} INFO - Processing file /opt/airflow/dags/groups/group_transforms.py for tasks to queue
[2023-10-02T13:10:59.701+0000] {logging_mixin.py:150} INFO - [2023-10-02T13:10:59.700+0000] {dagbag.py:541} INFO - Filling up the DagBag from /opt/airflow/dags/groups/group_transforms.py
[2023-10-02T13:10:59.702+0000] {processor.py:838} WARNING - No viable dags retrieved from /opt/airflow/dags/groups/group_transforms.py
[2023-10-02T13:10:59.722+0000] {processor.py:179} INFO - Processing /opt/airflow/dags/groups/group_transforms.py took 0.030 seconds
[2023-10-02T13:11:30.110+0000] {processor.py:157} INFO - Started process (PID=12059) to work on /opt/airflow/dags/groups/group_transforms.py
[2023-10-02T13:11:30.115+0000] {processor.py:826} INFO - Processing file /opt/airflow/dags/groups/group_transforms.py for tasks to queue
[2023-10-02T13:11:30.115+0000] {logging_mixin.py:150} INFO - [2023-10-02T13:11:30.115+0000] {dagbag.py:541} INFO - Filling up the DagBag from /opt/airflow/dags/groups/group_transforms.py
[2023-10-02T13:11:30.120+0000] {processor.py:838} WARNING - No viable dags retrieved from /opt/airflow/dags/groups/group_transforms.py
[2023-10-02T13:11:30.139+0000] {processor.py:179} INFO - Processing /opt/airflow/dags/groups/group_transforms.py took 0.037 seconds
[2023-10-02T13:12:00.682+0000] {processor.py:157} INFO - Started process (PID=12086) to work on /opt/airflow/dags/groups/group_transforms.py
[2023-10-02T13:12:00.689+0000] {processor.py:826} INFO - Processing file /opt/airflow/dags/groups/group_transforms.py for tasks to queue
[2023-10-02T13:12:00.689+0000] {logging_mixin.py:150} INFO - [2023-10-02T13:12:00.689+0000] {dagbag.py:541} INFO - Filling up the DagBag from /opt/airflow/dags/groups/group_transforms.py
[2023-10-02T13:12:00.691+0000] {processor.py:838} WARNING - No viable dags retrieved from /opt/airflow/dags/groups/group_transforms.py
[2023-10-02T13:12:00.715+0000] {processor.py:179} INFO - Processing /opt/airflow/dags/groups/group_transforms.py took 0.040 seconds
[2023-10-02T13:12:31.354+0000] {processor.py:157} INFO - Started process (PID=12114) to work on /opt/airflow/dags/groups/group_transforms.py
[2023-10-02T13:12:31.359+0000] {processor.py:826} INFO - Processing file /opt/airflow/dags/groups/group_transforms.py for tasks to queue
[2023-10-02T13:12:31.360+0000] {logging_mixin.py:150} INFO - [2023-10-02T13:12:31.360+0000] {dagbag.py:541} INFO - Filling up the DagBag from /opt/airflow/dags/groups/group_transforms.py
[2023-10-02T13:12:31.363+0000] {processor.py:838} WARNING - No viable dags retrieved from /opt/airflow/dags/groups/group_transforms.py
[2023-10-02T13:12:31.390+0000] {processor.py:179} INFO - Processing /opt/airflow/dags/groups/group_transforms.py took 0.040 seconds
[2023-10-02T13:13:02.179+0000] {processor.py:157} INFO - Started process (PID=12141) to work on /opt/airflow/dags/groups/group_transforms.py
[2023-10-02T13:13:02.181+0000] {processor.py:826} INFO - Processing file /opt/airflow/dags/groups/group_transforms.py for tasks to queue
[2023-10-02T13:13:02.182+0000] {logging_mixin.py:150} INFO - [2023-10-02T13:13:02.181+0000] {dagbag.py:541} INFO - Filling up the DagBag from /opt/airflow/dags/groups/group_transforms.py
[2023-10-02T13:13:02.185+0000] {processor.py:838} WARNING - No viable dags retrieved from /opt/airflow/dags/groups/group_transforms.py
[2023-10-02T13:13:02.212+0000] {processor.py:179} INFO - Processing /opt/airflow/dags/groups/group_transforms.py took 0.040 seconds
[2023-10-02T13:13:32.983+0000] {processor.py:157} INFO - Started process (PID=12168) to work on /opt/airflow/dags/groups/group_transforms.py
[2023-10-02T13:13:32.985+0000] {processor.py:826} INFO - Processing file /opt/airflow/dags/groups/group_transforms.py for tasks to queue
[2023-10-02T13:13:32.989+0000] {logging_mixin.py:150} INFO - [2023-10-02T13:13:32.988+0000] {dagbag.py:541} INFO - Filling up the DagBag from /opt/airflow/dags/groups/group_transforms.py
[2023-10-02T13:13:32.991+0000] {processor.py:838} WARNING - No viable dags retrieved from /opt/airflow/dags/groups/group_transforms.py
[2023-10-02T13:13:33.022+0000] {processor.py:179} INFO - Processing /opt/airflow/dags/groups/group_transforms.py took 0.043 seconds
[2023-10-02T13:14:03.794+0000] {processor.py:157} INFO - Started process (PID=12195) to work on /opt/airflow/dags/groups/group_transforms.py
[2023-10-02T13:14:03.799+0000] {processor.py:826} INFO - Processing file /opt/airflow/dags/groups/group_transforms.py for tasks to queue
[2023-10-02T13:14:03.800+0000] {logging_mixin.py:150} INFO - [2023-10-02T13:14:03.800+0000] {dagbag.py:541} INFO - Filling up the DagBag from /opt/airflow/dags/groups/group_transforms.py
[2023-10-02T13:14:03.802+0000] {processor.py:838} WARNING - No viable dags retrieved from /opt/airflow/dags/groups/group_transforms.py
[2023-10-02T13:14:03.824+0000] {processor.py:179} INFO - Processing /opt/airflow/dags/groups/group_transforms.py took 0.033 seconds
[2023-10-02T13:14:34.578+0000] {processor.py:157} INFO - Started process (PID=12222) to work on /opt/airflow/dags/groups/group_transforms.py
[2023-10-02T13:14:34.580+0000] {processor.py:826} INFO - Processing file /opt/airflow/dags/groups/group_transforms.py for tasks to queue
[2023-10-02T13:14:34.581+0000] {logging_mixin.py:150} INFO - [2023-10-02T13:14:34.580+0000] {dagbag.py:541} INFO - Filling up the DagBag from /opt/airflow/dags/groups/group_transforms.py
[2023-10-02T13:14:34.583+0000] {processor.py:838} WARNING - No viable dags retrieved from /opt/airflow/dags/groups/group_transforms.py
[2023-10-02T13:14:34.643+0000] {processor.py:179} INFO - Processing /opt/airflow/dags/groups/group_transforms.py took 0.072 seconds
[2023-10-02T13:15:05.450+0000] {processor.py:157} INFO - Started process (PID=12249) to work on /opt/airflow/dags/groups/group_transforms.py
[2023-10-02T13:15:05.451+0000] {processor.py:826} INFO - Processing file /opt/airflow/dags/groups/group_transforms.py for tasks to queue
[2023-10-02T13:15:05.451+0000] {logging_mixin.py:150} INFO - [2023-10-02T13:15:05.451+0000] {dagbag.py:541} INFO - Filling up the DagBag from /opt/airflow/dags/groups/group_transforms.py
[2023-10-02T13:15:05.454+0000] {processor.py:838} WARNING - No viable dags retrieved from /opt/airflow/dags/groups/group_transforms.py
[2023-10-02T13:15:05.481+0000] {processor.py:179} INFO - Processing /opt/airflow/dags/groups/group_transforms.py took 0.038 seconds
[2023-10-02T13:15:36.149+0000] {processor.py:157} INFO - Started process (PID=12276) to work on /opt/airflow/dags/groups/group_transforms.py
[2023-10-02T13:15:36.151+0000] {processor.py:826} INFO - Processing file /opt/airflow/dags/groups/group_transforms.py for tasks to queue
[2023-10-02T13:15:36.151+0000] {logging_mixin.py:150} INFO - [2023-10-02T13:15:36.151+0000] {dagbag.py:541} INFO - Filling up the DagBag from /opt/airflow/dags/groups/group_transforms.py
[2023-10-02T13:15:36.153+0000] {processor.py:838} WARNING - No viable dags retrieved from /opt/airflow/dags/groups/group_transforms.py
[2023-10-02T13:15:36.182+0000] {processor.py:179} INFO - Processing /opt/airflow/dags/groups/group_transforms.py took 0.040 seconds
[2023-10-02T13:16:07.044+0000] {processor.py:157} INFO - Started process (PID=12304) to work on /opt/airflow/dags/groups/group_transforms.py
[2023-10-02T13:16:07.049+0000] {processor.py:826} INFO - Processing file /opt/airflow/dags/groups/group_transforms.py for tasks to queue
[2023-10-02T13:16:07.050+0000] {logging_mixin.py:150} INFO - [2023-10-02T13:16:07.049+0000] {dagbag.py:541} INFO - Filling up the DagBag from /opt/airflow/dags/groups/group_transforms.py
[2023-10-02T13:16:07.051+0000] {processor.py:838} WARNING - No viable dags retrieved from /opt/airflow/dags/groups/group_transforms.py
[2023-10-02T13:16:07.073+0000] {processor.py:179} INFO - Processing /opt/airflow/dags/groups/group_transforms.py took 0.033 seconds
[2023-10-02T13:16:37.242+0000] {processor.py:157} INFO - Started process (PID=12330) to work on /opt/airflow/dags/groups/group_transforms.py
[2023-10-02T13:16:37.244+0000] {processor.py:826} INFO - Processing file /opt/airflow/dags/groups/group_transforms.py for tasks to queue
[2023-10-02T13:16:37.249+0000] {logging_mixin.py:150} INFO - [2023-10-02T13:16:37.249+0000] {dagbag.py:541} INFO - Filling up the DagBag from /opt/airflow/dags/groups/group_transforms.py
[2023-10-02T13:16:37.251+0000] {processor.py:838} WARNING - No viable dags retrieved from /opt/airflow/dags/groups/group_transforms.py
[2023-10-02T13:16:37.289+0000] {processor.py:179} INFO - Processing /opt/airflow/dags/groups/group_transforms.py took 0.056 seconds
[2023-10-02T13:17:07.394+0000] {processor.py:157} INFO - Started process (PID=12349) to work on /opt/airflow/dags/groups/group_transforms.py
[2023-10-02T13:17:07.399+0000] {processor.py:826} INFO - Processing file /opt/airflow/dags/groups/group_transforms.py for tasks to queue
[2023-10-02T13:17:07.400+0000] {logging_mixin.py:150} INFO - [2023-10-02T13:17:07.399+0000] {dagbag.py:541} INFO - Filling up the DagBag from /opt/airflow/dags/groups/group_transforms.py
[2023-10-02T13:17:07.402+0000] {processor.py:838} WARNING - No viable dags retrieved from /opt/airflow/dags/groups/group_transforms.py
[2023-10-02T13:17:07.442+0000] {processor.py:179} INFO - Processing /opt/airflow/dags/groups/group_transforms.py took 0.052 seconds
[2023-10-02T13:17:37.589+0000] {processor.py:157} INFO - Started process (PID=12376) to work on /opt/airflow/dags/groups/group_transforms.py
[2023-10-02T13:17:37.590+0000] {processor.py:826} INFO - Processing file /opt/airflow/dags/groups/group_transforms.py for tasks to queue
[2023-10-02T13:17:37.591+0000] {logging_mixin.py:150} INFO - [2023-10-02T13:17:37.591+0000] {dagbag.py:541} INFO - Filling up the DagBag from /opt/airflow/dags/groups/group_transforms.py
[2023-10-02T13:17:37.592+0000] {processor.py:838} WARNING - No viable dags retrieved from /opt/airflow/dags/groups/group_transforms.py
[2023-10-02T13:17:37.622+0000] {processor.py:179} INFO - Processing /opt/airflow/dags/groups/group_transforms.py took 0.040 seconds
[2023-10-02T13:18:07.701+0000] {processor.py:157} INFO - Started process (PID=12403) to work on /opt/airflow/dags/groups/group_transforms.py
[2023-10-02T13:18:07.703+0000] {processor.py:826} INFO - Processing file /opt/airflow/dags/groups/group_transforms.py for tasks to queue
[2023-10-02T13:18:07.704+0000] {logging_mixin.py:150} INFO - [2023-10-02T13:18:07.703+0000] {dagbag.py:541} INFO - Filling up the DagBag from /opt/airflow/dags/groups/group_transforms.py
[2023-10-02T13:18:07.710+0000] {processor.py:838} WARNING - No viable dags retrieved from /opt/airflow/dags/groups/group_transforms.py
[2023-10-02T13:18:07.734+0000] {processor.py:179} INFO - Processing /opt/airflow/dags/groups/group_transforms.py took 0.042 seconds
[2023-10-02T13:18:38.408+0000] {processor.py:157} INFO - Started process (PID=12430) to work on /opt/airflow/dags/groups/group_transforms.py
[2023-10-02T13:18:38.409+0000] {processor.py:826} INFO - Processing file /opt/airflow/dags/groups/group_transforms.py for tasks to queue
[2023-10-02T13:18:38.410+0000] {logging_mixin.py:150} INFO - [2023-10-02T13:18:38.410+0000] {dagbag.py:541} INFO - Filling up the DagBag from /opt/airflow/dags/groups/group_transforms.py
[2023-10-02T13:18:38.412+0000] {processor.py:838} WARNING - No viable dags retrieved from /opt/airflow/dags/groups/group_transforms.py
[2023-10-02T13:18:38.448+0000] {processor.py:179} INFO - Processing /opt/airflow/dags/groups/group_transforms.py took 0.048 seconds
[2023-10-02T13:19:08.832+0000] {processor.py:157} INFO - Started process (PID=12456) to work on /opt/airflow/dags/groups/group_transforms.py
[2023-10-02T13:19:08.833+0000] {processor.py:826} INFO - Processing file /opt/airflow/dags/groups/group_transforms.py for tasks to queue
[2023-10-02T13:19:08.839+0000] {logging_mixin.py:150} INFO - [2023-10-02T13:19:08.839+0000] {dagbag.py:541} INFO - Filling up the DagBag from /opt/airflow/dags/groups/group_transforms.py
[2023-10-02T13:19:08.851+0000] {processor.py:838} WARNING - No viable dags retrieved from /opt/airflow/dags/groups/group_transforms.py
[2023-10-02T13:19:08.931+0000] {processor.py:179} INFO - Processing /opt/airflow/dags/groups/group_transforms.py took 0.137 seconds
[2023-10-02T13:19:39.459+0000] {processor.py:157} INFO - Started process (PID=12484) to work on /opt/airflow/dags/groups/group_transforms.py
[2023-10-02T13:19:39.460+0000] {processor.py:826} INFO - Processing file /opt/airflow/dags/groups/group_transforms.py for tasks to queue
[2023-10-02T13:19:39.469+0000] {logging_mixin.py:150} INFO - [2023-10-02T13:19:39.469+0000] {dagbag.py:541} INFO - Filling up the DagBag from /opt/airflow/dags/groups/group_transforms.py
[2023-10-02T13:19:39.490+0000] {processor.py:838} WARNING - No viable dags retrieved from /opt/airflow/dags/groups/group_transforms.py
[2023-10-02T13:19:39.541+0000] {processor.py:179} INFO - Processing /opt/airflow/dags/groups/group_transforms.py took 0.098 seconds
[2023-10-02T13:20:10.301+0000] {processor.py:157} INFO - Started process (PID=12512) to work on /opt/airflow/dags/groups/group_transforms.py
[2023-10-02T13:20:10.303+0000] {processor.py:826} INFO - Processing file /opt/airflow/dags/groups/group_transforms.py for tasks to queue
[2023-10-02T13:20:10.311+0000] {logging_mixin.py:150} INFO - [2023-10-02T13:20:10.304+0000] {dagbag.py:541} INFO - Filling up the DagBag from /opt/airflow/dags/groups/group_transforms.py
[2023-10-02T13:20:10.339+0000] {processor.py:838} WARNING - No viable dags retrieved from /opt/airflow/dags/groups/group_transforms.py
[2023-10-02T13:20:10.440+0000] {processor.py:179} INFO - Processing /opt/airflow/dags/groups/group_transforms.py took 0.147 seconds
[2023-10-02T13:20:40.952+0000] {processor.py:157} INFO - Started process (PID=12539) to work on /opt/airflow/dags/groups/group_transforms.py
[2023-10-02T13:20:40.959+0000] {processor.py:826} INFO - Processing file /opt/airflow/dags/groups/group_transforms.py for tasks to queue
[2023-10-02T13:20:40.960+0000] {logging_mixin.py:150} INFO - [2023-10-02T13:20:40.959+0000] {dagbag.py:541} INFO - Filling up the DagBag from /opt/airflow/dags/groups/group_transforms.py
[2023-10-02T13:20:40.969+0000] {processor.py:838} WARNING - No viable dags retrieved from /opt/airflow/dags/groups/group_transforms.py
[2023-10-02T13:20:41.030+0000] {processor.py:179} INFO - Processing /opt/airflow/dags/groups/group_transforms.py took 0.089 seconds
[2023-10-02T13:21:11.463+0000] {processor.py:157} INFO - Started process (PID=12567) to work on /opt/airflow/dags/groups/group_transforms.py
[2023-10-02T13:21:11.469+0000] {processor.py:826} INFO - Processing file /opt/airflow/dags/groups/group_transforms.py for tasks to queue
[2023-10-02T13:21:11.469+0000] {logging_mixin.py:150} INFO - [2023-10-02T13:21:11.469+0000] {dagbag.py:541} INFO - Filling up the DagBag from /opt/airflow/dags/groups/group_transforms.py
[2023-10-02T13:21:11.471+0000] {processor.py:838} WARNING - No viable dags retrieved from /opt/airflow/dags/groups/group_transforms.py
[2023-10-02T13:21:11.522+0000] {processor.py:179} INFO - Processing /opt/airflow/dags/groups/group_transforms.py took 0.071 seconds
[2023-10-02T13:21:41.721+0000] {processor.py:157} INFO - Started process (PID=12594) to work on /opt/airflow/dags/groups/group_transforms.py
[2023-10-02T13:21:41.722+0000] {processor.py:826} INFO - Processing file /opt/airflow/dags/groups/group_transforms.py for tasks to queue
[2023-10-02T13:21:41.723+0000] {logging_mixin.py:150} INFO - [2023-10-02T13:21:41.723+0000] {dagbag.py:541} INFO - Filling up the DagBag from /opt/airflow/dags/groups/group_transforms.py
[2023-10-02T13:21:41.741+0000] {processor.py:838} WARNING - No viable dags retrieved from /opt/airflow/dags/groups/group_transforms.py
[2023-10-02T13:21:41.799+0000] {processor.py:179} INFO - Processing /opt/airflow/dags/groups/group_transforms.py took 0.088 seconds
[2023-10-02T13:22:12.833+0000] {processor.py:157} INFO - Started process (PID=12622) to work on /opt/airflow/dags/groups/group_transforms.py
[2023-10-02T13:22:12.842+0000] {processor.py:826} INFO - Processing file /opt/airflow/dags/groups/group_transforms.py for tasks to queue
[2023-10-02T13:22:12.850+0000] {logging_mixin.py:150} INFO - [2023-10-02T13:22:12.849+0000] {dagbag.py:541} INFO - Filling up the DagBag from /opt/airflow/dags/groups/group_transforms.py
[2023-10-02T13:22:12.859+0000] {processor.py:838} WARNING - No viable dags retrieved from /opt/airflow/dags/groups/group_transforms.py
[2023-10-02T13:22:12.959+0000] {processor.py:179} INFO - Processing /opt/airflow/dags/groups/group_transforms.py took 0.146 seconds
[2023-10-02T13:22:43.363+0000] {processor.py:157} INFO - Started process (PID=12649) to work on /opt/airflow/dags/groups/group_transforms.py
[2023-10-02T13:22:43.388+0000] {processor.py:826} INFO - Processing file /opt/airflow/dags/groups/group_transforms.py for tasks to queue
[2023-10-02T13:22:43.390+0000] {logging_mixin.py:150} INFO - [2023-10-02T13:22:43.390+0000] {dagbag.py:541} INFO - Filling up the DagBag from /opt/airflow/dags/groups/group_transforms.py
[2023-10-02T13:22:43.410+0000] {processor.py:838} WARNING - No viable dags retrieved from /opt/airflow/dags/groups/group_transforms.py
[2023-10-02T13:22:43.572+0000] {processor.py:179} INFO - Processing /opt/airflow/dags/groups/group_transforms.py took 0.251 seconds
[2023-10-02T13:23:13.742+0000] {processor.py:157} INFO - Started process (PID=12676) to work on /opt/airflow/dags/groups/group_transforms.py
[2023-10-02T13:23:13.759+0000] {processor.py:826} INFO - Processing file /opt/airflow/dags/groups/group_transforms.py for tasks to queue
[2023-10-02T13:23:13.760+0000] {logging_mixin.py:150} INFO - [2023-10-02T13:23:13.760+0000] {dagbag.py:541} INFO - Filling up the DagBag from /opt/airflow/dags/groups/group_transforms.py
[2023-10-02T13:23:13.771+0000] {processor.py:838} WARNING - No viable dags retrieved from /opt/airflow/dags/groups/group_transforms.py
[2023-10-02T13:23:13.870+0000] {processor.py:179} INFO - Processing /opt/airflow/dags/groups/group_transforms.py took 0.151 seconds
[2023-10-02T13:23:44.229+0000] {processor.py:157} INFO - Started process (PID=12703) to work on /opt/airflow/dags/groups/group_transforms.py
[2023-10-02T13:23:44.239+0000] {processor.py:826} INFO - Processing file /opt/airflow/dags/groups/group_transforms.py for tasks to queue
[2023-10-02T13:23:44.240+0000] {logging_mixin.py:150} INFO - [2023-10-02T13:23:44.239+0000] {dagbag.py:541} INFO - Filling up the DagBag from /opt/airflow/dags/groups/group_transforms.py
[2023-10-02T13:23:44.242+0000] {processor.py:838} WARNING - No viable dags retrieved from /opt/airflow/dags/groups/group_transforms.py
[2023-10-02T13:23:44.300+0000] {processor.py:179} INFO - Processing /opt/airflow/dags/groups/group_transforms.py took 0.100 seconds
[2023-10-02T13:24:14.691+0000] {processor.py:157} INFO - Started process (PID=12730) to work on /opt/airflow/dags/groups/group_transforms.py
[2023-10-02T13:24:14.692+0000] {processor.py:826} INFO - Processing file /opt/airflow/dags/groups/group_transforms.py for tasks to queue
[2023-10-02T13:24:14.700+0000] {logging_mixin.py:150} INFO - [2023-10-02T13:24:14.699+0000] {dagbag.py:541} INFO - Filling up the DagBag from /opt/airflow/dags/groups/group_transforms.py
[2023-10-02T13:24:14.719+0000] {processor.py:838} WARNING - No viable dags retrieved from /opt/airflow/dags/groups/group_transforms.py
[2023-10-02T13:24:14.861+0000] {processor.py:179} INFO - Processing /opt/airflow/dags/groups/group_transforms.py took 0.201 seconds
[2023-10-02T13:24:44.981+0000] {processor.py:157} INFO - Started process (PID=12757) to work on /opt/airflow/dags/groups/group_transforms.py
[2023-10-02T13:24:44.989+0000] {processor.py:826} INFO - Processing file /opt/airflow/dags/groups/group_transforms.py for tasks to queue
[2023-10-02T13:24:44.999+0000] {logging_mixin.py:150} INFO - [2023-10-02T13:24:44.991+0000] {dagbag.py:541} INFO - Filling up the DagBag from /opt/airflow/dags/groups/group_transforms.py
[2023-10-02T13:24:45.001+0000] {processor.py:838} WARNING - No viable dags retrieved from /opt/airflow/dags/groups/group_transforms.py
[2023-10-02T13:24:45.079+0000] {processor.py:179} INFO - Processing /opt/airflow/dags/groups/group_transforms.py took 0.109 seconds
[2023-10-02T13:25:15.211+0000] {processor.py:157} INFO - Started process (PID=12783) to work on /opt/airflow/dags/groups/group_transforms.py
[2023-10-02T13:25:15.212+0000] {processor.py:826} INFO - Processing file /opt/airflow/dags/groups/group_transforms.py for tasks to queue
[2023-10-02T13:25:15.218+0000] {logging_mixin.py:150} INFO - [2023-10-02T13:25:15.212+0000] {dagbag.py:541} INFO - Filling up the DagBag from /opt/airflow/dags/groups/group_transforms.py
[2023-10-02T13:25:15.221+0000] {processor.py:838} WARNING - No viable dags retrieved from /opt/airflow/dags/groups/group_transforms.py
[2023-10-02T13:25:15.269+0000] {processor.py:179} INFO - Processing /opt/airflow/dags/groups/group_transforms.py took 0.067 seconds
[2023-10-02T13:25:45.612+0000] {processor.py:157} INFO - Started process (PID=12812) to work on /opt/airflow/dags/groups/group_transforms.py
[2023-10-02T13:25:45.622+0000] {processor.py:826} INFO - Processing file /opt/airflow/dags/groups/group_transforms.py for tasks to queue
[2023-10-02T13:25:45.629+0000] {logging_mixin.py:150} INFO - [2023-10-02T13:25:45.622+0000] {dagbag.py:541} INFO - Filling up the DagBag from /opt/airflow/dags/groups/group_transforms.py
[2023-10-02T13:25:45.631+0000] {processor.py:838} WARNING - No viable dags retrieved from /opt/airflow/dags/groups/group_transforms.py
[2023-10-02T13:25:45.671+0000] {processor.py:179} INFO - Processing /opt/airflow/dags/groups/group_transforms.py took 0.069 seconds
[2023-10-02T13:26:15.821+0000] {processor.py:157} INFO - Started process (PID=12830) to work on /opt/airflow/dags/groups/group_transforms.py
[2023-10-02T13:26:15.830+0000] {processor.py:826} INFO - Processing file /opt/airflow/dags/groups/group_transforms.py for tasks to queue
[2023-10-02T13:26:15.840+0000] {logging_mixin.py:150} INFO - [2023-10-02T13:26:15.839+0000] {dagbag.py:541} INFO - Filling up the DagBag from /opt/airflow/dags/groups/group_transforms.py
[2023-10-02T13:26:15.852+0000] {processor.py:838} WARNING - No viable dags retrieved from /opt/airflow/dags/groups/group_transforms.py
[2023-10-02T13:26:15.980+0000] {processor.py:179} INFO - Processing /opt/airflow/dags/groups/group_transforms.py took 0.172 seconds
[2023-10-02T13:26:46.359+0000] {processor.py:157} INFO - Started process (PID=12858) to work on /opt/airflow/dags/groups/group_transforms.py
[2023-10-02T13:26:46.360+0000] {processor.py:826} INFO - Processing file /opt/airflow/dags/groups/group_transforms.py for tasks to queue
[2023-10-02T13:26:46.361+0000] {logging_mixin.py:150} INFO - [2023-10-02T13:26:46.361+0000] {dagbag.py:541} INFO - Filling up the DagBag from /opt/airflow/dags/groups/group_transforms.py
[2023-10-02T13:26:46.369+0000] {processor.py:838} WARNING - No viable dags retrieved from /opt/airflow/dags/groups/group_transforms.py
[2023-10-02T13:26:46.421+0000] {processor.py:179} INFO - Processing /opt/airflow/dags/groups/group_transforms.py took 0.072 seconds
[2023-10-02T13:27:17.040+0000] {processor.py:157} INFO - Started process (PID=12885) to work on /opt/airflow/dags/groups/group_transforms.py
[2023-10-02T13:27:17.041+0000] {processor.py:826} INFO - Processing file /opt/airflow/dags/groups/group_transforms.py for tasks to queue
[2023-10-02T13:27:17.048+0000] {logging_mixin.py:150} INFO - [2023-10-02T13:27:17.042+0000] {dagbag.py:541} INFO - Filling up the DagBag from /opt/airflow/dags/groups/group_transforms.py
[2023-10-02T13:27:17.051+0000] {processor.py:838} WARNING - No viable dags retrieved from /opt/airflow/dags/groups/group_transforms.py
[2023-10-02T13:27:17.101+0000] {processor.py:179} INFO - Processing /opt/airflow/dags/groups/group_transforms.py took 0.072 seconds
[2023-10-02T13:27:47.782+0000] {processor.py:157} INFO - Started process (PID=12912) to work on /opt/airflow/dags/groups/group_transforms.py
[2023-10-02T13:27:47.789+0000] {processor.py:826} INFO - Processing file /opt/airflow/dags/groups/group_transforms.py for tasks to queue
[2023-10-02T13:27:47.790+0000] {logging_mixin.py:150} INFO - [2023-10-02T13:27:47.790+0000] {dagbag.py:541} INFO - Filling up the DagBag from /opt/airflow/dags/groups/group_transforms.py
[2023-10-02T13:27:47.799+0000] {processor.py:838} WARNING - No viable dags retrieved from /opt/airflow/dags/groups/group_transforms.py
[2023-10-02T13:27:47.840+0000] {processor.py:179} INFO - Processing /opt/airflow/dags/groups/group_transforms.py took 0.069 seconds
[2023-10-02T13:28:18.769+0000] {processor.py:157} INFO - Started process (PID=12939) to work on /opt/airflow/dags/groups/group_transforms.py
[2023-10-02T13:28:18.829+0000] {processor.py:826} INFO - Processing file /opt/airflow/dags/groups/group_transforms.py for tasks to queue
[2023-10-02T13:28:18.831+0000] {logging_mixin.py:150} INFO - [2023-10-02T13:28:18.830+0000] {dagbag.py:541} INFO - Filling up the DagBag from /opt/airflow/dags/groups/group_transforms.py
[2023-10-02T13:28:18.879+0000] {processor.py:838} WARNING - No viable dags retrieved from /opt/airflow/dags/groups/group_transforms.py
[2023-10-02T13:28:19.110+0000] {processor.py:179} INFO - Processing /opt/airflow/dags/groups/group_transforms.py took 0.382 seconds
[2023-10-02T13:28:49.541+0000] {processor.py:157} INFO - Started process (PID=12966) to work on /opt/airflow/dags/groups/group_transforms.py
[2023-10-02T13:28:49.579+0000] {processor.py:826} INFO - Processing file /opt/airflow/dags/groups/group_transforms.py for tasks to queue
[2023-10-02T13:28:49.581+0000] {logging_mixin.py:150} INFO - [2023-10-02T13:28:49.580+0000] {dagbag.py:541} INFO - Filling up the DagBag from /opt/airflow/dags/groups/group_transforms.py
[2023-10-02T13:28:49.612+0000] {processor.py:838} WARNING - No viable dags retrieved from /opt/airflow/dags/groups/group_transforms.py
[2023-10-02T13:28:49.840+0000] {processor.py:179} INFO - Processing /opt/airflow/dags/groups/group_transforms.py took 0.348 seconds
[2023-10-02T13:29:20.261+0000] {processor.py:157} INFO - Started process (PID=12993) to work on /opt/airflow/dags/groups/group_transforms.py
[2023-10-02T13:29:20.291+0000] {processor.py:826} INFO - Processing file /opt/airflow/dags/groups/group_transforms.py for tasks to queue
[2023-10-02T13:29:20.311+0000] {logging_mixin.py:150} INFO - [2023-10-02T13:29:20.310+0000] {dagbag.py:541} INFO - Filling up the DagBag from /opt/airflow/dags/groups/group_transforms.py
[2023-10-02T13:29:20.360+0000] {processor.py:838} WARNING - No viable dags retrieved from /opt/airflow/dags/groups/group_transforms.py
[2023-10-02T13:29:20.639+0000] {processor.py:179} INFO - Processing /opt/airflow/dags/groups/group_transforms.py took 0.428 seconds
[2023-10-02T13:29:51.331+0000] {processor.py:157} INFO - Started process (PID=13020) to work on /opt/airflow/dags/groups/group_transforms.py
[2023-10-02T13:29:51.400+0000] {processor.py:826} INFO - Processing file /opt/airflow/dags/groups/group_transforms.py for tasks to queue
[2023-10-02T13:29:51.431+0000] {logging_mixin.py:150} INFO - [2023-10-02T13:29:51.430+0000] {dagbag.py:541} INFO - Filling up the DagBag from /opt/airflow/dags/groups/group_transforms.py
[2023-10-02T13:29:51.471+0000] {processor.py:838} WARNING - No viable dags retrieved from /opt/airflow/dags/groups/group_transforms.py
[2023-10-02T13:29:51.710+0000] {processor.py:179} INFO - Processing /opt/airflow/dags/groups/group_transforms.py took 0.441 seconds
[2023-10-02T13:30:27.270+0000] {processor.py:157} INFO - Started process (PID=13047) to work on /opt/airflow/dags/groups/group_transforms.py
[2023-10-02T13:30:27.348+0000] {processor.py:826} INFO - Processing file /opt/airflow/dags/groups/group_transforms.py for tasks to queue
[2023-10-02T13:30:27.369+0000] {logging_mixin.py:150} INFO - [2023-10-02T13:30:27.351+0000] {dagbag.py:541} INFO - Filling up the DagBag from /opt/airflow/dags/groups/group_transforms.py
[2023-10-02T13:30:27.400+0000] {processor.py:838} WARNING - No viable dags retrieved from /opt/airflow/dags/groups/group_transforms.py
[2023-10-02T13:30:27.590+0000] {processor.py:179} INFO - Processing /opt/airflow/dags/groups/group_transforms.py took 0.410 seconds
[2023-10-02T13:30:58.581+0000] {processor.py:157} INFO - Started process (PID=13066) to work on /opt/airflow/dags/groups/group_transforms.py
[2023-10-02T13:30:58.601+0000] {processor.py:826} INFO - Processing file /opt/airflow/dags/groups/group_transforms.py for tasks to queue
[2023-10-02T13:30:58.620+0000] {logging_mixin.py:150} INFO - [2023-10-02T13:30:58.620+0000] {dagbag.py:541} INFO - Filling up the DagBag from /opt/airflow/dags/groups/group_transforms.py
[2023-10-02T13:30:58.651+0000] {processor.py:838} WARNING - No viable dags retrieved from /opt/airflow/dags/groups/group_transforms.py
[2023-10-02T13:30:58.919+0000] {processor.py:179} INFO - Processing /opt/airflow/dags/groups/group_transforms.py took 0.371 seconds
[2023-10-02T13:31:31.120+0000] {processor.py:157} INFO - Started process (PID=13092) to work on /opt/airflow/dags/groups/group_transforms.py
[2023-10-02T13:31:31.179+0000] {processor.py:826} INFO - Processing file /opt/airflow/dags/groups/group_transforms.py for tasks to queue
[2023-10-02T13:31:31.210+0000] {logging_mixin.py:150} INFO - [2023-10-02T13:31:31.209+0000] {dagbag.py:541} INFO - Filling up the DagBag from /opt/airflow/dags/groups/group_transforms.py
[2023-10-02T13:31:31.330+0000] {processor.py:838} WARNING - No viable dags retrieved from /opt/airflow/dags/groups/group_transforms.py
[2023-10-02T13:31:31.609+0000] {processor.py:179} INFO - Processing /opt/airflow/dags/groups/group_transforms.py took 0.610 seconds
[2023-10-02T13:32:01.909+0000] {processor.py:157} INFO - Started process (PID=13118) to work on /opt/airflow/dags/groups/group_transforms.py
[2023-10-02T13:32:01.920+0000] {processor.py:826} INFO - Processing file /opt/airflow/dags/groups/group_transforms.py for tasks to queue
[2023-10-02T13:32:01.929+0000] {logging_mixin.py:150} INFO - [2023-10-02T13:32:01.928+0000] {dagbag.py:541} INFO - Filling up the DagBag from /opt/airflow/dags/groups/group_transforms.py
[2023-10-02T13:32:01.940+0000] {processor.py:838} WARNING - No viable dags retrieved from /opt/airflow/dags/groups/group_transforms.py
[2023-10-02T13:32:02.039+0000] {processor.py:179} INFO - Processing /opt/airflow/dags/groups/group_transforms.py took 0.160 seconds
[2023-10-02T13:32:32.590+0000] {processor.py:157} INFO - Started process (PID=13145) to work on /opt/airflow/dags/groups/group_transforms.py
[2023-10-02T13:32:32.600+0000] {processor.py:826} INFO - Processing file /opt/airflow/dags/groups/group_transforms.py for tasks to queue
[2023-10-02T13:32:32.609+0000] {logging_mixin.py:150} INFO - [2023-10-02T13:32:32.609+0000] {dagbag.py:541} INFO - Filling up the DagBag from /opt/airflow/dags/groups/group_transforms.py
[2023-10-02T13:32:32.629+0000] {processor.py:838} WARNING - No viable dags retrieved from /opt/airflow/dags/groups/group_transforms.py
[2023-10-02T13:32:32.768+0000] {processor.py:179} INFO - Processing /opt/airflow/dags/groups/group_transforms.py took 0.208 seconds
[2023-10-02T13:33:07.728+0000] {processor.py:157} INFO - Started process (PID=13173) to work on /opt/airflow/dags/groups/group_transforms.py
[2023-10-02T13:33:07.768+0000] {processor.py:826} INFO - Processing file /opt/airflow/dags/groups/group_transforms.py for tasks to queue
[2023-10-02T13:33:07.810+0000] {logging_mixin.py:150} INFO - [2023-10-02T13:33:07.808+0000] {dagbag.py:541} INFO - Filling up the DagBag from /opt/airflow/dags/groups/group_transforms.py
[2023-10-02T13:33:07.890+0000] {processor.py:838} WARNING - No viable dags retrieved from /opt/airflow/dags/groups/group_transforms.py
[2023-10-02T13:33:08.410+0000] {processor.py:179} INFO - Processing /opt/airflow/dags/groups/group_transforms.py took 0.760 seconds
[2023-10-02T13:33:39.131+0000] {processor.py:157} INFO - Started process (PID=13193) to work on /opt/airflow/dags/groups/group_transforms.py
[2023-10-02T13:33:39.140+0000] {processor.py:826} INFO - Processing file /opt/airflow/dags/groups/group_transforms.py for tasks to queue
[2023-10-02T13:33:39.159+0000] {logging_mixin.py:150} INFO - [2023-10-02T13:33:39.159+0000] {dagbag.py:541} INFO - Filling up the DagBag from /opt/airflow/dags/groups/group_transforms.py
[2023-10-02T13:33:39.180+0000] {processor.py:838} WARNING - No viable dags retrieved from /opt/airflow/dags/groups/group_transforms.py
[2023-10-02T13:33:39.330+0000] {processor.py:179} INFO - Processing /opt/airflow/dags/groups/group_transforms.py took 0.249 seconds
[2023-10-02T13:34:10.218+0000] {processor.py:157} INFO - Started process (PID=13219) to work on /opt/airflow/dags/groups/group_transforms.py
[2023-10-02T13:34:10.220+0000] {processor.py:826} INFO - Processing file /opt/airflow/dags/groups/group_transforms.py for tasks to queue
[2023-10-02T13:34:10.229+0000] {logging_mixin.py:150} INFO - [2023-10-02T13:34:10.229+0000] {dagbag.py:541} INFO - Filling up the DagBag from /opt/airflow/dags/groups/group_transforms.py
[2023-10-02T13:34:10.249+0000] {processor.py:838} WARNING - No viable dags retrieved from /opt/airflow/dags/groups/group_transforms.py
[2023-10-02T13:34:10.410+0000] {processor.py:179} INFO - Processing /opt/airflow/dags/groups/group_transforms.py took 0.231 seconds
[2023-10-02T13:34:40.709+0000] {processor.py:157} INFO - Started process (PID=13247) to work on /opt/airflow/dags/groups/group_transforms.py
[2023-10-02T13:34:40.719+0000] {processor.py:826} INFO - Processing file /opt/airflow/dags/groups/group_transforms.py for tasks to queue
[2023-10-02T13:34:40.720+0000] {logging_mixin.py:150} INFO - [2023-10-02T13:34:40.720+0000] {dagbag.py:541} INFO - Filling up the DagBag from /opt/airflow/dags/groups/group_transforms.py
[2023-10-02T13:34:40.739+0000] {processor.py:838} WARNING - No viable dags retrieved from /opt/airflow/dags/groups/group_transforms.py
[2023-10-02T13:34:40.849+0000] {processor.py:179} INFO - Processing /opt/airflow/dags/groups/group_transforms.py took 0.160 seconds
[2023-10-02T13:35:11.299+0000] {processor.py:157} INFO - Started process (PID=13273) to work on /opt/airflow/dags/groups/group_transforms.py
[2023-10-02T13:35:11.308+0000] {processor.py:826} INFO - Processing file /opt/airflow/dags/groups/group_transforms.py for tasks to queue
[2023-10-02T13:35:11.310+0000] {logging_mixin.py:150} INFO - [2023-10-02T13:35:11.309+0000] {dagbag.py:541} INFO - Filling up the DagBag from /opt/airflow/dags/groups/group_transforms.py
[2023-10-02T13:35:11.339+0000] {processor.py:838} WARNING - No viable dags retrieved from /opt/airflow/dags/groups/group_transforms.py
[2023-10-02T13:35:11.549+0000] {processor.py:179} INFO - Processing /opt/airflow/dags/groups/group_transforms.py took 0.299 seconds
[2023-10-02T13:35:43.480+0000] {processor.py:157} INFO - Started process (PID=13300) to work on /opt/airflow/dags/groups/group_transforms.py
[2023-10-02T13:35:43.520+0000] {processor.py:826} INFO - Processing file /opt/airflow/dags/groups/group_transforms.py for tasks to queue
[2023-10-02T13:35:43.549+0000] {logging_mixin.py:150} INFO - [2023-10-02T13:35:43.530+0000] {dagbag.py:541} INFO - Filling up the DagBag from /opt/airflow/dags/groups/group_transforms.py
[2023-10-02T13:35:43.609+0000] {processor.py:838} WARNING - No viable dags retrieved from /opt/airflow/dags/groups/group_transforms.py
[2023-10-02T13:35:44.149+0000] {processor.py:179} INFO - Processing /opt/airflow/dags/groups/group_transforms.py took 0.749 seconds
[2023-10-02T13:36:14.539+0000] {processor.py:157} INFO - Started process (PID=13318) to work on /opt/airflow/dags/groups/group_transforms.py
[2023-10-02T13:36:14.559+0000] {processor.py:826} INFO - Processing file /opt/airflow/dags/groups/group_transforms.py for tasks to queue
[2023-10-02T13:36:14.569+0000] {logging_mixin.py:150} INFO - [2023-10-02T13:36:14.568+0000] {dagbag.py:541} INFO - Filling up the DagBag from /opt/airflow/dags/groups/group_transforms.py
[2023-10-02T13:36:14.599+0000] {processor.py:838} WARNING - No viable dags retrieved from /opt/airflow/dags/groups/group_transforms.py
[2023-10-02T13:36:14.800+0000] {processor.py:179} INFO - Processing /opt/airflow/dags/groups/group_transforms.py took 0.291 seconds
[2023-10-02T13:36:45.399+0000] {processor.py:157} INFO - Started process (PID=13346) to work on /opt/airflow/dags/groups/group_transforms.py
[2023-10-02T13:36:45.410+0000] {processor.py:826} INFO - Processing file /opt/airflow/dags/groups/group_transforms.py for tasks to queue
[2023-10-02T13:36:45.438+0000] {logging_mixin.py:150} INFO - [2023-10-02T13:36:45.428+0000] {dagbag.py:541} INFO - Filling up the DagBag from /opt/airflow/dags/groups/group_transforms.py
[2023-10-02T13:36:45.450+0000] {processor.py:838} WARNING - No viable dags retrieved from /opt/airflow/dags/groups/group_transforms.py
[2023-10-02T13:36:45.689+0000] {processor.py:179} INFO - Processing /opt/airflow/dags/groups/group_transforms.py took 0.339 seconds
[2023-10-02T13:37:16.269+0000] {processor.py:157} INFO - Started process (PID=13372) to work on /opt/airflow/dags/groups/group_transforms.py
[2023-10-02T13:37:16.279+0000] {processor.py:826} INFO - Processing file /opt/airflow/dags/groups/group_transforms.py for tasks to queue
[2023-10-02T13:37:16.378+0000] {logging_mixin.py:150} INFO - [2023-10-02T13:37:16.349+0000] {dagbag.py:541} INFO - Filling up the DagBag from /opt/airflow/dags/groups/group_transforms.py
[2023-10-02T13:37:16.409+0000] {processor.py:838} WARNING - No viable dags retrieved from /opt/airflow/dags/groups/group_transforms.py
[2023-10-02T13:37:16.619+0000] {processor.py:179} INFO - Processing /opt/airflow/dags/groups/group_transforms.py took 0.460 seconds
[2023-10-02T13:37:47.349+0000] {processor.py:157} INFO - Started process (PID=13399) to work on /opt/airflow/dags/groups/group_transforms.py
[2023-10-02T13:37:47.359+0000] {processor.py:826} INFO - Processing file /opt/airflow/dags/groups/group_transforms.py for tasks to queue
[2023-10-02T13:37:47.390+0000] {logging_mixin.py:150} INFO - [2023-10-02T13:37:47.379+0000] {dagbag.py:541} INFO - Filling up the DagBag from /opt/airflow/dags/groups/group_transforms.py
[2023-10-02T13:37:47.499+0000] {processor.py:838} WARNING - No viable dags retrieved from /opt/airflow/dags/groups/group_transforms.py
[2023-10-02T13:37:47.890+0000] {processor.py:179} INFO - Processing /opt/airflow/dags/groups/group_transforms.py took 0.621 seconds
[2023-10-02T13:38:18.718+0000] {processor.py:157} INFO - Started process (PID=13426) to work on /opt/airflow/dags/groups/group_transforms.py
[2023-10-02T13:38:18.728+0000] {processor.py:826} INFO - Processing file /opt/airflow/dags/groups/group_transforms.py for tasks to queue
[2023-10-02T13:38:18.729+0000] {logging_mixin.py:150} INFO - [2023-10-02T13:38:18.729+0000] {dagbag.py:541} INFO - Filling up the DagBag from /opt/airflow/dags/groups/group_transforms.py
[2023-10-02T13:38:18.749+0000] {processor.py:838} WARNING - No viable dags retrieved from /opt/airflow/dags/groups/group_transforms.py
[2023-10-02T13:38:18.979+0000] {processor.py:179} INFO - Processing /opt/airflow/dags/groups/group_transforms.py took 0.320 seconds
[2023-10-02T13:38:52.919+0000] {processor.py:157} INFO - Started process (PID=13455) to work on /opt/airflow/dags/groups/group_transforms.py
[2023-10-02T13:38:52.929+0000] {processor.py:826} INFO - Processing file /opt/airflow/dags/groups/group_transforms.py for tasks to queue
[2023-10-02T13:38:52.959+0000] {logging_mixin.py:150} INFO - [2023-10-02T13:38:52.948+0000] {dagbag.py:541} INFO - Filling up the DagBag from /opt/airflow/dags/groups/group_transforms.py
[2023-10-02T13:38:52.989+0000] {processor.py:838} WARNING - No viable dags retrieved from /opt/airflow/dags/groups/group_transforms.py
[2023-10-02T13:38:53.228+0000] {processor.py:179} INFO - Processing /opt/airflow/dags/groups/group_transforms.py took 0.381 seconds
[2023-10-02T13:39:24.299+0000] {processor.py:157} INFO - Started process (PID=13473) to work on /opt/airflow/dags/groups/group_transforms.py
[2023-10-02T13:39:24.329+0000] {processor.py:826} INFO - Processing file /opt/airflow/dags/groups/group_transforms.py for tasks to queue
[2023-10-02T13:39:24.369+0000] {logging_mixin.py:150} INFO - [2023-10-02T13:39:24.349+0000] {dagbag.py:541} INFO - Filling up the DagBag from /opt/airflow/dags/groups/group_transforms.py
[2023-10-02T13:39:24.429+0000] {processor.py:838} WARNING - No viable dags retrieved from /opt/airflow/dags/groups/group_transforms.py
[2023-10-02T13:39:24.859+0000] {processor.py:179} INFO - Processing /opt/airflow/dags/groups/group_transforms.py took 0.820 seconds
[2023-10-02T13:40:08.499+0000] {processor.py:157} INFO - Started process (PID=13498) to work on /opt/airflow/dags/groups/group_transforms.py
[2023-10-02T13:40:08.529+0000] {processor.py:826} INFO - Processing file /opt/airflow/dags/groups/group_transforms.py for tasks to queue
[2023-10-02T13:40:08.578+0000] {logging_mixin.py:150} INFO - [2023-10-02T13:40:08.569+0000] {dagbag.py:541} INFO - Filling up the DagBag from /opt/airflow/dags/groups/group_transforms.py
[2023-10-02T13:40:08.738+0000] {processor.py:838} WARNING - No viable dags retrieved from /opt/airflow/dags/groups/group_transforms.py
[2023-10-02T13:40:09.459+0000] {processor.py:179} INFO - Processing /opt/airflow/dags/groups/group_transforms.py took 1.050 seconds
[2023-10-02T13:41:13.169+0000] {processor.py:157} INFO - Started process (PID=13533) to work on /opt/airflow/dags/groups/group_transforms.py
[2023-10-02T13:41:13.618+0000] {processor.py:826} INFO - Processing file /opt/airflow/dags/groups/group_transforms.py for tasks to queue
[2023-10-02T13:41:14.028+0000] {logging_mixin.py:150} INFO - [2023-10-02T13:41:13.948+0000] {dagbag.py:541} INFO - Filling up the DagBag from /opt/airflow/dags/groups/group_transforms.py
[2023-10-02T13:41:14.269+0000] {processor.py:838} WARNING - No viable dags retrieved from /opt/airflow/dags/groups/group_transforms.py
[2023-10-02T13:41:16.428+0000] {processor.py:179} INFO - Processing /opt/airflow/dags/groups/group_transforms.py took 3.720 seconds
